[0.006s] Invoking command in '/home/ht/ht_ws/build/realsense2_camera': AMENT_PREFIX_PATH=/home/ht/ht_ws/install/realsense2_camera_msgs:${AMENT_PREFIX_PATH} CMAKE_PREFIX_PATH=/home/ht/ht_ws/install/realsense2_camera_msgs:/opt/ros/humble LD_LIBRARY_PATH=/home/ht/ht_ws/install/realsense2_camera_msgs/lib:${LD_LIBRARY_PATH} PYTHONPATH=/home/ht/ht_ws/install/realsense2_camera_msgs/local/lib/python3.10/dist-packages:${PYTHONPATH} /usr/bin/cmake /home/ht/ht_ws/src/realsense-ros/realsense2_camera -DAMENT_CMAKE_SYMLINK_INSTALL=1 -DCMAKE_INSTALL_PREFIX=/home/ht/ht_ws/install/realsense2_camera
[0.012s] -- Create Release Build.
[0.013s] -- Found ament_cmake: 1.3.12 (/opt/ros/humble/share/ament_cmake/cmake)
[0.082s] -- Override CMake install command with custom implementation using symlinks instead of copying resources
[0.086s] -- Found builtin_interfaces: 1.2.2 (/opt/ros/humble/share/builtin_interfaces/cmake)
[0.099s] -- Found rosidl_generator_c: 3.1.8 (/opt/ros/humble/share/rosidl_generator_c/cmake)
[0.100s] -- Found rosidl_adapter: 3.1.8 (/opt/ros/humble/share/rosidl_adapter/cmake)
[0.103s] -- Found rosidl_generator_cpp: 3.1.8 (/opt/ros/humble/share/rosidl_generator_cpp/cmake)
[0.108s] -- Using all available rosidl_typesupport_c: rosidl_typesupport_fastrtps_c;rosidl_typesupport_introspection_c
[0.115s] -- Using all available rosidl_typesupport_cpp: rosidl_typesupport_fastrtps_cpp;rosidl_typesupport_introspection_cpp
[0.122s] -- Found cv_bridge: 3.2.1 (/opt/ros/humble/share/cv_bridge/cmake)
[0.153s] -- Found image_transport: 3.1.12 (/opt/ros/humble/share/image_transport/cmake)
[0.169s] -- Found rmw_implementation_cmake: 6.1.2 (/opt/ros/humble/share/rmw_implementation_cmake/cmake)
[0.170s] -- Found rmw_fastrtps_cpp: 6.2.9 (/opt/ros/humble/share/rmw_fastrtps_cpp/cmake)
[0.228s] -- Using RMW implementation 'rmw_fastrtps_cpp' as default
[0.260s] -- Found rclcpp_components: 16.0.17 (/opt/ros/humble/share/rclcpp_components/cmake)
[0.269s] -- Found realsense2_camera_msgs: 4.51.1 (/home/ht/ht_ws/install/realsense2_camera_msgs/share/realsense2_camera_msgs/cmake)
[0.277s] -- Found nav_msgs: 4.9.0 (/opt/ros/humble/share/nav_msgs/cmake)
[0.286s] -- Found tf2_ros: 0.25.18 (/opt/ros/humble/share/tf2_ros/cmake)
[0.319s] -- Found diagnostic_updater: 4.0.6 (/opt/ros/humble/share/diagnostic_updater/cmake)
[0.330s] -- Build for ROS2 Humble
[0.375s] -- Configuring done
[0.389s] -- Generating done
[0.393s] -- Build files have been written to: /home/ht/ht_ws/build/realsense2_camera
[0.398s] Invoked command in '/home/ht/ht_ws/build/realsense2_camera' returned '0': AMENT_PREFIX_PATH=/home/ht/ht_ws/install/realsense2_camera_msgs:${AMENT_PREFIX_PATH} CMAKE_PREFIX_PATH=/home/ht/ht_ws/install/realsense2_camera_msgs:/opt/ros/humble LD_LIBRARY_PATH=/home/ht/ht_ws/install/realsense2_camera_msgs/lib:${LD_LIBRARY_PATH} PYTHONPATH=/home/ht/ht_ws/install/realsense2_camera_msgs/local/lib/python3.10/dist-packages:${PYTHONPATH} /usr/bin/cmake /home/ht/ht_ws/src/realsense-ros/realsense2_camera -DAMENT_CMAKE_SYMLINK_INSTALL=1 -DCMAKE_INSTALL_PREFIX=/home/ht/ht_ws/install/realsense2_camera
[0.399s] Invoking command in '/home/ht/ht_ws/build/realsense2_camera': AMENT_PREFIX_PATH=/home/ht/ht_ws/install/realsense2_camera_msgs:${AMENT_PREFIX_PATH} CMAKE_PREFIX_PATH=/home/ht/ht_ws/install/realsense2_camera_msgs:/opt/ros/humble LD_LIBRARY_PATH=/home/ht/ht_ws/install/realsense2_camera_msgs/lib:${LD_LIBRARY_PATH} PYTHONPATH=/home/ht/ht_ws/install/realsense2_camera_msgs/local/lib/python3.10/dist-packages:${PYTHONPATH} /usr/bin/cmake --build /home/ht/ht_ws/build/realsense2_camera -- -j16 -l16
[0.424s] [35m[1mConsolidate compiler generated dependencies of target realsense2_frame_latency_node[0m
[0.424s] [35m[1mConsolidate compiler generated dependencies of target realsense2_camera_node[0m
[0.434s] [ 10%] Built target realsense2_camera_node
[0.434s] [35m[1mConsolidate compiler generated dependencies of target realsense2_camera[0m
[0.438s] [ 21%] Built target realsense2_frame_latency_node
[0.465s] [100%] Built target realsense2_camera
[0.471s] Invoked command in '/home/ht/ht_ws/build/realsense2_camera' returned '0': AMENT_PREFIX_PATH=/home/ht/ht_ws/install/realsense2_camera_msgs:${AMENT_PREFIX_PATH} CMAKE_PREFIX_PATH=/home/ht/ht_ws/install/realsense2_camera_msgs:/opt/ros/humble LD_LIBRARY_PATH=/home/ht/ht_ws/install/realsense2_camera_msgs/lib:${LD_LIBRARY_PATH} PYTHONPATH=/home/ht/ht_ws/install/realsense2_camera_msgs/local/lib/python3.10/dist-packages:${PYTHONPATH} /usr/bin/cmake --build /home/ht/ht_ws/build/realsense2_camera -- -j16 -l16
[0.472s] Invoking command in '/home/ht/ht_ws/build/realsense2_camera': AMENT_PREFIX_PATH=/home/ht/ht_ws/install/realsense2_camera_msgs:${AMENT_PREFIX_PATH} CMAKE_PREFIX_PATH=/home/ht/ht_ws/install/realsense2_camera_msgs:/opt/ros/humble LD_LIBRARY_PATH=/home/ht/ht_ws/install/realsense2_camera_msgs/lib:${LD_LIBRARY_PATH} PYTHONPATH=/home/ht/ht_ws/install/realsense2_camera_msgs/local/lib/python3.10/dist-packages:${PYTHONPATH} /usr/bin/cmake --install /home/ht/ht_ws/build/realsense2_camera
[0.478s] -- Install configuration: "Release"
[0.478s] -- Execute custom install script
[0.478s] -- Up-to-date symlink: /home/ht/ht_ws/install/realsense2_camera/lib/realsense2_camera/realsense2_camera_node
[0.478s] -- Up-to-date symlink: /home/ht/ht_ws/install/realsense2_camera/lib/realsense2_camera/realsense2_frame_latency_node
[0.478s] -- Up-to-date symlink: /home/ht/ht_ws/install/realsense2_camera/lib/librealsense2_camera.so
[0.478s] -- Up-to-date symlink: /home/ht/ht_ws/install/realsense2_camera/include/base_realsense_node.h
[0.479s] -- Up-to-date symlink: /home/ht/ht_ws/install/realsense2_camera/include/constants.h
[0.479s] -- Up-to-date symlink: /home/ht/ht_ws/install/realsense2_camera/include/dynamic_params.h
[0.479s] -- Up-to-date symlink: /home/ht/ht_ws/install/realsense2_camera/include/image_publisher.h
[0.479s] -- Up-to-date symlink: /home/ht/ht_ws/install/realsense2_camera/include/named_filter.h
[0.479s] -- Up-to-date symlink: /home/ht/ht_ws/install/realsense2_camera/include/profile_manager.h
[0.479s] -- Up-to-date symlink: /home/ht/ht_ws/install/realsense2_camera/include/realsense_node_factory.h
[0.479s] -- Up-to-date symlink: /home/ht/ht_ws/install/realsense2_camera/include/ros_param_backend.h
[0.479s] -- Up-to-date symlink: /home/ht/ht_ws/install/realsense2_camera/include/ros_sensor.h
[0.479s] -- Up-to-date symlink: /home/ht/ht_ws/install/realsense2_camera/include/ros_utils.h
[0.479s] -- Up-to-date symlink: /home/ht/ht_ws/install/realsense2_camera/include/sensor_params.h
[0.480s] -- Up-to-date symlink: /home/ht/ht_ws/install/realsense2_camera/include/t265_realsense_node.h
[0.480s] -- Up-to-date symlink: /home/ht/ht_ws/install/realsense2_camera/share/realsense2_camera/launch/default.rviz
[0.480s] -- Up-to-date symlink: /home/ht/ht_ws/install/realsense2_camera/share/realsense2_camera/launch/rs_d400_and_t265_launch.py
[0.480s] -- Up-to-date symlink: /home/ht/ht_ws/install/realsense2_camera/share/realsense2_camera/launch/rs_intra_process_demo_launch.py
[0.480s] -- Up-to-date symlink: /home/ht/ht_ws/install/realsense2_camera/share/realsense2_camera/launch/rs_launch.py
[0.480s] -- Up-to-date symlink: /home/ht/ht_ws/install/realsense2_camera/share/realsense2_camera/launch/rs_multi_camera_launch.py
[0.480s] -- Up-to-date symlink: /home/ht/ht_ws/install/realsense2_camera/share/realsense2_camera/environment/library_path.sh
[0.480s] -- Up-to-date symlink: /home/ht/ht_ws/install/realsense2_camera/share/realsense2_camera/environment/library_path.dsv
[0.480s] -- Up-to-date symlink: /home/ht/ht_ws/install/realsense2_camera/share/ament_index/resource_index/package_run_dependencies/realsense2_camera
[0.480s] -- Up-to-date symlink: /home/ht/ht_ws/install/realsense2_camera/share/ament_index/resource_index/parent_prefix_path/realsense2_camera
[0.480s] -- Up-to-date symlink: /home/ht/ht_ws/install/realsense2_camera/share/realsense2_camera/environment/ament_prefix_path.sh
[0.480s] -- Up-to-date symlink: /home/ht/ht_ws/install/realsense2_camera/share/realsense2_camera/environment/ament_prefix_path.dsv
[0.480s] -- Up-to-date symlink: /home/ht/ht_ws/install/realsense2_camera/share/realsense2_camera/environment/path.sh
[0.481s] -- Up-to-date symlink: /home/ht/ht_ws/install/realsense2_camera/share/realsense2_camera/environment/path.dsv
[0.481s] -- Up-to-date symlink: /home/ht/ht_ws/install/realsense2_camera/share/realsense2_camera/local_setup.bash
[0.481s] -- Up-to-date symlink: /home/ht/ht_ws/install/realsense2_camera/share/realsense2_camera/local_setup.sh
[0.481s] -- Up-to-date symlink: /home/ht/ht_ws/install/realsense2_camera/share/realsense2_camera/local_setup.zsh
[0.481s] -- Up-to-date symlink: /home/ht/ht_ws/install/realsense2_camera/share/realsense2_camera/local_setup.dsv
[0.481s] -- Symlinking: /home/ht/ht_ws/install/realsense2_camera/share/realsense2_camera/package.dsv
[0.485s] -- Up-to-date symlink: /home/ht/ht_ws/install/realsense2_camera/share/ament_index/resource_index/packages/realsense2_camera
[0.485s] -- Up-to-date symlink: /home/ht/ht_ws/install/realsense2_camera/share/ament_index/resource_index/rclcpp_components/realsense2_camera
[0.485s] -- Up-to-date symlink: /home/ht/ht_ws/install/realsense2_camera/share/realsense2_camera/cmake/ament_cmake_export_include_directories-extras.cmake
[0.485s] -- Up-to-date symlink: /home/ht/ht_ws/install/realsense2_camera/share/realsense2_camera/cmake/ament_cmake_export_libraries-extras.cmake
[0.485s] -- Up-to-date symlink: /home/ht/ht_ws/install/realsense2_camera/share/realsense2_camera/cmake/ament_cmake_export_dependencies-extras.cmake
[0.485s] -- Up-to-date symlink: /home/ht/ht_ws/install/realsense2_camera/share/realsense2_camera/cmake/realsense2_cameraConfig.cmake
[0.485s] -- Up-to-date symlink: /home/ht/ht_ws/install/realsense2_camera/share/realsense2_camera/cmake/realsense2_cameraConfig-version.cmake
[0.485s] -- Up-to-date symlink: /home/ht/ht_ws/install/realsense2_camera/share/realsense2_camera/package.xml
[0.487s] Invoked command in '/home/ht/ht_ws/build/realsense2_camera' returned '0': AMENT_PREFIX_PATH=/home/ht/ht_ws/install/realsense2_camera_msgs:${AMENT_PREFIX_PATH} CMAKE_PREFIX_PATH=/home/ht/ht_ws/install/realsense2_camera_msgs:/opt/ros/humble LD_LIBRARY_PATH=/home/ht/ht_ws/install/realsense2_camera_msgs/lib:${LD_LIBRARY_PATH} PYTHONPATH=/home/ht/ht_ws/install/realsense2_camera_msgs/local/lib/python3.10/dist-packages:${PYTHONPATH} /usr/bin/cmake --install /home/ht/ht_ws/build/realsense2_camera
