[0.051s] Invoking command in '/home/bxi_nx/ht_ws/build/realsense2_camera_msgs': CMAKE_PREFIX_PATH=/home/bxi_nx/ht_ws/install/vikit_ros:/opt/ros/humble:/home/bxi_nx/ht_ws/install/vikit_common:/home/bxi_nx/ht_ws/install/realsense2_description:/home/bxi_nx/ht_ws/install/realsense2_camera:/home/bxi_nx/ht_ws/install/realsense2_camera_msgs:/home/bxi_nx/ht_ws/install/octomap_server2:/home/bxi_nx/ht_ws/install/fast_livo:/home/bxi_nx/ws_livox/install/localizer:/home/bxi_nx/ws_livox/install/fastlio2:/home/bxi_nx/ws_livox/install/livox_ros_driver2:/home/bxi_nx/ws_livox/install/interface:/home/bxi_nx/ws_livox/install/communication /usr/bin/cmake --build /home/bxi_nx/ht_ws/build/realsense2_camera_msgs -- -j8 -l8
[0.222s] [  1%] Built target realsense2_camera_msgs__cpp
[0.230s] [  1%] Built target ament_cmake_python_symlink_realsense2_camera_msgs
[0.248s] [ 12%] Built target realsense2_camera_msgs__rosidl_generator_c
[0.363s] [ 23%] Built target realsense2_camera_msgs__rosidl_typesupport_fastrtps_cpp
[0.377s] [ 36%] Built target realsense2_camera_msgs__rosidl_typesupport_cpp
[0.377s] [ 45%] Built target realsense2_camera_msgs__rosidl_typesupport_c
[0.383s] [ 56%] Built target realsense2_camera_msgs__rosidl_typesupport_introspection_cpp
[0.415s] [ 67%] Built target realsense2_camera_msgs__rosidl_typesupport_fastrtps_c
[0.416s] [ 78%] Built target realsense2_camera_msgs__rosidl_typesupport_introspection_c
[0.479s] [ 78%] Built target realsense2_camera_msgs
[0.531s] [ 80%] Built target realsense2_camera_msgs__py
[0.598s] [ 89%] Built target realsense2_camera_msgs__rosidl_generator_py
[0.655s] [ 92%] Built target realsense2_camera_msgs__rosidl_typesupport_c__pyext
[0.667s] [ 96%] Built target realsense2_camera_msgs__rosidl_typesupport_fastrtps_c__pyext
[0.673s] [100%] Built target realsense2_camera_msgs__rosidl_typesupport_introspection_c__pyext
[0.812s] running egg_info
[0.816s] writing realsense2_camera_msgs.egg-info/PKG-INFO
[0.816s] writing dependency_links to realsense2_camera_msgs.egg-info/dependency_links.txt
[0.818s] writing top-level names to realsense2_camera_msgs.egg-info/top_level.txt
[0.823s] reading manifest file 'realsense2_camera_msgs.egg-info/SOURCES.txt'
[0.826s] writing manifest file 'realsense2_camera_msgs.egg-info/SOURCES.txt'
[0.912s] [100%] Built target ament_cmake_python_build_realsense2_camera_msgs_egg
[0.952s] Invoked command in '/home/bxi_nx/ht_ws/build/realsense2_camera_msgs' returned '0': CMAKE_PREFIX_PATH=/home/bxi_nx/ht_ws/install/vikit_ros:/opt/ros/humble:/home/bxi_nx/ht_ws/install/vikit_common:/home/bxi_nx/ht_ws/install/realsense2_description:/home/bxi_nx/ht_ws/install/realsense2_camera:/home/bxi_nx/ht_ws/install/realsense2_camera_msgs:/home/bxi_nx/ht_ws/install/octomap_server2:/home/bxi_nx/ht_ws/install/fast_livo:/home/bxi_nx/ws_livox/install/localizer:/home/bxi_nx/ws_livox/install/fastlio2:/home/bxi_nx/ws_livox/install/livox_ros_driver2:/home/bxi_nx/ws_livox/install/interface:/home/bxi_nx/ws_livox/install/communication /usr/bin/cmake --build /home/bxi_nx/ht_ws/build/realsense2_camera_msgs -- -j8 -l8
[0.956s] Invoking command in '/home/bxi_nx/ht_ws/build/realsense2_camera_msgs': CMAKE_PREFIX_PATH=/home/bxi_nx/ht_ws/install/vikit_ros:/opt/ros/humble:/home/bxi_nx/ht_ws/install/vikit_common:/home/bxi_nx/ht_ws/install/realsense2_description:/home/bxi_nx/ht_ws/install/realsense2_camera:/home/bxi_nx/ht_ws/install/realsense2_camera_msgs:/home/bxi_nx/ht_ws/install/octomap_server2:/home/bxi_nx/ht_ws/install/fast_livo:/home/bxi_nx/ws_livox/install/localizer:/home/bxi_nx/ws_livox/install/fastlio2:/home/bxi_nx/ws_livox/install/livox_ros_driver2:/home/bxi_nx/ws_livox/install/interface:/home/bxi_nx/ws_livox/install/communication /usr/bin/cmake --install /home/bxi_nx/ht_ws/build/realsense2_camera_msgs
[0.973s] -- Install configuration: ""
[0.973s] -- Execute custom install script
[0.974s] -- Up-to-date symlink: /home/bxi_nx/ht_ws/install/realsense2_camera_msgs/share/ament_index/resource_index/rosidl_interfaces/realsense2_camera_msgs
[0.975s] -- Up-to-date symlink: /home/bxi_nx/ht_ws/install/realsense2_camera_msgs/include/realsense2_camera_msgs/realsense2_camera_msgs/msg/detail/extrinsics__functions.h
[0.975s] -- Up-to-date symlink: /home/bxi_nx/ht_ws/install/realsense2_camera_msgs/include/realsense2_camera_msgs/realsense2_camera_msgs/msg/detail/extrinsics__struct.h
[0.975s] -- Up-to-date symlink: /home/bxi_nx/ht_ws/install/realsense2_camera_msgs/include/realsense2_camera_msgs/realsense2_camera_msgs/msg/detail/extrinsics__type_support.h
[0.975s] -- Up-to-date symlink: /home/bxi_nx/ht_ws/install/realsense2_camera_msgs/include/realsense2_camera_msgs/realsense2_camera_msgs/msg/detail/imu_info__functions.h
[0.976s] -- Up-to-date symlink: /home/bxi_nx/ht_ws/install/realsense2_camera_msgs/include/realsense2_camera_msgs/realsense2_camera_msgs/msg/detail/imu_info__struct.h
[0.976s] -- Up-to-date symlink: /home/bxi_nx/ht_ws/install/realsense2_camera_msgs/include/realsense2_camera_msgs/realsense2_camera_msgs/msg/detail/imu_info__type_support.h
[0.976s] -- Up-to-date symlink: /home/bxi_nx/ht_ws/install/realsense2_camera_msgs/include/realsense2_camera_msgs/realsense2_camera_msgs/msg/detail/metadata__functions.h
[0.976s] -- Up-to-date symlink: /home/bxi_nx/ht_ws/install/realsense2_camera_msgs/include/realsense2_camera_msgs/realsense2_camera_msgs/msg/detail/metadata__struct.h
[0.976s] -- Up-to-date symlink: /home/bxi_nx/ht_ws/install/realsense2_camera_msgs/include/realsense2_camera_msgs/realsense2_camera_msgs/msg/detail/metadata__type_support.h
[0.976s] -- Up-to-date symlink: /home/bxi_nx/ht_ws/install/realsense2_camera_msgs/include/realsense2_camera_msgs/realsense2_camera_msgs/msg/extrinsics.h
[0.977s] -- Up-to-date symlink: /home/bxi_nx/ht_ws/install/realsense2_camera_msgs/include/realsense2_camera_msgs/realsense2_camera_msgs/msg/imu_info.h
[0.977s] -- Up-to-date symlink: /home/bxi_nx/ht_ws/install/realsense2_camera_msgs/include/realsense2_camera_msgs/realsense2_camera_msgs/msg/metadata.h
[0.977s] -- Up-to-date symlink: /home/bxi_nx/ht_ws/install/realsense2_camera_msgs/include/realsense2_camera_msgs/realsense2_camera_msgs/msg/rosidl_generator_c__visibility_control.h
[0.977s] -- Up-to-date symlink: /home/bxi_nx/ht_ws/install/realsense2_camera_msgs/include/realsense2_camera_msgs/realsense2_camera_msgs/srv/detail/device_info__functions.h
[0.977s] -- Up-to-date symlink: /home/bxi_nx/ht_ws/install/realsense2_camera_msgs/include/realsense2_camera_msgs/realsense2_camera_msgs/srv/detail/device_info__struct.h
[0.978s] -- Up-to-date symlink: /home/bxi_nx/ht_ws/install/realsense2_camera_msgs/include/realsense2_camera_msgs/realsense2_camera_msgs/srv/detail/device_info__type_support.h
[0.978s] -- Up-to-date symlink: /home/bxi_nx/ht_ws/install/realsense2_camera_msgs/include/realsense2_camera_msgs/realsense2_camera_msgs/srv/device_info.h
[0.978s] -- Up-to-date symlink: /home/bxi_nx/ht_ws/install/realsense2_camera_msgs/share/realsense2_camera_msgs/environment/library_path.sh
[0.978s] -- Up-to-date symlink: /home/bxi_nx/ht_ws/install/realsense2_camera_msgs/share/realsense2_camera_msgs/environment/library_path.dsv
[0.979s] -- Up-to-date symlink: /home/bxi_nx/ht_ws/install/realsense2_camera_msgs/include/realsense2_camera_msgs/realsense2_camera_msgs/msg/detail/extrinsics__rosidl_typesupport_fastrtps_c.h
[0.979s] -- Up-to-date symlink: /home/bxi_nx/ht_ws/install/realsense2_camera_msgs/include/realsense2_camera_msgs/realsense2_camera_msgs/msg/detail/imu_info__rosidl_typesupport_fastrtps_c.h
[0.980s] -- Up-to-date symlink: /home/bxi_nx/ht_ws/install/realsense2_camera_msgs/include/realsense2_camera_msgs/realsense2_camera_msgs/msg/detail/metadata__rosidl_typesupport_fastrtps_c.h
[0.980s] -- Up-to-date symlink: /home/bxi_nx/ht_ws/install/realsense2_camera_msgs/include/realsense2_camera_msgs/realsense2_camera_msgs/msg/rosidl_typesupport_fastrtps_c__visibility_control.h
[0.983s] -- Up-to-date symlink: /home/bxi_nx/ht_ws/install/realsense2_camera_msgs/include/realsense2_camera_msgs/realsense2_camera_msgs/srv/detail/device_info__rosidl_typesupport_fastrtps_c.h
[0.983s] -- Up-to-date symlink: /home/bxi_nx/ht_ws/install/realsense2_camera_msgs/include/realsense2_camera_msgs/realsense2_camera_msgs/msg/detail/extrinsics__rosidl_typesupport_introspection_c.h
[0.983s] -- Up-to-date symlink: /home/bxi_nx/ht_ws/install/realsense2_camera_msgs/include/realsense2_camera_msgs/realsense2_camera_msgs/msg/detail/imu_info__rosidl_typesupport_introspection_c.h
[0.984s] -- Up-to-date symlink: /home/bxi_nx/ht_ws/install/realsense2_camera_msgs/include/realsense2_camera_msgs/realsense2_camera_msgs/msg/detail/metadata__rosidl_typesupport_introspection_c.h
[0.984s] -- Up-to-date symlink: /home/bxi_nx/ht_ws/install/realsense2_camera_msgs/include/realsense2_camera_msgs/realsense2_camera_msgs/msg/rosidl_typesupport_introspection_c__visibility_control.h
[0.984s] -- Up-to-date symlink: /home/bxi_nx/ht_ws/install/realsense2_camera_msgs/include/realsense2_camera_msgs/realsense2_camera_msgs/srv/detail/device_info__rosidl_typesupport_introspection_c.h
[0.985s] -- Up-to-date symlink: /home/bxi_nx/ht_ws/install/realsense2_camera_msgs/include/realsense2_camera_msgs/realsense2_camera_msgs/msg/detail/extrinsics__builder.hpp
[0.985s] -- Up-to-date symlink: /home/bxi_nx/ht_ws/install/realsense2_camera_msgs/include/realsense2_camera_msgs/realsense2_camera_msgs/msg/detail/extrinsics__struct.hpp
[0.986s] -- Up-to-date symlink: /home/bxi_nx/ht_ws/install/realsense2_camera_msgs/include/realsense2_camera_msgs/realsense2_camera_msgs/msg/detail/extrinsics__traits.hpp
[0.986s] -- Up-to-date symlink: /home/bxi_nx/ht_ws/install/realsense2_camera_msgs/include/realsense2_camera_msgs/realsense2_camera_msgs/msg/detail/extrinsics__type_support.hpp
[0.986s] -- Up-to-date symlink: /home/bxi_nx/ht_ws/install/realsense2_camera_msgs/include/realsense2_camera_msgs/realsense2_camera_msgs/msg/detail/imu_info__builder.hpp
[0.986s] -- Up-to-date symlink: /home/bxi_nx/ht_ws/install/realsense2_camera_msgs/include/realsense2_camera_msgs/realsense2_camera_msgs/msg/detail/imu_info__struct.hpp
[0.987s] -- Up-to-date symlink: /home/bxi_nx/ht_ws/install/realsense2_camera_msgs/include/realsense2_camera_msgs/realsense2_camera_msgs/msg/detail/imu_info__traits.hpp
[0.987s] -- Up-to-date symlink: /home/bxi_nx/ht_ws/install/realsense2_camera_msgs/include/realsense2_camera_msgs/realsense2_camera_msgs/msg/detail/imu_info__type_support.hpp
[0.987s] -- Up-to-date symlink: /home/bxi_nx/ht_ws/install/realsense2_camera_msgs/include/realsense2_camera_msgs/realsense2_camera_msgs/msg/detail/metadata__builder.hpp
[0.988s] -- Up-to-date symlink: /home/bxi_nx/ht_ws/install/realsense2_camera_msgs/include/realsense2_camera_msgs/realsense2_camera_msgs/msg/detail/metadata__struct.hpp
[0.988s] -- Up-to-date symlink: /home/bxi_nx/ht_ws/install/realsense2_camera_msgs/include/realsense2_camera_msgs/realsense2_camera_msgs/msg/detail/metadata__traits.hpp
[0.988s] -- Up-to-date symlink: /home/bxi_nx/ht_ws/install/realsense2_camera_msgs/include/realsense2_camera_msgs/realsense2_camera_msgs/msg/detail/metadata__type_support.hpp
[0.988s] -- Up-to-date symlink: /home/bxi_nx/ht_ws/install/realsense2_camera_msgs/include/realsense2_camera_msgs/realsense2_camera_msgs/msg/extrinsics.hpp
[0.988s] -- Up-to-date symlink: /home/bxi_nx/ht_ws/install/realsense2_camera_msgs/include/realsense2_camera_msgs/realsense2_camera_msgs/msg/imu_info.hpp
[0.989s] -- Up-to-date symlink: /home/bxi_nx/ht_ws/install/realsense2_camera_msgs/include/realsense2_camera_msgs/realsense2_camera_msgs/msg/metadata.hpp
[0.989s] -- Up-to-date symlink: /home/bxi_nx/ht_ws/install/realsense2_camera_msgs/include/realsense2_camera_msgs/realsense2_camera_msgs/msg/rosidl_generator_cpp__visibility_control.hpp
[0.989s] -- Up-to-date symlink: /home/bxi_nx/ht_ws/install/realsense2_camera_msgs/include/realsense2_camera_msgs/realsense2_camera_msgs/srv/detail/device_info__builder.hpp
[0.989s] -- Up-to-date symlink: /home/bxi_nx/ht_ws/install/realsense2_camera_msgs/include/realsense2_camera_msgs/realsense2_camera_msgs/srv/detail/device_info__struct.hpp
[0.989s] -- Up-to-date symlink: /home/bxi_nx/ht_ws/install/realsense2_camera_msgs/include/realsense2_camera_msgs/realsense2_camera_msgs/srv/detail/device_info__traits.hpp
[0.989s] -- Up-to-date symlink: /home/bxi_nx/ht_ws/install/realsense2_camera_msgs/include/realsense2_camera_msgs/realsense2_camera_msgs/srv/detail/device_info__type_support.hpp
[0.990s] -- Up-to-date symlink: /home/bxi_nx/ht_ws/install/realsense2_camera_msgs/include/realsense2_camera_msgs/realsense2_camera_msgs/srv/device_info.hpp
[0.991s] -- Up-to-date symlink: /home/bxi_nx/ht_ws/install/realsense2_camera_msgs/include/realsense2_camera_msgs/realsense2_camera_msgs/msg/detail/extrinsics__rosidl_typesupport_fastrtps_cpp.hpp
[0.991s] -- Up-to-date symlink: /home/bxi_nx/ht_ws/install/realsense2_camera_msgs/include/realsense2_camera_msgs/realsense2_camera_msgs/msg/detail/imu_info__rosidl_typesupport_fastrtps_cpp.hpp
[0.991s] -- Up-to-date symlink: /home/bxi_nx/ht_ws/install/realsense2_camera_msgs/include/realsense2_camera_msgs/realsense2_camera_msgs/msg/detail/metadata__rosidl_typesupport_fastrtps_cpp.hpp
[0.991s] -- Up-to-date symlink: /home/bxi_nx/ht_ws/install/realsense2_camera_msgs/include/realsense2_camera_msgs/realsense2_camera_msgs/msg/rosidl_typesupport_fastrtps_cpp__visibility_control.h
[0.991s] -- Up-to-date symlink: /home/bxi_nx/ht_ws/install/realsense2_camera_msgs/include/realsense2_camera_msgs/realsense2_camera_msgs/srv/detail/device_info__rosidl_typesupport_fastrtps_cpp.hpp
[0.992s] -- Up-to-date symlink: /home/bxi_nx/ht_ws/install/realsense2_camera_msgs/include/realsense2_camera_msgs/realsense2_camera_msgs/msg/detail/extrinsics__rosidl_typesupport_introspection_cpp.hpp
[0.992s] -- Up-to-date symlink: /home/bxi_nx/ht_ws/install/realsense2_camera_msgs/include/realsense2_camera_msgs/realsense2_camera_msgs/msg/detail/imu_info__rosidl_typesupport_introspection_cpp.hpp
[0.992s] -- Up-to-date symlink: /home/bxi_nx/ht_ws/install/realsense2_camera_msgs/include/realsense2_camera_msgs/realsense2_camera_msgs/msg/detail/metadata__rosidl_typesupport_introspection_cpp.hpp
[0.992s] -- Up-to-date symlink: /home/bxi_nx/ht_ws/install/realsense2_camera_msgs/include/realsense2_camera_msgs/realsense2_camera_msgs/srv/detail/device_info__rosidl_typesupport_introspection_cpp.hpp
[0.993s] -- Up-to-date symlink: /home/bxi_nx/ht_ws/install/realsense2_camera_msgs/share/realsense2_camera_msgs/environment/pythonpath.sh
[0.993s] -- Up-to-date symlink: /home/bxi_nx/ht_ws/install/realsense2_camera_msgs/share/realsense2_camera_msgs/environment/pythonpath.dsv
[0.993s] -- Up-to-date symlink: /home/bxi_nx/ht_ws/install/realsense2_camera_msgs/local/lib/python3.10/dist-packages/realsense2_camera_msgs-4.51.1-py3.10.egg-info/PKG-INFO
[0.994s] -- Up-to-date symlink: /home/bxi_nx/ht_ws/install/realsense2_camera_msgs/local/lib/python3.10/dist-packages/realsense2_camera_msgs-4.51.1-py3.10.egg-info/SOURCES.txt
[0.994s] -- Up-to-date symlink: /home/bxi_nx/ht_ws/install/realsense2_camera_msgs/local/lib/python3.10/dist-packages/realsense2_camera_msgs-4.51.1-py3.10.egg-info/dependency_links.txt
[0.994s] -- Up-to-date symlink: /home/bxi_nx/ht_ws/install/realsense2_camera_msgs/local/lib/python3.10/dist-packages/realsense2_camera_msgs-4.51.1-py3.10.egg-info/top_level.txt
[0.995s] -- Up-to-date symlink: /home/bxi_nx/ht_ws/install/realsense2_camera_msgs/local/lib/python3.10/dist-packages/realsense2_camera_msgs/__init__.py
[0.995s] -- Up-to-date symlink: /home/bxi_nx/ht_ws/install/realsense2_camera_msgs/local/lib/python3.10/dist-packages/realsense2_camera_msgs/_realsense2_camera_msgs_s.ep.rosidl_typesupport_c.c
[0.996s] -- Up-to-date symlink: /home/bxi_nx/ht_ws/install/realsense2_camera_msgs/local/lib/python3.10/dist-packages/realsense2_camera_msgs/_realsense2_camera_msgs_s.ep.rosidl_typesupport_fastrtps_c.c
[0.996s] -- Up-to-date symlink: /home/bxi_nx/ht_ws/install/realsense2_camera_msgs/local/lib/python3.10/dist-packages/realsense2_camera_msgs/_realsense2_camera_msgs_s.ep.rosidl_typesupport_introspection_c.c
[0.996s] -- Up-to-date symlink: /home/bxi_nx/ht_ws/install/realsense2_camera_msgs/local/lib/python3.10/dist-packages/realsense2_camera_msgs/librealsense2_camera_msgs__rosidl_generator_py.so
[0.996s] -- Up-to-date symlink: /home/bxi_nx/ht_ws/install/realsense2_camera_msgs/local/lib/python3.10/dist-packages/realsense2_camera_msgs/msg/__init__.py
[0.996s] -- Up-to-date symlink: /home/bxi_nx/ht_ws/install/realsense2_camera_msgs/local/lib/python3.10/dist-packages/realsense2_camera_msgs/msg/_extrinsics.py
[0.996s] -- Up-to-date symlink: /home/bxi_nx/ht_ws/install/realsense2_camera_msgs/local/lib/python3.10/dist-packages/realsense2_camera_msgs/msg/_extrinsics_s.c
[0.997s] -- Up-to-date symlink: /home/bxi_nx/ht_ws/install/realsense2_camera_msgs/local/lib/python3.10/dist-packages/realsense2_camera_msgs/msg/_imu_info.py
[0.997s] -- Up-to-date symlink: /home/bxi_nx/ht_ws/install/realsense2_camera_msgs/local/lib/python3.10/dist-packages/realsense2_camera_msgs/msg/_imu_info_s.c
[0.997s] -- Up-to-date symlink: /home/bxi_nx/ht_ws/install/realsense2_camera_msgs/local/lib/python3.10/dist-packages/realsense2_camera_msgs/msg/_metadata.py
[0.997s] -- Up-to-date symlink: /home/bxi_nx/ht_ws/install/realsense2_camera_msgs/local/lib/python3.10/dist-packages/realsense2_camera_msgs/msg/_metadata_s.c
[0.997s] -- Up-to-date symlink: /home/bxi_nx/ht_ws/install/realsense2_camera_msgs/local/lib/python3.10/dist-packages/realsense2_camera_msgs/realsense2_camera_msgs_s__rosidl_typesupport_c.cpython-310-aarch64-linux-gnu.so
[0.997s] -- Up-to-date symlink: /home/bxi_nx/ht_ws/install/realsense2_camera_msgs/local/lib/python3.10/dist-packages/realsense2_camera_msgs/realsense2_camera_msgs_s__rosidl_typesupport_fastrtps_c.cpython-310-aarch64-linux-gnu.so
[0.997s] -- Up-to-date symlink: /home/bxi_nx/ht_ws/install/realsense2_camera_msgs/local/lib/python3.10/dist-packages/realsense2_camera_msgs/realsense2_camera_msgs_s__rosidl_typesupport_introspection_c.cpython-310-aarch64-linux-gnu.so
[0.998s] -- Up-to-date symlink: /home/bxi_nx/ht_ws/install/realsense2_camera_msgs/local/lib/python3.10/dist-packages/realsense2_camera_msgs/srv/__init__.py
[0.998s] -- Up-to-date symlink: /home/bxi_nx/ht_ws/install/realsense2_camera_msgs/local/lib/python3.10/dist-packages/realsense2_camera_msgs/srv/_device_info.py
[0.998s] -- Up-to-date symlink: /home/bxi_nx/ht_ws/install/realsense2_camera_msgs/local/lib/python3.10/dist-packages/realsense2_camera_msgs/srv/_device_info_s.c
[0.998s] -- Up-to-date symlink: /home/bxi_nx/ht_ws/install/realsense2_camera_msgs/local/lib/python3.10/dist-packages/realsense2_camera_msgs/realsense2_camera_msgs_s__rosidl_typesupport_fastrtps_c.cpython-310-aarch64-linux-gnu.so
[0.999s] -- Up-to-date symlink: /home/bxi_nx/ht_ws/install/realsense2_camera_msgs/local/lib/python3.10/dist-packages/realsense2_camera_msgs/realsense2_camera_msgs_s__rosidl_typesupport_introspection_c.cpython-310-aarch64-linux-gnu.so
[0.999s] -- Up-to-date symlink: /home/bxi_nx/ht_ws/install/realsense2_camera_msgs/local/lib/python3.10/dist-packages/realsense2_camera_msgs/realsense2_camera_msgs_s__rosidl_typesupport_c.cpython-310-aarch64-linux-gnu.so
[1.000s] -- Up-to-date symlink: /home/bxi_nx/ht_ws/install/realsense2_camera_msgs/share/realsense2_camera_msgs/msg/IMUInfo.idl
[1.000s] -- Up-to-date symlink: /home/bxi_nx/ht_ws/install/realsense2_camera_msgs/share/realsense2_camera_msgs/msg/Extrinsics.idl
[1.000s] -- Up-to-date symlink: /home/bxi_nx/ht_ws/install/realsense2_camera_msgs/share/realsense2_camera_msgs/msg/Metadata.idl
[1.001s] -- Up-to-date symlink: /home/bxi_nx/ht_ws/install/realsense2_camera_msgs/share/realsense2_camera_msgs/srv/DeviceInfo.idl
[1.001s] -- Up-to-date symlink: /home/bxi_nx/ht_ws/install/realsense2_camera_msgs/share/realsense2_camera_msgs/msg/IMUInfo.msg
[1.001s] -- Up-to-date symlink: /home/bxi_nx/ht_ws/install/realsense2_camera_msgs/share/realsense2_camera_msgs/msg/Extrinsics.msg
[1.001s] -- Up-to-date symlink: /home/bxi_nx/ht_ws/install/realsense2_camera_msgs/share/realsense2_camera_msgs/msg/Metadata.msg
[1.001s] -- Up-to-date symlink: /home/bxi_nx/ht_ws/install/realsense2_camera_msgs/share/realsense2_camera_msgs/srv/DeviceInfo.srv
[1.001s] -- Up-to-date symlink: /home/bxi_nx/ht_ws/install/realsense2_camera_msgs/share/realsense2_camera_msgs/srv/DeviceInfo_Request.msg
[1.002s] -- Up-to-date symlink: /home/bxi_nx/ht_ws/install/realsense2_camera_msgs/share/realsense2_camera_msgs/srv/DeviceInfo_Response.msg
[1.002s] -- Up-to-date symlink: /home/bxi_nx/ht_ws/install/realsense2_camera_msgs/share/ament_index/resource_index/package_run_dependencies/realsense2_camera_msgs
[1.002s] -- Up-to-date symlink: /home/bxi_nx/ht_ws/install/realsense2_camera_msgs/share/ament_index/resource_index/parent_prefix_path/realsense2_camera_msgs
[1.002s] -- Up-to-date symlink: /home/bxi_nx/ht_ws/install/realsense2_camera_msgs/share/realsense2_camera_msgs/environment/ament_prefix_path.sh
[1.002s] -- Up-to-date symlink: /home/bxi_nx/ht_ws/install/realsense2_camera_msgs/share/realsense2_camera_msgs/environment/ament_prefix_path.dsv
[1.003s] -- Up-to-date symlink: /home/bxi_nx/ht_ws/install/realsense2_camera_msgs/share/realsense2_camera_msgs/environment/path.sh
[1.003s] -- Up-to-date symlink: /home/bxi_nx/ht_ws/install/realsense2_camera_msgs/share/realsense2_camera_msgs/environment/path.dsv
[1.003s] -- Up-to-date symlink: /home/bxi_nx/ht_ws/install/realsense2_camera_msgs/share/realsense2_camera_msgs/local_setup.bash
[1.003s] -- Up-to-date symlink: /home/bxi_nx/ht_ws/install/realsense2_camera_msgs/share/realsense2_camera_msgs/local_setup.sh
[1.003s] -- Up-to-date symlink: /home/bxi_nx/ht_ws/install/realsense2_camera_msgs/share/realsense2_camera_msgs/local_setup.zsh
[1.004s] -- Up-to-date symlink: /home/bxi_nx/ht_ws/install/realsense2_camera_msgs/share/realsense2_camera_msgs/local_setup.dsv
[1.004s] -- Symlinking: /home/bxi_nx/ht_ws/install/realsense2_camera_msgs/share/realsense2_camera_msgs/package.dsv
[1.022s] -- Up-to-date symlink: /home/bxi_nx/ht_ws/install/realsense2_camera_msgs/share/ament_index/resource_index/packages/realsense2_camera_msgs
[1.022s] -- Up-to-date symlink: /home/bxi_nx/ht_ws/install/realsense2_camera_msgs/share/realsense2_camera_msgs/cmake/rosidl_cmake-extras.cmake
[1.023s] -- Up-to-date symlink: /home/bxi_nx/ht_ws/install/realsense2_camera_msgs/share/realsense2_camera_msgs/cmake/ament_cmake_export_dependencies-extras.cmake
[1.023s] -- Up-to-date symlink: /home/bxi_nx/ht_ws/install/realsense2_camera_msgs/share/realsense2_camera_msgs/cmake/ament_cmake_export_include_directories-extras.cmake
[1.023s] -- Up-to-date symlink: /home/bxi_nx/ht_ws/install/realsense2_camera_msgs/share/realsense2_camera_msgs/cmake/ament_cmake_export_libraries-extras.cmake
[1.023s] -- Up-to-date symlink: /home/bxi_nx/ht_ws/install/realsense2_camera_msgs/share/realsense2_camera_msgs/cmake/ament_cmake_export_targets-extras.cmake
[1.023s] -- Up-to-date symlink: /home/bxi_nx/ht_ws/install/realsense2_camera_msgs/share/realsense2_camera_msgs/cmake/rosidl_cmake_export_typesupport_targets-extras.cmake
[1.023s] -- Up-to-date symlink: /home/bxi_nx/ht_ws/install/realsense2_camera_msgs/share/realsense2_camera_msgs/cmake/rosidl_cmake_export_typesupport_libraries-extras.cmake
[1.024s] -- Up-to-date symlink: /home/bxi_nx/ht_ws/install/realsense2_camera_msgs/share/realsense2_camera_msgs/cmake/realsense2_camera_msgsConfig.cmake
[1.024s] -- Up-to-date symlink: /home/bxi_nx/ht_ws/install/realsense2_camera_msgs/share/realsense2_camera_msgs/cmake/realsense2_camera_msgsConfig-version.cmake
[1.024s] -- Up-to-date symlink: /home/bxi_nx/ht_ws/install/realsense2_camera_msgs/share/realsense2_camera_msgs/package.xml
[1.025s] -- Up-to-date: /home/bxi_nx/ht_ws/install/realsense2_camera_msgs/lib/librealsense2_camera_msgs__rosidl_generator_c.so
[1.026s] -- Up-to-date: /home/bxi_nx/ht_ws/install/realsense2_camera_msgs/lib/librealsense2_camera_msgs__rosidl_typesupport_fastrtps_c.so
[1.027s] -- Up-to-date: /home/bxi_nx/ht_ws/install/realsense2_camera_msgs/lib/librealsense2_camera_msgs__rosidl_typesupport_introspection_c.so
[1.027s] -- Up-to-date: /home/bxi_nx/ht_ws/install/realsense2_camera_msgs/lib/librealsense2_camera_msgs__rosidl_typesupport_c.so
[1.028s] -- Up-to-date: /home/bxi_nx/ht_ws/install/realsense2_camera_msgs/lib/librealsense2_camera_msgs__rosidl_typesupport_fastrtps_cpp.so
[1.029s] -- Up-to-date: /home/bxi_nx/ht_ws/install/realsense2_camera_msgs/lib/librealsense2_camera_msgs__rosidl_typesupport_introspection_cpp.so
[1.029s] -- Up-to-date: /home/bxi_nx/ht_ws/install/realsense2_camera_msgs/lib/librealsense2_camera_msgs__rosidl_typesupport_cpp.so
[1.103s] Listing '/home/bxi_nx/ht_ws/install/realsense2_camera_msgs/local/lib/python3.10/dist-packages/realsense2_camera_msgs'...
[1.103s] Listing '/home/bxi_nx/ht_ws/install/realsense2_camera_msgs/local/lib/python3.10/dist-packages/realsense2_camera_msgs/msg'...
[1.103s] Listing '/home/bxi_nx/ht_ws/install/realsense2_camera_msgs/local/lib/python3.10/dist-packages/realsense2_camera_msgs/srv'...
[1.120s] -- Up-to-date: /home/bxi_nx/ht_ws/install/realsense2_camera_msgs/lib/librealsense2_camera_msgs__rosidl_generator_py.so
[1.122s] -- Up-to-date: /home/bxi_nx/ht_ws/install/realsense2_camera_msgs/share/realsense2_camera_msgs/cmake/export_realsense2_camera_msgs__rosidl_generator_cExport.cmake
[1.122s] -- Up-to-date: /home/bxi_nx/ht_ws/install/realsense2_camera_msgs/share/realsense2_camera_msgs/cmake/export_realsense2_camera_msgs__rosidl_generator_cExport-noconfig.cmake
[1.123s] -- Up-to-date: /home/bxi_nx/ht_ws/install/realsense2_camera_msgs/share/realsense2_camera_msgs/cmake/export_realsense2_camera_msgs__rosidl_typesupport_fastrtps_cExport.cmake
[1.123s] -- Up-to-date: /home/bxi_nx/ht_ws/install/realsense2_camera_msgs/share/realsense2_camera_msgs/cmake/export_realsense2_camera_msgs__rosidl_typesupport_fastrtps_cExport-noconfig.cmake
[1.124s] -- Up-to-date: /home/bxi_nx/ht_ws/install/realsense2_camera_msgs/share/realsense2_camera_msgs/cmake/realsense2_camera_msgs__rosidl_typesupport_introspection_cExport.cmake
[1.124s] -- Up-to-date: /home/bxi_nx/ht_ws/install/realsense2_camera_msgs/share/realsense2_camera_msgs/cmake/realsense2_camera_msgs__rosidl_typesupport_introspection_cExport-noconfig.cmake
[1.125s] -- Up-to-date: /home/bxi_nx/ht_ws/install/realsense2_camera_msgs/share/realsense2_camera_msgs/cmake/realsense2_camera_msgs__rosidl_typesupport_cExport.cmake
[1.125s] -- Up-to-date: /home/bxi_nx/ht_ws/install/realsense2_camera_msgs/share/realsense2_camera_msgs/cmake/realsense2_camera_msgs__rosidl_typesupport_cExport-noconfig.cmake
[1.125s] -- Up-to-date: /home/bxi_nx/ht_ws/install/realsense2_camera_msgs/share/realsense2_camera_msgs/cmake/export_realsense2_camera_msgs__rosidl_generator_cppExport.cmake
[1.125s] -- Up-to-date: /home/bxi_nx/ht_ws/install/realsense2_camera_msgs/share/realsense2_camera_msgs/cmake/export_realsense2_camera_msgs__rosidl_typesupport_fastrtps_cppExport.cmake
[1.126s] -- Up-to-date: /home/bxi_nx/ht_ws/install/realsense2_camera_msgs/share/realsense2_camera_msgs/cmake/export_realsense2_camera_msgs__rosidl_typesupport_fastrtps_cppExport-noconfig.cmake
[1.126s] -- Up-to-date: /home/bxi_nx/ht_ws/install/realsense2_camera_msgs/share/realsense2_camera_msgs/cmake/realsense2_camera_msgs__rosidl_typesupport_introspection_cppExport.cmake
[1.126s] -- Up-to-date: /home/bxi_nx/ht_ws/install/realsense2_camera_msgs/share/realsense2_camera_msgs/cmake/realsense2_camera_msgs__rosidl_typesupport_introspection_cppExport-noconfig.cmake
[1.127s] -- Up-to-date: /home/bxi_nx/ht_ws/install/realsense2_camera_msgs/share/realsense2_camera_msgs/cmake/realsense2_camera_msgs__rosidl_typesupport_cppExport.cmake
[1.127s] -- Up-to-date: /home/bxi_nx/ht_ws/install/realsense2_camera_msgs/share/realsense2_camera_msgs/cmake/realsense2_camera_msgs__rosidl_typesupport_cppExport-noconfig.cmake
[1.127s] -- Up-to-date: /home/bxi_nx/ht_ws/install/realsense2_camera_msgs/share/realsense2_camera_msgs/cmake/export_realsense2_camera_msgs__rosidl_generator_pyExport.cmake
[1.128s] -- Up-to-date: /home/bxi_nx/ht_ws/install/realsense2_camera_msgs/share/realsense2_camera_msgs/cmake/export_realsense2_camera_msgs__rosidl_generator_pyExport-noconfig.cmake
[1.134s] Invoked command in '/home/bxi_nx/ht_ws/build/realsense2_camera_msgs' returned '0': CMAKE_PREFIX_PATH=/home/bxi_nx/ht_ws/install/vikit_ros:/opt/ros/humble:/home/bxi_nx/ht_ws/install/vikit_common:/home/bxi_nx/ht_ws/install/realsense2_description:/home/bxi_nx/ht_ws/install/realsense2_camera:/home/bxi_nx/ht_ws/install/realsense2_camera_msgs:/home/bxi_nx/ht_ws/install/octomap_server2:/home/bxi_nx/ht_ws/install/fast_livo:/home/bxi_nx/ws_livox/install/localizer:/home/bxi_nx/ws_livox/install/fastlio2:/home/bxi_nx/ws_livox/install/livox_ros_driver2:/home/bxi_nx/ws_livox/install/interface:/home/bxi_nx/ws_livox/install/communication /usr/bin/cmake --install /home/bxi_nx/ht_ws/build/realsense2_camera_msgs
