[0.011s] Invoking command in '/home/ht/autonomous_exploration_development_environment/build/velodyne_simulator': AMENT_PREFIX_PATH=/home/ht/autonomous_exploration_development_environment/install/velodyne_gazebo_plugins:/home/ht/autonomous_exploration_development_environment/install/velodyne_description:${AMENT_PREFIX_PATH} CMAKE_PREFIX_PATH=/home/ht/autonomous_exploration_development_environment/install/velodyne_gazebo_plugins:/home/ht/autonomous_exploration_development_environment/install/velodyne_description:/opt/ros/humble LD_LIBRARY_PATH=/home/ht/autonomous_exploration_development_environment/install/velodyne_gazebo_plugins/lib:${LD_LIBRARY_PATH} /usr/bin/cmake /home/ht/autonomous_exploration_development_environment/src/velodyne_simulator/velodyne_simulator -DCMAKE_BUILD_TYPE=Release -DAMENT_CMAKE_SYMLINK_INSTALL=1 -DCMAKE_INSTALL_PREFIX=/home/ht/autonomous_exploration_development_environment/install/velodyne_simulator
[0.049s] -- The C compiler identification is GNU 11.4.0
[0.093s] -- The CXX compiler identification is GNU 11.4.0
[0.098s] -- Detecting C compiler ABI info
[0.148s] -- Detecting C compiler ABI info - done
[0.153s] -- Check for working C compiler: /usr/bin/cc - skipped
[0.153s] -- Detecting C compile features
[0.153s] -- Detecting C compile features - done
[0.156s] -- Detecting CXX compiler ABI info
[0.221s] -- Detecting CXX compiler ABI info - done
[0.229s] -- Check for working CXX compiler: /usr/bin/c++ - skipped
[0.229s] -- Detecting CXX compile features
[0.230s] -- Detecting CXX compile features - done
[0.233s] -- Found ament_cmake: 1.3.12 (/opt/ros/humble/share/ament_cmake/cmake)
[0.415s] -- Found Python3: /usr/bin/python3 (found version "3.10.12") found components: Interpreter 
[0.498s] -- Override CMake install command with custom implementation using symlinks instead of copying resources
[0.630s] -- Configuring done
[0.633s] -- Generating done
[0.636s] -- Build files have been written to: /home/ht/autonomous_exploration_development_environment/build/velodyne_simulator
[0.641s] Invoked command in '/home/ht/autonomous_exploration_development_environment/build/velodyne_simulator' returned '0': AMENT_PREFIX_PATH=/home/ht/autonomous_exploration_development_environment/install/velodyne_gazebo_plugins:/home/ht/autonomous_exploration_development_environment/install/velodyne_description:${AMENT_PREFIX_PATH} CMAKE_PREFIX_PATH=/home/ht/autonomous_exploration_development_environment/install/velodyne_gazebo_plugins:/home/ht/autonomous_exploration_development_environment/install/velodyne_description:/opt/ros/humble LD_LIBRARY_PATH=/home/ht/autonomous_exploration_development_environment/install/velodyne_gazebo_plugins/lib:${LD_LIBRARY_PATH} /usr/bin/cmake /home/ht/autonomous_exploration_development_environment/src/velodyne_simulator/velodyne_simulator -DCMAKE_BUILD_TYPE=Release -DAMENT_CMAKE_SYMLINK_INSTALL=1 -DCMAKE_INSTALL_PREFIX=/home/ht/autonomous_exploration_development_environment/install/velodyne_simulator
[0.643s] Invoking command in '/home/ht/autonomous_exploration_development_environment/build/velodyne_simulator': AMENT_PREFIX_PATH=/home/ht/autonomous_exploration_development_environment/install/velodyne_gazebo_plugins:/home/ht/autonomous_exploration_development_environment/install/velodyne_description:${AMENT_PREFIX_PATH} CMAKE_PREFIX_PATH=/home/ht/autonomous_exploration_development_environment/install/velodyne_gazebo_plugins:/home/ht/autonomous_exploration_development_environment/install/velodyne_description:/opt/ros/humble LD_LIBRARY_PATH=/home/ht/autonomous_exploration_development_environment/install/velodyne_gazebo_plugins/lib:${LD_LIBRARY_PATH} /usr/bin/cmake --build /home/ht/autonomous_exploration_development_environment/build/velodyne_simulator -- -j16 -l16
[0.690s] Invoked command in '/home/ht/autonomous_exploration_development_environment/build/velodyne_simulator' returned '0': AMENT_PREFIX_PATH=/home/ht/autonomous_exploration_development_environment/install/velodyne_gazebo_plugins:/home/ht/autonomous_exploration_development_environment/install/velodyne_description:${AMENT_PREFIX_PATH} CMAKE_PREFIX_PATH=/home/ht/autonomous_exploration_development_environment/install/velodyne_gazebo_plugins:/home/ht/autonomous_exploration_development_environment/install/velodyne_description:/opt/ros/humble LD_LIBRARY_PATH=/home/ht/autonomous_exploration_development_environment/install/velodyne_gazebo_plugins/lib:${LD_LIBRARY_PATH} /usr/bin/cmake --build /home/ht/autonomous_exploration_development_environment/build/velodyne_simulator -- -j16 -l16
[0.694s] Invoking command in '/home/ht/autonomous_exploration_development_environment/build/velodyne_simulator': AMENT_PREFIX_PATH=/home/ht/autonomous_exploration_development_environment/install/velodyne_gazebo_plugins:/home/ht/autonomous_exploration_development_environment/install/velodyne_description:${AMENT_PREFIX_PATH} CMAKE_PREFIX_PATH=/home/ht/autonomous_exploration_development_environment/install/velodyne_gazebo_plugins:/home/ht/autonomous_exploration_development_environment/install/velodyne_description:/opt/ros/humble LD_LIBRARY_PATH=/home/ht/autonomous_exploration_development_environment/install/velodyne_gazebo_plugins/lib:${LD_LIBRARY_PATH} /usr/bin/cmake --install /home/ht/autonomous_exploration_development_environment/build/velodyne_simulator
[0.701s] -- Install configuration: "Release"
[0.701s] -- Execute custom install script
[0.701s] -- Symlinking: /home/ht/autonomous_exploration_development_environment/install/velodyne_simulator/share/ament_index/resource_index/package_run_dependencies/velodyne_simulator
[0.714s] -- Symlinking: /home/ht/autonomous_exploration_development_environment/install/velodyne_simulator/share/ament_index/resource_index/parent_prefix_path/velodyne_simulator
[0.725s] -- Symlinking: /home/ht/autonomous_exploration_development_environment/install/velodyne_simulator/share/velodyne_simulator/environment/ament_prefix_path.sh
[0.735s] -- Symlinking: /home/ht/autonomous_exploration_development_environment/install/velodyne_simulator/share/velodyne_simulator/environment/ament_prefix_path.dsv
[0.745s] -- Symlinking: /home/ht/autonomous_exploration_development_environment/install/velodyne_simulator/share/velodyne_simulator/environment/path.sh
[0.752s] -- Symlinking: /home/ht/autonomous_exploration_development_environment/install/velodyne_simulator/share/velodyne_simulator/environment/path.dsv
[0.762s] -- Symlinking: /home/ht/autonomous_exploration_development_environment/install/velodyne_simulator/share/velodyne_simulator/local_setup.bash
[0.771s] -- Symlinking: /home/ht/autonomous_exploration_development_environment/install/velodyne_simulator/share/velodyne_simulator/local_setup.sh
[0.784s] -- Symlinking: /home/ht/autonomous_exploration_development_environment/install/velodyne_simulator/share/velodyne_simulator/local_setup.zsh
[0.796s] -- Symlinking: /home/ht/autonomous_exploration_development_environment/install/velodyne_simulator/share/velodyne_simulator/local_setup.dsv
[0.804s] -- Symlinking: /home/ht/autonomous_exploration_development_environment/install/velodyne_simulator/share/velodyne_simulator/package.dsv
[0.815s] -- Symlinking: /home/ht/autonomous_exploration_development_environment/install/velodyne_simulator/share/ament_index/resource_index/packages/velodyne_simulator
[0.825s] -- Symlinking: /home/ht/autonomous_exploration_development_environment/install/velodyne_simulator/share/velodyne_simulator/cmake/velodyne_simulatorConfig.cmake
[0.836s] -- Symlinking: /home/ht/autonomous_exploration_development_environment/install/velodyne_simulator/share/velodyne_simulator/cmake/velodyne_simulatorConfig-version.cmake
[0.846s] -- Symlinking: /home/ht/autonomous_exploration_development_environment/install/velodyne_simulator/share/velodyne_simulator/package.xml
[0.856s] Invoked command in '/home/ht/autonomous_exploration_development_environment/build/velodyne_simulator' returned '0': AMENT_PREFIX_PATH=/home/ht/autonomous_exploration_development_environment/install/velodyne_gazebo_plugins:/home/ht/autonomous_exploration_development_environment/install/velodyne_description:${AMENT_PREFIX_PATH} CMAKE_PREFIX_PATH=/home/ht/autonomous_exploration_development_environment/install/velodyne_gazebo_plugins:/home/ht/autonomous_exploration_development_environment/install/velodyne_description:/opt/ros/humble LD_LIBRARY_PATH=/home/ht/autonomous_exploration_development_environment/install/velodyne_gazebo_plugins/lib:${LD_LIBRARY_PATH} /usr/bin/cmake --install /home/ht/autonomous_exploration_development_environment/build/velodyne_simulator
