[0.021s] Invoking command in '/home/bxi_nx/ht_ws/build/realsense2_camera': AMENT_PREFIX_PATH=/home/bxi_nx/ht_ws/install/realsense2_camera_msgs:${AMENT_PREFIX_PATH} CMAKE_PREFIX_PATH=/home/bxi_nx/ht_ws/install/realsense2_camera_msgs:/home/bxi_nx/ws_livox/install/localizer:/home/bxi_nx/ws_livox/install/fastlio2:/home/bxi_nx/ws_livox/install/livox_ros_driver2:/home/bxi_nx/ws_livox/install/interface:/home/bxi_nx/ws_livox/install/communication:/opt/ros/humble LD_LIBRARY_PATH=/home/bxi_nx/ht_ws/install/realsense2_camera_msgs/lib:/home/bxi_nx/gtsam/build/gtsam/libgtsam.so.4:/usr/local/cuda-12.6/lib64:/home/bxi_nx/ws_livox/install/livox_ros_driver2/lib:/home/bxi_nx/ws_livox/install/interface/lib:/home/bxi_nx/ws_livox/install/communication/lib:/home/bxi_nx/gtsam/build/gtsam/libgtsam.so.4:/opt/ros/humble/opt/rviz_ogre_vendor/lib:/opt/ros/humble/lib/aarch64-linux-gnu:/opt/ros/humble/lib:/usr/local/cuda-12.6/lib64 PYTHONPATH=/home/bxi_nx/ht_ws/install/realsense2_camera_msgs/local/lib/python3.10/dist-packages:${PYTHONPATH} /usr/bin/cmake /home/bxi_nx/ht_ws/src/realsense-ros/realsense2_camera -DAMENT_CMAKE_SYMLINK_INSTALL=1 -DCMAKE_INSTALL_PREFIX=/home/bxi_nx/ht_ws/install/realsense2_camera
[0.042s] -- Create Release Build.
[0.042s] -- Found ament_cmake: 1.3.12 (/opt/ros/humble/share/ament_cmake/cmake)
[0.296s] -- Override CMake install command with custom implementation using symlinks instead of copying resources
[0.320s] -- Found builtin_interfaces: 1.2.2 (/opt/ros/humble/share/builtin_interfaces/cmake)
[0.373s] -- Found rosidl_generator_c: 3.1.7 (/opt/ros/humble/share/rosidl_generator_c/cmake)
[0.377s] -- Found rosidl_adapter: 3.1.7 (/opt/ros/humble/share/rosidl_adapter/cmake)
[0.388s] -- Found rosidl_generator_cpp: 3.1.7 (/opt/ros/humble/share/rosidl_generator_cpp/cmake)
[0.405s] -- Using all available rosidl_typesupport_c: rosidl_typesupport_fastrtps_c;rosidl_typesupport_introspection_c
[0.429s] -- Using all available rosidl_typesupport_cpp: rosidl_typesupport_fastrtps_cpp;rosidl_typesupport_introspection_cpp
[0.449s] -- Found cv_bridge: 3.2.1 (/opt/ros/humble/share/cv_bridge/cmake)
[0.529s] -- Found image_transport: 3.1.12 (/opt/ros/humble/share/image_transport/cmake)
[0.578s] -- Found rmw_implementation_cmake: 6.1.2 (/opt/ros/humble/share/rmw_implementation_cmake/cmake)
[0.581s] -- Found rmw_fastrtps_cpp: 6.2.9 (/opt/ros/humble/share/rmw_fastrtps_cpp/cmake)
[0.749s] -- Using RMW implementation 'rmw_fastrtps_cpp' as default
[0.842s] -- Found rclcpp_components: 16.0.15 (/opt/ros/humble/share/rclcpp_components/cmake)
[0.871s] -- Found realsense2_camera_msgs: 4.51.1 (/home/bxi_nx/ht_ws/install/realsense2_camera_msgs/share/realsense2_camera_msgs/cmake)
[0.894s] -- Found nav_msgs: 4.9.0 (/opt/ros/humble/share/nav_msgs/cmake)
[0.921s] -- Found tf2_ros: 0.25.16 (/opt/ros/humble/share/tf2_ros/cmake)
[1.017s] -- Found diagnostic_updater: 4.0.6 (/opt/ros/humble/share/diagnostic_updater/cmake)
[1.045s] -- Build for ROS2 Humble
[1.186s] -- Configuring done
[1.233s] -- Generating done
[1.246s] -- Build files have been written to: /home/bxi_nx/ht_ws/build/realsense2_camera
[1.273s] Invoked command in '/home/bxi_nx/ht_ws/build/realsense2_camera' returned '0': AMENT_PREFIX_PATH=/home/bxi_nx/ht_ws/install/realsense2_camera_msgs:${AMENT_PREFIX_PATH} CMAKE_PREFIX_PATH=/home/bxi_nx/ht_ws/install/realsense2_camera_msgs:/home/bxi_nx/ws_livox/install/localizer:/home/bxi_nx/ws_livox/install/fastlio2:/home/bxi_nx/ws_livox/install/livox_ros_driver2:/home/bxi_nx/ws_livox/install/interface:/home/bxi_nx/ws_livox/install/communication:/opt/ros/humble LD_LIBRARY_PATH=/home/bxi_nx/ht_ws/install/realsense2_camera_msgs/lib:/home/bxi_nx/gtsam/build/gtsam/libgtsam.so.4:/usr/local/cuda-12.6/lib64:/home/bxi_nx/ws_livox/install/livox_ros_driver2/lib:/home/bxi_nx/ws_livox/install/interface/lib:/home/bxi_nx/ws_livox/install/communication/lib:/home/bxi_nx/gtsam/build/gtsam/libgtsam.so.4:/opt/ros/humble/opt/rviz_ogre_vendor/lib:/opt/ros/humble/lib/aarch64-linux-gnu:/opt/ros/humble/lib:/usr/local/cuda-12.6/lib64 PYTHONPATH=/home/bxi_nx/ht_ws/install/realsense2_camera_msgs/local/lib/python3.10/dist-packages:${PYTHONPATH} /usr/bin/cmake /home/bxi_nx/ht_ws/src/realsense-ros/realsense2_camera -DAMENT_CMAKE_SYMLINK_INSTALL=1 -DCMAKE_INSTALL_PREFIX=/home/bxi_nx/ht_ws/install/realsense2_camera
[1.276s] Invoking command in '/home/bxi_nx/ht_ws/build/realsense2_camera': AMENT_PREFIX_PATH=/home/bxi_nx/ht_ws/install/realsense2_camera_msgs:${AMENT_PREFIX_PATH} CMAKE_PREFIX_PATH=/home/bxi_nx/ht_ws/install/realsense2_camera_msgs:/home/bxi_nx/ws_livox/install/localizer:/home/bxi_nx/ws_livox/install/fastlio2:/home/bxi_nx/ws_livox/install/livox_ros_driver2:/home/bxi_nx/ws_livox/install/interface:/home/bxi_nx/ws_livox/install/communication:/opt/ros/humble LD_LIBRARY_PATH=/home/bxi_nx/ht_ws/install/realsense2_camera_msgs/lib:/home/bxi_nx/gtsam/build/gtsam/libgtsam.so.4:/usr/local/cuda-12.6/lib64:/home/bxi_nx/ws_livox/install/livox_ros_driver2/lib:/home/bxi_nx/ws_livox/install/interface/lib:/home/bxi_nx/ws_livox/install/communication/lib:/home/bxi_nx/gtsam/build/gtsam/libgtsam.so.4:/opt/ros/humble/opt/rviz_ogre_vendor/lib:/opt/ros/humble/lib/aarch64-linux-gnu:/opt/ros/humble/lib:/usr/local/cuda-12.6/lib64 PYTHONPATH=/home/bxi_nx/ht_ws/install/realsense2_camera_msgs/local/lib/python3.10/dist-packages:${PYTHONPATH} /usr/bin/cmake --build /home/bxi_nx/ht_ws/build/realsense2_camera -- -j8 -l8
[1.359s] [35m[1mConsolidate compiler generated dependencies of target realsense2_frame_latency_node[0m
[1.359s] [35m[1mConsolidate compiler generated dependencies of target realsense2_camera_node[0m
[1.376s] [35m[1mConsolidate compiler generated dependencies of target realsense2_camera[0m
[1.394s] [ 21%] Built target realsense2_camera_node
[1.394s] [ 21%] Built target realsense2_frame_latency_node
[1.474s] [100%] Built target realsense2_camera
[1.494s] Invoked command in '/home/bxi_nx/ht_ws/build/realsense2_camera' returned '0': AMENT_PREFIX_PATH=/home/bxi_nx/ht_ws/install/realsense2_camera_msgs:${AMENT_PREFIX_PATH} CMAKE_PREFIX_PATH=/home/bxi_nx/ht_ws/install/realsense2_camera_msgs:/home/bxi_nx/ws_livox/install/localizer:/home/bxi_nx/ws_livox/install/fastlio2:/home/bxi_nx/ws_livox/install/livox_ros_driver2:/home/bxi_nx/ws_livox/install/interface:/home/bxi_nx/ws_livox/install/communication:/opt/ros/humble LD_LIBRARY_PATH=/home/bxi_nx/ht_ws/install/realsense2_camera_msgs/lib:/home/bxi_nx/gtsam/build/gtsam/libgtsam.so.4:/usr/local/cuda-12.6/lib64:/home/bxi_nx/ws_livox/install/livox_ros_driver2/lib:/home/bxi_nx/ws_livox/install/interface/lib:/home/bxi_nx/ws_livox/install/communication/lib:/home/bxi_nx/gtsam/build/gtsam/libgtsam.so.4:/opt/ros/humble/opt/rviz_ogre_vendor/lib:/opt/ros/humble/lib/aarch64-linux-gnu:/opt/ros/humble/lib:/usr/local/cuda-12.6/lib64 PYTHONPATH=/home/bxi_nx/ht_ws/install/realsense2_camera_msgs/local/lib/python3.10/dist-packages:${PYTHONPATH} /usr/bin/cmake --build /home/bxi_nx/ht_ws/build/realsense2_camera -- -j8 -l8
[1.497s] Invoking command in '/home/bxi_nx/ht_ws/build/realsense2_camera': AMENT_PREFIX_PATH=/home/bxi_nx/ht_ws/install/realsense2_camera_msgs:${AMENT_PREFIX_PATH} CMAKE_PREFIX_PATH=/home/bxi_nx/ht_ws/install/realsense2_camera_msgs:/home/bxi_nx/ws_livox/install/localizer:/home/bxi_nx/ws_livox/install/fastlio2:/home/bxi_nx/ws_livox/install/livox_ros_driver2:/home/bxi_nx/ws_livox/install/interface:/home/bxi_nx/ws_livox/install/communication:/opt/ros/humble LD_LIBRARY_PATH=/home/bxi_nx/ht_ws/install/realsense2_camera_msgs/lib:/home/bxi_nx/gtsam/build/gtsam/libgtsam.so.4:/usr/local/cuda-12.6/lib64:/home/bxi_nx/ws_livox/install/livox_ros_driver2/lib:/home/bxi_nx/ws_livox/install/interface/lib:/home/bxi_nx/ws_livox/install/communication/lib:/home/bxi_nx/gtsam/build/gtsam/libgtsam.so.4:/opt/ros/humble/opt/rviz_ogre_vendor/lib:/opt/ros/humble/lib/aarch64-linux-gnu:/opt/ros/humble/lib:/usr/local/cuda-12.6/lib64 PYTHONPATH=/home/bxi_nx/ht_ws/install/realsense2_camera_msgs/local/lib/python3.10/dist-packages:${PYTHONPATH} /usr/bin/cmake --install /home/bxi_nx/ht_ws/build/realsense2_camera
[1.510s] -- Install configuration: "Release"
[1.510s] -- Execute custom install script
[1.511s] -- Up-to-date symlink: /home/bxi_nx/ht_ws/install/realsense2_camera/lib/realsense2_camera/realsense2_camera_node
[1.511s] -- Up-to-date symlink: /home/bxi_nx/ht_ws/install/realsense2_camera/lib/realsense2_camera/realsense2_frame_latency_node
[1.511s] -- Up-to-date symlink: /home/bxi_nx/ht_ws/install/realsense2_camera/lib/librealsense2_camera.so
[1.512s] -- Up-to-date symlink: /home/bxi_nx/ht_ws/install/realsense2_camera/include/base_realsense_node.h
[1.512s] -- Up-to-date symlink: /home/bxi_nx/ht_ws/install/realsense2_camera/include/constants.h
[1.512s] -- Up-to-date symlink: /home/bxi_nx/ht_ws/install/realsense2_camera/include/dynamic_params.h
[1.512s] -- Up-to-date symlink: /home/bxi_nx/ht_ws/install/realsense2_camera/include/image_publisher.h
[1.512s] -- Up-to-date symlink: /home/bxi_nx/ht_ws/install/realsense2_camera/include/named_filter.h
[1.513s] -- Up-to-date symlink: /home/bxi_nx/ht_ws/install/realsense2_camera/include/profile_manager.h
[1.513s] -- Up-to-date symlink: /home/bxi_nx/ht_ws/install/realsense2_camera/include/realsense_node_factory.h
[1.513s] -- Up-to-date symlink: /home/bxi_nx/ht_ws/install/realsense2_camera/include/ros_param_backend.h
[1.513s] -- Up-to-date symlink: /home/bxi_nx/ht_ws/install/realsense2_camera/include/ros_sensor.h
[1.513s] -- Up-to-date symlink: /home/bxi_nx/ht_ws/install/realsense2_camera/include/ros_utils.h
[1.513s] -- Up-to-date symlink: /home/bxi_nx/ht_ws/install/realsense2_camera/include/sensor_params.h
[1.513s] -- Up-to-date symlink: /home/bxi_nx/ht_ws/install/realsense2_camera/include/t265_realsense_node.h
[1.514s] -- Up-to-date symlink: /home/bxi_nx/ht_ws/install/realsense2_camera/share/realsense2_camera/launch/default.rviz
[1.514s] -- Up-to-date symlink: /home/bxi_nx/ht_ws/install/realsense2_camera/share/realsense2_camera/launch/rs_d400_and_t265_launch.py
[1.514s] -- Up-to-date symlink: /home/bxi_nx/ht_ws/install/realsense2_camera/share/realsense2_camera/launch/rs_intra_process_demo_launch.py
[1.514s] -- Up-to-date symlink: /home/bxi_nx/ht_ws/install/realsense2_camera/share/realsense2_camera/launch/rs_launch.py
[1.515s] -- Up-to-date symlink: /home/bxi_nx/ht_ws/install/realsense2_camera/share/realsense2_camera/launch/rs_multi_camera_launch.py
[1.515s] -- Up-to-date symlink: /home/bxi_nx/ht_ws/install/realsense2_camera/share/realsense2_camera/environment/library_path.sh
[1.515s] -- Up-to-date symlink: /home/bxi_nx/ht_ws/install/realsense2_camera/share/realsense2_camera/environment/library_path.dsv
[1.515s] -- Up-to-date symlink: /home/bxi_nx/ht_ws/install/realsense2_camera/share/ament_index/resource_index/package_run_dependencies/realsense2_camera
[1.516s] -- Up-to-date symlink: /home/bxi_nx/ht_ws/install/realsense2_camera/share/ament_index/resource_index/parent_prefix_path/realsense2_camera
[1.516s] -- Up-to-date symlink: /home/bxi_nx/ht_ws/install/realsense2_camera/share/realsense2_camera/environment/ament_prefix_path.sh
[1.516s] -- Up-to-date symlink: /home/bxi_nx/ht_ws/install/realsense2_camera/share/realsense2_camera/environment/ament_prefix_path.dsv
[1.516s] -- Up-to-date symlink: /home/bxi_nx/ht_ws/install/realsense2_camera/share/realsense2_camera/environment/path.sh
[1.517s] -- Up-to-date symlink: /home/bxi_nx/ht_ws/install/realsense2_camera/share/realsense2_camera/environment/path.dsv
[1.517s] -- Up-to-date symlink: /home/bxi_nx/ht_ws/install/realsense2_camera/share/realsense2_camera/local_setup.bash
[1.517s] -- Up-to-date symlink: /home/bxi_nx/ht_ws/install/realsense2_camera/share/realsense2_camera/local_setup.sh
[1.517s] -- Up-to-date symlink: /home/bxi_nx/ht_ws/install/realsense2_camera/share/realsense2_camera/local_setup.zsh
[1.518s] -- Up-to-date symlink: /home/bxi_nx/ht_ws/install/realsense2_camera/share/realsense2_camera/local_setup.dsv
[1.518s] -- Symlinking: /home/bxi_nx/ht_ws/install/realsense2_camera/share/realsense2_camera/package.dsv
[1.534s] -- Up-to-date symlink: /home/bxi_nx/ht_ws/install/realsense2_camera/share/ament_index/resource_index/packages/realsense2_camera
[1.534s] -- Up-to-date symlink: /home/bxi_nx/ht_ws/install/realsense2_camera/share/ament_index/resource_index/rclcpp_components/realsense2_camera
[1.534s] -- Up-to-date symlink: /home/bxi_nx/ht_ws/install/realsense2_camera/share/realsense2_camera/cmake/ament_cmake_export_include_directories-extras.cmake
[1.534s] -- Up-to-date symlink: /home/bxi_nx/ht_ws/install/realsense2_camera/share/realsense2_camera/cmake/ament_cmake_export_libraries-extras.cmake
[1.534s] -- Up-to-date symlink: /home/bxi_nx/ht_ws/install/realsense2_camera/share/realsense2_camera/cmake/ament_cmake_export_dependencies-extras.cmake
[1.535s] -- Up-to-date symlink: /home/bxi_nx/ht_ws/install/realsense2_camera/share/realsense2_camera/cmake/realsense2_cameraConfig.cmake
[1.535s] -- Up-to-date symlink: /home/bxi_nx/ht_ws/install/realsense2_camera/share/realsense2_camera/cmake/realsense2_cameraConfig-version.cmake
[1.535s] -- Up-to-date symlink: /home/bxi_nx/ht_ws/install/realsense2_camera/share/realsense2_camera/package.xml
[1.539s] Invoked command in '/home/bxi_nx/ht_ws/build/realsense2_camera' returned '0': AMENT_PREFIX_PATH=/home/bxi_nx/ht_ws/install/realsense2_camera_msgs:${AMENT_PREFIX_PATH} CMAKE_PREFIX_PATH=/home/bxi_nx/ht_ws/install/realsense2_camera_msgs:/home/bxi_nx/ws_livox/install/localizer:/home/bxi_nx/ws_livox/install/fastlio2:/home/bxi_nx/ws_livox/install/livox_ros_driver2:/home/bxi_nx/ws_livox/install/interface:/home/bxi_nx/ws_livox/install/communication:/opt/ros/humble LD_LIBRARY_PATH=/home/bxi_nx/ht_ws/install/realsense2_camera_msgs/lib:/home/bxi_nx/gtsam/build/gtsam/libgtsam.so.4:/usr/local/cuda-12.6/lib64:/home/bxi_nx/ws_livox/install/livox_ros_driver2/lib:/home/bxi_nx/ws_livox/install/interface/lib:/home/bxi_nx/ws_livox/install/communication/lib:/home/bxi_nx/gtsam/build/gtsam/libgtsam.so.4:/opt/ros/humble/opt/rviz_ogre_vendor/lib:/opt/ros/humble/lib/aarch64-linux-gnu:/opt/ros/humble/lib:/usr/local/cuda-12.6/lib64 PYTHONPATH=/home/bxi_nx/ht_ws/install/realsense2_camera_msgs/local/lib/python3.10/dist-packages:${PYTHONPATH} /usr/bin/cmake --install /home/bxi_nx/ht_ws/build/realsense2_camera
