[0.052s] DEBUG:colcon:Command line arguments: ['/usr/bin/colcon', 'build']
[0.052s] DEBUG:colcon:Parsed command line arguments: Namespace(log_base=None, log_level=None, verb_name='build', build_base='build', install_base='install', merge_install=False, symlink_install=False, test_result_base=None, continue_on_error=False, executor='parallel', parallel_workers=16, event_handlers=None, ignore_user_meta=False, metas=['./colcon.meta'], base_paths=['.'], packages_ignore=None, packages_ignore_regex=None, paths=None, packages_up_to=None, packages_up_to_regex=None, packages_above=None, packages_above_and_dependencies=None, packages_above_depth=None, packages_select_by_dep=None, packages_skip_by_dep=None, packages_skip_up_to=None, packages_select_build_failed=False, packages_skip_build_finished=False, packages_select_test_failures=False, packages_skip_test_passed=False, packages_select=None, packages_skip=None, packages_select_regex=None, packages_skip_regex=None, packages_start=None, packages_end=None, allow_overriding=[], cmake_args=None, cmake_target=None, cmake_target_skip_unavailable=False, cmake_clean_cache=False, cmake_clean_first=False, cmake_force_configure=False, ament_cmake_args=None, catkin_cmake_args=None, catkin_skip_building_tests=False, verb_parser=<colcon_defaults.argument_parser.defaults.DefaultArgumentsDecorator object at 0x7d5c27c035b0>, verb_extension=<colcon_core.verb.build.BuildVerb object at 0x7d5c27c030a0>, main=<bound method BuildVerb.main of <colcon_core.verb.build.BuildVerb object at 0x7d5c27c030a0>>)
[0.128s] Level 1:colcon.colcon_core.package_discovery:discover_packages(colcon_meta) check parameters
[0.128s] Level 1:colcon.colcon_core.package_discovery:discover_packages(recursive) check parameters
[0.128s] Level 1:colcon.colcon_core.package_discovery:discover_packages(ignore) check parameters
[0.128s] Level 1:colcon.colcon_core.package_discovery:discover_packages(path) check parameters
[0.128s] Level 1:colcon.colcon_core.package_discovery:discover_packages(colcon_meta) discover
[0.128s] Level 1:colcon.colcon_core.package_discovery:discover_packages(recursive) discover
[0.128s] INFO:colcon.colcon_core.package_discovery:Crawling recursively for packages in '/home/ht/ht_ws'
[0.128s] Level 1:colcon.colcon_core.package_identification:_identify(.) by extensions ['ignore', 'ignore_ament_install']
[0.128s] Level 1:colcon.colcon_core.package_identification:_identify(.) by extension 'ignore'
[0.128s] Level 1:colcon.colcon_core.package_identification:_identify(.) by extension 'ignore_ament_install'
[0.128s] Level 1:colcon.colcon_core.package_identification:_identify(.) by extensions ['colcon_pkg']
[0.128s] Level 1:colcon.colcon_core.package_identification:_identify(.) by extension 'colcon_pkg'
[0.128s] Level 1:colcon.colcon_core.package_identification:_identify(.) by extensions ['colcon_meta']
[0.128s] Level 1:colcon.colcon_core.package_identification:_identify(.) by extension 'colcon_meta'
[0.128s] Level 1:colcon.colcon_core.package_identification:_identify(.) by extensions ['ros']
[0.128s] Level 1:colcon.colcon_core.package_identification:_identify(.) by extension 'ros'
[0.135s] Level 1:colcon.colcon_core.package_identification:_identify(.) by extensions ['cmake', 'python']
[0.135s] Level 1:colcon.colcon_core.package_identification:_identify(.) by extension 'cmake'
[0.135s] Level 1:colcon.colcon_core.package_identification:_identify(.) by extension 'python'
[0.135s] Level 1:colcon.colcon_core.package_identification:_identify(.) by extensions ['python_setup_py']
[0.135s] Level 1:colcon.colcon_core.package_identification:_identify(.) by extension 'python_setup_py'
[0.135s] Level 1:colcon.colcon_core.package_identification:_identify(build) by extensions ['ignore', 'ignore_ament_install']
[0.135s] Level 1:colcon.colcon_core.package_identification:_identify(build) by extension 'ignore'
[0.135s] Level 1:colcon.colcon_core.package_identification:_identify(build) ignored
[0.135s] Level 1:colcon.colcon_core.package_identification:_identify(install) by extensions ['ignore', 'ignore_ament_install']
[0.135s] Level 1:colcon.colcon_core.package_identification:_identify(install) by extension 'ignore'
[0.135s] Level 1:colcon.colcon_core.package_identification:_identify(install) ignored
[0.135s] Level 1:colcon.colcon_core.package_identification:_identify(log) by extensions ['ignore', 'ignore_ament_install']
[0.135s] Level 1:colcon.colcon_core.package_identification:_identify(log) by extension 'ignore'
[0.135s] Level 1:colcon.colcon_core.package_identification:_identify(log) ignored
[0.135s] Level 1:colcon.colcon_core.package_identification:_identify(src) by extensions ['ignore', 'ignore_ament_install']
[0.135s] Level 1:colcon.colcon_core.package_identification:_identify(src) by extension 'ignore'
[0.135s] Level 1:colcon.colcon_core.package_identification:_identify(src) by extension 'ignore_ament_install'
[0.135s] Level 1:colcon.colcon_core.package_identification:_identify(src) by extensions ['colcon_pkg']
[0.135s] Level 1:colcon.colcon_core.package_identification:_identify(src) by extension 'colcon_pkg'
[0.135s] Level 1:colcon.colcon_core.package_identification:_identify(src) by extensions ['colcon_meta']
[0.135s] Level 1:colcon.colcon_core.package_identification:_identify(src) by extension 'colcon_meta'
[0.135s] Level 1:colcon.colcon_core.package_identification:_identify(src) by extensions ['ros']
[0.135s] Level 1:colcon.colcon_core.package_identification:_identify(src) by extension 'ros'
[0.135s] Level 1:colcon.colcon_core.package_identification:_identify(src) by extensions ['cmake', 'python']
[0.135s] Level 1:colcon.colcon_core.package_identification:_identify(src) by extension 'cmake'
[0.135s] Level 1:colcon.colcon_core.package_identification:_identify(src) by extension 'python'
[0.135s] Level 1:colcon.colcon_core.package_identification:_identify(src) by extensions ['python_setup_py']
[0.135s] Level 1:colcon.colcon_core.package_identification:_identify(src) by extension 'python_setup_py'
[0.135s] Level 1:colcon.colcon_core.package_identification:_identify(src/FAST-LIVO2) by extensions ['ignore', 'ignore_ament_install']
[0.136s] Level 1:colcon.colcon_core.package_identification:_identify(src/FAST-LIVO2) by extension 'ignore'
[0.136s] Level 1:colcon.colcon_core.package_identification:_identify(src/FAST-LIVO2) by extension 'ignore_ament_install'
[0.136s] Level 1:colcon.colcon_core.package_identification:_identify(src/FAST-LIVO2) by extensions ['colcon_pkg']
[0.136s] Level 1:colcon.colcon_core.package_identification:_identify(src/FAST-LIVO2) by extension 'colcon_pkg'
[0.136s] Level 1:colcon.colcon_core.package_identification:_identify(src/FAST-LIVO2) by extensions ['colcon_meta']
[0.136s] Level 1:colcon.colcon_core.package_identification:_identify(src/FAST-LIVO2) by extension 'colcon_meta'
[0.136s] Level 1:colcon.colcon_core.package_identification:_identify(src/FAST-LIVO2) by extensions ['ros']
[0.136s] Level 1:colcon.colcon_core.package_identification:_identify(src/FAST-LIVO2) by extension 'ros'
[0.137s] DEBUG:colcon.colcon_core.package_identification:Package 'src/FAST-LIVO2' with type 'ros.ament_cmake' and name 'fast_livo'
[0.137s] Level 1:colcon.colcon_core.package_identification:_identify(src/build) by extensions ['ignore', 'ignore_ament_install']
[0.137s] Level 1:colcon.colcon_core.package_identification:_identify(src/build) by extension 'ignore'
[0.137s] Level 1:colcon.colcon_core.package_identification:_identify(src/build) ignored
[0.137s] Level 1:colcon.colcon_core.package_identification:_identify(src/install) by extensions ['ignore', 'ignore_ament_install']
[0.137s] Level 1:colcon.colcon_core.package_identification:_identify(src/install) by extension 'ignore'
[0.137s] Level 1:colcon.colcon_core.package_identification:_identify(src/install) ignored
[0.137s] Level 1:colcon.colcon_core.package_identification:_identify(src/log) by extensions ['ignore', 'ignore_ament_install']
[0.137s] Level 1:colcon.colcon_core.package_identification:_identify(src/log) by extension 'ignore'
[0.137s] Level 1:colcon.colcon_core.package_identification:_identify(src/log) ignored
[0.137s] Level 1:colcon.colcon_core.package_identification:_identify(src/realsense-ros) by extensions ['ignore', 'ignore_ament_install']
[0.138s] Level 1:colcon.colcon_core.package_identification:_identify(src/realsense-ros) by extension 'ignore'
[0.138s] Level 1:colcon.colcon_core.package_identification:_identify(src/realsense-ros) by extension 'ignore_ament_install'
[0.138s] Level 1:colcon.colcon_core.package_identification:_identify(src/realsense-ros) by extensions ['colcon_pkg']
[0.138s] Level 1:colcon.colcon_core.package_identification:_identify(src/realsense-ros) by extension 'colcon_pkg'
[0.138s] Level 1:colcon.colcon_core.package_identification:_identify(src/realsense-ros) by extensions ['colcon_meta']
[0.138s] Level 1:colcon.colcon_core.package_identification:_identify(src/realsense-ros) by extension 'colcon_meta'
[0.138s] Level 1:colcon.colcon_core.package_identification:_identify(src/realsense-ros) by extensions ['ros']
[0.138s] Level 1:colcon.colcon_core.package_identification:_identify(src/realsense-ros) by extension 'ros'
[0.138s] Level 1:colcon.colcon_core.package_identification:_identify(src/realsense-ros) by extensions ['cmake', 'python']
[0.138s] Level 1:colcon.colcon_core.package_identification:_identify(src/realsense-ros) by extension 'cmake'
[0.138s] Level 1:colcon.colcon_core.package_identification:_identify(src/realsense-ros) by extension 'python'
[0.138s] Level 1:colcon.colcon_core.package_identification:_identify(src/realsense-ros) by extensions ['python_setup_py']
[0.138s] Level 1:colcon.colcon_core.package_identification:_identify(src/realsense-ros) by extension 'python_setup_py'
[0.138s] Level 1:colcon.colcon_core.package_identification:_identify(src/realsense-ros/realsense2_camera) by extensions ['ignore', 'ignore_ament_install']
[0.138s] Level 1:colcon.colcon_core.package_identification:_identify(src/realsense-ros/realsense2_camera) by extension 'ignore'
[0.138s] Level 1:colcon.colcon_core.package_identification:_identify(src/realsense-ros/realsense2_camera) by extension 'ignore_ament_install'
[0.138s] Level 1:colcon.colcon_core.package_identification:_identify(src/realsense-ros/realsense2_camera) by extensions ['colcon_pkg']
[0.138s] Level 1:colcon.colcon_core.package_identification:_identify(src/realsense-ros/realsense2_camera) by extension 'colcon_pkg'
[0.138s] Level 1:colcon.colcon_core.package_identification:_identify(src/realsense-ros/realsense2_camera) by extensions ['colcon_meta']
[0.138s] Level 1:colcon.colcon_core.package_identification:_identify(src/realsense-ros/realsense2_camera) by extension 'colcon_meta'
[0.138s] Level 1:colcon.colcon_core.package_identification:_identify(src/realsense-ros/realsense2_camera) by extensions ['ros']
[0.138s] Level 1:colcon.colcon_core.package_identification:_identify(src/realsense-ros/realsense2_camera) by extension 'ros'
[0.141s] DEBUG:colcon.colcon_core.package_identification:Package 'src/realsense-ros/realsense2_camera' with type 'ros.ament_cmake' and name 'realsense2_camera'
[0.141s] Level 1:colcon.colcon_core.package_identification:_identify(src/realsense-ros/realsense2_camera_msgs) by extensions ['ignore', 'ignore_ament_install']
[0.141s] Level 1:colcon.colcon_core.package_identification:_identify(src/realsense-ros/realsense2_camera_msgs) by extension 'ignore'
[0.141s] Level 1:colcon.colcon_core.package_identification:_identify(src/realsense-ros/realsense2_camera_msgs) by extension 'ignore_ament_install'
[0.141s] Level 1:colcon.colcon_core.package_identification:_identify(src/realsense-ros/realsense2_camera_msgs) by extensions ['colcon_pkg']
[0.141s] Level 1:colcon.colcon_core.package_identification:_identify(src/realsense-ros/realsense2_camera_msgs) by extension 'colcon_pkg'
[0.141s] Level 1:colcon.colcon_core.package_identification:_identify(src/realsense-ros/realsense2_camera_msgs) by extensions ['colcon_meta']
[0.141s] Level 1:colcon.colcon_core.package_identification:_identify(src/realsense-ros/realsense2_camera_msgs) by extension 'colcon_meta'
[0.141s] Level 1:colcon.colcon_core.package_identification:_identify(src/realsense-ros/realsense2_camera_msgs) by extensions ['ros']
[0.141s] Level 1:colcon.colcon_core.package_identification:_identify(src/realsense-ros/realsense2_camera_msgs) by extension 'ros'
[0.141s] DEBUG:colcon.colcon_core.package_identification:Package 'src/realsense-ros/realsense2_camera_msgs' with type 'ros.ament_cmake' and name 'realsense2_camera_msgs'
[0.142s] Level 1:colcon.colcon_core.package_identification:_identify(src/realsense-ros/realsense2_description) by extensions ['ignore', 'ignore_ament_install']
[0.142s] Level 1:colcon.colcon_core.package_identification:_identify(src/realsense-ros/realsense2_description) by extension 'ignore'
[0.142s] Level 1:colcon.colcon_core.package_identification:_identify(src/realsense-ros/realsense2_description) by extension 'ignore_ament_install'
[0.142s] Level 1:colcon.colcon_core.package_identification:_identify(src/realsense-ros/realsense2_description) by extensions ['colcon_pkg']
[0.142s] Level 1:colcon.colcon_core.package_identification:_identify(src/realsense-ros/realsense2_description) by extension 'colcon_pkg'
[0.142s] Level 1:colcon.colcon_core.package_identification:_identify(src/realsense-ros/realsense2_description) by extensions ['colcon_meta']
[0.142s] Level 1:colcon.colcon_core.package_identification:_identify(src/realsense-ros/realsense2_description) by extension 'colcon_meta'
[0.142s] Level 1:colcon.colcon_core.package_identification:_identify(src/realsense-ros/realsense2_description) by extensions ['ros']
[0.142s] Level 1:colcon.colcon_core.package_identification:_identify(src/realsense-ros/realsense2_description) by extension 'ros'
[0.142s] DEBUG:colcon.colcon_core.package_identification:Package 'src/realsense-ros/realsense2_description' with type 'ros.ament_cmake' and name 'realsense2_description'
[0.142s] Level 1:colcon.colcon_core.package_identification:_identify(src/realsense-ros/realsense2_rgbd_plugin) by extensions ['ignore', 'ignore_ament_install']
[0.142s] Level 1:colcon.colcon_core.package_identification:_identify(src/realsense-ros/realsense2_rgbd_plugin) by extension 'ignore'
[0.142s] Level 1:colcon.colcon_core.package_identification:_identify(src/realsense-ros/realsense2_rgbd_plugin) by extension 'ignore_ament_install'
[0.142s] Level 1:colcon.colcon_core.package_identification:_identify(src/realsense-ros/realsense2_rgbd_plugin) by extensions ['colcon_pkg']
[0.142s] Level 1:colcon.colcon_core.package_identification:_identify(src/realsense-ros/realsense2_rgbd_plugin) by extension 'colcon_pkg'
[0.142s] Level 1:colcon.colcon_core.package_identification:_identify(src/realsense-ros/realsense2_rgbd_plugin) by extensions ['colcon_meta']
[0.142s] Level 1:colcon.colcon_core.package_identification:_identify(src/realsense-ros/realsense2_rgbd_plugin) by extension 'colcon_meta'
[0.142s] Level 1:colcon.colcon_core.package_identification:_identify(src/realsense-ros/realsense2_rgbd_plugin) by extensions ['ros']
[0.142s] Level 1:colcon.colcon_core.package_identification:_identify(src/realsense-ros/realsense2_rgbd_plugin) by extension 'ros'
[0.143s] DEBUG:colcon.colcon_core.package_identification:Package 'src/realsense-ros/realsense2_rgbd_plugin' with type 'ros.ament_cmake' and name 'realsense2_rviz_plugin'
[0.143s] Level 1:colcon.colcon_core.package_identification:_identify(src/realsense-ros/realsense2_ros_mqtt_bridge) by extensions ['ignore', 'ignore_ament_install']
[0.143s] Level 1:colcon.colcon_core.package_identification:_identify(src/realsense-ros/realsense2_ros_mqtt_bridge) by extension 'ignore'
[0.143s] Level 1:colcon.colcon_core.package_identification:_identify(src/realsense-ros/realsense2_ros_mqtt_bridge) by extension 'ignore_ament_install'
[0.143s] Level 1:colcon.colcon_core.package_identification:_identify(src/realsense-ros/realsense2_ros_mqtt_bridge) by extensions ['colcon_pkg']
[0.143s] Level 1:colcon.colcon_core.package_identification:_identify(src/realsense-ros/realsense2_ros_mqtt_bridge) by extension 'colcon_pkg'
[0.143s] Level 1:colcon.colcon_core.package_identification:_identify(src/realsense-ros/realsense2_ros_mqtt_bridge) by extensions ['colcon_meta']
[0.143s] Level 1:colcon.colcon_core.package_identification:_identify(src/realsense-ros/realsense2_ros_mqtt_bridge) by extension 'colcon_meta'
[0.143s] Level 1:colcon.colcon_core.package_identification:_identify(src/realsense-ros/realsense2_ros_mqtt_bridge) by extensions ['ros']
[0.143s] Level 1:colcon.colcon_core.package_identification:_identify(src/realsense-ros/realsense2_ros_mqtt_bridge) by extension 'ros'
[0.143s] DEBUG:colcon.colcon_core.package_identification:Package 'src/realsense-ros/realsense2_ros_mqtt_bridge' with type 'ros.ament_python' and name 'realsense2_ros_mqtt_bridge'
[0.143s] Level 1:colcon.colcon_core.package_identification:_identify(src/realsense-ros/res) by extensions ['ignore', 'ignore_ament_install']
[0.143s] Level 1:colcon.colcon_core.package_identification:_identify(src/realsense-ros/res) by extension 'ignore'
[0.144s] Level 1:colcon.colcon_core.package_identification:_identify(src/realsense-ros/res) by extension 'ignore_ament_install'
[0.144s] Level 1:colcon.colcon_core.package_identification:_identify(src/realsense-ros/res) by extensions ['colcon_pkg']
[0.144s] Level 1:colcon.colcon_core.package_identification:_identify(src/realsense-ros/res) by extension 'colcon_pkg'
[0.144s] Level 1:colcon.colcon_core.package_identification:_identify(src/realsense-ros/res) by extensions ['colcon_meta']
[0.144s] Level 1:colcon.colcon_core.package_identification:_identify(src/realsense-ros/res) by extension 'colcon_meta'
[0.144s] Level 1:colcon.colcon_core.package_identification:_identify(src/realsense-ros/res) by extensions ['ros']
[0.144s] Level 1:colcon.colcon_core.package_identification:_identify(src/realsense-ros/res) by extension 'ros'
[0.144s] Level 1:colcon.colcon_core.package_identification:_identify(src/realsense-ros/res) by extensions ['cmake', 'python']
[0.144s] Level 1:colcon.colcon_core.package_identification:_identify(src/realsense-ros/res) by extension 'cmake'
[0.144s] Level 1:colcon.colcon_core.package_identification:_identify(src/realsense-ros/res) by extension 'python'
[0.144s] Level 1:colcon.colcon_core.package_identification:_identify(src/realsense-ros/res) by extensions ['python_setup_py']
[0.144s] Level 1:colcon.colcon_core.package_identification:_identify(src/realsense-ros/res) by extension 'python_setup_py'
[0.144s] Level 1:colcon.colcon_core.package_identification:_identify(src/realsense-ros/scripts) by extensions ['ignore', 'ignore_ament_install']
[0.144s] Level 1:colcon.colcon_core.package_identification:_identify(src/realsense-ros/scripts) by extension 'ignore'
[0.144s] Level 1:colcon.colcon_core.package_identification:_identify(src/realsense-ros/scripts) by extension 'ignore_ament_install'
[0.144s] Level 1:colcon.colcon_core.package_identification:_identify(src/realsense-ros/scripts) by extensions ['colcon_pkg']
[0.144s] Level 1:colcon.colcon_core.package_identification:_identify(src/realsense-ros/scripts) by extension 'colcon_pkg'
[0.144s] Level 1:colcon.colcon_core.package_identification:_identify(src/realsense-ros/scripts) by extensions ['colcon_meta']
[0.144s] Level 1:colcon.colcon_core.package_identification:_identify(src/realsense-ros/scripts) by extension 'colcon_meta'
[0.144s] Level 1:colcon.colcon_core.package_identification:_identify(src/realsense-ros/scripts) by extensions ['ros']
[0.144s] Level 1:colcon.colcon_core.package_identification:_identify(src/realsense-ros/scripts) by extension 'ros'
[0.144s] Level 1:colcon.colcon_core.package_identification:_identify(src/realsense-ros/scripts) by extensions ['cmake', 'python']
[0.144s] Level 1:colcon.colcon_core.package_identification:_identify(src/realsense-ros/scripts) by extension 'cmake'
[0.144s] Level 1:colcon.colcon_core.package_identification:_identify(src/realsense-ros/scripts) by extension 'python'
[0.144s] Level 1:colcon.colcon_core.package_identification:_identify(src/realsense-ros/scripts) by extensions ['python_setup_py']
[0.144s] Level 1:colcon.colcon_core.package_identification:_identify(src/realsense-ros/scripts) by extension 'python_setup_py'
[0.144s] Level 1:colcon.colcon_core.package_identification:_identify(src/rpg_vikit) by extensions ['ignore', 'ignore_ament_install']
[0.144s] Level 1:colcon.colcon_core.package_identification:_identify(src/rpg_vikit) by extension 'ignore'
[0.144s] Level 1:colcon.colcon_core.package_identification:_identify(src/rpg_vikit) by extension 'ignore_ament_install'
[0.144s] Level 1:colcon.colcon_core.package_identification:_identify(src/rpg_vikit) by extensions ['colcon_pkg']
[0.144s] Level 1:colcon.colcon_core.package_identification:_identify(src/rpg_vikit) by extension 'colcon_pkg'
[0.144s] Level 1:colcon.colcon_core.package_identification:_identify(src/rpg_vikit) by extensions ['colcon_meta']
[0.144s] Level 1:colcon.colcon_core.package_identification:_identify(src/rpg_vikit) by extension 'colcon_meta'
[0.144s] Level 1:colcon.colcon_core.package_identification:_identify(src/rpg_vikit) by extensions ['ros']
[0.144s] Level 1:colcon.colcon_core.package_identification:_identify(src/rpg_vikit) by extension 'ros'
[0.144s] Level 1:colcon.colcon_core.package_identification:_identify(src/rpg_vikit) by extensions ['cmake', 'python']
[0.144s] Level 1:colcon.colcon_core.package_identification:_identify(src/rpg_vikit) by extension 'cmake'
[0.144s] Level 1:colcon.colcon_core.package_identification:_identify(src/rpg_vikit) by extension 'python'
[0.144s] Level 1:colcon.colcon_core.package_identification:_identify(src/rpg_vikit) by extensions ['python_setup_py']
[0.144s] Level 1:colcon.colcon_core.package_identification:_identify(src/rpg_vikit) by extension 'python_setup_py'
[0.144s] Level 1:colcon.colcon_core.package_identification:_identify(src/rpg_vikit/vikit_common) by extensions ['ignore', 'ignore_ament_install']
[0.144s] Level 1:colcon.colcon_core.package_identification:_identify(src/rpg_vikit/vikit_common) by extension 'ignore'
[0.144s] Level 1:colcon.colcon_core.package_identification:_identify(src/rpg_vikit/vikit_common) by extension 'ignore_ament_install'
[0.144s] Level 1:colcon.colcon_core.package_identification:_identify(src/rpg_vikit/vikit_common) by extensions ['colcon_pkg']
[0.144s] Level 1:colcon.colcon_core.package_identification:_identify(src/rpg_vikit/vikit_common) by extension 'colcon_pkg'
[0.144s] Level 1:colcon.colcon_core.package_identification:_identify(src/rpg_vikit/vikit_common) by extensions ['colcon_meta']
[0.144s] Level 1:colcon.colcon_core.package_identification:_identify(src/rpg_vikit/vikit_common) by extension 'colcon_meta'
[0.144s] Level 1:colcon.colcon_core.package_identification:_identify(src/rpg_vikit/vikit_common) by extensions ['ros']
[0.144s] Level 1:colcon.colcon_core.package_identification:_identify(src/rpg_vikit/vikit_common) by extension 'ros'
[0.145s] DEBUG:colcon.colcon_core.package_identification:Package 'src/rpg_vikit/vikit_common' with type 'ros.catkin' and name 'vikit_common'
[0.145s] Level 1:colcon.colcon_core.package_identification:_identify(src/rpg_vikit/vikit_ros) by extensions ['ignore', 'ignore_ament_install']
[0.145s] Level 1:colcon.colcon_core.package_identification:_identify(src/rpg_vikit/vikit_ros) by extension 'ignore'
[0.145s] Level 1:colcon.colcon_core.package_identification:_identify(src/rpg_vikit/vikit_ros) by extension 'ignore_ament_install'
[0.145s] Level 1:colcon.colcon_core.package_identification:_identify(src/rpg_vikit/vikit_ros) by extensions ['colcon_pkg']
[0.145s] Level 1:colcon.colcon_core.package_identification:_identify(src/rpg_vikit/vikit_ros) by extension 'colcon_pkg'
[0.145s] Level 1:colcon.colcon_core.package_identification:_identify(src/rpg_vikit/vikit_ros) by extensions ['colcon_meta']
[0.145s] Level 1:colcon.colcon_core.package_identification:_identify(src/rpg_vikit/vikit_ros) by extension 'colcon_meta'
[0.145s] Level 1:colcon.colcon_core.package_identification:_identify(src/rpg_vikit/vikit_ros) by extensions ['ros']
[0.145s] Level 1:colcon.colcon_core.package_identification:_identify(src/rpg_vikit/vikit_ros) by extension 'ros'
[0.145s] DEBUG:colcon.colcon_core.package_identification:Package 'src/rpg_vikit/vikit_ros' with type 'ros.ament_cmake' and name 'vikit_ros'
[0.145s] Level 1:colcon.colcon_core.package_discovery:discover_packages(recursive) using defaults
[0.146s] Level 1:colcon.colcon_core.package_discovery:discover_packages(ignore) discover
[0.146s] Level 1:colcon.colcon_core.package_discovery:discover_packages(ignore) using defaults
[0.146s] Level 1:colcon.colcon_core.package_discovery:discover_packages(path) discover
[0.146s] Level 1:colcon.colcon_core.package_discovery:discover_packages(path) using defaults
[0.162s] Level 1:colcon.colcon_core.package_discovery:discover_packages(prefix_path) check parameters
[0.162s] Level 1:colcon.colcon_core.package_discovery:discover_packages(prefix_path) discover
[0.163s] DEBUG:colcon.colcon_installed_package_information.package_discovery:Found 274 installed packages in /opt/ros/humble
[0.164s] Level 1:colcon.colcon_core.package_discovery:discover_packages(prefix_path) using defaults
[0.182s] Level 5:colcon.colcon_core.verb:set package 'realsense2_camera_msgs' build argument 'cmake_args' from command line to 'None'
[0.182s] Level 5:colcon.colcon_core.verb:set package 'realsense2_camera_msgs' build argument 'cmake_target' from command line to 'None'
[0.182s] Level 5:colcon.colcon_core.verb:set package 'realsense2_camera_msgs' build argument 'cmake_target_skip_unavailable' from command line to 'False'
[0.182s] Level 5:colcon.colcon_core.verb:set package 'realsense2_camera_msgs' build argument 'cmake_clean_cache' from command line to 'False'
[0.182s] Level 5:colcon.colcon_core.verb:set package 'realsense2_camera_msgs' build argument 'cmake_clean_first' from command line to 'False'
[0.182s] Level 5:colcon.colcon_core.verb:set package 'realsense2_camera_msgs' build argument 'cmake_force_configure' from command line to 'False'
[0.182s] Level 5:colcon.colcon_core.verb:set package 'realsense2_camera_msgs' build argument 'ament_cmake_args' from command line to 'None'
[0.182s] Level 5:colcon.colcon_core.verb:set package 'realsense2_camera_msgs' build argument 'catkin_cmake_args' from command line to 'None'
[0.182s] Level 5:colcon.colcon_core.verb:set package 'realsense2_camera_msgs' build argument 'catkin_skip_building_tests' from command line to 'False'
[0.182s] DEBUG:colcon.colcon_core.verb:Building package 'realsense2_camera_msgs' with the following arguments: {'ament_cmake_args': None, 'build_base': '/home/ht/ht_ws/build/realsense2_camera_msgs', 'catkin_cmake_args': None, 'catkin_skip_building_tests': False, 'cmake_args': None, 'cmake_clean_cache': False, 'cmake_clean_first': False, 'cmake_force_configure': False, 'cmake_target': None, 'cmake_target_skip_unavailable': False, 'install_base': '/home/ht/ht_ws/install/realsense2_camera_msgs', 'merge_install': False, 'path': '/home/ht/ht_ws/src/realsense-ros/realsense2_camera_msgs', 'symlink_install': False, 'test_result_base': None}
[0.182s] Level 5:colcon.colcon_core.verb:set package 'realsense2_ros_mqtt_bridge' build argument 'cmake_args' from command line to 'None'
[0.182s] Level 5:colcon.colcon_core.verb:set package 'realsense2_ros_mqtt_bridge' build argument 'cmake_target' from command line to 'None'
[0.182s] Level 5:colcon.colcon_core.verb:set package 'realsense2_ros_mqtt_bridge' build argument 'cmake_target_skip_unavailable' from command line to 'False'
[0.182s] Level 5:colcon.colcon_core.verb:set package 'realsense2_ros_mqtt_bridge' build argument 'cmake_clean_cache' from command line to 'False'
[0.182s] Level 5:colcon.colcon_core.verb:set package 'realsense2_ros_mqtt_bridge' build argument 'cmake_clean_first' from command line to 'False'
[0.182s] Level 5:colcon.colcon_core.verb:set package 'realsense2_ros_mqtt_bridge' build argument 'cmake_force_configure' from command line to 'False'
[0.182s] Level 5:colcon.colcon_core.verb:set package 'realsense2_ros_mqtt_bridge' build argument 'ament_cmake_args' from command line to 'None'
[0.182s] Level 5:colcon.colcon_core.verb:set package 'realsense2_ros_mqtt_bridge' build argument 'catkin_cmake_args' from command line to 'None'
[0.182s] Level 5:colcon.colcon_core.verb:set package 'realsense2_ros_mqtt_bridge' build argument 'catkin_skip_building_tests' from command line to 'False'
[0.182s] DEBUG:colcon.colcon_core.verb:Building package 'realsense2_ros_mqtt_bridge' with the following arguments: {'ament_cmake_args': None, 'build_base': '/home/ht/ht_ws/build/realsense2_ros_mqtt_bridge', 'catkin_cmake_args': None, 'catkin_skip_building_tests': False, 'cmake_args': None, 'cmake_clean_cache': False, 'cmake_clean_first': False, 'cmake_force_configure': False, 'cmake_target': None, 'cmake_target_skip_unavailable': False, 'install_base': '/home/ht/ht_ws/install/realsense2_ros_mqtt_bridge', 'merge_install': False, 'path': '/home/ht/ht_ws/src/realsense-ros/realsense2_ros_mqtt_bridge', 'symlink_install': False, 'test_result_base': None}
[0.182s] Level 5:colcon.colcon_core.verb:set package 'vikit_common' build argument 'cmake_args' from command line to 'None'
[0.182s] Level 5:colcon.colcon_core.verb:set package 'vikit_common' build argument 'cmake_target' from command line to 'None'
[0.182s] Level 5:colcon.colcon_core.verb:set package 'vikit_common' build argument 'cmake_target_skip_unavailable' from command line to 'False'
[0.182s] Level 5:colcon.colcon_core.verb:set package 'vikit_common' build argument 'cmake_clean_cache' from command line to 'False'
[0.182s] Level 5:colcon.colcon_core.verb:set package 'vikit_common' build argument 'cmake_clean_first' from command line to 'False'
[0.182s] Level 5:colcon.colcon_core.verb:set package 'vikit_common' build argument 'cmake_force_configure' from command line to 'False'
[0.182s] Level 5:colcon.colcon_core.verb:set package 'vikit_common' build argument 'ament_cmake_args' from command line to 'None'
[0.182s] Level 5:colcon.colcon_core.verb:set package 'vikit_common' build argument 'catkin_cmake_args' from command line to 'None'
[0.182s] Level 5:colcon.colcon_core.verb:set package 'vikit_common' build argument 'catkin_skip_building_tests' from command line to 'False'
[0.182s] DEBUG:colcon.colcon_core.verb:Building package 'vikit_common' with the following arguments: {'ament_cmake_args': None, 'build_base': '/home/ht/ht_ws/build/vikit_common', 'catkin_cmake_args': None, 'catkin_skip_building_tests': False, 'cmake_args': None, 'cmake_clean_cache': False, 'cmake_clean_first': False, 'cmake_force_configure': False, 'cmake_target': None, 'cmake_target_skip_unavailable': False, 'install_base': '/home/ht/ht_ws/install/vikit_common', 'merge_install': False, 'path': '/home/ht/ht_ws/src/rpg_vikit/vikit_common', 'symlink_install': False, 'test_result_base': None}
[0.183s] Level 5:colcon.colcon_core.verb:set package 'realsense2_camera' build argument 'cmake_args' from command line to 'None'
[0.183s] Level 5:colcon.colcon_core.verb:set package 'realsense2_camera' build argument 'cmake_target' from command line to 'None'
[0.183s] Level 5:colcon.colcon_core.verb:set package 'realsense2_camera' build argument 'cmake_target_skip_unavailable' from command line to 'False'
[0.183s] Level 5:colcon.colcon_core.verb:set package 'realsense2_camera' build argument 'cmake_clean_cache' from command line to 'False'
[0.183s] Level 5:colcon.colcon_core.verb:set package 'realsense2_camera' build argument 'cmake_clean_first' from command line to 'False'
[0.183s] Level 5:colcon.colcon_core.verb:set package 'realsense2_camera' build argument 'cmake_force_configure' from command line to 'False'
[0.183s] Level 5:colcon.colcon_core.verb:set package 'realsense2_camera' build argument 'ament_cmake_args' from command line to 'None'
[0.183s] Level 5:colcon.colcon_core.verb:set package 'realsense2_camera' build argument 'catkin_cmake_args' from command line to 'None'
[0.183s] Level 5:colcon.colcon_core.verb:set package 'realsense2_camera' build argument 'catkin_skip_building_tests' from command line to 'False'
[0.183s] DEBUG:colcon.colcon_core.verb:Building package 'realsense2_camera' with the following arguments: {'ament_cmake_args': None, 'build_base': '/home/ht/ht_ws/build/realsense2_camera', 'catkin_cmake_args': None, 'catkin_skip_building_tests': False, 'cmake_args': None, 'cmake_clean_cache': False, 'cmake_clean_first': False, 'cmake_force_configure': False, 'cmake_target': None, 'cmake_target_skip_unavailable': False, 'install_base': '/home/ht/ht_ws/install/realsense2_camera', 'merge_install': False, 'path': '/home/ht/ht_ws/src/realsense-ros/realsense2_camera', 'symlink_install': False, 'test_result_base': None}
[0.183s] Level 5:colcon.colcon_core.verb:set package 'realsense2_description' build argument 'cmake_args' from command line to 'None'
[0.183s] Level 5:colcon.colcon_core.verb:set package 'realsense2_description' build argument 'cmake_target' from command line to 'None'
[0.183s] Level 5:colcon.colcon_core.verb:set package 'realsense2_description' build argument 'cmake_target_skip_unavailable' from command line to 'False'
[0.183s] Level 5:colcon.colcon_core.verb:set package 'realsense2_description' build argument 'cmake_clean_cache' from command line to 'False'
[0.183s] Level 5:colcon.colcon_core.verb:set package 'realsense2_description' build argument 'cmake_clean_first' from command line to 'False'
[0.183s] Level 5:colcon.colcon_core.verb:set package 'realsense2_description' build argument 'cmake_force_configure' from command line to 'False'
[0.183s] Level 5:colcon.colcon_core.verb:set package 'realsense2_description' build argument 'ament_cmake_args' from command line to 'None'
[0.183s] Level 5:colcon.colcon_core.verb:set package 'realsense2_description' build argument 'catkin_cmake_args' from command line to 'None'
[0.183s] Level 5:colcon.colcon_core.verb:set package 'realsense2_description' build argument 'catkin_skip_building_tests' from command line to 'False'
[0.183s] DEBUG:colcon.colcon_core.verb:Building package 'realsense2_description' with the following arguments: {'ament_cmake_args': None, 'build_base': '/home/ht/ht_ws/build/realsense2_description', 'catkin_cmake_args': None, 'catkin_skip_building_tests': False, 'cmake_args': None, 'cmake_clean_cache': False, 'cmake_clean_first': False, 'cmake_force_configure': False, 'cmake_target': None, 'cmake_target_skip_unavailable': False, 'install_base': '/home/ht/ht_ws/install/realsense2_description', 'merge_install': False, 'path': '/home/ht/ht_ws/src/realsense-ros/realsense2_description', 'symlink_install': False, 'test_result_base': None}
[0.183s] Level 5:colcon.colcon_core.verb:set package 'realsense2_rviz_plugin' build argument 'cmake_args' from command line to 'None'
[0.183s] Level 5:colcon.colcon_core.verb:set package 'realsense2_rviz_plugin' build argument 'cmake_target' from command line to 'None'
[0.183s] Level 5:colcon.colcon_core.verb:set package 'realsense2_rviz_plugin' build argument 'cmake_target_skip_unavailable' from command line to 'False'
[0.183s] Level 5:colcon.colcon_core.verb:set package 'realsense2_rviz_plugin' build argument 'cmake_clean_cache' from command line to 'False'
[0.183s] Level 5:colcon.colcon_core.verb:set package 'realsense2_rviz_plugin' build argument 'cmake_clean_first' from command line to 'False'
[0.183s] Level 5:colcon.colcon_core.verb:set package 'realsense2_rviz_plugin' build argument 'cmake_force_configure' from command line to 'False'
[0.183s] Level 5:colcon.colcon_core.verb:set package 'realsense2_rviz_plugin' build argument 'ament_cmake_args' from command line to 'None'
[0.183s] Level 5:colcon.colcon_core.verb:set package 'realsense2_rviz_plugin' build argument 'catkin_cmake_args' from command line to 'None'
[0.183s] Level 5:colcon.colcon_core.verb:set package 'realsense2_rviz_plugin' build argument 'catkin_skip_building_tests' from command line to 'False'
[0.183s] DEBUG:colcon.colcon_core.verb:Building package 'realsense2_rviz_plugin' with the following arguments: {'ament_cmake_args': None, 'build_base': '/home/ht/ht_ws/build/realsense2_rviz_plugin', 'catkin_cmake_args': None, 'catkin_skip_building_tests': False, 'cmake_args': None, 'cmake_clean_cache': False, 'cmake_clean_first': False, 'cmake_force_configure': False, 'cmake_target': None, 'cmake_target_skip_unavailable': False, 'install_base': '/home/ht/ht_ws/install/realsense2_rviz_plugin', 'merge_install': False, 'path': '/home/ht/ht_ws/src/realsense-ros/realsense2_rgbd_plugin', 'symlink_install': False, 'test_result_base': None}
[0.183s] Level 5:colcon.colcon_core.verb:set package 'vikit_ros' build argument 'cmake_args' from command line to 'None'
[0.183s] Level 5:colcon.colcon_core.verb:set package 'vikit_ros' build argument 'cmake_target' from command line to 'None'
[0.183s] Level 5:colcon.colcon_core.verb:set package 'vikit_ros' build argument 'cmake_target_skip_unavailable' from command line to 'False'
[0.183s] Level 5:colcon.colcon_core.verb:set package 'vikit_ros' build argument 'cmake_clean_cache' from command line to 'False'
[0.184s] Level 5:colcon.colcon_core.verb:set package 'vikit_ros' build argument 'cmake_clean_first' from command line to 'False'
[0.184s] Level 5:colcon.colcon_core.verb:set package 'vikit_ros' build argument 'cmake_force_configure' from command line to 'False'
[0.184s] Level 5:colcon.colcon_core.verb:set package 'vikit_ros' build argument 'ament_cmake_args' from command line to 'None'
[0.184s] Level 5:colcon.colcon_core.verb:set package 'vikit_ros' build argument 'catkin_cmake_args' from command line to 'None'
[0.184s] Level 5:colcon.colcon_core.verb:set package 'vikit_ros' build argument 'catkin_skip_building_tests' from command line to 'False'
[0.184s] DEBUG:colcon.colcon_core.verb:Building package 'vikit_ros' with the following arguments: {'ament_cmake_args': None, 'build_base': '/home/ht/ht_ws/build/vikit_ros', 'catkin_cmake_args': None, 'catkin_skip_building_tests': False, 'cmake_args': None, 'cmake_clean_cache': False, 'cmake_clean_first': False, 'cmake_force_configure': False, 'cmake_target': None, 'cmake_target_skip_unavailable': False, 'install_base': '/home/ht/ht_ws/install/vikit_ros', 'merge_install': False, 'path': '/home/ht/ht_ws/src/rpg_vikit/vikit_ros', 'symlink_install': False, 'test_result_base': None}
[0.184s] Level 5:colcon.colcon_core.verb:set package 'fast_livo' build argument 'cmake_args' from command line to 'None'
[0.184s] Level 5:colcon.colcon_core.verb:set package 'fast_livo' build argument 'cmake_target' from command line to 'None'
[0.184s] Level 5:colcon.colcon_core.verb:set package 'fast_livo' build argument 'cmake_target_skip_unavailable' from command line to 'False'
[0.184s] Level 5:colcon.colcon_core.verb:set package 'fast_livo' build argument 'cmake_clean_cache' from command line to 'False'
[0.184s] Level 5:colcon.colcon_core.verb:set package 'fast_livo' build argument 'cmake_clean_first' from command line to 'False'
[0.184s] Level 5:colcon.colcon_core.verb:set package 'fast_livo' build argument 'cmake_force_configure' from command line to 'False'
[0.184s] Level 5:colcon.colcon_core.verb:set package 'fast_livo' build argument 'ament_cmake_args' from command line to 'None'
[0.184s] Level 5:colcon.colcon_core.verb:set package 'fast_livo' build argument 'catkin_cmake_args' from command line to 'None'
[0.184s] Level 5:colcon.colcon_core.verb:set package 'fast_livo' build argument 'catkin_skip_building_tests' from command line to 'False'
[0.184s] DEBUG:colcon.colcon_core.verb:Building package 'fast_livo' with the following arguments: {'ament_cmake_args': None, 'build_base': '/home/ht/ht_ws/build/fast_livo', 'catkin_cmake_args': None, 'catkin_skip_building_tests': False, 'cmake_args': None, 'cmake_clean_cache': False, 'cmake_clean_first': False, 'cmake_force_configure': False, 'cmake_target': None, 'cmake_target_skip_unavailable': False, 'install_base': '/home/ht/ht_ws/install/fast_livo', 'merge_install': False, 'path': '/home/ht/ht_ws/src/FAST-LIVO2', 'symlink_install': False, 'test_result_base': None}
[0.184s] INFO:colcon.colcon_core.executor:Executing jobs using 'parallel' executor
[0.184s] DEBUG:colcon.colcon_parallel_executor.executor.parallel:run_until_complete
[0.185s] INFO:colcon.colcon_ros.task.ament_cmake.build:Building ROS package in '/home/ht/ht_ws/src/realsense-ros/realsense2_camera_msgs' with build type 'ament_cmake'
[0.185s] INFO:colcon.colcon_cmake.task.cmake.build:Building CMake package in '/home/ht/ht_ws/src/realsense-ros/realsense2_camera_msgs'
[0.186s] INFO:colcon.colcon_core.plugin_system:Skipping extension 'colcon_core.shell.bat': Not used on non-Windows systems
[0.186s] INFO:colcon.colcon_core.shell:Skip shell extension 'powershell' for command environment: Not usable outside of PowerShell
[0.186s] DEBUG:colcon.colcon_core.shell:Skip shell extension 'dsv' for command environment
[0.187s] INFO:colcon.colcon_ros.task.catkin.build:Building ROS package in '/home/ht/ht_ws/src/rpg_vikit/vikit_common' with build type 'catkin'
[0.187s] INFO:colcon.colcon_cmake.task.cmake.build:Building CMake package in '/home/ht/ht_ws/src/rpg_vikit/vikit_common'
[0.188s] INFO:colcon.colcon_core.shell:Skip shell extension 'powershell' for command environment: Not usable outside of PowerShell
[0.188s] DEBUG:colcon.colcon_core.shell:Skip shell extension 'dsv' for command environment
[0.189s] INFO:colcon.colcon_ros.task.ament_python.build:Building ROS package in '/home/ht/ht_ws/src/realsense-ros/realsense2_ros_mqtt_bridge' with build type 'ament_python'
[0.189s] Level 1:colcon.colcon_core.shell:create_environment_hook('realsense2_ros_mqtt_bridge', 'ament_prefix_path')
[0.189s] INFO:colcon.colcon_core.shell:Creating environment hook '/home/ht/ht_ws/install/realsense2_ros_mqtt_bridge/share/realsense2_ros_mqtt_bridge/hook/ament_prefix_path.ps1'
[0.189s] INFO:colcon.colcon_core.shell:Creating environment descriptor '/home/ht/ht_ws/install/realsense2_ros_mqtt_bridge/share/realsense2_ros_mqtt_bridge/hook/ament_prefix_path.dsv'
[0.190s] INFO:colcon.colcon_core.shell:Creating environment hook '/home/ht/ht_ws/install/realsense2_ros_mqtt_bridge/share/realsense2_ros_mqtt_bridge/hook/ament_prefix_path.sh'
[0.190s] INFO:colcon.colcon_core.shell:Skip shell extension 'powershell' for command environment: Not usable outside of PowerShell
[0.190s] DEBUG:colcon.colcon_core.shell:Skip shell extension 'dsv' for command environment
[0.194s] DEBUG:colcon.colcon_core.event_handler.log_command:Invoking command in '/home/ht/ht_ws/build/realsense2_camera_msgs': CMAKE_PREFIX_PATH=/opt/ros/humble /usr/bin/cmake --build /home/ht/ht_ws/build/realsense2_camera_msgs -- -j16 -l16
[0.204s] DEBUG:colcon.colcon_core.event_handler.log_command:Invoking command in '/home/ht/ht_ws/build/vikit_common': /usr/bin/cmake --build /home/ht/ht_ws/build/vikit_common -- -j16 -l16
[0.335s] INFO:colcon.colcon_core.task.python.build:Building Python package in '/home/ht/ht_ws/src/realsense-ros/realsense2_ros_mqtt_bridge'
[0.335s] INFO:colcon.colcon_core.shell:Skip shell extension 'powershell' for command environment: Not usable outside of PowerShell
[0.336s] DEBUG:colcon.colcon_core.shell:Skip shell extension 'dsv' for command environment
[0.338s] DEBUG:colcon.colcon_core.event_handler.log_command:Invoked command in '/home/ht/ht_ws/build/vikit_common' returned '0': /usr/bin/cmake --build /home/ht/ht_ws/build/vikit_common -- -j16 -l16
[0.343s] DEBUG:colcon.colcon_core.event_handler.log_command:Invoking command in '/home/ht/ht_ws/build/vikit_common': /usr/bin/cmake --install /home/ht/ht_ws/build/vikit_common
[0.352s] DEBUG:colcon.colcon_core.event_handler.log_command:Invoked command in '/home/ht/ht_ws/build/vikit_common' returned '0': /usr/bin/cmake --install /home/ht/ht_ws/build/vikit_common
[0.353s] Level 1:colcon.colcon_core.shell:create_environment_hook('vikit_common', 'ros_package_path')
[0.353s] INFO:colcon.colcon_core.shell:Creating environment hook '/home/ht/ht_ws/install/vikit_common/share/vikit_common/hook/ros_package_path.ps1'
[0.353s] INFO:colcon.colcon_core.shell:Creating environment descriptor '/home/ht/ht_ws/install/vikit_common/share/vikit_common/hook/ros_package_path.dsv'
[0.353s] INFO:colcon.colcon_core.shell:Creating environment hook '/home/ht/ht_ws/install/vikit_common/share/vikit_common/hook/ros_package_path.sh'
[0.354s] Level 1:colcon.colcon_core.shell:create_environment_hook('vikit_common', 'pkg_config_path')
[0.354s] INFO:colcon.colcon_core.shell:Creating environment hook '/home/ht/ht_ws/install/vikit_common/share/vikit_common/hook/pkg_config_path.ps1'
[0.354s] INFO:colcon.colcon_core.shell:Creating environment descriptor '/home/ht/ht_ws/install/vikit_common/share/vikit_common/hook/pkg_config_path.dsv'
[0.354s] INFO:colcon.colcon_core.shell:Creating environment hook '/home/ht/ht_ws/install/vikit_common/share/vikit_common/hook/pkg_config_path.sh'
[0.355s] Level 1:colcon.colcon_core.shell:create_environment_hook('vikit_common', 'pkg_config_path_multiarch')
[0.355s] INFO:colcon.colcon_core.shell:Creating environment hook '/home/ht/ht_ws/install/vikit_common/share/vikit_common/hook/pkg_config_path_multiarch.ps1'
[0.355s] INFO:colcon.colcon_core.shell:Creating environment descriptor '/home/ht/ht_ws/install/vikit_common/share/vikit_common/hook/pkg_config_path_multiarch.dsv'
[0.356s] INFO:colcon.colcon_core.shell:Creating environment hook '/home/ht/ht_ws/install/vikit_common/share/vikit_common/hook/pkg_config_path_multiarch.sh'
[0.356s] Level 1:colcon.colcon_core.environment:create_environment_scripts_only(vikit_common)
[0.357s] Level 1:colcon.colcon_core.environment:checking '/home/ht/ht_ws/install/vikit_common' for CMake module files
[0.357s] Level 1:colcon.colcon_core.environment:checking '/home/ht/ht_ws/install/vikit_common' for CMake config files
[0.357s] Level 1:colcon.colcon_core.shell:create_environment_hook('vikit_common', 'cmake_prefix_path')
[0.358s] INFO:colcon.colcon_core.shell:Creating environment hook '/home/ht/ht_ws/install/vikit_common/share/vikit_common/hook/cmake_prefix_path.ps1'
[0.358s] INFO:colcon.colcon_core.shell:Creating environment descriptor '/home/ht/ht_ws/install/vikit_common/share/vikit_common/hook/cmake_prefix_path.dsv'
[0.358s] INFO:colcon.colcon_core.shell:Creating environment hook '/home/ht/ht_ws/install/vikit_common/share/vikit_common/hook/cmake_prefix_path.sh'
[0.358s] Level 1:colcon.colcon_core.environment:checking '/home/ht/ht_ws/install/vikit_common/lib'
[0.358s] Level 1:colcon.colcon_core.shell:create_environment_hook('vikit_common', 'ld_library_path_lib')
[0.358s] INFO:colcon.colcon_core.shell:Creating environment hook '/home/ht/ht_ws/install/vikit_common/share/vikit_common/hook/ld_library_path_lib.ps1'
[0.359s] INFO:colcon.colcon_core.shell:Creating environment descriptor '/home/ht/ht_ws/install/vikit_common/share/vikit_common/hook/ld_library_path_lib.dsv'
[0.359s] INFO:colcon.colcon_core.shell:Creating environment hook '/home/ht/ht_ws/install/vikit_common/share/vikit_common/hook/ld_library_path_lib.sh'
[0.359s] Level 1:colcon.colcon_core.environment:checking '/home/ht/ht_ws/install/vikit_common/bin'
[0.359s] Level 1:colcon.colcon_core.environment:checking '/home/ht/ht_ws/install/vikit_common/lib/pkgconfig/vikit_common.pc'
[0.359s] Level 1:colcon.colcon_core.environment:checking '/home/ht/ht_ws/install/vikit_common/lib/python3.10/site-packages'
[0.359s] Level 1:colcon.colcon_core.environment:checking '/home/ht/ht_ws/install/vikit_common/bin'
[0.360s] INFO:colcon.colcon_core.shell:Creating package script '/home/ht/ht_ws/install/vikit_common/share/vikit_common/package.ps1'
[0.360s] INFO:colcon.colcon_core.shell:Creating package descriptor '/home/ht/ht_ws/install/vikit_common/share/vikit_common/package.dsv'
[0.361s] INFO:colcon.colcon_core.shell:Creating package script '/home/ht/ht_ws/install/vikit_common/share/vikit_common/package.sh'
[0.361s] INFO:colcon.colcon_core.shell:Creating package script '/home/ht/ht_ws/install/vikit_common/share/vikit_common/package.bash'
[0.361s] INFO:colcon.colcon_core.shell:Creating package script '/home/ht/ht_ws/install/vikit_common/share/vikit_common/package.zsh'
[0.362s] Level 1:colcon.colcon_core.environment:create_file_with_runtime_dependencies(/home/ht/ht_ws/install/vikit_common/share/colcon-core/packages/vikit_common)
[0.362s] INFO:colcon.colcon_ros.task.ament_cmake.build:Building ROS package in '/home/ht/ht_ws/src/rpg_vikit/vikit_ros' with build type 'ament_cmake'
[0.362s] INFO:colcon.colcon_cmake.task.cmake.build:Building CMake package in '/home/ht/ht_ws/src/rpg_vikit/vikit_ros'
[0.362s] INFO:colcon.colcon_core.shell:Skip shell extension 'powershell' for command environment: Not usable outside of PowerShell
[0.362s] DEBUG:colcon.colcon_core.shell:Skip shell extension 'dsv' for command environment
[0.368s] DEBUG:colcon.colcon_core.event_handler.log_command:Invoking command in '/home/ht/ht_ws/build/vikit_ros': CMAKE_PREFIX_PATH=/opt/ros/humble:/home/ht/ht_ws/install/vikit_common LD_LIBRARY_PATH=/home/ht/ht_ws/install/vikit_common/lib:${LD_LIBRARY_PATH} PKG_CONFIG_PATH=/home/ht/ht_ws/install/vikit_common/lib/x86_64-linux-gnu/pkgconfig:/home/ht/ht_ws/install/vikit_common/lib/pkgconfig ROS_PACKAGE_PATH=/home/ht/ht_ws/install/vikit_common/share /usr/bin/cmake --build /home/ht/ht_ws/build/vikit_ros -- -j16 -l16
[0.386s] DEBUG:colcon.colcon_core.event_handler.log_command:Invoked command in '/home/ht/ht_ws/build/realsense2_camera_msgs' returned '0': CMAKE_PREFIX_PATH=/opt/ros/humble /usr/bin/cmake --build /home/ht/ht_ws/build/realsense2_camera_msgs -- -j16 -l16
[0.387s] DEBUG:colcon.colcon_core.event_handler.log_command:Invoking command in '/home/ht/ht_ws/build/realsense2_camera_msgs': CMAKE_PREFIX_PATH=/opt/ros/humble /usr/bin/cmake --install /home/ht/ht_ws/build/realsense2_camera_msgs
[0.414s] DEBUG:colcon.colcon_core.event_handler.log_command:Invoked command in '/home/ht/ht_ws/build/vikit_ros' returned '0': CMAKE_PREFIX_PATH=/opt/ros/humble:/home/ht/ht_ws/install/vikit_common LD_LIBRARY_PATH=/home/ht/ht_ws/install/vikit_common/lib:${LD_LIBRARY_PATH} PKG_CONFIG_PATH=/home/ht/ht_ws/install/vikit_common/lib/x86_64-linux-gnu/pkgconfig:/home/ht/ht_ws/install/vikit_common/lib/pkgconfig ROS_PACKAGE_PATH=/home/ht/ht_ws/install/vikit_common/share /usr/bin/cmake --build /home/ht/ht_ws/build/vikit_ros -- -j16 -l16
[0.415s] DEBUG:colcon.colcon_core.event_handler.log_command:Invoking command in '/home/ht/ht_ws/build/vikit_ros': CMAKE_PREFIX_PATH=/opt/ros/humble:/home/ht/ht_ws/install/vikit_common LD_LIBRARY_PATH=/home/ht/ht_ws/install/vikit_common/lib:${LD_LIBRARY_PATH} PKG_CONFIG_PATH=/home/ht/ht_ws/install/vikit_common/lib/x86_64-linux-gnu/pkgconfig:/home/ht/ht_ws/install/vikit_common/lib/pkgconfig ROS_PACKAGE_PATH=/home/ht/ht_ws/install/vikit_common/share /usr/bin/cmake --install /home/ht/ht_ws/build/vikit_ros
[0.429s] Level 1:colcon.colcon_core.environment:create_environment_scripts_only(vikit_ros)
[0.429s] Level 1:colcon.colcon_core.environment:checking '/home/ht/ht_ws/install/vikit_ros' for CMake module files
[0.430s] DEBUG:colcon.colcon_core.event_handler.log_command:Invoked command in '/home/ht/ht_ws/build/vikit_ros' returned '0': CMAKE_PREFIX_PATH=/opt/ros/humble:/home/ht/ht_ws/install/vikit_common LD_LIBRARY_PATH=/home/ht/ht_ws/install/vikit_common/lib:${LD_LIBRARY_PATH} PKG_CONFIG_PATH=/home/ht/ht_ws/install/vikit_common/lib/x86_64-linux-gnu/pkgconfig:/home/ht/ht_ws/install/vikit_common/lib/pkgconfig ROS_PACKAGE_PATH=/home/ht/ht_ws/install/vikit_common/share /usr/bin/cmake --install /home/ht/ht_ws/build/vikit_ros
[0.430s] Level 1:colcon.colcon_core.environment:checking '/home/ht/ht_ws/install/vikit_ros' for CMake config files
[0.430s] Level 1:colcon.colcon_core.shell:create_environment_hook('vikit_ros', 'cmake_prefix_path')
[0.430s] INFO:colcon.colcon_core.shell:Creating environment hook '/home/ht/ht_ws/install/vikit_ros/share/vikit_ros/hook/cmake_prefix_path.ps1'
[0.430s] INFO:colcon.colcon_core.shell:Creating environment descriptor '/home/ht/ht_ws/install/vikit_ros/share/vikit_ros/hook/cmake_prefix_path.dsv'
[0.431s] INFO:colcon.colcon_core.shell:Creating environment hook '/home/ht/ht_ws/install/vikit_ros/share/vikit_ros/hook/cmake_prefix_path.sh'
[0.431s] Level 1:colcon.colcon_core.environment:checking '/home/ht/ht_ws/install/vikit_ros/lib'
[0.431s] Level 1:colcon.colcon_core.shell:create_environment_hook('vikit_ros', 'ld_library_path_lib')
[0.431s] INFO:colcon.colcon_core.shell:Creating environment hook '/home/ht/ht_ws/install/vikit_ros/share/vikit_ros/hook/ld_library_path_lib.ps1'
[0.431s] INFO:colcon.colcon_core.shell:Creating environment descriptor '/home/ht/ht_ws/install/vikit_ros/share/vikit_ros/hook/ld_library_path_lib.dsv'
[0.431s] INFO:colcon.colcon_core.shell:Creating environment hook '/home/ht/ht_ws/install/vikit_ros/share/vikit_ros/hook/ld_library_path_lib.sh'
[0.431s] Level 1:colcon.colcon_core.environment:checking '/home/ht/ht_ws/install/vikit_ros/bin'
[0.431s] Level 1:colcon.colcon_core.environment:checking '/home/ht/ht_ws/install/vikit_ros/lib/pkgconfig/vikit_ros.pc'
[0.432s] Level 1:colcon.colcon_core.environment:checking '/home/ht/ht_ws/install/vikit_ros/lib/python3.10/site-packages'
[0.432s] Level 1:colcon.colcon_core.environment:checking '/home/ht/ht_ws/install/vikit_ros/bin'
[0.432s] INFO:colcon.colcon_core.shell:Creating package script '/home/ht/ht_ws/install/vikit_ros/share/vikit_ros/package.ps1'
[0.432s] INFO:colcon.colcon_core.shell:Creating package descriptor '/home/ht/ht_ws/install/vikit_ros/share/vikit_ros/package.dsv'
[0.432s] INFO:colcon.colcon_core.shell:Creating package script '/home/ht/ht_ws/install/vikit_ros/share/vikit_ros/package.sh'
[0.433s] INFO:colcon.colcon_core.shell:Creating package script '/home/ht/ht_ws/install/vikit_ros/share/vikit_ros/package.bash'
[0.433s] INFO:colcon.colcon_core.shell:Creating package script '/home/ht/ht_ws/install/vikit_ros/share/vikit_ros/package.zsh'
[0.433s] Level 1:colcon.colcon_core.environment:create_file_with_runtime_dependencies(/home/ht/ht_ws/install/vikit_ros/share/colcon-core/packages/vikit_ros)
[0.433s] Level 1:colcon.colcon_core.environment:create_environment_scripts_only(vikit_ros)
[0.433s] Level 1:colcon.colcon_core.environment:checking '/home/ht/ht_ws/install/vikit_ros' for CMake module files
[0.433s] Level 1:colcon.colcon_core.environment:checking '/home/ht/ht_ws/install/vikit_ros' for CMake config files
[0.434s] Level 1:colcon.colcon_core.shell:create_environment_hook('vikit_ros', 'cmake_prefix_path')
[0.434s] INFO:colcon.colcon_core.shell:Creating environment hook '/home/ht/ht_ws/install/vikit_ros/share/vikit_ros/hook/cmake_prefix_path.ps1'
[0.434s] INFO:colcon.colcon_core.shell:Creating environment descriptor '/home/ht/ht_ws/install/vikit_ros/share/vikit_ros/hook/cmake_prefix_path.dsv'
[0.434s] INFO:colcon.colcon_core.shell:Creating environment hook '/home/ht/ht_ws/install/vikit_ros/share/vikit_ros/hook/cmake_prefix_path.sh'
[0.434s] Level 1:colcon.colcon_core.environment:checking '/home/ht/ht_ws/install/vikit_ros/lib'
[0.434s] Level 1:colcon.colcon_core.shell:create_environment_hook('vikit_ros', 'ld_library_path_lib')
[0.434s] INFO:colcon.colcon_core.shell:Creating environment hook '/home/ht/ht_ws/install/vikit_ros/share/vikit_ros/hook/ld_library_path_lib.ps1'
[0.435s] INFO:colcon.colcon_core.shell:Creating environment descriptor '/home/ht/ht_ws/install/vikit_ros/share/vikit_ros/hook/ld_library_path_lib.dsv'
[0.435s] INFO:colcon.colcon_core.shell:Creating environment hook '/home/ht/ht_ws/install/vikit_ros/share/vikit_ros/hook/ld_library_path_lib.sh'
[0.435s] Level 1:colcon.colcon_core.environment:checking '/home/ht/ht_ws/install/vikit_ros/bin'
[0.435s] Level 1:colcon.colcon_core.environment:checking '/home/ht/ht_ws/install/vikit_ros/lib/pkgconfig/vikit_ros.pc'
[0.435s] Level 1:colcon.colcon_core.environment:checking '/home/ht/ht_ws/install/vikit_ros/lib/python3.10/site-packages'
[0.435s] Level 1:colcon.colcon_core.environment:checking '/home/ht/ht_ws/install/vikit_ros/bin'
[0.435s] INFO:colcon.colcon_core.shell:Creating package script '/home/ht/ht_ws/install/vikit_ros/share/vikit_ros/package.ps1'
[0.436s] INFO:colcon.colcon_core.shell:Creating package descriptor '/home/ht/ht_ws/install/vikit_ros/share/vikit_ros/package.dsv'
[0.436s] INFO:colcon.colcon_core.shell:Creating package script '/home/ht/ht_ws/install/vikit_ros/share/vikit_ros/package.sh'
[0.436s] INFO:colcon.colcon_core.shell:Creating package script '/home/ht/ht_ws/install/vikit_ros/share/vikit_ros/package.bash'
[0.436s] INFO:colcon.colcon_core.shell:Creating package script '/home/ht/ht_ws/install/vikit_ros/share/vikit_ros/package.zsh'
[0.436s] Level 1:colcon.colcon_core.environment:create_file_with_runtime_dependencies(/home/ht/ht_ws/install/vikit_ros/share/colcon-core/packages/vikit_ros)
[0.437s] INFO:colcon.colcon_ros.task.ament_cmake.build:Building ROS package in '/home/ht/ht_ws/src/FAST-LIVO2' with build type 'ament_cmake'
[0.437s] INFO:colcon.colcon_cmake.task.cmake.build:Building CMake package in '/home/ht/ht_ws/src/FAST-LIVO2'
[0.437s] INFO:colcon.colcon_core.shell:Skip shell extension 'powershell' for command environment: Not usable outside of PowerShell
[0.437s] DEBUG:colcon.colcon_core.shell:Skip shell extension 'dsv' for command environment
[0.443s] Level 1:colcon.colcon_core.environment:create_environment_scripts_only(realsense2_camera_msgs)
[0.443s] Level 1:colcon.colcon_core.environment:checking '/home/ht/ht_ws/install/realsense2_camera_msgs' for CMake module files
[0.444s] DEBUG:colcon.colcon_core.event_handler.log_command:Invoking command in '/home/ht/ht_ws/build/fast_livo': AMENT_PREFIX_PATH=/home/ht/ht_ws/install/vikit_ros:${AMENT_PREFIX_PATH} CMAKE_PREFIX_PATH=/home/ht/ht_ws/install/vikit_ros:/opt/ros/humble:/home/ht/ht_ws/install/vikit_common LD_LIBRARY_PATH=/home/ht/ht_ws/install/vikit_ros/lib:/home/ht/ht_ws/install/vikit_common/lib:${LD_LIBRARY_PATH} PKG_CONFIG_PATH=/home/ht/ht_ws/install/vikit_common/lib/x86_64-linux-gnu/pkgconfig:/home/ht/ht_ws/install/vikit_common/lib/pkgconfig ROS_PACKAGE_PATH=/home/ht/ht_ws/install/vikit_common/share /usr/bin/cmake --build /home/ht/ht_ws/build/fast_livo -- -j16 -l16
[0.444s] DEBUG:colcon.colcon_core.event_handler.log_command:Invoked command in '/home/ht/ht_ws/build/realsense2_camera_msgs' returned '0': CMAKE_PREFIX_PATH=/opt/ros/humble /usr/bin/cmake --install /home/ht/ht_ws/build/realsense2_camera_msgs
[0.444s] Level 1:colcon.colcon_core.environment:checking '/home/ht/ht_ws/install/realsense2_camera_msgs' for CMake config files
[0.444s] Level 1:colcon.colcon_core.shell:create_environment_hook('realsense2_camera_msgs', 'cmake_prefix_path')
[0.444s] INFO:colcon.colcon_core.shell:Creating environment hook '/home/ht/ht_ws/install/realsense2_camera_msgs/share/realsense2_camera_msgs/hook/cmake_prefix_path.ps1'
[0.445s] INFO:colcon.colcon_core.shell:Creating environment descriptor '/home/ht/ht_ws/install/realsense2_camera_msgs/share/realsense2_camera_msgs/hook/cmake_prefix_path.dsv'
[0.445s] INFO:colcon.colcon_core.shell:Creating environment hook '/home/ht/ht_ws/install/realsense2_camera_msgs/share/realsense2_camera_msgs/hook/cmake_prefix_path.sh'
[0.445s] Level 1:colcon.colcon_core.environment:checking '/home/ht/ht_ws/install/realsense2_camera_msgs/lib'
[0.445s] Level 1:colcon.colcon_core.shell:create_environment_hook('realsense2_camera_msgs', 'ld_library_path_lib')
[0.445s] INFO:colcon.colcon_core.shell:Creating environment hook '/home/ht/ht_ws/install/realsense2_camera_msgs/share/realsense2_camera_msgs/hook/ld_library_path_lib.ps1'
[0.445s] INFO:colcon.colcon_core.shell:Creating environment descriptor '/home/ht/ht_ws/install/realsense2_camera_msgs/share/realsense2_camera_msgs/hook/ld_library_path_lib.dsv'
[0.446s] INFO:colcon.colcon_core.shell:Creating environment hook '/home/ht/ht_ws/install/realsense2_camera_msgs/share/realsense2_camera_msgs/hook/ld_library_path_lib.sh'
[0.446s] Level 1:colcon.colcon_core.environment:checking '/home/ht/ht_ws/install/realsense2_camera_msgs/bin'
[0.446s] Level 1:colcon.colcon_core.environment:checking '/home/ht/ht_ws/install/realsense2_camera_msgs/lib/pkgconfig/realsense2_camera_msgs.pc'
[0.446s] Level 1:colcon.colcon_core.environment:checking '/home/ht/ht_ws/install/realsense2_camera_msgs/lib/python3.10/site-packages'
[0.446s] Level 1:colcon.colcon_core.environment:checking '/home/ht/ht_ws/install/realsense2_camera_msgs/bin'
[0.446s] INFO:colcon.colcon_core.shell:Creating package script '/home/ht/ht_ws/install/realsense2_camera_msgs/share/realsense2_camera_msgs/package.ps1'
[0.447s] INFO:colcon.colcon_core.shell:Creating package descriptor '/home/ht/ht_ws/install/realsense2_camera_msgs/share/realsense2_camera_msgs/package.dsv'
[0.447s] INFO:colcon.colcon_core.shell:Creating package script '/home/ht/ht_ws/install/realsense2_camera_msgs/share/realsense2_camera_msgs/package.sh'
[0.447s] INFO:colcon.colcon_core.shell:Creating package script '/home/ht/ht_ws/install/realsense2_camera_msgs/share/realsense2_camera_msgs/package.bash'
[0.447s] INFO:colcon.colcon_core.shell:Creating package script '/home/ht/ht_ws/install/realsense2_camera_msgs/share/realsense2_camera_msgs/package.zsh'
[0.447s] Level 1:colcon.colcon_core.environment:create_file_with_runtime_dependencies(/home/ht/ht_ws/install/realsense2_camera_msgs/share/colcon-core/packages/realsense2_camera_msgs)
[0.448s] Level 1:colcon.colcon_core.environment:create_environment_scripts_only(realsense2_camera_msgs)
[0.448s] Level 1:colcon.colcon_core.environment:checking '/home/ht/ht_ws/install/realsense2_camera_msgs' for CMake module files
[0.448s] Level 1:colcon.colcon_core.environment:checking '/home/ht/ht_ws/install/realsense2_camera_msgs' for CMake config files
[0.448s] Level 1:colcon.colcon_core.shell:create_environment_hook('realsense2_camera_msgs', 'cmake_prefix_path')
[0.448s] INFO:colcon.colcon_core.shell:Creating environment hook '/home/ht/ht_ws/install/realsense2_camera_msgs/share/realsense2_camera_msgs/hook/cmake_prefix_path.ps1'
[0.449s] INFO:colcon.colcon_core.shell:Creating environment descriptor '/home/ht/ht_ws/install/realsense2_camera_msgs/share/realsense2_camera_msgs/hook/cmake_prefix_path.dsv'
[0.449s] INFO:colcon.colcon_core.shell:Creating environment hook '/home/ht/ht_ws/install/realsense2_camera_msgs/share/realsense2_camera_msgs/hook/cmake_prefix_path.sh'
[0.449s] Level 1:colcon.colcon_core.environment:checking '/home/ht/ht_ws/install/realsense2_camera_msgs/lib'
[0.449s] Level 1:colcon.colcon_core.shell:create_environment_hook('realsense2_camera_msgs', 'ld_library_path_lib')
[0.449s] INFO:colcon.colcon_core.shell:Creating environment hook '/home/ht/ht_ws/install/realsense2_camera_msgs/share/realsense2_camera_msgs/hook/ld_library_path_lib.ps1'
[0.449s] INFO:colcon.colcon_core.shell:Creating environment descriptor '/home/ht/ht_ws/install/realsense2_camera_msgs/share/realsense2_camera_msgs/hook/ld_library_path_lib.dsv'
[0.449s] INFO:colcon.colcon_core.shell:Creating environment hook '/home/ht/ht_ws/install/realsense2_camera_msgs/share/realsense2_camera_msgs/hook/ld_library_path_lib.sh'
[0.450s] Level 1:colcon.colcon_core.environment:checking '/home/ht/ht_ws/install/realsense2_camera_msgs/bin'
[0.450s] Level 1:colcon.colcon_core.environment:checking '/home/ht/ht_ws/install/realsense2_camera_msgs/lib/pkgconfig/realsense2_camera_msgs.pc'
[0.450s] Level 1:colcon.colcon_core.environment:checking '/home/ht/ht_ws/install/realsense2_camera_msgs/lib/python3.10/site-packages'
[0.450s] Level 1:colcon.colcon_core.environment:checking '/home/ht/ht_ws/install/realsense2_camera_msgs/bin'
[0.450s] INFO:colcon.colcon_core.shell:Creating package script '/home/ht/ht_ws/install/realsense2_camera_msgs/share/realsense2_camera_msgs/package.ps1'
[0.450s] INFO:colcon.colcon_core.shell:Creating package descriptor '/home/ht/ht_ws/install/realsense2_camera_msgs/share/realsense2_camera_msgs/package.dsv'
[0.451s] INFO:colcon.colcon_core.shell:Creating package script '/home/ht/ht_ws/install/realsense2_camera_msgs/share/realsense2_camera_msgs/package.sh'
[0.451s] INFO:colcon.colcon_core.shell:Creating package script '/home/ht/ht_ws/install/realsense2_camera_msgs/share/realsense2_camera_msgs/package.bash'
[0.451s] INFO:colcon.colcon_core.shell:Creating package script '/home/ht/ht_ws/install/realsense2_camera_msgs/share/realsense2_camera_msgs/package.zsh'
[0.451s] Level 1:colcon.colcon_core.environment:create_file_with_runtime_dependencies(/home/ht/ht_ws/install/realsense2_camera_msgs/share/colcon-core/packages/realsense2_camera_msgs)
[0.451s] INFO:colcon.colcon_ros.task.ament_cmake.build:Building ROS package in '/home/ht/ht_ws/src/realsense-ros/realsense2_camera' with build type 'ament_cmake'
[0.451s] INFO:colcon.colcon_cmake.task.cmake.build:Building CMake package in '/home/ht/ht_ws/src/realsense-ros/realsense2_camera'
[0.451s] INFO:colcon.colcon_core.shell:Skip shell extension 'powershell' for command environment: Not usable outside of PowerShell
[0.451s] DEBUG:colcon.colcon_core.shell:Skip shell extension 'dsv' for command environment
[0.453s] INFO:colcon.colcon_ros.task.ament_cmake.build:Building ROS package in '/home/ht/ht_ws/src/realsense-ros/realsense2_description' with build type 'ament_cmake'
[0.453s] INFO:colcon.colcon_cmake.task.cmake.build:Building CMake package in '/home/ht/ht_ws/src/realsense-ros/realsense2_description'
[0.453s] INFO:colcon.colcon_core.shell:Skip shell extension 'powershell' for command environment: Not usable outside of PowerShell
[0.453s] DEBUG:colcon.colcon_core.shell:Skip shell extension 'dsv' for command environment
[0.454s] INFO:colcon.colcon_ros.task.ament_cmake.build:Building ROS package in '/home/ht/ht_ws/src/realsense-ros/realsense2_rgbd_plugin' with build type 'ament_cmake'
[0.454s] INFO:colcon.colcon_cmake.task.cmake.build:Building CMake package in '/home/ht/ht_ws/src/realsense-ros/realsense2_rgbd_plugin'
[0.454s] INFO:colcon.colcon_core.shell:Skip shell extension 'powershell' for command environment: Not usable outside of PowerShell
[0.454s] DEBUG:colcon.colcon_core.shell:Skip shell extension 'dsv' for command environment
[0.458s] DEBUG:colcon.colcon_core.event_handler.log_command:Invoking command in '/home/ht/ht_ws/build/realsense2_camera': AMENT_PREFIX_PATH=/home/ht/ht_ws/install/realsense2_camera_msgs:${AMENT_PREFIX_PATH} CMAKE_PREFIX_PATH=/home/ht/ht_ws/install/realsense2_camera_msgs:/opt/ros/humble LD_LIBRARY_PATH=/home/ht/ht_ws/install/realsense2_camera_msgs/lib:${LD_LIBRARY_PATH} PYTHONPATH=/home/ht/ht_ws/install/realsense2_camera_msgs/local/lib/python3.10/dist-packages:${PYTHONPATH} /usr/bin/cmake /home/ht/ht_ws/src/realsense-ros/realsense2_camera -DCMAKE_INSTALL_PREFIX=/home/ht/ht_ws/install/realsense2_camera
[0.460s] DEBUG:colcon.colcon_core.event_handler.log_command:Invoking command in '/home/ht/ht_ws/build/realsense2_description': AMENT_PREFIX_PATH=/home/ht/ht_ws/install/realsense2_camera_msgs:${AMENT_PREFIX_PATH} CMAKE_PREFIX_PATH=/home/ht/ht_ws/install/realsense2_camera_msgs:/opt/ros/humble LD_LIBRARY_PATH=/home/ht/ht_ws/install/realsense2_camera_msgs/lib:${LD_LIBRARY_PATH} PYTHONPATH=/home/ht/ht_ws/install/realsense2_camera_msgs/local/lib/python3.10/dist-packages:${PYTHONPATH} /usr/bin/cmake --build /home/ht/ht_ws/build/realsense2_description -- -j16 -l16
[0.461s] DEBUG:colcon.colcon_core.event_handler.log_command:Invoking command in '/home/ht/ht_ws/build/realsense2_rviz_plugin': AMENT_PREFIX_PATH=/home/ht/ht_ws/install/realsense2_camera_msgs:${AMENT_PREFIX_PATH} CMAKE_PREFIX_PATH=/home/ht/ht_ws/install/realsense2_camera_msgs:/opt/ros/humble LD_LIBRARY_PATH=/home/ht/ht_ws/install/realsense2_camera_msgs/lib:${LD_LIBRARY_PATH} PYTHONPATH=/home/ht/ht_ws/install/realsense2_camera_msgs/local/lib/python3.10/dist-packages:${PYTHONPATH} /usr/bin/cmake --build /home/ht/ht_ws/build/realsense2_rviz_plugin -- -j16 -l16
[0.484s] DEBUG:colcon.colcon_core.event_handler.log_command:Invoked command in '/home/ht/ht_ws/build/realsense2_rviz_plugin' returned '0': AMENT_PREFIX_PATH=/home/ht/ht_ws/install/realsense2_camera_msgs:${AMENT_PREFIX_PATH} CMAKE_PREFIX_PATH=/home/ht/ht_ws/install/realsense2_camera_msgs:/opt/ros/humble LD_LIBRARY_PATH=/home/ht/ht_ws/install/realsense2_camera_msgs/lib:${LD_LIBRARY_PATH} PYTHONPATH=/home/ht/ht_ws/install/realsense2_camera_msgs/local/lib/python3.10/dist-packages:${PYTHONPATH} /usr/bin/cmake --build /home/ht/ht_ws/build/realsense2_rviz_plugin -- -j16 -l16
[0.486s] DEBUG:colcon.colcon_core.event_handler.log_command:Invoking command in '/home/ht/ht_ws/build/realsense2_rviz_plugin': AMENT_PREFIX_PATH=/home/ht/ht_ws/install/realsense2_camera_msgs:${AMENT_PREFIX_PATH} CMAKE_PREFIX_PATH=/home/ht/ht_ws/install/realsense2_camera_msgs:/opt/ros/humble LD_LIBRARY_PATH=/home/ht/ht_ws/install/realsense2_camera_msgs/lib:${LD_LIBRARY_PATH} PYTHONPATH=/home/ht/ht_ws/install/realsense2_camera_msgs/local/lib/python3.10/dist-packages:${PYTHONPATH} /usr/bin/cmake --install /home/ht/ht_ws/build/realsense2_rviz_plugin
[0.487s] DEBUG:colcon.colcon_core.event_handler.log_command:Invoked command in '/home/ht/ht_ws/build/realsense2_description' returned '0': AMENT_PREFIX_PATH=/home/ht/ht_ws/install/realsense2_camera_msgs:${AMENT_PREFIX_PATH} CMAKE_PREFIX_PATH=/home/ht/ht_ws/install/realsense2_camera_msgs:/opt/ros/humble LD_LIBRARY_PATH=/home/ht/ht_ws/install/realsense2_camera_msgs/lib:${LD_LIBRARY_PATH} PYTHONPATH=/home/ht/ht_ws/install/realsense2_camera_msgs/local/lib/python3.10/dist-packages:${PYTHONPATH} /usr/bin/cmake --build /home/ht/ht_ws/build/realsense2_description -- -j16 -l16
[0.488s] DEBUG:colcon.colcon_core.event_handler.log_command:Invoking command in '/home/ht/ht_ws/build/realsense2_description': AMENT_PREFIX_PATH=/home/ht/ht_ws/install/realsense2_camera_msgs:${AMENT_PREFIX_PATH} CMAKE_PREFIX_PATH=/home/ht/ht_ws/install/realsense2_camera_msgs:/opt/ros/humble LD_LIBRARY_PATH=/home/ht/ht_ws/install/realsense2_camera_msgs/lib:${LD_LIBRARY_PATH} PYTHONPATH=/home/ht/ht_ws/install/realsense2_camera_msgs/local/lib/python3.10/dist-packages:${PYTHONPATH} /usr/bin/cmake --install /home/ht/ht_ws/build/realsense2_description
[0.500s] Level 1:colcon.colcon_core.environment:create_environment_scripts_only(realsense2_rviz_plugin)
[0.500s] Level 1:colcon.colcon_core.environment:checking '/home/ht/ht_ws/install/realsense2_rviz_plugin' for CMake module files
[0.501s] DEBUG:colcon.colcon_core.event_handler.log_command:Invoked command in '/home/ht/ht_ws/build/realsense2_rviz_plugin' returned '0': AMENT_PREFIX_PATH=/home/ht/ht_ws/install/realsense2_camera_msgs:${AMENT_PREFIX_PATH} CMAKE_PREFIX_PATH=/home/ht/ht_ws/install/realsense2_camera_msgs:/opt/ros/humble LD_LIBRARY_PATH=/home/ht/ht_ws/install/realsense2_camera_msgs/lib:${LD_LIBRARY_PATH} PYTHONPATH=/home/ht/ht_ws/install/realsense2_camera_msgs/local/lib/python3.10/dist-packages:${PYTHONPATH} /usr/bin/cmake --install /home/ht/ht_ws/build/realsense2_rviz_plugin
[0.502s] Level 1:colcon.colcon_core.environment:checking '/home/ht/ht_ws/install/realsense2_rviz_plugin' for CMake config files
[0.502s] Level 1:colcon.colcon_core.shell:create_environment_hook('realsense2_rviz_plugin', 'cmake_prefix_path')
[0.502s] INFO:colcon.colcon_core.shell:Creating environment hook '/home/ht/ht_ws/install/realsense2_rviz_plugin/share/realsense2_rviz_plugin/hook/cmake_prefix_path.ps1'
[0.503s] INFO:colcon.colcon_core.shell:Creating environment descriptor '/home/ht/ht_ws/install/realsense2_rviz_plugin/share/realsense2_rviz_plugin/hook/cmake_prefix_path.dsv'
[0.503s] INFO:colcon.colcon_core.shell:Creating environment hook '/home/ht/ht_ws/install/realsense2_rviz_plugin/share/realsense2_rviz_plugin/hook/cmake_prefix_path.sh'
[0.503s] Level 1:colcon.colcon_core.environment:checking '/home/ht/ht_ws/install/realsense2_rviz_plugin/bin'
[0.503s] Level 1:colcon.colcon_core.environment:checking '/home/ht/ht_ws/install/realsense2_rviz_plugin/lib/pkgconfig/realsense2_rviz_plugin.pc'
[0.503s] Level 1:colcon.colcon_core.environment:checking '/home/ht/ht_ws/install/realsense2_rviz_plugin/lib/python3.10/site-packages'
[0.504s] Level 1:colcon.colcon_core.environment:checking '/home/ht/ht_ws/install/realsense2_rviz_plugin/bin'
[0.504s] INFO:colcon.colcon_core.shell:Creating package script '/home/ht/ht_ws/install/realsense2_rviz_plugin/share/realsense2_rviz_plugin/package.ps1'
[0.504s] INFO:colcon.colcon_core.shell:Creating package descriptor '/home/ht/ht_ws/install/realsense2_rviz_plugin/share/realsense2_rviz_plugin/package.dsv'
[0.504s] INFO:colcon.colcon_core.shell:Creating package script '/home/ht/ht_ws/install/realsense2_rviz_plugin/share/realsense2_rviz_plugin/package.sh'
[0.505s] INFO:colcon.colcon_core.shell:Creating package script '/home/ht/ht_ws/install/realsense2_rviz_plugin/share/realsense2_rviz_plugin/package.bash'
[0.505s] INFO:colcon.colcon_core.shell:Creating package script '/home/ht/ht_ws/install/realsense2_rviz_plugin/share/realsense2_rviz_plugin/package.zsh'
[0.505s] Level 1:colcon.colcon_core.environment:create_file_with_runtime_dependencies(/home/ht/ht_ws/install/realsense2_rviz_plugin/share/colcon-core/packages/realsense2_rviz_plugin)
[0.505s] Level 1:colcon.colcon_core.environment:create_environment_scripts_only(realsense2_rviz_plugin)
[0.506s] Level 1:colcon.colcon_core.environment:checking '/home/ht/ht_ws/install/realsense2_rviz_plugin' for CMake module files
[0.506s] Level 1:colcon.colcon_core.environment:checking '/home/ht/ht_ws/install/realsense2_rviz_plugin' for CMake config files
[0.506s] Level 1:colcon.colcon_core.shell:create_environment_hook('realsense2_rviz_plugin', 'cmake_prefix_path')
[0.506s] INFO:colcon.colcon_core.shell:Creating environment hook '/home/ht/ht_ws/install/realsense2_rviz_plugin/share/realsense2_rviz_plugin/hook/cmake_prefix_path.ps1'
[0.507s] INFO:colcon.colcon_core.shell:Creating environment descriptor '/home/ht/ht_ws/install/realsense2_rviz_plugin/share/realsense2_rviz_plugin/hook/cmake_prefix_path.dsv'
[0.507s] INFO:colcon.colcon_core.shell:Creating environment hook '/home/ht/ht_ws/install/realsense2_rviz_plugin/share/realsense2_rviz_plugin/hook/cmake_prefix_path.sh'
[0.507s] Level 1:colcon.colcon_core.environment:checking '/home/ht/ht_ws/install/realsense2_rviz_plugin/bin'
[0.507s] Level 1:colcon.colcon_core.environment:checking '/home/ht/ht_ws/install/realsense2_rviz_plugin/lib/pkgconfig/realsense2_rviz_plugin.pc'
[0.507s] Level 1:colcon.colcon_core.environment:checking '/home/ht/ht_ws/install/realsense2_rviz_plugin/lib/python3.10/site-packages'
[0.508s] Level 1:colcon.colcon_core.environment:checking '/home/ht/ht_ws/install/realsense2_rviz_plugin/bin'
[0.508s] INFO:colcon.colcon_core.shell:Creating package script '/home/ht/ht_ws/install/realsense2_rviz_plugin/share/realsense2_rviz_plugin/package.ps1'
[0.508s] INFO:colcon.colcon_core.shell:Creating package descriptor '/home/ht/ht_ws/install/realsense2_rviz_plugin/share/realsense2_rviz_plugin/package.dsv'
[0.508s] INFO:colcon.colcon_core.shell:Creating package script '/home/ht/ht_ws/install/realsense2_rviz_plugin/share/realsense2_rviz_plugin/package.sh'
[0.509s] INFO:colcon.colcon_core.shell:Creating package script '/home/ht/ht_ws/install/realsense2_rviz_plugin/share/realsense2_rviz_plugin/package.bash'
[0.509s] INFO:colcon.colcon_core.shell:Creating package script '/home/ht/ht_ws/install/realsense2_rviz_plugin/share/realsense2_rviz_plugin/package.zsh'
[0.509s] Level 1:colcon.colcon_core.environment:create_file_with_runtime_dependencies(/home/ht/ht_ws/install/realsense2_rviz_plugin/share/colcon-core/packages/realsense2_rviz_plugin)
[0.510s] Level 1:colcon.colcon_core.environment:create_environment_scripts_only(realsense2_description)
[0.510s] Level 1:colcon.colcon_core.environment:checking '/home/ht/ht_ws/install/realsense2_description' for CMake module files
[0.510s] DEBUG:colcon.colcon_core.event_handler.log_command:Invoked command in '/home/ht/ht_ws/build/realsense2_description' returned '0': AMENT_PREFIX_PATH=/home/ht/ht_ws/install/realsense2_camera_msgs:${AMENT_PREFIX_PATH} CMAKE_PREFIX_PATH=/home/ht/ht_ws/install/realsense2_camera_msgs:/opt/ros/humble LD_LIBRARY_PATH=/home/ht/ht_ws/install/realsense2_camera_msgs/lib:${LD_LIBRARY_PATH} PYTHONPATH=/home/ht/ht_ws/install/realsense2_camera_msgs/local/lib/python3.10/dist-packages:${PYTHONPATH} /usr/bin/cmake --install /home/ht/ht_ws/build/realsense2_description
[0.510s] Level 1:colcon.colcon_core.environment:checking '/home/ht/ht_ws/install/realsense2_description' for CMake config files
[0.511s] Level 1:colcon.colcon_core.shell:create_environment_hook('realsense2_description', 'cmake_prefix_path')
[0.511s] INFO:colcon.colcon_core.shell:Creating environment hook '/home/ht/ht_ws/install/realsense2_description/share/realsense2_description/hook/cmake_prefix_path.ps1'
[0.511s] INFO:colcon.colcon_core.shell:Creating environment descriptor '/home/ht/ht_ws/install/realsense2_description/share/realsense2_description/hook/cmake_prefix_path.dsv'
[0.511s] INFO:colcon.colcon_core.shell:Creating environment hook '/home/ht/ht_ws/install/realsense2_description/share/realsense2_description/hook/cmake_prefix_path.sh'
[0.512s] Level 1:colcon.colcon_core.environment:checking '/home/ht/ht_ws/install/realsense2_description/bin'
[0.512s] Level 1:colcon.colcon_core.environment:checking '/home/ht/ht_ws/install/realsense2_description/lib/pkgconfig/realsense2_description.pc'
[0.512s] Level 1:colcon.colcon_core.environment:checking '/home/ht/ht_ws/install/realsense2_description/lib/python3.10/site-packages'
[0.512s] Level 1:colcon.colcon_core.environment:checking '/home/ht/ht_ws/install/realsense2_description/bin'
[0.512s] INFO:colcon.colcon_core.shell:Creating package script '/home/ht/ht_ws/install/realsense2_description/share/realsense2_description/package.ps1'
[0.512s] INFO:colcon.colcon_core.shell:Creating package descriptor '/home/ht/ht_ws/install/realsense2_description/share/realsense2_description/package.dsv'
[0.512s] INFO:colcon.colcon_core.shell:Creating package script '/home/ht/ht_ws/install/realsense2_description/share/realsense2_description/package.sh'
[0.513s] INFO:colcon.colcon_core.shell:Creating package script '/home/ht/ht_ws/install/realsense2_description/share/realsense2_description/package.bash'
[0.513s] INFO:colcon.colcon_core.shell:Creating package script '/home/ht/ht_ws/install/realsense2_description/share/realsense2_description/package.zsh'
[0.513s] Level 1:colcon.colcon_core.environment:create_file_with_runtime_dependencies(/home/ht/ht_ws/install/realsense2_description/share/colcon-core/packages/realsense2_description)
[0.513s] Level 1:colcon.colcon_core.environment:create_environment_scripts_only(realsense2_description)
[0.513s] Level 1:colcon.colcon_core.environment:checking '/home/ht/ht_ws/install/realsense2_description' for CMake module files
[0.514s] Level 1:colcon.colcon_core.environment:checking '/home/ht/ht_ws/install/realsense2_description' for CMake config files
[0.514s] Level 1:colcon.colcon_core.shell:create_environment_hook('realsense2_description', 'cmake_prefix_path')
[0.514s] INFO:colcon.colcon_core.shell:Creating environment hook '/home/ht/ht_ws/install/realsense2_description/share/realsense2_description/hook/cmake_prefix_path.ps1'
[0.514s] INFO:colcon.colcon_core.shell:Creating environment descriptor '/home/ht/ht_ws/install/realsense2_description/share/realsense2_description/hook/cmake_prefix_path.dsv'
[0.514s] INFO:colcon.colcon_core.shell:Creating environment hook '/home/ht/ht_ws/install/realsense2_description/share/realsense2_description/hook/cmake_prefix_path.sh'
[0.514s] Level 1:colcon.colcon_core.environment:checking '/home/ht/ht_ws/install/realsense2_description/bin'
[0.515s] Level 1:colcon.colcon_core.environment:checking '/home/ht/ht_ws/install/realsense2_description/lib/pkgconfig/realsense2_description.pc'
[0.515s] Level 1:colcon.colcon_core.environment:checking '/home/ht/ht_ws/install/realsense2_description/lib/python3.10/site-packages'
[0.515s] Level 1:colcon.colcon_core.environment:checking '/home/ht/ht_ws/install/realsense2_description/bin'
[0.515s] INFO:colcon.colcon_core.shell:Creating package script '/home/ht/ht_ws/install/realsense2_description/share/realsense2_description/package.ps1'
[0.515s] INFO:colcon.colcon_core.shell:Creating package descriptor '/home/ht/ht_ws/install/realsense2_description/share/realsense2_description/package.dsv'
[0.516s] INFO:colcon.colcon_core.shell:Creating package script '/home/ht/ht_ws/install/realsense2_description/share/realsense2_description/package.sh'
[0.516s] INFO:colcon.colcon_core.shell:Creating package script '/home/ht/ht_ws/install/realsense2_description/share/realsense2_description/package.bash'
[0.516s] INFO:colcon.colcon_core.shell:Creating package script '/home/ht/ht_ws/install/realsense2_description/share/realsense2_description/package.zsh'
[0.516s] Level 1:colcon.colcon_core.environment:create_file_with_runtime_dependencies(/home/ht/ht_ws/install/realsense2_description/share/colcon-core/packages/realsense2_description)
[0.521s] DEBUG:colcon.colcon_core.event_handler.log_command:Invoking command in '/home/ht/ht_ws/src/realsense-ros/realsense2_ros_mqtt_bridge': PYTHONPATH=/home/ht/ht_ws/build/realsense2_ros_mqtt_bridge/prefix_override:/usr/lib/python3/dist-packages/colcon_core/task/python/colcon_distutils_commands:/home/ht/ht_ws/install/realsense2_ros_mqtt_bridge/lib/python3.10/site-packages:${PYTHONPATH} /usr/bin/python3 -W ignore:setup.py install is deprecated -W ignore:easy_install command is deprecated setup.py egg_info --egg-base ../../../build/realsense2_ros_mqtt_bridge build --build-base /home/ht/ht_ws/build/realsense2_ros_mqtt_bridge/build install --record /home/ht/ht_ws/build/realsense2_ros_mqtt_bridge/install.log --single-version-externally-managed install_data
[0.530s] DEBUG:colcon.colcon_core.event_handler.log_command:Invoked command in '/home/ht/ht_ws/build/fast_livo' returned '0': AMENT_PREFIX_PATH=/home/ht/ht_ws/install/vikit_ros:${AMENT_PREFIX_PATH} CMAKE_PREFIX_PATH=/home/ht/ht_ws/install/vikit_ros:/opt/ros/humble:/home/ht/ht_ws/install/vikit_common LD_LIBRARY_PATH=/home/ht/ht_ws/install/vikit_ros/lib:/home/ht/ht_ws/install/vikit_common/lib:${LD_LIBRARY_PATH} PKG_CONFIG_PATH=/home/ht/ht_ws/install/vikit_common/lib/x86_64-linux-gnu/pkgconfig:/home/ht/ht_ws/install/vikit_common/lib/pkgconfig ROS_PACKAGE_PATH=/home/ht/ht_ws/install/vikit_common/share /usr/bin/cmake --build /home/ht/ht_ws/build/fast_livo -- -j16 -l16
[0.531s] DEBUG:colcon.colcon_core.event_handler.log_command:Invoking command in '/home/ht/ht_ws/build/fast_livo': AMENT_PREFIX_PATH=/home/ht/ht_ws/install/vikit_ros:${AMENT_PREFIX_PATH} CMAKE_PREFIX_PATH=/home/ht/ht_ws/install/vikit_ros:/opt/ros/humble:/home/ht/ht_ws/install/vikit_common LD_LIBRARY_PATH=/home/ht/ht_ws/install/vikit_ros/lib:/home/ht/ht_ws/install/vikit_common/lib:${LD_LIBRARY_PATH} PKG_CONFIG_PATH=/home/ht/ht_ws/install/vikit_common/lib/x86_64-linux-gnu/pkgconfig:/home/ht/ht_ws/install/vikit_common/lib/pkgconfig ROS_PACKAGE_PATH=/home/ht/ht_ws/install/vikit_common/share /usr/bin/cmake --install /home/ht/ht_ws/build/fast_livo
[0.544s] Level 1:colcon.colcon_core.environment:create_environment_scripts_only(fast_livo)
[0.544s] Level 1:colcon.colcon_core.environment:checking '/home/ht/ht_ws/install/fast_livo' for CMake module files
[0.545s] DEBUG:colcon.colcon_core.event_handler.log_command:Invoked command in '/home/ht/ht_ws/build/fast_livo' returned '0': AMENT_PREFIX_PATH=/home/ht/ht_ws/install/vikit_ros:${AMENT_PREFIX_PATH} CMAKE_PREFIX_PATH=/home/ht/ht_ws/install/vikit_ros:/opt/ros/humble:/home/ht/ht_ws/install/vikit_common LD_LIBRARY_PATH=/home/ht/ht_ws/install/vikit_ros/lib:/home/ht/ht_ws/install/vikit_common/lib:${LD_LIBRARY_PATH} PKG_CONFIG_PATH=/home/ht/ht_ws/install/vikit_common/lib/x86_64-linux-gnu/pkgconfig:/home/ht/ht_ws/install/vikit_common/lib/pkgconfig ROS_PACKAGE_PATH=/home/ht/ht_ws/install/vikit_common/share /usr/bin/cmake --install /home/ht/ht_ws/build/fast_livo
[0.545s] Level 1:colcon.colcon_core.environment:checking '/home/ht/ht_ws/install/fast_livo' for CMake config files
[0.545s] Level 1:colcon.colcon_core.shell:create_environment_hook('fast_livo', 'cmake_prefix_path')
[0.545s] INFO:colcon.colcon_core.shell:Creating environment hook '/home/ht/ht_ws/install/fast_livo/share/fast_livo/hook/cmake_prefix_path.ps1'
[0.546s] INFO:colcon.colcon_core.shell:Creating environment descriptor '/home/ht/ht_ws/install/fast_livo/share/fast_livo/hook/cmake_prefix_path.dsv'
[0.546s] INFO:colcon.colcon_core.shell:Creating environment hook '/home/ht/ht_ws/install/fast_livo/share/fast_livo/hook/cmake_prefix_path.sh'
[0.546s] Level 1:colcon.colcon_core.environment:checking '/home/ht/ht_ws/install/fast_livo/lib'
[0.546s] Level 1:colcon.colcon_core.environment:checking '/home/ht/ht_ws/install/fast_livo/bin'
[0.546s] Level 1:colcon.colcon_core.environment:checking '/home/ht/ht_ws/install/fast_livo/lib/pkgconfig/fast_livo.pc'
[0.546s] Level 1:colcon.colcon_core.environment:checking '/home/ht/ht_ws/install/fast_livo/lib/python3.10/site-packages'
[0.546s] Level 1:colcon.colcon_core.environment:checking '/home/ht/ht_ws/install/fast_livo/bin'
[0.547s] INFO:colcon.colcon_core.shell:Creating package script '/home/ht/ht_ws/install/fast_livo/share/fast_livo/package.ps1'
[0.547s] INFO:colcon.colcon_core.shell:Creating package descriptor '/home/ht/ht_ws/install/fast_livo/share/fast_livo/package.dsv'
[0.547s] INFO:colcon.colcon_core.shell:Creating package script '/home/ht/ht_ws/install/fast_livo/share/fast_livo/package.sh'
[0.547s] INFO:colcon.colcon_core.shell:Creating package script '/home/ht/ht_ws/install/fast_livo/share/fast_livo/package.bash'
[0.547s] INFO:colcon.colcon_core.shell:Creating package script '/home/ht/ht_ws/install/fast_livo/share/fast_livo/package.zsh'
[0.548s] Level 1:colcon.colcon_core.environment:create_file_with_runtime_dependencies(/home/ht/ht_ws/install/fast_livo/share/colcon-core/packages/fast_livo)
[0.548s] Level 1:colcon.colcon_core.environment:create_environment_scripts_only(fast_livo)
[0.548s] Level 1:colcon.colcon_core.environment:checking '/home/ht/ht_ws/install/fast_livo' for CMake module files
[0.548s] Level 1:colcon.colcon_core.environment:checking '/home/ht/ht_ws/install/fast_livo' for CMake config files
[0.548s] Level 1:colcon.colcon_core.shell:create_environment_hook('fast_livo', 'cmake_prefix_path')
[0.548s] INFO:colcon.colcon_core.shell:Creating environment hook '/home/ht/ht_ws/install/fast_livo/share/fast_livo/hook/cmake_prefix_path.ps1'
[0.549s] INFO:colcon.colcon_core.shell:Creating environment descriptor '/home/ht/ht_ws/install/fast_livo/share/fast_livo/hook/cmake_prefix_path.dsv'
[0.549s] INFO:colcon.colcon_core.shell:Creating environment hook '/home/ht/ht_ws/install/fast_livo/share/fast_livo/hook/cmake_prefix_path.sh'
[0.549s] Level 1:colcon.colcon_core.environment:checking '/home/ht/ht_ws/install/fast_livo/lib'
[0.549s] Level 1:colcon.colcon_core.environment:checking '/home/ht/ht_ws/install/fast_livo/bin'
[0.549s] Level 1:colcon.colcon_core.environment:checking '/home/ht/ht_ws/install/fast_livo/lib/pkgconfig/fast_livo.pc'
[0.549s] Level 1:colcon.colcon_core.environment:checking '/home/ht/ht_ws/install/fast_livo/lib/python3.10/site-packages'
[0.549s] Level 1:colcon.colcon_core.environment:checking '/home/ht/ht_ws/install/fast_livo/bin'
[0.550s] INFO:colcon.colcon_core.shell:Creating package script '/home/ht/ht_ws/install/fast_livo/share/fast_livo/package.ps1'
[0.550s] INFO:colcon.colcon_core.shell:Creating package descriptor '/home/ht/ht_ws/install/fast_livo/share/fast_livo/package.dsv'
[0.550s] INFO:colcon.colcon_core.shell:Creating package script '/home/ht/ht_ws/install/fast_livo/share/fast_livo/package.sh'
[0.550s] INFO:colcon.colcon_core.shell:Creating package script '/home/ht/ht_ws/install/fast_livo/share/fast_livo/package.bash'
[0.550s] INFO:colcon.colcon_core.shell:Creating package script '/home/ht/ht_ws/install/fast_livo/share/fast_livo/package.zsh'
[0.551s] Level 1:colcon.colcon_core.environment:create_file_with_runtime_dependencies(/home/ht/ht_ws/install/fast_livo/share/colcon-core/packages/fast_livo)
[0.663s] Level 1:colcon.colcon_core.environment:checking '/home/ht/ht_ws/install/realsense2_ros_mqtt_bridge' for CMake module files
[0.663s] DEBUG:colcon.colcon_core.event_handler.log_command:Invoked command in '/home/ht/ht_ws/src/realsense-ros/realsense2_ros_mqtt_bridge' returned '0': PYTHONPATH=/home/ht/ht_ws/build/realsense2_ros_mqtt_bridge/prefix_override:/usr/lib/python3/dist-packages/colcon_core/task/python/colcon_distutils_commands:/home/ht/ht_ws/install/realsense2_ros_mqtt_bridge/lib/python3.10/site-packages:${PYTHONPATH} /usr/bin/python3 -W ignore:setup.py install is deprecated -W ignore:easy_install command is deprecated setup.py egg_info --egg-base ../../../build/realsense2_ros_mqtt_bridge build --build-base /home/ht/ht_ws/build/realsense2_ros_mqtt_bridge/build install --record /home/ht/ht_ws/build/realsense2_ros_mqtt_bridge/install.log --single-version-externally-managed install_data
[0.663s] Level 1:colcon.colcon_core.environment:checking '/home/ht/ht_ws/install/realsense2_ros_mqtt_bridge' for CMake config files
[0.664s] Level 1:colcon.colcon_core.environment:checking '/home/ht/ht_ws/install/realsense2_ros_mqtt_bridge/lib'
[0.664s] Level 1:colcon.colcon_core.environment:checking '/home/ht/ht_ws/install/realsense2_ros_mqtt_bridge/bin'
[0.664s] Level 1:colcon.colcon_core.environment:checking '/home/ht/ht_ws/install/realsense2_ros_mqtt_bridge/lib/pkgconfig/realsense2_ros_mqtt_bridge.pc'
[0.664s] Level 1:colcon.colcon_core.environment:checking '/home/ht/ht_ws/install/realsense2_ros_mqtt_bridge/lib/python3.10/site-packages'
[0.664s] Level 1:colcon.colcon_core.shell:create_environment_hook('realsense2_ros_mqtt_bridge', 'pythonpath')
[0.664s] INFO:colcon.colcon_core.shell:Creating environment hook '/home/ht/ht_ws/install/realsense2_ros_mqtt_bridge/share/realsense2_ros_mqtt_bridge/hook/pythonpath.ps1'
[0.664s] INFO:colcon.colcon_core.shell:Creating environment descriptor '/home/ht/ht_ws/install/realsense2_ros_mqtt_bridge/share/realsense2_ros_mqtt_bridge/hook/pythonpath.dsv'
[0.665s] INFO:colcon.colcon_core.shell:Creating environment hook '/home/ht/ht_ws/install/realsense2_ros_mqtt_bridge/share/realsense2_ros_mqtt_bridge/hook/pythonpath.sh'
[0.665s] Level 1:colcon.colcon_core.environment:checking '/home/ht/ht_ws/install/realsense2_ros_mqtt_bridge/bin'
[0.665s] Level 1:colcon.colcon_core.environment:create_environment_scripts_only(realsense2_ros_mqtt_bridge)
[0.665s] INFO:colcon.colcon_core.shell:Creating package script '/home/ht/ht_ws/install/realsense2_ros_mqtt_bridge/share/realsense2_ros_mqtt_bridge/package.ps1'
[0.665s] INFO:colcon.colcon_core.shell:Creating package descriptor '/home/ht/ht_ws/install/realsense2_ros_mqtt_bridge/share/realsense2_ros_mqtt_bridge/package.dsv'
[0.666s] INFO:colcon.colcon_core.shell:Creating package script '/home/ht/ht_ws/install/realsense2_ros_mqtt_bridge/share/realsense2_ros_mqtt_bridge/package.sh'
[0.666s] INFO:colcon.colcon_core.shell:Creating package script '/home/ht/ht_ws/install/realsense2_ros_mqtt_bridge/share/realsense2_ros_mqtt_bridge/package.bash'
[0.666s] INFO:colcon.colcon_core.shell:Creating package script '/home/ht/ht_ws/install/realsense2_ros_mqtt_bridge/share/realsense2_ros_mqtt_bridge/package.zsh'
[0.666s] Level 1:colcon.colcon_core.environment:create_file_with_runtime_dependencies(/home/ht/ht_ws/install/realsense2_ros_mqtt_bridge/share/colcon-core/packages/realsense2_ros_mqtt_bridge)
[0.783s] DEBUG:colcon.colcon_core.event_handler.log_command:Invoked command in '/home/ht/ht_ws/build/realsense2_camera' returned '1': AMENT_PREFIX_PATH=/home/ht/ht_ws/install/realsense2_camera_msgs:${AMENT_PREFIX_PATH} CMAKE_PREFIX_PATH=/home/ht/ht_ws/install/realsense2_camera_msgs:/opt/ros/humble LD_LIBRARY_PATH=/home/ht/ht_ws/install/realsense2_camera_msgs/lib:${LD_LIBRARY_PATH} PYTHONPATH=/home/ht/ht_ws/install/realsense2_camera_msgs/local/lib/python3.10/dist-packages:${PYTHONPATH} /usr/bin/cmake /home/ht/ht_ws/src/realsense-ros/realsense2_camera -DCMAKE_INSTALL_PREFIX=/home/ht/ht_ws/install/realsense2_camera
[0.792s] Level 1:colcon.colcon_core.environment:create_environment_scripts_only(realsense2_camera)
[0.793s] Level 1:colcon.colcon_core.environment:checking '/home/ht/ht_ws/install/realsense2_camera' for CMake module files
[0.793s] Level 1:colcon.colcon_core.environment:checking '/home/ht/ht_ws/install/realsense2_camera' for CMake config files
[0.793s] Level 1:colcon.colcon_core.environment:checking '/home/ht/ht_ws/install/realsense2_camera/bin'
[0.793s] Level 1:colcon.colcon_core.environment:checking '/home/ht/ht_ws/install/realsense2_camera/lib/pkgconfig/realsense2_camera.pc'
[0.794s] Level 1:colcon.colcon_core.environment:checking '/home/ht/ht_ws/install/realsense2_camera/lib/python3.10/site-packages'
[0.794s] Level 1:colcon.colcon_core.environment:checking '/home/ht/ht_ws/install/realsense2_camera/bin'
[0.794s] INFO:colcon.colcon_core.shell:Creating package script '/home/ht/ht_ws/install/realsense2_camera/share/realsense2_camera/package.ps1'
[0.795s] INFO:colcon.colcon_core.shell:Creating package descriptor '/home/ht/ht_ws/install/realsense2_camera/share/realsense2_camera/package.dsv'
[0.795s] INFO:colcon.colcon_core.shell:Creating package script '/home/ht/ht_ws/install/realsense2_camera/share/realsense2_camera/package.sh'
[0.795s] INFO:colcon.colcon_core.shell:Creating package script '/home/ht/ht_ws/install/realsense2_camera/share/realsense2_camera/package.bash'
[0.796s] INFO:colcon.colcon_core.shell:Creating package script '/home/ht/ht_ws/install/realsense2_camera/share/realsense2_camera/package.zsh'
[0.796s] Level 1:colcon.colcon_core.environment:create_file_with_runtime_dependencies(/home/ht/ht_ws/install/realsense2_camera/share/colcon-core/packages/realsense2_camera)
[0.806s] DEBUG:colcon.colcon_parallel_executor.executor.parallel:closing loop
[0.806s] DEBUG:colcon.colcon_parallel_executor.executor.parallel:loop closed
[0.806s] DEBUG:colcon.colcon_parallel_executor.executor.parallel:run_until_complete finished with '1'
[0.807s] DEBUG:colcon.colcon_core.event_reactor:joining thread
[0.812s] INFO:colcon.colcon_core.plugin_system:Skipping extension 'colcon_notification.desktop_notification.terminal_notifier': Not used on non-Darwin systems
[0.812s] INFO:colcon.colcon_core.plugin_system:Skipping extension 'colcon_notification.desktop_notification.win32': Not used on non-Windows systems
[0.812s] INFO:colcon.colcon_notification.desktop_notification:Sending desktop notification using 'notify2'
[0.826s] DEBUG:colcon.colcon_core.event_reactor:joined thread
[0.826s] INFO:colcon.colcon_core.shell:Creating prefix script '/home/ht/ht_ws/install/local_setup.ps1'
[0.827s] INFO:colcon.colcon_core.shell:Creating prefix util module '/home/ht/ht_ws/install/_local_setup_util_ps1.py'
[0.829s] INFO:colcon.colcon_core.shell:Creating prefix chain script '/home/ht/ht_ws/install/setup.ps1'
[0.830s] INFO:colcon.colcon_core.shell:Creating prefix script '/home/ht/ht_ws/install/local_setup.sh'
[0.830s] INFO:colcon.colcon_core.shell:Creating prefix util module '/home/ht/ht_ws/install/_local_setup_util_sh.py'
[0.831s] INFO:colcon.colcon_core.shell:Creating prefix chain script '/home/ht/ht_ws/install/setup.sh'
[0.831s] INFO:colcon.colcon_core.shell:Creating prefix script '/home/ht/ht_ws/install/local_setup.bash'
[0.832s] INFO:colcon.colcon_core.shell:Creating prefix chain script '/home/ht/ht_ws/install/setup.bash'
[0.832s] INFO:colcon.colcon_core.shell:Creating prefix script '/home/ht/ht_ws/install/local_setup.zsh'
[0.833s] INFO:colcon.colcon_core.shell:Creating prefix chain script '/home/ht/ht_ws/install/setup.zsh'
