[0.026s] Invoking command in '/home/bxi_nx/ht_ws/build/fast_livo': AMENT_PREFIX_PATH=/home/bxi_nx/ht_ws/install/vikit_ros:${AMENT_PREFIX_PATH} CMAKE_PREFIX_PATH=/home/bxi_nx/ht_ws/install/vikit_ros:/opt/ros/humble:/home/bxi_nx/ht_ws/install/vikit_common:${CMAKE_PREFIX_PATH} LD_LIBRARY_PATH=/home/bxi_nx/ht_ws/install/vikit_ros/lib:/home/bxi_nx/ht_ws/install/vikit_common/lib:/home/bxi_nx/gtsam/build/gtsam/libgtsam.so.4:/usr/local/cuda-12.6/lib64:/home/bxi_nx/ws_livox/install/livox_ros_driver2/lib:/home/bxi_nx/ws_livox/install/interface/lib:/home/bxi_nx/ws_livox/install/communication/lib:/opt/ros/humble/opt/rviz_ogre_vendor/lib:/opt/ros/humble/lib/aarch64-linux-gnu:/opt/ros/humble/lib:/home/bxi_nx/gtsam/build/gtsam/libgtsam.so.4:/usr/local/cuda-12.6/lib64 PKG_CONFIG_PATH=/home/bxi_nx/ht_ws/install/vikit_common/lib/aarch64-linux-gnu/pkgconfig:/home/bxi_nx/ht_ws/install/vikit_common/lib/pkgconfig ROS_PACKAGE_PATH=/home/bxi_nx/ht_ws/install/vikit_common/share /usr/bin/cmake --build /home/bxi_nx/ht_ws/build/fast_livo -- -j8 -l8
[0.126s] [ 12%] Built target utils
[0.144s] [ 25%] Built target imu_proc
[0.150s] [ 37%] Built target pre
[0.157s] [ 50%] Built target laser_mapping
[0.161s] [ 75%] Built target vio
[0.184s] [ 87%] Built target lio
[0.260s] [100%] Built target fastlivo_mapping
[0.283s] Invoked command in '/home/bxi_nx/ht_ws/build/fast_livo' returned '0': AMENT_PREFIX_PATH=/home/bxi_nx/ht_ws/install/vikit_ros:${AMENT_PREFIX_PATH} CMAKE_PREFIX_PATH=/home/bxi_nx/ht_ws/install/vikit_ros:/opt/ros/humble:/home/bxi_nx/ht_ws/install/vikit_common:${CMAKE_PREFIX_PATH} LD_LIBRARY_PATH=/home/bxi_nx/ht_ws/install/vikit_ros/lib:/home/bxi_nx/ht_ws/install/vikit_common/lib:/home/bxi_nx/gtsam/build/gtsam/libgtsam.so.4:/usr/local/cuda-12.6/lib64:/home/bxi_nx/ws_livox/install/livox_ros_driver2/lib:/home/bxi_nx/ws_livox/install/interface/lib:/home/bxi_nx/ws_livox/install/communication/lib:/opt/ros/humble/opt/rviz_ogre_vendor/lib:/opt/ros/humble/lib/aarch64-linux-gnu:/opt/ros/humble/lib:/home/bxi_nx/gtsam/build/gtsam/libgtsam.so.4:/usr/local/cuda-12.6/lib64 PKG_CONFIG_PATH=/home/bxi_nx/ht_ws/install/vikit_common/lib/aarch64-linux-gnu/pkgconfig:/home/bxi_nx/ht_ws/install/vikit_common/lib/pkgconfig ROS_PACKAGE_PATH=/home/bxi_nx/ht_ws/install/vikit_common/share /usr/bin/cmake --build /home/bxi_nx/ht_ws/build/fast_livo -- -j8 -l8
[0.287s] Invoking command in '/home/bxi_nx/ht_ws/build/fast_livo': AMENT_PREFIX_PATH=/home/bxi_nx/ht_ws/install/vikit_ros:${AMENT_PREFIX_PATH} CMAKE_PREFIX_PATH=/home/bxi_nx/ht_ws/install/vikit_ros:/opt/ros/humble:/home/bxi_nx/ht_ws/install/vikit_common:${CMAKE_PREFIX_PATH} LD_LIBRARY_PATH=/home/bxi_nx/ht_ws/install/vikit_ros/lib:/home/bxi_nx/ht_ws/install/vikit_common/lib:/home/bxi_nx/gtsam/build/gtsam/libgtsam.so.4:/usr/local/cuda-12.6/lib64:/home/bxi_nx/ws_livox/install/livox_ros_driver2/lib:/home/bxi_nx/ws_livox/install/interface/lib:/home/bxi_nx/ws_livox/install/communication/lib:/opt/ros/humble/opt/rviz_ogre_vendor/lib:/opt/ros/humble/lib/aarch64-linux-gnu:/opt/ros/humble/lib:/home/bxi_nx/gtsam/build/gtsam/libgtsam.so.4:/usr/local/cuda-12.6/lib64 PKG_CONFIG_PATH=/home/bxi_nx/ht_ws/install/vikit_common/lib/aarch64-linux-gnu/pkgconfig:/home/bxi_nx/ht_ws/install/vikit_common/lib/pkgconfig ROS_PACKAGE_PATH=/home/bxi_nx/ht_ws/install/vikit_common/share /usr/bin/cmake --install /home/bxi_nx/ht_ws/build/fast_livo
[0.309s] -- Install configuration: "Release"
[0.311s] -- Execute custom install script
[0.311s] -- Up-to-date symlink: /home/bxi_nx/ht_ws/install/fast_livo/lib/fast_livo/fastlivo_mapping
[0.312s] -- Up-to-date symlink: /home/bxi_nx/ht_ws/install/fast_livo/share/fast_livo/config/MARS_LVIG.yaml
[0.312s] -- Up-to-date symlink: /home/bxi_nx/ht_ws/install/fast_livo/share/fast_livo/config/avia.yaml
[0.312s] -- Up-to-date symlink: /home/bxi_nx/ht_ws/install/fast_livo/share/fast_livo/config/camera_MARS_LVIG.yaml
[0.312s] -- Up-to-date symlink: /home/bxi_nx/ht_ws/install/fast_livo/share/fast_livo/config/camera_pinhole.yaml
[0.312s] -- Up-to-date symlink: /home/bxi_nx/ht_ws/install/fast_livo/share/fast_livo/launch/mapping_avia.launch.py
[0.315s] -- Up-to-date symlink: /home/bxi_nx/ht_ws/install/fast_livo/share/fast_livo/launch/mapping_avia_marslvig.launch.py
[0.317s] -- Up-to-date symlink: /home/bxi_nx/ht_ws/install/fast_livo/share/fast_livo/rviz_cfg/M300.rviz
[0.317s] -- Up-to-date symlink: /home/bxi_nx/ht_ws/install/fast_livo/share/fast_livo/rviz_cfg/fast_livo2.rviz
[0.318s] -- Up-to-date symlink: /home/bxi_nx/ht_ws/install/fast_livo/share/ament_index/resource_index/package_run_dependencies/fast_livo
[0.318s] -- Up-to-date symlink: /home/bxi_nx/ht_ws/install/fast_livo/share/ament_index/resource_index/parent_prefix_path/fast_livo
[0.318s] -- Up-to-date symlink: /home/bxi_nx/ht_ws/install/fast_livo/share/fast_livo/environment/ament_prefix_path.sh
[0.318s] -- Up-to-date symlink: /home/bxi_nx/ht_ws/install/fast_livo/share/fast_livo/environment/ament_prefix_path.dsv
[0.319s] -- Up-to-date symlink: /home/bxi_nx/ht_ws/install/fast_livo/share/fast_livo/environment/path.sh
[0.319s] -- Up-to-date symlink: /home/bxi_nx/ht_ws/install/fast_livo/share/fast_livo/environment/path.dsv
[0.319s] -- Up-to-date symlink: /home/bxi_nx/ht_ws/install/fast_livo/share/fast_livo/local_setup.bash
[0.320s] -- Up-to-date symlink: /home/bxi_nx/ht_ws/install/fast_livo/share/fast_livo/local_setup.sh
[0.320s] -- Up-to-date symlink: /home/bxi_nx/ht_ws/install/fast_livo/share/fast_livo/local_setup.zsh
[0.320s] -- Up-to-date symlink: /home/bxi_nx/ht_ws/install/fast_livo/share/fast_livo/local_setup.dsv
[0.320s] -- Symlinking: /home/bxi_nx/ht_ws/install/fast_livo/share/fast_livo/package.dsv
[0.337s] -- Up-to-date symlink: /home/bxi_nx/ht_ws/install/fast_livo/share/ament_index/resource_index/packages/fast_livo
[0.338s] -- Up-to-date symlink: /home/bxi_nx/ht_ws/install/fast_livo/share/fast_livo/cmake/ament_cmake_export_dependencies-extras.cmake
[0.338s] -- Up-to-date symlink: /home/bxi_nx/ht_ws/install/fast_livo/share/fast_livo/cmake/fast_livoConfig.cmake
[0.338s] -- Up-to-date symlink: /home/bxi_nx/ht_ws/install/fast_livo/share/fast_livo/cmake/fast_livoConfig-version.cmake
[0.338s] -- Up-to-date symlink: /home/bxi_nx/ht_ws/install/fast_livo/share/fast_livo/package.xml
[0.378s] Invoked command in '/home/bxi_nx/ht_ws/build/fast_livo' returned '0': AMENT_PREFIX_PATH=/home/bxi_nx/ht_ws/install/vikit_ros:${AMENT_PREFIX_PATH} CMAKE_PREFIX_PATH=/home/bxi_nx/ht_ws/install/vikit_ros:/opt/ros/humble:/home/bxi_nx/ht_ws/install/vikit_common:${CMAKE_PREFIX_PATH} LD_LIBRARY_PATH=/home/bxi_nx/ht_ws/install/vikit_ros/lib:/home/bxi_nx/ht_ws/install/vikit_common/lib:/home/bxi_nx/gtsam/build/gtsam/libgtsam.so.4:/usr/local/cuda-12.6/lib64:/home/bxi_nx/ws_livox/install/livox_ros_driver2/lib:/home/bxi_nx/ws_livox/install/interface/lib:/home/bxi_nx/ws_livox/install/communication/lib:/opt/ros/humble/opt/rviz_ogre_vendor/lib:/opt/ros/humble/lib/aarch64-linux-gnu:/opt/ros/humble/lib:/home/bxi_nx/gtsam/build/gtsam/libgtsam.so.4:/usr/local/cuda-12.6/lib64 PKG_CONFIG_PATH=/home/bxi_nx/ht_ws/install/vikit_common/lib/aarch64-linux-gnu/pkgconfig:/home/bxi_nx/ht_ws/install/vikit_common/lib/pkgconfig ROS_PACKAGE_PATH=/home/bxi_nx/ht_ws/install/vikit_common/share /usr/bin/cmake --install /home/bxi_nx/ht_ws/build/fast_livo
