[0.042s] Invoking command in '/home/bxi_nx/ht_ws/build/fishbot_navigation2': CMAKE_PREFIX_PATH=${CMAKE_PREFIX_PATH}:/opt/ros/humble /usr/bin/cmake --build /home/bxi_nx/ht_ws/build/fishbot_navigation2 -- -j8 -l8
[0.109s] Invoked command in '/home/bxi_nx/ht_ws/build/fishbot_navigation2' returned '0': CMAKE_PREFIX_PATH=${CMAKE_PREFIX_PATH}:/opt/ros/humble /usr/bin/cmake --build /home/bxi_nx/ht_ws/build/fishbot_navigation2 -- -j8 -l8
[0.131s] Invoking command in '/home/bxi_nx/ht_ws/build/fishbot_navigation2': CMAKE_PREFIX_PATH=${CMAKE_PREFIX_PATH}:/opt/ros/humble /usr/bin/cmake --install /home/bxi_nx/ht_ws/build/fishbot_navigation2
[0.149s] -- Install configuration: ""
[0.152s] -- Up-to-date: /home/bxi_nx/ht_ws/install/fishbot_navigation2/share/ament_index/resource_index/package_run_dependencies/fishbot_navigation2
[0.152s] -- Up-to-date: /home/bxi_nx/ht_ws/install/fishbot_navigation2/share/ament_index/resource_index/parent_prefix_path/fishbot_navigation2
[0.153s] -- Up-to-date: /home/bxi_nx/ht_ws/install/fishbot_navigation2/share/fishbot_navigation2/environment/ament_prefix_path.sh
[0.153s] -- Up-to-date: /home/bxi_nx/ht_ws/install/fishbot_navigation2/share/fishbot_navigation2/environment/ament_prefix_path.dsv
[0.153s] -- Up-to-date: /home/bxi_nx/ht_ws/install/fishbot_navigation2/share/fishbot_navigation2/environment/path.sh
[0.153s] -- Up-to-date: /home/bxi_nx/ht_ws/install/fishbot_navigation2/share/fishbot_navigation2/environment/path.dsv
[0.153s] -- Up-to-date: /home/bxi_nx/ht_ws/install/fishbot_navigation2/share/fishbot_navigation2/local_setup.bash
[0.153s] -- Up-to-date: /home/bxi_nx/ht_ws/install/fishbot_navigation2/share/fishbot_navigation2/local_setup.sh
[0.153s] -- Up-to-date: /home/bxi_nx/ht_ws/install/fishbot_navigation2/share/fishbot_navigation2/local_setup.zsh
[0.153s] -- Up-to-date: /home/bxi_nx/ht_ws/install/fishbot_navigation2/share/fishbot_navigation2/local_setup.dsv
[0.154s] -- Up-to-date: /home/bxi_nx/ht_ws/install/fishbot_navigation2/share/fishbot_navigation2/package.dsv
[0.154s] -- Up-to-date: /home/bxi_nx/ht_ws/install/fishbot_navigation2/share/ament_index/resource_index/packages/fishbot_navigation2
[0.154s] -- Up-to-date: /home/bxi_nx/ht_ws/install/fishbot_navigation2/share/fishbot_navigation2/cmake/fishbot_navigation2Config.cmake
[0.154s] -- Up-to-date: /home/bxi_nx/ht_ws/install/fishbot_navigation2/share/fishbot_navigation2/cmake/fishbot_navigation2Config-version.cmake
[0.154s] -- Up-to-date: /home/bxi_nx/ht_ws/install/fishbot_navigation2/share/fishbot_navigation2/package.xml
[0.164s] Invoked command in '/home/bxi_nx/ht_ws/build/fishbot_navigation2' returned '0': CMAKE_PREFIX_PATH=${CMAKE_PREFIX_PATH}:/opt/ros/humble /usr/bin/cmake --install /home/bxi_nx/ht_ws/build/fishbot_navigation2
