[0.037s] Invoking command in '/home/bxi_nx/ht_ws/build/vikit_common': /usr/bin/cmake /home/bxi_nx/ht_ws/src/rpg_vikit/vikit_common -DCATKIN_INSTALL_INTO_PREFIX_ROOT=0 -DCATKIN_SYMLINK_INSTALL=ON -DCMAKE_INSTALL_PREFIX=/home/bxi_nx/ht_ws/install/vikit_common
[0.060s] [0mCurrent CPU archtecture: aarch64[0m
[0.060s] -- Found ament_cmake: 1.3.12 (/opt/ros/humble/share/ament_cmake/cmake)
[0.459s] -- Configuring done
[0.495s] -- Generating done
[0.498s] [33mCMake Warning:
[0.498s]   Manually-specified variables were not used by the project:
[0.498s] 
[0.498s]     CATKIN_SYMLINK_INSTALL
[0.499s] 
[0.499s] [0m
[0.506s] -- Build files have been written to: /home/bxi_nx/ht_ws/build/vikit_common
[0.514s] Invoked command in '/home/bxi_nx/ht_ws/build/vikit_common' returned '0': /usr/bin/cmake /home/bxi_nx/ht_ws/src/rpg_vikit/vikit_common -DCATKIN_INSTALL_INTO_PREFIX_ROOT=0 -DCATKIN_SYMLINK_INSTALL=ON -DCMAKE_INSTALL_PREFIX=/home/bxi_nx/ht_ws/install/vikit_common
[0.517s] Invoking command in '/home/bxi_nx/ht_ws/build/vikit_common': /usr/bin/cmake --build /home/bxi_nx/ht_ws/build/vikit_common -- -j8 -l8
[0.604s] [35m[1mConsolidate compiler generated dependencies of target vikit_common[0m
[0.663s] [ 68%] Built target vikit_common
[0.683s] [35m[1mConsolidate compiler generated dependencies of target test_vk_common_patch_score[0m
[0.683s] [35m[1mConsolidate compiler generated dependencies of target test_vk_common_camera[0m
[0.685s] [35m[1mConsolidate compiler generated dependencies of target test_vk_common_triangulation[0m
[0.713s] [ 78%] Built target test_vk_common_patch_score
[0.718s] [100%] Built target test_vk_common_triangulation
[0.719s] [100%] Built target test_vk_common_camera
[0.739s] Invoked command in '/home/bxi_nx/ht_ws/build/vikit_common' returned '0': /usr/bin/cmake --build /home/bxi_nx/ht_ws/build/vikit_common -- -j8 -l8
[0.743s] Invoking command in '/home/bxi_nx/ht_ws/build/vikit_common': /usr/bin/cmake --install /home/bxi_nx/ht_ws/build/vikit_common
[0.757s] -- Install configuration: "Release"
[0.758s] -- Up-to-date: /home/bxi_nx/ht_ws/install/vikit_common/lib/libvikit_common.so
[0.758s] -- Up-to-date: /home/bxi_nx/ht_ws/install/vikit_common/lib/vikit_common/test_vk_common_camera
[0.758s] -- Up-to-date: /home/bxi_nx/ht_ws/install/vikit_common/lib/vikit_common/test_vk_common_triangulation
[0.758s] -- Up-to-date: /home/bxi_nx/ht_ws/install/vikit_common/lib/vikit_common/test_vk_common_patch_score
[0.759s] -- Up-to-date: /home/bxi_nx/ht_ws/install/vikit_common/include/vikit_common
[0.759s] -- Up-to-date: /home/bxi_nx/ht_ws/install/vikit_common/include/vikit_common/vikit
[0.759s] -- Up-to-date: /home/bxi_nx/ht_ws/install/vikit_common/include/vikit_common/vikit/math_utils.h
[0.759s] -- Up-to-date: /home/bxi_nx/ht_ws/install/vikit_common/include/vikit_common/vikit/timer.h
[0.759s] -- Up-to-date: /home/bxi_nx/ht_ws/install/vikit_common/include/vikit_common/vikit/file_reader_types.h
[0.759s] -- Up-to-date: /home/bxi_nx/ht_ws/install/vikit_common/include/vikit_common/vikit/img_align.h
[0.760s] -- Up-to-date: /home/bxi_nx/ht_ws/install/vikit_common/include/vikit_common/vikit/homography.h
[0.760s] -- Up-to-date: /home/bxi_nx/ht_ws/install/vikit_common/include/vikit_common/vikit/omni_camera.h
[0.760s] -- Up-to-date: /home/bxi_nx/ht_ws/install/vikit_common/include/vikit_common/vikit/patch_score.h
[0.760s] -- Up-to-date: /home/bxi_nx/ht_ws/install/vikit_common/include/vikit_common/vikit/vision.h
[0.760s] -- Up-to-date: /home/bxi_nx/ht_ws/install/vikit_common/include/vikit_common/vikit/user_input_thread.h
[0.760s] -- Up-to-date: /home/bxi_nx/ht_ws/install/vikit_common/include/vikit_common/vikit/blender_utils.h
[0.761s] -- Up-to-date: /home/bxi_nx/ht_ws/install/vikit_common/include/vikit_common/vikit/performance_monitor.h
[0.761s] -- Up-to-date: /home/bxi_nx/ht_ws/install/vikit_common/include/vikit_common/vikit/nlls_solver_impl.hpp
[0.761s] -- Up-to-date: /home/bxi_nx/ht_ws/install/vikit_common/include/vikit_common/vikit/atan_camera.h
[0.761s] -- Up-to-date: /home/bxi_nx/ht_ws/install/vikit_common/include/vikit_common/vikit/equidistant_camera.h
[0.761s] -- Up-to-date: /home/bxi_nx/ht_ws/install/vikit_common/include/vikit_common/vikit/file_reader.h
[0.761s] -- Up-to-date: /home/bxi_nx/ht_ws/install/vikit_common/include/vikit_common/vikit/pinhole_camera.h
[0.762s] -- Up-to-date: /home/bxi_nx/ht_ws/install/vikit_common/include/vikit_common/vikit/robust_cost.h
[0.762s] -- Up-to-date: /home/bxi_nx/ht_ws/install/vikit_common/include/vikit_common/vikit/aligned_mem.h
[0.762s] -- Up-to-date: /home/bxi_nx/ht_ws/install/vikit_common/include/vikit_common/vikit/polynomial_camera.h
[0.762s] -- Up-to-date: /home/bxi_nx/ht_ws/install/vikit_common/include/vikit_common/vikit/nlls_solver.h
[0.762s] -- Up-to-date: /home/bxi_nx/ht_ws/install/vikit_common/include/vikit_common/vikit/abstract_camera.h
[0.762s] -- Up-to-date: /home/bxi_nx/ht_ws/install/vikit_common/include/vikit_common/vikit/sample.h
[0.762s] -- Up-to-date: /home/bxi_nx/ht_ws/install/vikit_common/include/vikit_common/vikit/ringbuffer.h
[0.763s] -- Up-to-date: /home/bxi_nx/ht_ws/install/vikit_common/share/vikit_common/environment/library_path.sh
[0.763s] -- Installing: /home/bxi_nx/ht_ws/install/vikit_common/share/vikit_common/environment/library_path.dsv
[0.763s] -- Up-to-date: /home/bxi_nx/ht_ws/install/vikit_common/share/ament_index/resource_index/package_run_dependencies/vikit_common
[0.763s] -- Installing: /home/bxi_nx/ht_ws/install/vikit_common/share/ament_index/resource_index/parent_prefix_path/vikit_common
[0.763s] -- Up-to-date: /home/bxi_nx/ht_ws/install/vikit_common/share/vikit_common/environment/ament_prefix_path.sh
[0.763s] -- Installing: /home/bxi_nx/ht_ws/install/vikit_common/share/vikit_common/environment/ament_prefix_path.dsv
[0.763s] -- Up-to-date: /home/bxi_nx/ht_ws/install/vikit_common/share/vikit_common/environment/path.sh
[0.764s] -- Installing: /home/bxi_nx/ht_ws/install/vikit_common/share/vikit_common/environment/path.dsv
[0.764s] -- Up-to-date: /home/bxi_nx/ht_ws/install/vikit_common/share/vikit_common/local_setup.bash
[0.764s] -- Up-to-date: /home/bxi_nx/ht_ws/install/vikit_common/share/vikit_common/local_setup.sh
[0.764s] -- Up-to-date: /home/bxi_nx/ht_ws/install/vikit_common/share/vikit_common/local_setup.zsh
[0.764s] -- Installing: /home/bxi_nx/ht_ws/install/vikit_common/share/vikit_common/local_setup.dsv
[0.764s] -- Installing: /home/bxi_nx/ht_ws/install/vikit_common/share/vikit_common/package.dsv
[0.764s] -- Up-to-date: /home/bxi_nx/ht_ws/install/vikit_common/share/ament_index/resource_index/packages/vikit_common
[0.764s] -- Up-to-date: /home/bxi_nx/ht_ws/install/vikit_common/share/vikit_common/cmake/vikit_commonExport.cmake
[0.764s] -- Up-to-date: /home/bxi_nx/ht_ws/install/vikit_common/share/vikit_common/cmake/vikit_commonExport-release.cmake
[0.765s] -- Up-to-date: /home/bxi_nx/ht_ws/install/vikit_common/share/vikit_common/cmake/ament_cmake_export_include_directories-extras.cmake
[0.765s] -- Up-to-date: /home/bxi_nx/ht_ws/install/vikit_common/share/vikit_common/cmake/ament_cmake_export_libraries-extras.cmake
[0.765s] -- Up-to-date: /home/bxi_nx/ht_ws/install/vikit_common/share/vikit_common/cmake/ament_cmake_export_dependencies-extras.cmake
[0.765s] -- Up-to-date: /home/bxi_nx/ht_ws/install/vikit_common/share/vikit_common/cmake/ament_cmake_export_targets-extras.cmake
[0.765s] -- Up-to-date: /home/bxi_nx/ht_ws/install/vikit_common/share/vikit_common/cmake/vikit_commonConfig.cmake
[0.766s] -- Up-to-date: /home/bxi_nx/ht_ws/install/vikit_common/share/vikit_common/cmake/vikit_commonConfig-version.cmake
[0.766s] -- Up-to-date: /home/bxi_nx/ht_ws/install/vikit_common/share/vikit_common/package.xml
[0.767s] Invoked command in '/home/bxi_nx/ht_ws/build/vikit_common' returned '0': /usr/bin/cmake --install /home/bxi_nx/ht_ws/build/vikit_common
