[0.005s] Invoking command in '/home/ht/ht_ws/build/vikit_ros': CMAKE_PREFIX_PATH=/opt/ros/humble:/home/ht/ht_ws/install/vikit_common LD_LIBRARY_PATH=/home/ht/ht_ws/install/vikit_common/lib:${LD_LIBRARY_PATH} PKG_CONFIG_PATH=/home/ht/ht_ws/install/vikit_common/lib/x86_64-linux-gnu/pkgconfig:/home/ht/ht_ws/install/vikit_common/lib/pkgconfig ROS_PACKAGE_PATH=/home/ht/ht_ws/install/vikit_common/share /usr/bin/cmake --build /home/ht/ht_ws/build/vikit_ros -- -j16 -l16
[0.030s] [35m[1mConsolidate compiler generated dependencies of target vikit_ros[0m
[0.048s] [100%] Built target vikit_ros
[0.059s] Invoked command in '/home/ht/ht_ws/build/vikit_ros' returned '0': CMAKE_PREFIX_PATH=/opt/ros/humble:/home/ht/ht_ws/install/vikit_common LD_LIBRARY_PATH=/home/ht/ht_ws/install/vikit_common/lib:${LD_LIBRARY_PATH} PKG_CONFIG_PATH=/home/ht/ht_ws/install/vikit_common/lib/x86_64-linux-gnu/pkgconfig:/home/ht/ht_ws/install/vikit_common/lib/pkgconfig ROS_PACKAGE_PATH=/home/ht/ht_ws/install/vikit_common/share /usr/bin/cmake --build /home/ht/ht_ws/build/vikit_ros -- -j16 -l16
[0.060s] Invoking command in '/home/ht/ht_ws/build/vikit_ros': CMAKE_PREFIX_PATH=/opt/ros/humble:/home/ht/ht_ws/install/vikit_common LD_LIBRARY_PATH=/home/ht/ht_ws/install/vikit_common/lib:${LD_LIBRARY_PATH} PKG_CONFIG_PATH=/home/ht/ht_ws/install/vikit_common/lib/x86_64-linux-gnu/pkgconfig:/home/ht/ht_ws/install/vikit_common/lib/pkgconfig ROS_PACKAGE_PATH=/home/ht/ht_ws/install/vikit_common/share /usr/bin/cmake --install /home/ht/ht_ws/build/vikit_ros
[0.068s] -- Install configuration: "Release"
[0.068s] -- Up-to-date: /home/ht/ht_ws/install/vikit_ros/include/vikit_ros
[0.068s] -- Up-to-date: /home/ht/ht_ws/install/vikit_ros/include/vikit_ros/vikit
[0.068s] -- Up-to-date: /home/ht/ht_ws/install/vikit_ros/include/vikit_ros/vikit/params_helper.h
[0.068s] -- Up-to-date: /home/ht/ht_ws/install/vikit_ros/include/vikit_ros/vikit/output_helper.h
[0.068s] -- Up-to-date: /home/ht/ht_ws/install/vikit_ros/include/vikit_ros/vikit/camera_loader.h
[0.068s] -- Up-to-date: /home/ht/ht_ws/install/vikit_ros/lib/libvikit_ros.so
[0.068s] -- Up-to-date: /home/ht/ht_ws/install/vikit_ros/share/vikit_ros/environment/library_path.sh
[0.068s] -- Up-to-date: /home/ht/ht_ws/install/vikit_ros/share/vikit_ros/environment/library_path.dsv
[0.068s] -- Up-to-date: /home/ht/ht_ws/install/vikit_ros/share/ament_index/resource_index/package_run_dependencies/vikit_ros
[0.068s] -- Up-to-date: /home/ht/ht_ws/install/vikit_ros/share/ament_index/resource_index/parent_prefix_path/vikit_ros
[0.068s] -- Up-to-date: /home/ht/ht_ws/install/vikit_ros/share/vikit_ros/environment/ament_prefix_path.sh
[0.068s] -- Up-to-date: /home/ht/ht_ws/install/vikit_ros/share/vikit_ros/environment/ament_prefix_path.dsv
[0.068s] -- Up-to-date: /home/ht/ht_ws/install/vikit_ros/share/vikit_ros/environment/path.sh
[0.068s] -- Up-to-date: /home/ht/ht_ws/install/vikit_ros/share/vikit_ros/environment/path.dsv
[0.068s] -- Up-to-date: /home/ht/ht_ws/install/vikit_ros/share/vikit_ros/local_setup.bash
[0.068s] -- Up-to-date: /home/ht/ht_ws/install/vikit_ros/share/vikit_ros/local_setup.sh
[0.068s] -- Up-to-date: /home/ht/ht_ws/install/vikit_ros/share/vikit_ros/local_setup.zsh
[0.068s] -- Up-to-date: /home/ht/ht_ws/install/vikit_ros/share/vikit_ros/local_setup.dsv
[0.068s] -- Installing: /home/ht/ht_ws/install/vikit_ros/share/vikit_ros/package.dsv
[0.068s] -- Up-to-date: /home/ht/ht_ws/install/vikit_ros/share/ament_index/resource_index/packages/vikit_ros
[0.068s] -- Up-to-date: /home/ht/ht_ws/install/vikit_ros/share/vikit_ros/cmake/vikit_rosExport.cmake
[0.068s] -- Up-to-date: /home/ht/ht_ws/install/vikit_ros/share/vikit_ros/cmake/vikit_rosExport-release.cmake
[0.068s] -- Up-to-date: /home/ht/ht_ws/install/vikit_ros/share/vikit_ros/cmake/ament_cmake_export_dependencies-extras.cmake
[0.069s] -- Up-to-date: /home/ht/ht_ws/install/vikit_ros/share/vikit_ros/cmake/ament_cmake_export_include_directories-extras.cmake
[0.069s] -- Up-to-date: /home/ht/ht_ws/install/vikit_ros/share/vikit_ros/cmake/ament_cmake_export_libraries-extras.cmake
[0.069s] -- Up-to-date: /home/ht/ht_ws/install/vikit_ros/share/vikit_ros/cmake/ament_cmake_export_targets-extras.cmake
[0.069s] -- Up-to-date: /home/ht/ht_ws/install/vikit_ros/share/vikit_ros/cmake/vikit_rosConfig.cmake
[0.069s] -- Up-to-date: /home/ht/ht_ws/install/vikit_ros/share/vikit_ros/cmake/vikit_rosConfig-version.cmake
[0.069s] -- Up-to-date: /home/ht/ht_ws/install/vikit_ros/share/vikit_ros/package.xml
[0.070s] Invoked command in '/home/ht/ht_ws/build/vikit_ros' returned '0': CMAKE_PREFIX_PATH=/opt/ros/humble:/home/ht/ht_ws/install/vikit_common LD_LIBRARY_PATH=/home/ht/ht_ws/install/vikit_common/lib:${LD_LIBRARY_PATH} PKG_CONFIG_PATH=/home/ht/ht_ws/install/vikit_common/lib/x86_64-linux-gnu/pkgconfig:/home/ht/ht_ws/install/vikit_common/lib/pkgconfig ROS_PACKAGE_PATH=/home/ht/ht_ws/install/vikit_common/share /usr/bin/cmake --install /home/ht/ht_ws/build/vikit_ros
