[0.007s] Invoking command in '/home/ht/ht_ws/build/fast_livo': AMENT_PREFIX_PATH=/home/ht/ht_ws/install/vikit_ros:${AMENT_PREFIX_PATH} CMAKE_PREFIX_PATH=/home/ht/ht_ws/install/vikit_ros:/opt/ros/humble:/home/ht/ht_ws/install/vikit_common LD_LIBRARY_PATH=/home/ht/ht_ws/install/vikit_ros/lib:/home/ht/ht_ws/install/vikit_common/lib:${LD_LIBRARY_PATH} PKG_CONFIG_PATH=/home/ht/ht_ws/install/vikit_common/lib/x86_64-linux-gnu/pkgconfig:/home/ht/ht_ws/install/vikit_common/lib/pkgconfig ROS_PACKAGE_PATH=/home/ht/ht_ws/install/vikit_common/share /usr/bin/cmake --build /home/ht/ht_ws/build/fast_livo -- -j16 -l16
[0.033s] [35m[1mConsolidate compiler generated dependencies of target utils[0m
[0.033s] [35m[1mConsolidate compiler generated dependencies of target imu_proc[0m
[0.034s] [35m[1mConsolidate compiler generated dependencies of target pre[0m
[0.037s] [35m[1mConsolidate compiler generated dependencies of target laser_mapping[0m
[0.038s] [35m[1mConsolidate compiler generated dependencies of target vio[0m
[0.039s] [ 12%] Built target utils
[0.047s] [35m[1mConsolidate compiler generated dependencies of target lio[0m
[0.049s] [ 25%] Built target imu_proc
[0.053s] [ 37%] Built target pre
[0.058s] [ 50%] Built target laser_mapping
[0.058s] [ 75%] Built target vio
[0.063s] [ 87%] Built target lio
[0.071s] [35m[1mConsolidate compiler generated dependencies of target fastlivo_mapping[0m
[0.088s] [100%] Built target fastlivo_mapping
[0.097s] Invoked command in '/home/ht/ht_ws/build/fast_livo' returned '0': AMENT_PREFIX_PATH=/home/ht/ht_ws/install/vikit_ros:${AMENT_PREFIX_PATH} CMAKE_PREFIX_PATH=/home/ht/ht_ws/install/vikit_ros:/opt/ros/humble:/home/ht/ht_ws/install/vikit_common LD_LIBRARY_PATH=/home/ht/ht_ws/install/vikit_ros/lib:/home/ht/ht_ws/install/vikit_common/lib:${LD_LIBRARY_PATH} PKG_CONFIG_PATH=/home/ht/ht_ws/install/vikit_common/lib/x86_64-linux-gnu/pkgconfig:/home/ht/ht_ws/install/vikit_common/lib/pkgconfig ROS_PACKAGE_PATH=/home/ht/ht_ws/install/vikit_common/share /usr/bin/cmake --build /home/ht/ht_ws/build/fast_livo -- -j16 -l16
[0.098s] Invoking command in '/home/ht/ht_ws/build/fast_livo': AMENT_PREFIX_PATH=/home/ht/ht_ws/install/vikit_ros:${AMENT_PREFIX_PATH} CMAKE_PREFIX_PATH=/home/ht/ht_ws/install/vikit_ros:/opt/ros/humble:/home/ht/ht_ws/install/vikit_common LD_LIBRARY_PATH=/home/ht/ht_ws/install/vikit_ros/lib:/home/ht/ht_ws/install/vikit_common/lib:${LD_LIBRARY_PATH} PKG_CONFIG_PATH=/home/ht/ht_ws/install/vikit_common/lib/x86_64-linux-gnu/pkgconfig:/home/ht/ht_ws/install/vikit_common/lib/pkgconfig ROS_PACKAGE_PATH=/home/ht/ht_ws/install/vikit_common/share /usr/bin/cmake --install /home/ht/ht_ws/build/fast_livo
[0.103s] -- Install configuration: "Release"
[0.104s] -- Execute custom install script
[0.104s] -- Up-to-date symlink: /home/ht/ht_ws/install/fast_livo/lib/fast_livo/fastlivo_mapping
[0.104s] -- Up-to-date symlink: /home/ht/ht_ws/install/fast_livo/share/fast_livo/config/MARS_LVIG.yaml
[0.104s] -- Up-to-date symlink: /home/ht/ht_ws/install/fast_livo/share/fast_livo/config/avia.yaml
[0.104s] -- Up-to-date symlink: /home/ht/ht_ws/install/fast_livo/share/fast_livo/config/camera_MARS_LVIG.yaml
[0.104s] -- Up-to-date symlink: /home/ht/ht_ws/install/fast_livo/share/fast_livo/config/camera_pinhole.yaml
[0.104s] -- Up-to-date symlink: /home/ht/ht_ws/install/fast_livo/share/fast_livo/launch/mapping_avia.launch.py
[0.104s] -- Up-to-date symlink: /home/ht/ht_ws/install/fast_livo/share/fast_livo/launch/mapping_avia_marslvig.launch.py
[0.104s] -- Up-to-date symlink: /home/ht/ht_ws/install/fast_livo/share/fast_livo/rviz_cfg/M300.rviz
[0.104s] -- Up-to-date symlink: /home/ht/ht_ws/install/fast_livo/share/fast_livo/rviz_cfg/fast_livo2.rviz
[0.104s] -- Up-to-date symlink: /home/ht/ht_ws/install/fast_livo/share/ament_index/resource_index/package_run_dependencies/fast_livo
[0.105s] -- Up-to-date symlink: /home/ht/ht_ws/install/fast_livo/share/ament_index/resource_index/parent_prefix_path/fast_livo
[0.105s] -- Up-to-date symlink: /home/ht/ht_ws/install/fast_livo/share/fast_livo/environment/ament_prefix_path.sh
[0.105s] -- Up-to-date symlink: /home/ht/ht_ws/install/fast_livo/share/fast_livo/environment/ament_prefix_path.dsv
[0.105s] -- Up-to-date symlink: /home/ht/ht_ws/install/fast_livo/share/fast_livo/environment/path.sh
[0.105s] -- Up-to-date symlink: /home/ht/ht_ws/install/fast_livo/share/fast_livo/environment/path.dsv
[0.105s] -- Up-to-date symlink: /home/ht/ht_ws/install/fast_livo/share/fast_livo/local_setup.bash
[0.105s] -- Up-to-date symlink: /home/ht/ht_ws/install/fast_livo/share/fast_livo/local_setup.sh
[0.105s] -- Up-to-date symlink: /home/ht/ht_ws/install/fast_livo/share/fast_livo/local_setup.zsh
[0.105s] -- Up-to-date symlink: /home/ht/ht_ws/install/fast_livo/share/fast_livo/local_setup.dsv
[0.105s] -- Symlinking: /home/ht/ht_ws/install/fast_livo/share/fast_livo/package.dsv
[0.112s] -- Up-to-date symlink: /home/ht/ht_ws/install/fast_livo/share/ament_index/resource_index/packages/fast_livo
[0.112s] -- Up-to-date symlink: /home/ht/ht_ws/install/fast_livo/share/fast_livo/cmake/ament_cmake_export_dependencies-extras.cmake
[0.112s] -- Up-to-date symlink: /home/ht/ht_ws/install/fast_livo/share/fast_livo/cmake/fast_livoConfig.cmake
[0.112s] -- Up-to-date symlink: /home/ht/ht_ws/install/fast_livo/share/fast_livo/cmake/fast_livoConfig-version.cmake
[0.112s] -- Up-to-date symlink: /home/ht/ht_ws/install/fast_livo/share/fast_livo/package.xml
[0.114s] Invoked command in '/home/ht/ht_ws/build/fast_livo' returned '0': AMENT_PREFIX_PATH=/home/ht/ht_ws/install/vikit_ros:${AMENT_PREFIX_PATH} CMAKE_PREFIX_PATH=/home/ht/ht_ws/install/vikit_ros:/opt/ros/humble:/home/ht/ht_ws/install/vikit_common LD_LIBRARY_PATH=/home/ht/ht_ws/install/vikit_ros/lib:/home/ht/ht_ws/install/vikit_common/lib:${LD_LIBRARY_PATH} PKG_CONFIG_PATH=/home/ht/ht_ws/install/vikit_common/lib/x86_64-linux-gnu/pkgconfig:/home/ht/ht_ws/install/vikit_common/lib/pkgconfig ROS_PACKAGE_PATH=/home/ht/ht_ws/install/vikit_common/share /usr/bin/cmake --install /home/ht/ht_ws/build/fast_livo
