[0.965s] Invoking command in '/home/bxi_nx/ht_ws/build/octomap_server2': CMAKE_PREFIX_PATH=${CMAKE_PREFIX_PATH}:/opt/ros/humble /usr/bin/cmake --build /home/bxi_nx/ht_ws/build/octomap_server2 -- -j8 -l8
[1.182s] [ 66%] Built target octomap_server2
[1.191s] [100%] Built target octomap_server
[1.315s] Invoked command in '/home/bxi_nx/ht_ws/build/octomap_server2' returned '0': CMAKE_PREFIX_PATH=${CMAKE_PREFIX_PATH}:/opt/ros/humble /usr/bin/cmake --build /home/bxi_nx/ht_ws/build/octomap_server2 -- -j8 -l8
[1.319s] Invoking command in '/home/bxi_nx/ht_ws/build/octomap_server2': CMAKE_PREFIX_PATH=${CMAKE_PREFIX_PATH}:/opt/ros/humble /usr/bin/cmake --install /home/bxi_nx/ht_ws/build/octomap_server2
[1.344s] -- Install configuration: ""
[1.346s] -- Up-to-date: /home/bxi_nx/ht_ws/install/octomap_server2/lib/octomap_server2/octomap_server
[1.347s] -- Up-to-date: /home/bxi_nx/ht_ws/install/octomap_server2/lib/liboctomap_server2.so
[1.356s] -- Up-to-date: /home/bxi_nx/ht_ws/install/octomap_server2/share/octomap_server2//launch
[1.356s] -- Up-to-date: /home/bxi_nx/ht_ws/install/octomap_server2/share/octomap_server2//launch/octomap_server_launch.py
[1.356s] -- Up-to-date: /home/bxi_nx/ht_ws/install/octomap_server2/share/octomap_server2//launch/octomap_server_launch_all.py
[1.356s] -- Up-to-date: /home/bxi_nx/ht_ws/install/octomap_server2/share/ament_index/resource_index/package_run_dependencies/octomap_server2
[1.357s] -- Up-to-date: /home/bxi_nx/ht_ws/install/octomap_server2/share/ament_index/resource_index/parent_prefix_path/octomap_server2
[1.357s] -- Up-to-date: /home/bxi_nx/ht_ws/install/octomap_server2/share/octomap_server2/environment/ament_prefix_path.sh
[1.357s] -- Up-to-date: /home/bxi_nx/ht_ws/install/octomap_server2/share/octomap_server2/environment/ament_prefix_path.dsv
[1.358s] -- Up-to-date: /home/bxi_nx/ht_ws/install/octomap_server2/share/octomap_server2/environment/path.sh
[1.358s] -- Up-to-date: /home/bxi_nx/ht_ws/install/octomap_server2/share/octomap_server2/environment/path.dsv
[1.358s] -- Up-to-date: /home/bxi_nx/ht_ws/install/octomap_server2/share/octomap_server2/local_setup.bash
[1.358s] -- Up-to-date: /home/bxi_nx/ht_ws/install/octomap_server2/share/octomap_server2/local_setup.sh
[1.358s] -- Up-to-date: /home/bxi_nx/ht_ws/install/octomap_server2/share/octomap_server2/local_setup.zsh
[1.358s] -- Up-to-date: /home/bxi_nx/ht_ws/install/octomap_server2/share/octomap_server2/local_setup.dsv
[1.358s] -- Installing: /home/bxi_nx/ht_ws/install/octomap_server2/share/octomap_server2/package.dsv
[1.367s] -- Up-to-date: /home/bxi_nx/ht_ws/install/octomap_server2/share/ament_index/resource_index/packages/octomap_server2
[1.376s] -- Up-to-date: /home/bxi_nx/ht_ws/install/octomap_server2/share/ament_index/resource_index/rclcpp_components/octomap_server2
[1.378s] -- Up-to-date: /home/bxi_nx/ht_ws/install/octomap_server2/share/octomap_server2/cmake/octomap_server2Config.cmake
[1.379s] -- Up-to-date: /home/bxi_nx/ht_ws/install/octomap_server2/share/octomap_server2/cmake/octomap_server2Config-version.cmake
[1.380s] -- Up-to-date: /home/bxi_nx/ht_ws/install/octomap_server2/share/octomap_server2/package.xml
[1.415s] Invoked command in '/home/bxi_nx/ht_ws/build/octomap_server2' returned '0': CMAKE_PREFIX_PATH=${CMAKE_PREFIX_PATH}:/opt/ros/humble /usr/bin/cmake --install /home/bxi_nx/ht_ws/build/octomap_server2
