-- The C compiler identification is GNU 11.4.0
-- The CXX compiler identification is GNU 11.4.0
-- Detecting C compiler ABI info
-- Detecting C compiler ABI info - done
-- Check for working C compiler: /usr/bin/cc - skipped
-- Detecting C compile features
-- Detecting C compile features - done
-- Detecting CXX compiler ABI info
-- Detecting CXX compiler ABI info - done
-- Check for working CXX compiler: /usr/bin/c++ - skipped
-- Detecting CXX compile features
-- Detecting CXX compile features - done
[0mCurrent CPU archtecture: aarch64[0m
-- Found ament_cmake: 1.3.12 (/opt/ros/humble/share/ament_cmake/cmake)
-- Found Python3: /usr/bin/python3 (found version "3.10.12") found components: Interpreter 
-- Found OpenCV: /usr (found version "4.8.0") found components: core calib3d features2d highgui imgproc 
-- Configuring done
-- Generating done
[33mCMake Warning:
  Manually-specified variables were not used by the project:

    CATKIN_INSTALL_INTO_PREFIX_ROOT

[0m
-- Build files have been written to: /home/bxi_nx/ht_ws/build/vikit_common
[  5%] [32mBuilding CXX object CMakeFiles/vikit_common.dir/src/atan_camera.cpp.o[0m
[ 10%] [32mBuilding CXX object CMakeFiles/vikit_common.dir/src/math_utils.cpp.o[0m
[ 15%] [32mBuilding CXX object CMakeFiles/vikit_common.dir/src/omni_camera.cpp.o[0m
[ 21%] [32mBuilding CXX object CMakeFiles/vikit_common.dir/src/vision.cpp.o[0m
[ 26%] [32mBuilding CXX object CMakeFiles/vikit_common.dir/src/performance_monitor.cpp.o[0m
[ 31%] [32mBuilding CXX object CMakeFiles/vikit_common.dir/src/robust_cost.cpp.o[0m
[ 36%] [32mBuilding CXX object CMakeFiles/vikit_common.dir/src/pinhole_camera.cpp.o[0m
[ 42%] [32mBuilding CXX object CMakeFiles/vikit_common.dir/src/user_input_thread.cpp.o[0m
[ 47%] [32mBuilding CXX object CMakeFiles/vikit_common.dir/src/equidistant_camera.cpp.o[0m
[ 52%] [32mBuilding CXX object CMakeFiles/vikit_common.dir/src/polynomial_camera.cpp.o[0m
[ 57%] [32mBuilding CXX object CMakeFiles/vikit_common.dir/src/homography.cpp.o[0m
[ 63%] [32mBuilding CXX object CMakeFiles/vikit_common.dir/src/img_align.cpp.o[0m
[ 68%] [32m[1mLinking CXX shared library libvikit_common.so[0m
[ 68%] Built target vikit_common
[ 73%] [32mBuilding CXX object CMakeFiles/test_vk_common_triangulation.dir/test/test_triangulation.cpp.o[0m
[ 78%] [32mBuilding CXX object CMakeFiles/test_vk_common_camera.dir/test/test_camera.cpp.o[0m
[ 84%] [32m[1mLinking CXX executable test_vk_common_camera[0m
[ 84%] Built target test_vk_common_camera
[ 89%] [32m[1mLinking CXX executable test_vk_common_triangulation[0m
[ 89%] Built target test_vk_common_triangulation
[ 94%] [32mBuilding CXX object CMakeFiles/test_vk_common_patch_score.dir/test/test_patch_score.cpp.o[0m
[100%] [32m[1mLinking CXX executable test_vk_common_patch_score[0m
[100%] Built target test_vk_common_patch_score
