[0.032s] Invoking command in '/home/bxi_nx/ht_ws/build/vikit_common': /usr/bin/cmake /home/bxi_nx/ht_ws/src/rpg_vikit/vikit_common -DCATKIN_INSTALL_INTO_PREFIX_ROOT=0 -DCMAKE_INSTALL_PREFIX=/home/bxi_nx/ht_ws/install/vikit_common
[0.205s] -- The C compiler identification is GNU 11.4.0
[0.346s] -- The CXX compiler identification is GNU 11.4.0
[0.359s] -- Detecting C compiler ABI info
[0.488s] -- Detecting C compiler ABI info - done
[0.512s] -- Check for working C compiler: /usr/bin/cc - skipped
[0.513s] -- Detecting C compile features
[0.515s] -- Detecting C compile features - done
[0.521s] -- Detecting CXX compiler ABI info
[0.660s] -- Detecting CXX compiler ABI info - done
[0.677s] -- Check for working CXX compiler: /usr/bin/c++ - skipped
[0.677s] -- Detecting CXX compile features
[0.678s] -- Detecting CXX compile features - done
[0.680s] [0mCurrent CPU archtecture: aarch64[0m
[0.686s] -- Found ament_cmake: 1.3.12 (/opt/ros/humble/share/ament_cmake/cmake)
[1.076s] -- Found Python3: /usr/bin/python3 (found version "3.10.12") found components: Interpreter 
[1.466s] -- Found OpenCV: /usr (found version "4.8.0") found components: core calib3d features2d highgui imgproc 
[1.883s] -- Configuring done
[1.950s] -- Generating done
[1.951s] [33mCMake Warning:
[1.952s]   Manually-specified variables were not used by the project:
[1.952s] 
[1.952s]     CATKIN_INSTALL_INTO_PREFIX_ROOT
[1.952s] 
[1.952s] [0m
[1.970s] -- Build files have been written to: /home/bxi_nx/ht_ws/build/vikit_common
[1.993s] Invoked command in '/home/bxi_nx/ht_ws/build/vikit_common' returned '0': /usr/bin/cmake /home/bxi_nx/ht_ws/src/rpg_vikit/vikit_common -DCATKIN_INSTALL_INTO_PREFIX_ROOT=0 -DCMAKE_INSTALL_PREFIX=/home/bxi_nx/ht_ws/install/vikit_common
[2.016s] Invoking command in '/home/bxi_nx/ht_ws/build/vikit_common': /usr/bin/cmake --build /home/bxi_nx/ht_ws/build/vikit_common -- -j8 -l8
[2.359s] [  5%] [32mBuilding CXX object CMakeFiles/vikit_common.dir/src/atan_camera.cpp.o[0m
[2.379s] [ 10%] [32mBuilding CXX object CMakeFiles/vikit_common.dir/src/math_utils.cpp.o[0m
[2.384s] [ 15%] [32mBuilding CXX object CMakeFiles/vikit_common.dir/src/omni_camera.cpp.o[0m
[2.410s] [ 21%] [32mBuilding CXX object CMakeFiles/vikit_common.dir/src/vision.cpp.o[0m
[2.424s] [ 26%] [32mBuilding CXX object CMakeFiles/vikit_common.dir/src/performance_monitor.cpp.o[0m
[2.434s] [ 31%] [32mBuilding CXX object CMakeFiles/vikit_common.dir/src/robust_cost.cpp.o[0m
[2.531s] [ 36%] [32mBuilding CXX object CMakeFiles/vikit_common.dir/src/pinhole_camera.cpp.o[0m
[2.548s] [ 42%] [32mBuilding CXX object CMakeFiles/vikit_common.dir/src/user_input_thread.cpp.o[0m
[3.908s] [ 47%] [32mBuilding CXX object CMakeFiles/vikit_common.dir/src/equidistant_camera.cpp.o[0m
[6.589s] [ 52%] [32mBuilding CXX object CMakeFiles/vikit_common.dir/src/polynomial_camera.cpp.o[0m
[12.560s] [ 57%] [32mBuilding CXX object CMakeFiles/vikit_common.dir/src/homography.cpp.o[0m
[12.973s] [ 63%] [32mBuilding CXX object CMakeFiles/vikit_common.dir/src/img_align.cpp.o[0m
[54.519s] [ 68%] [32m[1mLinking CXX shared library libvikit_common.so[0m
[54.986s] [ 68%] Built target vikit_common
[55.083s] [ 73%] [32mBuilding CXX object CMakeFiles/test_vk_common_triangulation.dir/test/test_triangulation.cpp.o[0m
[55.156s] [ 78%] [32mBuilding CXX object CMakeFiles/test_vk_common_camera.dir/test/test_camera.cpp.o[0m
[62.792s] [ 84%] [32m[1mLinking CXX executable test_vk_common_camera[0m
[63.081s] [ 84%] Built target test_vk_common_camera
[63.572s] [ 89%] [32m[1mLinking CXX executable test_vk_common_triangulation[0m
[63.829s] [ 89%] Built target test_vk_common_triangulation
[63.872s] [ 94%] [32mBuilding CXX object CMakeFiles/test_vk_common_patch_score.dir/test/test_patch_score.cpp.o[0m
[68.007s] [100%] [32m[1mLinking CXX executable test_vk_common_patch_score[0m
[68.175s] [100%] Built target test_vk_common_patch_score
