[0.005s] Invoking command in '/home/ht/ht_ws/build/livox_ros_driver2': CMAKE_PREFIX_PATH=/opt/ros/humble /usr/bin/cmake /home/ht/ht_ws/src/livox_ros_driver2 -DCMAKE_INSTALL_PREFIX=/home/ht/ht_ws/install/livox_ros_driver2
[0.012s] -- livox_ros_driver2 version: 1.2.4
[0.013s] -- Found ament_cmake_auto: 1.3.12 (/opt/ros/humble/share/ament_cmake_auto/cmake)
[0.120s] -- Using all available rosidl_typesupport_c: rosidl_typesupport_fastrtps_c;rosidl_typesupport_introspection_c
[0.122s] -- Found rosidl_adapter: 3.1.8 (/opt/ros/humble/share/rosidl_adapter/cmake)
[0.137s] -- Using all available rosidl_typesupport_cpp: rosidl_typesupport_fastrtps_cpp;rosidl_typesupport_introspection_cpp
[0.170s] -- Found rmw_implementation_cmake: 6.1.2 (/opt/ros/humble/share/rmw_implementation_cmake/cmake)
[0.171s] -- Found rmw_fastrtps_cpp: 6.2.9 (/opt/ros/humble/share/rmw_fastrtps_cpp/cmake)
[0.226s] -- Using RMW implementation 'rmw_fastrtps_cpp' as default
[0.298s] -- Eigen found (include: /usr/include/eigen3, version: 3.4.0)
[0.315s] -- FLANN found (include: /usr/include, lib: /usr/lib/x86_64-linux-gnu/libflann_cpp.so)
[0.482s] -- OpenNI found (version: 1.5.4.0, include: /usr/include/ni, lib: /usr/lib/libOpenNI.so;libusb::libusb)
[0.485s] -- OpenNI2 found (version: 2.2.0.33, include: /usr/include/openni2, lib: /usr/lib/x86_64-linux-gnu/libOpenNI2.so;libusb::libusb)
[0.574s] -- Eigen found (include: /usr/include/eigen3, version: 3.4.0)
[0.577s] -- OpenNI found (version: 1.5.4.0, include: /usr/include/ni, lib: /usr/lib/libOpenNI.so;libusb::libusb)
[0.582s] -- OpenNI2 found (version: 2.2.0.33, include: /usr/include/openni2, lib: /usr/lib/x86_64-linux-gnu/libOpenNI2.so;libusb::libusb)
[0.663s] -- Found Qhull version 8.0.2
[0.749s] -- OpenNI found (version: 1.5.4.0, include: /usr/include/ni, lib: /usr/lib/libOpenNI.so;libusb::libusb)
[0.854s] -- Checking for module 'apr-1'
[0.856s] --   No package 'apr-1' found
[0.980s] -- Found ament_cmake_ros: 0.10.0 (/opt/ros/humble/share/ament_cmake_ros/cmake)
[1.121s] -- Using all available rosidl_typesupport_c: rosidl_typesupport_fastrtps_c;rosidl_typesupport_introspection_c
[1.309s] -- Using all available rosidl_typesupport_cpp: rosidl_typesupport_fastrtps_cpp;rosidl_typesupport_introspection_cpp
[1.324s] -- Found python_cmake_module: 0.10.0 (/opt/ros/humble/share/python_cmake_module/cmake)
[1.340s] -- Using PYTHON_EXECUTABLE: /usr/bin/python3
[1.340s] -- Using PYTHON_INCLUDE_DIRS: /usr/include/python3.10
[1.340s] -- Using PYTHON_LIBRARIES: /usr/lib/x86_64-linux-gnu/libpython3.10.so
[1.360s] -- Found ament_lint_auto: 0.12.14 (/opt/ros/humble/share/ament_lint_auto/cmake)
[1.365s] -- Added test 'copyright' to check source files copyright and LICENSE
[1.367s] -- Added test 'cppcheck' to perform static code analysis on C / C++ code
[1.367s] -- Configured cppcheck include dirs: /home/ht/ht_ws/src/livox_ros_driver2/3rdparty;/home/ht/ht_ws/src/livox_ros_driver2/src
[1.368s] -- Configured cppcheck exclude dirs and/or files: 
[1.370s] -- Added test 'cpplint' to check C / C++ code against the Google style
[1.370s] -- Configured cpplint exclude dirs and/or files: 
[1.370s] -- Added test 'flake8' to check Python code syntax and style conventions
[1.371s] -- Added test 'lint_cmake' to check CMake code style
[1.371s] -- Added test 'pep257' to check Python code against some of the docstring style conventions in PEP 257
[1.373s] -- Added test 'uncrustify' to check C / C++ code style
[1.373s] -- Configured uncrustify additional arguments: 
[1.374s] -- Added test 'xmllint' to check XML markup files
[1.374s] -- Configuring done
[1.406s] -- Generating done
[1.416s] -- Build files have been written to: /home/ht/ht_ws/build/livox_ros_driver2
[1.425s] Invoked command in '/home/ht/ht_ws/build/livox_ros_driver2' returned '0': CMAKE_PREFIX_PATH=/opt/ros/humble /usr/bin/cmake /home/ht/ht_ws/src/livox_ros_driver2 -DCMAKE_INSTALL_PREFIX=/home/ht/ht_ws/install/livox_ros_driver2
[1.426s] Invoking command in '/home/ht/ht_ws/build/livox_ros_driver2': CMAKE_PREFIX_PATH=/opt/ros/humble /usr/bin/cmake --build /home/ht/ht_ws/build/livox_ros_driver2 -- -j16 -l16
[1.454s] [35m[1mConsolidate compiler generated dependencies of target livox_interfaces2__rosidl_generator_c[0m
[1.455s] [35m[1mConsolidate compiler generated dependencies of target livox_ros_driver2_node[0m
[1.461s] [  7%] Built target livox_interfaces2__rosidl_generator_c
[1.467s] [  8%] Built target livox_interfaces2__cpp
[1.473s] [ 12%] Built target livox_ros_driver2_node
[1.477s] [35m[1mConsolidate compiler generated dependencies of target livox_interfaces2__rosidl_typesupport_c[0m
[1.477s] [35m[1mConsolidate compiler generated dependencies of target livox_interfaces2__rosidl_typesupport_introspection_c[0m
[1.477s] [35m[1mConsolidate compiler generated dependencies of target livox_interfaces2__rosidl_typesupport_fastrtps_c[0m
[1.486s] [35m[1mConsolidate compiler generated dependencies of target livox_interfaces2__rosidl_typesupport_introspection_cpp[0m
[1.487s] [35m[1mConsolidate compiler generated dependencies of target livox_interfaces2__rosidl_typesupport_fastrtps_cpp[0m
[1.487s] [35m[1mConsolidate compiler generated dependencies of target livox_interfaces2__rosidl_typesupport_cpp[0m
[1.488s] [ 12%] Built target ament_cmake_python_copy_livox_ros_driver2
[1.493s] [ 19%] Built target livox_interfaces2__rosidl_typesupport_c
[1.496s] [ 26%] Built target livox_interfaces2__rosidl_typesupport_introspection_c
[1.497s] [ 33%] Built target livox_interfaces2__rosidl_typesupport_fastrtps_c
[1.501s] [ 40%] Built target livox_interfaces2__rosidl_typesupport_cpp
[1.502s] [ 47%] Built target livox_interfaces2__rosidl_typesupport_fastrtps_cpp
[1.504s] [ 54%] Built target livox_interfaces2__rosidl_typesupport_introspection_cpp
[1.513s] [35m[1mConsolidate compiler generated dependencies of target livox_ros_driver2[0m
[1.516s] [ 54%] Built target livox_interfaces2
[1.528s] [ 56%] Built target livox_interfaces2__py
[1.535s] [ 84%] Built target livox_ros_driver2
[1.536s] [35m[1mConsolidate compiler generated dependencies of target livox_interfaces2__rosidl_generator_py[0m
[1.543s] [ 89%] Built target livox_interfaces2__rosidl_generator_py
[1.549s] [35m[1mConsolidate compiler generated dependencies of target livox_ros_driver2__rosidl_typesupport_c__pyext[0m
[1.551s] [35m[1mConsolidate compiler generated dependencies of target livox_ros_driver2__rosidl_typesupport_fastrtps_c__pyext[0m
[1.551s] [35m[1mConsolidate compiler generated dependencies of target livox_ros_driver2__rosidl_typesupport_introspection_c__pyext[0m
[1.556s] [ 92%] Built target livox_ros_driver2__rosidl_typesupport_c__pyext
[1.557s] [ 96%] Built target livox_ros_driver2__rosidl_typesupport_fastrtps_c__pyext
[1.559s] [100%] Built target livox_ros_driver2__rosidl_typesupport_introspection_c__pyext
[1.613s] running egg_info
[1.614s] writing livox_ros_driver2.egg-info/PKG-INFO
[1.614s] writing dependency_links to livox_ros_driver2.egg-info/dependency_links.txt
[1.614s] writing top-level names to livox_ros_driver2.egg-info/top_level.txt
[1.615s] reading manifest file 'livox_ros_driver2.egg-info/SOURCES.txt'
[1.615s] writing manifest file 'livox_ros_driver2.egg-info/SOURCES.txt'
[1.631s] [100%] Built target ament_cmake_python_build_livox_ros_driver2_egg
[1.637s] Invoked command in '/home/ht/ht_ws/build/livox_ros_driver2' returned '0': CMAKE_PREFIX_PATH=/opt/ros/humble /usr/bin/cmake --build /home/ht/ht_ws/build/livox_ros_driver2 -- -j16 -l16
[1.639s] Invoking command in '/home/ht/ht_ws/build/livox_ros_driver2': CMAKE_PREFIX_PATH=/opt/ros/humble /usr/bin/cmake --install /home/ht/ht_ws/build/livox_ros_driver2
[1.644s] -- Install configuration: ""
[1.644s] -- Up-to-date: /home/ht/ht_ws/install/livox_ros_driver2/share/ament_index/resource_index/rosidl_interfaces/livox_ros_driver2
[1.644s] -- Up-to-date: /home/ht/ht_ws/install/livox_ros_driver2/include/livox_ros_driver2/livox_ros_driver2
[1.644s] -- Up-to-date: /home/ht/ht_ws/install/livox_ros_driver2/include/livox_ros_driver2/livox_ros_driver2/msg
[1.644s] -- Up-to-date: /home/ht/ht_ws/install/livox_ros_driver2/include/livox_ros_driver2/livox_ros_driver2/msg/custom_point.h
[1.644s] -- Up-to-date: /home/ht/ht_ws/install/livox_ros_driver2/include/livox_ros_driver2/livox_ros_driver2/msg/rosidl_generator_c__visibility_control.h
[1.644s] -- Up-to-date: /home/ht/ht_ws/install/livox_ros_driver2/include/livox_ros_driver2/livox_ros_driver2/msg/custom_msg.h
[1.644s] -- Up-to-date: /home/ht/ht_ws/install/livox_ros_driver2/include/livox_ros_driver2/livox_ros_driver2/msg/detail
[1.644s] -- Up-to-date: /home/ht/ht_ws/install/livox_ros_driver2/include/livox_ros_driver2/livox_ros_driver2/msg/detail/custom_point__functions.c
[1.644s] -- Up-to-date: /home/ht/ht_ws/install/livox_ros_driver2/include/livox_ros_driver2/livox_ros_driver2/msg/detail/custom_msg__functions.h
[1.644s] -- Up-to-date: /home/ht/ht_ws/install/livox_ros_driver2/include/livox_ros_driver2/livox_ros_driver2/msg/detail/custom_point__functions.h
[1.644s] -- Up-to-date: /home/ht/ht_ws/install/livox_ros_driver2/include/livox_ros_driver2/livox_ros_driver2/msg/detail/custom_msg__type_support.h
[1.644s] -- Up-to-date: /home/ht/ht_ws/install/livox_ros_driver2/include/livox_ros_driver2/livox_ros_driver2/msg/detail/custom_point__type_support.h
[1.644s] -- Up-to-date: /home/ht/ht_ws/install/livox_ros_driver2/include/livox_ros_driver2/livox_ros_driver2/msg/detail/custom_point__struct.h
[1.644s] -- Up-to-date: /home/ht/ht_ws/install/livox_ros_driver2/include/livox_ros_driver2/livox_ros_driver2/msg/detail/custom_msg__functions.c
[1.644s] -- Up-to-date: /home/ht/ht_ws/install/livox_ros_driver2/include/livox_ros_driver2/livox_ros_driver2/msg/detail/custom_msg__struct.h
[1.644s] -- Up-to-date: /home/ht/ht_ws/install/livox_ros_driver2/share/livox_ros_driver2/environment/library_path.sh
[1.644s] -- Installing: /home/ht/ht_ws/install/livox_ros_driver2/share/livox_ros_driver2/environment/library_path.dsv
[1.644s] -- Up-to-date: /home/ht/ht_ws/install/livox_ros_driver2/lib/liblivox_ros_driver2__rosidl_generator_c.so
[1.644s] -- Up-to-date: /home/ht/ht_ws/install/livox_ros_driver2/include/livox_ros_driver2/livox_ros_driver2
[1.644s] -- Up-to-date: /home/ht/ht_ws/install/livox_ros_driver2/include/livox_ros_driver2/livox_ros_driver2/msg
[1.644s] -- Up-to-date: /home/ht/ht_ws/install/livox_ros_driver2/include/livox_ros_driver2/livox_ros_driver2/msg/rosidl_typesupport_fastrtps_c__visibility_control.h
[1.644s] -- Up-to-date: /home/ht/ht_ws/install/livox_ros_driver2/include/livox_ros_driver2/livox_ros_driver2/msg/detail
[1.644s] -- Up-to-date: /home/ht/ht_ws/install/livox_ros_driver2/include/livox_ros_driver2/livox_ros_driver2/msg/detail/custom_msg__rosidl_typesupport_fastrtps_c.h
[1.645s] -- Up-to-date: /home/ht/ht_ws/install/livox_ros_driver2/include/livox_ros_driver2/livox_ros_driver2/msg/detail/custom_point__rosidl_typesupport_fastrtps_c.h
[1.645s] -- Up-to-date: /home/ht/ht_ws/install/livox_ros_driver2/lib/liblivox_ros_driver2__rosidl_typesupport_fastrtps_c.so
[1.645s] -- Up-to-date: /home/ht/ht_ws/install/livox_ros_driver2/include/livox_ros_driver2/livox_ros_driver2
[1.645s] -- Up-to-date: /home/ht/ht_ws/install/livox_ros_driver2/include/livox_ros_driver2/livox_ros_driver2/msg
[1.645s] -- Up-to-date: /home/ht/ht_ws/install/livox_ros_driver2/include/livox_ros_driver2/livox_ros_driver2/msg/rosidl_typesupport_introspection_c__visibility_control.h
[1.645s] -- Up-to-date: /home/ht/ht_ws/install/livox_ros_driver2/include/livox_ros_driver2/livox_ros_driver2/msg/detail
[1.645s] -- Up-to-date: /home/ht/ht_ws/install/livox_ros_driver2/include/livox_ros_driver2/livox_ros_driver2/msg/detail/custom_point__rosidl_typesupport_introspection_c.h
[1.645s] -- Up-to-date: /home/ht/ht_ws/install/livox_ros_driver2/include/livox_ros_driver2/livox_ros_driver2/msg/detail/custom_msg__rosidl_typesupport_introspection_c.h
[1.645s] -- Up-to-date: /home/ht/ht_ws/install/livox_ros_driver2/include/livox_ros_driver2/livox_ros_driver2/msg/detail/custom_msg__type_support.c
[1.645s] -- Up-to-date: /home/ht/ht_ws/install/livox_ros_driver2/include/livox_ros_driver2/livox_ros_driver2/msg/detail/custom_point__type_support.c
[1.645s] -- Up-to-date: /home/ht/ht_ws/install/livox_ros_driver2/lib/liblivox_ros_driver2__rosidl_typesupport_introspection_c.so
[1.645s] -- Up-to-date: /home/ht/ht_ws/install/livox_ros_driver2/lib/liblivox_ros_driver2__rosidl_typesupport_c.so
[1.645s] -- Up-to-date: /home/ht/ht_ws/install/livox_ros_driver2/include/livox_ros_driver2/livox_ros_driver2
[1.645s] -- Up-to-date: /home/ht/ht_ws/install/livox_ros_driver2/include/livox_ros_driver2/livox_ros_driver2/msg
[1.645s] -- Up-to-date: /home/ht/ht_ws/install/livox_ros_driver2/include/livox_ros_driver2/livox_ros_driver2/msg/rosidl_generator_cpp__visibility_control.hpp
[1.645s] -- Up-to-date: /home/ht/ht_ws/install/livox_ros_driver2/include/livox_ros_driver2/livox_ros_driver2/msg/custom_msg.hpp
[1.645s] -- Up-to-date: /home/ht/ht_ws/install/livox_ros_driver2/include/livox_ros_driver2/livox_ros_driver2/msg/custom_point.hpp
[1.645s] -- Up-to-date: /home/ht/ht_ws/install/livox_ros_driver2/include/livox_ros_driver2/livox_ros_driver2/msg/detail
[1.645s] -- Up-to-date: /home/ht/ht_ws/install/livox_ros_driver2/include/livox_ros_driver2/livox_ros_driver2/msg/detail/custom_msg__type_support.hpp
[1.645s] -- Up-to-date: /home/ht/ht_ws/install/livox_ros_driver2/include/livox_ros_driver2/livox_ros_driver2/msg/detail/custom_msg__traits.hpp
[1.645s] -- Up-to-date: /home/ht/ht_ws/install/livox_ros_driver2/include/livox_ros_driver2/livox_ros_driver2/msg/detail/custom_point__traits.hpp
[1.645s] -- Up-to-date: /home/ht/ht_ws/install/livox_ros_driver2/include/livox_ros_driver2/livox_ros_driver2/msg/detail/custom_point__struct.hpp
[1.645s] -- Up-to-date: /home/ht/ht_ws/install/livox_ros_driver2/include/livox_ros_driver2/livox_ros_driver2/msg/detail/custom_msg__builder.hpp
[1.645s] -- Up-to-date: /home/ht/ht_ws/install/livox_ros_driver2/include/livox_ros_driver2/livox_ros_driver2/msg/detail/custom_msg__struct.hpp
[1.645s] -- Up-to-date: /home/ht/ht_ws/install/livox_ros_driver2/include/livox_ros_driver2/livox_ros_driver2/msg/detail/custom_point__type_support.hpp
[1.645s] -- Up-to-date: /home/ht/ht_ws/install/livox_ros_driver2/include/livox_ros_driver2/livox_ros_driver2/msg/detail/custom_point__builder.hpp
[1.645s] -- Up-to-date: /home/ht/ht_ws/install/livox_ros_driver2/include/livox_ros_driver2/livox_ros_driver2
[1.645s] -- Up-to-date: /home/ht/ht_ws/install/livox_ros_driver2/include/livox_ros_driver2/livox_ros_driver2/msg
[1.645s] -- Up-to-date: /home/ht/ht_ws/install/livox_ros_driver2/include/livox_ros_driver2/livox_ros_driver2/msg/rosidl_typesupport_fastrtps_cpp__visibility_control.h
[1.645s] -- Up-to-date: /home/ht/ht_ws/install/livox_ros_driver2/include/livox_ros_driver2/livox_ros_driver2/msg/detail
[1.645s] -- Up-to-date: /home/ht/ht_ws/install/livox_ros_driver2/include/livox_ros_driver2/livox_ros_driver2/msg/detail/custom_point__rosidl_typesupport_fastrtps_cpp.hpp
[1.645s] -- Up-to-date: /home/ht/ht_ws/install/livox_ros_driver2/include/livox_ros_driver2/livox_ros_driver2/msg/detail/dds_fastrtps
[1.645s] -- Up-to-date: /home/ht/ht_ws/install/livox_ros_driver2/include/livox_ros_driver2/livox_ros_driver2/msg/detail/custom_msg__rosidl_typesupport_fastrtps_cpp.hpp
[1.645s] -- Up-to-date: /home/ht/ht_ws/install/livox_ros_driver2/lib/liblivox_ros_driver2__rosidl_typesupport_fastrtps_cpp.so
[1.645s] -- Up-to-date: /home/ht/ht_ws/install/livox_ros_driver2/include/livox_ros_driver2/livox_ros_driver2
[1.645s] -- Up-to-date: /home/ht/ht_ws/install/livox_ros_driver2/include/livox_ros_driver2/livox_ros_driver2/msg
[1.645s] -- Up-to-date: /home/ht/ht_ws/install/livox_ros_driver2/include/livox_ros_driver2/livox_ros_driver2/msg/detail
[1.645s] -- Up-to-date: /home/ht/ht_ws/install/livox_ros_driver2/include/livox_ros_driver2/livox_ros_driver2/msg/detail/custom_msg__rosidl_typesupport_introspection_cpp.hpp
[1.646s] -- Up-to-date: /home/ht/ht_ws/install/livox_ros_driver2/include/livox_ros_driver2/livox_ros_driver2/msg/detail/custom_point__type_support.cpp
[1.646s] -- Up-to-date: /home/ht/ht_ws/install/livox_ros_driver2/include/livox_ros_driver2/livox_ros_driver2/msg/detail/custom_msg__type_support.cpp
[1.646s] -- Up-to-date: /home/ht/ht_ws/install/livox_ros_driver2/include/livox_ros_driver2/livox_ros_driver2/msg/detail/custom_point__rosidl_typesupport_introspection_cpp.hpp
[1.646s] -- Up-to-date: /home/ht/ht_ws/install/livox_ros_driver2/lib/liblivox_ros_driver2__rosidl_typesupport_introspection_cpp.so
[1.646s] -- Up-to-date: /home/ht/ht_ws/install/livox_ros_driver2/lib/liblivox_ros_driver2__rosidl_typesupport_cpp.so
[1.646s] -- Up-to-date: /home/ht/ht_ws/install/livox_ros_driver2/share/livox_ros_driver2/environment/pythonpath.sh
[1.646s] -- Installing: /home/ht/ht_ws/install/livox_ros_driver2/share/livox_ros_driver2/environment/pythonpath.dsv
[1.646s] -- Up-to-date: /home/ht/ht_ws/install/livox_ros_driver2/local/lib/python3.10/dist-packages/livox_ros_driver2-1.0.0-py3.10.egg-info
[1.646s] -- Installing: /home/ht/ht_ws/install/livox_ros_driver2/local/lib/python3.10/dist-packages/livox_ros_driver2-1.0.0-py3.10.egg-info/SOURCES.txt
[1.646s] -- Installing: /home/ht/ht_ws/install/livox_ros_driver2/local/lib/python3.10/dist-packages/livox_ros_driver2-1.0.0-py3.10.egg-info/PKG-INFO
[1.646s] -- Installing: /home/ht/ht_ws/install/livox_ros_driver2/local/lib/python3.10/dist-packages/livox_ros_driver2-1.0.0-py3.10.egg-info/top_level.txt
[1.646s] -- Installing: /home/ht/ht_ws/install/livox_ros_driver2/local/lib/python3.10/dist-packages/livox_ros_driver2-1.0.0-py3.10.egg-info/dependency_links.txt
[1.646s] -- Up-to-date: /home/ht/ht_ws/install/livox_ros_driver2/local/lib/python3.10/dist-packages/livox_ros_driver2
[1.646s] -- Up-to-date: /home/ht/ht_ws/install/livox_ros_driver2/local/lib/python3.10/dist-packages/livox_ros_driver2/livox_ros_driver2_s__rosidl_typesupport_introspection_c.cpython-310-x86_64-linux-gnu.so
[1.646s] -- Up-to-date: /home/ht/ht_ws/install/livox_ros_driver2/local/lib/python3.10/dist-packages/livox_ros_driver2/_livox_ros_driver2_s.ep.rosidl_typesupport_introspection_c.c
[1.646s] -- Up-to-date: /home/ht/ht_ws/install/livox_ros_driver2/local/lib/python3.10/dist-packages/livox_ros_driver2/livox_ros_driver2_s__rosidl_typesupport_c.cpython-310-x86_64-linux-gnu.so
[1.646s] -- Up-to-date: /home/ht/ht_ws/install/livox_ros_driver2/local/lib/python3.10/dist-packages/livox_ros_driver2/_livox_ros_driver2_s.ep.rosidl_typesupport_c.c
[1.646s] -- Up-to-date: /home/ht/ht_ws/install/livox_ros_driver2/local/lib/python3.10/dist-packages/livox_ros_driver2/liblivox_interfaces2__rosidl_generator_py.so
[1.646s] -- Up-to-date: /home/ht/ht_ws/install/livox_ros_driver2/local/lib/python3.10/dist-packages/livox_ros_driver2/_livox_ros_driver2_s.ep.rosidl_typesupport_fastrtps_c.c
[1.646s] -- Up-to-date: /home/ht/ht_ws/install/livox_ros_driver2/local/lib/python3.10/dist-packages/livox_ros_driver2/msg
[1.646s] -- Up-to-date: /home/ht/ht_ws/install/livox_ros_driver2/local/lib/python3.10/dist-packages/livox_ros_driver2/msg/_custom_point.py
[1.646s] -- Up-to-date: /home/ht/ht_ws/install/livox_ros_driver2/local/lib/python3.10/dist-packages/livox_ros_driver2/msg/_custom_msg_s.c
[1.646s] -- Up-to-date: /home/ht/ht_ws/install/livox_ros_driver2/local/lib/python3.10/dist-packages/livox_ros_driver2/msg/_custom_msg.py
[1.646s] -- Up-to-date: /home/ht/ht_ws/install/livox_ros_driver2/local/lib/python3.10/dist-packages/livox_ros_driver2/msg/_custom_point_s.c
[1.646s] -- Up-to-date: /home/ht/ht_ws/install/livox_ros_driver2/local/lib/python3.10/dist-packages/livox_ros_driver2/msg/__init__.py
[1.646s] -- Up-to-date: /home/ht/ht_ws/install/livox_ros_driver2/local/lib/python3.10/dist-packages/livox_ros_driver2/livox_ros_driver2_s__rosidl_typesupport_fastrtps_c.cpython-310-x86_64-linux-gnu.so
[1.646s] -- Installing: /home/ht/ht_ws/install/livox_ros_driver2/local/lib/python3.10/dist-packages/livox_ros_driver2/__init__.py
[1.665s] Listing '/home/ht/ht_ws/install/livox_ros_driver2/local/lib/python3.10/dist-packages/livox_ros_driver2'...
[1.665s] Compiling '/home/ht/ht_ws/install/livox_ros_driver2/local/lib/python3.10/dist-packages/livox_ros_driver2/__init__.py'...
[1.665s] Listing '/home/ht/ht_ws/install/livox_ros_driver2/local/lib/python3.10/dist-packages/livox_ros_driver2/msg'...
[1.668s] -- Up-to-date: /home/ht/ht_ws/install/livox_ros_driver2/local/lib/python3.10/dist-packages/livox_ros_driver2/livox_ros_driver2_s__rosidl_typesupport_fastrtps_c.cpython-310-x86_64-linux-gnu.so
[1.668s] -- Up-to-date: /home/ht/ht_ws/install/livox_ros_driver2/local/lib/python3.10/dist-packages/livox_ros_driver2/livox_ros_driver2_s__rosidl_typesupport_introspection_c.cpython-310-x86_64-linux-gnu.so
[1.668s] -- Up-to-date: /home/ht/ht_ws/install/livox_ros_driver2/local/lib/python3.10/dist-packages/livox_ros_driver2/livox_ros_driver2_s__rosidl_typesupport_c.cpython-310-x86_64-linux-gnu.so
[1.668s] -- Up-to-date: /home/ht/ht_ws/install/livox_ros_driver2/lib/liblivox_interfaces2__rosidl_generator_py.so
[1.668s] -- Up-to-date: /home/ht/ht_ws/install/livox_ros_driver2/share/livox_ros_driver2/msg/CustomPoint.idl
[1.669s] -- Up-to-date: /home/ht/ht_ws/install/livox_ros_driver2/share/livox_ros_driver2/msg/CustomMsg.idl
[1.669s] -- Up-to-date: /home/ht/ht_ws/install/livox_ros_driver2/share/livox_ros_driver2/msg/CustomPoint.msg
[1.669s] -- Up-to-date: /home/ht/ht_ws/install/livox_ros_driver2/share/livox_ros_driver2/msg/CustomMsg.msg
[1.669s] -- Up-to-date: /home/ht/ht_ws/install/livox_ros_driver2/lib/livox_ros_driver2/livox_ros_driver2_node
[1.669s] -- Up-to-date: /home/ht/ht_ws/install/livox_ros_driver2/lib/liblivox_ros_driver2.so
[1.669s] -- Up-to-date: /home/ht/ht_ws/install/livox_ros_driver2/share/livox_ros_driver2/config
[1.669s] -- Up-to-date: /home/ht/ht_ws/install/livox_ros_driver2/share/livox_ros_driver2/config/HAP_config.json
[1.669s] -- Up-to-date: /home/ht/ht_ws/install/livox_ros_driver2/share/livox_ros_driver2/config/display_point_cloud_ROS2.rviz
[1.669s] -- Up-to-date: /home/ht/ht_ws/install/livox_ros_driver2/share/livox_ros_driver2/config/display_point_cloud_ROS1.rviz
[1.669s] -- Up-to-date: /home/ht/ht_ws/install/livox_ros_driver2/share/livox_ros_driver2/config/mixed_HAP_MID360_config.json
[1.669s] -- Up-to-date: /home/ht/ht_ws/install/livox_ros_driver2/share/livox_ros_driver2/config/MID360_config.json
[1.669s] -- Up-to-date: /home/ht/ht_ws/install/livox_ros_driver2/share/livox_ros_driver2/launch_ROS2
[1.669s] -- Up-to-date: /home/ht/ht_ws/install/livox_ros_driver2/share/livox_ros_driver2/launch_ROS2/rviz_mixed.py
[1.669s] -- Up-to-date: /home/ht/ht_ws/install/livox_ros_driver2/share/livox_ros_driver2/launch_ROS2/msg_MID360_launch.py
[1.669s] -- Up-to-date: /home/ht/ht_ws/install/livox_ros_driver2/share/livox_ros_driver2/launch_ROS2/rviz_MID360_launch.py
[1.669s] -- Up-to-date: /home/ht/ht_ws/install/livox_ros_driver2/share/livox_ros_driver2/launch_ROS2/msg_HAP_launch.py
[1.669s] -- Up-to-date: /home/ht/ht_ws/install/livox_ros_driver2/share/livox_ros_driver2/launch_ROS2/rviz_HAP_launch.py
[1.669s] -- Up-to-date: /home/ht/ht_ws/install/livox_ros_driver2/share/ament_index/resource_index/package_run_dependencies/livox_ros_driver2
[1.669s] -- Up-to-date: /home/ht/ht_ws/install/livox_ros_driver2/share/ament_index/resource_index/parent_prefix_path/livox_ros_driver2
[1.669s] -- Up-to-date: /home/ht/ht_ws/install/livox_ros_driver2/share/livox_ros_driver2/environment/ament_prefix_path.sh
[1.669s] -- Installing: /home/ht/ht_ws/install/livox_ros_driver2/share/livox_ros_driver2/environment/ament_prefix_path.dsv
[1.669s] -- Up-to-date: /home/ht/ht_ws/install/livox_ros_driver2/share/livox_ros_driver2/environment/path.sh
[1.669s] -- Installing: /home/ht/ht_ws/install/livox_ros_driver2/share/livox_ros_driver2/environment/path.dsv
[1.669s] -- Up-to-date: /home/ht/ht_ws/install/livox_ros_driver2/share/livox_ros_driver2/local_setup.bash
[1.669s] -- Up-to-date: /home/ht/ht_ws/install/livox_ros_driver2/share/livox_ros_driver2/local_setup.sh
[1.669s] -- Up-to-date: /home/ht/ht_ws/install/livox_ros_driver2/share/livox_ros_driver2/local_setup.zsh
[1.669s] -- Installing: /home/ht/ht_ws/install/livox_ros_driver2/share/livox_ros_driver2/local_setup.dsv
[1.669s] -- Installing: /home/ht/ht_ws/install/livox_ros_driver2/share/livox_ros_driver2/package.dsv
[1.669s] -- Up-to-date: /home/ht/ht_ws/install/livox_ros_driver2/share/ament_index/resource_index/packages/livox_ros_driver2
[1.669s] -- Up-to-date: /home/ht/ht_ws/install/livox_ros_driver2/share/livox_ros_driver2/cmake/export_livox_interfaces2__rosidl_generator_cExport.cmake
[1.669s] -- Up-to-date: /home/ht/ht_ws/install/livox_ros_driver2/share/livox_ros_driver2/cmake/export_livox_interfaces2__rosidl_generator_cExport-noconfig.cmake
[1.669s] -- Up-to-date: /home/ht/ht_ws/install/livox_ros_driver2/share/livox_ros_driver2/cmake/export_livox_interfaces2__rosidl_typesupport_fastrtps_cExport.cmake
[1.670s] -- Up-to-date: /home/ht/ht_ws/install/livox_ros_driver2/share/livox_ros_driver2/cmake/export_livox_interfaces2__rosidl_typesupport_fastrtps_cExport-noconfig.cmake
[1.670s] -- Up-to-date: /home/ht/ht_ws/install/livox_ros_driver2/share/livox_ros_driver2/cmake/livox_interfaces2__rosidl_typesupport_introspection_cExport.cmake
[1.670s] -- Up-to-date: /home/ht/ht_ws/install/livox_ros_driver2/share/livox_ros_driver2/cmake/livox_interfaces2__rosidl_typesupport_introspection_cExport-noconfig.cmake
[1.670s] -- Up-to-date: /home/ht/ht_ws/install/livox_ros_driver2/share/livox_ros_driver2/cmake/livox_interfaces2__rosidl_typesupport_cExport.cmake
[1.670s] -- Up-to-date: /home/ht/ht_ws/install/livox_ros_driver2/share/livox_ros_driver2/cmake/livox_interfaces2__rosidl_typesupport_cExport-noconfig.cmake
[1.670s] -- Up-to-date: /home/ht/ht_ws/install/livox_ros_driver2/share/livox_ros_driver2/cmake/export_livox_interfaces2__rosidl_generator_cppExport.cmake
[1.670s] -- Up-to-date: /home/ht/ht_ws/install/livox_ros_driver2/share/livox_ros_driver2/cmake/export_livox_interfaces2__rosidl_typesupport_fastrtps_cppExport.cmake
[1.670s] -- Up-to-date: /home/ht/ht_ws/install/livox_ros_driver2/share/livox_ros_driver2/cmake/export_livox_interfaces2__rosidl_typesupport_fastrtps_cppExport-noconfig.cmake
[1.670s] -- Up-to-date: /home/ht/ht_ws/install/livox_ros_driver2/share/livox_ros_driver2/cmake/livox_interfaces2__rosidl_typesupport_introspection_cppExport.cmake
[1.670s] -- Up-to-date: /home/ht/ht_ws/install/livox_ros_driver2/share/livox_ros_driver2/cmake/livox_interfaces2__rosidl_typesupport_introspection_cppExport-noconfig.cmake
[1.670s] -- Up-to-date: /home/ht/ht_ws/install/livox_ros_driver2/share/livox_ros_driver2/cmake/livox_interfaces2__rosidl_typesupport_cppExport.cmake
[1.670s] -- Up-to-date: /home/ht/ht_ws/install/livox_ros_driver2/share/livox_ros_driver2/cmake/livox_interfaces2__rosidl_typesupport_cppExport-noconfig.cmake
[1.670s] -- Up-to-date: /home/ht/ht_ws/install/livox_ros_driver2/share/livox_ros_driver2/cmake/export_livox_interfaces2__rosidl_generator_pyExport.cmake
[1.670s] -- Up-to-date: /home/ht/ht_ws/install/livox_ros_driver2/share/livox_ros_driver2/cmake/export_livox_interfaces2__rosidl_generator_pyExport-noconfig.cmake
[1.670s] -- Up-to-date: /home/ht/ht_ws/install/livox_ros_driver2/share/ament_index/resource_index/rclcpp_components/livox_ros_driver2
[1.670s] -- Up-to-date: /home/ht/ht_ws/install/livox_ros_driver2/share/livox_ros_driver2/cmake/rosidl_cmake-extras.cmake
[1.670s] -- Up-to-date: /home/ht/ht_ws/install/livox_ros_driver2/share/livox_ros_driver2/cmake/ament_cmake_export_dependencies-extras.cmake
[1.670s] -- Up-to-date: /home/ht/ht_ws/install/livox_ros_driver2/share/livox_ros_driver2/cmake/ament_cmake_export_include_directories-extras.cmake
[1.670s] -- Up-to-date: /home/ht/ht_ws/install/livox_ros_driver2/share/livox_ros_driver2/cmake/ament_cmake_export_libraries-extras.cmake
[1.670s] -- Up-to-date: /home/ht/ht_ws/install/livox_ros_driver2/share/livox_ros_driver2/cmake/ament_cmake_export_targets-extras.cmake
[1.670s] -- Up-to-date: /home/ht/ht_ws/install/livox_ros_driver2/share/livox_ros_driver2/cmake/rosidl_cmake_export_typesupport_targets-extras.cmake
[1.670s] -- Up-to-date: /home/ht/ht_ws/install/livox_ros_driver2/share/livox_ros_driver2/cmake/rosidl_cmake_export_typesupport_libraries-extras.cmake
[1.670s] -- Up-to-date: /home/ht/ht_ws/install/livox_ros_driver2/share/livox_ros_driver2/cmake/livox_ros_driver2Config.cmake
[1.670s] -- Up-to-date: /home/ht/ht_ws/install/livox_ros_driver2/share/livox_ros_driver2/cmake/livox_ros_driver2Config-version.cmake
[1.670s] -- Up-to-date: /home/ht/ht_ws/install/livox_ros_driver2/share/livox_ros_driver2/package.xml
[1.671s] Invoked command in '/home/ht/ht_ws/build/livox_ros_driver2' returned '0': CMAKE_PREFIX_PATH=/opt/ros/humble /usr/bin/cmake --install /home/ht/ht_ws/build/livox_ros_driver2
