[0.017s] Invoking command in '/home/ht/ht_ws/build/fast_livo': AMENT_PREFIX_PATH=/home/ht/ht_ws/install/vikit_ros:${AMENT_PREFIX_PATH} CMAKE_PREFIX_PATH=/home/ht/ht_ws/install/vikit_ros:/opt/ros/humble:/home/ht/ht_ws/install/vikit_common LD_LIBRARY_PATH=/home/ht/ht_ws/install/vikit_ros/lib:/home/ht/ht_ws/install/vikit_common/lib:${LD_LIBRARY_PATH} PKG_CONFIG_PATH=/home/ht/ht_ws/install/vikit_common/lib/x86_64-linux-gnu/pkgconfig:/home/ht/ht_ws/install/vikit_common/lib/pkgconfig ROS_PACKAGE_PATH=/home/ht/ht_ws/install/vikit_common/share /usr/bin/cmake /home/ht/ht_ws/src/FAST-LIVO2 -DCMAKE_INSTALL_PREFIX=/home/ht/ht_ws/install/fast_livo
[0.031s] -- Build Type: Release
[0.031s] -- Current CPU architecture: x86_64
[0.031s] -- Using general x86 optimizations: -O3 -march=native -mtune=native -funroll-loops
[0.034s] -- Processor count: 16
[0.034s] -- Multithreading enabled. Cores: 4
[0.037s] -- OpenMP found
[0.045s] -- mimalloc not found, proceeding without it
[0.045s] -- Found ament_cmake: 1.3.12 (/opt/ros/humble/share/ament_cmake/cmake)
[0.122s] -- Override CMake install command with custom implementation using symlinks instead of copying resources
[0.125s] -- Found rclcpp: 16.0.17 (/opt/ros/humble/share/rclcpp/cmake)
[0.142s] -- Found rosidl_generator_c: 3.1.8 (/opt/ros/humble/share/rosidl_generator_c/cmake)
[0.143s] -- Found rosidl_adapter: 3.1.8 (/opt/ros/humble/share/rosidl_adapter/cmake)
[0.147s] -- Found rosidl_generator_cpp: 3.1.8 (/opt/ros/humble/share/rosidl_generator_cpp/cmake)
[0.153s] -- Using all available rosidl_typesupport_c: rosidl_typesupport_fastrtps_c;rosidl_typesupport_introspection_c
[0.160s] -- Using all available rosidl_typesupport_cpp: rosidl_typesupport_fastrtps_cpp;rosidl_typesupport_introspection_cpp
[0.178s] -- Found rmw_implementation_cmake: 6.1.2 (/opt/ros/humble/share/rmw_implementation_cmake/cmake)
[0.179s] -- Found rmw_fastrtps_cpp: 6.2.9 (/opt/ros/humble/share/rmw_fastrtps_cpp/cmake)
[0.243s] -- Using RMW implementation 'rmw_fastrtps_cpp' as default
[0.272s] -- Found rclpy: 3.3.19 (/opt/ros/humble/share/rclpy/cmake)
[0.273s] -- Found geometry_msgs: 4.9.0 (/opt/ros/humble/share/geometry_msgs/cmake)
[0.280s] -- Found nav_msgs: 4.9.0 (/opt/ros/humble/share/nav_msgs/cmake)
[0.289s] -- Found sensor_msgs: 4.9.0 (/opt/ros/humble/share/sensor_msgs/cmake)
[0.299s] -- Found visualization_msgs: 4.9.0 (/opt/ros/humble/share/visualization_msgs/cmake)
[0.310s] -- Found pcl_ros: 2.4.5 (/opt/ros/humble/share/pcl_ros/cmake)
[0.341s] -- Eigen found (include: /usr/include/eigen3, version: 3.4.0)
[0.364s] -- FLANN found (include: /usr/include, lib: /usr/lib/x86_64-linux-gnu/libflann_cpp.so)
[0.574s] -- OpenNI found (version: 1.5.4.0, include: /usr/include/ni, lib: /usr/lib/libOpenNI.so;libusb::libusb)
[0.577s] -- OpenNI2 found (version: 2.2.0.33, include: /usr/include/openni2, lib: /usr/lib/x86_64-linux-gnu/libOpenNI2.so;libusb::libusb)
[0.691s] -- Eigen found (include: /usr/include/eigen3, version: 3.4.0)
[0.695s] -- OpenNI found (version: 1.5.4.0, include: /usr/include/ni, lib: /usr/lib/libOpenNI.so;libusb::libusb)
[0.700s] -- OpenNI2 found (version: 2.2.0.33, include: /usr/include/openni2, lib: /usr/lib/x86_64-linux-gnu/libOpenNI2.so;libusb::libusb)
[0.814s] -- Found Qhull version 8.0.2
[0.961s] -- OpenNI found (version: 1.5.4.0, include: /usr/include/ni, lib: /usr/lib/libOpenNI.so;libusb::libusb)
[1.313s] -- Found eigen3_cmake_module: 0.1.1 (/opt/ros/humble/share/eigen3_cmake_module/cmake)
[1.314s] -- Found Eigen3: TRUE (found version "3.4.0") 
[1.314s] -- Ensuring Eigen3 include directory is part of orocos-kdl CMake target
[1.437s] -- Found livox_ros_driver2: 1.0.0 (/home/ht/ht_ws/install/livox_ros_driver2/share/livox_ros_driver2/cmake)
[1.490s] -- Found vikit_common: 0.0.0 (/home/ht/ht_ws/install/vikit_common/share/vikit_common/cmake)
[1.520s] -- Found vikit_ros: 0.0.0 (/home/ht/ht_ws/install/vikit_ros/share/vikit_ros/cmake)
[1.540s] -- Found cv_bridge: 3.2.1 (/opt/ros/humble/share/cv_bridge/cmake)
[1.547s] -- Found image_transport: 3.1.12 (/opt/ros/humble/share/image_transport/cmake)
[1.590s] [33mCMake Warning (dev) at CMakeLists.txt:103 (find_package):
[1.590s]   Policy CMP0074 is not set: find_package uses <PackageName>_ROOT variables.
[1.591s]   Run "cmake --help-policy CMP0074" for policy details.  Use the cmake_policy
[1.591s]   command to set the policy and suppress this warning.
[1.591s] 
[1.591s]   CMake variable PCL_ROOT is set to:
[1.591s] 
[1.591s]     /usr
[1.591s] 
[1.591s]   For compatibility, CMake is ignoring the variable.
[1.591s] This warning is for project developers.  Use -Wno-dev to suppress it.
[1.591s] [0m
[1.628s] -- Found Eigen3: TRUE (found suitable version "3.4.0", minimum required is "3.4.0") 
[1.904s] -- Configuring done
[2.180s] -- Generating done
[2.224s] -- Build files have been written to: /home/ht/ht_ws/build/fast_livo
[2.240s] Invoked command in '/home/ht/ht_ws/build/fast_livo' returned '0': AMENT_PREFIX_PATH=/home/ht/ht_ws/install/vikit_ros:${AMENT_PREFIX_PATH} CMAKE_PREFIX_PATH=/home/ht/ht_ws/install/vikit_ros:/opt/ros/humble:/home/ht/ht_ws/install/vikit_common LD_LIBRARY_PATH=/home/ht/ht_ws/install/vikit_ros/lib:/home/ht/ht_ws/install/vikit_common/lib:${LD_LIBRARY_PATH} PKG_CONFIG_PATH=/home/ht/ht_ws/install/vikit_common/lib/x86_64-linux-gnu/pkgconfig:/home/ht/ht_ws/install/vikit_common/lib/pkgconfig ROS_PACKAGE_PATH=/home/ht/ht_ws/install/vikit_common/share /usr/bin/cmake /home/ht/ht_ws/src/FAST-LIVO2 -DCMAKE_INSTALL_PREFIX=/home/ht/ht_ws/install/fast_livo
[2.242s] Invoking command in '/home/ht/ht_ws/build/fast_livo': AMENT_PREFIX_PATH=/home/ht/ht_ws/install/vikit_ros:${AMENT_PREFIX_PATH} CMAKE_PREFIX_PATH=/home/ht/ht_ws/install/vikit_ros:/opt/ros/humble:/home/ht/ht_ws/install/vikit_common LD_LIBRARY_PATH=/home/ht/ht_ws/install/vikit_ros/lib:/home/ht/ht_ws/install/vikit_common/lib:${LD_LIBRARY_PATH} PKG_CONFIG_PATH=/home/ht/ht_ws/install/vikit_common/lib/x86_64-linux-gnu/pkgconfig:/home/ht/ht_ws/install/vikit_common/lib/pkgconfig ROS_PACKAGE_PATH=/home/ht/ht_ws/install/vikit_common/share /usr/bin/cmake --build /home/ht/ht_ws/build/fast_livo -- -j16 -l16
[2.292s] [35m[1mConsolidate compiler generated dependencies of target imu_proc[0m
[2.292s] [35m[1mConsolidate compiler generated dependencies of target utils[0m
[2.294s] [35m[1mConsolidate compiler generated dependencies of target laser_mapping[0m
[2.295s] [35m[1mConsolidate compiler generated dependencies of target pre[0m
[2.297s] [35m[1mConsolidate compiler generated dependencies of target vio[0m
[2.311s] [ 12%] Built target utils
[2.317s] [ 25%] Built target imu_proc
[2.320s] [35m[1mConsolidate compiler generated dependencies of target lio[0m
[2.320s] [ 50%] Built target laser_mapping
[2.320s] [ 50%] Built target pre
[2.327s] [ 75%] Built target vio
[2.333s] [ 87%] Built target lio
[2.344s] [35m[1mConsolidate compiler generated dependencies of target fastlivo_mapping[0m
[2.367s] [100%] Built target fastlivo_mapping
[2.377s] Invoked command in '/home/ht/ht_ws/build/fast_livo' returned '0': AMENT_PREFIX_PATH=/home/ht/ht_ws/install/vikit_ros:${AMENT_PREFIX_PATH} CMAKE_PREFIX_PATH=/home/ht/ht_ws/install/vikit_ros:/opt/ros/humble:/home/ht/ht_ws/install/vikit_common LD_LIBRARY_PATH=/home/ht/ht_ws/install/vikit_ros/lib:/home/ht/ht_ws/install/vikit_common/lib:${LD_LIBRARY_PATH} PKG_CONFIG_PATH=/home/ht/ht_ws/install/vikit_common/lib/x86_64-linux-gnu/pkgconfig:/home/ht/ht_ws/install/vikit_common/lib/pkgconfig ROS_PACKAGE_PATH=/home/ht/ht_ws/install/vikit_common/share /usr/bin/cmake --build /home/ht/ht_ws/build/fast_livo -- -j16 -l16
[2.378s] Invoking command in '/home/ht/ht_ws/build/fast_livo': AMENT_PREFIX_PATH=/home/ht/ht_ws/install/vikit_ros:${AMENT_PREFIX_PATH} CMAKE_PREFIX_PATH=/home/ht/ht_ws/install/vikit_ros:/opt/ros/humble:/home/ht/ht_ws/install/vikit_common LD_LIBRARY_PATH=/home/ht/ht_ws/install/vikit_ros/lib:/home/ht/ht_ws/install/vikit_common/lib:${LD_LIBRARY_PATH} PKG_CONFIG_PATH=/home/ht/ht_ws/install/vikit_common/lib/x86_64-linux-gnu/pkgconfig:/home/ht/ht_ws/install/vikit_common/lib/pkgconfig ROS_PACKAGE_PATH=/home/ht/ht_ws/install/vikit_common/share /usr/bin/cmake --install /home/ht/ht_ws/build/fast_livo
[2.386s] -- Install configuration: "Release"
[2.387s] -- Execute custom install script
[2.387s] -- Up-to-date symlink: /home/ht/ht_ws/install/fast_livo/lib/fast_livo/fastlivo_mapping
[2.388s] -- Up-to-date symlink: /home/ht/ht_ws/install/fast_livo/share/fast_livo/config/MARS_LVIG.yaml
[2.388s] -- Up-to-date symlink: /home/ht/ht_ws/install/fast_livo/share/fast_livo/config/avia.yaml
[2.388s] -- Up-to-date symlink: /home/ht/ht_ws/install/fast_livo/share/fast_livo/config/camera_MARS_LVIG.yaml
[2.388s] -- Up-to-date symlink: /home/ht/ht_ws/install/fast_livo/share/fast_livo/config/camera_pinhole.yaml
[2.388s] -- Up-to-date symlink: /home/ht/ht_ws/install/fast_livo/share/fast_livo/launch/mapping_avia.launch.py
[2.388s] -- Up-to-date symlink: /home/ht/ht_ws/install/fast_livo/share/fast_livo/launch/mapping_avia_marslvig.launch.py
[2.389s] -- Up-to-date symlink: /home/ht/ht_ws/install/fast_livo/share/fast_livo/rviz_cfg/M300.rviz
[2.389s] -- Up-to-date symlink: /home/ht/ht_ws/install/fast_livo/share/fast_livo/rviz_cfg/fast_livo2.rviz
[2.389s] -- Up-to-date symlink: /home/ht/ht_ws/install/fast_livo/share/ament_index/resource_index/package_run_dependencies/fast_livo
[2.390s] -- Up-to-date symlink: /home/ht/ht_ws/install/fast_livo/share/ament_index/resource_index/parent_prefix_path/fast_livo
[2.390s] -- Up-to-date symlink: /home/ht/ht_ws/install/fast_livo/share/fast_livo/environment/ament_prefix_path.sh
[2.390s] -- Up-to-date symlink: /home/ht/ht_ws/install/fast_livo/share/fast_livo/environment/ament_prefix_path.dsv
[2.390s] -- Up-to-date symlink: /home/ht/ht_ws/install/fast_livo/share/fast_livo/environment/path.sh
[2.390s] -- Up-to-date symlink: /home/ht/ht_ws/install/fast_livo/share/fast_livo/environment/path.dsv
[2.391s] -- Up-to-date symlink: /home/ht/ht_ws/install/fast_livo/share/fast_livo/local_setup.bash
[2.391s] -- Up-to-date symlink: /home/ht/ht_ws/install/fast_livo/share/fast_livo/local_setup.sh
[2.391s] -- Up-to-date symlink: /home/ht/ht_ws/install/fast_livo/share/fast_livo/local_setup.zsh
[2.391s] -- Up-to-date symlink: /home/ht/ht_ws/install/fast_livo/share/fast_livo/local_setup.dsv
[2.391s] -- Symlinking: /home/ht/ht_ws/install/fast_livo/share/fast_livo/package.dsv
[2.398s] -- Up-to-date symlink: /home/ht/ht_ws/install/fast_livo/share/ament_index/resource_index/packages/fast_livo
[2.399s] -- Up-to-date symlink: /home/ht/ht_ws/install/fast_livo/share/fast_livo/cmake/ament_cmake_export_dependencies-extras.cmake
[2.399s] -- Up-to-date symlink: /home/ht/ht_ws/install/fast_livo/share/fast_livo/cmake/fast_livoConfig.cmake
[2.399s] -- Up-to-date symlink: /home/ht/ht_ws/install/fast_livo/share/fast_livo/cmake/fast_livoConfig-version.cmake
[2.399s] -- Up-to-date symlink: /home/ht/ht_ws/install/fast_livo/share/fast_livo/package.xml
[2.402s] Invoked command in '/home/ht/ht_ws/build/fast_livo' returned '0': AMENT_PREFIX_PATH=/home/ht/ht_ws/install/vikit_ros:${AMENT_PREFIX_PATH} CMAKE_PREFIX_PATH=/home/ht/ht_ws/install/vikit_ros:/opt/ros/humble:/home/ht/ht_ws/install/vikit_common LD_LIBRARY_PATH=/home/ht/ht_ws/install/vikit_ros/lib:/home/ht/ht_ws/install/vikit_common/lib:${LD_LIBRARY_PATH} PKG_CONFIG_PATH=/home/ht/ht_ws/install/vikit_common/lib/x86_64-linux-gnu/pkgconfig:/home/ht/ht_ws/install/vikit_common/lib/pkgconfig ROS_PACKAGE_PATH=/home/ht/ht_ws/install/vikit_common/share /usr/bin/cmake --install /home/ht/ht_ws/build/fast_livo
