[0.175s] DEBUG:colcon:Command line arguments: ['/usr/bin/colcon', 'build']
[0.176s] DEBUG:colcon:Parsed command line arguments: Namespace(log_base=None, log_level=None, verb_name='build', build_base='build', install_base='install', merge_install=False, symlink_install=False, test_result_base=None, continue_on_error=False, executor='parallel', parallel_workers=8, event_handlers=None, ignore_user_meta=False, metas=['./colcon.meta'], base_paths=['.'], packages_ignore=None, packages_ignore_regex=None, paths=None, packages_up_to=None, packages_up_to_regex=None, packages_above=None, packages_above_and_dependencies=None, packages_above_depth=None, packages_select_by_dep=None, packages_skip_by_dep=None, packages_skip_up_to=None, packages_select_build_failed=False, packages_skip_build_finished=False, packages_select_test_failures=False, packages_skip_test_passed=False, packages_select=None, packages_skip=None, packages_select_regex=None, packages_skip_regex=None, packages_start=None, packages_end=None, allow_overriding=[], cmake_args=None, cmake_target=None, cmake_target_skip_unavailable=False, cmake_clean_cache=False, cmake_clean_first=False, cmake_force_configure=False, ament_cmake_args=None, catkin_cmake_args=None, catkin_skip_building_tests=False, verb_parser=<colcon_defaults.argument_parser.defaults.DefaultArgumentsDecorator object at 0xffffa64a4070>, verb_extension=<colcon_core.verb.build.BuildVerb object at 0xffffa646bb50>, main=<bound method BuildVerb.main of <colcon_core.verb.build.BuildVerb object at 0xffffa646bb50>>)
[0.441s] Level 1:colcon.colcon_core.package_discovery:discover_packages(colcon_meta) check parameters
[0.441s] Level 1:colcon.colcon_core.package_discovery:discover_packages(recursive) check parameters
[0.441s] Level 1:colcon.colcon_core.package_discovery:discover_packages(ignore) check parameters
[0.441s] Level 1:colcon.colcon_core.package_discovery:discover_packages(path) check parameters
[0.441s] Level 1:colcon.colcon_core.package_discovery:discover_packages(colcon_meta) discover
[0.442s] Level 1:colcon.colcon_core.package_discovery:discover_packages(recursive) discover
[0.442s] INFO:colcon.colcon_core.package_discovery:Crawling recursively for packages in '/home/bxi_nx/ht_ws'
[0.442s] Level 1:colcon.colcon_core.package_identification:_identify(.) by extensions ['ignore', 'ignore_ament_install']
[0.442s] Level 1:colcon.colcon_core.package_identification:_identify(.) by extension 'ignore'
[0.442s] Level 1:colcon.colcon_core.package_identification:_identify(.) by extension 'ignore_ament_install'
[0.442s] Level 1:colcon.colcon_core.package_identification:_identify(.) by extensions ['colcon_pkg']
[0.442s] Level 1:colcon.colcon_core.package_identification:_identify(.) by extension 'colcon_pkg'
[0.442s] Level 1:colcon.colcon_core.package_identification:_identify(.) by extensions ['colcon_meta']
[0.443s] Level 1:colcon.colcon_core.package_identification:_identify(.) by extension 'colcon_meta'
[0.443s] Level 1:colcon.colcon_core.package_identification:_identify(.) by extensions ['ros']
[0.443s] Level 1:colcon.colcon_core.package_identification:_identify(.) by extension 'ros'
[0.463s] Level 1:colcon.colcon_core.package_identification:_identify(.) by extensions ['cmake', 'python']
[0.463s] Level 1:colcon.colcon_core.package_identification:_identify(.) by extension 'cmake'
[0.463s] Level 1:colcon.colcon_core.package_identification:_identify(.) by extension 'python'
[0.463s] Level 1:colcon.colcon_core.package_identification:_identify(.) by extensions ['python_setup_py']
[0.463s] Level 1:colcon.colcon_core.package_identification:_identify(.) by extension 'python_setup_py'
[0.463s] Level 1:colcon.colcon_core.package_identification:_identify(build) by extensions ['ignore', 'ignore_ament_install']
[0.464s] Level 1:colcon.colcon_core.package_identification:_identify(build) by extension 'ignore'
[0.464s] Level 1:colcon.colcon_core.package_identification:_identify(build) ignored
[0.464s] Level 1:colcon.colcon_core.package_identification:_identify(install) by extensions ['ignore', 'ignore_ament_install']
[0.464s] Level 1:colcon.colcon_core.package_identification:_identify(install) by extension 'ignore'
[0.464s] Level 1:colcon.colcon_core.package_identification:_identify(install) ignored
[0.464s] Level 1:colcon.colcon_core.package_identification:_identify(log) by extensions ['ignore', 'ignore_ament_install']
[0.465s] Level 1:colcon.colcon_core.package_identification:_identify(log) by extension 'ignore'
[0.465s] Level 1:colcon.colcon_core.package_identification:_identify(log) ignored
[0.465s] Level 1:colcon.colcon_core.package_identification:_identify(src) by extensions ['ignore', 'ignore_ament_install']
[0.465s] Level 1:colcon.colcon_core.package_identification:_identify(src) by extension 'ignore'
[0.465s] Level 1:colcon.colcon_core.package_identification:_identify(src) by extension 'ignore_ament_install'
[0.465s] Level 1:colcon.colcon_core.package_identification:_identify(src) by extensions ['colcon_pkg']
[0.465s] Level 1:colcon.colcon_core.package_identification:_identify(src) by extension 'colcon_pkg'
[0.465s] Level 1:colcon.colcon_core.package_identification:_identify(src) by extensions ['colcon_meta']
[0.465s] Level 1:colcon.colcon_core.package_identification:_identify(src) by extension 'colcon_meta'
[0.465s] Level 1:colcon.colcon_core.package_identification:_identify(src) by extensions ['ros']
[0.466s] Level 1:colcon.colcon_core.package_identification:_identify(src) by extension 'ros'
[0.466s] Level 1:colcon.colcon_core.package_identification:_identify(src) by extensions ['cmake', 'python']
[0.466s] Level 1:colcon.colcon_core.package_identification:_identify(src) by extension 'cmake'
[0.466s] Level 1:colcon.colcon_core.package_identification:_identify(src) by extension 'python'
[0.466s] Level 1:colcon.colcon_core.package_identification:_identify(src) by extensions ['python_setup_py']
[0.466s] Level 1:colcon.colcon_core.package_identification:_identify(src) by extension 'python_setup_py'
[0.466s] Level 1:colcon.colcon_core.package_identification:_identify(src/FAST-LIVO2) by extensions ['ignore', 'ignore_ament_install']
[0.466s] Level 1:colcon.colcon_core.package_identification:_identify(src/FAST-LIVO2) by extension 'ignore'
[0.466s] Level 1:colcon.colcon_core.package_identification:_identify(src/FAST-LIVO2) by extension 'ignore_ament_install'
[0.466s] Level 1:colcon.colcon_core.package_identification:_identify(src/FAST-LIVO2) by extensions ['colcon_pkg']
[0.467s] Level 1:colcon.colcon_core.package_identification:_identify(src/FAST-LIVO2) by extension 'colcon_pkg'
[0.467s] Level 1:colcon.colcon_core.package_identification:_identify(src/FAST-LIVO2) by extensions ['colcon_meta']
[0.467s] Level 1:colcon.colcon_core.package_identification:_identify(src/FAST-LIVO2) by extension 'colcon_meta'
[0.467s] Level 1:colcon.colcon_core.package_identification:_identify(src/FAST-LIVO2) by extensions ['ros']
[0.467s] Level 1:colcon.colcon_core.package_identification:_identify(src/FAST-LIVO2) by extension 'ros'
[0.471s] DEBUG:colcon.colcon_core.package_identification:Package 'src/FAST-LIVO2' with type 'ros.ament_cmake' and name 'fast_livo'
[0.471s] Level 1:colcon.colcon_core.package_identification:_identify(src/Livox-SDK2) by extensions ['ignore', 'ignore_ament_install']
[0.472s] Level 1:colcon.colcon_core.package_identification:_identify(src/Livox-SDK2) by extension 'ignore'
[0.472s] Level 1:colcon.colcon_core.package_identification:_identify(src/Livox-SDK2) by extension 'ignore_ament_install'
[0.472s] Level 1:colcon.colcon_core.package_identification:_identify(src/Livox-SDK2) by extensions ['colcon_pkg']
[0.472s] Level 1:colcon.colcon_core.package_identification:_identify(src/Livox-SDK2) by extension 'colcon_pkg'
[0.472s] Level 1:colcon.colcon_core.package_identification:_identify(src/Livox-SDK2) by extensions ['colcon_meta']
[0.472s] Level 1:colcon.colcon_core.package_identification:_identify(src/Livox-SDK2) by extension 'colcon_meta'
[0.472s] Level 1:colcon.colcon_core.package_identification:_identify(src/Livox-SDK2) by extensions ['ros']
[0.472s] Level 1:colcon.colcon_core.package_identification:_identify(src/Livox-SDK2) by extension 'ros'
[0.472s] Level 1:colcon.colcon_core.package_identification:_identify(src/Livox-SDK2) by extensions ['cmake', 'python']
[0.472s] Level 1:colcon.colcon_core.package_identification:_identify(src/Livox-SDK2) by extension 'cmake'
[0.489s] Level 1:colcon.colcon_core.package_identification:_identify(src/Livox-SDK2) by extension 'python'
[0.490s] DEBUG:colcon.colcon_core.package_identification:Package 'src/Livox-SDK2' with type 'cmake' and name 'livox_sdk2'
[0.490s] Level 1:colcon.colcon_core.package_identification:_identify(src/realsense-ros) by extensions ['ignore', 'ignore_ament_install']
[0.490s] Level 1:colcon.colcon_core.package_identification:_identify(src/realsense-ros) by extension 'ignore'
[0.490s] Level 1:colcon.colcon_core.package_identification:_identify(src/realsense-ros) by extension 'ignore_ament_install'
[0.490s] Level 1:colcon.colcon_core.package_identification:_identify(src/realsense-ros) by extensions ['colcon_pkg']
[0.490s] Level 1:colcon.colcon_core.package_identification:_identify(src/realsense-ros) by extension 'colcon_pkg'
[0.490s] Level 1:colcon.colcon_core.package_identification:_identify(src/realsense-ros) by extensions ['colcon_meta']
[0.490s] Level 1:colcon.colcon_core.package_identification:_identify(src/realsense-ros) by extension 'colcon_meta'
[0.491s] Level 1:colcon.colcon_core.package_identification:_identify(src/realsense-ros) by extensions ['ros']
[0.491s] Level 1:colcon.colcon_core.package_identification:_identify(src/realsense-ros) by extension 'ros'
[0.491s] Level 1:colcon.colcon_core.package_identification:_identify(src/realsense-ros) by extensions ['cmake', 'python']
[0.491s] Level 1:colcon.colcon_core.package_identification:_identify(src/realsense-ros) by extension 'cmake'
[0.491s] Level 1:colcon.colcon_core.package_identification:_identify(src/realsense-ros) by extension 'python'
[0.491s] Level 1:colcon.colcon_core.package_identification:_identify(src/realsense-ros) by extensions ['python_setup_py']
[0.491s] Level 1:colcon.colcon_core.package_identification:_identify(src/realsense-ros) by extension 'python_setup_py'
[0.491s] Level 1:colcon.colcon_core.package_identification:_identify(src/realsense-ros/realsense2_camera) by extensions ['ignore', 'ignore_ament_install']
[0.491s] Level 1:colcon.colcon_core.package_identification:_identify(src/realsense-ros/realsense2_camera) by extension 'ignore'
[0.491s] Level 1:colcon.colcon_core.package_identification:_identify(src/realsense-ros/realsense2_camera) by extension 'ignore_ament_install'
[0.492s] Level 1:colcon.colcon_core.package_identification:_identify(src/realsense-ros/realsense2_camera) by extensions ['colcon_pkg']
[0.492s] Level 1:colcon.colcon_core.package_identification:_identify(src/realsense-ros/realsense2_camera) by extension 'colcon_pkg'
[0.492s] Level 1:colcon.colcon_core.package_identification:_identify(src/realsense-ros/realsense2_camera) by extensions ['colcon_meta']
[0.492s] Level 1:colcon.colcon_core.package_identification:_identify(src/realsense-ros/realsense2_camera) by extension 'colcon_meta'
[0.492s] Level 1:colcon.colcon_core.package_identification:_identify(src/realsense-ros/realsense2_camera) by extensions ['ros']
[0.492s] Level 1:colcon.colcon_core.package_identification:_identify(src/realsense-ros/realsense2_camera) by extension 'ros'
[0.495s] DEBUG:colcon.colcon_core.package_identification:Package 'src/realsense-ros/realsense2_camera' with type 'ros.ament_cmake' and name 'realsense2_camera'
[0.495s] Level 1:colcon.colcon_core.package_identification:_identify(src/realsense-ros/realsense2_camera_msgs) by extensions ['ignore', 'ignore_ament_install']
[0.495s] Level 1:colcon.colcon_core.package_identification:_identify(src/realsense-ros/realsense2_camera_msgs) by extension 'ignore'
[0.495s] Level 1:colcon.colcon_core.package_identification:_identify(src/realsense-ros/realsense2_camera_msgs) by extension 'ignore_ament_install'
[0.495s] Level 1:colcon.colcon_core.package_identification:_identify(src/realsense-ros/realsense2_camera_msgs) by extensions ['colcon_pkg']
[0.495s] Level 1:colcon.colcon_core.package_identification:_identify(src/realsense-ros/realsense2_camera_msgs) by extension 'colcon_pkg'
[0.495s] Level 1:colcon.colcon_core.package_identification:_identify(src/realsense-ros/realsense2_camera_msgs) by extensions ['colcon_meta']
[0.495s] Level 1:colcon.colcon_core.package_identification:_identify(src/realsense-ros/realsense2_camera_msgs) by extension 'colcon_meta'
[0.495s] Level 1:colcon.colcon_core.package_identification:_identify(src/realsense-ros/realsense2_camera_msgs) by extensions ['ros']
[0.495s] Level 1:colcon.colcon_core.package_identification:_identify(src/realsense-ros/realsense2_camera_msgs) by extension 'ros'
[0.496s] DEBUG:colcon.colcon_core.package_identification:Package 'src/realsense-ros/realsense2_camera_msgs' with type 'ros.ament_cmake' and name 'realsense2_camera_msgs'
[0.497s] Level 1:colcon.colcon_core.package_identification:_identify(src/realsense-ros/realsense2_description) by extensions ['ignore', 'ignore_ament_install']
[0.497s] Level 1:colcon.colcon_core.package_identification:_identify(src/realsense-ros/realsense2_description) by extension 'ignore'
[0.497s] Level 1:colcon.colcon_core.package_identification:_identify(src/realsense-ros/realsense2_description) by extension 'ignore_ament_install'
[0.497s] Level 1:colcon.colcon_core.package_identification:_identify(src/realsense-ros/realsense2_description) by extensions ['colcon_pkg']
[0.497s] Level 1:colcon.colcon_core.package_identification:_identify(src/realsense-ros/realsense2_description) by extension 'colcon_pkg'
[0.497s] Level 1:colcon.colcon_core.package_identification:_identify(src/realsense-ros/realsense2_description) by extensions ['colcon_meta']
[0.497s] Level 1:colcon.colcon_core.package_identification:_identify(src/realsense-ros/realsense2_description) by extension 'colcon_meta'
[0.497s] Level 1:colcon.colcon_core.package_identification:_identify(src/realsense-ros/realsense2_description) by extensions ['ros']
[0.497s] Level 1:colcon.colcon_core.package_identification:_identify(src/realsense-ros/realsense2_description) by extension 'ros'
[0.499s] DEBUG:colcon.colcon_core.package_identification:Package 'src/realsense-ros/realsense2_description' with type 'ros.ament_cmake' and name 'realsense2_description'
[0.499s] Level 1:colcon.colcon_core.package_identification:_identify(src/realsense-ros/scripts) by extensions ['ignore', 'ignore_ament_install']
[0.499s] Level 1:colcon.colcon_core.package_identification:_identify(src/realsense-ros/scripts) by extension 'ignore'
[0.499s] Level 1:colcon.colcon_core.package_identification:_identify(src/realsense-ros/scripts) by extension 'ignore_ament_install'
[0.499s] Level 1:colcon.colcon_core.package_identification:_identify(src/realsense-ros/scripts) by extensions ['colcon_pkg']
[0.499s] Level 1:colcon.colcon_core.package_identification:_identify(src/realsense-ros/scripts) by extension 'colcon_pkg'
[0.499s] Level 1:colcon.colcon_core.package_identification:_identify(src/realsense-ros/scripts) by extensions ['colcon_meta']
[0.499s] Level 1:colcon.colcon_core.package_identification:_identify(src/realsense-ros/scripts) by extension 'colcon_meta'
[0.499s] Level 1:colcon.colcon_core.package_identification:_identify(src/realsense-ros/scripts) by extensions ['ros']
[0.499s] Level 1:colcon.colcon_core.package_identification:_identify(src/realsense-ros/scripts) by extension 'ros'
[0.500s] Level 1:colcon.colcon_core.package_identification:_identify(src/realsense-ros/scripts) by extensions ['cmake', 'python']
[0.500s] Level 1:colcon.colcon_core.package_identification:_identify(src/realsense-ros/scripts) by extension 'cmake'
[0.500s] Level 1:colcon.colcon_core.package_identification:_identify(src/realsense-ros/scripts) by extension 'python'
[0.500s] Level 1:colcon.colcon_core.package_identification:_identify(src/realsense-ros/scripts) by extensions ['python_setup_py']
[0.500s] Level 1:colcon.colcon_core.package_identification:_identify(src/realsense-ros/scripts) by extension 'python_setup_py'
[0.500s] Level 1:colcon.colcon_core.package_identification:_identify(src/rpg_vikit) by extensions ['ignore', 'ignore_ament_install']
[0.500s] Level 1:colcon.colcon_core.package_identification:_identify(src/rpg_vikit) by extension 'ignore'
[0.500s] Level 1:colcon.colcon_core.package_identification:_identify(src/rpg_vikit) by extension 'ignore_ament_install'
[0.500s] Level 1:colcon.colcon_core.package_identification:_identify(src/rpg_vikit) by extensions ['colcon_pkg']
[0.500s] Level 1:colcon.colcon_core.package_identification:_identify(src/rpg_vikit) by extension 'colcon_pkg'
[0.500s] Level 1:colcon.colcon_core.package_identification:_identify(src/rpg_vikit) by extensions ['colcon_meta']
[0.500s] Level 1:colcon.colcon_core.package_identification:_identify(src/rpg_vikit) by extension 'colcon_meta'
[0.501s] Level 1:colcon.colcon_core.package_identification:_identify(src/rpg_vikit) by extensions ['ros']
[0.501s] Level 1:colcon.colcon_core.package_identification:_identify(src/rpg_vikit) by extension 'ros'
[0.501s] Level 1:colcon.colcon_core.package_identification:_identify(src/rpg_vikit) by extensions ['cmake', 'python']
[0.501s] Level 1:colcon.colcon_core.package_identification:_identify(src/rpg_vikit) by extension 'cmake'
[0.501s] Level 1:colcon.colcon_core.package_identification:_identify(src/rpg_vikit) by extension 'python'
[0.501s] Level 1:colcon.colcon_core.package_identification:_identify(src/rpg_vikit) by extensions ['python_setup_py']
[0.501s] Level 1:colcon.colcon_core.package_identification:_identify(src/rpg_vikit) by extension 'python_setup_py'
[0.501s] Level 1:colcon.colcon_core.package_identification:_identify(src/rpg_vikit/vikit_common) by extensions ['ignore', 'ignore_ament_install']
[0.501s] Level 1:colcon.colcon_core.package_identification:_identify(src/rpg_vikit/vikit_common) by extension 'ignore'
[0.501s] Level 1:colcon.colcon_core.package_identification:_identify(src/rpg_vikit/vikit_common) by extension 'ignore_ament_install'
[0.501s] Level 1:colcon.colcon_core.package_identification:_identify(src/rpg_vikit/vikit_common) by extensions ['colcon_pkg']
[0.502s] Level 1:colcon.colcon_core.package_identification:_identify(src/rpg_vikit/vikit_common) by extension 'colcon_pkg'
[0.502s] Level 1:colcon.colcon_core.package_identification:_identify(src/rpg_vikit/vikit_common) by extensions ['colcon_meta']
[0.502s] Level 1:colcon.colcon_core.package_identification:_identify(src/rpg_vikit/vikit_common) by extension 'colcon_meta'
[0.502s] Level 1:colcon.colcon_core.package_identification:_identify(src/rpg_vikit/vikit_common) by extensions ['ros']
[0.502s] Level 1:colcon.colcon_core.package_identification:_identify(src/rpg_vikit/vikit_common) by extension 'ros'
[0.503s] DEBUG:colcon.colcon_core.package_identification:Package 'src/rpg_vikit/vikit_common' with type 'ros.catkin' and name 'vikit_common'
[0.503s] Level 1:colcon.colcon_core.package_identification:_identify(src/rpg_vikit/vikit_ros) by extensions ['ignore', 'ignore_ament_install']
[0.503s] Level 1:colcon.colcon_core.package_identification:_identify(src/rpg_vikit/vikit_ros) by extension 'ignore'
[0.503s] Level 1:colcon.colcon_core.package_identification:_identify(src/rpg_vikit/vikit_ros) by extension 'ignore_ament_install'
[0.503s] Level 1:colcon.colcon_core.package_identification:_identify(src/rpg_vikit/vikit_ros) by extensions ['colcon_pkg']
[0.504s] Level 1:colcon.colcon_core.package_identification:_identify(src/rpg_vikit/vikit_ros) by extension 'colcon_pkg'
[0.504s] Level 1:colcon.colcon_core.package_identification:_identify(src/rpg_vikit/vikit_ros) by extensions ['colcon_meta']
[0.504s] Level 1:colcon.colcon_core.package_identification:_identify(src/rpg_vikit/vikit_ros) by extension 'colcon_meta'
[0.504s] Level 1:colcon.colcon_core.package_identification:_identify(src/rpg_vikit/vikit_ros) by extensions ['ros']
[0.504s] Level 1:colcon.colcon_core.package_identification:_identify(src/rpg_vikit/vikit_ros) by extension 'ros'
[0.505s] DEBUG:colcon.colcon_core.package_identification:Package 'src/rpg_vikit/vikit_ros' with type 'ros.ament_cmake' and name 'vikit_ros'
[0.505s] Level 1:colcon.colcon_core.package_discovery:discover_packages(recursive) using defaults
[0.505s] Level 1:colcon.colcon_core.package_discovery:discover_packages(ignore) discover
[0.505s] Level 1:colcon.colcon_core.package_discovery:discover_packages(ignore) using defaults
[0.505s] Level 1:colcon.colcon_core.package_discovery:discover_packages(path) discover
[0.505s] Level 1:colcon.colcon_core.package_discovery:discover_packages(path) using defaults
[0.541s] Level 1:colcon.colcon_core.package_discovery:discover_packages(prefix_path) check parameters
[0.541s] Level 1:colcon.colcon_core.package_discovery:discover_packages(prefix_path) discover
[0.544s] DEBUG:colcon.colcon_installed_package_information.package_discovery:Found 5 installed packages in /home/bxi_nx/ws_livox/install
[0.547s] DEBUG:colcon.colcon_installed_package_information.package_discovery:Found 322 installed packages in /opt/ros/humble
[0.576s] Level 1:colcon.colcon_core.package_discovery:discover_packages(prefix_path) using defaults
[0.644s] Level 5:colcon.colcon_core.verb:set package 'livox_sdk2' build argument 'cmake_args' from command line to 'None'
[0.644s] Level 5:colcon.colcon_core.verb:set package 'livox_sdk2' build argument 'cmake_target' from command line to 'None'
[0.644s] Level 5:colcon.colcon_core.verb:set package 'livox_sdk2' build argument 'cmake_target_skip_unavailable' from command line to 'False'
[0.644s] Level 5:colcon.colcon_core.verb:set package 'livox_sdk2' build argument 'cmake_clean_cache' from command line to 'False'
[0.644s] Level 5:colcon.colcon_core.verb:set package 'livox_sdk2' build argument 'cmake_clean_first' from command line to 'False'
[0.644s] Level 5:colcon.colcon_core.verb:set package 'livox_sdk2' build argument 'cmake_force_configure' from command line to 'False'
[0.644s] Level 5:colcon.colcon_core.verb:set package 'livox_sdk2' build argument 'ament_cmake_args' from command line to 'None'
[0.644s] Level 5:colcon.colcon_core.verb:set package 'livox_sdk2' build argument 'catkin_cmake_args' from command line to 'None'
[0.644s] Level 5:colcon.colcon_core.verb:set package 'livox_sdk2' build argument 'catkin_skip_building_tests' from command line to 'False'
[0.644s] DEBUG:colcon.colcon_core.verb:Building package 'livox_sdk2' with the following arguments: {'ament_cmake_args': None, 'build_base': '/home/bxi_nx/ht_ws/build/livox_sdk2', 'catkin_cmake_args': None, 'catkin_skip_building_tests': False, 'cmake_args': None, 'cmake_clean_cache': False, 'cmake_clean_first': False, 'cmake_force_configure': False, 'cmake_target': None, 'cmake_target_skip_unavailable': False, 'install_base': '/home/bxi_nx/ht_ws/install/livox_sdk2', 'merge_install': False, 'path': '/home/bxi_nx/ht_ws/src/Livox-SDK2', 'symlink_install': False, 'test_result_base': None}
[0.645s] Level 5:colcon.colcon_core.verb:set package 'realsense2_camera_msgs' build argument 'cmake_args' from command line to 'None'
[0.645s] Level 5:colcon.colcon_core.verb:set package 'realsense2_camera_msgs' build argument 'cmake_target' from command line to 'None'
[0.645s] Level 5:colcon.colcon_core.verb:set package 'realsense2_camera_msgs' build argument 'cmake_target_skip_unavailable' from command line to 'False'
[0.645s] Level 5:colcon.colcon_core.verb:set package 'realsense2_camera_msgs' build argument 'cmake_clean_cache' from command line to 'False'
[0.645s] Level 5:colcon.colcon_core.verb:set package 'realsense2_camera_msgs' build argument 'cmake_clean_first' from command line to 'False'
[0.645s] Level 5:colcon.colcon_core.verb:set package 'realsense2_camera_msgs' build argument 'cmake_force_configure' from command line to 'False'
[0.645s] Level 5:colcon.colcon_core.verb:set package 'realsense2_camera_msgs' build argument 'ament_cmake_args' from command line to 'None'
[0.645s] Level 5:colcon.colcon_core.verb:set package 'realsense2_camera_msgs' build argument 'catkin_cmake_args' from command line to 'None'
[0.645s] Level 5:colcon.colcon_core.verb:set package 'realsense2_camera_msgs' build argument 'catkin_skip_building_tests' from command line to 'False'
[0.645s] DEBUG:colcon.colcon_core.verb:Building package 'realsense2_camera_msgs' with the following arguments: {'ament_cmake_args': None, 'build_base': '/home/bxi_nx/ht_ws/build/realsense2_camera_msgs', 'catkin_cmake_args': None, 'catkin_skip_building_tests': False, 'cmake_args': None, 'cmake_clean_cache': False, 'cmake_clean_first': False, 'cmake_force_configure': False, 'cmake_target': None, 'cmake_target_skip_unavailable': False, 'install_base': '/home/bxi_nx/ht_ws/install/realsense2_camera_msgs', 'merge_install': False, 'path': '/home/bxi_nx/ht_ws/src/realsense-ros/realsense2_camera_msgs', 'symlink_install': False, 'test_result_base': None}
[0.646s] Level 5:colcon.colcon_core.verb:set package 'vikit_common' build argument 'cmake_args' from command line to 'None'
[0.646s] Level 5:colcon.colcon_core.verb:set package 'vikit_common' build argument 'cmake_target' from command line to 'None'
[0.646s] Level 5:colcon.colcon_core.verb:set package 'vikit_common' build argument 'cmake_target_skip_unavailable' from command line to 'False'
[0.646s] Level 5:colcon.colcon_core.verb:set package 'vikit_common' build argument 'cmake_clean_cache' from command line to 'False'
[0.646s] Level 5:colcon.colcon_core.verb:set package 'vikit_common' build argument 'cmake_clean_first' from command line to 'False'
[0.646s] Level 5:colcon.colcon_core.verb:set package 'vikit_common' build argument 'cmake_force_configure' from command line to 'False'
[0.646s] Level 5:colcon.colcon_core.verb:set package 'vikit_common' build argument 'ament_cmake_args' from command line to 'None'
[0.646s] Level 5:colcon.colcon_core.verb:set package 'vikit_common' build argument 'catkin_cmake_args' from command line to 'None'
[0.646s] Level 5:colcon.colcon_core.verb:set package 'vikit_common' build argument 'catkin_skip_building_tests' from command line to 'False'
[0.646s] DEBUG:colcon.colcon_core.verb:Building package 'vikit_common' with the following arguments: {'ament_cmake_args': None, 'build_base': '/home/bxi_nx/ht_ws/build/vikit_common', 'catkin_cmake_args': None, 'catkin_skip_building_tests': False, 'cmake_args': None, 'cmake_clean_cache': False, 'cmake_clean_first': False, 'cmake_force_configure': False, 'cmake_target': None, 'cmake_target_skip_unavailable': False, 'install_base': '/home/bxi_nx/ht_ws/install/vikit_common', 'merge_install': False, 'path': '/home/bxi_nx/ht_ws/src/rpg_vikit/vikit_common', 'symlink_install': False, 'test_result_base': None}
[0.647s] Level 5:colcon.colcon_core.verb:set package 'realsense2_camera' build argument 'cmake_args' from command line to 'None'
[0.647s] Level 5:colcon.colcon_core.verb:set package 'realsense2_camera' build argument 'cmake_target' from command line to 'None'
[0.647s] Level 5:colcon.colcon_core.verb:set package 'realsense2_camera' build argument 'cmake_target_skip_unavailable' from command line to 'False'
[0.647s] Level 5:colcon.colcon_core.verb:set package 'realsense2_camera' build argument 'cmake_clean_cache' from command line to 'False'
[0.647s] Level 5:colcon.colcon_core.verb:set package 'realsense2_camera' build argument 'cmake_clean_first' from command line to 'False'
[0.647s] Level 5:colcon.colcon_core.verb:set package 'realsense2_camera' build argument 'cmake_force_configure' from command line to 'False'
[0.647s] Level 5:colcon.colcon_core.verb:set package 'realsense2_camera' build argument 'ament_cmake_args' from command line to 'None'
[0.647s] Level 5:colcon.colcon_core.verb:set package 'realsense2_camera' build argument 'catkin_cmake_args' from command line to 'None'
[0.647s] Level 5:colcon.colcon_core.verb:set package 'realsense2_camera' build argument 'catkin_skip_building_tests' from command line to 'False'
[0.647s] DEBUG:colcon.colcon_core.verb:Building package 'realsense2_camera' with the following arguments: {'ament_cmake_args': None, 'build_base': '/home/bxi_nx/ht_ws/build/realsense2_camera', 'catkin_cmake_args': None, 'catkin_skip_building_tests': False, 'cmake_args': None, 'cmake_clean_cache': False, 'cmake_clean_first': False, 'cmake_force_configure': False, 'cmake_target': None, 'cmake_target_skip_unavailable': False, 'install_base': '/home/bxi_nx/ht_ws/install/realsense2_camera', 'merge_install': False, 'path': '/home/bxi_nx/ht_ws/src/realsense-ros/realsense2_camera', 'symlink_install': False, 'test_result_base': None}
[0.647s] Level 5:colcon.colcon_core.verb:set package 'realsense2_description' build argument 'cmake_args' from command line to 'None'
[0.648s] Level 5:colcon.colcon_core.verb:set package 'realsense2_description' build argument 'cmake_target' from command line to 'None'
[0.648s] Level 5:colcon.colcon_core.verb:set package 'realsense2_description' build argument 'cmake_target_skip_unavailable' from command line to 'False'
[0.648s] Level 5:colcon.colcon_core.verb:set package 'realsense2_description' build argument 'cmake_clean_cache' from command line to 'False'
[0.648s] Level 5:colcon.colcon_core.verb:set package 'realsense2_description' build argument 'cmake_clean_first' from command line to 'False'
[0.648s] Level 5:colcon.colcon_core.verb:set package 'realsense2_description' build argument 'cmake_force_configure' from command line to 'False'
[0.648s] Level 5:colcon.colcon_core.verb:set package 'realsense2_description' build argument 'ament_cmake_args' from command line to 'None'
[0.648s] Level 5:colcon.colcon_core.verb:set package 'realsense2_description' build argument 'catkin_cmake_args' from command line to 'None'
[0.648s] Level 5:colcon.colcon_core.verb:set package 'realsense2_description' build argument 'catkin_skip_building_tests' from command line to 'False'
[0.648s] DEBUG:colcon.colcon_core.verb:Building package 'realsense2_description' with the following arguments: {'ament_cmake_args': None, 'build_base': '/home/bxi_nx/ht_ws/build/realsense2_description', 'catkin_cmake_args': None, 'catkin_skip_building_tests': False, 'cmake_args': None, 'cmake_clean_cache': False, 'cmake_clean_first': False, 'cmake_force_configure': False, 'cmake_target': None, 'cmake_target_skip_unavailable': False, 'install_base': '/home/bxi_nx/ht_ws/install/realsense2_description', 'merge_install': False, 'path': '/home/bxi_nx/ht_ws/src/realsense-ros/realsense2_description', 'symlink_install': False, 'test_result_base': None}
[0.648s] Level 5:colcon.colcon_core.verb:set package 'vikit_ros' build argument 'cmake_args' from command line to 'None'
[0.648s] Level 5:colcon.colcon_core.verb:set package 'vikit_ros' build argument 'cmake_target' from command line to 'None'
[0.648s] Level 5:colcon.colcon_core.verb:set package 'vikit_ros' build argument 'cmake_target_skip_unavailable' from command line to 'False'
[0.648s] Level 5:colcon.colcon_core.verb:set package 'vikit_ros' build argument 'cmake_clean_cache' from command line to 'False'
[0.648s] Level 5:colcon.colcon_core.verb:set package 'vikit_ros' build argument 'cmake_clean_first' from command line to 'False'
[0.649s] Level 5:colcon.colcon_core.verb:set package 'vikit_ros' build argument 'cmake_force_configure' from command line to 'False'
[0.649s] Level 5:colcon.colcon_core.verb:set package 'vikit_ros' build argument 'ament_cmake_args' from command line to 'None'
[0.649s] Level 5:colcon.colcon_core.verb:set package 'vikit_ros' build argument 'catkin_cmake_args' from command line to 'None'
[0.649s] Level 5:colcon.colcon_core.verb:set package 'vikit_ros' build argument 'catkin_skip_building_tests' from command line to 'False'
[0.649s] DEBUG:colcon.colcon_core.verb:Building package 'vikit_ros' with the following arguments: {'ament_cmake_args': None, 'build_base': '/home/bxi_nx/ht_ws/build/vikit_ros', 'catkin_cmake_args': None, 'catkin_skip_building_tests': False, 'cmake_args': None, 'cmake_clean_cache': False, 'cmake_clean_first': False, 'cmake_force_configure': False, 'cmake_target': None, 'cmake_target_skip_unavailable': False, 'install_base': '/home/bxi_nx/ht_ws/install/vikit_ros', 'merge_install': False, 'path': '/home/bxi_nx/ht_ws/src/rpg_vikit/vikit_ros', 'symlink_install': False, 'test_result_base': None}
[0.649s] Level 5:colcon.colcon_core.verb:set package 'fast_livo' build argument 'cmake_args' from command line to 'None'
[0.649s] Level 5:colcon.colcon_core.verb:set package 'fast_livo' build argument 'cmake_target' from command line to 'None'
[0.649s] Level 5:colcon.colcon_core.verb:set package 'fast_livo' build argument 'cmake_target_skip_unavailable' from command line to 'False'
[0.649s] Level 5:colcon.colcon_core.verb:set package 'fast_livo' build argument 'cmake_clean_cache' from command line to 'False'
[0.649s] Level 5:colcon.colcon_core.verb:set package 'fast_livo' build argument 'cmake_clean_first' from command line to 'False'
[0.649s] Level 5:colcon.colcon_core.verb:set package 'fast_livo' build argument 'cmake_force_configure' from command line to 'False'
[0.649s] Level 5:colcon.colcon_core.verb:set package 'fast_livo' build argument 'ament_cmake_args' from command line to 'None'
[0.649s] Level 5:colcon.colcon_core.verb:set package 'fast_livo' build argument 'catkin_cmake_args' from command line to 'None'
[0.650s] Level 5:colcon.colcon_core.verb:set package 'fast_livo' build argument 'catkin_skip_building_tests' from command line to 'False'
[0.650s] DEBUG:colcon.colcon_core.verb:Building package 'fast_livo' with the following arguments: {'ament_cmake_args': None, 'build_base': '/home/bxi_nx/ht_ws/build/fast_livo', 'catkin_cmake_args': None, 'catkin_skip_building_tests': False, 'cmake_args': None, 'cmake_clean_cache': False, 'cmake_clean_first': False, 'cmake_force_configure': False, 'cmake_target': None, 'cmake_target_skip_unavailable': False, 'install_base': '/home/bxi_nx/ht_ws/install/fast_livo', 'merge_install': False, 'path': '/home/bxi_nx/ht_ws/src/FAST-LIVO2', 'symlink_install': False, 'test_result_base': None}
[0.650s] INFO:colcon.colcon_core.executor:Executing jobs using 'parallel' executor
[0.652s] DEBUG:colcon.colcon_parallel_executor.executor.parallel:run_until_complete
[0.653s] INFO:colcon.colcon_ros.task.ament_cmake.build:Building ROS package in '/home/bxi_nx/ht_ws/src/realsense-ros/realsense2_camera_msgs' with build type 'ament_cmake'
[0.653s] INFO:colcon.colcon_cmake.task.cmake.build:Building CMake package in '/home/bxi_nx/ht_ws/src/realsense-ros/realsense2_camera_msgs'
[0.658s] INFO:colcon.colcon_core.plugin_system:Skipping extension 'colcon_core.shell.bat': Not used on non-Windows systems
[0.658s] INFO:colcon.colcon_core.shell:Skip shell extension 'powershell' for command environment: Not usable outside of PowerShell
[0.658s] DEBUG:colcon.colcon_core.shell:Skip shell extension 'dsv' for command environment
[0.664s] INFO:colcon.colcon_ros.task.catkin.build:Building ROS package in '/home/bxi_nx/ht_ws/src/rpg_vikit/vikit_common' with build type 'catkin'
[0.665s] INFO:colcon.colcon_cmake.task.cmake.build:Building CMake package in '/home/bxi_nx/ht_ws/src/rpg_vikit/vikit_common'
[0.665s] INFO:colcon.colcon_core.shell:Skip shell extension 'powershell' for command environment: Not usable outside of PowerShell
[0.665s] DEBUG:colcon.colcon_core.shell:Skip shell extension 'dsv' for command environment
[0.671s] INFO:colcon.colcon_cmake.task.cmake.build:Building CMake package in '/home/bxi_nx/ht_ws/src/Livox-SDK2'
[0.671s] INFO:colcon.colcon_core.shell:Skip shell extension 'powershell' for command environment: Not usable outside of PowerShell
[0.672s] DEBUG:colcon.colcon_core.shell:Skip shell extension 'dsv' for command environment
[0.687s] DEBUG:colcon.colcon_core.event_handler.log_command:Invoking command in '/home/bxi_nx/ht_ws/build/realsense2_camera_msgs': CMAKE_PREFIX_PATH=${CMAKE_PREFIX_PATH}:/opt/ros/humble /usr/bin/cmake --build /home/bxi_nx/ht_ws/build/realsense2_camera_msgs -- -j8 -l8
[0.696s] DEBUG:colcon.colcon_core.event_handler.log_command:Invoking command in '/home/bxi_nx/ht_ws/build/vikit_common': /usr/bin/cmake --build /home/bxi_nx/ht_ws/build/vikit_common -- -j8 -l8
[0.704s] DEBUG:colcon.colcon_core.event_handler.log_command:Invoking command in '/home/bxi_nx/ht_ws/build/livox_sdk2': /usr/bin/cmake --build /home/bxi_nx/ht_ws/build/livox_sdk2 -- -j8 -l8
[0.922s] DEBUG:colcon.colcon_core.event_handler.log_command:Invoked command in '/home/bxi_nx/ht_ws/build/vikit_common' returned '0': /usr/bin/cmake --build /home/bxi_nx/ht_ws/build/vikit_common -- -j8 -l8
[0.940s] DEBUG:colcon.colcon_core.event_handler.log_command:Invoking command in '/home/bxi_nx/ht_ws/build/vikit_common': /usr/bin/cmake --install /home/bxi_nx/ht_ws/build/vikit_common
[0.945s] DEBUG:colcon.colcon_core.event_handler.log_command:Invoked command in '/home/bxi_nx/ht_ws/build/livox_sdk2' returned '0': /usr/bin/cmake --build /home/bxi_nx/ht_ws/build/livox_sdk2 -- -j8 -l8
[0.948s] DEBUG:colcon.colcon_core.event_handler.log_command:Invoking command in '/home/bxi_nx/ht_ws/build/livox_sdk2': /usr/bin/cmake --install /home/bxi_nx/ht_ws/build/livox_sdk2
[0.970s] Level 1:colcon.colcon_core.environment:create_environment_scripts_only(livox_sdk2)
[0.976s] Level 1:colcon.colcon_core.environment:checking '/home/bxi_nx/ht_ws/install/livox_sdk2' for CMake module files
[0.977s] Level 1:colcon.colcon_core.environment:checking '/home/bxi_nx/ht_ws/install/livox_sdk2' for CMake config files
[0.978s] Level 1:colcon.colcon_core.environment:checking '/home/bxi_nx/ht_ws/install/livox_sdk2/lib'
[0.979s] Level 1:colcon.colcon_core.shell:create_environment_hook('livox_sdk2', 'ld_library_path_lib')
[0.979s] INFO:colcon.colcon_core.shell:Creating environment hook '/home/bxi_nx/ht_ws/install/livox_sdk2/share/livox_sdk2/hook/ld_library_path_lib.ps1'
[0.982s] INFO:colcon.colcon_core.shell:Creating environment descriptor '/home/bxi_nx/ht_ws/install/livox_sdk2/share/livox_sdk2/hook/ld_library_path_lib.dsv'
[0.983s] INFO:colcon.colcon_core.shell:Creating environment hook '/home/bxi_nx/ht_ws/install/livox_sdk2/share/livox_sdk2/hook/ld_library_path_lib.sh'
[0.985s] Level 1:colcon.colcon_core.environment:checking '/home/bxi_nx/ht_ws/install/livox_sdk2/bin'
[0.985s] Level 1:colcon.colcon_core.environment:checking '/home/bxi_nx/ht_ws/install/livox_sdk2/lib/pkgconfig/livox_sdk2.pc'
[0.986s] Level 1:colcon.colcon_core.environment:checking '/home/bxi_nx/ht_ws/install/livox_sdk2/lib/python3.10/site-packages'
[0.986s] Level 1:colcon.colcon_core.environment:checking '/home/bxi_nx/ht_ws/install/livox_sdk2/bin'
[0.987s] INFO:colcon.colcon_core.shell:Creating package script '/home/bxi_nx/ht_ws/install/livox_sdk2/share/livox_sdk2/package.ps1'
[0.990s] INFO:colcon.colcon_core.shell:Creating package descriptor '/home/bxi_nx/ht_ws/install/livox_sdk2/share/livox_sdk2/package.dsv'
[0.990s] DEBUG:colcon.colcon_core.event_handler.log_command:Invoked command in '/home/bxi_nx/ht_ws/build/livox_sdk2' returned '0': /usr/bin/cmake --install /home/bxi_nx/ht_ws/build/livox_sdk2
[0.991s] INFO:colcon.colcon_core.shell:Creating package script '/home/bxi_nx/ht_ws/install/livox_sdk2/share/livox_sdk2/package.sh'
[0.993s] INFO:colcon.colcon_core.shell:Creating package script '/home/bxi_nx/ht_ws/install/livox_sdk2/share/livox_sdk2/package.bash'
[0.994s] INFO:colcon.colcon_core.shell:Creating package script '/home/bxi_nx/ht_ws/install/livox_sdk2/share/livox_sdk2/package.zsh'
[0.995s] Level 1:colcon.colcon_core.environment:create_file_with_runtime_dependencies(/home/bxi_nx/ht_ws/install/livox_sdk2/share/colcon-core/packages/livox_sdk2)
[0.998s] Level 1:colcon.colcon_core.shell:create_environment_hook('vikit_common', 'ros_package_path')
[0.998s] INFO:colcon.colcon_core.shell:Creating environment hook '/home/bxi_nx/ht_ws/install/vikit_common/share/vikit_common/hook/ros_package_path.ps1'
[0.999s] DEBUG:colcon.colcon_core.event_handler.log_command:Invoked command in '/home/bxi_nx/ht_ws/build/vikit_common' returned '0': /usr/bin/cmake --install /home/bxi_nx/ht_ws/build/vikit_common
[0.999s] INFO:colcon.colcon_core.shell:Creating environment descriptor '/home/bxi_nx/ht_ws/install/vikit_common/share/vikit_common/hook/ros_package_path.dsv'
[1.000s] INFO:colcon.colcon_core.shell:Creating environment hook '/home/bxi_nx/ht_ws/install/vikit_common/share/vikit_common/hook/ros_package_path.sh'
[1.001s] Level 1:colcon.colcon_core.shell:create_environment_hook('vikit_common', 'pkg_config_path')
[1.002s] INFO:colcon.colcon_core.shell:Creating environment hook '/home/bxi_nx/ht_ws/install/vikit_common/share/vikit_common/hook/pkg_config_path.ps1'
[1.002s] INFO:colcon.colcon_core.shell:Creating environment descriptor '/home/bxi_nx/ht_ws/install/vikit_common/share/vikit_common/hook/pkg_config_path.dsv'
[1.003s] INFO:colcon.colcon_core.shell:Creating environment hook '/home/bxi_nx/ht_ws/install/vikit_common/share/vikit_common/hook/pkg_config_path.sh'
[1.007s] Level 1:colcon.colcon_core.shell:create_environment_hook('vikit_common', 'pkg_config_path_multiarch')
[1.008s] INFO:colcon.colcon_core.shell:Creating environment hook '/home/bxi_nx/ht_ws/install/vikit_common/share/vikit_common/hook/pkg_config_path_multiarch.ps1'
[1.008s] INFO:colcon.colcon_core.shell:Creating environment descriptor '/home/bxi_nx/ht_ws/install/vikit_common/share/vikit_common/hook/pkg_config_path_multiarch.dsv'
[1.010s] INFO:colcon.colcon_core.shell:Creating environment hook '/home/bxi_nx/ht_ws/install/vikit_common/share/vikit_common/hook/pkg_config_path_multiarch.sh'
[1.012s] Level 1:colcon.colcon_core.environment:create_environment_scripts_only(vikit_common)
[1.012s] Level 1:colcon.colcon_core.environment:checking '/home/bxi_nx/ht_ws/install/vikit_common' for CMake module files
[1.013s] Level 1:colcon.colcon_core.environment:checking '/home/bxi_nx/ht_ws/install/vikit_common' for CMake config files
[1.014s] Level 1:colcon.colcon_core.shell:create_environment_hook('vikit_common', 'cmake_prefix_path')
[1.014s] INFO:colcon.colcon_core.shell:Creating environment hook '/home/bxi_nx/ht_ws/install/vikit_common/share/vikit_common/hook/cmake_prefix_path.ps1'
[1.015s] INFO:colcon.colcon_core.shell:Creating environment descriptor '/home/bxi_nx/ht_ws/install/vikit_common/share/vikit_common/hook/cmake_prefix_path.dsv'
[1.015s] INFO:colcon.colcon_core.shell:Creating environment hook '/home/bxi_nx/ht_ws/install/vikit_common/share/vikit_common/hook/cmake_prefix_path.sh'
[1.017s] Level 1:colcon.colcon_core.environment:checking '/home/bxi_nx/ht_ws/install/vikit_common/lib'
[1.017s] Level 1:colcon.colcon_core.shell:create_environment_hook('vikit_common', 'ld_library_path_lib')
[1.017s] INFO:colcon.colcon_core.shell:Creating environment hook '/home/bxi_nx/ht_ws/install/vikit_common/share/vikit_common/hook/ld_library_path_lib.ps1'
[1.018s] INFO:colcon.colcon_core.shell:Creating environment descriptor '/home/bxi_nx/ht_ws/install/vikit_common/share/vikit_common/hook/ld_library_path_lib.dsv'
[1.019s] INFO:colcon.colcon_core.shell:Creating environment hook '/home/bxi_nx/ht_ws/install/vikit_common/share/vikit_common/hook/ld_library_path_lib.sh'
[1.019s] Level 1:colcon.colcon_core.environment:checking '/home/bxi_nx/ht_ws/install/vikit_common/bin'
[1.019s] Level 1:colcon.colcon_core.environment:checking '/home/bxi_nx/ht_ws/install/vikit_common/lib/pkgconfig/vikit_common.pc'
[1.020s] Level 1:colcon.colcon_core.environment:checking '/home/bxi_nx/ht_ws/install/vikit_common/lib/python3.10/site-packages'
[1.020s] Level 1:colcon.colcon_core.environment:checking '/home/bxi_nx/ht_ws/install/vikit_common/bin'
[1.021s] INFO:colcon.colcon_core.shell:Creating package script '/home/bxi_nx/ht_ws/install/vikit_common/share/vikit_common/package.ps1'
[1.022s] INFO:colcon.colcon_core.shell:Creating package descriptor '/home/bxi_nx/ht_ws/install/vikit_common/share/vikit_common/package.dsv'
[1.023s] INFO:colcon.colcon_core.shell:Creating package script '/home/bxi_nx/ht_ws/install/vikit_common/share/vikit_common/package.sh'
[1.024s] INFO:colcon.colcon_core.shell:Creating package script '/home/bxi_nx/ht_ws/install/vikit_common/share/vikit_common/package.bash'
[1.025s] INFO:colcon.colcon_core.shell:Creating package script '/home/bxi_nx/ht_ws/install/vikit_common/share/vikit_common/package.zsh'
[1.026s] Level 1:colcon.colcon_core.environment:create_file_with_runtime_dependencies(/home/bxi_nx/ht_ws/install/vikit_common/share/colcon-core/packages/vikit_common)
[1.027s] INFO:colcon.colcon_ros.task.ament_cmake.build:Building ROS package in '/home/bxi_nx/ht_ws/src/rpg_vikit/vikit_ros' with build type 'ament_cmake'
[1.027s] INFO:colcon.colcon_cmake.task.cmake.build:Building CMake package in '/home/bxi_nx/ht_ws/src/rpg_vikit/vikit_ros'
[1.027s] INFO:colcon.colcon_core.shell:Skip shell extension 'powershell' for command environment: Not usable outside of PowerShell
[1.027s] DEBUG:colcon.colcon_core.shell:Skip shell extension 'dsv' for command environment
[1.047s] DEBUG:colcon.colcon_core.event_handler.log_command:Invoking command in '/home/bxi_nx/ht_ws/build/vikit_ros': CMAKE_PREFIX_PATH=/opt/ros/humble:/home/bxi_nx/ht_ws/install/vikit_common:${CMAKE_PREFIX_PATH} LD_LIBRARY_PATH=/home/bxi_nx/ht_ws/install/vikit_common/lib:/home/bxi_nx/gtsam/build/gtsam/libgtsam.so.4:/usr/local/cuda-12.6/lib64:/home/bxi_nx/ws_livox/install/livox_ros_driver2/lib:/home/bxi_nx/ws_livox/install/interface/lib:/home/bxi_nx/ws_livox/install/communication/lib:/home/bxi_nx/gtsam/build/gtsam/libgtsam.so.4:/opt/ros/humble/opt/rviz_ogre_vendor/lib:/opt/ros/humble/lib/aarch64-linux-gnu:/opt/ros/humble/lib:/usr/local/cuda-12.6/lib64 PKG_CONFIG_PATH=/home/bxi_nx/ht_ws/install/vikit_common/lib/aarch64-linux-gnu/pkgconfig:/home/bxi_nx/ht_ws/install/vikit_common/lib/pkgconfig ROS_PACKAGE_PATH=/home/bxi_nx/ht_ws/install/vikit_common/share /usr/bin/cmake --build /home/bxi_nx/ht_ws/build/vikit_ros -- -j8 -l8
[1.168s] DEBUG:colcon.colcon_core.event_handler.log_command:Invoked command in '/home/bxi_nx/ht_ws/build/vikit_ros' returned '0': CMAKE_PREFIX_PATH=/opt/ros/humble:/home/bxi_nx/ht_ws/install/vikit_common:${CMAKE_PREFIX_PATH} LD_LIBRARY_PATH=/home/bxi_nx/ht_ws/install/vikit_common/lib:/home/bxi_nx/gtsam/build/gtsam/libgtsam.so.4:/usr/local/cuda-12.6/lib64:/home/bxi_nx/ws_livox/install/livox_ros_driver2/lib:/home/bxi_nx/ws_livox/install/interface/lib:/home/bxi_nx/ws_livox/install/communication/lib:/home/bxi_nx/gtsam/build/gtsam/libgtsam.so.4:/opt/ros/humble/opt/rviz_ogre_vendor/lib:/opt/ros/humble/lib/aarch64-linux-gnu:/opt/ros/humble/lib:/usr/local/cuda-12.6/lib64 PKG_CONFIG_PATH=/home/bxi_nx/ht_ws/install/vikit_common/lib/aarch64-linux-gnu/pkgconfig:/home/bxi_nx/ht_ws/install/vikit_common/lib/pkgconfig ROS_PACKAGE_PATH=/home/bxi_nx/ht_ws/install/vikit_common/share /usr/bin/cmake --build /home/bxi_nx/ht_ws/build/vikit_ros -- -j8 -l8
[1.171s] DEBUG:colcon.colcon_core.event_handler.log_command:Invoking command in '/home/bxi_nx/ht_ws/build/vikit_ros': CMAKE_PREFIX_PATH=/opt/ros/humble:/home/bxi_nx/ht_ws/install/vikit_common:${CMAKE_PREFIX_PATH} LD_LIBRARY_PATH=/home/bxi_nx/ht_ws/install/vikit_common/lib:/home/bxi_nx/gtsam/build/gtsam/libgtsam.so.4:/usr/local/cuda-12.6/lib64:/home/bxi_nx/ws_livox/install/livox_ros_driver2/lib:/home/bxi_nx/ws_livox/install/interface/lib:/home/bxi_nx/ws_livox/install/communication/lib:/home/bxi_nx/gtsam/build/gtsam/libgtsam.so.4:/opt/ros/humble/opt/rviz_ogre_vendor/lib:/opt/ros/humble/lib/aarch64-linux-gnu:/opt/ros/humble/lib:/usr/local/cuda-12.6/lib64 PKG_CONFIG_PATH=/home/bxi_nx/ht_ws/install/vikit_common/lib/aarch64-linux-gnu/pkgconfig:/home/bxi_nx/ht_ws/install/vikit_common/lib/pkgconfig ROS_PACKAGE_PATH=/home/bxi_nx/ht_ws/install/vikit_common/share /usr/bin/cmake --install /home/bxi_nx/ht_ws/build/vikit_ros
[1.216s] Level 1:colcon.colcon_core.environment:create_environment_scripts_only(vikit_ros)
[1.217s] Level 1:colcon.colcon_core.environment:checking '/home/bxi_nx/ht_ws/install/vikit_ros' for CMake module files
[1.218s] DEBUG:colcon.colcon_core.event_handler.log_command:Invoked command in '/home/bxi_nx/ht_ws/build/vikit_ros' returned '0': CMAKE_PREFIX_PATH=/opt/ros/humble:/home/bxi_nx/ht_ws/install/vikit_common:${CMAKE_PREFIX_PATH} LD_LIBRARY_PATH=/home/bxi_nx/ht_ws/install/vikit_common/lib:/home/bxi_nx/gtsam/build/gtsam/libgtsam.so.4:/usr/local/cuda-12.6/lib64:/home/bxi_nx/ws_livox/install/livox_ros_driver2/lib:/home/bxi_nx/ws_livox/install/interface/lib:/home/bxi_nx/ws_livox/install/communication/lib:/home/bxi_nx/gtsam/build/gtsam/libgtsam.so.4:/opt/ros/humble/opt/rviz_ogre_vendor/lib:/opt/ros/humble/lib/aarch64-linux-gnu:/opt/ros/humble/lib:/usr/local/cuda-12.6/lib64 PKG_CONFIG_PATH=/home/bxi_nx/ht_ws/install/vikit_common/lib/aarch64-linux-gnu/pkgconfig:/home/bxi_nx/ht_ws/install/vikit_common/lib/pkgconfig ROS_PACKAGE_PATH=/home/bxi_nx/ht_ws/install/vikit_common/share /usr/bin/cmake --install /home/bxi_nx/ht_ws/build/vikit_ros
[1.218s] Level 1:colcon.colcon_core.environment:checking '/home/bxi_nx/ht_ws/install/vikit_ros' for CMake config files
[1.219s] Level 1:colcon.colcon_core.shell:create_environment_hook('vikit_ros', 'cmake_prefix_path')
[1.220s] INFO:colcon.colcon_core.shell:Creating environment hook '/home/bxi_nx/ht_ws/install/vikit_ros/share/vikit_ros/hook/cmake_prefix_path.ps1'
[1.221s] INFO:colcon.colcon_core.shell:Creating environment descriptor '/home/bxi_nx/ht_ws/install/vikit_ros/share/vikit_ros/hook/cmake_prefix_path.dsv'
[1.222s] INFO:colcon.colcon_core.shell:Creating environment hook '/home/bxi_nx/ht_ws/install/vikit_ros/share/vikit_ros/hook/cmake_prefix_path.sh'
[1.223s] Level 1:colcon.colcon_core.environment:checking '/home/bxi_nx/ht_ws/install/vikit_ros/lib'
[1.223s] Level 1:colcon.colcon_core.shell:create_environment_hook('vikit_ros', 'ld_library_path_lib')
[1.223s] INFO:colcon.colcon_core.shell:Creating environment hook '/home/bxi_nx/ht_ws/install/vikit_ros/share/vikit_ros/hook/ld_library_path_lib.ps1'
[1.224s] INFO:colcon.colcon_core.shell:Creating environment descriptor '/home/bxi_nx/ht_ws/install/vikit_ros/share/vikit_ros/hook/ld_library_path_lib.dsv'
[1.225s] INFO:colcon.colcon_core.shell:Creating environment hook '/home/bxi_nx/ht_ws/install/vikit_ros/share/vikit_ros/hook/ld_library_path_lib.sh'
[1.226s] Level 1:colcon.colcon_core.environment:checking '/home/bxi_nx/ht_ws/install/vikit_ros/bin'
[1.226s] Level 1:colcon.colcon_core.environment:checking '/home/bxi_nx/ht_ws/install/vikit_ros/lib/pkgconfig/vikit_ros.pc'
[1.227s] Level 1:colcon.colcon_core.environment:checking '/home/bxi_nx/ht_ws/install/vikit_ros/lib/python3.10/site-packages'
[1.227s] Level 1:colcon.colcon_core.environment:checking '/home/bxi_nx/ht_ws/install/vikit_ros/bin'
[1.228s] INFO:colcon.colcon_core.shell:Creating package script '/home/bxi_nx/ht_ws/install/vikit_ros/share/vikit_ros/package.ps1'
[1.229s] INFO:colcon.colcon_core.shell:Creating package descriptor '/home/bxi_nx/ht_ws/install/vikit_ros/share/vikit_ros/package.dsv'
[1.229s] INFO:colcon.colcon_core.shell:Creating package script '/home/bxi_nx/ht_ws/install/vikit_ros/share/vikit_ros/package.sh'
[1.230s] INFO:colcon.colcon_core.shell:Creating package script '/home/bxi_nx/ht_ws/install/vikit_ros/share/vikit_ros/package.bash'
[1.231s] INFO:colcon.colcon_core.shell:Creating package script '/home/bxi_nx/ht_ws/install/vikit_ros/share/vikit_ros/package.zsh'
[1.231s] Level 1:colcon.colcon_core.environment:create_file_with_runtime_dependencies(/home/bxi_nx/ht_ws/install/vikit_ros/share/colcon-core/packages/vikit_ros)
[1.232s] Level 1:colcon.colcon_core.environment:create_environment_scripts_only(vikit_ros)
[1.233s] Level 1:colcon.colcon_core.environment:checking '/home/bxi_nx/ht_ws/install/vikit_ros' for CMake module files
[1.234s] Level 1:colcon.colcon_core.environment:checking '/home/bxi_nx/ht_ws/install/vikit_ros' for CMake config files
[1.234s] Level 1:colcon.colcon_core.shell:create_environment_hook('vikit_ros', 'cmake_prefix_path')
[1.235s] INFO:colcon.colcon_core.shell:Creating environment hook '/home/bxi_nx/ht_ws/install/vikit_ros/share/vikit_ros/hook/cmake_prefix_path.ps1'
[1.236s] INFO:colcon.colcon_core.shell:Creating environment descriptor '/home/bxi_nx/ht_ws/install/vikit_ros/share/vikit_ros/hook/cmake_prefix_path.dsv'
[1.236s] INFO:colcon.colcon_core.shell:Creating environment hook '/home/bxi_nx/ht_ws/install/vikit_ros/share/vikit_ros/hook/cmake_prefix_path.sh'
[1.237s] Level 1:colcon.colcon_core.environment:checking '/home/bxi_nx/ht_ws/install/vikit_ros/lib'
[1.237s] Level 1:colcon.colcon_core.shell:create_environment_hook('vikit_ros', 'ld_library_path_lib')
[1.238s] INFO:colcon.colcon_core.shell:Creating environment hook '/home/bxi_nx/ht_ws/install/vikit_ros/share/vikit_ros/hook/ld_library_path_lib.ps1'
[1.238s] INFO:colcon.colcon_core.shell:Creating environment descriptor '/home/bxi_nx/ht_ws/install/vikit_ros/share/vikit_ros/hook/ld_library_path_lib.dsv'
[1.239s] INFO:colcon.colcon_core.shell:Creating environment hook '/home/bxi_nx/ht_ws/install/vikit_ros/share/vikit_ros/hook/ld_library_path_lib.sh'
[1.240s] Level 1:colcon.colcon_core.environment:checking '/home/bxi_nx/ht_ws/install/vikit_ros/bin'
[1.240s] Level 1:colcon.colcon_core.environment:checking '/home/bxi_nx/ht_ws/install/vikit_ros/lib/pkgconfig/vikit_ros.pc'
[1.240s] Level 1:colcon.colcon_core.environment:checking '/home/bxi_nx/ht_ws/install/vikit_ros/lib/python3.10/site-packages'
[1.241s] Level 1:colcon.colcon_core.environment:checking '/home/bxi_nx/ht_ws/install/vikit_ros/bin'
[1.241s] INFO:colcon.colcon_core.shell:Creating package script '/home/bxi_nx/ht_ws/install/vikit_ros/share/vikit_ros/package.ps1'
[1.242s] INFO:colcon.colcon_core.shell:Creating package descriptor '/home/bxi_nx/ht_ws/install/vikit_ros/share/vikit_ros/package.dsv'
[1.243s] INFO:colcon.colcon_core.shell:Creating package script '/home/bxi_nx/ht_ws/install/vikit_ros/share/vikit_ros/package.sh'
[1.244s] INFO:colcon.colcon_core.shell:Creating package script '/home/bxi_nx/ht_ws/install/vikit_ros/share/vikit_ros/package.bash'
[1.245s] INFO:colcon.colcon_core.shell:Creating package script '/home/bxi_nx/ht_ws/install/vikit_ros/share/vikit_ros/package.zsh'
[1.245s] Level 1:colcon.colcon_core.environment:create_file_with_runtime_dependencies(/home/bxi_nx/ht_ws/install/vikit_ros/share/colcon-core/packages/vikit_ros)
[1.246s] INFO:colcon.colcon_ros.task.ament_cmake.build:Building ROS package in '/home/bxi_nx/ht_ws/src/FAST-LIVO2' with build type 'ament_cmake'
[1.246s] INFO:colcon.colcon_cmake.task.cmake.build:Building CMake package in '/home/bxi_nx/ht_ws/src/FAST-LIVO2'
[1.247s] INFO:colcon.colcon_core.shell:Skip shell extension 'powershell' for command environment: Not usable outside of PowerShell
[1.247s] DEBUG:colcon.colcon_core.shell:Skip shell extension 'dsv' for command environment
[1.270s] DEBUG:colcon.colcon_core.event_handler.log_command:Invoking command in '/home/bxi_nx/ht_ws/build/fast_livo': AMENT_PREFIX_PATH=/home/bxi_nx/ht_ws/install/vikit_ros:${AMENT_PREFIX_PATH} CMAKE_PREFIX_PATH=/home/bxi_nx/ht_ws/install/vikit_ros:/opt/ros/humble:/home/bxi_nx/ht_ws/install/vikit_common:${CMAKE_PREFIX_PATH} LD_LIBRARY_PATH=/home/bxi_nx/ht_ws/install/vikit_ros/lib:/home/bxi_nx/ht_ws/install/vikit_common/lib:/home/bxi_nx/gtsam/build/gtsam/libgtsam.so.4:/usr/local/cuda-12.6/lib64:/home/bxi_nx/ws_livox/install/livox_ros_driver2/lib:/home/bxi_nx/ws_livox/install/interface/lib:/home/bxi_nx/ws_livox/install/communication/lib:/home/bxi_nx/gtsam/build/gtsam/libgtsam.so.4:/opt/ros/humble/opt/rviz_ogre_vendor/lib:/opt/ros/humble/lib/aarch64-linux-gnu:/opt/ros/humble/lib:/usr/local/cuda-12.6/lib64 PKG_CONFIG_PATH=/home/bxi_nx/ht_ws/install/vikit_common/lib/aarch64-linux-gnu/pkgconfig:/home/bxi_nx/ht_ws/install/vikit_common/lib/pkgconfig ROS_PACKAGE_PATH=/home/bxi_nx/ht_ws/install/vikit_common/share /usr/bin/cmake --build /home/bxi_nx/ht_ws/build/fast_livo -- -j8 -l8
[1.366s] DEBUG:colcon.colcon_core.event_handler.log_command:Invoked command in '/home/bxi_nx/ht_ws/build/realsense2_camera_msgs' returned '0': CMAKE_PREFIX_PATH=${CMAKE_PREFIX_PATH}:/opt/ros/humble /usr/bin/cmake --build /home/bxi_nx/ht_ws/build/realsense2_camera_msgs -- -j8 -l8
[1.367s] DEBUG:colcon.colcon_core.event_handler.log_command:Invoking command in '/home/bxi_nx/ht_ws/build/realsense2_camera_msgs': CMAKE_PREFIX_PATH=${CMAKE_PREFIX_PATH}:/opt/ros/humble /usr/bin/cmake --install /home/bxi_nx/ht_ws/build/realsense2_camera_msgs
[1.505s] Level 1:colcon.colcon_core.environment:create_environment_scripts_only(realsense2_camera_msgs)
[1.506s] Level 1:colcon.colcon_core.environment:checking '/home/bxi_nx/ht_ws/install/realsense2_camera_msgs' for CMake module files
[1.506s] DEBUG:colcon.colcon_core.event_handler.log_command:Invoked command in '/home/bxi_nx/ht_ws/build/realsense2_camera_msgs' returned '0': CMAKE_PREFIX_PATH=${CMAKE_PREFIX_PATH}:/opt/ros/humble /usr/bin/cmake --install /home/bxi_nx/ht_ws/build/realsense2_camera_msgs
[1.507s] Level 1:colcon.colcon_core.environment:checking '/home/bxi_nx/ht_ws/install/realsense2_camera_msgs' for CMake config files
[1.509s] Level 1:colcon.colcon_core.shell:create_environment_hook('realsense2_camera_msgs', 'cmake_prefix_path')
[1.510s] INFO:colcon.colcon_core.shell:Creating environment hook '/home/bxi_nx/ht_ws/install/realsense2_camera_msgs/share/realsense2_camera_msgs/hook/cmake_prefix_path.ps1'
[1.511s] INFO:colcon.colcon_core.shell:Creating environment descriptor '/home/bxi_nx/ht_ws/install/realsense2_camera_msgs/share/realsense2_camera_msgs/hook/cmake_prefix_path.dsv'
[1.511s] INFO:colcon.colcon_core.shell:Creating environment hook '/home/bxi_nx/ht_ws/install/realsense2_camera_msgs/share/realsense2_camera_msgs/hook/cmake_prefix_path.sh'
[1.512s] Level 1:colcon.colcon_core.environment:checking '/home/bxi_nx/ht_ws/install/realsense2_camera_msgs/lib'
[1.513s] Level 1:colcon.colcon_core.shell:create_environment_hook('realsense2_camera_msgs', 'ld_library_path_lib')
[1.513s] INFO:colcon.colcon_core.shell:Creating environment hook '/home/bxi_nx/ht_ws/install/realsense2_camera_msgs/share/realsense2_camera_msgs/hook/ld_library_path_lib.ps1'
[1.514s] INFO:colcon.colcon_core.shell:Creating environment descriptor '/home/bxi_nx/ht_ws/install/realsense2_camera_msgs/share/realsense2_camera_msgs/hook/ld_library_path_lib.dsv'
[1.514s] INFO:colcon.colcon_core.shell:Creating environment hook '/home/bxi_nx/ht_ws/install/realsense2_camera_msgs/share/realsense2_camera_msgs/hook/ld_library_path_lib.sh'
[1.515s] Level 1:colcon.colcon_core.environment:checking '/home/bxi_nx/ht_ws/install/realsense2_camera_msgs/bin'
[1.515s] Level 1:colcon.colcon_core.environment:checking '/home/bxi_nx/ht_ws/install/realsense2_camera_msgs/lib/pkgconfig/realsense2_camera_msgs.pc'
[1.515s] Level 1:colcon.colcon_core.environment:checking '/home/bxi_nx/ht_ws/install/realsense2_camera_msgs/lib/python3.10/site-packages'
[1.516s] Level 1:colcon.colcon_core.environment:checking '/home/bxi_nx/ht_ws/install/realsense2_camera_msgs/bin'
[1.517s] INFO:colcon.colcon_core.shell:Creating package script '/home/bxi_nx/ht_ws/install/realsense2_camera_msgs/share/realsense2_camera_msgs/package.ps1'
[1.518s] INFO:colcon.colcon_core.shell:Creating package descriptor '/home/bxi_nx/ht_ws/install/realsense2_camera_msgs/share/realsense2_camera_msgs/package.dsv'
[1.519s] INFO:colcon.colcon_core.shell:Creating package script '/home/bxi_nx/ht_ws/install/realsense2_camera_msgs/share/realsense2_camera_msgs/package.sh'
[1.519s] INFO:colcon.colcon_core.shell:Creating package script '/home/bxi_nx/ht_ws/install/realsense2_camera_msgs/share/realsense2_camera_msgs/package.bash'
[1.520s] INFO:colcon.colcon_core.shell:Creating package script '/home/bxi_nx/ht_ws/install/realsense2_camera_msgs/share/realsense2_camera_msgs/package.zsh'
[1.521s] Level 1:colcon.colcon_core.environment:create_file_with_runtime_dependencies(/home/bxi_nx/ht_ws/install/realsense2_camera_msgs/share/colcon-core/packages/realsense2_camera_msgs)
[1.522s] Level 1:colcon.colcon_core.environment:create_environment_scripts_only(realsense2_camera_msgs)
[1.522s] Level 1:colcon.colcon_core.environment:checking '/home/bxi_nx/ht_ws/install/realsense2_camera_msgs' for CMake module files
[1.523s] Level 1:colcon.colcon_core.environment:checking '/home/bxi_nx/ht_ws/install/realsense2_camera_msgs' for CMake config files
[1.525s] Level 1:colcon.colcon_core.shell:create_environment_hook('realsense2_camera_msgs', 'cmake_prefix_path')
[1.525s] INFO:colcon.colcon_core.shell:Creating environment hook '/home/bxi_nx/ht_ws/install/realsense2_camera_msgs/share/realsense2_camera_msgs/hook/cmake_prefix_path.ps1'
[1.526s] INFO:colcon.colcon_core.shell:Creating environment descriptor '/home/bxi_nx/ht_ws/install/realsense2_camera_msgs/share/realsense2_camera_msgs/hook/cmake_prefix_path.dsv'
[1.527s] INFO:colcon.colcon_core.shell:Creating environment hook '/home/bxi_nx/ht_ws/install/realsense2_camera_msgs/share/realsense2_camera_msgs/hook/cmake_prefix_path.sh'
[1.528s] Level 1:colcon.colcon_core.environment:checking '/home/bxi_nx/ht_ws/install/realsense2_camera_msgs/lib'
[1.528s] Level 1:colcon.colcon_core.shell:create_environment_hook('realsense2_camera_msgs', 'ld_library_path_lib')
[1.528s] INFO:colcon.colcon_core.shell:Creating environment hook '/home/bxi_nx/ht_ws/install/realsense2_camera_msgs/share/realsense2_camera_msgs/hook/ld_library_path_lib.ps1'
[1.529s] INFO:colcon.colcon_core.shell:Creating environment descriptor '/home/bxi_nx/ht_ws/install/realsense2_camera_msgs/share/realsense2_camera_msgs/hook/ld_library_path_lib.dsv'
[1.529s] INFO:colcon.colcon_core.shell:Creating environment hook '/home/bxi_nx/ht_ws/install/realsense2_camera_msgs/share/realsense2_camera_msgs/hook/ld_library_path_lib.sh'
[1.530s] Level 1:colcon.colcon_core.environment:checking '/home/bxi_nx/ht_ws/install/realsense2_camera_msgs/bin'
[1.530s] Level 1:colcon.colcon_core.environment:checking '/home/bxi_nx/ht_ws/install/realsense2_camera_msgs/lib/pkgconfig/realsense2_camera_msgs.pc'
[1.530s] Level 1:colcon.colcon_core.environment:checking '/home/bxi_nx/ht_ws/install/realsense2_camera_msgs/lib/python3.10/site-packages'
[1.531s] Level 1:colcon.colcon_core.environment:checking '/home/bxi_nx/ht_ws/install/realsense2_camera_msgs/bin'
[1.531s] INFO:colcon.colcon_core.shell:Creating package script '/home/bxi_nx/ht_ws/install/realsense2_camera_msgs/share/realsense2_camera_msgs/package.ps1'
[1.532s] INFO:colcon.colcon_core.shell:Creating package descriptor '/home/bxi_nx/ht_ws/install/realsense2_camera_msgs/share/realsense2_camera_msgs/package.dsv'
[1.533s] INFO:colcon.colcon_core.shell:Creating package script '/home/bxi_nx/ht_ws/install/realsense2_camera_msgs/share/realsense2_camera_msgs/package.sh'
[1.534s] INFO:colcon.colcon_core.shell:Creating package script '/home/bxi_nx/ht_ws/install/realsense2_camera_msgs/share/realsense2_camera_msgs/package.bash'
[1.535s] INFO:colcon.colcon_core.shell:Creating package script '/home/bxi_nx/ht_ws/install/realsense2_camera_msgs/share/realsense2_camera_msgs/package.zsh'
[1.535s] Level 1:colcon.colcon_core.environment:create_file_with_runtime_dependencies(/home/bxi_nx/ht_ws/install/realsense2_camera_msgs/share/colcon-core/packages/realsense2_camera_msgs)
[1.536s] INFO:colcon.colcon_ros.task.ament_cmake.build:Building ROS package in '/home/bxi_nx/ht_ws/src/realsense-ros/realsense2_camera' with build type 'ament_cmake'
[1.536s] INFO:colcon.colcon_cmake.task.cmake.build:Building CMake package in '/home/bxi_nx/ht_ws/src/realsense-ros/realsense2_camera'
[1.537s] INFO:colcon.colcon_core.shell:Skip shell extension 'powershell' for command environment: Not usable outside of PowerShell
[1.537s] DEBUG:colcon.colcon_core.shell:Skip shell extension 'dsv' for command environment
[1.543s] INFO:colcon.colcon_ros.task.ament_cmake.build:Building ROS package in '/home/bxi_nx/ht_ws/src/realsense-ros/realsense2_description' with build type 'ament_cmake'
[1.543s] INFO:colcon.colcon_cmake.task.cmake.build:Building CMake package in '/home/bxi_nx/ht_ws/src/realsense-ros/realsense2_description'
[1.544s] INFO:colcon.colcon_core.shell:Skip shell extension 'powershell' for command environment: Not usable outside of PowerShell
[1.544s] DEBUG:colcon.colcon_core.shell:Skip shell extension 'dsv' for command environment
[1.558s] DEBUG:colcon.colcon_core.event_handler.log_command:Invoking command in '/home/bxi_nx/ht_ws/build/realsense2_camera': AMENT_PREFIX_PATH=/home/bxi_nx/ht_ws/install/realsense2_camera_msgs:${AMENT_PREFIX_PATH} CMAKE_PREFIX_PATH=/home/bxi_nx/ht_ws/install/realsense2_camera_msgs:/home/bxi_nx/ws_livox/install/localizer:/home/bxi_nx/ws_livox/install/fastlio2:/home/bxi_nx/ws_livox/install/livox_ros_driver2:/home/bxi_nx/ws_livox/install/interface:/home/bxi_nx/ws_livox/install/communication:/opt/ros/humble LD_LIBRARY_PATH=/home/bxi_nx/ht_ws/install/realsense2_camera_msgs/lib:/home/bxi_nx/gtsam/build/gtsam/libgtsam.so.4:/usr/local/cuda-12.6/lib64:/home/bxi_nx/ws_livox/install/livox_ros_driver2/lib:/home/bxi_nx/ws_livox/install/interface/lib:/home/bxi_nx/ws_livox/install/communication/lib:/home/bxi_nx/gtsam/build/gtsam/libgtsam.so.4:/opt/ros/humble/opt/rviz_ogre_vendor/lib:/opt/ros/humble/lib/aarch64-linux-gnu:/opt/ros/humble/lib:/usr/local/cuda-12.6/lib64 PYTHONPATH=/home/bxi_nx/ht_ws/install/realsense2_camera_msgs/local/lib/python3.10/dist-packages:${PYTHONPATH} /usr/bin/cmake --build /home/bxi_nx/ht_ws/build/realsense2_camera -- -j8 -l8
[1.565s] DEBUG:colcon.colcon_core.event_handler.log_command:Invoking command in '/home/bxi_nx/ht_ws/build/realsense2_description': AMENT_PREFIX_PATH=/home/bxi_nx/ht_ws/install/realsense2_camera_msgs:${AMENT_PREFIX_PATH} CMAKE_PREFIX_PATH=/home/bxi_nx/ht_ws/install/realsense2_camera_msgs:/home/bxi_nx/ws_livox/install/localizer:/home/bxi_nx/ws_livox/install/fastlio2:/home/bxi_nx/ws_livox/install/livox_ros_driver2:/home/bxi_nx/ws_livox/install/interface:/home/bxi_nx/ws_livox/install/communication:/opt/ros/humble LD_LIBRARY_PATH=/home/bxi_nx/ht_ws/install/realsense2_camera_msgs/lib:/home/bxi_nx/gtsam/build/gtsam/libgtsam.so.4:/usr/local/cuda-12.6/lib64:/home/bxi_nx/ws_livox/install/livox_ros_driver2/lib:/home/bxi_nx/ws_livox/install/interface/lib:/home/bxi_nx/ws_livox/install/communication/lib:/home/bxi_nx/gtsam/build/gtsam/libgtsam.so.4:/opt/ros/humble/opt/rviz_ogre_vendor/lib:/opt/ros/humble/lib/aarch64-linux-gnu:/opt/ros/humble/lib:/usr/local/cuda-12.6/lib64 PYTHONPATH=/home/bxi_nx/ht_ws/install/realsense2_camera_msgs/local/lib/python3.10/dist-packages:${PYTHONPATH} /usr/bin/cmake --build /home/bxi_nx/ht_ws/build/realsense2_description -- -j8 -l8
[1.632s] DEBUG:colcon.colcon_core.event_handler.log_command:Invoked command in '/home/bxi_nx/ht_ws/build/realsense2_description' returned '0': AMENT_PREFIX_PATH=/home/bxi_nx/ht_ws/install/realsense2_camera_msgs:${AMENT_PREFIX_PATH} CMAKE_PREFIX_PATH=/home/bxi_nx/ht_ws/install/realsense2_camera_msgs:/home/bxi_nx/ws_livox/install/localizer:/home/bxi_nx/ws_livox/install/fastlio2:/home/bxi_nx/ws_livox/install/livox_ros_driver2:/home/bxi_nx/ws_livox/install/interface:/home/bxi_nx/ws_livox/install/communication:/opt/ros/humble LD_LIBRARY_PATH=/home/bxi_nx/ht_ws/install/realsense2_camera_msgs/lib:/home/bxi_nx/gtsam/build/gtsam/libgtsam.so.4:/usr/local/cuda-12.6/lib64:/home/bxi_nx/ws_livox/install/livox_ros_driver2/lib:/home/bxi_nx/ws_livox/install/interface/lib:/home/bxi_nx/ws_livox/install/communication/lib:/home/bxi_nx/gtsam/build/gtsam/libgtsam.so.4:/opt/ros/humble/opt/rviz_ogre_vendor/lib:/opt/ros/humble/lib/aarch64-linux-gnu:/opt/ros/humble/lib:/usr/local/cuda-12.6/lib64 PYTHONPATH=/home/bxi_nx/ht_ws/install/realsense2_camera_msgs/local/lib/python3.10/dist-packages:${PYTHONPATH} /usr/bin/cmake --build /home/bxi_nx/ht_ws/build/realsense2_description -- -j8 -l8
[1.636s] DEBUG:colcon.colcon_core.event_handler.log_command:Invoking command in '/home/bxi_nx/ht_ws/build/realsense2_description': AMENT_PREFIX_PATH=/home/bxi_nx/ht_ws/install/realsense2_camera_msgs:${AMENT_PREFIX_PATH} CMAKE_PREFIX_PATH=/home/bxi_nx/ht_ws/install/realsense2_camera_msgs:/home/bxi_nx/ws_livox/install/localizer:/home/bxi_nx/ws_livox/install/fastlio2:/home/bxi_nx/ws_livox/install/livox_ros_driver2:/home/bxi_nx/ws_livox/install/interface:/home/bxi_nx/ws_livox/install/communication:/opt/ros/humble LD_LIBRARY_PATH=/home/bxi_nx/ht_ws/install/realsense2_camera_msgs/lib:/home/bxi_nx/gtsam/build/gtsam/libgtsam.so.4:/usr/local/cuda-12.6/lib64:/home/bxi_nx/ws_livox/install/livox_ros_driver2/lib:/home/bxi_nx/ws_livox/install/interface/lib:/home/bxi_nx/ws_livox/install/communication/lib:/home/bxi_nx/gtsam/build/gtsam/libgtsam.so.4:/opt/ros/humble/opt/rviz_ogre_vendor/lib:/opt/ros/humble/lib/aarch64-linux-gnu:/opt/ros/humble/lib:/usr/local/cuda-12.6/lib64 PYTHONPATH=/home/bxi_nx/ht_ws/install/realsense2_camera_msgs/local/lib/python3.10/dist-packages:${PYTHONPATH} /usr/bin/cmake --install /home/bxi_nx/ht_ws/build/realsense2_description
[1.676s] Level 1:colcon.colcon_core.environment:create_environment_scripts_only(realsense2_description)
[1.677s] Level 1:colcon.colcon_core.environment:checking '/home/bxi_nx/ht_ws/install/realsense2_description' for CMake module files
[1.677s] DEBUG:colcon.colcon_core.event_handler.log_command:Invoked command in '/home/bxi_nx/ht_ws/build/realsense2_description' returned '0': AMENT_PREFIX_PATH=/home/bxi_nx/ht_ws/install/realsense2_camera_msgs:${AMENT_PREFIX_PATH} CMAKE_PREFIX_PATH=/home/bxi_nx/ht_ws/install/realsense2_camera_msgs:/home/bxi_nx/ws_livox/install/localizer:/home/bxi_nx/ws_livox/install/fastlio2:/home/bxi_nx/ws_livox/install/livox_ros_driver2:/home/bxi_nx/ws_livox/install/interface:/home/bxi_nx/ws_livox/install/communication:/opt/ros/humble LD_LIBRARY_PATH=/home/bxi_nx/ht_ws/install/realsense2_camera_msgs/lib:/home/bxi_nx/gtsam/build/gtsam/libgtsam.so.4:/usr/local/cuda-12.6/lib64:/home/bxi_nx/ws_livox/install/livox_ros_driver2/lib:/home/bxi_nx/ws_livox/install/interface/lib:/home/bxi_nx/ws_livox/install/communication/lib:/home/bxi_nx/gtsam/build/gtsam/libgtsam.so.4:/opt/ros/humble/opt/rviz_ogre_vendor/lib:/opt/ros/humble/lib/aarch64-linux-gnu:/opt/ros/humble/lib:/usr/local/cuda-12.6/lib64 PYTHONPATH=/home/bxi_nx/ht_ws/install/realsense2_camera_msgs/local/lib/python3.10/dist-packages:${PYTHONPATH} /usr/bin/cmake --install /home/bxi_nx/ht_ws/build/realsense2_description
[1.678s] Level 1:colcon.colcon_core.environment:checking '/home/bxi_nx/ht_ws/install/realsense2_description' for CMake config files
[1.680s] Level 1:colcon.colcon_core.shell:create_environment_hook('realsense2_description', 'cmake_prefix_path')
[1.680s] INFO:colcon.colcon_core.shell:Creating environment hook '/home/bxi_nx/ht_ws/install/realsense2_description/share/realsense2_description/hook/cmake_prefix_path.ps1'
[1.681s] INFO:colcon.colcon_core.shell:Creating environment descriptor '/home/bxi_nx/ht_ws/install/realsense2_description/share/realsense2_description/hook/cmake_prefix_path.dsv'
[1.682s] INFO:colcon.colcon_core.shell:Creating environment hook '/home/bxi_nx/ht_ws/install/realsense2_description/share/realsense2_description/hook/cmake_prefix_path.sh'
[1.684s] Level 1:colcon.colcon_core.environment:checking '/home/bxi_nx/ht_ws/install/realsense2_description/bin'
[1.684s] Level 1:colcon.colcon_core.environment:checking '/home/bxi_nx/ht_ws/install/realsense2_description/lib/pkgconfig/realsense2_description.pc'
[1.685s] Level 1:colcon.colcon_core.environment:checking '/home/bxi_nx/ht_ws/install/realsense2_description/lib/python3.10/site-packages'
[1.686s] Level 1:colcon.colcon_core.environment:checking '/home/bxi_nx/ht_ws/install/realsense2_description/bin'
[1.687s] INFO:colcon.colcon_core.shell:Creating package script '/home/bxi_nx/ht_ws/install/realsense2_description/share/realsense2_description/package.ps1'
[1.688s] INFO:colcon.colcon_core.shell:Creating package descriptor '/home/bxi_nx/ht_ws/install/realsense2_description/share/realsense2_description/package.dsv'
[1.690s] INFO:colcon.colcon_core.shell:Creating package script '/home/bxi_nx/ht_ws/install/realsense2_description/share/realsense2_description/package.sh'
[1.691s] INFO:colcon.colcon_core.shell:Creating package script '/home/bxi_nx/ht_ws/install/realsense2_description/share/realsense2_description/package.bash'
[1.692s] INFO:colcon.colcon_core.shell:Creating package script '/home/bxi_nx/ht_ws/install/realsense2_description/share/realsense2_description/package.zsh'
[1.693s] Level 1:colcon.colcon_core.environment:create_file_with_runtime_dependencies(/home/bxi_nx/ht_ws/install/realsense2_description/share/colcon-core/packages/realsense2_description)
[1.694s] Level 1:colcon.colcon_core.environment:create_environment_scripts_only(realsense2_description)
[1.695s] Level 1:colcon.colcon_core.environment:checking '/home/bxi_nx/ht_ws/install/realsense2_description' for CMake module files
[1.696s] Level 1:colcon.colcon_core.environment:checking '/home/bxi_nx/ht_ws/install/realsense2_description' for CMake config files
[1.697s] Level 1:colcon.colcon_core.shell:create_environment_hook('realsense2_description', 'cmake_prefix_path')
[1.698s] INFO:colcon.colcon_core.shell:Creating environment hook '/home/bxi_nx/ht_ws/install/realsense2_description/share/realsense2_description/hook/cmake_prefix_path.ps1'
[1.699s] INFO:colcon.colcon_core.shell:Creating environment descriptor '/home/bxi_nx/ht_ws/install/realsense2_description/share/realsense2_description/hook/cmake_prefix_path.dsv'
[1.700s] INFO:colcon.colcon_core.shell:Creating environment hook '/home/bxi_nx/ht_ws/install/realsense2_description/share/realsense2_description/hook/cmake_prefix_path.sh'
[1.702s] Level 1:colcon.colcon_core.environment:checking '/home/bxi_nx/ht_ws/install/realsense2_description/bin'
[1.702s] Level 1:colcon.colcon_core.environment:checking '/home/bxi_nx/ht_ws/install/realsense2_description/lib/pkgconfig/realsense2_description.pc'
[1.702s] Level 1:colcon.colcon_core.environment:checking '/home/bxi_nx/ht_ws/install/realsense2_description/lib/python3.10/site-packages'
[1.703s] Level 1:colcon.colcon_core.environment:checking '/home/bxi_nx/ht_ws/install/realsense2_description/bin'
[1.704s] INFO:colcon.colcon_core.shell:Creating package script '/home/bxi_nx/ht_ws/install/realsense2_description/share/realsense2_description/package.ps1'
[1.705s] INFO:colcon.colcon_core.shell:Creating package descriptor '/home/bxi_nx/ht_ws/install/realsense2_description/share/realsense2_description/package.dsv'
[1.706s] INFO:colcon.colcon_core.shell:Creating package script '/home/bxi_nx/ht_ws/install/realsense2_description/share/realsense2_description/package.sh'
[1.707s] INFO:colcon.colcon_core.shell:Creating package script '/home/bxi_nx/ht_ws/install/realsense2_description/share/realsense2_description/package.bash'
[1.708s] INFO:colcon.colcon_core.shell:Creating package script '/home/bxi_nx/ht_ws/install/realsense2_description/share/realsense2_description/package.zsh'
[1.710s] Level 1:colcon.colcon_core.environment:create_file_with_runtime_dependencies(/home/bxi_nx/ht_ws/install/realsense2_description/share/colcon-core/packages/realsense2_description)
[1.725s] DEBUG:colcon.colcon_core.event_handler.log_command:Invoked command in '/home/bxi_nx/ht_ws/build/realsense2_camera' returned '0': AMENT_PREFIX_PATH=/home/bxi_nx/ht_ws/install/realsense2_camera_msgs:${AMENT_PREFIX_PATH} CMAKE_PREFIX_PATH=/home/bxi_nx/ht_ws/install/realsense2_camera_msgs:/home/bxi_nx/ws_livox/install/localizer:/home/bxi_nx/ws_livox/install/fastlio2:/home/bxi_nx/ws_livox/install/livox_ros_driver2:/home/bxi_nx/ws_livox/install/interface:/home/bxi_nx/ws_livox/install/communication:/opt/ros/humble LD_LIBRARY_PATH=/home/bxi_nx/ht_ws/install/realsense2_camera_msgs/lib:/home/bxi_nx/gtsam/build/gtsam/libgtsam.so.4:/usr/local/cuda-12.6/lib64:/home/bxi_nx/ws_livox/install/livox_ros_driver2/lib:/home/bxi_nx/ws_livox/install/interface/lib:/home/bxi_nx/ws_livox/install/communication/lib:/home/bxi_nx/gtsam/build/gtsam/libgtsam.so.4:/opt/ros/humble/opt/rviz_ogre_vendor/lib:/opt/ros/humble/lib/aarch64-linux-gnu:/opt/ros/humble/lib:/usr/local/cuda-12.6/lib64 PYTHONPATH=/home/bxi_nx/ht_ws/install/realsense2_camera_msgs/local/lib/python3.10/dist-packages:${PYTHONPATH} /usr/bin/cmake --build /home/bxi_nx/ht_ws/build/realsense2_camera -- -j8 -l8
[1.729s] DEBUG:colcon.colcon_core.event_handler.log_command:Invoking command in '/home/bxi_nx/ht_ws/build/realsense2_camera': AMENT_PREFIX_PATH=/home/bxi_nx/ht_ws/install/realsense2_camera_msgs:${AMENT_PREFIX_PATH} CMAKE_PREFIX_PATH=/home/bxi_nx/ht_ws/install/realsense2_camera_msgs:/home/bxi_nx/ws_livox/install/localizer:/home/bxi_nx/ws_livox/install/fastlio2:/home/bxi_nx/ws_livox/install/livox_ros_driver2:/home/bxi_nx/ws_livox/install/interface:/home/bxi_nx/ws_livox/install/communication:/opt/ros/humble LD_LIBRARY_PATH=/home/bxi_nx/ht_ws/install/realsense2_camera_msgs/lib:/home/bxi_nx/gtsam/build/gtsam/libgtsam.so.4:/usr/local/cuda-12.6/lib64:/home/bxi_nx/ws_livox/install/livox_ros_driver2/lib:/home/bxi_nx/ws_livox/install/interface/lib:/home/bxi_nx/ws_livox/install/communication/lib:/home/bxi_nx/gtsam/build/gtsam/libgtsam.so.4:/opt/ros/humble/opt/rviz_ogre_vendor/lib:/opt/ros/humble/lib/aarch64-linux-gnu:/opt/ros/humble/lib:/usr/local/cuda-12.6/lib64 PYTHONPATH=/home/bxi_nx/ht_ws/install/realsense2_camera_msgs/local/lib/python3.10/dist-packages:${PYTHONPATH} /usr/bin/cmake --install /home/bxi_nx/ht_ws/build/realsense2_camera
[1.773s] Level 1:colcon.colcon_core.environment:create_environment_scripts_only(realsense2_camera)
[1.774s] Level 1:colcon.colcon_core.environment:checking '/home/bxi_nx/ht_ws/install/realsense2_camera' for CMake module files
[1.775s] DEBUG:colcon.colcon_core.event_handler.log_command:Invoked command in '/home/bxi_nx/ht_ws/build/realsense2_camera' returned '0': AMENT_PREFIX_PATH=/home/bxi_nx/ht_ws/install/realsense2_camera_msgs:${AMENT_PREFIX_PATH} CMAKE_PREFIX_PATH=/home/bxi_nx/ht_ws/install/realsense2_camera_msgs:/home/bxi_nx/ws_livox/install/localizer:/home/bxi_nx/ws_livox/install/fastlio2:/home/bxi_nx/ws_livox/install/livox_ros_driver2:/home/bxi_nx/ws_livox/install/interface:/home/bxi_nx/ws_livox/install/communication:/opt/ros/humble LD_LIBRARY_PATH=/home/bxi_nx/ht_ws/install/realsense2_camera_msgs/lib:/home/bxi_nx/gtsam/build/gtsam/libgtsam.so.4:/usr/local/cuda-12.6/lib64:/home/bxi_nx/ws_livox/install/livox_ros_driver2/lib:/home/bxi_nx/ws_livox/install/interface/lib:/home/bxi_nx/ws_livox/install/communication/lib:/home/bxi_nx/gtsam/build/gtsam/libgtsam.so.4:/opt/ros/humble/opt/rviz_ogre_vendor/lib:/opt/ros/humble/lib/aarch64-linux-gnu:/opt/ros/humble/lib:/usr/local/cuda-12.6/lib64 PYTHONPATH=/home/bxi_nx/ht_ws/install/realsense2_camera_msgs/local/lib/python3.10/dist-packages:${PYTHONPATH} /usr/bin/cmake --install /home/bxi_nx/ht_ws/build/realsense2_camera
[1.776s] Level 1:colcon.colcon_core.environment:checking '/home/bxi_nx/ht_ws/install/realsense2_camera' for CMake config files
[1.777s] Level 1:colcon.colcon_core.shell:create_environment_hook('realsense2_camera', 'cmake_prefix_path')
[1.777s] INFO:colcon.colcon_core.shell:Creating environment hook '/home/bxi_nx/ht_ws/install/realsense2_camera/share/realsense2_camera/hook/cmake_prefix_path.ps1'
[1.778s] INFO:colcon.colcon_core.shell:Creating environment descriptor '/home/bxi_nx/ht_ws/install/realsense2_camera/share/realsense2_camera/hook/cmake_prefix_path.dsv'
[1.779s] INFO:colcon.colcon_core.shell:Creating environment hook '/home/bxi_nx/ht_ws/install/realsense2_camera/share/realsense2_camera/hook/cmake_prefix_path.sh'
[1.780s] Level 1:colcon.colcon_core.environment:checking '/home/bxi_nx/ht_ws/install/realsense2_camera/lib'
[1.780s] Level 1:colcon.colcon_core.shell:create_environment_hook('realsense2_camera', 'ld_library_path_lib')
[1.781s] INFO:colcon.colcon_core.shell:Creating environment hook '/home/bxi_nx/ht_ws/install/realsense2_camera/share/realsense2_camera/hook/ld_library_path_lib.ps1'
[1.781s] INFO:colcon.colcon_core.shell:Creating environment descriptor '/home/bxi_nx/ht_ws/install/realsense2_camera/share/realsense2_camera/hook/ld_library_path_lib.dsv'
[1.782s] INFO:colcon.colcon_core.shell:Creating environment hook '/home/bxi_nx/ht_ws/install/realsense2_camera/share/realsense2_camera/hook/ld_library_path_lib.sh'
[1.783s] Level 1:colcon.colcon_core.environment:checking '/home/bxi_nx/ht_ws/install/realsense2_camera/bin'
[1.783s] Level 1:colcon.colcon_core.environment:checking '/home/bxi_nx/ht_ws/install/realsense2_camera/lib/pkgconfig/realsense2_camera.pc'
[1.784s] Level 1:colcon.colcon_core.environment:checking '/home/bxi_nx/ht_ws/install/realsense2_camera/lib/python3.10/site-packages'
[1.784s] Level 1:colcon.colcon_core.environment:checking '/home/bxi_nx/ht_ws/install/realsense2_camera/bin'
[1.785s] INFO:colcon.colcon_core.shell:Creating package script '/home/bxi_nx/ht_ws/install/realsense2_camera/share/realsense2_camera/package.ps1'
[1.786s] INFO:colcon.colcon_core.shell:Creating package descriptor '/home/bxi_nx/ht_ws/install/realsense2_camera/share/realsense2_camera/package.dsv'
[1.787s] INFO:colcon.colcon_core.shell:Creating package script '/home/bxi_nx/ht_ws/install/realsense2_camera/share/realsense2_camera/package.sh'
[1.788s] INFO:colcon.colcon_core.shell:Creating package script '/home/bxi_nx/ht_ws/install/realsense2_camera/share/realsense2_camera/package.bash'
[1.788s] INFO:colcon.colcon_core.shell:Creating package script '/home/bxi_nx/ht_ws/install/realsense2_camera/share/realsense2_camera/package.zsh'
[1.789s] Level 1:colcon.colcon_core.environment:create_file_with_runtime_dependencies(/home/bxi_nx/ht_ws/install/realsense2_camera/share/colcon-core/packages/realsense2_camera)
[1.790s] Level 1:colcon.colcon_core.environment:create_environment_scripts_only(realsense2_camera)
[1.791s] Level 1:colcon.colcon_core.environment:checking '/home/bxi_nx/ht_ws/install/realsense2_camera' for CMake module files
[1.791s] Level 1:colcon.colcon_core.environment:checking '/home/bxi_nx/ht_ws/install/realsense2_camera' for CMake config files
[1.792s] Level 1:colcon.colcon_core.shell:create_environment_hook('realsense2_camera', 'cmake_prefix_path')
[1.793s] INFO:colcon.colcon_core.shell:Creating environment hook '/home/bxi_nx/ht_ws/install/realsense2_camera/share/realsense2_camera/hook/cmake_prefix_path.ps1'
[1.793s] INFO:colcon.colcon_core.shell:Creating environment descriptor '/home/bxi_nx/ht_ws/install/realsense2_camera/share/realsense2_camera/hook/cmake_prefix_path.dsv'
[1.794s] INFO:colcon.colcon_core.shell:Creating environment hook '/home/bxi_nx/ht_ws/install/realsense2_camera/share/realsense2_camera/hook/cmake_prefix_path.sh'
[1.795s] Level 1:colcon.colcon_core.environment:checking '/home/bxi_nx/ht_ws/install/realsense2_camera/lib'
[1.795s] Level 1:colcon.colcon_core.shell:create_environment_hook('realsense2_camera', 'ld_library_path_lib')
[1.795s] INFO:colcon.colcon_core.shell:Creating environment hook '/home/bxi_nx/ht_ws/install/realsense2_camera/share/realsense2_camera/hook/ld_library_path_lib.ps1'
[1.796s] INFO:colcon.colcon_core.shell:Creating environment descriptor '/home/bxi_nx/ht_ws/install/realsense2_camera/share/realsense2_camera/hook/ld_library_path_lib.dsv'
[1.796s] INFO:colcon.colcon_core.shell:Creating environment hook '/home/bxi_nx/ht_ws/install/realsense2_camera/share/realsense2_camera/hook/ld_library_path_lib.sh'
[1.797s] Level 1:colcon.colcon_core.environment:checking '/home/bxi_nx/ht_ws/install/realsense2_camera/bin'
[1.797s] Level 1:colcon.colcon_core.environment:checking '/home/bxi_nx/ht_ws/install/realsense2_camera/lib/pkgconfig/realsense2_camera.pc'
[1.798s] Level 1:colcon.colcon_core.environment:checking '/home/bxi_nx/ht_ws/install/realsense2_camera/lib/python3.10/site-packages'
[1.798s] Level 1:colcon.colcon_core.environment:checking '/home/bxi_nx/ht_ws/install/realsense2_camera/bin'
[1.799s] INFO:colcon.colcon_core.shell:Creating package script '/home/bxi_nx/ht_ws/install/realsense2_camera/share/realsense2_camera/package.ps1'
[1.799s] INFO:colcon.colcon_core.shell:Creating package descriptor '/home/bxi_nx/ht_ws/install/realsense2_camera/share/realsense2_camera/package.dsv'
[1.800s] INFO:colcon.colcon_core.shell:Creating package script '/home/bxi_nx/ht_ws/install/realsense2_camera/share/realsense2_camera/package.sh'
[1.801s] INFO:colcon.colcon_core.shell:Creating package script '/home/bxi_nx/ht_ws/install/realsense2_camera/share/realsense2_camera/package.bash'
[1.802s] INFO:colcon.colcon_core.shell:Creating package script '/home/bxi_nx/ht_ws/install/realsense2_camera/share/realsense2_camera/package.zsh'
[1.802s] Level 1:colcon.colcon_core.environment:create_file_with_runtime_dependencies(/home/bxi_nx/ht_ws/install/realsense2_camera/share/colcon-core/packages/realsense2_camera)
[94.666s] DEBUG:colcon.colcon_core.event_handler.log_command:Invoked command in '/home/bxi_nx/ht_ws/build/fast_livo' returned '0': AMENT_PREFIX_PATH=/home/bxi_nx/ht_ws/install/vikit_ros:${AMENT_PREFIX_PATH} CMAKE_PREFIX_PATH=/home/bxi_nx/ht_ws/install/vikit_ros:/opt/ros/humble:/home/bxi_nx/ht_ws/install/vikit_common:${CMAKE_PREFIX_PATH} LD_LIBRARY_PATH=/home/bxi_nx/ht_ws/install/vikit_ros/lib:/home/bxi_nx/ht_ws/install/vikit_common/lib:/home/bxi_nx/gtsam/build/gtsam/libgtsam.so.4:/usr/local/cuda-12.6/lib64:/home/bxi_nx/ws_livox/install/livox_ros_driver2/lib:/home/bxi_nx/ws_livox/install/interface/lib:/home/bxi_nx/ws_livox/install/communication/lib:/home/bxi_nx/gtsam/build/gtsam/libgtsam.so.4:/opt/ros/humble/opt/rviz_ogre_vendor/lib:/opt/ros/humble/lib/aarch64-linux-gnu:/opt/ros/humble/lib:/usr/local/cuda-12.6/lib64 PKG_CONFIG_PATH=/home/bxi_nx/ht_ws/install/vikit_common/lib/aarch64-linux-gnu/pkgconfig:/home/bxi_nx/ht_ws/install/vikit_common/lib/pkgconfig ROS_PACKAGE_PATH=/home/bxi_nx/ht_ws/install/vikit_common/share /usr/bin/cmake --build /home/bxi_nx/ht_ws/build/fast_livo -- -j8 -l8
[94.672s] DEBUG:colcon.colcon_core.event_handler.log_command:Invoking command in '/home/bxi_nx/ht_ws/build/fast_livo': AMENT_PREFIX_PATH=/home/bxi_nx/ht_ws/install/vikit_ros:${AMENT_PREFIX_PATH} CMAKE_PREFIX_PATH=/home/bxi_nx/ht_ws/install/vikit_ros:/opt/ros/humble:/home/bxi_nx/ht_ws/install/vikit_common:${CMAKE_PREFIX_PATH} LD_LIBRARY_PATH=/home/bxi_nx/ht_ws/install/vikit_ros/lib:/home/bxi_nx/ht_ws/install/vikit_common/lib:/home/bxi_nx/gtsam/build/gtsam/libgtsam.so.4:/usr/local/cuda-12.6/lib64:/home/bxi_nx/ws_livox/install/livox_ros_driver2/lib:/home/bxi_nx/ws_livox/install/interface/lib:/home/bxi_nx/ws_livox/install/communication/lib:/home/bxi_nx/gtsam/build/gtsam/libgtsam.so.4:/opt/ros/humble/opt/rviz_ogre_vendor/lib:/opt/ros/humble/lib/aarch64-linux-gnu:/opt/ros/humble/lib:/usr/local/cuda-12.6/lib64 PKG_CONFIG_PATH=/home/bxi_nx/ht_ws/install/vikit_common/lib/aarch64-linux-gnu/pkgconfig:/home/bxi_nx/ht_ws/install/vikit_common/lib/pkgconfig ROS_PACKAGE_PATH=/home/bxi_nx/ht_ws/install/vikit_common/share /usr/bin/cmake --install /home/bxi_nx/ht_ws/build/fast_livo
[94.722s] Level 1:colcon.colcon_core.environment:create_environment_scripts_only(fast_livo)
[94.722s] Level 1:colcon.colcon_core.environment:checking '/home/bxi_nx/ht_ws/install/fast_livo' for CMake module files
[94.724s] DEBUG:colcon.colcon_core.event_handler.log_command:Invoked command in '/home/bxi_nx/ht_ws/build/fast_livo' returned '0': AMENT_PREFIX_PATH=/home/bxi_nx/ht_ws/install/vikit_ros:${AMENT_PREFIX_PATH} CMAKE_PREFIX_PATH=/home/bxi_nx/ht_ws/install/vikit_ros:/opt/ros/humble:/home/bxi_nx/ht_ws/install/vikit_common:${CMAKE_PREFIX_PATH} LD_LIBRARY_PATH=/home/bxi_nx/ht_ws/install/vikit_ros/lib:/home/bxi_nx/ht_ws/install/vikit_common/lib:/home/bxi_nx/gtsam/build/gtsam/libgtsam.so.4:/usr/local/cuda-12.6/lib64:/home/bxi_nx/ws_livox/install/livox_ros_driver2/lib:/home/bxi_nx/ws_livox/install/interface/lib:/home/bxi_nx/ws_livox/install/communication/lib:/home/bxi_nx/gtsam/build/gtsam/libgtsam.so.4:/opt/ros/humble/opt/rviz_ogre_vendor/lib:/opt/ros/humble/lib/aarch64-linux-gnu:/opt/ros/humble/lib:/usr/local/cuda-12.6/lib64 PKG_CONFIG_PATH=/home/bxi_nx/ht_ws/install/vikit_common/lib/aarch64-linux-gnu/pkgconfig:/home/bxi_nx/ht_ws/install/vikit_common/lib/pkgconfig ROS_PACKAGE_PATH=/home/bxi_nx/ht_ws/install/vikit_common/share /usr/bin/cmake --install /home/bxi_nx/ht_ws/build/fast_livo
[94.726s] Level 1:colcon.colcon_core.environment:checking '/home/bxi_nx/ht_ws/install/fast_livo' for CMake config files
[94.727s] Level 1:colcon.colcon_core.shell:create_environment_hook('fast_livo', 'cmake_prefix_path')
[94.728s] INFO:colcon.colcon_core.shell:Creating environment hook '/home/bxi_nx/ht_ws/install/fast_livo/share/fast_livo/hook/cmake_prefix_path.ps1'
[94.730s] INFO:colcon.colcon_core.shell:Creating environment descriptor '/home/bxi_nx/ht_ws/install/fast_livo/share/fast_livo/hook/cmake_prefix_path.dsv'
[94.731s] INFO:colcon.colcon_core.shell:Creating environment hook '/home/bxi_nx/ht_ws/install/fast_livo/share/fast_livo/hook/cmake_prefix_path.sh'
[94.734s] Level 1:colcon.colcon_core.environment:checking '/home/bxi_nx/ht_ws/install/fast_livo/lib'
[94.734s] Level 1:colcon.colcon_core.environment:checking '/home/bxi_nx/ht_ws/install/fast_livo/bin'
[94.734s] Level 1:colcon.colcon_core.environment:checking '/home/bxi_nx/ht_ws/install/fast_livo/lib/pkgconfig/fast_livo.pc'
[94.735s] Level 1:colcon.colcon_core.environment:checking '/home/bxi_nx/ht_ws/install/fast_livo/lib/python3.10/site-packages'
[94.736s] Level 1:colcon.colcon_core.environment:checking '/home/bxi_nx/ht_ws/install/fast_livo/bin'
[94.738s] INFO:colcon.colcon_core.shell:Creating package script '/home/bxi_nx/ht_ws/install/fast_livo/share/fast_livo/package.ps1'
[94.739s] INFO:colcon.colcon_core.shell:Creating package descriptor '/home/bxi_nx/ht_ws/install/fast_livo/share/fast_livo/package.dsv'
[94.741s] INFO:colcon.colcon_core.shell:Creating package script '/home/bxi_nx/ht_ws/install/fast_livo/share/fast_livo/package.sh'
[94.742s] INFO:colcon.colcon_core.shell:Creating package script '/home/bxi_nx/ht_ws/install/fast_livo/share/fast_livo/package.bash'
[94.744s] INFO:colcon.colcon_core.shell:Creating package script '/home/bxi_nx/ht_ws/install/fast_livo/share/fast_livo/package.zsh'
[94.745s] Level 1:colcon.colcon_core.environment:create_file_with_runtime_dependencies(/home/bxi_nx/ht_ws/install/fast_livo/share/colcon-core/packages/fast_livo)
[94.747s] Level 1:colcon.colcon_core.environment:create_environment_scripts_only(fast_livo)
[94.747s] Level 1:colcon.colcon_core.environment:checking '/home/bxi_nx/ht_ws/install/fast_livo' for CMake module files
[94.749s] Level 1:colcon.colcon_core.environment:checking '/home/bxi_nx/ht_ws/install/fast_livo' for CMake config files
[94.750s] Level 1:colcon.colcon_core.shell:create_environment_hook('fast_livo', 'cmake_prefix_path')
[94.751s] INFO:colcon.colcon_core.shell:Creating environment hook '/home/bxi_nx/ht_ws/install/fast_livo/share/fast_livo/hook/cmake_prefix_path.ps1'
[94.752s] INFO:colcon.colcon_core.shell:Creating environment descriptor '/home/bxi_nx/ht_ws/install/fast_livo/share/fast_livo/hook/cmake_prefix_path.dsv'
[94.753s] INFO:colcon.colcon_core.shell:Creating environment hook '/home/bxi_nx/ht_ws/install/fast_livo/share/fast_livo/hook/cmake_prefix_path.sh'
[94.756s] Level 1:colcon.colcon_core.environment:checking '/home/bxi_nx/ht_ws/install/fast_livo/lib'
[94.756s] Level 1:colcon.colcon_core.environment:checking '/home/bxi_nx/ht_ws/install/fast_livo/bin'
[94.756s] Level 1:colcon.colcon_core.environment:checking '/home/bxi_nx/ht_ws/install/fast_livo/lib/pkgconfig/fast_livo.pc'
[94.757s] Level 1:colcon.colcon_core.environment:checking '/home/bxi_nx/ht_ws/install/fast_livo/lib/python3.10/site-packages'
[94.758s] Level 1:colcon.colcon_core.environment:checking '/home/bxi_nx/ht_ws/install/fast_livo/bin'
[94.759s] INFO:colcon.colcon_core.shell:Creating package script '/home/bxi_nx/ht_ws/install/fast_livo/share/fast_livo/package.ps1'
[94.761s] INFO:colcon.colcon_core.shell:Creating package descriptor '/home/bxi_nx/ht_ws/install/fast_livo/share/fast_livo/package.dsv'
[94.762s] INFO:colcon.colcon_core.shell:Creating package script '/home/bxi_nx/ht_ws/install/fast_livo/share/fast_livo/package.sh'
[94.763s] INFO:colcon.colcon_core.shell:Creating package script '/home/bxi_nx/ht_ws/install/fast_livo/share/fast_livo/package.bash'
[94.765s] INFO:colcon.colcon_core.shell:Creating package script '/home/bxi_nx/ht_ws/install/fast_livo/share/fast_livo/package.zsh'
[94.766s] Level 1:colcon.colcon_core.environment:create_file_with_runtime_dependencies(/home/bxi_nx/ht_ws/install/fast_livo/share/colcon-core/packages/fast_livo)
[94.767s] DEBUG:colcon.colcon_parallel_executor.executor.parallel:closing loop
[94.768s] DEBUG:colcon.colcon_parallel_executor.executor.parallel:loop closed
[94.768s] DEBUG:colcon.colcon_parallel_executor.executor.parallel:run_until_complete finished with '0'
[94.768s] DEBUG:colcon.colcon_core.event_reactor:joining thread
[94.779s] INFO:colcon.colcon_core.plugin_system:Skipping extension 'colcon_notification.desktop_notification.terminal_notifier': Not used on non-Darwin systems
[94.779s] INFO:colcon.colcon_core.plugin_system:Skipping extension 'colcon_notification.desktop_notification.win32': Not used on non-Windows systems
[94.780s] INFO:colcon.colcon_notification.desktop_notification:Sending desktop notification using 'notify2'
[94.825s] DEBUG:colcon.colcon_core.event_reactor:joined thread
[94.826s] INFO:colcon.colcon_core.shell:Creating prefix script '/home/bxi_nx/ht_ws/install/local_setup.ps1'
[94.829s] INFO:colcon.colcon_core.shell:Creating prefix util module '/home/bxi_nx/ht_ws/install/_local_setup_util_ps1.py'
[94.833s] INFO:colcon.colcon_core.shell:Creating prefix chain script '/home/bxi_nx/ht_ws/install/setup.ps1'
[94.838s] INFO:colcon.colcon_core.shell:Creating prefix script '/home/bxi_nx/ht_ws/install/local_setup.sh'
[94.840s] INFO:colcon.colcon_core.shell:Creating prefix util module '/home/bxi_nx/ht_ws/install/_local_setup_util_sh.py'
[94.842s] INFO:colcon.colcon_core.shell:Creating prefix chain script '/home/bxi_nx/ht_ws/install/setup.sh'
[94.845s] INFO:colcon.colcon_core.shell:Creating prefix script '/home/bxi_nx/ht_ws/install/local_setup.bash'
[94.846s] INFO:colcon.colcon_core.shell:Creating prefix chain script '/home/bxi_nx/ht_ws/install/setup.bash'
[94.849s] INFO:colcon.colcon_core.shell:Creating prefix script '/home/bxi_nx/ht_ws/install/local_setup.zsh'
[94.851s] INFO:colcon.colcon_core.shell:Creating prefix chain script '/home/bxi_nx/ht_ws/install/setup.zsh'
