[0.029s] Invoking command in '/home/bxi_nx/ht_ws/build/livox_ros_driver2': CMAKE_PREFIX_PATH=${CMAKE_PREFIX_PATH}:/opt/ros/humble /usr/bin/cmake /home/bxi_nx/ht_ws/src/livox_ros_driver2 -DCMAKE_INSTALL_PREFIX=/home/bxi_nx/ht_ws/install/livox_ros_driver2
[0.049s] -- livox_ros_driver2 version: 1.2.4
[0.049s] -- Found ament_cmake_auto: 1.3.12 (/opt/ros/humble/share/ament_cmake_auto/cmake)
[0.304s] -- Override CMake install command with custom implementation using symlinks instead of copying resources
[0.436s] -- Using all available rosidl_typesupport_c: rosidl_typesupport_fastrtps_c;rosidl_typesupport_introspection_c
[0.440s] -- Found rosidl_adapter: 3.1.7 (/opt/ros/humble/share/rosidl_adapter/cmake)
[0.485s] -- Using all available rosidl_typesupport_cpp: rosidl_typesupport_fastrtps_cpp;rosidl_typesupport_introspection_cpp
[0.579s] -- Found rmw_implementation_cmake: 6.1.2 (/opt/ros/humble/share/rmw_implementation_cmake/cmake)
[0.581s] -- Found rmw_fastrtps_cpp: 6.2.9 (/opt/ros/humble/share/rmw_fastrtps_cpp/cmake)
[0.734s] -- Using RMW implementation 'rmw_fastrtps_cpp' as default
[0.927s] -- Eigen found (include: /usr/include/eigen3, version: 3.4.0)
[0.977s] -- FLANN found (include: /usr/include, lib: /usr/lib/aarch64-linux-gnu/libflann_cpp.so)
[1.426s] -- OpenNI found (version: 1.5.4.0, include: /usr/include/ni, lib: /usr/lib/libOpenNI.so;libusb::libusb)
[1.436s] -- OpenNI2 found (version: 2.2.0.33, include: /usr/include/openni2, lib: /usr/lib/aarch64-linux-gnu/libOpenNI2.so;libusb::libusb)
[1.655s] -- Eigen found (include: /usr/include/eigen3, version: 3.4.0)
[1.666s] -- OpenNI found (version: 1.5.4.0, include: /usr/include/ni, lib: /usr/lib/libOpenNI.so;libusb::libusb)
[1.676s] -- OpenNI2 found (version: 2.2.0.33, include: /usr/include/openni2, lib: /usr/lib/aarch64-linux-gnu/libOpenNI2.so;libusb::libusb)
[1.885s] -- Found Qhull version 8.0.2
[2.101s] -- OpenNI found (version: 1.5.4.0, include: /usr/include/ni, lib: /usr/lib/libOpenNI.so;libusb::libusb)
[2.394s] -- Checking for module 'apr-1'
[2.397s] --   No package 'apr-1' found
[2.804s] -- Found ament_cmake_ros: 0.10.0 (/opt/ros/humble/share/ament_cmake_ros/cmake)
[3.282s] -- Using all available rosidl_typesupport_c: rosidl_typesupport_fastrtps_c;rosidl_typesupport_introspection_c
[3.926s] -- Using all available rosidl_typesupport_cpp: rosidl_typesupport_fastrtps_cpp;rosidl_typesupport_introspection_cpp
[3.977s] -- Found python_cmake_module: 0.10.0 (/opt/ros/humble/share/python_cmake_module/cmake)
[4.030s] -- Using PYTHON_EXECUTABLE: /usr/bin/python3
[4.030s] -- Using PYTHON_INCLUDE_DIRS: /usr/include/python3.10
[4.031s] -- Using PYTHON_LIBRARIES: /usr/lib/aarch64-linux-gnu/libpython3.10.so
[4.148s] -- Found ament_lint_auto: 0.12.14 (/opt/ros/humble/share/ament_lint_auto/cmake)
[4.168s] -- Added test 'copyright' to check source files copyright and LICENSE
[4.177s] -- Added test 'cppcheck' to perform static code analysis on C / C++ code
[4.178s] -- Configured cppcheck include dirs: /home/bxi_nx/ht_ws/src/livox_ros_driver2/3rdparty;/home/bxi_nx/ht_ws/src/livox_ros_driver2/src
[4.178s] -- Configured cppcheck exclude dirs and/or files: 
[4.186s] -- Added test 'cpplint' to check C / C++ code against the Google style
[4.186s] -- Configured cpplint exclude dirs and/or files: 
[4.187s] -- Added test 'flake8' to check Python code syntax and style conventions
[4.190s] -- Added test 'lint_cmake' to check CMake code style
[4.191s] -- Added test 'pep257' to check Python code against some of the docstring style conventions in PEP 257
[4.199s] -- Added test 'uncrustify' to check C / C++ code style
[4.200s] -- Configured uncrustify additional arguments: 
[4.201s] -- Added test 'xmllint' to check XML markup files
[4.205s] -- Configuring done
[4.216s] [0mCMake Error: The following variables are used in this project, but they are set to NOTFOUND.
[4.216s] Please set them or make sure they are set and tested correctly in the CMake files:
[4.216s] /home/bxi_nx/ht_ws/src/livox_ros_driver2/LIVOX_INTERFACES_INCLUDE_DIRECTORIES
[4.217s]    used as include directory in directory /home/bxi_nx/ht_ws/src/livox_ros_driver2
[4.217s] [0m
[4.311s] -- Generating done
[4.317s] [0mCMake Generate step failed.  Build files cannot be regenerated correctly.[0m
[4.365s] Invoked command in '/home/bxi_nx/ht_ws/build/livox_ros_driver2' returned '1': CMAKE_PREFIX_PATH=${CMAKE_PREFIX_PATH}:/opt/ros/humble /usr/bin/cmake /home/bxi_nx/ht_ws/src/livox_ros_driver2 -DCMAKE_INSTALL_PREFIX=/home/bxi_nx/ht_ws/install/livox_ros_driver2
