[0.006s] Invoking command in '/home/ht/ht_ws/build/realsense2_rviz_plugin': AMENT_PREFIX_PATH=/home/ht/ht_ws/install/realsense2_camera_msgs:${AMENT_PREFIX_PATH} CMAKE_PREFIX_PATH=/home/ht/ht_ws/install/realsense2_camera_msgs:/opt/ros/humble LD_LIBRARY_PATH=/home/ht/ht_ws/install/realsense2_camera_msgs/lib:${LD_LIBRARY_PATH} PYTHONPATH=/home/ht/ht_ws/install/realsense2_camera_msgs/local/lib/python3.10/dist-packages:${PYTHONPATH} /usr/bin/cmake /home/ht/ht_ws/src/realsense-ros/realsense2_rgbd_plugin -DCMAKE_INSTALL_PREFIX=/home/ht/ht_ws/install/realsense2_rviz_plugin
[0.011s] -- Found ament_cmake: 1.3.12 (/opt/ros/humble/share/ament_cmake/cmake)
[0.082s] -- Override CMake install command with custom implementation using symlinks instead of copying resources
[0.088s] -- RVIZ_RGBD_PLUGIN is DISABLED: Plugin will not be built.
[0.127s] -- Configuring done
[0.128s] -- Generating done
[0.129s] -- Build files have been written to: /home/ht/ht_ws/build/realsense2_rviz_plugin
[0.132s] Invoked command in '/home/ht/ht_ws/build/realsense2_rviz_plugin' returned '0': AMENT_PREFIX_PATH=/home/ht/ht_ws/install/realsense2_camera_msgs:${AMENT_PREFIX_PATH} CMAKE_PREFIX_PATH=/home/ht/ht_ws/install/realsense2_camera_msgs:/opt/ros/humble LD_LIBRARY_PATH=/home/ht/ht_ws/install/realsense2_camera_msgs/lib:${LD_LIBRARY_PATH} PYTHONPATH=/home/ht/ht_ws/install/realsense2_camera_msgs/local/lib/python3.10/dist-packages:${PYTHONPATH} /usr/bin/cmake /home/ht/ht_ws/src/realsense-ros/realsense2_rgbd_plugin -DCMAKE_INSTALL_PREFIX=/home/ht/ht_ws/install/realsense2_rviz_plugin
[0.132s] Invoking command in '/home/ht/ht_ws/build/realsense2_rviz_plugin': AMENT_PREFIX_PATH=/home/ht/ht_ws/install/realsense2_camera_msgs:${AMENT_PREFIX_PATH} CMAKE_PREFIX_PATH=/home/ht/ht_ws/install/realsense2_camera_msgs:/opt/ros/humble LD_LIBRARY_PATH=/home/ht/ht_ws/install/realsense2_camera_msgs/lib:${LD_LIBRARY_PATH} PYTHONPATH=/home/ht/ht_ws/install/realsense2_camera_msgs/local/lib/python3.10/dist-packages:${PYTHONPATH} /usr/bin/cmake --build /home/ht/ht_ws/build/realsense2_rviz_plugin -- -j16 -l16
[0.155s] Invoked command in '/home/ht/ht_ws/build/realsense2_rviz_plugin' returned '0': AMENT_PREFIX_PATH=/home/ht/ht_ws/install/realsense2_camera_msgs:${AMENT_PREFIX_PATH} CMAKE_PREFIX_PATH=/home/ht/ht_ws/install/realsense2_camera_msgs:/opt/ros/humble LD_LIBRARY_PATH=/home/ht/ht_ws/install/realsense2_camera_msgs/lib:${LD_LIBRARY_PATH} PYTHONPATH=/home/ht/ht_ws/install/realsense2_camera_msgs/local/lib/python3.10/dist-packages:${PYTHONPATH} /usr/bin/cmake --build /home/ht/ht_ws/build/realsense2_rviz_plugin -- -j16 -l16
[0.156s] Invoking command in '/home/ht/ht_ws/build/realsense2_rviz_plugin': AMENT_PREFIX_PATH=/home/ht/ht_ws/install/realsense2_camera_msgs:${AMENT_PREFIX_PATH} CMAKE_PREFIX_PATH=/home/ht/ht_ws/install/realsense2_camera_msgs:/opt/ros/humble LD_LIBRARY_PATH=/home/ht/ht_ws/install/realsense2_camera_msgs/lib:${LD_LIBRARY_PATH} PYTHONPATH=/home/ht/ht_ws/install/realsense2_camera_msgs/local/lib/python3.10/dist-packages:${PYTHONPATH} /usr/bin/cmake --install /home/ht/ht_ws/build/realsense2_rviz_plugin
[0.160s] -- Install configuration: ""
[0.160s] -- Execute custom install script
[0.161s] -- Up-to-date symlink: /home/ht/ht_ws/install/realsense2_rviz_plugin/share/realsense2_rviz_plugin/config/rviz_rgbd_plugin_settings.yaml
[0.161s] -- Up-to-date symlink: /home/ht/ht_ws/install/realsense2_rviz_plugin/share/ament_index/resource_index/package_run_dependencies/realsense2_rviz_plugin
[0.161s] -- Up-to-date symlink: /home/ht/ht_ws/install/realsense2_rviz_plugin/share/ament_index/resource_index/parent_prefix_path/realsense2_rviz_plugin
[0.161s] -- Up-to-date symlink: /home/ht/ht_ws/install/realsense2_rviz_plugin/share/realsense2_rviz_plugin/environment/ament_prefix_path.sh
[0.161s] -- Up-to-date symlink: /home/ht/ht_ws/install/realsense2_rviz_plugin/share/realsense2_rviz_plugin/environment/ament_prefix_path.dsv
[0.161s] -- Up-to-date symlink: /home/ht/ht_ws/install/realsense2_rviz_plugin/share/realsense2_rviz_plugin/environment/path.sh
[0.161s] -- Up-to-date symlink: /home/ht/ht_ws/install/realsense2_rviz_plugin/share/realsense2_rviz_plugin/environment/path.dsv
[0.161s] -- Up-to-date symlink: /home/ht/ht_ws/install/realsense2_rviz_plugin/share/realsense2_rviz_plugin/local_setup.bash
[0.161s] -- Up-to-date symlink: /home/ht/ht_ws/install/realsense2_rviz_plugin/share/realsense2_rviz_plugin/local_setup.sh
[0.161s] -- Up-to-date symlink: /home/ht/ht_ws/install/realsense2_rviz_plugin/share/realsense2_rviz_plugin/local_setup.zsh
[0.161s] -- Up-to-date symlink: /home/ht/ht_ws/install/realsense2_rviz_plugin/share/realsense2_rviz_plugin/local_setup.dsv
[0.161s] -- Symlinking: /home/ht/ht_ws/install/realsense2_rviz_plugin/share/realsense2_rviz_plugin/package.dsv
[0.166s] -- Up-to-date symlink: /home/ht/ht_ws/install/realsense2_rviz_plugin/share/ament_index/resource_index/packages/realsense2_rviz_plugin
[0.167s] -- Up-to-date symlink: /home/ht/ht_ws/install/realsense2_rviz_plugin/share/realsense2_rviz_plugin/cmake/realsense2_rviz_pluginConfig.cmake
[0.167s] -- Up-to-date symlink: /home/ht/ht_ws/install/realsense2_rviz_plugin/share/realsense2_rviz_plugin/cmake/realsense2_rviz_pluginConfig-version.cmake
[0.167s] -- Up-to-date symlink: /home/ht/ht_ws/install/realsense2_rviz_plugin/share/realsense2_rviz_plugin/package.xml
[0.168s] Invoked command in '/home/ht/ht_ws/build/realsense2_rviz_plugin' returned '0': AMENT_PREFIX_PATH=/home/ht/ht_ws/install/realsense2_camera_msgs:${AMENT_PREFIX_PATH} CMAKE_PREFIX_PATH=/home/ht/ht_ws/install/realsense2_camera_msgs:/opt/ros/humble LD_LIBRARY_PATH=/home/ht/ht_ws/install/realsense2_camera_msgs/lib:${LD_LIBRARY_PATH} PYTHONPATH=/home/ht/ht_ws/install/realsense2_camera_msgs/local/lib/python3.10/dist-packages:${PYTHONPATH} /usr/bin/cmake --install /home/ht/ht_ws/build/realsense2_rviz_plugin
