[0.064s] Invoking command in '/home/bxi_nx/ht_ws/build/ht_package': CMAKE_PREFIX_PATH=${CMAKE_PREFIX_PATH}:/opt/ros/humble /usr/bin/cmake --build /home/bxi_nx/ht_ws/build/ht_package -- -j8 -l8
[0.734s] Invoked command in '/home/bxi_nx/ht_ws/build/ht_package' returned '0': CMAKE_PREFIX_PATH=${CMAKE_PREFIX_PATH}:/opt/ros/humble /usr/bin/cmake --build /home/bxi_nx/ht_ws/build/ht_package -- -j8 -l8
[0.760s] Invoking command in '/home/bxi_nx/ht_ws/build/ht_package': CMAKE_PREFIX_PATH=${CMAKE_PREFIX_PATH}:/opt/ros/humble /usr/bin/cmake --install /home/bxi_nx/ht_ws/build/ht_package
[0.796s] -- Install configuration: ""
[0.798s] -- Up-to-date: /home/bxi_nx/ht_ws/install/ht_package/share/ament_index/resource_index/package_run_dependencies/ht_package
[0.799s] -- Up-to-date: /home/bxi_nx/ht_ws/install/ht_package/share/ament_index/resource_index/parent_prefix_path/ht_package
[0.800s] -- Up-to-date: /home/bxi_nx/ht_ws/install/ht_package/share/ht_package/environment/ament_prefix_path.sh
[0.800s] -- Up-to-date: /home/bxi_nx/ht_ws/install/ht_package/share/ht_package/environment/ament_prefix_path.dsv
[0.804s] -- Up-to-date: /home/bxi_nx/ht_ws/install/ht_package/share/ht_package/environment/path.sh
[0.807s] -- Up-to-date: /home/bxi_nx/ht_ws/install/ht_package/share/ht_package/environment/path.dsv
[0.809s] -- Up-to-date: /home/bxi_nx/ht_ws/install/ht_package/share/ht_package/local_setup.bash
[0.810s] -- Up-to-date: /home/bxi_nx/ht_ws/install/ht_package/share/ht_package/local_setup.sh
[0.810s] -- Up-to-date: /home/bxi_nx/ht_ws/install/ht_package/share/ht_package/local_setup.zsh
[0.811s] -- Up-to-date: /home/bxi_nx/ht_ws/install/ht_package/share/ht_package/local_setup.dsv
[0.811s] -- Installing: /home/bxi_nx/ht_ws/install/ht_package/share/ht_package/package.dsv
[0.811s] -- Up-to-date: /home/bxi_nx/ht_ws/install/ht_package/share/ament_index/resource_index/packages/ht_package
[0.811s] -- Up-to-date: /home/bxi_nx/ht_ws/install/ht_package/share/ht_package/cmake/ht_packageConfig.cmake
[0.811s] -- Up-to-date: /home/bxi_nx/ht_ws/install/ht_package/share/ht_package/cmake/ht_packageConfig-version.cmake
[0.811s] -- Up-to-date: /home/bxi_nx/ht_ws/install/ht_package/share/ht_package/package.xml
[0.847s] Invoked command in '/home/bxi_nx/ht_ws/build/ht_package' returned '0': CMAKE_PREFIX_PATH=${CMAKE_PREFIX_PATH}:/opt/ros/humble /usr/bin/cmake --install /home/bxi_nx/ht_ws/build/ht_package
