[ 10%] Built target realsense2_camera_msgs__rosidl_generator_c
[ 12%] Built target realsense2_camera_msgs__cpp
[ 12%] Built target ament_cmake_python_symlink_realsense2_camera_msgs
[ 23%] Built target realsense2_camera_msgs__rosidl_typesupport_introspection_cpp
[ 34%] Built target realsense2_camera_msgs__rosidl_typesupport_cpp
[ 45%] Built target realsense2_camera_msgs__rosidl_typesupport_fastrtps_cpp
[ 56%] Built target realsense2_camera_msgs__rosidl_typesupport_fastrtps_c
[ 67%] Built target realsense2_camera_msgs__rosidl_typesupport_introspection_c
[ 78%] Built target realsense2_camera_msgs__rosidl_typesupport_c
[ 78%] Built target realsense2_camera_msgs
[ 80%] Built target realsense2_camera_msgs__py
Traceback (most recent call last):
  File "/home/bxi_nx/ht_ws/build/realsense2_camera_msgs/ament_cmake_python/realsense2_camera_msgs/setup.py", line 1, in <module>
    from setuptools import find_packages
  File "/usr/lib/python3/dist-packages/setuptools/__init__.py", line 16, in <module>
    import setuptools.version
  File "/usr/lib/python3/dist-packages/setuptools/version.py", line 1, in <module>
    import pkg_resources
  File "/usr/lib/python3/dist-packages/pkg_resources/__init__.py", line 78, in <module>
    __import__('pkg_resources.extern.packaging.requirements')
  File "/usr/lib/python3/dist-packages/pkg_resources/_vendor/packaging/requirements.py", line 10, in <module>
gmake[2]: *** [CMakeFiles/realsense2_camera_msgs__rosidl_generator_py.dir/build.make:168: CMakeFiles/realsense2_camera_msgs__rosidl_generator_py.dir/depend] Interrupt
    from pkg_resources.extern.pyparsing import (  # noqa
  File "<frozen importlib._bootstrap>", line 1027, in _find_and_load
gmake[1]: *** [CMakeFiles/Makefile2:474: CMakeFiles/realsense2_camera_msgs__rosidl_generator_py.dir/all] Interrupt
  File "<frozen importlib._bootstrap>", line 1006, in _find_and_load_unlocked
  File "<frozen importlib._bootstrap>", line 674, in _load_unlocked
  File "<frozen importlib._bootstrap>", line 571, in module_from_spec
  File "/usr/lib/python3/dist-packages/pkg_resources/extern/__init__.py", line 52, in create_module
    return self.load_module(spec.name)
  File "/usr/lib/python3/dist-packages/pkg_resources/extern/__init__.py", line 37, in load_module
    __import__(extant)
  File "/usr/lib/python3/dist-packages/pkg_resources/_vendor/pyparsing.py", line 5364, in <module>
    anyOpenTag,anyCloseTag = makeHTMLTags(Word(alphas,alphanums+"_:").setName('any tag'))
  File "/usr/lib/python3/dist-packages/pkg_resources/_vendor/pyparsing.py", line 4921, in makeHTMLTags
    return _makeTags( tagStr, False )
  File "/usr/lib/python3/dist-packages/pkg_resources/_vendor/pyparsing.py", line 4898, in _makeTags
    openTag = openTag.setResultsName("start"+"".join(resname.replace(":"," ").title().split())).setName("<%s>" % resname)
  File "/usr/lib/python3/dist-packages/pkg_resources/_vendor/pyparsing.py", line 3354, in setResultsName
    ret = super(ParseExpression,self).setResultsName(name,listAllMatches)
  File "/usr/lib/python3/dist-packages/pkg_resources/_vendor/pyparsing.py", line 1224, in setResultsName
    newself = self.copy()
  File "/usr/lib/python3/dist-packages/pkg_resources/_vendor/pyparsing.py", line 3365, in copy
    ret.exprs = [e.copy() for e in self.exprs]
  File "/usr/lib/python3/dist-packages/pkg_resources/_vendor/pyparsing.py", line 3365, in <listcomp>
    ret.exprs = [e.copy() for e in self.exprs]
  File "/usr/lib/python3/dist-packages/pkg_resources/_vendor/pyparsing.py", line 3365, in copy
    ret.exprs = [e.copy() for e in self.exprs]
  File "/usr/lib/python3/dist-packages/pkg_resources/_vendor/pyparsing.py", line 3365, in <listcomp>
    ret.exprs = [e.copy() for e in self.exprs]
  File "/usr/lib/python3/dist-packages/pkg_resources/_vendor/pyparsing.py", line 3365, in copy
    ret.exprs = [e.copy() for e in self.exprs]
  File "/usr/lib/python3/dist-packages/pkg_resources/_vendor/pyparsing.py", line 3365, in <listcomp>
    ret.exprs = [e.copy() for e in self.exprs]
  File "/usr/lib/python3/dist-packages/pkg_resources/_vendor/pyparsing.py", line 3364, in copy
    ret = super(ParseExpression,self).copy()
  File "/usr/lib/python3/dist-packages/pkg_resources/_vendor/pyparsing.py", line 1183, in copy
    cpy = copy.copy( self )
  File "/usr/lib/python3.10/copy.py", line 102, in copy
    return _reconstruct(x, None, *rv)
  File "/usr/lib/python3.10/copy.py", line 265, in _reconstruct
    y = func(*args)
  File "/usr/lib/python3.10/copyreg.py", line 100, in __newobj__
    def __newobj__(cls, *args):
KeyboardInterrupt
gmake[2]: *** [CMakeFiles/ament_cmake_python_build_realsense2_camera_msgs_egg.dir/build.make:70: CMakeFiles/ament_cmake_python_build_realsense2_camera_msgs_egg] Interrupt
gmake[1]: *** [CMakeFiles/Makefile2:447: CMakeFiles/ament_cmake_python_build_realsense2_camera_msgs_egg.dir/all] Interrupt
gmake: *** [Makefile:146: all] Interrupt
