[0.062s] Invoking command in '/home/bxi_nx/ht_ws/build/ht_package': CMAKE_PREFIX_PATH=/home/bxi_nx/ht_ws/install/vikit_ros:/home/bxi_nx/ht_ws/install/my_nav2_bringup:/opt/ros/humble:/home/bxi_nx/ht_ws/install/vikit_common:/home/bxi_nx/ht_ws/install/realsense2_description:/home/bxi_nx/ht_ws/install/realsense2_camera:/home/bxi_nx/ht_ws/install/realsense2_camera_msgs:/home/bxi_nx/ht_ws/install/octomap_server2:/home/bxi_nx/ht_ws/install/ht_package:/home/bxi_nx/ht_ws/install/fishbot_navigation2:/home/bxi_nx/ht_ws/install/fast_livo:/home/bxi_nx/ws_livox/install/localizer:/home/bxi_nx/ws_livox/install/fastlio2:/home/bxi_nx/ws_livox/install/livox_ros_driver2:/home/bxi_nx/ws_livox/install/interface:/home/bxi_nx/ws_livox/install/communication /usr/bin/cmake --build /home/bxi_nx/ht_ws/build/ht_package -- -j8 -l8
[0.674s] Invoked command in '/home/bxi_nx/ht_ws/build/ht_package' returned '0': CMAKE_PREFIX_PATH=/home/bxi_nx/ht_ws/install/vikit_ros:/home/bxi_nx/ht_ws/install/my_nav2_bringup:/opt/ros/humble:/home/bxi_nx/ht_ws/install/vikit_common:/home/bxi_nx/ht_ws/install/realsense2_description:/home/bxi_nx/ht_ws/install/realsense2_camera:/home/bxi_nx/ht_ws/install/realsense2_camera_msgs:/home/bxi_nx/ht_ws/install/octomap_server2:/home/bxi_nx/ht_ws/install/ht_package:/home/bxi_nx/ht_ws/install/fishbot_navigation2:/home/bxi_nx/ht_ws/install/fast_livo:/home/bxi_nx/ws_livox/install/localizer:/home/bxi_nx/ws_livox/install/fastlio2:/home/bxi_nx/ws_livox/install/livox_ros_driver2:/home/bxi_nx/ws_livox/install/interface:/home/bxi_nx/ws_livox/install/communication /usr/bin/cmake --build /home/bxi_nx/ht_ws/build/ht_package -- -j8 -l8
[0.697s] Invoking command in '/home/bxi_nx/ht_ws/build/ht_package': CMAKE_PREFIX_PATH=/home/bxi_nx/ht_ws/install/vikit_ros:/home/bxi_nx/ht_ws/install/my_nav2_bringup:/opt/ros/humble:/home/bxi_nx/ht_ws/install/vikit_common:/home/bxi_nx/ht_ws/install/realsense2_description:/home/bxi_nx/ht_ws/install/realsense2_camera:/home/bxi_nx/ht_ws/install/realsense2_camera_msgs:/home/bxi_nx/ht_ws/install/octomap_server2:/home/bxi_nx/ht_ws/install/ht_package:/home/bxi_nx/ht_ws/install/fishbot_navigation2:/home/bxi_nx/ht_ws/install/fast_livo:/home/bxi_nx/ws_livox/install/localizer:/home/bxi_nx/ws_livox/install/fastlio2:/home/bxi_nx/ws_livox/install/livox_ros_driver2:/home/bxi_nx/ws_livox/install/interface:/home/bxi_nx/ws_livox/install/communication /usr/bin/cmake --install /home/bxi_nx/ht_ws/build/ht_package
[0.721s] -- Install configuration: ""
[0.722s] -- Up-to-date: /home/bxi_nx/ht_ws/install/ht_package/share/ament_index/resource_index/package_run_dependencies/ht_package
[0.722s] -- Up-to-date: /home/bxi_nx/ht_ws/install/ht_package/share/ament_index/resource_index/parent_prefix_path/ht_package
[0.723s] -- Up-to-date: /home/bxi_nx/ht_ws/install/ht_package/share/ht_package/environment/ament_prefix_path.sh
[0.723s] -- Up-to-date: /home/bxi_nx/ht_ws/install/ht_package/share/ht_package/environment/ament_prefix_path.dsv
[0.723s] -- Up-to-date: /home/bxi_nx/ht_ws/install/ht_package/share/ht_package/environment/path.sh
[0.725s] -- Up-to-date: /home/bxi_nx/ht_ws/install/ht_package/share/ht_package/environment/path.dsv
[0.725s] -- Up-to-date: /home/bxi_nx/ht_ws/install/ht_package/share/ht_package/local_setup.bash
[0.725s] -- Up-to-date: /home/bxi_nx/ht_ws/install/ht_package/share/ht_package/local_setup.sh
[0.725s] -- Up-to-date: /home/bxi_nx/ht_ws/install/ht_package/share/ht_package/local_setup.zsh
[0.725s] -- Up-to-date: /home/bxi_nx/ht_ws/install/ht_package/share/ht_package/local_setup.dsv
[0.726s] -- Installing: /home/bxi_nx/ht_ws/install/ht_package/share/ht_package/package.dsv
[0.726s] -- Up-to-date: /home/bxi_nx/ht_ws/install/ht_package/share/ament_index/resource_index/packages/ht_package
[0.726s] -- Up-to-date: /home/bxi_nx/ht_ws/install/ht_package/share/ht_package/cmake/ht_packageConfig.cmake
[0.726s] -- Up-to-date: /home/bxi_nx/ht_ws/install/ht_package/share/ht_package/cmake/ht_packageConfig-version.cmake
[0.726s] -- Up-to-date: /home/bxi_nx/ht_ws/install/ht_package/share/ht_package/package.xml
[0.794s] Invoked command in '/home/bxi_nx/ht_ws/build/ht_package' returned '0': CMAKE_PREFIX_PATH=/home/bxi_nx/ht_ws/install/vikit_ros:/home/bxi_nx/ht_ws/install/my_nav2_bringup:/opt/ros/humble:/home/bxi_nx/ht_ws/install/vikit_common:/home/bxi_nx/ht_ws/install/realsense2_description:/home/bxi_nx/ht_ws/install/realsense2_camera:/home/bxi_nx/ht_ws/install/realsense2_camera_msgs:/home/bxi_nx/ht_ws/install/octomap_server2:/home/bxi_nx/ht_ws/install/ht_package:/home/bxi_nx/ht_ws/install/fishbot_navigation2:/home/bxi_nx/ht_ws/install/fast_livo:/home/bxi_nx/ws_livox/install/localizer:/home/bxi_nx/ws_livox/install/fastlio2:/home/bxi_nx/ws_livox/install/livox_ros_driver2:/home/bxi_nx/ws_livox/install/interface:/home/bxi_nx/ws_livox/install/communication /usr/bin/cmake --install /home/bxi_nx/ht_ws/build/ht_package
