[0.018s] Invoking command in '/home/ht/autonomous_exploration_development_environment/build/visualization_tools': CMAKE_PREFIX_PATH=/opt/ros/humble /usr/bin/cmake /home/ht/autonomous_exploration_development_environment/src/visualization_tools -DCMAKE_BUILD_TYPE=Release -DAMENT_CMAKE_SYMLINK_INSTALL=1 -DCMAKE_INSTALL_PREFIX=/home/ht/autonomous_exploration_development_environment/install/visualization_tools
[0.062s] -- The C compiler identification is GNU 11.4.0
[0.112s] -- The CXX compiler identification is GNU 11.4.0
[0.117s] -- Detecting C compiler ABI info
[0.177s] -- Detecting C compiler ABI info - done
[0.183s] -- Check for working C compiler: /usr/bin/cc - skipped
[0.183s] -- Detecting C compile features
[0.184s] -- Detecting C compile features - done
[0.186s] -- Detecting CXX compiler ABI info
[0.255s] -- Detecting CXX compiler ABI info - done
[0.263s] -- Check for working CXX compiler: /usr/bin/c++ - skipped
[0.264s] -- Detecting CXX compile features
[0.264s] -- Detecting CXX compile features - done
[0.267s] -- Found ament_cmake: 1.3.12 (/opt/ros/humble/share/ament_cmake/cmake)
[0.427s] -- Found Python3: /usr/bin/python3 (found version "3.10.12") found components: Interpreter 
[0.497s] -- Override CMake install command with custom implementation using symlinks instead of copying resources
[0.528s] -- Found rclcpp: 16.0.17 (/opt/ros/humble/share/rclcpp/cmake)
[0.565s] -- Found rosidl_generator_c: 3.1.8 (/opt/ros/humble/share/rosidl_generator_c/cmake)
[0.570s] -- Found rosidl_adapter: 3.1.8 (/opt/ros/humble/share/rosidl_adapter/cmake)
[0.577s] -- Found rosidl_generator_cpp: 3.1.8 (/opt/ros/humble/share/rosidl_generator_cpp/cmake)
[0.586s] -- Using all available rosidl_typesupport_c: rosidl_typesupport_fastrtps_c;rosidl_typesupport_introspection_c
[0.597s] -- Using all available rosidl_typesupport_cpp: rosidl_typesupport_fastrtps_cpp;rosidl_typesupport_introspection_cpp
[0.630s] -- Found rmw_implementation_cmake: 6.1.2 (/opt/ros/humble/share/rmw_implementation_cmake/cmake)
[0.632s] -- Found rmw_fastrtps_cpp: 6.2.9 (/opt/ros/humble/share/rmw_fastrtps_cpp/cmake)
[0.687s] -- Found OpenSSL: /usr/lib/x86_64-linux-gnu/libcrypto.so (found version "3.0.2")  
[0.712s] -- Found FastRTPS: /opt/ros/humble/include  
[0.754s] -- Using RMW implementation 'rmw_fastrtps_cpp' as default
[0.765s] -- Looking for pthread.h
[0.829s] -- Looking for pthread.h - found
[0.829s] -- Performing Test CMAKE_HAVE_LIBC_PTHREAD
[0.891s] -- Performing Test CMAKE_HAVE_LIBC_PTHREAD - Success
[0.892s] -- Found Threads: TRUE  
[0.929s] -- Found rclpy: 3.3.19 (/opt/ros/humble/share/rclpy/cmake)
[0.930s] -- Found nav_msgs: 4.9.0 (/opt/ros/humble/share/nav_msgs/cmake)
[0.949s] -- Found sensor_msgs: 4.9.0 (/opt/ros/humble/share/sensor_msgs/cmake)
[0.959s] -- Found tf2_ros: 0.25.18 (/opt/ros/humble/share/tf2_ros/cmake)
[1.027s] -- Found tf2_geometry_msgs: 0.25.18 (/opt/ros/humble/share/tf2_geometry_msgs/cmake)
[1.037s] -- Found eigen3_cmake_module: 0.1.1 (/opt/ros/humble/share/eigen3_cmake_module/cmake)
[1.038s] -- Found Eigen3: TRUE (found version "3.4.0") 
[1.038s] -- Ensuring Eigen3 include directory is part of orocos-kdl CMake target
[1.042s] -- Found pcl_conversions: 2.4.5 (/opt/ros/humble/share/pcl_conversions/cmake)
[1.067s] -- Checking for module 'eigen3'
[1.083s] --   Found eigen3, version 3.4.0
[1.108s] -- Found Eigen: /usr/include/eigen3 (Required is at least version "3.1") 
[1.108s] -- Eigen found (include: /usr/include/eigen3, version: 3.4.0)
[1.136s] -- Checking for module 'flann'
[1.145s] --   Found flann, version 1.9.1
[1.170s] -- Found FLANN: /usr/lib/x86_64-linux-gnu/libflann_cpp.so  
[1.170s] -- FLANN found (include: /usr/include, lib: /usr/lib/x86_64-linux-gnu/libflann_cpp.so)
[1.995s] -- Checking for module 'libusb-1.0'
[2.005s] --   Found libusb-1.0, version 1.0.25
[2.041s] -- Found libusb: /usr/lib/x86_64-linux-gnu/libusb-1.0.so  
[2.042s] -- OpenNI found (version: 1.5.4.0, include: /usr/include/ni, lib: /usr/lib/libOpenNI.so;libusb::libusb)
[2.084s] -- OpenNI2 found (version: 2.2.0.33, include: /usr/include/openni2, lib: /usr/lib/x86_64-linux-gnu/libOpenNI2.so;libusb::libusb)
[2.267s] -- Eigen found (include: /usr/include/eigen3, version: 3.4.0)
[2.280s] -- OpenNI found (version: 1.5.4.0, include: /usr/include/ni, lib: /usr/lib/libOpenNI.so;libusb::libusb)
[2.292s] -- OpenNI2 found (version: 2.2.0.33, include: /usr/include/openni2, lib: /usr/lib/x86_64-linux-gnu/libOpenNI2.so;libusb::libusb)
[2.442s] -- Found Qhull version 8.0.2
[2.582s] -- OpenNI found (version: 1.5.4.0, include: /usr/include/ni, lib: /usr/lib/libOpenNI.so;libusb::libusb)
[2.694s] -- Found PCL_COMMON: /usr/lib/x86_64-linux-gnu/libpcl_common.so  
[2.695s] -- Found PCL_KDTREE: /usr/lib/x86_64-linux-gnu/libpcl_kdtree.so  
[2.696s] -- Found PCL_OCTREE: /usr/lib/x86_64-linux-gnu/libpcl_octree.so  
[2.697s] -- Found PCL_SEARCH: /usr/lib/x86_64-linux-gnu/libpcl_search.so  
[2.697s] -- Found PCL_SAMPLE_CONSENSUS: /usr/lib/x86_64-linux-gnu/libpcl_sample_consensus.so  
[2.698s] -- Found PCL_FILTERS: /usr/lib/x86_64-linux-gnu/libpcl_filters.so  
[2.698s] -- Found PCL_2D: /usr/include/pcl-1.12  
[2.698s] -- Found PCL_GEOMETRY: /usr/include/pcl-1.12  
[2.699s] -- Found PCL_IO: /usr/lib/x86_64-linux-gnu/libpcl_io.so  
[2.700s] -- Found PCL_FEATURES: /usr/lib/x86_64-linux-gnu/libpcl_features.so  
[2.701s] -- Found PCL_ML: /usr/lib/x86_64-linux-gnu/libpcl_ml.so  
[2.701s] -- Found PCL_SEGMENTATION: /usr/lib/x86_64-linux-gnu/libpcl_segmentation.so  
[2.702s] -- Found PCL_VISUALIZATION: /usr/lib/x86_64-linux-gnu/libpcl_visualization.so  
[2.703s] -- Found PCL_SURFACE: /usr/lib/x86_64-linux-gnu/libpcl_surface.so  
[2.704s] -- Found PCL_REGISTRATION: /usr/lib/x86_64-linux-gnu/libpcl_registration.so  
[2.704s] -- Found PCL_KEYPOINTS: /usr/lib/x86_64-linux-gnu/libpcl_keypoints.so  
[2.705s] -- Found PCL_TRACKING: /usr/lib/x86_64-linux-gnu/libpcl_tracking.so  
[2.706s] -- Found PCL_RECOGNITION: /usr/lib/x86_64-linux-gnu/libpcl_recognition.so  
[2.706s] -- Found PCL_STEREO: /usr/lib/x86_64-linux-gnu/libpcl_stereo.so  
[2.707s] -- Found PCL_APPS: /usr/lib/x86_64-linux-gnu/libpcl_apps.so  
[2.708s] -- Found PCL_IN_HAND_SCANNER: /usr/include/pcl-1.12  
[2.708s] -- Found PCL_MODELER: /usr/include/pcl-1.12  
[2.708s] -- Found PCL_POINT_CLOUD_EDITOR: /usr/include/pcl-1.12  
[2.709s] -- Found PCL_OUTOFCORE: /usr/lib/x86_64-linux-gnu/libpcl_outofcore.so  
[2.710s] -- Found PCL_PEOPLE: /usr/lib/x86_64-linux-gnu/libpcl_people.so  
[2.714s] -- Found pcl_ros: 2.4.5 (/opt/ros/humble/share/pcl_ros/cmake)
[2.830s] -- Found ament_lint_auto: 0.12.14 (/opt/ros/humble/share/ament_lint_auto/cmake)
[2.898s] -- Added test 'copyright' to check source files copyright and LICENSE
[2.899s] -- Added test 'cppcheck' to perform static code analysis on C / C++ code
[2.900s] -- Configured cppcheck include dirs: 
[2.900s] -- Configured cppcheck exclude dirs and/or files: 
[2.900s] -- Added test 'cpplint' to check C / C++ code against the Google style
[2.900s] -- Configured cpplint exclude dirs and/or files: 
[2.900s] -- Added test 'flake8' to check Python code syntax and style conventions
[2.901s] -- Added test 'lint_cmake' to check CMake code style
[2.901s] -- Added test 'pep257' to check Python code against some of the docstring style conventions in PEP 257
[2.902s] -- Added test 'uncrustify' to check C / C++ code style
[2.902s] -- Configured uncrustify additional arguments: 
[2.902s] -- Added test 'xmllint' to check XML markup files
[2.903s] -- Configuring done
[2.939s] -- Generating done
[2.949s] -- Build files have been written to: /home/ht/autonomous_exploration_development_environment/build/visualization_tools
[2.977s] Invoked command in '/home/ht/autonomous_exploration_development_environment/build/visualization_tools' returned '0': CMAKE_PREFIX_PATH=/opt/ros/humble /usr/bin/cmake /home/ht/autonomous_exploration_development_environment/src/visualization_tools -DCMAKE_BUILD_TYPE=Release -DAMENT_CMAKE_SYMLINK_INSTALL=1 -DCMAKE_INSTALL_PREFIX=/home/ht/autonomous_exploration_development_environment/install/visualization_tools
[2.979s] Invoking command in '/home/ht/autonomous_exploration_development_environment/build/visualization_tools': CMAKE_PREFIX_PATH=/opt/ros/humble /usr/bin/cmake --build /home/ht/autonomous_exploration_development_environment/build/visualization_tools -- -j16 -l16
[3.029s] [ 50%] [32mBuilding CXX object CMakeFiles/visualizationTools.dir/src/visualizationTools.cpp.o[0m
[3.041s] [ 50%] Built target ament_cmake_python_symlink_visualization_tools
[3.607s] running egg_info
[3.607s] creating visualization_tools.egg-info
[3.608s] writing visualization_tools.egg-info/PKG-INFO
[3.608s] writing dependency_links to visualization_tools.egg-info/dependency_links.txt
[3.608s] writing top-level names to visualization_tools.egg-info/top_level.txt
[3.609s] writing manifest file 'visualization_tools.egg-info/SOURCES.txt'
[3.612s] reading manifest file 'visualization_tools.egg-info/SOURCES.txt'
[3.613s] writing manifest file 'visualization_tools.egg-info/SOURCES.txt'
[3.710s] [ 50%] Built target ament_cmake_python_build_visualization_tools_egg
[31.795s] [100%] [32m[1mLinking CXX executable visualizationTools[0m
[32.868s] [100%] Built target visualizationTools
[32.878s] Invoked command in '/home/ht/autonomous_exploration_development_environment/build/visualization_tools' returned '0': CMAKE_PREFIX_PATH=/opt/ros/humble /usr/bin/cmake --build /home/ht/autonomous_exploration_development_environment/build/visualization_tools -- -j16 -l16
[32.882s] Invoking command in '/home/ht/autonomous_exploration_development_environment/build/visualization_tools': CMAKE_PREFIX_PATH=/opt/ros/humble /usr/bin/cmake --install /home/ht/autonomous_exploration_development_environment/build/visualization_tools
[32.888s] -- Install configuration: "Release"
[32.888s] -- Execute custom install script
[32.889s] -- Symlinking: /home/ht/autonomous_exploration_development_environment/install/visualization_tools/lib/visualization_tools/visualizationTools
[32.901s] -- Symlinking: /home/ht/autonomous_exploration_development_environment/install/visualization_tools/share/visualization_tools/launch/visualization_tools.launch
[32.907s] -- Symlinking: /home/ht/autonomous_exploration_development_environment/install/visualization_tools/share/visualization_tools/environment/pythonpath.sh
[32.917s] -- Symlinking: /home/ht/autonomous_exploration_development_environment/install/visualization_tools/share/visualization_tools/environment/pythonpath.dsv
[32.925s] -- Symlinking: /home/ht/autonomous_exploration_development_environment/install/visualization_tools/local/lib/python3.10/dist-packages/visualization_tools-0.0.1-py3.10.egg-info/PKG-INFO
[32.936s] -- Symlinking: /home/ht/autonomous_exploration_development_environment/install/visualization_tools/local/lib/python3.10/dist-packages/visualization_tools-0.0.1-py3.10.egg-info/SOURCES.txt
[32.945s] -- Symlinking: /home/ht/autonomous_exploration_development_environment/install/visualization_tools/local/lib/python3.10/dist-packages/visualization_tools-0.0.1-py3.10.egg-info/dependency_links.txt
[32.956s] -- Symlinking: /home/ht/autonomous_exploration_development_environment/install/visualization_tools/local/lib/python3.10/dist-packages/visualization_tools-0.0.1-py3.10.egg-info/top_level.txt
[32.963s] -- Symlinking: /home/ht/autonomous_exploration_development_environment/install/visualization_tools/local/lib/python3.10/dist-packages/visualization_tools/__init__.py
[32.974s] -- Symlinking: /home/ht/autonomous_exploration_development_environment/install/visualization_tools/lib/visualization_tools/realTimePlot.py
[32.983s] -- Symlinking: /home/ht/autonomous_exploration_development_environment/install/visualization_tools/share/ament_index/resource_index/package_run_dependencies/visualization_tools
[32.995s] -- Symlinking: /home/ht/autonomous_exploration_development_environment/install/visualization_tools/share/ament_index/resource_index/parent_prefix_path/visualization_tools
[33.008s] -- Symlinking: /home/ht/autonomous_exploration_development_environment/install/visualization_tools/share/visualization_tools/environment/ament_prefix_path.sh
[33.018s] -- Symlinking: /home/ht/autonomous_exploration_development_environment/install/visualization_tools/share/visualization_tools/environment/ament_prefix_path.dsv
[33.024s] -- Symlinking: /home/ht/autonomous_exploration_development_environment/install/visualization_tools/share/visualization_tools/environment/path.sh
[33.035s] -- Symlinking: /home/ht/autonomous_exploration_development_environment/install/visualization_tools/share/visualization_tools/environment/path.dsv
[33.047s] -- Symlinking: /home/ht/autonomous_exploration_development_environment/install/visualization_tools/share/visualization_tools/local_setup.bash
[33.059s] -- Symlinking: /home/ht/autonomous_exploration_development_environment/install/visualization_tools/share/visualization_tools/local_setup.sh
[33.072s] -- Symlinking: /home/ht/autonomous_exploration_development_environment/install/visualization_tools/share/visualization_tools/local_setup.zsh
[33.085s] -- Symlinking: /home/ht/autonomous_exploration_development_environment/install/visualization_tools/share/visualization_tools/local_setup.dsv
[33.094s] -- Symlinking: /home/ht/autonomous_exploration_development_environment/install/visualization_tools/share/visualization_tools/package.dsv
[33.104s] -- Symlinking: /home/ht/autonomous_exploration_development_environment/install/visualization_tools/share/ament_index/resource_index/packages/visualization_tools
[33.116s] -- Symlinking: /home/ht/autonomous_exploration_development_environment/install/visualization_tools/share/visualization_tools/cmake/visualization_toolsConfig.cmake
[33.124s] -- Symlinking: /home/ht/autonomous_exploration_development_environment/install/visualization_tools/share/visualization_tools/cmake/visualization_toolsConfig-version.cmake
[33.134s] -- Symlinking: /home/ht/autonomous_exploration_development_environment/install/visualization_tools/share/visualization_tools/package.xml
[33.170s] Listing '/home/ht/autonomous_exploration_development_environment/install/visualization_tools/local/lib/python3.10/dist-packages/visualization_tools'...
[33.170s] Compiling '/home/ht/autonomous_exploration_development_environment/install/visualization_tools/local/lib/python3.10/dist-packages/visualization_tools/__init__.py'...
[33.177s] Invoked command in '/home/ht/autonomous_exploration_development_environment/build/visualization_tools' returned '0': CMAKE_PREFIX_PATH=/opt/ros/humble /usr/bin/cmake --install /home/ht/autonomous_exploration_development_environment/build/visualization_tools
