[0.009s] Invoking command in '/home/ht/ht_ws/build/bot_navigation2': CMAKE_PREFIX_PATH=/opt/ros/humble /usr/bin/cmake --build /home/ht/ht_ws/build/bot_navigation2 -- -j16 -l16
[0.028s] Invoked command in '/home/ht/ht_ws/build/bot_navigation2' returned '0': CMAKE_PREFIX_PATH=/opt/ros/humble /usr/bin/cmake --build /home/ht/ht_ws/build/bot_navigation2 -- -j16 -l16
[0.037s] Invoking command in '/home/ht/ht_ws/build/bot_navigation2': CMAKE_PREFIX_PATH=/opt/ros/humble /usr/bin/cmake --install /home/ht/ht_ws/build/bot_navigation2
[0.040s] -- Install configuration: ""
[0.040s] -- Up-to-date: /home/ht/ht_ws/install/bot_navigation2/share/bot_navigation2/launch
[0.040s] -- Up-to-date: /home/ht/ht_ws/install/bot_navigation2/share/bot_navigation2/launch/bot.yaml
[0.040s] -- Up-to-date: /home/ht/ht_ws/install/bot_navigation2/share/bot_navigation2/launch/gazebo.launch.py
[0.041s] -- Up-to-date: /home/ht/ht_ws/install/bot_navigation2/share/bot_navigation2/param
[0.041s] -- Up-to-date: /home/ht/ht_ws/install/bot_navigation2/share/bot_navigation2/maps
[0.041s] -- Up-to-date: /home/ht/ht_ws/install/bot_navigation2/share/ament_index/resource_index/package_run_dependencies/bot_navigation2
[0.041s] -- Up-to-date: /home/ht/ht_ws/install/bot_navigation2/share/ament_index/resource_index/parent_prefix_path/bot_navigation2
[0.041s] -- Up-to-date: /home/ht/ht_ws/install/bot_navigation2/share/bot_navigation2/environment/ament_prefix_path.sh
[0.041s] -- Up-to-date: /home/ht/ht_ws/install/bot_navigation2/share/bot_navigation2/environment/ament_prefix_path.dsv
[0.041s] -- Up-to-date: /home/ht/ht_ws/install/bot_navigation2/share/bot_navigation2/environment/path.sh
[0.041s] -- Up-to-date: /home/ht/ht_ws/install/bot_navigation2/share/bot_navigation2/environment/path.dsv
[0.041s] -- Up-to-date: /home/ht/ht_ws/install/bot_navigation2/share/bot_navigation2/local_setup.bash
[0.041s] -- Up-to-date: /home/ht/ht_ws/install/bot_navigation2/share/bot_navigation2/local_setup.sh
[0.041s] -- Up-to-date: /home/ht/ht_ws/install/bot_navigation2/share/bot_navigation2/local_setup.zsh
[0.041s] -- Up-to-date: /home/ht/ht_ws/install/bot_navigation2/share/bot_navigation2/local_setup.dsv
[0.041s] -- Installing: /home/ht/ht_ws/install/bot_navigation2/share/bot_navigation2/package.dsv
[0.042s] -- Up-to-date: /home/ht/ht_ws/install/bot_navigation2/share/ament_index/resource_index/packages/bot_navigation2
[0.042s] -- Up-to-date: /home/ht/ht_ws/install/bot_navigation2/share/bot_navigation2/cmake/bot_navigation2Config.cmake
[0.042s] -- Up-to-date: /home/ht/ht_ws/install/bot_navigation2/share/bot_navigation2/cmake/bot_navigation2Config-version.cmake
[0.043s] -- Up-to-date: /home/ht/ht_ws/install/bot_navigation2/share/bot_navigation2/package.xml
[0.044s] Invoked command in '/home/ht/ht_ws/build/bot_navigation2' returned '0': CMAKE_PREFIX_PATH=/opt/ros/humble /usr/bin/cmake --install /home/ht/ht_ws/build/bot_navigation2
