[35m[1mConsolidate compiler generated dependencies of target vio[0m
[35m[1mConsolidate compiler generated dependencies of target laser_mapping[0m
[ 12%] Built target utils
[ 18%] [32mBuilding CXX object CMakeFiles/pre.dir/src/preprocess.cpp.o[0m
[35m[1mConsolidate compiler generated dependencies of target lio[0m
[ 25%] [32mBuilding CXX object CMakeFiles/imu_proc.dir/src/IMU_Processing.cpp.o[0m
[ 31%] [32mBuilding CXX object CMakeFiles/laser_mapping.dir/src/LIVMapper.cpp.o[0m
[ 37%] [32mBuilding CXX object CMakeFiles/vio.dir/src/vio.cpp.o[0m
[ 43%] [32mBuilding CXX object CMakeFiles/lio.dir/src/voxel_map.cpp.o[0m
In file included from [01m[K/home/bxi_nx/ht_ws/src/FAST-LIVO2/src/voxel_map.cpp:13[m[K:
[01m[K/home/bxi_nx/ht_ws/src/FAST-LIVO2/include/voxel_map.h:196:100:[m[K [01;31m[Kerror: [m[Kredeclaration of ‘[01m[Kstd::unordered_map<VOXEL_LOCATION, std::_List_iterator<std::pair<VOXEL_LOCATION, VoxelOctoTree*> > > VoxelMapManager::voxel_map_[m[K’
  196 | std::unordered_map<VOXEL_LOCATION, std::list<std::pair<VOXEL_LOCATION, VoxelOctoTree*>>::iterator> [01;31m[Kvoxel_map_[m[K;
      |                                                                                                    [01;31m[K^~~~~~~~~~[m[K
[01m[K/home/bxi_nx/ht_ws/src/FAST-LIVO2/include/voxel_map.h:194:55:[m[K [01;36m[Knote: [m[Kprevious declaration ‘[01m[Kstd::unordered_map<VOXEL_LOCATION, VoxelOctoTree*> VoxelMapManager::voxel_map_[m[K’
  194 |   std::unordered_map<VOXEL_LOCATION, VoxelOctoTree *> [01;36m[Kvoxel_map_[m[K;
      |                                                       [01;36m[K^~~~~~~~~~[m[K
In file included from [01m[K/home/bxi_nx/ht_ws/src/FAST-LIVO2/include/vio.h:16[m[K,
                 from [01m[K/home/bxi_nx/ht_ws/src/FAST-LIVO2/src/vio.cpp:13[m[K:
[01m[K/home/bxi_nx/ht_ws/src/FAST-LIVO2/include/voxel_map.h:196:100:[m[K [01;31m[Kerror: [m[Kredeclaration of ‘[01m[Kstd::unordered_map<VOXEL_LOCATION, std::_List_iterator<std::pair<VOXEL_LOCATION, VoxelOctoTree*> > > VoxelMapManager::voxel_map_[m[K’
  196 | std::unordered_map<VOXEL_LOCATION, std::list<std::pair<VOXEL_LOCATION, VoxelOctoTree*>>::iterator> [01;31m[Kvoxel_map_[m[K;
      |                                                                                                    [01;31m[K^~~~~~~~~~[m[K
[01m[K/home/bxi_nx/ht_ws/src/FAST-LIVO2/include/voxel_map.h:194:55:[m[K [01;36m[Knote: [m[Kprevious declaration ‘[01m[Kstd::unordered_map<VOXEL_LOCATION, VoxelOctoTree*> VoxelMapManager::voxel_map_[m[K’
  194 |   std::unordered_map<VOXEL_LOCATION, VoxelOctoTree *> [01;36m[Kvoxel_map_[m[K;
      |                                                       [01;36m[K^~~~~~~~~~[m[K
In file included from [01m[K/home/bxi_nx/ht_ws/src/FAST-LIVO2/include/vio.h:16[m[K,
                 from [01m[K/home/bxi_nx/ht_ws/src/FAST-LIVO2/include/LIVMapper.h:17[m[K,
                 from [01m[K/home/bxi_nx/ht_ws/src/FAST-LIVO2/src/LIVMapper.cpp:13[m[K:
[01m[K/home/bxi_nx/ht_ws/src/FAST-LIVO2/include/voxel_map.h:196:100:[m[K [01;31m[Kerror: [m[Kredeclaration of ‘[01m[Kstd::unordered_map<VOXEL_LOCATION, std::_List_iterator<std::pair<VOXEL_LOCATION, VoxelOctoTree*> > > VoxelMapManager::voxel_map_[m[K’
  196 | std::unordered_map<VOXEL_LOCATION, std::list<std::pair<VOXEL_LOCATION, VoxelOctoTree*>>::iterator> [01;31m[Kvoxel_map_[m[K;
      |                                                                                                    [01;31m[K^~~~~~~~~~[m[K
[01m[K/home/bxi_nx/ht_ws/src/FAST-LIVO2/include/voxel_map.h:194:55:[m[K [01;36m[Knote: [m[Kprevious declaration ‘[01m[Kstd::unordered_map<VOXEL_LOCATION, VoxelOctoTree*> VoxelMapManager::voxel_map_[m[K’
  194 |   std::unordered_map<VOXEL_LOCATION, VoxelOctoTree *> [01;36m[Kvoxel_map_[m[K;
      |                                                       [01;36m[K^~~~~~~~~~[m[K
[01m[K/home/bxi_nx/ht_ws/src/FAST-LIVO2/src/voxel_map.cpp:[m[K In member function ‘[01m[Kvoid VoxelMapManager::UpdateVoxelMap(const std::vector<pointWithVar>&)[m[K’:
[01m[K/home/bxi_nx/ht_ws/src/FAST-LIVO2/src/voxel_map.cpp:681:53:[m[K [01;31m[Kerror: [m[Kconversion from ‘[01m[Kvector<[01;32m[Klong int[m[K,allocator<[01;32m[Klong int[m[K>>[m[K’ to non-scalar type ‘[01m[Kvector<[01;32m[Kint[m[K,allocator<[01;32m[Kint[m[K>>[m[K’ requested
  681 |   std::vector<int> layer_init_num = [01;31m[Kconfig_setting_.layer_init_num_[m[K;
      |                                     [01;31m[K~~~~~~~~~~~~~~~~^~~~~~~~~~~~~~~[m[K
[01m[K/home/bxi_nx/ht_ws/src/FAST-LIVO2/src/voxel_map.cpp:700:30:[m[K [01;31m[Kerror: [m[Kno matching function for call to ‘[01m[Kstd::__cxx11::list<std::pair<VOXEL_LOCATION, VoxelOctoTree*> >::splice(std::__cxx11::list<std::pair<VOXEL_LOCATION, VoxelOctoTree*> >::iterator, std::__cxx11::list<std::pair<VOXEL_LOCATION, VoxelOctoTree*> >&, VoxelOctoTree*&)[m[K’
  700 |       [01;31m[Kvoxel_map_cache_.splice(voxel_map_cache_.begin(), voxel_map_cache_, it->second)[m[K;
      |       [01;31m[K~~~~~~~~~~~~~~~~~~~~~~~^~~~~~~~~~~~~~~~~~~~~~~~~~~~~~~~~~~~~~~~~~~~~~~~~~~~~~~~[m[K
In file included from [01m[K/usr/include/c++/11/list:63[m[K,
                 from [01m[K/usr/include/eigen3/Eigen/src/IterativeLinearSolvers/IncompleteCholesky.h:15[m[K,
                 from [01m[K/usr/include/eigen3/Eigen/IterativeLinearSolvers:44[m[K,
                 from [01m[K/usr/include/eigen3/Eigen/Sparse:31[m[K,
                 from [01m[K/usr/include/eigen3/Eigen/Eigen:2[m[K,
                 from [01m[K/home/bxi_nx/ht_ws/src/FAST-LIVO2/include/utils/types.h:4[m[K,
                 from [01m[K/home/bxi_nx/ht_ws/src/FAST-LIVO2/include/common_lib.h:17[m[K,
                 from [01m[K/home/bxi_nx/ht_ws/src/FAST-LIVO2/include/voxel_map.h:16[m[K,
                 from [01m[K/home/bxi_nx/ht_ws/src/FAST-LIVO2/src/voxel_map.cpp:13[m[K:
[01m[K/usr/include/c++/11/bits/stl_list.h:1519:7:[m[K [01;36m[Knote: [m[Kcandidate: ‘[01m[Kvoid std::__cxx11::list<_Tp, _Alloc>::splice(std::__cxx11::list<_Tp, _Alloc>::const_iterator, std::__cxx11::list<_Tp, _Alloc>&&) [with _Tp = std::pair<VOXEL_LOCATION, VoxelOctoTree*>; _Alloc = std::allocator<std::pair<VOXEL_LOCATION, VoxelOctoTree*> >; std::__cxx11::list<_Tp, _Alloc>::const_iterator = std::__cxx11::list<std::pair<VOXEL_LOCATION, VoxelOctoTree*> >::const_iterator][m[K’
 1519 |       [01;36m[Ksplice[m[K(const_iterator __position, list&& __x) noexcept
      |       [01;36m[K^~~~~~[m[K
[01m[K/usr/include/c++/11/bits/stl_list.h:1519:7:[m[K [01;36m[Knote: [m[K  candidate expects 2 arguments, 3 provided
[01m[K/usr/include/c++/11/bits/stl_list.h:1538:7:[m[K [01;36m[Knote: [m[Kcandidate: ‘[01m[Kvoid std::__cxx11::list<_Tp, _Alloc>::splice(std::__cxx11::list<_Tp, _Alloc>::const_iterator, std::__cxx11::list<_Tp, _Alloc>&) [with _Tp = std::pair<VOXEL_LOCATION, VoxelOctoTree*>; _Alloc = std::allocator<std::pair<VOXEL_LOCATION, VoxelOctoTree*> >; std::__cxx11::list<_Tp, _Alloc>::const_iterator = std::__cxx11::list<std::pair<VOXEL_LOCATION, VoxelOctoTree*> >::const_iterator][m[K’
 1538 |       [01;36m[Ksplice[m[K(const_iterator __position, list& __x) noexcept
      |       [01;36m[K^~~~~~[m[K
[01m[K/usr/include/c++/11/bits/stl_list.h:1538:7:[m[K [01;36m[Knote: [m[K  candidate expects 2 arguments, 3 provided
[01m[K/usr/include/c++/11/bits/stl_list.h:1554:7:[m[K [01;36m[Knote: [m[Kcandidate: ‘[01m[Kvoid std::__cxx11::list<_Tp, _Alloc>::splice(std::__cxx11::list<_Tp, _Alloc>::const_iterator, std::__cxx11::list<_Tp, _Alloc>&&, std::__cxx11::list<_Tp, _Alloc>::const_iterator) [with _Tp = std::pair<VOXEL_LOCATION, VoxelOctoTree*>; _Alloc = std::allocator<std::pair<VOXEL_LOCATION, VoxelOctoTree*> >; std::__cxx11::list<_Tp, _Alloc>::const_iterator = std::__cxx11::list<std::pair<VOXEL_LOCATION, VoxelOctoTree*> >::const_iterator][m[K’
 1554 |       [01;36m[Ksplice[m[K(const_iterator __position, list&& __x, const_iterator __i) noexcept
      |       [01;36m[K^~~~~~[m[K
[01m[K/usr/include/c++/11/bits/stl_list.h:1554:68:[m[K [01;36m[Knote: [m[K  no known conversion for argument 3 from ‘[01m[KVoxelOctoTree*[m[K’ to ‘[01m[Kstd::__cxx11::list<std::pair<VOXEL_LOCATION, VoxelOctoTree*> >::const_iterator[m[K’
 1554 |       splice(const_iterator __position, list&& __x, [01;36m[Kconst_iterator __i[m[K) noexcept
      |                                                     [01;36m[K~~~~~~~~~~~~~~~^~~[m[K
[01m[K/usr/include/c++/11/bits/stl_list.h:1596:7:[m[K [01;36m[Knote: [m[Kcandidate: ‘[01m[Kvoid std::__cxx11::list<_Tp, _Alloc>::splice(std::__cxx11::list<_Tp, _Alloc>::const_iterator, std::__cxx11::list<_Tp, _Alloc>&, std::__cxx11::list<_Tp, _Alloc>::const_iterator) [with _Tp = std::pair<VOXEL_LOCATION, VoxelOctoTree*>; _Alloc = std::allocator<std::pair<VOXEL_LOCATION, VoxelOctoTree*> >; std::__cxx11::list<_Tp, _Alloc>::const_iterator = std::__cxx11::list<std::pair<VOXEL_LOCATION, VoxelOctoTree*> >::const_iterator][m[K’
 1596 |       [01;36m[Ksplice[m[K(const_iterator __position, list& __x, const_iterator __i) noexcept
      |       [01;36m[K^~~~~~[m[K
[01m[K/usr/include/c++/11/bits/stl_list.h:1596:67:[m[K [01;36m[Knote: [m[K  no known conversion for argument 3 from ‘[01m[KVoxelOctoTree*[m[K’ to ‘[01m[Kstd::__cxx11::list<std::pair<VOXEL_LOCATION, VoxelOctoTree*> >::const_iterator[m[K’
 1596 |       splice(const_iterator __position, list& __x, [01;36m[Kconst_iterator __i[m[K) noexcept
      |                                                    [01;36m[K~~~~~~~~~~~~~~~^~~[m[K
[01m[K/usr/include/c++/11/bits/stl_list.h:1615:7:[m[K [01;36m[Knote: [m[Kcandidate: ‘[01m[Kvoid std::__cxx11::list<_Tp, _Alloc>::splice(std::__cxx11::list<_Tp, _Alloc>::const_iterator, std::__cxx11::list<_Tp, _Alloc>&&, std::__cxx11::list<_Tp, _Alloc>::const_iterator, std::__cxx11::list<_Tp, _Alloc>::const_iterator) [with _Tp = std::pair<VOXEL_LOCATION, VoxelOctoTree*>; _Alloc = std::allocator<std::pair<VOXEL_LOCATION, VoxelOctoTree*> >; std::__cxx11::list<_Tp, _Alloc>::const_iterator = std::__cxx11::list<std::pair<VOXEL_LOCATION, VoxelOctoTree*> >::const_iterator][m[K’
 1615 |       [01;36m[Ksplice[m[K(const_iterator __position, list&& __x, const_iterator __first,
      |       [01;36m[K^~~~~~[m[K
[01m[K/usr/include/c++/11/bits/stl_list.h:1615:7:[m[K [01;36m[Knote: [m[K  candidate expects 4 arguments, 3 provided
[01m[K/usr/include/c++/11/bits/stl_list.h:1665:7:[m[K [01;36m[Knote: [m[Kcandidate: ‘[01m[Kvoid std::__cxx11::list<_Tp, _Alloc>::splice(std::__cxx11::list<_Tp, _Alloc>::const_iterator, std::__cxx11::list<_Tp, _Alloc>&, std::__cxx11::list<_Tp, _Alloc>::const_iterator, std::__cxx11::list<_Tp, _Alloc>::const_iterator) [with _Tp = std::pair<VOXEL_LOCATION, VoxelOctoTree*>; _Alloc = std::allocator<std::pair<VOXEL_LOCATION, VoxelOctoTree*> >; std::__cxx11::list<_Tp, _Alloc>::const_iterator = std::__cxx11::list<std::pair<VOXEL_LOCATION, VoxelOctoTree*> >::const_iterator][m[K’
 1665 |       [01;36m[Ksplice[m[K(const_iterator __position, list& __x, const_iterator __first,
      |       [01;36m[K^~~~~~[m[K
[01m[K/usr/include/c++/11/bits/stl_list.h:1665:7:[m[K [01;36m[Knote: [m[K  candidate expects 4 arguments, 3 provided
[01m[K/home/bxi_nx/ht_ws/src/FAST-LIVO2/src/voxel_map.cpp:701:42:[m[K [01;31m[Kerror: [m[K‘[01m[Kclass VoxelOctoTree[m[K’ has no member named ‘[01m[Ksecond[m[K’
  701 |       VoxelOctoTree* voxel = it->second->[01;31m[Ksecond[m[K;
      |                                          [01;31m[K^~~~~~[m[K
[01m[K/home/bxi_nx/ht_ws/src/FAST-LIVO2/src/voxel_map.cpp:719:52:[m[K [01;31m[Kerror: [m[Kcannot convert ‘[01m[Kstd::__cxx11::list<std::pair<VOXEL_LOCATION, VoxelOctoTree*> >::iterator[m[K’ to ‘[01m[Kstd::unordered_map<VOXEL_LOCATION, VoxelOctoTree*>::mapped_type[m[K’ {aka ‘[01m[KVoxelOctoTree*[m[K’} in assignment
  719 |       voxel_map_[position] = [01;31m[Kvoxel_map_cache_.begin()[m[K;
      |                              [01;31m[K~~~~~~~~~~~~~~~~~~~~~~^~[m[K
      |                                                    [01;31m[K|[m[K
      |                                                    [01;31m[Kstd::__cxx11::list<std::pair<VOXEL_LOCATION, VoxelOctoTree*> >::iterator[m[K
[ 50%] [32m[1mLinking CXX static library libpre.a[0m
[ 50%] Built target pre
[ 56%] [32m[1mLinking CXX static library libimu_proc.a[0m
[ 56%] Built target imu_proc
gmake[2]: *** [CMakeFiles/vio.dir/build.make:76: CMakeFiles/vio.dir/src/vio.cpp.o] Error 1
gmake[1]: *** [CMakeFiles/Makefile2:149: CMakeFiles/vio.dir/all] Error 2
gmake[1]: *** Waiting for unfinished jobs....
gmake[2]: *** [CMakeFiles/laser_mapping.dir/build.make:76: CMakeFiles/laser_mapping.dir/src/LIVMapper.cpp.o] Error 1
gmake[1]: *** [CMakeFiles/Makefile2:253: CMakeFiles/laser_mapping.dir/all] Error 2
gmake[2]: *** [CMakeFiles/lio.dir/build.make:76: CMakeFiles/lio.dir/src/voxel_map.cpp.o] Error 1
gmake[1]: *** [CMakeFiles/Makefile2:175: CMakeFiles/lio.dir/all] Error 2
gmake: *** [Makefile:146: all] Error 2
