[0.028s] Invoking command in '/home/ht/autonomous_exploration_development_environment/build/local_planner': CMAKE_PREFIX_PATH=${CMAKE_PREFIX_PATH}:/opt/ros/humble /usr/bin/cmake --build /home/ht/autonomous_exploration_development_environment/build/local_planner -- -j16 -l16
[0.086s] [ 50%] Built target pathFollower
[0.088s] [100%] Built target localPlanner
[0.115s] Invoked command in '/home/ht/autonomous_exploration_development_environment/build/local_planner' returned '0': CMAKE_PREFIX_PATH=${CMAKE_PREFIX_PATH}:/opt/ros/humble /usr/bin/cmake --build /home/ht/autonomous_exploration_development_environment/build/local_planner -- -j16 -l16
[0.117s] Invoking command in '/home/ht/autonomous_exploration_development_environment/build/local_planner': CMAKE_PREFIX_PATH=${CMAKE_PREFIX_PATH}:/opt/ros/humble /usr/bin/cmake --install /home/ht/autonomous_exploration_development_environment/build/local_planner
[0.138s] -- Install configuration: "Release"
[0.138s] -- Execute custom install script
[0.138s] -- Up-to-date symlink: /home/ht/autonomous_exploration_development_environment/install/local_planner/lib/local_planner/localPlanner
[0.138s] -- Up-to-date symlink: /home/ht/autonomous_exploration_development_environment/install/local_planner/lib/local_planner/pathFollower
[0.138s] -- Up-to-date symlink: /home/ht/autonomous_exploration_development_environment/install/local_planner/share/local_planner/launch/local_planner.launch
[0.138s] -- Up-to-date symlink: /home/ht/autonomous_exploration_development_environment/install/local_planner/share/local_planner/paths/correspondences.txt
[0.138s] -- Up-to-date symlink: /home/ht/autonomous_exploration_development_environment/install/local_planner/share/local_planner/paths/pathList.ply
[0.139s] -- Up-to-date symlink: /home/ht/autonomous_exploration_development_environment/install/local_planner/share/local_planner/paths/path_generator.m
[0.139s] -- Up-to-date symlink: /home/ht/autonomous_exploration_development_environment/install/local_planner/share/local_planner/paths/paths.ply
[0.139s] -- Up-to-date symlink: /home/ht/autonomous_exploration_development_environment/install/local_planner/share/local_planner/paths/startPaths.ply
[0.139s] -- Up-to-date symlink: /home/ht/autonomous_exploration_development_environment/install/local_planner/share/ament_index/resource_index/package_run_dependencies/local_planner
[0.139s] -- Up-to-date symlink: /home/ht/autonomous_exploration_development_environment/install/local_planner/share/ament_index/resource_index/parent_prefix_path/local_planner
[0.139s] -- Up-to-date symlink: /home/ht/autonomous_exploration_development_environment/install/local_planner/share/local_planner/environment/ament_prefix_path.sh
[0.139s] -- Up-to-date symlink: /home/ht/autonomous_exploration_development_environment/install/local_planner/share/local_planner/environment/ament_prefix_path.dsv
[0.139s] -- Up-to-date symlink: /home/ht/autonomous_exploration_development_environment/install/local_planner/share/local_planner/environment/path.sh
[0.139s] -- Up-to-date symlink: /home/ht/autonomous_exploration_development_environment/install/local_planner/share/local_planner/environment/path.dsv
[0.139s] -- Up-to-date symlink: /home/ht/autonomous_exploration_development_environment/install/local_planner/share/local_planner/local_setup.bash
[0.139s] -- Up-to-date symlink: /home/ht/autonomous_exploration_development_environment/install/local_planner/share/local_planner/local_setup.sh
[0.139s] -- Up-to-date symlink: /home/ht/autonomous_exploration_development_environment/install/local_planner/share/local_planner/local_setup.zsh
[0.139s] -- Up-to-date symlink: /home/ht/autonomous_exploration_development_environment/install/local_planner/share/local_planner/local_setup.dsv
[0.139s] -- Symlinking: /home/ht/autonomous_exploration_development_environment/install/local_planner/share/local_planner/package.dsv
[0.139s] -- Up-to-date symlink: /home/ht/autonomous_exploration_development_environment/install/local_planner/share/ament_index/resource_index/packages/local_planner
[0.139s] -- Up-to-date symlink: /home/ht/autonomous_exploration_development_environment/install/local_planner/share/local_planner/cmake/local_plannerConfig.cmake
[0.139s] -- Up-to-date symlink: /home/ht/autonomous_exploration_development_environment/install/local_planner/share/local_planner/cmake/local_plannerConfig-version.cmake
[0.139s] -- Up-to-date symlink: /home/ht/autonomous_exploration_development_environment/install/local_planner/share/local_planner/package.xml
[0.171s] Invoked command in '/home/ht/autonomous_exploration_development_environment/build/local_planner' returned '0': CMAKE_PREFIX_PATH=${CMAKE_PREFIX_PATH}:/opt/ros/humble /usr/bin/cmake --install /home/ht/autonomous_exploration_development_environment/build/local_planner
