[0.022s] Invoking command in '/home/bxi_nx/ht_ws/build/fast_livo': AMENT_PREFIX_PATH=/home/bxi_nx/ht_ws/install/vikit_ros:${AMENT_PREFIX_PATH} CMAKE_PREFIX_PATH=/home/bxi_nx/ht_ws/install/vikit_ros:/opt/ros/humble:/home/bxi_nx/ht_ws/install/vikit_common:${CMAKE_PREFIX_PATH} LD_LIBRARY_PATH=/home/bxi_nx/ht_ws/install/vikit_ros/lib:/home/bxi_nx/ht_ws/install/vikit_common/lib:/home/bxi_nx/gtsam/build/gtsam/libgtsam.so.4:/usr/local/cuda-12.6/lib64:/home/bxi_nx/ws_livox/install/livox_ros_driver2/lib:/home/bxi_nx/ws_livox/install/interface/lib:/home/bxi_nx/ws_livox/install/communication/lib:/home/bxi_nx/gtsam/build/gtsam/libgtsam.so.4:/opt/ros/humble/opt/rviz_ogre_vendor/lib:/opt/ros/humble/lib/aarch64-linux-gnu:/opt/ros/humble/lib:/usr/local/cuda-12.6/lib64 PKG_CONFIG_PATH=/home/bxi_nx/ht_ws/install/vikit_common/lib/aarch64-linux-gnu/pkgconfig:/home/bxi_nx/ht_ws/install/vikit_common/lib/pkgconfig ROS_PACKAGE_PATH=/home/bxi_nx/ht_ws/install/vikit_common/share /usr/bin/cmake --build /home/bxi_nx/ht_ws/build/fast_livo -- -j8 -l8
[0.126s] [35m[1mConsolidate compiler generated dependencies of target imu_proc[0m
[0.126s] [35m[1mConsolidate compiler generated dependencies of target pre[0m
[0.136s] [ 12%] Built target utils
[0.167s] [ 25%] Built target laser_mapping
[0.190s] [ 31%] [32mBuilding CXX object CMakeFiles/imu_proc.dir/src/IMU_Processing.cpp.o[0m
[0.193s] [ 56%] Built target vio
[0.203s] [ 68%] Built target lio
[0.209s] [ 75%] [32mBuilding CXX object CMakeFiles/pre.dir/src/preprocess.cpp.o[0m
[13.499s] [01m[K/home/bxi_nx/ht_ws/src/FAST-LIVO2/src/preprocess.cpp:[m[K In member function ‘[01m[Kvoid Preprocess::avia_handler(const SharedPtr&, pcl::PointCloud<pcl::PointXYZINormal>::Ptr&)[m[K’:
[13.499s] [01m[K/home/bxi_nx/ht_ws/src/FAST-LIVO2/src/preprocess.cpp:199:4:[m[K [01;31m[Kerror: [m[K‘[01m[Kcloud_out_[m[K’ was not declared in this scope
[13.499s]   199 |    [01;31m[Kcloud_out_[m[K.clear();
[13.499s]       |    [01;31m[K^~~~~~~~~~[m[K
[13.544s] [01m[K/home/bxi_nx/ht_ws/src/FAST-LIVO2/src/preprocess.cpp:205:36:[m[K [01;31m[Kerror: [m[K‘[01m[Knum_scans_[m[K’ was not declared in this scope
[13.545s]   205 |         if ((msg->points[i].line < [01;31m[Knum_scans_[m[K) &&
[13.545s]       |                                    [01;31m[K^~~~~~~~~~[m[K
[13.589s] [01m[K/home/bxi_nx/ht_ws/src/FAST-LIVO2/src/preprocess.cpp:209:29:[m[K [01;31m[Kerror: [m[K‘[01m[Kblind_near_sqr[m[K’ was not declared in this scope; did you mean ‘[01m[Kblind_sqr[m[K’?
[13.590s]   209 |                 if ((dist > [01;31m[Kblind_near_sqr[m[K) && (dist < blind_sqr)) {
[13.590s]       |                             [01;31m[K^~~~~~~~~~~~~~[m[K
[13.590s]       |                             [32m[Kblind_sqr[m[K
[18.945s] gmake[2]: *** [CMakeFiles/pre.dir/build.make:76: CMakeFiles/pre.dir/src/preprocess.cpp.o] Error 1
[18.945s] gmake[1]: *** [CMakeFiles/Makefile2:201: CMakeFiles/pre.dir/all] Error 2
[18.945s] gmake[1]: *** Waiting for unfinished jobs....
[27.344s] [ 81%] [32m[1mLinking CXX static library libimu_proc.a[0m
[27.424s] [ 81%] Built target imu_proc
[27.427s] gmake: *** [Makefile:146: all] Error 2
[27.433s] Invoked command in '/home/bxi_nx/ht_ws/build/fast_livo' returned '2': AMENT_PREFIX_PATH=/home/bxi_nx/ht_ws/install/vikit_ros:${AMENT_PREFIX_PATH} CMAKE_PREFIX_PATH=/home/bxi_nx/ht_ws/install/vikit_ros:/opt/ros/humble:/home/bxi_nx/ht_ws/install/vikit_common:${CMAKE_PREFIX_PATH} LD_LIBRARY_PATH=/home/bxi_nx/ht_ws/install/vikit_ros/lib:/home/bxi_nx/ht_ws/install/vikit_common/lib:/home/bxi_nx/gtsam/build/gtsam/libgtsam.so.4:/usr/local/cuda-12.6/lib64:/home/bxi_nx/ws_livox/install/livox_ros_driver2/lib:/home/bxi_nx/ws_livox/install/interface/lib:/home/bxi_nx/ws_livox/install/communication/lib:/home/bxi_nx/gtsam/build/gtsam/libgtsam.so.4:/opt/ros/humble/opt/rviz_ogre_vendor/lib:/opt/ros/humble/lib/aarch64-linux-gnu:/opt/ros/humble/lib:/usr/local/cuda-12.6/lib64 PKG_CONFIG_PATH=/home/bxi_nx/ht_ws/install/vikit_common/lib/aarch64-linux-gnu/pkgconfig:/home/bxi_nx/ht_ws/install/vikit_common/lib/pkgconfig ROS_PACKAGE_PATH=/home/bxi_nx/ht_ws/install/vikit_common/share /usr/bin/cmake --build /home/bxi_nx/ht_ws/build/fast_livo -- -j8 -l8
