[0.129s] Invoking command in '/home/bxi_nx/ht_ws/build/realsense2_camera_msgs': CMAKE_PREFIX_PATH=/home/bxi_nx/ht_ws/install/vikit_ros:/home/bxi_nx/ht_ws/install/my_nav2_bringup:/opt/ros/humble:/home/bxi_nx/ht_ws/install/vikit_common:/home/bxi_nx/ht_ws/install/realsense2_description:/home/bxi_nx/ht_ws/install/realsense2_camera:/home/bxi_nx/ht_ws/install/realsense2_camera_msgs:/home/bxi_nx/ht_ws/install/octomap_server2:/home/bxi_nx/ht_ws/install/ht_package:/home/bxi_nx/ht_ws/install/fishbot_navigation2:/home/bxi_nx/ht_ws/install/fast_livo:/home/bxi_nx/ws_livox/install/localizer:/home/bxi_nx/ws_livox/install/fastlio2:/home/bxi_nx/ws_livox/install/livox_ros_driver2:/home/bxi_nx/ws_livox/install/interface:/home/bxi_nx/ws_livox/install/communication /usr/bin/cmake --build /home/bxi_nx/ht_ws/build/realsense2_camera_msgs -- -j8 -l8
[1.015s] [  1%] Built target realsense2_camera_msgs__cpp
[1.016s] [ 12%] Built target realsense2_camera_msgs__rosidl_generator_c
[1.018s] [ 12%] Built target ament_cmake_python_symlink_realsense2_camera_msgs
[1.019s] [ 23%] Built target realsense2_camera_msgs__rosidl_typesupport_introspection_cpp
[1.021s] [ 34%] Built target realsense2_camera_msgs__rosidl_typesupport_fastrtps_cpp
[1.024s] [ 45%] Built target realsense2_camera_msgs__rosidl_typesupport_fastrtps_c
[1.037s] [ 56%] Built target realsense2_camera_msgs__rosidl_typesupport_introspection_c
[1.042s] [ 67%] Built target realsense2_camera_msgs__rosidl_typesupport_c
[1.042s] [ 78%] Built target realsense2_camera_msgs__rosidl_typesupport_cpp
[1.042s] [ 78%] Built target realsense2_camera_msgs
[1.042s] [ 80%] Built target realsense2_camera_msgs__py
[1.046s] [ 89%] Built target realsense2_camera_msgs__rosidl_generator_py
[1.199s] [ 92%] Built target realsense2_camera_msgs__rosidl_typesupport_introspection_c__pyext
[1.229s] [ 96%] Built target realsense2_camera_msgs__rosidl_typesupport_fastrtps_c__pyext
[1.244s] [100%] Built target realsense2_camera_msgs__rosidl_typesupport_c__pyext
[1.430s] running egg_info
[1.430s] writing realsense2_camera_msgs.egg-info/PKG-INFO
[1.431s] writing dependency_links to realsense2_camera_msgs.egg-info/dependency_links.txt
[1.431s] writing top-level names to realsense2_camera_msgs.egg-info/top_level.txt
[1.441s] reading manifest file 'realsense2_camera_msgs.egg-info/SOURCES.txt'
[1.443s] writing manifest file 'realsense2_camera_msgs.egg-info/SOURCES.txt'
[1.636s] [100%] Built target ament_cmake_python_build_realsense2_camera_msgs_egg
[1.694s] Invoked command in '/home/bxi_nx/ht_ws/build/realsense2_camera_msgs' returned '0': CMAKE_PREFIX_PATH=/home/bxi_nx/ht_ws/install/vikit_ros:/home/bxi_nx/ht_ws/install/my_nav2_bringup:/opt/ros/humble:/home/bxi_nx/ht_ws/install/vikit_common:/home/bxi_nx/ht_ws/install/realsense2_description:/home/bxi_nx/ht_ws/install/realsense2_camera:/home/bxi_nx/ht_ws/install/realsense2_camera_msgs:/home/bxi_nx/ht_ws/install/octomap_server2:/home/bxi_nx/ht_ws/install/ht_package:/home/bxi_nx/ht_ws/install/fishbot_navigation2:/home/bxi_nx/ht_ws/install/fast_livo:/home/bxi_nx/ws_livox/install/localizer:/home/bxi_nx/ws_livox/install/fastlio2:/home/bxi_nx/ws_livox/install/livox_ros_driver2:/home/bxi_nx/ws_livox/install/interface:/home/bxi_nx/ws_livox/install/communication /usr/bin/cmake --build /home/bxi_nx/ht_ws/build/realsense2_camera_msgs -- -j8 -l8
[1.700s] Invoking command in '/home/bxi_nx/ht_ws/build/realsense2_camera_msgs': CMAKE_PREFIX_PATH=/home/bxi_nx/ht_ws/install/vikit_ros:/home/bxi_nx/ht_ws/install/my_nav2_bringup:/opt/ros/humble:/home/bxi_nx/ht_ws/install/vikit_common:/home/bxi_nx/ht_ws/install/realsense2_description:/home/bxi_nx/ht_ws/install/realsense2_camera:/home/bxi_nx/ht_ws/install/realsense2_camera_msgs:/home/bxi_nx/ht_ws/install/octomap_server2:/home/bxi_nx/ht_ws/install/ht_package:/home/bxi_nx/ht_ws/install/fishbot_navigation2:/home/bxi_nx/ht_ws/install/fast_livo:/home/bxi_nx/ws_livox/install/localizer:/home/bxi_nx/ws_livox/install/fastlio2:/home/bxi_nx/ws_livox/install/livox_ros_driver2:/home/bxi_nx/ws_livox/install/interface:/home/bxi_nx/ws_livox/install/communication /usr/bin/cmake --install /home/bxi_nx/ht_ws/build/realsense2_camera_msgs
[1.724s] -- Install configuration: ""
[1.726s] -- Execute custom install script
[1.728s] -- Up-to-date symlink: /home/bxi_nx/ht_ws/install/realsense2_camera_msgs/share/ament_index/resource_index/rosidl_interfaces/realsense2_camera_msgs
[1.729s] -- Up-to-date symlink: /home/bxi_nx/ht_ws/install/realsense2_camera_msgs/include/realsense2_camera_msgs/realsense2_camera_msgs/msg/detail/extrinsics__functions.h
[1.730s] -- Up-to-date symlink: /home/bxi_nx/ht_ws/install/realsense2_camera_msgs/include/realsense2_camera_msgs/realsense2_camera_msgs/msg/detail/extrinsics__struct.h
[1.731s] -- Up-to-date symlink: /home/bxi_nx/ht_ws/install/realsense2_camera_msgs/include/realsense2_camera_msgs/realsense2_camera_msgs/msg/detail/extrinsics__type_support.h
[1.733s] -- Up-to-date symlink: /home/bxi_nx/ht_ws/install/realsense2_camera_msgs/include/realsense2_camera_msgs/realsense2_camera_msgs/msg/detail/imu_info__functions.h
[1.735s] -- Up-to-date symlink: /home/bxi_nx/ht_ws/install/realsense2_camera_msgs/include/realsense2_camera_msgs/realsense2_camera_msgs/msg/detail/imu_info__struct.h
[1.735s] -- Up-to-date symlink: /home/bxi_nx/ht_ws/install/realsense2_camera_msgs/include/realsense2_camera_msgs/realsense2_camera_msgs/msg/detail/imu_info__type_support.h
[1.736s] -- Up-to-date symlink: /home/bxi_nx/ht_ws/install/realsense2_camera_msgs/include/realsense2_camera_msgs/realsense2_camera_msgs/msg/detail/metadata__functions.h
[1.737s] -- Up-to-date symlink: /home/bxi_nx/ht_ws/install/realsense2_camera_msgs/include/realsense2_camera_msgs/realsense2_camera_msgs/msg/detail/metadata__struct.h
[1.738s] -- Up-to-date symlink: /home/bxi_nx/ht_ws/install/realsense2_camera_msgs/include/realsense2_camera_msgs/realsense2_camera_msgs/msg/detail/metadata__type_support.h
[1.739s] -- Up-to-date symlink: /home/bxi_nx/ht_ws/install/realsense2_camera_msgs/include/realsense2_camera_msgs/realsense2_camera_msgs/msg/extrinsics.h
[1.740s] -- Up-to-date symlink: /home/bxi_nx/ht_ws/install/realsense2_camera_msgs/include/realsense2_camera_msgs/realsense2_camera_msgs/msg/imu_info.h
[1.741s] -- Up-to-date symlink: /home/bxi_nx/ht_ws/install/realsense2_camera_msgs/include/realsense2_camera_msgs/realsense2_camera_msgs/msg/metadata.h
[1.742s] -- Up-to-date symlink: /home/bxi_nx/ht_ws/install/realsense2_camera_msgs/include/realsense2_camera_msgs/realsense2_camera_msgs/msg/rosidl_generator_c__visibility_control.h
[1.743s] -- Up-to-date symlink: /home/bxi_nx/ht_ws/install/realsense2_camera_msgs/include/realsense2_camera_msgs/realsense2_camera_msgs/srv/detail/device_info__functions.h
[1.744s] -- Up-to-date symlink: /home/bxi_nx/ht_ws/install/realsense2_camera_msgs/include/realsense2_camera_msgs/realsense2_camera_msgs/srv/detail/device_info__struct.h
[1.744s] -- Up-to-date symlink: /home/bxi_nx/ht_ws/install/realsense2_camera_msgs/include/realsense2_camera_msgs/realsense2_camera_msgs/srv/detail/device_info__type_support.h
[1.750s] -- Up-to-date symlink: /home/bxi_nx/ht_ws/install/realsense2_camera_msgs/include/realsense2_camera_msgs/realsense2_camera_msgs/srv/device_info.h
[1.754s] -- Up-to-date symlink: /home/bxi_nx/ht_ws/install/realsense2_camera_msgs/share/realsense2_camera_msgs/environment/library_path.sh
[1.755s] -- Up-to-date symlink: /home/bxi_nx/ht_ws/install/realsense2_camera_msgs/share/realsense2_camera_msgs/environment/library_path.dsv
[1.755s] -- Up-to-date symlink: /home/bxi_nx/ht_ws/install/realsense2_camera_msgs/include/realsense2_camera_msgs/realsense2_camera_msgs/msg/detail/extrinsics__rosidl_typesupport_fastrtps_c.h
[1.755s] -- Up-to-date symlink: /home/bxi_nx/ht_ws/install/realsense2_camera_msgs/include/realsense2_camera_msgs/realsense2_camera_msgs/msg/detail/imu_info__rosidl_typesupport_fastrtps_c.h
[1.755s] -- Up-to-date symlink: /home/bxi_nx/ht_ws/install/realsense2_camera_msgs/include/realsense2_camera_msgs/realsense2_camera_msgs/msg/detail/metadata__rosidl_typesupport_fastrtps_c.h
[1.756s] -- Up-to-date symlink: /home/bxi_nx/ht_ws/install/realsense2_camera_msgs/include/realsense2_camera_msgs/realsense2_camera_msgs/msg/rosidl_typesupport_fastrtps_c__visibility_control.h
[1.756s] -- Up-to-date symlink: /home/bxi_nx/ht_ws/install/realsense2_camera_msgs/include/realsense2_camera_msgs/realsense2_camera_msgs/srv/detail/device_info__rosidl_typesupport_fastrtps_c.h
[1.756s] -- Up-to-date symlink: /home/bxi_nx/ht_ws/install/realsense2_camera_msgs/include/realsense2_camera_msgs/realsense2_camera_msgs/msg/detail/extrinsics__rosidl_typesupport_introspection_c.h
[1.756s] -- Up-to-date symlink: /home/bxi_nx/ht_ws/install/realsense2_camera_msgs/include/realsense2_camera_msgs/realsense2_camera_msgs/msg/detail/imu_info__rosidl_typesupport_introspection_c.h
[1.756s] -- Up-to-date symlink: /home/bxi_nx/ht_ws/install/realsense2_camera_msgs/include/realsense2_camera_msgs/realsense2_camera_msgs/msg/detail/metadata__rosidl_typesupport_introspection_c.h
[1.756s] -- Up-to-date symlink: /home/bxi_nx/ht_ws/install/realsense2_camera_msgs/include/realsense2_camera_msgs/realsense2_camera_msgs/msg/rosidl_typesupport_introspection_c__visibility_control.h
[1.756s] -- Up-to-date symlink: /home/bxi_nx/ht_ws/install/realsense2_camera_msgs/include/realsense2_camera_msgs/realsense2_camera_msgs/srv/detail/device_info__rosidl_typesupport_introspection_c.h
[1.758s] -- Up-to-date symlink: /home/bxi_nx/ht_ws/install/realsense2_camera_msgs/include/realsense2_camera_msgs/realsense2_camera_msgs/msg/detail/extrinsics__builder.hpp
[1.758s] -- Up-to-date symlink: /home/bxi_nx/ht_ws/install/realsense2_camera_msgs/include/realsense2_camera_msgs/realsense2_camera_msgs/msg/detail/extrinsics__struct.hpp
[1.758s] -- Up-to-date symlink: /home/bxi_nx/ht_ws/install/realsense2_camera_msgs/include/realsense2_camera_msgs/realsense2_camera_msgs/msg/detail/extrinsics__traits.hpp
[1.758s] -- Up-to-date symlink: /home/bxi_nx/ht_ws/install/realsense2_camera_msgs/include/realsense2_camera_msgs/realsense2_camera_msgs/msg/detail/extrinsics__type_support.hpp
[1.759s] -- Up-to-date symlink: /home/bxi_nx/ht_ws/install/realsense2_camera_msgs/include/realsense2_camera_msgs/realsense2_camera_msgs/msg/detail/imu_info__builder.hpp
[1.759s] -- Up-to-date symlink: /home/bxi_nx/ht_ws/install/realsense2_camera_msgs/include/realsense2_camera_msgs/realsense2_camera_msgs/msg/detail/imu_info__struct.hpp
[1.759s] -- Up-to-date symlink: /home/bxi_nx/ht_ws/install/realsense2_camera_msgs/include/realsense2_camera_msgs/realsense2_camera_msgs/msg/detail/imu_info__traits.hpp
[1.759s] -- Up-to-date symlink: /home/bxi_nx/ht_ws/install/realsense2_camera_msgs/include/realsense2_camera_msgs/realsense2_camera_msgs/msg/detail/imu_info__type_support.hpp
[1.759s] -- Up-to-date symlink: /home/bxi_nx/ht_ws/install/realsense2_camera_msgs/include/realsense2_camera_msgs/realsense2_camera_msgs/msg/detail/metadata__builder.hpp
[1.759s] -- Up-to-date symlink: /home/bxi_nx/ht_ws/install/realsense2_camera_msgs/include/realsense2_camera_msgs/realsense2_camera_msgs/msg/detail/metadata__struct.hpp
[1.759s] -- Up-to-date symlink: /home/bxi_nx/ht_ws/install/realsense2_camera_msgs/include/realsense2_camera_msgs/realsense2_camera_msgs/msg/detail/metadata__traits.hpp
[1.759s] -- Up-to-date symlink: /home/bxi_nx/ht_ws/install/realsense2_camera_msgs/include/realsense2_camera_msgs/realsense2_camera_msgs/msg/detail/metadata__type_support.hpp
[1.759s] -- Up-to-date symlink: /home/bxi_nx/ht_ws/install/realsense2_camera_msgs/include/realsense2_camera_msgs/realsense2_camera_msgs/msg/extrinsics.hpp
[1.760s] -- Up-to-date symlink: /home/bxi_nx/ht_ws/install/realsense2_camera_msgs/include/realsense2_camera_msgs/realsense2_camera_msgs/msg/imu_info.hpp
[1.760s] -- Up-to-date symlink: /home/bxi_nx/ht_ws/install/realsense2_camera_msgs/include/realsense2_camera_msgs/realsense2_camera_msgs/msg/metadata.hpp
[1.760s] -- Up-to-date symlink: /home/bxi_nx/ht_ws/install/realsense2_camera_msgs/include/realsense2_camera_msgs/realsense2_camera_msgs/msg/rosidl_generator_cpp__visibility_control.hpp
[1.760s] -- Up-to-date symlink: /home/bxi_nx/ht_ws/install/realsense2_camera_msgs/include/realsense2_camera_msgs/realsense2_camera_msgs/srv/detail/device_info__builder.hpp
[1.760s] -- Up-to-date symlink: /home/bxi_nx/ht_ws/install/realsense2_camera_msgs/include/realsense2_camera_msgs/realsense2_camera_msgs/srv/detail/device_info__struct.hpp
[1.760s] -- Up-to-date symlink: /home/bxi_nx/ht_ws/install/realsense2_camera_msgs/include/realsense2_camera_msgs/realsense2_camera_msgs/srv/detail/device_info__traits.hpp
[1.761s] -- Up-to-date symlink: /home/bxi_nx/ht_ws/install/realsense2_camera_msgs/include/realsense2_camera_msgs/realsense2_camera_msgs/srv/detail/device_info__type_support.hpp
[1.761s] -- Up-to-date symlink: /home/bxi_nx/ht_ws/install/realsense2_camera_msgs/include/realsense2_camera_msgs/realsense2_camera_msgs/srv/device_info.hpp
[1.761s] -- Up-to-date symlink: /home/bxi_nx/ht_ws/install/realsense2_camera_msgs/include/realsense2_camera_msgs/realsense2_camera_msgs/msg/detail/extrinsics__rosidl_typesupport_fastrtps_cpp.hpp
[1.761s] -- Up-to-date symlink: /home/bxi_nx/ht_ws/install/realsense2_camera_msgs/include/realsense2_camera_msgs/realsense2_camera_msgs/msg/detail/imu_info__rosidl_typesupport_fastrtps_cpp.hpp
[1.761s] -- Up-to-date symlink: /home/bxi_nx/ht_ws/install/realsense2_camera_msgs/include/realsense2_camera_msgs/realsense2_camera_msgs/msg/detail/metadata__rosidl_typesupport_fastrtps_cpp.hpp
[1.761s] -- Up-to-date symlink: /home/bxi_nx/ht_ws/install/realsense2_camera_msgs/include/realsense2_camera_msgs/realsense2_camera_msgs/msg/rosidl_typesupport_fastrtps_cpp__visibility_control.h
[1.761s] -- Up-to-date symlink: /home/bxi_nx/ht_ws/install/realsense2_camera_msgs/include/realsense2_camera_msgs/realsense2_camera_msgs/srv/detail/device_info__rosidl_typesupport_fastrtps_cpp.hpp
[1.762s] -- Up-to-date symlink: /home/bxi_nx/ht_ws/install/realsense2_camera_msgs/include/realsense2_camera_msgs/realsense2_camera_msgs/msg/detail/extrinsics__rosidl_typesupport_introspection_cpp.hpp
[1.762s] -- Up-to-date symlink: /home/bxi_nx/ht_ws/install/realsense2_camera_msgs/include/realsense2_camera_msgs/realsense2_camera_msgs/msg/detail/imu_info__rosidl_typesupport_introspection_cpp.hpp
[1.762s] -- Up-to-date symlink: /home/bxi_nx/ht_ws/install/realsense2_camera_msgs/include/realsense2_camera_msgs/realsense2_camera_msgs/msg/detail/metadata__rosidl_typesupport_introspection_cpp.hpp
[1.762s] -- Up-to-date symlink: /home/bxi_nx/ht_ws/install/realsense2_camera_msgs/include/realsense2_camera_msgs/realsense2_camera_msgs/srv/detail/device_info__rosidl_typesupport_introspection_cpp.hpp
[1.763s] -- Up-to-date symlink: /home/bxi_nx/ht_ws/install/realsense2_camera_msgs/share/realsense2_camera_msgs/environment/pythonpath.sh
[1.764s] -- Up-to-date symlink: /home/bxi_nx/ht_ws/install/realsense2_camera_msgs/share/realsense2_camera_msgs/environment/pythonpath.dsv
[1.764s] -- Up-to-date symlink: /home/bxi_nx/ht_ws/install/realsense2_camera_msgs/local/lib/python3.10/dist-packages/realsense2_camera_msgs-4.51.1-py3.10.egg-info/PKG-INFO
[1.765s] -- Up-to-date symlink: /home/bxi_nx/ht_ws/install/realsense2_camera_msgs/local/lib/python3.10/dist-packages/realsense2_camera_msgs-4.51.1-py3.10.egg-info/SOURCES.txt
[1.765s] -- Up-to-date symlink: /home/bxi_nx/ht_ws/install/realsense2_camera_msgs/local/lib/python3.10/dist-packages/realsense2_camera_msgs-4.51.1-py3.10.egg-info/dependency_links.txt
[1.765s] -- Up-to-date symlink: /home/bxi_nx/ht_ws/install/realsense2_camera_msgs/local/lib/python3.10/dist-packages/realsense2_camera_msgs-4.51.1-py3.10.egg-info/top_level.txt
[1.767s] -- Up-to-date symlink: /home/bxi_nx/ht_ws/install/realsense2_camera_msgs/local/lib/python3.10/dist-packages/realsense2_camera_msgs/__init__.py
[1.767s] -- Up-to-date symlink: /home/bxi_nx/ht_ws/install/realsense2_camera_msgs/local/lib/python3.10/dist-packages/realsense2_camera_msgs/_realsense2_camera_msgs_s.ep.rosidl_typesupport_c.c
[1.767s] -- Up-to-date symlink: /home/bxi_nx/ht_ws/install/realsense2_camera_msgs/local/lib/python3.10/dist-packages/realsense2_camera_msgs/_realsense2_camera_msgs_s.ep.rosidl_typesupport_fastrtps_c.c
[1.767s] -- Up-to-date symlink: /home/bxi_nx/ht_ws/install/realsense2_camera_msgs/local/lib/python3.10/dist-packages/realsense2_camera_msgs/_realsense2_camera_msgs_s.ep.rosidl_typesupport_introspection_c.c
[1.769s] -- Up-to-date symlink: /home/bxi_nx/ht_ws/install/realsense2_camera_msgs/local/lib/python3.10/dist-packages/realsense2_camera_msgs/librealsense2_camera_msgs__rosidl_generator_py.so
[1.769s] -- Up-to-date symlink: /home/bxi_nx/ht_ws/install/realsense2_camera_msgs/local/lib/python3.10/dist-packages/realsense2_camera_msgs/msg/__init__.py
[1.770s] -- Up-to-date symlink: /home/bxi_nx/ht_ws/install/realsense2_camera_msgs/local/lib/python3.10/dist-packages/realsense2_camera_msgs/msg/_extrinsics.py
[1.770s] -- Up-to-date symlink: /home/bxi_nx/ht_ws/install/realsense2_camera_msgs/local/lib/python3.10/dist-packages/realsense2_camera_msgs/msg/_extrinsics_s.c
[1.770s] -- Up-to-date symlink: /home/bxi_nx/ht_ws/install/realsense2_camera_msgs/local/lib/python3.10/dist-packages/realsense2_camera_msgs/msg/_imu_info.py
[1.770s] -- Up-to-date symlink: /home/bxi_nx/ht_ws/install/realsense2_camera_msgs/local/lib/python3.10/dist-packages/realsense2_camera_msgs/msg/_imu_info_s.c
[1.770s] -- Up-to-date symlink: /home/bxi_nx/ht_ws/install/realsense2_camera_msgs/local/lib/python3.10/dist-packages/realsense2_camera_msgs/msg/_metadata.py
[1.771s] -- Up-to-date symlink: /home/bxi_nx/ht_ws/install/realsense2_camera_msgs/local/lib/python3.10/dist-packages/realsense2_camera_msgs/msg/_metadata_s.c
[1.771s] -- Up-to-date symlink: /home/bxi_nx/ht_ws/install/realsense2_camera_msgs/local/lib/python3.10/dist-packages/realsense2_camera_msgs/realsense2_camera_msgs_s__rosidl_typesupport_c.cpython-310-aarch64-linux-gnu.so
[1.771s] -- Up-to-date symlink: /home/bxi_nx/ht_ws/install/realsense2_camera_msgs/local/lib/python3.10/dist-packages/realsense2_camera_msgs/realsense2_camera_msgs_s__rosidl_typesupport_fastrtps_c.cpython-310-aarch64-linux-gnu.so
[1.771s] -- Up-to-date symlink: /home/bxi_nx/ht_ws/install/realsense2_camera_msgs/local/lib/python3.10/dist-packages/realsense2_camera_msgs/realsense2_camera_msgs_s__rosidl_typesupport_introspection_c.cpython-310-aarch64-linux-gnu.so
[1.773s] -- Up-to-date symlink: /home/bxi_nx/ht_ws/install/realsense2_camera_msgs/local/lib/python3.10/dist-packages/realsense2_camera_msgs/srv/__init__.py
[1.773s] -- Up-to-date symlink: /home/bxi_nx/ht_ws/install/realsense2_camera_msgs/local/lib/python3.10/dist-packages/realsense2_camera_msgs/srv/_device_info.py
[1.773s] -- Up-to-date symlink: /home/bxi_nx/ht_ws/install/realsense2_camera_msgs/local/lib/python3.10/dist-packages/realsense2_camera_msgs/srv/_device_info_s.c
[1.773s] -- Up-to-date symlink: /home/bxi_nx/ht_ws/install/realsense2_camera_msgs/local/lib/python3.10/dist-packages/realsense2_camera_msgs/realsense2_camera_msgs_s__rosidl_typesupport_fastrtps_c.cpython-310-aarch64-linux-gnu.so
[1.773s] -- Up-to-date symlink: /home/bxi_nx/ht_ws/install/realsense2_camera_msgs/local/lib/python3.10/dist-packages/realsense2_camera_msgs/realsense2_camera_msgs_s__rosidl_typesupport_introspection_c.cpython-310-aarch64-linux-gnu.so
[1.774s] -- Up-to-date symlink: /home/bxi_nx/ht_ws/install/realsense2_camera_msgs/local/lib/python3.10/dist-packages/realsense2_camera_msgs/realsense2_camera_msgs_s__rosidl_typesupport_c.cpython-310-aarch64-linux-gnu.so
[1.776s] -- Up-to-date symlink: /home/bxi_nx/ht_ws/install/realsense2_camera_msgs/share/realsense2_camera_msgs/msg/IMUInfo.idl
[1.784s] -- Up-to-date symlink: /home/bxi_nx/ht_ws/install/realsense2_camera_msgs/share/realsense2_camera_msgs/msg/Extrinsics.idl
[1.785s] -- Up-to-date symlink: /home/bxi_nx/ht_ws/install/realsense2_camera_msgs/share/realsense2_camera_msgs/msg/Metadata.idl
[1.785s] -- Up-to-date symlink: /home/bxi_nx/ht_ws/install/realsense2_camera_msgs/share/realsense2_camera_msgs/srv/DeviceInfo.idl
[1.785s] -- Up-to-date symlink: /home/bxi_nx/ht_ws/install/realsense2_camera_msgs/share/realsense2_camera_msgs/msg/IMUInfo.msg
[1.785s] -- Up-to-date symlink: /home/bxi_nx/ht_ws/install/realsense2_camera_msgs/share/realsense2_camera_msgs/msg/Extrinsics.msg
[1.786s] -- Up-to-date symlink: /home/bxi_nx/ht_ws/install/realsense2_camera_msgs/share/realsense2_camera_msgs/msg/Metadata.msg
[1.786s] -- Up-to-date symlink: /home/bxi_nx/ht_ws/install/realsense2_camera_msgs/share/realsense2_camera_msgs/srv/DeviceInfo.srv
[1.786s] -- Up-to-date symlink: /home/bxi_nx/ht_ws/install/realsense2_camera_msgs/share/realsense2_camera_msgs/srv/DeviceInfo_Request.msg
[1.786s] -- Up-to-date symlink: /home/bxi_nx/ht_ws/install/realsense2_camera_msgs/share/realsense2_camera_msgs/srv/DeviceInfo_Response.msg
[1.786s] -- Up-to-date symlink: /home/bxi_nx/ht_ws/install/realsense2_camera_msgs/share/ament_index/resource_index/package_run_dependencies/realsense2_camera_msgs
[1.786s] -- Up-to-date symlink: /home/bxi_nx/ht_ws/install/realsense2_camera_msgs/share/ament_index/resource_index/parent_prefix_path/realsense2_camera_msgs
[1.786s] -- Up-to-date symlink: /home/bxi_nx/ht_ws/install/realsense2_camera_msgs/share/realsense2_camera_msgs/environment/ament_prefix_path.sh
[1.786s] -- Up-to-date symlink: /home/bxi_nx/ht_ws/install/realsense2_camera_msgs/share/realsense2_camera_msgs/environment/ament_prefix_path.dsv
[1.786s] -- Up-to-date symlink: /home/bxi_nx/ht_ws/install/realsense2_camera_msgs/share/realsense2_camera_msgs/environment/path.sh
[1.787s] -- Up-to-date symlink: /home/bxi_nx/ht_ws/install/realsense2_camera_msgs/share/realsense2_camera_msgs/environment/path.dsv
[1.787s] -- Up-to-date symlink: /home/bxi_nx/ht_ws/install/realsense2_camera_msgs/share/realsense2_camera_msgs/local_setup.bash
[1.787s] -- Up-to-date symlink: /home/bxi_nx/ht_ws/install/realsense2_camera_msgs/share/realsense2_camera_msgs/local_setup.sh
[1.787s] -- Up-to-date symlink: /home/bxi_nx/ht_ws/install/realsense2_camera_msgs/share/realsense2_camera_msgs/local_setup.zsh
[1.787s] -- Up-to-date symlink: /home/bxi_nx/ht_ws/install/realsense2_camera_msgs/share/realsense2_camera_msgs/local_setup.dsv
[1.787s] -- Symlinking: /home/bxi_nx/ht_ws/install/realsense2_camera_msgs/share/realsense2_camera_msgs/package.dsv
[1.834s] -- Up-to-date symlink: /home/bxi_nx/ht_ws/install/realsense2_camera_msgs/share/ament_index/resource_index/packages/realsense2_camera_msgs
[1.835s] -- Up-to-date symlink: /home/bxi_nx/ht_ws/install/realsense2_camera_msgs/share/realsense2_camera_msgs/cmake/rosidl_cmake-extras.cmake
[1.835s] -- Up-to-date symlink: /home/bxi_nx/ht_ws/install/realsense2_camera_msgs/share/realsense2_camera_msgs/cmake/ament_cmake_export_dependencies-extras.cmake
[1.836s] -- Up-to-date symlink: /home/bxi_nx/ht_ws/install/realsense2_camera_msgs/share/realsense2_camera_msgs/cmake/ament_cmake_export_include_directories-extras.cmake
[1.836s] -- Up-to-date symlink: /home/bxi_nx/ht_ws/install/realsense2_camera_msgs/share/realsense2_camera_msgs/cmake/ament_cmake_export_libraries-extras.cmake
[1.836s] -- Up-to-date symlink: /home/bxi_nx/ht_ws/install/realsense2_camera_msgs/share/realsense2_camera_msgs/cmake/ament_cmake_export_targets-extras.cmake
[1.836s] -- Up-to-date symlink: /home/bxi_nx/ht_ws/install/realsense2_camera_msgs/share/realsense2_camera_msgs/cmake/rosidl_cmake_export_typesupport_targets-extras.cmake
[1.836s] -- Up-to-date symlink: /home/bxi_nx/ht_ws/install/realsense2_camera_msgs/share/realsense2_camera_msgs/cmake/rosidl_cmake_export_typesupport_libraries-extras.cmake
[1.836s] -- Up-to-date symlink: /home/bxi_nx/ht_ws/install/realsense2_camera_msgs/share/realsense2_camera_msgs/cmake/realsense2_camera_msgsConfig.cmake
[1.836s] -- Up-to-date symlink: /home/bxi_nx/ht_ws/install/realsense2_camera_msgs/share/realsense2_camera_msgs/cmake/realsense2_camera_msgsConfig-version.cmake
[1.837s] -- Up-to-date symlink: /home/bxi_nx/ht_ws/install/realsense2_camera_msgs/share/realsense2_camera_msgs/package.xml
[1.837s] -- Up-to-date: /home/bxi_nx/ht_ws/install/realsense2_camera_msgs/lib/librealsense2_camera_msgs__rosidl_generator_c.so
[1.840s] -- Up-to-date: /home/bxi_nx/ht_ws/install/realsense2_camera_msgs/lib/librealsense2_camera_msgs__rosidl_typesupport_fastrtps_c.so
[1.840s] -- Up-to-date: /home/bxi_nx/ht_ws/install/realsense2_camera_msgs/lib/librealsense2_camera_msgs__rosidl_typesupport_introspection_c.so
[1.840s] -- Up-to-date: /home/bxi_nx/ht_ws/install/realsense2_camera_msgs/lib/librealsense2_camera_msgs__rosidl_typesupport_c.so
[1.840s] -- Up-to-date: /home/bxi_nx/ht_ws/install/realsense2_camera_msgs/lib/librealsense2_camera_msgs__rosidl_typesupport_fastrtps_cpp.so
[1.840s] -- Up-to-date: /home/bxi_nx/ht_ws/install/realsense2_camera_msgs/lib/librealsense2_camera_msgs__rosidl_typesupport_introspection_cpp.so
[1.840s] -- Up-to-date: /home/bxi_nx/ht_ws/install/realsense2_camera_msgs/lib/librealsense2_camera_msgs__rosidl_typesupport_cpp.so
[1.953s] Listing '/home/bxi_nx/ht_ws/install/realsense2_camera_msgs/local/lib/python3.10/dist-packages/realsense2_camera_msgs'...
[1.954s] Listing '/home/bxi_nx/ht_ws/install/realsense2_camera_msgs/local/lib/python3.10/dist-packages/realsense2_camera_msgs/msg'...
[1.954s] Listing '/home/bxi_nx/ht_ws/install/realsense2_camera_msgs/local/lib/python3.10/dist-packages/realsense2_camera_msgs/srv'...
[1.971s] -- Up-to-date: /home/bxi_nx/ht_ws/install/realsense2_camera_msgs/lib/librealsense2_camera_msgs__rosidl_generator_py.so
[1.971s] -- Up-to-date: /home/bxi_nx/ht_ws/install/realsense2_camera_msgs/share/realsense2_camera_msgs/cmake/export_realsense2_camera_msgs__rosidl_generator_cExport.cmake
[1.971s] -- Up-to-date: /home/bxi_nx/ht_ws/install/realsense2_camera_msgs/share/realsense2_camera_msgs/cmake/export_realsense2_camera_msgs__rosidl_generator_cExport-noconfig.cmake
[1.972s] -- Up-to-date: /home/bxi_nx/ht_ws/install/realsense2_camera_msgs/share/realsense2_camera_msgs/cmake/export_realsense2_camera_msgs__rosidl_typesupport_fastrtps_cExport.cmake
[1.972s] -- Up-to-date: /home/bxi_nx/ht_ws/install/realsense2_camera_msgs/share/realsense2_camera_msgs/cmake/export_realsense2_camera_msgs__rosidl_typesupport_fastrtps_cExport-noconfig.cmake
[1.972s] -- Up-to-date: /home/bxi_nx/ht_ws/install/realsense2_camera_msgs/share/realsense2_camera_msgs/cmake/realsense2_camera_msgs__rosidl_typesupport_introspection_cExport.cmake
[1.972s] -- Up-to-date: /home/bxi_nx/ht_ws/install/realsense2_camera_msgs/share/realsense2_camera_msgs/cmake/realsense2_camera_msgs__rosidl_typesupport_introspection_cExport-noconfig.cmake
[1.972s] -- Up-to-date: /home/bxi_nx/ht_ws/install/realsense2_camera_msgs/share/realsense2_camera_msgs/cmake/realsense2_camera_msgs__rosidl_typesupport_cExport.cmake
[1.973s] -- Up-to-date: /home/bxi_nx/ht_ws/install/realsense2_camera_msgs/share/realsense2_camera_msgs/cmake/realsense2_camera_msgs__rosidl_typesupport_cExport-noconfig.cmake
[1.973s] -- Up-to-date: /home/bxi_nx/ht_ws/install/realsense2_camera_msgs/share/realsense2_camera_msgs/cmake/export_realsense2_camera_msgs__rosidl_generator_cppExport.cmake
[1.973s] -- Up-to-date: /home/bxi_nx/ht_ws/install/realsense2_camera_msgs/share/realsense2_camera_msgs/cmake/export_realsense2_camera_msgs__rosidl_typesupport_fastrtps_cppExport.cmake
[1.973s] -- Up-to-date: /home/bxi_nx/ht_ws/install/realsense2_camera_msgs/share/realsense2_camera_msgs/cmake/export_realsense2_camera_msgs__rosidl_typesupport_fastrtps_cppExport-noconfig.cmake
[1.973s] -- Up-to-date: /home/bxi_nx/ht_ws/install/realsense2_camera_msgs/share/realsense2_camera_msgs/cmake/realsense2_camera_msgs__rosidl_typesupport_introspection_cppExport.cmake
[1.974s] -- Up-to-date: /home/bxi_nx/ht_ws/install/realsense2_camera_msgs/share/realsense2_camera_msgs/cmake/realsense2_camera_msgs__rosidl_typesupport_introspection_cppExport-noconfig.cmake
[1.974s] -- Up-to-date: /home/bxi_nx/ht_ws/install/realsense2_camera_msgs/share/realsense2_camera_msgs/cmake/realsense2_camera_msgs__rosidl_typesupport_cppExport.cmake
[1.974s] -- Up-to-date: /home/bxi_nx/ht_ws/install/realsense2_camera_msgs/share/realsense2_camera_msgs/cmake/realsense2_camera_msgs__rosidl_typesupport_cppExport-noconfig.cmake
[1.974s] -- Up-to-date: /home/bxi_nx/ht_ws/install/realsense2_camera_msgs/share/realsense2_camera_msgs/cmake/export_realsense2_camera_msgs__rosidl_generator_pyExport.cmake
[1.974s] -- Up-to-date: /home/bxi_nx/ht_ws/install/realsense2_camera_msgs/share/realsense2_camera_msgs/cmake/export_realsense2_camera_msgs__rosidl_generator_pyExport-noconfig.cmake
[1.989s] Invoked command in '/home/bxi_nx/ht_ws/build/realsense2_camera_msgs' returned '0': CMAKE_PREFIX_PATH=/home/bxi_nx/ht_ws/install/vikit_ros:/home/bxi_nx/ht_ws/install/my_nav2_bringup:/opt/ros/humble:/home/bxi_nx/ht_ws/install/vikit_common:/home/bxi_nx/ht_ws/install/realsense2_description:/home/bxi_nx/ht_ws/install/realsense2_camera:/home/bxi_nx/ht_ws/install/realsense2_camera_msgs:/home/bxi_nx/ht_ws/install/octomap_server2:/home/bxi_nx/ht_ws/install/ht_package:/home/bxi_nx/ht_ws/install/fishbot_navigation2:/home/bxi_nx/ht_ws/install/fast_livo:/home/bxi_nx/ws_livox/install/localizer:/home/bxi_nx/ws_livox/install/fastlio2:/home/bxi_nx/ws_livox/install/livox_ros_driver2:/home/bxi_nx/ws_livox/install/interface:/home/bxi_nx/ws_livox/install/communication /usr/bin/cmake --install /home/bxi_nx/ht_ws/build/realsense2_camera_msgs
