[0.005s] Invoking command in '/home/ht/ht_ws/build/vikit_ros': CMAKE_PREFIX_PATH=/opt/ros/humble:/home/ht/ht_ws/install/vikit_common LD_LIBRARY_PATH=/home/ht/ht_ws/install/vikit_common/lib:${LD_LIBRARY_PATH} PKG_CONFIG_PATH=/home/ht/ht_ws/install/vikit_common/lib/x86_64-linux-gnu/pkgconfig:/home/ht/ht_ws/install/vikit_common/lib/pkgconfig ROS_PACKAGE_PATH=/home/ht/ht_ws/install/vikit_common/share /usr/bin/cmake /home/ht/ht_ws/src/rpg_vikit/vikit_ros -DAMENT_CMAKE_SYMLINK_INSTALL=1 -DCMAKE_INSTALL_PREFIX=/home/ht/ht_ws/install/vikit_ros
[0.014s] -- Found ament_cmake: 1.3.12 (/opt/ros/humble/share/ament_cmake/cmake)
[0.091s] -- Override CMake install command with custom implementation using symlinks instead of copying resources
[0.097s] -- Found rclcpp: 16.0.17 (/opt/ros/humble/share/rclcpp/cmake)
[0.114s] -- Found rosidl_generator_c: 3.1.8 (/opt/ros/humble/share/rosidl_generator_c/cmake)
[0.115s] -- Found rosidl_adapter: 3.1.8 (/opt/ros/humble/share/rosidl_adapter/cmake)
[0.118s] -- Found rosidl_generator_cpp: 3.1.8 (/opt/ros/humble/share/rosidl_generator_cpp/cmake)
[0.123s] -- Using all available rosidl_typesupport_c: rosidl_typesupport_fastrtps_c;rosidl_typesupport_introspection_c
[0.130s] -- Using all available rosidl_typesupport_cpp: rosidl_typesupport_fastrtps_cpp;rosidl_typesupport_introspection_cpp
[0.147s] -- Found rmw_implementation_cmake: 6.1.2 (/opt/ros/humble/share/rmw_implementation_cmake/cmake)
[0.148s] -- Found rmw_fastrtps_cpp: 6.2.9 (/opt/ros/humble/share/rmw_fastrtps_cpp/cmake)
[0.208s] -- Using RMW implementation 'rmw_fastrtps_cpp' as default
[0.235s] -- Found vikit_common: 0.0.0 (/home/ht/ht_ws/install/vikit_common/share/vikit_common/cmake)
[0.240s] -- Found visualization_msgs: 4.9.0 (/opt/ros/humble/share/visualization_msgs/cmake)
[0.267s] -- Found tf2_ros: 0.25.18 (/opt/ros/humble/share/tf2_ros/cmake)
[0.315s] -- Found tf2_geometry_msgs: 0.25.18 (/opt/ros/humble/share/tf2_geometry_msgs/cmake)
[0.316s] -- Found eigen3_cmake_module: 0.1.1 (/opt/ros/humble/share/eigen3_cmake_module/cmake)
[0.317s] -- Ensuring Eigen3 include directory is part of orocos-kdl CMake target
[0.356s] -- Configuring done
[0.362s] -- Generating done
[0.364s] -- Build files have been written to: /home/ht/ht_ws/build/vikit_ros
[0.369s] Invoked command in '/home/ht/ht_ws/build/vikit_ros' returned '0': CMAKE_PREFIX_PATH=/opt/ros/humble:/home/ht/ht_ws/install/vikit_common LD_LIBRARY_PATH=/home/ht/ht_ws/install/vikit_common/lib:${LD_LIBRARY_PATH} PKG_CONFIG_PATH=/home/ht/ht_ws/install/vikit_common/lib/x86_64-linux-gnu/pkgconfig:/home/ht/ht_ws/install/vikit_common/lib/pkgconfig ROS_PACKAGE_PATH=/home/ht/ht_ws/install/vikit_common/share /usr/bin/cmake /home/ht/ht_ws/src/rpg_vikit/vikit_ros -DAMENT_CMAKE_SYMLINK_INSTALL=1 -DCMAKE_INSTALL_PREFIX=/home/ht/ht_ws/install/vikit_ros
[0.370s] Invoking command in '/home/ht/ht_ws/build/vikit_ros': CMAKE_PREFIX_PATH=/opt/ros/humble:/home/ht/ht_ws/install/vikit_common LD_LIBRARY_PATH=/home/ht/ht_ws/install/vikit_common/lib:${LD_LIBRARY_PATH} PKG_CONFIG_PATH=/home/ht/ht_ws/install/vikit_common/lib/x86_64-linux-gnu/pkgconfig:/home/ht/ht_ws/install/vikit_common/lib/pkgconfig ROS_PACKAGE_PATH=/home/ht/ht_ws/install/vikit_common/share /usr/bin/cmake --build /home/ht/ht_ws/build/vikit_ros -- -j16 -l16
[0.393s] [35m[1mConsolidate compiler generated dependencies of target vikit_ros[0m
[0.402s] [100%] Built target vikit_ros
[0.409s] Invoked command in '/home/ht/ht_ws/build/vikit_ros' returned '0': CMAKE_PREFIX_PATH=/opt/ros/humble:/home/ht/ht_ws/install/vikit_common LD_LIBRARY_PATH=/home/ht/ht_ws/install/vikit_common/lib:${LD_LIBRARY_PATH} PKG_CONFIG_PATH=/home/ht/ht_ws/install/vikit_common/lib/x86_64-linux-gnu/pkgconfig:/home/ht/ht_ws/install/vikit_common/lib/pkgconfig ROS_PACKAGE_PATH=/home/ht/ht_ws/install/vikit_common/share /usr/bin/cmake --build /home/ht/ht_ws/build/vikit_ros -- -j16 -l16
[0.410s] Invoking command in '/home/ht/ht_ws/build/vikit_ros': CMAKE_PREFIX_PATH=/opt/ros/humble:/home/ht/ht_ws/install/vikit_common LD_LIBRARY_PATH=/home/ht/ht_ws/install/vikit_common/lib:${LD_LIBRARY_PATH} PKG_CONFIG_PATH=/home/ht/ht_ws/install/vikit_common/lib/x86_64-linux-gnu/pkgconfig:/home/ht/ht_ws/install/vikit_common/lib/pkgconfig ROS_PACKAGE_PATH=/home/ht/ht_ws/install/vikit_common/share /usr/bin/cmake --install /home/ht/ht_ws/build/vikit_ros
[0.414s] -- Install configuration: "Release"
[0.415s] -- Execute custom install script
[0.415s] -- Symlinking: /home/ht/ht_ws/install/vikit_ros/include/vikit_ros/vikit/camera_loader.h
[0.419s] -- Symlinking: /home/ht/ht_ws/install/vikit_ros/include/vikit_ros/vikit/output_helper.h
[0.424s] -- Symlinking: /home/ht/ht_ws/install/vikit_ros/include/vikit_ros/vikit/params_helper.h
[0.429s] -- Symlinking: /home/ht/ht_ws/install/vikit_ros/share/vikit_ros/environment/library_path.sh
[0.435s] -- Symlinking: /home/ht/ht_ws/install/vikit_ros/share/vikit_ros/environment/library_path.dsv
[0.440s] -- Symlinking: /home/ht/ht_ws/install/vikit_ros/share/ament_index/resource_index/package_run_dependencies/vikit_ros
[0.445s] -- Symlinking: /home/ht/ht_ws/install/vikit_ros/share/ament_index/resource_index/parent_prefix_path/vikit_ros
[0.449s] -- Symlinking: /home/ht/ht_ws/install/vikit_ros/share/vikit_ros/environment/ament_prefix_path.sh
[0.456s] -- Symlinking: /home/ht/ht_ws/install/vikit_ros/share/vikit_ros/environment/ament_prefix_path.dsv
[0.461s] -- Symlinking: /home/ht/ht_ws/install/vikit_ros/share/vikit_ros/environment/path.sh
[0.468s] -- Symlinking: /home/ht/ht_ws/install/vikit_ros/share/vikit_ros/environment/path.dsv
[0.472s] -- Symlinking: /home/ht/ht_ws/install/vikit_ros/share/vikit_ros/local_setup.bash
[0.479s] -- Symlinking: /home/ht/ht_ws/install/vikit_ros/share/vikit_ros/local_setup.sh
[0.484s] -- Symlinking: /home/ht/ht_ws/install/vikit_ros/share/vikit_ros/local_setup.zsh
[0.489s] -- Symlinking: /home/ht/ht_ws/install/vikit_ros/share/vikit_ros/local_setup.dsv
[0.493s] -- Symlinking: /home/ht/ht_ws/install/vikit_ros/share/vikit_ros/package.dsv
[0.500s] -- Symlinking: /home/ht/ht_ws/install/vikit_ros/share/ament_index/resource_index/packages/vikit_ros
[0.505s] -- Symlinking: /home/ht/ht_ws/install/vikit_ros/share/vikit_ros/cmake/ament_cmake_export_dependencies-extras.cmake
[0.510s] -- Symlinking: /home/ht/ht_ws/install/vikit_ros/share/vikit_ros/cmake/ament_cmake_export_include_directories-extras.cmake
[0.516s] -- Symlinking: /home/ht/ht_ws/install/vikit_ros/share/vikit_ros/cmake/ament_cmake_export_libraries-extras.cmake
[0.523s] -- Symlinking: /home/ht/ht_ws/install/vikit_ros/share/vikit_ros/cmake/ament_cmake_export_targets-extras.cmake
[0.528s] -- Symlinking: /home/ht/ht_ws/install/vikit_ros/share/vikit_ros/cmake/vikit_rosConfig.cmake
[0.533s] -- Symlinking: /home/ht/ht_ws/install/vikit_ros/share/vikit_ros/cmake/vikit_rosConfig-version.cmake
[0.538s] -- Symlinking: /home/ht/ht_ws/install/vikit_ros/share/vikit_ros/package.xml
[0.544s] -- Up-to-date: /home/ht/ht_ws/install/vikit_ros/lib/libvikit_ros.so
[0.544s] -- Up-to-date: /home/ht/ht_ws/install/vikit_ros/share/vikit_ros/cmake/vikit_rosExport.cmake
[0.544s] -- Up-to-date: /home/ht/ht_ws/install/vikit_ros/share/vikit_ros/cmake/vikit_rosExport-release.cmake
[0.545s] Invoked command in '/home/ht/ht_ws/build/vikit_ros' returned '0': CMAKE_PREFIX_PATH=/opt/ros/humble:/home/ht/ht_ws/install/vikit_common LD_LIBRARY_PATH=/home/ht/ht_ws/install/vikit_common/lib:${LD_LIBRARY_PATH} PKG_CONFIG_PATH=/home/ht/ht_ws/install/vikit_common/lib/x86_64-linux-gnu/pkgconfig:/home/ht/ht_ws/install/vikit_common/lib/pkgconfig ROS_PACKAGE_PATH=/home/ht/ht_ws/install/vikit_common/share /usr/bin/cmake --install /home/ht/ht_ws/build/vikit_ros
