[0.025s] Invoking command in '/home/ht/autonomous_exploration_development_environment/build/terrain_analysis_ext': CMAKE_PREFIX_PATH=/opt/ros/humble /usr/bin/cmake --build /home/ht/autonomous_exploration_development_environment/build/terrain_analysis_ext -- -j16 -l16
[0.056s] [35m[1mConsolidate compiler generated dependencies of target terrainAnalysisExt[0m
[0.080s] [100%] Built target terrainAnalysisExt
[0.100s] Invoked command in '/home/ht/autonomous_exploration_development_environment/build/terrain_analysis_ext' returned '0': CMAKE_PREFIX_PATH=/opt/ros/humble /usr/bin/cmake --build /home/ht/autonomous_exploration_development_environment/build/terrain_analysis_ext -- -j16 -l16
[0.102s] Invoking command in '/home/ht/autonomous_exploration_development_environment/build/terrain_analysis_ext': CMAKE_PREFIX_PATH=/opt/ros/humble /usr/bin/cmake --install /home/ht/autonomous_exploration_development_environment/build/terrain_analysis_ext
[0.122s] -- Install configuration: "Release"
[0.122s] -- Execute custom install script
[0.122s] -- Up-to-date symlink: /home/ht/autonomous_exploration_development_environment/install/terrain_analysis_ext/lib/terrain_analysis_ext/terrainAnalysisExt
[0.122s] -- Up-to-date symlink: /home/ht/autonomous_exploration_development_environment/install/terrain_analysis_ext/share/terrain_analysis_ext/launch/terrain_analysis_ext.launch
[0.122s] -- Up-to-date symlink: /home/ht/autonomous_exploration_development_environment/install/terrain_analysis_ext/share/ament_index/resource_index/package_run_dependencies/terrain_analysis_ext
[0.122s] -- Up-to-date symlink: /home/ht/autonomous_exploration_development_environment/install/terrain_analysis_ext/share/ament_index/resource_index/parent_prefix_path/terrain_analysis_ext
[0.123s] -- Up-to-date symlink: /home/ht/autonomous_exploration_development_environment/install/terrain_analysis_ext/share/terrain_analysis_ext/environment/ament_prefix_path.sh
[0.123s] -- Up-to-date symlink: /home/ht/autonomous_exploration_development_environment/install/terrain_analysis_ext/share/terrain_analysis_ext/environment/ament_prefix_path.dsv
[0.123s] -- Up-to-date symlink: /home/ht/autonomous_exploration_development_environment/install/terrain_analysis_ext/share/terrain_analysis_ext/environment/path.sh
[0.123s] -- Up-to-date symlink: /home/ht/autonomous_exploration_development_environment/install/terrain_analysis_ext/share/terrain_analysis_ext/environment/path.dsv
[0.123s] -- Up-to-date symlink: /home/ht/autonomous_exploration_development_environment/install/terrain_analysis_ext/share/terrain_analysis_ext/local_setup.bash
[0.123s] -- Up-to-date symlink: /home/ht/autonomous_exploration_development_environment/install/terrain_analysis_ext/share/terrain_analysis_ext/local_setup.sh
[0.123s] -- Up-to-date symlink: /home/ht/autonomous_exploration_development_environment/install/terrain_analysis_ext/share/terrain_analysis_ext/local_setup.zsh
[0.123s] -- Up-to-date symlink: /home/ht/autonomous_exploration_development_environment/install/terrain_analysis_ext/share/terrain_analysis_ext/local_setup.dsv
[0.123s] -- Symlinking: /home/ht/autonomous_exploration_development_environment/install/terrain_analysis_ext/share/terrain_analysis_ext/package.dsv
[0.123s] -- Up-to-date symlink: /home/ht/autonomous_exploration_development_environment/install/terrain_analysis_ext/share/ament_index/resource_index/packages/terrain_analysis_ext
[0.123s] -- Up-to-date symlink: /home/ht/autonomous_exploration_development_environment/install/terrain_analysis_ext/share/terrain_analysis_ext/cmake/terrain_analysis_extConfig.cmake
[0.123s] -- Up-to-date symlink: /home/ht/autonomous_exploration_development_environment/install/terrain_analysis_ext/share/terrain_analysis_ext/cmake/terrain_analysis_extConfig-version.cmake
[0.123s] -- Up-to-date symlink: /home/ht/autonomous_exploration_development_environment/install/terrain_analysis_ext/share/terrain_analysis_ext/package.xml
[0.157s] Invoked command in '/home/ht/autonomous_exploration_development_environment/build/terrain_analysis_ext' returned '0': CMAKE_PREFIX_PATH=/opt/ros/humble /usr/bin/cmake --install /home/ht/autonomous_exploration_development_environment/build/terrain_analysis_ext
