[0.068s] Invoking command in '/home/bxi_nx/ht_ws/build/ht_package': CMAKE_PREFIX_PATH=${CMAKE_PREFIX_PATH}:/opt/ros/humble /usr/bin/cmake --build /home/bxi_nx/ht_ws/build/ht_package -- -j8 -l8
[0.775s] Invoked command in '/home/bxi_nx/ht_ws/build/ht_package' returned '0': CMAKE_PREFIX_PATH=${CMAKE_PREFIX_PATH}:/opt/ros/humble /usr/bin/cmake --build /home/bxi_nx/ht_ws/build/ht_package -- -j8 -l8
[0.800s] Invoking command in '/home/bxi_nx/ht_ws/build/ht_package': CMAKE_PREFIX_PATH=${CMAKE_PREFIX_PATH}:/opt/ros/humble /usr/bin/cmake --install /home/bxi_nx/ht_ws/build/ht_package
[0.852s] -- Install configuration: ""
[0.852s] -- Up-to-date: /home/bxi_nx/ht_ws/install/ht_package/share/ament_index/resource_index/package_run_dependencies/ht_package
[0.853s] -- Up-to-date: /home/bxi_nx/ht_ws/install/ht_package/share/ament_index/resource_index/parent_prefix_path/ht_package
[0.856s] -- Up-to-date: /home/bxi_nx/ht_ws/install/ht_package/share/ht_package/environment/ament_prefix_path.sh
[0.860s] -- Up-to-date: /home/bxi_nx/ht_ws/install/ht_package/share/ht_package/environment/ament_prefix_path.dsv
[0.860s] -- Up-to-date: /home/bxi_nx/ht_ws/install/ht_package/share/ht_package/environment/path.sh
[0.860s] -- Up-to-date: /home/bxi_nx/ht_ws/install/ht_package/share/ht_package/environment/path.dsv
[0.860s] -- Up-to-date: /home/bxi_nx/ht_ws/install/ht_package/share/ht_package/local_setup.bash
[0.860s] -- Up-to-date: /home/bxi_nx/ht_ws/install/ht_package/share/ht_package/local_setup.sh
[0.860s] -- Up-to-date: /home/bxi_nx/ht_ws/install/ht_package/share/ht_package/local_setup.zsh
[0.860s] -- Up-to-date: /home/bxi_nx/ht_ws/install/ht_package/share/ht_package/local_setup.dsv
[0.861s] -- Installing: /home/bxi_nx/ht_ws/install/ht_package/share/ht_package/package.dsv
[0.861s] -- Up-to-date: /home/bxi_nx/ht_ws/install/ht_package/share/ament_index/resource_index/packages/ht_package
[0.861s] -- Up-to-date: /home/bxi_nx/ht_ws/install/ht_package/share/ht_package/cmake/ht_packageConfig.cmake
[0.861s] -- Up-to-date: /home/bxi_nx/ht_ws/install/ht_package/share/ht_package/cmake/ht_packageConfig-version.cmake
[0.861s] -- Up-to-date: /home/bxi_nx/ht_ws/install/ht_package/share/ht_package/package.xml
[0.980s] Invoked command in '/home/bxi_nx/ht_ws/build/ht_package' returned '0': CMAKE_PREFIX_PATH=${CMAKE_PREFIX_PATH}:/opt/ros/humble /usr/bin/cmake --install /home/bxi_nx/ht_ws/build/ht_package
