[0.025s] Invoking command in '/home/bxi_nx/ht_ws/build/fast_livo': AMENT_PREFIX_PATH=/home/bxi_nx/ht_ws/install/vikit_ros:${AMENT_PREFIX_PATH} CMAKE_PREFIX_PATH=/home/bxi_nx/ht_ws/install/vikit_ros:/opt/ros/humble:/home/bxi_nx/ht_ws/install/vikit_common:${CMAKE_PREFIX_PATH} LD_LIBRARY_PATH=/home/bxi_nx/ht_ws/install/vikit_ros/lib:/home/bxi_nx/ht_ws/install/vikit_common/lib:/home/bxi_nx/gtsam/build/gtsam/libgtsam.so.4:/usr/local/cuda-12.6/lib64:/home/bxi_nx/ws_livox/install/livox_ros_driver2/lib:/home/bxi_nx/ws_livox/install/interface/lib:/home/bxi_nx/ws_livox/install/communication/lib:/home/bxi_nx/gtsam/build/gtsam/libgtsam.so.4:/opt/ros/humble/opt/rviz_ogre_vendor/lib:/opt/ros/humble/lib/aarch64-linux-gnu:/opt/ros/humble/lib:/usr/local/cuda-12.6/lib64 PKG_CONFIG_PATH=/home/bxi_nx/ht_ws/install/vikit_common/lib/aarch64-linux-gnu/pkgconfig:/home/bxi_nx/ht_ws/install/vikit_common/lib/pkgconfig ROS_PACKAGE_PATH=/home/bxi_nx/ht_ws/install/vikit_common/share /usr/bin/cmake /home/bxi_nx/ht_ws/src/FAST-LIVO2 -DCMAKE_INSTALL_PREFIX=/home/bxi_nx/ht_ws/install/fast_livo
[0.047s] -- Build Type: Release
[0.047s] -- Current CPU architecture: aarch64
[0.047s] -- Using 64-bit ARM optimizations: -O3 -mcpu=native -mtune=native -ffast-math
[0.059s] -- Processor count: 8
[0.059s] -- Multithreading enabled. Cores: 4
[0.059s] -- OpenMP found
[0.074s] -- mimalloc not found, proceeding without it
[0.074s] -- Found ament_cmake: 1.3.12 (/opt/ros/humble/share/ament_cmake/cmake)
[0.282s] -- Override CMake install command with custom implementation using symlinks instead of copying resources
[0.293s] -- Found rclcpp: 16.0.15 (/opt/ros/humble/share/rclcpp/cmake)
[0.334s] -- Found rosidl_generator_c: 3.1.7 (/opt/ros/humble/share/rosidl_generator_c/cmake)
[0.337s] -- Found rosidl_adapter: 3.1.7 (/opt/ros/humble/share/rosidl_adapter/cmake)
[0.346s] -- Found rosidl_generator_cpp: 3.1.7 (/opt/ros/humble/share/rosidl_generator_cpp/cmake)
[0.360s] -- Using all available rosidl_typesupport_c: rosidl_typesupport_fastrtps_c;rosidl_typesupport_introspection_c
[0.378s] -- Using all available rosidl_typesupport_cpp: rosidl_typesupport_fastrtps_cpp;rosidl_typesupport_introspection_cpp
[0.424s] -- Found rmw_implementation_cmake: 6.1.2 (/opt/ros/humble/share/rmw_implementation_cmake/cmake)
[0.426s] -- Found rmw_fastrtps_cpp: 6.2.9 (/opt/ros/humble/share/rmw_fastrtps_cpp/cmake)
[0.586s] -- Using RMW implementation 'rmw_fastrtps_cpp' as default
[0.663s] -- Found rclpy: 3.3.17 (/opt/ros/humble/share/rclpy/cmake)
[0.663s] -- Found geometry_msgs: 4.9.0 (/opt/ros/humble/share/geometry_msgs/cmake)
[0.683s] -- Found nav_msgs: 4.9.0 (/opt/ros/humble/share/nav_msgs/cmake)
[0.713s] -- Found sensor_msgs: 4.9.0 (/opt/ros/humble/share/sensor_msgs/cmake)
[0.737s] -- Found visualization_msgs: 4.9.0 (/opt/ros/humble/share/visualization_msgs/cmake)
[0.766s] -- Found pcl_ros: 2.4.5 (/opt/ros/humble/share/pcl_ros/cmake)
[0.834s] -- Eigen found (include: /usr/include/eigen3, version: 3.4.0)
[0.895s] -- FLANN found (include: /usr/include, lib: /usr/lib/aarch64-linux-gnu/libflann_cpp.so)
[1.497s] -- OpenNI found (version: 1.5.4.0, include: /usr/include/ni, lib: /usr/lib/libOpenNI.so;libusb::libusb)
[1.507s] -- OpenNI2 found (version: 2.2.0.33, include: /usr/include/openni2, lib: /usr/lib/aarch64-linux-gnu/libOpenNI2.so;libusb::libusb)
[1.739s] -- Eigen found (include: /usr/include/eigen3, version: 3.4.0)
[1.750s] -- OpenNI found (version: 1.5.4.0, include: /usr/include/ni, lib: /usr/lib/libOpenNI.so;libusb::libusb)
[1.760s] -- OpenNI2 found (version: 2.2.0.33, include: /usr/include/openni2, lib: /usr/lib/aarch64-linux-gnu/libOpenNI2.so;libusb::libusb)
[1.980s] -- Found Qhull version 8.0.2
[2.213s] -- OpenNI found (version: 1.5.4.0, include: /usr/include/ni, lib: /usr/lib/libOpenNI.so;libusb::libusb)
[2.471s] -- Found eigen3_cmake_module: 0.1.1 (/opt/ros/humble/share/eigen3_cmake_module/cmake)
[2.472s] -- Found Eigen3: TRUE (found version "3.4.0") 
[2.472s] -- Ensuring Eigen3 include directory is part of orocos-kdl CMake target
[2.593s] -- Found livox_ros_driver2: 1.0.0 (/home/bxi_nx/ws_livox/install/livox_ros_driver2/share/livox_ros_driver2/cmake)
[2.625s] -- Found vikit_common: 0.0.0 (/home/bxi_nx/ht_ws/install/vikit_common/share/vikit_common/cmake)
[2.637s] -- Found vikit_ros: 0.0.0 (/home/bxi_nx/ht_ws/install/vikit_ros/share/vikit_ros/cmake)
[2.649s] -- Found cv_bridge: 3.2.1 (/opt/ros/humble/share/cv_bridge/cmake)
[2.652s] -- Found image_transport: 3.1.12 (/opt/ros/humble/share/image_transport/cmake)
[2.677s] [33mCMake Warning (dev) at CMakeLists.txt:95 (find_package):
[2.677s]   Policy CMP0074 is not set: find_package uses <PackageName>_ROOT variables.
[2.678s]   Run "cmake --help-policy CMP0074" for policy details.  Use the cmake_policy
[2.678s]   command to set the policy and suppress this warning.
[2.678s] 
[2.678s]   CMake variable PCL_ROOT is set to:
[2.678s] 
[2.678s]     /usr
[2.678s] 
[2.678s]   For compatibility, CMake is ignoring the variable.
[2.678s] This warning is for project developers.  Use -Wno-dev to suppress it.
[2.678s] [0m
[2.697s] -- Found Eigen3: TRUE (found suitable version "3.4.0", minimum required is "3.4.0") 
[2.954s] -- Configuring done
[3.325s] -- Generating done
[3.413s] -- Build files have been written to: /home/bxi_nx/ht_ws/build/fast_livo
[3.492s] Invoked command in '/home/bxi_nx/ht_ws/build/fast_livo' returned '0': AMENT_PREFIX_PATH=/home/bxi_nx/ht_ws/install/vikit_ros:${AMENT_PREFIX_PATH} CMAKE_PREFIX_PATH=/home/bxi_nx/ht_ws/install/vikit_ros:/opt/ros/humble:/home/bxi_nx/ht_ws/install/vikit_common:${CMAKE_PREFIX_PATH} LD_LIBRARY_PATH=/home/bxi_nx/ht_ws/install/vikit_ros/lib:/home/bxi_nx/ht_ws/install/vikit_common/lib:/home/bxi_nx/gtsam/build/gtsam/libgtsam.so.4:/usr/local/cuda-12.6/lib64:/home/bxi_nx/ws_livox/install/livox_ros_driver2/lib:/home/bxi_nx/ws_livox/install/interface/lib:/home/bxi_nx/ws_livox/install/communication/lib:/home/bxi_nx/gtsam/build/gtsam/libgtsam.so.4:/opt/ros/humble/opt/rviz_ogre_vendor/lib:/opt/ros/humble/lib/aarch64-linux-gnu:/opt/ros/humble/lib:/usr/local/cuda-12.6/lib64 PKG_CONFIG_PATH=/home/bxi_nx/ht_ws/install/vikit_common/lib/aarch64-linux-gnu/pkgconfig:/home/bxi_nx/ht_ws/install/vikit_common/lib/pkgconfig ROS_PACKAGE_PATH=/home/bxi_nx/ht_ws/install/vikit_common/share /usr/bin/cmake /home/bxi_nx/ht_ws/src/FAST-LIVO2 -DCMAKE_INSTALL_PREFIX=/home/bxi_nx/ht_ws/install/fast_livo
[3.495s] Invoking command in '/home/bxi_nx/ht_ws/build/fast_livo': AMENT_PREFIX_PATH=/home/bxi_nx/ht_ws/install/vikit_ros:${AMENT_PREFIX_PATH} CMAKE_PREFIX_PATH=/home/bxi_nx/ht_ws/install/vikit_ros:/opt/ros/humble:/home/bxi_nx/ht_ws/install/vikit_common:${CMAKE_PREFIX_PATH} LD_LIBRARY_PATH=/home/bxi_nx/ht_ws/install/vikit_ros/lib:/home/bxi_nx/ht_ws/install/vikit_common/lib:/home/bxi_nx/gtsam/build/gtsam/libgtsam.so.4:/usr/local/cuda-12.6/lib64:/home/bxi_nx/ws_livox/install/livox_ros_driver2/lib:/home/bxi_nx/ws_livox/install/interface/lib:/home/bxi_nx/ws_livox/install/communication/lib:/home/bxi_nx/gtsam/build/gtsam/libgtsam.so.4:/opt/ros/humble/opt/rviz_ogre_vendor/lib:/opt/ros/humble/lib/aarch64-linux-gnu:/opt/ros/humble/lib:/usr/local/cuda-12.6/lib64 PKG_CONFIG_PATH=/home/bxi_nx/ht_ws/install/vikit_common/lib/aarch64-linux-gnu/pkgconfig:/home/bxi_nx/ht_ws/install/vikit_common/lib/pkgconfig ROS_PACKAGE_PATH=/home/bxi_nx/ht_ws/install/vikit_common/share /usr/bin/cmake --build /home/bxi_nx/ht_ws/build/fast_livo -- -j8 -l8
[3.578s] [35m[1mConsolidate compiler generated dependencies of target utils[0m
[3.580s] [35m[1mConsolidate compiler generated dependencies of target imu_proc[0m
[3.580s] [35m[1mConsolidate compiler generated dependencies of target pre[0m
[3.580s] [35m[1mConsolidate compiler generated dependencies of target laser_mapping[0m
[3.584s] [35m[1mConsolidate compiler generated dependencies of target vio[0m
[3.607s] [  6%] [32mBuilding CXX object CMakeFiles/utils.dir/src/utils.cpp.o[0m
[3.648s] [ 12%] [32mBuilding CXX object CMakeFiles/imu_proc.dir/src/IMU_Processing.cpp.o[0m
[3.656s] [ 18%] [32mBuilding CXX object CMakeFiles/vio.dir/src/vio.cpp.o[0m
[3.659s] [ 25%] [32mBuilding CXX object CMakeFiles/vio.dir/src/visual_point.cpp.o[0m
[3.664s] [ 31%] [32mBuilding CXX object CMakeFiles/vio.dir/src/frame.cpp.o[0m
[3.665s] [ 37%] [32mBuilding CXX object CMakeFiles/pre.dir/src/preprocess.cpp.o[0m
[3.675s] [ 43%] [32mBuilding CXX object CMakeFiles/laser_mapping.dir/src/LIVMapper.cpp.o[0m
[4.539s] [ 50%] [32m[1mLinking CXX static library libutils.a[0m
[4.657s] [ 50%] Built target utils
[4.706s] [35m[1mConsolidate compiler generated dependencies of target lio[0m
[4.803s] [ 56%] [32mBuilding CXX object CMakeFiles/lio.dir/src/voxel_map.cpp.o[0m
[30.461s] [ 62%] [32m[1mLinking CXX static library libpre.a[0m
[30.526s] [ 62%] Built target pre
[31.618s] gmake[2]: *** [CMakeFiles/laser_mapping.dir/build.make:76: CMakeFiles/laser_mapping.dir/src/LIVMapper.cpp.o] Interrupt
[31.619s] gmake[2]: *** wait: No child processes.  Stop.
[31.620s] gmake[2]: *** Waiting for unfinished jobs....
[31.620s] gmake[2]: *** wait: No child processes.  Stop.
[31.620s] gmake[2]: *** [CMakeFiles/lio.dir/build.make:76: CMakeFiles/lio.dir/src/voxel_map.cpp.o] Interrupt
[31.620s] gmake[2]: *** [CMakeFiles/vio.dir/build.make:76: CMakeFiles/vio.dir/src/vio.cpp.o] Interrupt
[31.620s] gmake[1]: *** [CMakeFiles/Makefile2:253: CMakeFiles/laser_mapping.dir/all] Interrupt
[31.620s] gmake[1]: *** [CMakeFiles/Makefile2:227: CMakeFiles/imu_proc.dir/all] Error 2
[31.621s] gmake[1]: *** [CMakeFiles/Makefile2:175: CMakeFiles/lio.dir/all] Interrupt
[31.621s] gmake[1]: *** [CMakeFiles/Makefile2:149: CMakeFiles/vio.dir/all] Interrupt
[31.621s] gmake: *** [Makefile:146: all] Interrupt
[31.782s] Invoked command in '/home/bxi_nx/ht_ws/build/fast_livo' returned '-2': AMENT_PREFIX_PATH=/home/bxi_nx/ht_ws/install/vikit_ros:${AMENT_PREFIX_PATH} CMAKE_PREFIX_PATH=/home/bxi_nx/ht_ws/install/vikit_ros:/opt/ros/humble:/home/bxi_nx/ht_ws/install/vikit_common:${CMAKE_PREFIX_PATH} LD_LIBRARY_PATH=/home/bxi_nx/ht_ws/install/vikit_ros/lib:/home/bxi_nx/ht_ws/install/vikit_common/lib:/home/bxi_nx/gtsam/build/gtsam/libgtsam.so.4:/usr/local/cuda-12.6/lib64:/home/bxi_nx/ws_livox/install/livox_ros_driver2/lib:/home/bxi_nx/ws_livox/install/interface/lib:/home/bxi_nx/ws_livox/install/communication/lib:/home/bxi_nx/gtsam/build/gtsam/libgtsam.so.4:/opt/ros/humble/opt/rviz_ogre_vendor/lib:/opt/ros/humble/lib/aarch64-linux-gnu:/opt/ros/humble/lib:/usr/local/cuda-12.6/lib64 PKG_CONFIG_PATH=/home/bxi_nx/ht_ws/install/vikit_common/lib/aarch64-linux-gnu/pkgconfig:/home/bxi_nx/ht_ws/install/vikit_common/lib/pkgconfig ROS_PACKAGE_PATH=/home/bxi_nx/ht_ws/install/vikit_common/share /usr/bin/cmake --build /home/bxi_nx/ht_ws/build/fast_livo -- -j8 -l8
