[0.146s] Invoking command in '/home/bxi_nx/ht_ws/build/ht_package': CMAKE_PREFIX_PATH=${CMAKE_PREFIX_PATH}:/opt/ros/humble /usr/bin/cmake --build /home/bxi_nx/ht_ws/build/ht_package -- -j8 -l8
[0.991s] Invoked command in '/home/bxi_nx/ht_ws/build/ht_package' returned '0': CMAKE_PREFIX_PATH=${CMAKE_PREFIX_PATH}:/opt/ros/humble /usr/bin/cmake --build /home/bxi_nx/ht_ws/build/ht_package -- -j8 -l8
[0.994s] Invoking command in '/home/bxi_nx/ht_ws/build/ht_package': CMAKE_PREFIX_PATH=${CMAKE_PREFIX_PATH}:/opt/ros/humble /usr/bin/cmake --install /home/bxi_nx/ht_ws/build/ht_package
[1.034s] -- Install configuration: ""
[1.034s] -- Up-to-date: /home/bxi_nx/ht_ws/install/ht_package/share/ament_index/resource_index/package_run_dependencies/ht_package
[1.034s] -- Up-to-date: /home/bxi_nx/ht_ws/install/ht_package/share/ament_index/resource_index/parent_prefix_path/ht_package
[1.034s] -- Up-to-date: /home/bxi_nx/ht_ws/install/ht_package/share/ht_package/environment/ament_prefix_path.sh
[1.035s] -- Up-to-date: /home/bxi_nx/ht_ws/install/ht_package/share/ht_package/environment/ament_prefix_path.dsv
[1.035s] -- Up-to-date: /home/bxi_nx/ht_ws/install/ht_package/share/ht_package/environment/path.sh
[1.035s] -- Up-to-date: /home/bxi_nx/ht_ws/install/ht_package/share/ht_package/environment/path.dsv
[1.035s] -- Up-to-date: /home/bxi_nx/ht_ws/install/ht_package/share/ht_package/local_setup.bash
[1.035s] -- Up-to-date: /home/bxi_nx/ht_ws/install/ht_package/share/ht_package/local_setup.sh
[1.035s] -- Up-to-date: /home/bxi_nx/ht_ws/install/ht_package/share/ht_package/local_setup.zsh
[1.035s] -- Up-to-date: /home/bxi_nx/ht_ws/install/ht_package/share/ht_package/local_setup.dsv
[1.035s] -- Installing: /home/bxi_nx/ht_ws/install/ht_package/share/ht_package/package.dsv
[1.035s] -- Up-to-date: /home/bxi_nx/ht_ws/install/ht_package/share/ament_index/resource_index/packages/ht_package
[1.035s] -- Up-to-date: /home/bxi_nx/ht_ws/install/ht_package/share/ht_package/cmake/ht_packageConfig.cmake
[1.036s] -- Up-to-date: /home/bxi_nx/ht_ws/install/ht_package/share/ht_package/cmake/ht_packageConfig-version.cmake
[1.036s] -- Up-to-date: /home/bxi_nx/ht_ws/install/ht_package/share/ht_package/package.xml
[1.036s] Invoked command in '/home/bxi_nx/ht_ws/build/ht_package' returned '0': CMAKE_PREFIX_PATH=${CMAKE_PREFIX_PATH}:/opt/ros/humble /usr/bin/cmake --install /home/bxi_nx/ht_ws/build/ht_package
