[0.054s] DEBUG:colcon:Command line arguments: ['/usr/bin/colcon', 'build']
[0.054s] DEBUG:colcon:Parsed command line arguments: Namespace(log_base=None, log_level=None, verb_name='build', build_base='build', install_base='install', merge_install=False, symlink_install=False, test_result_base=None, continue_on_error=False, executor='parallel', parallel_workers=16, event_handlers=None, ignore_user_meta=False, metas=['./colcon.meta'], base_paths=['.'], packages_ignore=None, packages_ignore_regex=None, paths=None, packages_up_to=None, packages_up_to_regex=None, packages_above=None, packages_above_and_dependencies=None, packages_above_depth=None, packages_select_by_dep=None, packages_skip_by_dep=None, packages_skip_up_to=None, packages_select_build_failed=False, packages_skip_build_finished=False, packages_select_test_failures=False, packages_skip_test_passed=False, packages_select=None, packages_skip=None, packages_select_regex=None, packages_skip_regex=None, packages_start=None, packages_end=None, allow_overriding=[], cmake_args=None, cmake_target=None, cmake_target_skip_unavailable=False, cmake_clean_cache=False, cmake_clean_first=False, cmake_force_configure=False, ament_cmake_args=None, catkin_cmake_args=None, catkin_skip_building_tests=False, verb_parser=<colcon_defaults.argument_parser.defaults.DefaultArgumentsDecorator object at 0x789a1ab31780>, verb_extension=<colcon_core.verb.build.BuildVerb object at 0x789a1ab31270>, main=<bound method BuildVerb.main of <colcon_core.verb.build.BuildVerb object at 0x789a1ab31270>>)
[0.143s] Level 1:colcon.colcon_core.package_discovery:discover_packages(colcon_meta) check parameters
[0.143s] Level 1:colcon.colcon_core.package_discovery:discover_packages(recursive) check parameters
[0.143s] Level 1:colcon.colcon_core.package_discovery:discover_packages(ignore) check parameters
[0.143s] Level 1:colcon.colcon_core.package_discovery:discover_packages(path) check parameters
[0.143s] Level 1:colcon.colcon_core.package_discovery:discover_packages(colcon_meta) discover
[0.143s] Level 1:colcon.colcon_core.package_discovery:discover_packages(recursive) discover
[0.143s] INFO:colcon.colcon_core.package_discovery:Crawling recursively for packages in '/home/ht/ht_ws'
[0.144s] Level 1:colcon.colcon_core.package_identification:_identify(.) by extensions ['ignore', 'ignore_ament_install']
[0.144s] Level 1:colcon.colcon_core.package_identification:_identify(.) by extension 'ignore'
[0.144s] Level 1:colcon.colcon_core.package_identification:_identify(.) by extension 'ignore_ament_install'
[0.144s] Level 1:colcon.colcon_core.package_identification:_identify(.) by extensions ['colcon_pkg']
[0.144s] Level 1:colcon.colcon_core.package_identification:_identify(.) by extension 'colcon_pkg'
[0.144s] Level 1:colcon.colcon_core.package_identification:_identify(.) by extensions ['colcon_meta']
[0.144s] Level 1:colcon.colcon_core.package_identification:_identify(.) by extension 'colcon_meta'
[0.144s] Level 1:colcon.colcon_core.package_identification:_identify(.) by extensions ['ros']
[0.144s] Level 1:colcon.colcon_core.package_identification:_identify(.) by extension 'ros'
[0.150s] Level 1:colcon.colcon_core.package_identification:_identify(.) by extensions ['cmake', 'python']
[0.150s] Level 1:colcon.colcon_core.package_identification:_identify(.) by extension 'cmake'
[0.150s] Level 1:colcon.colcon_core.package_identification:_identify(.) by extension 'python'
[0.150s] Level 1:colcon.colcon_core.package_identification:_identify(.) by extensions ['python_setup_py']
[0.150s] Level 1:colcon.colcon_core.package_identification:_identify(.) by extension 'python_setup_py'
[0.150s] Level 1:colcon.colcon_core.package_identification:_identify(build) by extensions ['ignore', 'ignore_ament_install']
[0.150s] Level 1:colcon.colcon_core.package_identification:_identify(build) by extension 'ignore'
[0.150s] Level 1:colcon.colcon_core.package_identification:_identify(build) ignored
[0.150s] Level 1:colcon.colcon_core.package_identification:_identify(install) by extensions ['ignore', 'ignore_ament_install']
[0.150s] Level 1:colcon.colcon_core.package_identification:_identify(install) by extension 'ignore'
[0.150s] Level 1:colcon.colcon_core.package_identification:_identify(install) ignored
[0.151s] Level 1:colcon.colcon_core.package_identification:_identify(log) by extensions ['ignore', 'ignore_ament_install']
[0.151s] Level 1:colcon.colcon_core.package_identification:_identify(log) by extension 'ignore'
[0.151s] Level 1:colcon.colcon_core.package_identification:_identify(log) ignored
[0.151s] Level 1:colcon.colcon_core.package_identification:_identify(src) by extensions ['ignore', 'ignore_ament_install']
[0.151s] Level 1:colcon.colcon_core.package_identification:_identify(src) by extension 'ignore'
[0.151s] Level 1:colcon.colcon_core.package_identification:_identify(src) by extension 'ignore_ament_install'
[0.151s] Level 1:colcon.colcon_core.package_identification:_identify(src) by extensions ['colcon_pkg']
[0.151s] Level 1:colcon.colcon_core.package_identification:_identify(src) by extension 'colcon_pkg'
[0.151s] Level 1:colcon.colcon_core.package_identification:_identify(src) by extensions ['colcon_meta']
[0.151s] Level 1:colcon.colcon_core.package_identification:_identify(src) by extension 'colcon_meta'
[0.151s] Level 1:colcon.colcon_core.package_identification:_identify(src) by extensions ['ros']
[0.151s] Level 1:colcon.colcon_core.package_identification:_identify(src) by extension 'ros'
[0.151s] Level 1:colcon.colcon_core.package_identification:_identify(src) by extensions ['cmake', 'python']
[0.151s] Level 1:colcon.colcon_core.package_identification:_identify(src) by extension 'cmake'
[0.151s] Level 1:colcon.colcon_core.package_identification:_identify(src) by extension 'python'
[0.151s] Level 1:colcon.colcon_core.package_identification:_identify(src) by extensions ['python_setup_py']
[0.151s] Level 1:colcon.colcon_core.package_identification:_identify(src) by extension 'python_setup_py'
[0.151s] Level 1:colcon.colcon_core.package_identification:_identify(src/FAST-LIVO2) by extensions ['ignore', 'ignore_ament_install']
[0.151s] Level 1:colcon.colcon_core.package_identification:_identify(src/FAST-LIVO2) by extension 'ignore'
[0.151s] Level 1:colcon.colcon_core.package_identification:_identify(src/FAST-LIVO2) by extension 'ignore_ament_install'
[0.151s] Level 1:colcon.colcon_core.package_identification:_identify(src/FAST-LIVO2) by extensions ['colcon_pkg']
[0.151s] Level 1:colcon.colcon_core.package_identification:_identify(src/FAST-LIVO2) by extension 'colcon_pkg'
[0.151s] Level 1:colcon.colcon_core.package_identification:_identify(src/FAST-LIVO2) by extensions ['colcon_meta']
[0.151s] Level 1:colcon.colcon_core.package_identification:_identify(src/FAST-LIVO2) by extension 'colcon_meta'
[0.151s] Level 1:colcon.colcon_core.package_identification:_identify(src/FAST-LIVO2) by extensions ['ros']
[0.151s] Level 1:colcon.colcon_core.package_identification:_identify(src/FAST-LIVO2) by extension 'ros'
[0.153s] DEBUG:colcon.colcon_core.package_identification:Package 'src/FAST-LIVO2' with type 'ros.ament_cmake' and name 'fast_livo'
[0.153s] Level 1:colcon.colcon_core.package_identification:_identify(src/bot_navigation2) by extensions ['ignore', 'ignore_ament_install']
[0.153s] Level 1:colcon.colcon_core.package_identification:_identify(src/bot_navigation2) by extension 'ignore'
[0.154s] Level 1:colcon.colcon_core.package_identification:_identify(src/bot_navigation2) by extension 'ignore_ament_install'
[0.154s] Level 1:colcon.colcon_core.package_identification:_identify(src/bot_navigation2) by extensions ['colcon_pkg']
[0.154s] Level 1:colcon.colcon_core.package_identification:_identify(src/bot_navigation2) by extension 'colcon_pkg'
[0.154s] Level 1:colcon.colcon_core.package_identification:_identify(src/bot_navigation2) by extensions ['colcon_meta']
[0.154s] Level 1:colcon.colcon_core.package_identification:_identify(src/bot_navigation2) by extension 'colcon_meta'
[0.154s] Level 1:colcon.colcon_core.package_identification:_identify(src/bot_navigation2) by extensions ['ros']
[0.154s] Level 1:colcon.colcon_core.package_identification:_identify(src/bot_navigation2) by extension 'ros'
[0.154s] DEBUG:colcon.colcon_core.package_identification:Package 'src/bot_navigation2' with type 'ros.ament_cmake' and name 'bot_navigation2'
[0.154s] Level 1:colcon.colcon_core.package_identification:_identify(src/ht_package) by extensions ['ignore', 'ignore_ament_install']
[0.154s] Level 1:colcon.colcon_core.package_identification:_identify(src/ht_package) by extension 'ignore'
[0.154s] Level 1:colcon.colcon_core.package_identification:_identify(src/ht_package) by extension 'ignore_ament_install'
[0.154s] Level 1:colcon.colcon_core.package_identification:_identify(src/ht_package) by extensions ['colcon_pkg']
[0.154s] Level 1:colcon.colcon_core.package_identification:_identify(src/ht_package) by extension 'colcon_pkg'
[0.154s] Level 1:colcon.colcon_core.package_identification:_identify(src/ht_package) by extensions ['colcon_meta']
[0.154s] Level 1:colcon.colcon_core.package_identification:_identify(src/ht_package) by extension 'colcon_meta'
[0.154s] Level 1:colcon.colcon_core.package_identification:_identify(src/ht_package) by extensions ['ros']
[0.154s] Level 1:colcon.colcon_core.package_identification:_identify(src/ht_package) by extension 'ros'
[0.155s] DEBUG:colcon.colcon_core.package_identification:Package 'src/ht_package' with type 'ros.ament_cmake' and name 'ht_package'
[0.155s] Level 1:colcon.colcon_core.package_identification:_identify(src/octomap_ros2) by extensions ['ignore', 'ignore_ament_install']
[0.155s] Level 1:colcon.colcon_core.package_identification:_identify(src/octomap_ros2) by extension 'ignore'
[0.155s] Level 1:colcon.colcon_core.package_identification:_identify(src/octomap_ros2) by extension 'ignore_ament_install'
[0.155s] Level 1:colcon.colcon_core.package_identification:_identify(src/octomap_ros2) by extensions ['colcon_pkg']
[0.155s] Level 1:colcon.colcon_core.package_identification:_identify(src/octomap_ros2) by extension 'colcon_pkg'
[0.155s] Level 1:colcon.colcon_core.package_identification:_identify(src/octomap_ros2) by extensions ['colcon_meta']
[0.155s] Level 1:colcon.colcon_core.package_identification:_identify(src/octomap_ros2) by extension 'colcon_meta'
[0.155s] Level 1:colcon.colcon_core.package_identification:_identify(src/octomap_ros2) by extensions ['ros']
[0.155s] Level 1:colcon.colcon_core.package_identification:_identify(src/octomap_ros2) by extension 'ros'
[0.155s] Level 1:colcon.colcon_core.package_identification:_identify(src/octomap_ros2) by extensions ['cmake', 'python']
[0.155s] Level 1:colcon.colcon_core.package_identification:_identify(src/octomap_ros2) by extension 'cmake'
[0.155s] Level 1:colcon.colcon_core.package_identification:_identify(src/octomap_ros2) by extension 'python'
[0.155s] Level 1:colcon.colcon_core.package_identification:_identify(src/octomap_ros2) by extensions ['python_setup_py']
[0.155s] Level 1:colcon.colcon_core.package_identification:_identify(src/octomap_ros2) by extension 'python_setup_py'
[0.155s] Level 1:colcon.colcon_core.package_identification:_identify(src/realsense-ros) by extensions ['ignore', 'ignore_ament_install']
[0.155s] Level 1:colcon.colcon_core.package_identification:_identify(src/realsense-ros) by extension 'ignore'
[0.155s] Level 1:colcon.colcon_core.package_identification:_identify(src/realsense-ros) by extension 'ignore_ament_install'
[0.155s] Level 1:colcon.colcon_core.package_identification:_identify(src/realsense-ros) by extensions ['colcon_pkg']
[0.155s] Level 1:colcon.colcon_core.package_identification:_identify(src/realsense-ros) by extension 'colcon_pkg'
[0.156s] Level 1:colcon.colcon_core.package_identification:_identify(src/realsense-ros) by extensions ['colcon_meta']
[0.156s] Level 1:colcon.colcon_core.package_identification:_identify(src/realsense-ros) by extension 'colcon_meta'
[0.156s] Level 1:colcon.colcon_core.package_identification:_identify(src/realsense-ros) by extensions ['ros']
[0.156s] Level 1:colcon.colcon_core.package_identification:_identify(src/realsense-ros) by extension 'ros'
[0.156s] Level 1:colcon.colcon_core.package_identification:_identify(src/realsense-ros) by extensions ['cmake', 'python']
[0.156s] Level 1:colcon.colcon_core.package_identification:_identify(src/realsense-ros) by extension 'cmake'
[0.156s] Level 1:colcon.colcon_core.package_identification:_identify(src/realsense-ros) by extension 'python'
[0.156s] Level 1:colcon.colcon_core.package_identification:_identify(src/realsense-ros) by extensions ['python_setup_py']
[0.156s] Level 1:colcon.colcon_core.package_identification:_identify(src/realsense-ros) by extension 'python_setup_py'
[0.156s] Level 1:colcon.colcon_core.package_identification:_identify(src/realsense-ros/realsense2_camera) by extensions ['ignore', 'ignore_ament_install']
[0.156s] Level 1:colcon.colcon_core.package_identification:_identify(src/realsense-ros/realsense2_camera) by extension 'ignore'
[0.156s] Level 1:colcon.colcon_core.package_identification:_identify(src/realsense-ros/realsense2_camera) by extension 'ignore_ament_install'
[0.156s] Level 1:colcon.colcon_core.package_identification:_identify(src/realsense-ros/realsense2_camera) by extensions ['colcon_pkg']
[0.156s] Level 1:colcon.colcon_core.package_identification:_identify(src/realsense-ros/realsense2_camera) by extension 'colcon_pkg'
[0.156s] Level 1:colcon.colcon_core.package_identification:_identify(src/realsense-ros/realsense2_camera) by extensions ['colcon_meta']
[0.156s] Level 1:colcon.colcon_core.package_identification:_identify(src/realsense-ros/realsense2_camera) by extension 'colcon_meta'
[0.156s] Level 1:colcon.colcon_core.package_identification:_identify(src/realsense-ros/realsense2_camera) by extensions ['ros']
[0.156s] Level 1:colcon.colcon_core.package_identification:_identify(src/realsense-ros/realsense2_camera) by extension 'ros'
[0.158s] DEBUG:colcon.colcon_core.package_identification:Package 'src/realsense-ros/realsense2_camera' with type 'ros.ament_cmake' and name 'realsense2_camera'
[0.158s] Level 1:colcon.colcon_core.package_identification:_identify(src/realsense-ros/realsense2_camera_msgs) by extensions ['ignore', 'ignore_ament_install']
[0.158s] Level 1:colcon.colcon_core.package_identification:_identify(src/realsense-ros/realsense2_camera_msgs) by extension 'ignore'
[0.158s] Level 1:colcon.colcon_core.package_identification:_identify(src/realsense-ros/realsense2_camera_msgs) by extension 'ignore_ament_install'
[0.158s] Level 1:colcon.colcon_core.package_identification:_identify(src/realsense-ros/realsense2_camera_msgs) by extensions ['colcon_pkg']
[0.158s] Level 1:colcon.colcon_core.package_identification:_identify(src/realsense-ros/realsense2_camera_msgs) by extension 'colcon_pkg'
[0.158s] Level 1:colcon.colcon_core.package_identification:_identify(src/realsense-ros/realsense2_camera_msgs) by extensions ['colcon_meta']
[0.158s] Level 1:colcon.colcon_core.package_identification:_identify(src/realsense-ros/realsense2_camera_msgs) by extension 'colcon_meta'
[0.158s] Level 1:colcon.colcon_core.package_identification:_identify(src/realsense-ros/realsense2_camera_msgs) by extensions ['ros']
[0.158s] Level 1:colcon.colcon_core.package_identification:_identify(src/realsense-ros/realsense2_camera_msgs) by extension 'ros'
[0.159s] DEBUG:colcon.colcon_core.package_identification:Package 'src/realsense-ros/realsense2_camera_msgs' with type 'ros.ament_cmake' and name 'realsense2_camera_msgs'
[0.159s] Level 1:colcon.colcon_core.package_identification:_identify(src/realsense-ros/realsense2_description) by extensions ['ignore', 'ignore_ament_install']
[0.159s] Level 1:colcon.colcon_core.package_identification:_identify(src/realsense-ros/realsense2_description) by extension 'ignore'
[0.159s] Level 1:colcon.colcon_core.package_identification:_identify(src/realsense-ros/realsense2_description) by extension 'ignore_ament_install'
[0.159s] Level 1:colcon.colcon_core.package_identification:_identify(src/realsense-ros/realsense2_description) by extensions ['colcon_pkg']
[0.159s] Level 1:colcon.colcon_core.package_identification:_identify(src/realsense-ros/realsense2_description) by extension 'colcon_pkg'
[0.159s] Level 1:colcon.colcon_core.package_identification:_identify(src/realsense-ros/realsense2_description) by extensions ['colcon_meta']
[0.159s] Level 1:colcon.colcon_core.package_identification:_identify(src/realsense-ros/realsense2_description) by extension 'colcon_meta'
[0.159s] Level 1:colcon.colcon_core.package_identification:_identify(src/realsense-ros/realsense2_description) by extensions ['ros']
[0.159s] Level 1:colcon.colcon_core.package_identification:_identify(src/realsense-ros/realsense2_description) by extension 'ros'
[0.173s] DEBUG:colcon.colcon_core.package_identification:Package 'src/realsense-ros/realsense2_description' with type 'ros.ament_cmake' and name 'realsense2_description'
[0.173s] Level 1:colcon.colcon_core.package_identification:_identify(src/realsense-ros/scripts) by extensions ['ignore', 'ignore_ament_install']
[0.173s] Level 1:colcon.colcon_core.package_identification:_identify(src/realsense-ros/scripts) by extension 'ignore'
[0.173s] Level 1:colcon.colcon_core.package_identification:_identify(src/realsense-ros/scripts) by extension 'ignore_ament_install'
[0.173s] Level 1:colcon.colcon_core.package_identification:_identify(src/realsense-ros/scripts) by extensions ['colcon_pkg']
[0.173s] Level 1:colcon.colcon_core.package_identification:_identify(src/realsense-ros/scripts) by extension 'colcon_pkg'
[0.173s] Level 1:colcon.colcon_core.package_identification:_identify(src/realsense-ros/scripts) by extensions ['colcon_meta']
[0.173s] Level 1:colcon.colcon_core.package_identification:_identify(src/realsense-ros/scripts) by extension 'colcon_meta'
[0.173s] Level 1:colcon.colcon_core.package_identification:_identify(src/realsense-ros/scripts) by extensions ['ros']
[0.173s] Level 1:colcon.colcon_core.package_identification:_identify(src/realsense-ros/scripts) by extension 'ros'
[0.173s] Level 1:colcon.colcon_core.package_identification:_identify(src/realsense-ros/scripts) by extensions ['cmake', 'python']
[0.173s] Level 1:colcon.colcon_core.package_identification:_identify(src/realsense-ros/scripts) by extension 'cmake'
[0.173s] Level 1:colcon.colcon_core.package_identification:_identify(src/realsense-ros/scripts) by extension 'python'
[0.173s] Level 1:colcon.colcon_core.package_identification:_identify(src/realsense-ros/scripts) by extensions ['python_setup_py']
[0.173s] Level 1:colcon.colcon_core.package_identification:_identify(src/realsense-ros/scripts) by extension 'python_setup_py'
[0.173s] Level 1:colcon.colcon_core.package_identification:_identify(src/rpg_vikit) by extensions ['ignore', 'ignore_ament_install']
[0.173s] Level 1:colcon.colcon_core.package_identification:_identify(src/rpg_vikit) by extension 'ignore'
[0.173s] Level 1:colcon.colcon_core.package_identification:_identify(src/rpg_vikit) by extension 'ignore_ament_install'
[0.173s] Level 1:colcon.colcon_core.package_identification:_identify(src/rpg_vikit) by extensions ['colcon_pkg']
[0.173s] Level 1:colcon.colcon_core.package_identification:_identify(src/rpg_vikit) by extension 'colcon_pkg'
[0.173s] Level 1:colcon.colcon_core.package_identification:_identify(src/rpg_vikit) by extensions ['colcon_meta']
[0.173s] Level 1:colcon.colcon_core.package_identification:_identify(src/rpg_vikit) by extension 'colcon_meta'
[0.173s] Level 1:colcon.colcon_core.package_identification:_identify(src/rpg_vikit) by extensions ['ros']
[0.173s] Level 1:colcon.colcon_core.package_identification:_identify(src/rpg_vikit) by extension 'ros'
[0.173s] Level 1:colcon.colcon_core.package_identification:_identify(src/rpg_vikit) by extensions ['cmake', 'python']
[0.173s] Level 1:colcon.colcon_core.package_identification:_identify(src/rpg_vikit) by extension 'cmake'
[0.173s] Level 1:colcon.colcon_core.package_identification:_identify(src/rpg_vikit) by extension 'python'
[0.173s] Level 1:colcon.colcon_core.package_identification:_identify(src/rpg_vikit) by extensions ['python_setup_py']
[0.173s] Level 1:colcon.colcon_core.package_identification:_identify(src/rpg_vikit) by extension 'python_setup_py'
[0.173s] Level 1:colcon.colcon_core.package_identification:_identify(src/rpg_vikit/vikit_common) by extensions ['ignore', 'ignore_ament_install']
[0.173s] Level 1:colcon.colcon_core.package_identification:_identify(src/rpg_vikit/vikit_common) by extension 'ignore'
[0.174s] Level 1:colcon.colcon_core.package_identification:_identify(src/rpg_vikit/vikit_common) by extension 'ignore_ament_install'
[0.174s] Level 1:colcon.colcon_core.package_identification:_identify(src/rpg_vikit/vikit_common) by extensions ['colcon_pkg']
[0.174s] Level 1:colcon.colcon_core.package_identification:_identify(src/rpg_vikit/vikit_common) by extension 'colcon_pkg'
[0.174s] Level 1:colcon.colcon_core.package_identification:_identify(src/rpg_vikit/vikit_common) by extensions ['colcon_meta']
[0.174s] Level 1:colcon.colcon_core.package_identification:_identify(src/rpg_vikit/vikit_common) by extension 'colcon_meta'
[0.174s] Level 1:colcon.colcon_core.package_identification:_identify(src/rpg_vikit/vikit_common) by extensions ['ros']
[0.174s] Level 1:colcon.colcon_core.package_identification:_identify(src/rpg_vikit/vikit_common) by extension 'ros'
[0.174s] DEBUG:colcon.colcon_core.package_identification:Package 'src/rpg_vikit/vikit_common' with type 'ros.catkin' and name 'vikit_common'
[0.174s] Level 1:colcon.colcon_core.package_identification:_identify(src/rpg_vikit/vikit_ros) by extensions ['ignore', 'ignore_ament_install']
[0.174s] Level 1:colcon.colcon_core.package_identification:_identify(src/rpg_vikit/vikit_ros) by extension 'ignore'
[0.174s] Level 1:colcon.colcon_core.package_identification:_identify(src/rpg_vikit/vikit_ros) by extension 'ignore_ament_install'
[0.174s] Level 1:colcon.colcon_core.package_identification:_identify(src/rpg_vikit/vikit_ros) by extensions ['colcon_pkg']
[0.174s] Level 1:colcon.colcon_core.package_identification:_identify(src/rpg_vikit/vikit_ros) by extension 'colcon_pkg'
[0.174s] Level 1:colcon.colcon_core.package_identification:_identify(src/rpg_vikit/vikit_ros) by extensions ['colcon_meta']
[0.174s] Level 1:colcon.colcon_core.package_identification:_identify(src/rpg_vikit/vikit_ros) by extension 'colcon_meta'
[0.174s] Level 1:colcon.colcon_core.package_identification:_identify(src/rpg_vikit/vikit_ros) by extensions ['ros']
[0.174s] Level 1:colcon.colcon_core.package_identification:_identify(src/rpg_vikit/vikit_ros) by extension 'ros'
[0.175s] DEBUG:colcon.colcon_core.package_identification:Package 'src/rpg_vikit/vikit_ros' with type 'ros.ament_cmake' and name 'vikit_ros'
[0.175s] Level 1:colcon.colcon_core.package_discovery:discover_packages(recursive) using defaults
[0.175s] Level 1:colcon.colcon_core.package_discovery:discover_packages(ignore) discover
[0.175s] Level 1:colcon.colcon_core.package_discovery:discover_packages(ignore) using defaults
[0.175s] Level 1:colcon.colcon_core.package_discovery:discover_packages(path) discover
[0.175s] Level 1:colcon.colcon_core.package_discovery:discover_packages(path) using defaults
[0.189s] Level 1:colcon.colcon_core.package_discovery:discover_packages(prefix_path) check parameters
[0.189s] Level 1:colcon.colcon_core.package_discovery:discover_packages(prefix_path) discover
[0.191s] DEBUG:colcon.colcon_installed_package_information.package_discovery:Found 519 installed packages in /opt/ros/humble
[0.193s] Level 1:colcon.colcon_core.package_discovery:discover_packages(prefix_path) using defaults
[0.223s] Level 5:colcon.colcon_core.verb:set package 'bot_navigation2' build argument 'cmake_args' from command line to 'None'
[0.223s] Level 5:colcon.colcon_core.verb:set package 'bot_navigation2' build argument 'cmake_target' from command line to 'None'
[0.223s] Level 5:colcon.colcon_core.verb:set package 'bot_navigation2' build argument 'cmake_target_skip_unavailable' from command line to 'False'
[0.223s] Level 5:colcon.colcon_core.verb:set package 'bot_navigation2' build argument 'cmake_clean_cache' from command line to 'False'
[0.223s] Level 5:colcon.colcon_core.verb:set package 'bot_navigation2' build argument 'cmake_clean_first' from command line to 'False'
[0.223s] Level 5:colcon.colcon_core.verb:set package 'bot_navigation2' build argument 'cmake_force_configure' from command line to 'False'
[0.223s] Level 5:colcon.colcon_core.verb:set package 'bot_navigation2' build argument 'ament_cmake_args' from command line to 'None'
[0.223s] Level 5:colcon.colcon_core.verb:set package 'bot_navigation2' build argument 'catkin_cmake_args' from command line to 'None'
[0.223s] Level 5:colcon.colcon_core.verb:set package 'bot_navigation2' build argument 'catkin_skip_building_tests' from command line to 'False'
[0.223s] DEBUG:colcon.colcon_core.verb:Building package 'bot_navigation2' with the following arguments: {'ament_cmake_args': None, 'build_base': '/home/ht/ht_ws/build/bot_navigation2', 'catkin_cmake_args': None, 'catkin_skip_building_tests': False, 'cmake_args': None, 'cmake_clean_cache': False, 'cmake_clean_first': False, 'cmake_force_configure': False, 'cmake_target': None, 'cmake_target_skip_unavailable': False, 'install_base': '/home/ht/ht_ws/install/bot_navigation2', 'merge_install': False, 'path': '/home/ht/ht_ws/src/bot_navigation2', 'symlink_install': False, 'test_result_base': None}
[0.223s] Level 5:colcon.colcon_core.verb:set package 'ht_package' build argument 'cmake_args' from command line to 'None'
[0.223s] Level 5:colcon.colcon_core.verb:set package 'ht_package' build argument 'cmake_target' from command line to 'None'
[0.223s] Level 5:colcon.colcon_core.verb:set package 'ht_package' build argument 'cmake_target_skip_unavailable' from command line to 'False'
[0.223s] Level 5:colcon.colcon_core.verb:set package 'ht_package' build argument 'cmake_clean_cache' from command line to 'False'
[0.223s] Level 5:colcon.colcon_core.verb:set package 'ht_package' build argument 'cmake_clean_first' from command line to 'False'
[0.223s] Level 5:colcon.colcon_core.verb:set package 'ht_package' build argument 'cmake_force_configure' from command line to 'False'
[0.223s] Level 5:colcon.colcon_core.verb:set package 'ht_package' build argument 'ament_cmake_args' from command line to 'None'
[0.223s] Level 5:colcon.colcon_core.verb:set package 'ht_package' build argument 'catkin_cmake_args' from command line to 'None'
[0.223s] Level 5:colcon.colcon_core.verb:set package 'ht_package' build argument 'catkin_skip_building_tests' from command line to 'False'
[0.223s] DEBUG:colcon.colcon_core.verb:Building package 'ht_package' with the following arguments: {'ament_cmake_args': None, 'build_base': '/home/ht/ht_ws/build/ht_package', 'catkin_cmake_args': None, 'catkin_skip_building_tests': False, 'cmake_args': None, 'cmake_clean_cache': False, 'cmake_clean_first': False, 'cmake_force_configure': False, 'cmake_target': None, 'cmake_target_skip_unavailable': False, 'install_base': '/home/ht/ht_ws/install/ht_package', 'merge_install': False, 'path': '/home/ht/ht_ws/src/ht_package', 'symlink_install': False, 'test_result_base': None}
[0.223s] Level 5:colcon.colcon_core.verb:set package 'realsense2_camera_msgs' build argument 'cmake_args' from command line to 'None'
[0.223s] Level 5:colcon.colcon_core.verb:set package 'realsense2_camera_msgs' build argument 'cmake_target' from command line to 'None'
[0.223s] Level 5:colcon.colcon_core.verb:set package 'realsense2_camera_msgs' build argument 'cmake_target_skip_unavailable' from command line to 'False'
[0.223s] Level 5:colcon.colcon_core.verb:set package 'realsense2_camera_msgs' build argument 'cmake_clean_cache' from command line to 'False'
[0.223s] Level 5:colcon.colcon_core.verb:set package 'realsense2_camera_msgs' build argument 'cmake_clean_first' from command line to 'False'
[0.223s] Level 5:colcon.colcon_core.verb:set package 'realsense2_camera_msgs' build argument 'cmake_force_configure' from command line to 'False'
[0.223s] Level 5:colcon.colcon_core.verb:set package 'realsense2_camera_msgs' build argument 'ament_cmake_args' from command line to 'None'
[0.223s] Level 5:colcon.colcon_core.verb:set package 'realsense2_camera_msgs' build argument 'catkin_cmake_args' from command line to 'None'
[0.223s] Level 5:colcon.colcon_core.verb:set package 'realsense2_camera_msgs' build argument 'catkin_skip_building_tests' from command line to 'False'
[0.223s] DEBUG:colcon.colcon_core.verb:Building package 'realsense2_camera_msgs' with the following arguments: {'ament_cmake_args': None, 'build_base': '/home/ht/ht_ws/build/realsense2_camera_msgs', 'catkin_cmake_args': None, 'catkin_skip_building_tests': False, 'cmake_args': None, 'cmake_clean_cache': False, 'cmake_clean_first': False, 'cmake_force_configure': False, 'cmake_target': None, 'cmake_target_skip_unavailable': False, 'install_base': '/home/ht/ht_ws/install/realsense2_camera_msgs', 'merge_install': False, 'path': '/home/ht/ht_ws/src/realsense-ros/realsense2_camera_msgs', 'symlink_install': False, 'test_result_base': None}
[0.224s] Level 5:colcon.colcon_core.verb:set package 'vikit_common' build argument 'cmake_args' from command line to 'None'
[0.224s] Level 5:colcon.colcon_core.verb:set package 'vikit_common' build argument 'cmake_target' from command line to 'None'
[0.224s] Level 5:colcon.colcon_core.verb:set package 'vikit_common' build argument 'cmake_target_skip_unavailable' from command line to 'False'
[0.224s] Level 5:colcon.colcon_core.verb:set package 'vikit_common' build argument 'cmake_clean_cache' from command line to 'False'
[0.224s] Level 5:colcon.colcon_core.verb:set package 'vikit_common' build argument 'cmake_clean_first' from command line to 'False'
[0.224s] Level 5:colcon.colcon_core.verb:set package 'vikit_common' build argument 'cmake_force_configure' from command line to 'False'
[0.224s] Level 5:colcon.colcon_core.verb:set package 'vikit_common' build argument 'ament_cmake_args' from command line to 'None'
[0.224s] Level 5:colcon.colcon_core.verb:set package 'vikit_common' build argument 'catkin_cmake_args' from command line to 'None'
[0.224s] Level 5:colcon.colcon_core.verb:set package 'vikit_common' build argument 'catkin_skip_building_tests' from command line to 'False'
[0.224s] DEBUG:colcon.colcon_core.verb:Building package 'vikit_common' with the following arguments: {'ament_cmake_args': None, 'build_base': '/home/ht/ht_ws/build/vikit_common', 'catkin_cmake_args': None, 'catkin_skip_building_tests': False, 'cmake_args': None, 'cmake_clean_cache': False, 'cmake_clean_first': False, 'cmake_force_configure': False, 'cmake_target': None, 'cmake_target_skip_unavailable': False, 'install_base': '/home/ht/ht_ws/install/vikit_common', 'merge_install': False, 'path': '/home/ht/ht_ws/src/rpg_vikit/vikit_common', 'symlink_install': False, 'test_result_base': None}
[0.224s] Level 5:colcon.colcon_core.verb:set package 'realsense2_camera' build argument 'cmake_args' from command line to 'None'
[0.224s] Level 5:colcon.colcon_core.verb:set package 'realsense2_camera' build argument 'cmake_target' from command line to 'None'
[0.224s] Level 5:colcon.colcon_core.verb:set package 'realsense2_camera' build argument 'cmake_target_skip_unavailable' from command line to 'False'
[0.224s] Level 5:colcon.colcon_core.verb:set package 'realsense2_camera' build argument 'cmake_clean_cache' from command line to 'False'
[0.224s] Level 5:colcon.colcon_core.verb:set package 'realsense2_camera' build argument 'cmake_clean_first' from command line to 'False'
[0.224s] Level 5:colcon.colcon_core.verb:set package 'realsense2_camera' build argument 'cmake_force_configure' from command line to 'False'
[0.224s] Level 5:colcon.colcon_core.verb:set package 'realsense2_camera' build argument 'ament_cmake_args' from command line to 'None'
[0.224s] Level 5:colcon.colcon_core.verb:set package 'realsense2_camera' build argument 'catkin_cmake_args' from command line to 'None'
[0.224s] Level 5:colcon.colcon_core.verb:set package 'realsense2_camera' build argument 'catkin_skip_building_tests' from command line to 'False'
[0.224s] DEBUG:colcon.colcon_core.verb:Building package 'realsense2_camera' with the following arguments: {'ament_cmake_args': None, 'build_base': '/home/ht/ht_ws/build/realsense2_camera', 'catkin_cmake_args': None, 'catkin_skip_building_tests': False, 'cmake_args': None, 'cmake_clean_cache': False, 'cmake_clean_first': False, 'cmake_force_configure': False, 'cmake_target': None, 'cmake_target_skip_unavailable': False, 'install_base': '/home/ht/ht_ws/install/realsense2_camera', 'merge_install': False, 'path': '/home/ht/ht_ws/src/realsense-ros/realsense2_camera', 'symlink_install': False, 'test_result_base': None}
[0.224s] Level 5:colcon.colcon_core.verb:set package 'realsense2_description' build argument 'cmake_args' from command line to 'None'
[0.224s] Level 5:colcon.colcon_core.verb:set package 'realsense2_description' build argument 'cmake_target' from command line to 'None'
[0.224s] Level 5:colcon.colcon_core.verb:set package 'realsense2_description' build argument 'cmake_target_skip_unavailable' from command line to 'False'
[0.224s] Level 5:colcon.colcon_core.verb:set package 'realsense2_description' build argument 'cmake_clean_cache' from command line to 'False'
[0.224s] Level 5:colcon.colcon_core.verb:set package 'realsense2_description' build argument 'cmake_clean_first' from command line to 'False'
[0.224s] Level 5:colcon.colcon_core.verb:set package 'realsense2_description' build argument 'cmake_force_configure' from command line to 'False'
[0.224s] Level 5:colcon.colcon_core.verb:set package 'realsense2_description' build argument 'ament_cmake_args' from command line to 'None'
[0.224s] Level 5:colcon.colcon_core.verb:set package 'realsense2_description' build argument 'catkin_cmake_args' from command line to 'None'
[0.224s] Level 5:colcon.colcon_core.verb:set package 'realsense2_description' build argument 'catkin_skip_building_tests' from command line to 'False'
[0.224s] DEBUG:colcon.colcon_core.verb:Building package 'realsense2_description' with the following arguments: {'ament_cmake_args': None, 'build_base': '/home/ht/ht_ws/build/realsense2_description', 'catkin_cmake_args': None, 'catkin_skip_building_tests': False, 'cmake_args': None, 'cmake_clean_cache': False, 'cmake_clean_first': False, 'cmake_force_configure': False, 'cmake_target': None, 'cmake_target_skip_unavailable': False, 'install_base': '/home/ht/ht_ws/install/realsense2_description', 'merge_install': False, 'path': '/home/ht/ht_ws/src/realsense-ros/realsense2_description', 'symlink_install': False, 'test_result_base': None}
[0.224s] Level 5:colcon.colcon_core.verb:set package 'vikit_ros' build argument 'cmake_args' from command line to 'None'
[0.224s] Level 5:colcon.colcon_core.verb:set package 'vikit_ros' build argument 'cmake_target' from command line to 'None'
[0.224s] Level 5:colcon.colcon_core.verb:set package 'vikit_ros' build argument 'cmake_target_skip_unavailable' from command line to 'False'
[0.224s] Level 5:colcon.colcon_core.verb:set package 'vikit_ros' build argument 'cmake_clean_cache' from command line to 'False'
[0.225s] Level 5:colcon.colcon_core.verb:set package 'vikit_ros' build argument 'cmake_clean_first' from command line to 'False'
[0.225s] Level 5:colcon.colcon_core.verb:set package 'vikit_ros' build argument 'cmake_force_configure' from command line to 'False'
[0.225s] Level 5:colcon.colcon_core.verb:set package 'vikit_ros' build argument 'ament_cmake_args' from command line to 'None'
[0.225s] Level 5:colcon.colcon_core.verb:set package 'vikit_ros' build argument 'catkin_cmake_args' from command line to 'None'
[0.225s] Level 5:colcon.colcon_core.verb:set package 'vikit_ros' build argument 'catkin_skip_building_tests' from command line to 'False'
[0.225s] DEBUG:colcon.colcon_core.verb:Building package 'vikit_ros' with the following arguments: {'ament_cmake_args': None, 'build_base': '/home/ht/ht_ws/build/vikit_ros', 'catkin_cmake_args': None, 'catkin_skip_building_tests': False, 'cmake_args': None, 'cmake_clean_cache': False, 'cmake_clean_first': False, 'cmake_force_configure': False, 'cmake_target': None, 'cmake_target_skip_unavailable': False, 'install_base': '/home/ht/ht_ws/install/vikit_ros', 'merge_install': False, 'path': '/home/ht/ht_ws/src/rpg_vikit/vikit_ros', 'symlink_install': False, 'test_result_base': None}
[0.225s] Level 5:colcon.colcon_core.verb:set package 'fast_livo' build argument 'cmake_args' from command line to 'None'
[0.225s] Level 5:colcon.colcon_core.verb:set package 'fast_livo' build argument 'cmake_target' from command line to 'None'
[0.225s] Level 5:colcon.colcon_core.verb:set package 'fast_livo' build argument 'cmake_target_skip_unavailable' from command line to 'False'
[0.225s] Level 5:colcon.colcon_core.verb:set package 'fast_livo' build argument 'cmake_clean_cache' from command line to 'False'
[0.225s] Level 5:colcon.colcon_core.verb:set package 'fast_livo' build argument 'cmake_clean_first' from command line to 'False'
[0.225s] Level 5:colcon.colcon_core.verb:set package 'fast_livo' build argument 'cmake_force_configure' from command line to 'False'
[0.225s] Level 5:colcon.colcon_core.verb:set package 'fast_livo' build argument 'ament_cmake_args' from command line to 'None'
[0.225s] Level 5:colcon.colcon_core.verb:set package 'fast_livo' build argument 'catkin_cmake_args' from command line to 'None'
[0.225s] Level 5:colcon.colcon_core.verb:set package 'fast_livo' build argument 'catkin_skip_building_tests' from command line to 'False'
[0.225s] DEBUG:colcon.colcon_core.verb:Building package 'fast_livo' with the following arguments: {'ament_cmake_args': None, 'build_base': '/home/ht/ht_ws/build/fast_livo', 'catkin_cmake_args': None, 'catkin_skip_building_tests': False, 'cmake_args': None, 'cmake_clean_cache': False, 'cmake_clean_first': False, 'cmake_force_configure': False, 'cmake_target': None, 'cmake_target_skip_unavailable': False, 'install_base': '/home/ht/ht_ws/install/fast_livo', 'merge_install': False, 'path': '/home/ht/ht_ws/src/FAST-LIVO2', 'symlink_install': False, 'test_result_base': None}
[0.225s] INFO:colcon.colcon_core.executor:Executing jobs using 'parallel' executor
[0.226s] DEBUG:colcon.colcon_parallel_executor.executor.parallel:run_until_complete
[0.226s] INFO:colcon.colcon_ros.task.ament_cmake.build:Building ROS package in '/home/ht/ht_ws/src/realsense-ros/realsense2_camera_msgs' with build type 'ament_cmake'
[0.226s] INFO:colcon.colcon_cmake.task.cmake.build:Building CMake package in '/home/ht/ht_ws/src/realsense-ros/realsense2_camera_msgs'
[0.227s] INFO:colcon.colcon_core.plugin_system:Skipping extension 'colcon_core.shell.bat': Not used on non-Windows systems
[0.227s] INFO:colcon.colcon_core.shell:Skip shell extension 'powershell' for command environment: Not usable outside of PowerShell
[0.227s] DEBUG:colcon.colcon_core.shell:Skip shell extension 'dsv' for command environment
[0.229s] INFO:colcon.colcon_ros.task.catkin.build:Building ROS package in '/home/ht/ht_ws/src/rpg_vikit/vikit_common' with build type 'catkin'
[0.229s] INFO:colcon.colcon_cmake.task.cmake.build:Building CMake package in '/home/ht/ht_ws/src/rpg_vikit/vikit_common'
[0.229s] INFO:colcon.colcon_core.shell:Skip shell extension 'powershell' for command environment: Not usable outside of PowerShell
[0.229s] DEBUG:colcon.colcon_core.shell:Skip shell extension 'dsv' for command environment
[0.231s] INFO:colcon.colcon_ros.task.ament_cmake.build:Building ROS package in '/home/ht/ht_ws/src/bot_navigation2' with build type 'ament_cmake'
[0.231s] INFO:colcon.colcon_cmake.task.cmake.build:Building CMake package in '/home/ht/ht_ws/src/bot_navigation2'
[0.231s] INFO:colcon.colcon_core.shell:Skip shell extension 'powershell' for command environment: Not usable outside of PowerShell
[0.231s] DEBUG:colcon.colcon_core.shell:Skip shell extension 'dsv' for command environment
[0.233s] INFO:colcon.colcon_ros.task.ament_cmake.build:Building ROS package in '/home/ht/ht_ws/src/ht_package' with build type 'ament_cmake'
[0.233s] INFO:colcon.colcon_cmake.task.cmake.build:Building CMake package in '/home/ht/ht_ws/src/ht_package'
[0.233s] INFO:colcon.colcon_core.shell:Skip shell extension 'powershell' for command environment: Not usable outside of PowerShell
[0.233s] DEBUG:colcon.colcon_core.shell:Skip shell extension 'dsv' for command environment
[0.238s] DEBUG:colcon.colcon_core.event_handler.log_command:Invoking command in '/home/ht/ht_ws/build/realsense2_camera_msgs': CMAKE_PREFIX_PATH=/opt/ros/humble /usr/bin/cmake --build /home/ht/ht_ws/build/realsense2_camera_msgs -- -j16 -l16
[0.240s] DEBUG:colcon.colcon_core.event_handler.log_command:Invoking command in '/home/ht/ht_ws/build/vikit_common': /usr/bin/cmake --build /home/ht/ht_ws/build/vikit_common -- -j16 -l16
[0.242s] DEBUG:colcon.colcon_core.event_handler.log_command:Invoking command in '/home/ht/ht_ws/build/bot_navigation2': CMAKE_PREFIX_PATH=/opt/ros/humble /usr/bin/cmake --build /home/ht/ht_ws/build/bot_navigation2 -- -j16 -l16
[0.243s] DEBUG:colcon.colcon_core.event_handler.log_command:Invoking command in '/home/ht/ht_ws/build/ht_package': CMAKE_PREFIX_PATH=/opt/ros/humble /usr/bin/cmake --build /home/ht/ht_ws/build/ht_package -- -j16 -l16
[0.260s] DEBUG:colcon.colcon_core.event_handler.log_command:Invoked command in '/home/ht/ht_ws/build/bot_navigation2' returned '0': CMAKE_PREFIX_PATH=/opt/ros/humble /usr/bin/cmake --build /home/ht/ht_ws/build/bot_navigation2 -- -j16 -l16
[0.268s] DEBUG:colcon.colcon_core.event_handler.log_command:Invoking command in '/home/ht/ht_ws/build/bot_navigation2': CMAKE_PREFIX_PATH=/opt/ros/humble /usr/bin/cmake --install /home/ht/ht_ws/build/bot_navigation2
[0.270s] DEBUG:colcon.colcon_core.event_handler.log_command:Invoked command in '/home/ht/ht_ws/build/ht_package' returned '0': CMAKE_PREFIX_PATH=/opt/ros/humble /usr/bin/cmake --build /home/ht/ht_ws/build/ht_package -- -j16 -l16
[0.271s] DEBUG:colcon.colcon_core.event_handler.log_command:Invoking command in '/home/ht/ht_ws/build/ht_package': CMAKE_PREFIX_PATH=/opt/ros/humble /usr/bin/cmake --install /home/ht/ht_ws/build/ht_package
[0.275s] Level 1:colcon.colcon_core.environment:create_environment_scripts_only(bot_navigation2)
[0.275s] DEBUG:colcon.colcon_core.event_handler.log_command:Invoked command in '/home/ht/ht_ws/build/bot_navigation2' returned '0': CMAKE_PREFIX_PATH=/opt/ros/humble /usr/bin/cmake --install /home/ht/ht_ws/build/bot_navigation2
[0.278s] Level 1:colcon.colcon_core.environment:checking '/home/ht/ht_ws/install/bot_navigation2' for CMake module files
[0.279s] Level 1:colcon.colcon_core.environment:checking '/home/ht/ht_ws/install/bot_navigation2' for CMake config files
[0.279s] Level 1:colcon.colcon_core.shell:create_environment_hook('bot_navigation2', 'cmake_prefix_path')
[0.280s] INFO:colcon.colcon_core.shell:Creating environment hook '/home/ht/ht_ws/install/bot_navigation2/share/bot_navigation2/hook/cmake_prefix_path.ps1'
[0.281s] INFO:colcon.colcon_core.shell:Creating environment descriptor '/home/ht/ht_ws/install/bot_navigation2/share/bot_navigation2/hook/cmake_prefix_path.dsv'
[0.282s] INFO:colcon.colcon_core.shell:Creating environment hook '/home/ht/ht_ws/install/bot_navigation2/share/bot_navigation2/hook/cmake_prefix_path.sh'
[0.283s] Level 1:colcon.colcon_core.environment:checking '/home/ht/ht_ws/install/bot_navigation2/bin'
[0.283s] Level 1:colcon.colcon_core.environment:checking '/home/ht/ht_ws/install/bot_navigation2/lib/pkgconfig/bot_navigation2.pc'
[0.283s] Level 1:colcon.colcon_core.environment:checking '/home/ht/ht_ws/install/bot_navigation2/lib/python3.10/site-packages'
[0.284s] Level 1:colcon.colcon_core.environment:checking '/home/ht/ht_ws/install/bot_navigation2/bin'
[0.284s] INFO:colcon.colcon_core.shell:Creating package script '/home/ht/ht_ws/install/bot_navigation2/share/bot_navigation2/package.ps1'
[0.285s] INFO:colcon.colcon_core.shell:Creating package descriptor '/home/ht/ht_ws/install/bot_navigation2/share/bot_navigation2/package.dsv'
[0.286s] INFO:colcon.colcon_core.shell:Creating package script '/home/ht/ht_ws/install/bot_navigation2/share/bot_navigation2/package.sh'
[0.287s] INFO:colcon.colcon_core.shell:Creating package script '/home/ht/ht_ws/install/bot_navigation2/share/bot_navigation2/package.bash'
[0.287s] INFO:colcon.colcon_core.shell:Creating package script '/home/ht/ht_ws/install/bot_navigation2/share/bot_navigation2/package.zsh'
[0.287s] Level 1:colcon.colcon_core.environment:create_file_with_runtime_dependencies(/home/ht/ht_ws/install/bot_navigation2/share/colcon-core/packages/bot_navigation2)
[0.288s] Level 1:colcon.colcon_core.environment:create_environment_scripts_only(bot_navigation2)
[0.288s] Level 1:colcon.colcon_core.environment:checking '/home/ht/ht_ws/install/bot_navigation2' for CMake module files
[0.289s] Level 1:colcon.colcon_core.environment:checking '/home/ht/ht_ws/install/bot_navigation2' for CMake config files
[0.289s] Level 1:colcon.colcon_core.shell:create_environment_hook('bot_navigation2', 'cmake_prefix_path')
[0.289s] INFO:colcon.colcon_core.shell:Creating environment hook '/home/ht/ht_ws/install/bot_navigation2/share/bot_navigation2/hook/cmake_prefix_path.ps1'
[0.289s] INFO:colcon.colcon_core.shell:Creating environment descriptor '/home/ht/ht_ws/install/bot_navigation2/share/bot_navigation2/hook/cmake_prefix_path.dsv'
[0.290s] INFO:colcon.colcon_core.shell:Creating environment hook '/home/ht/ht_ws/install/bot_navigation2/share/bot_navigation2/hook/cmake_prefix_path.sh'
[0.290s] Level 1:colcon.colcon_core.environment:checking '/home/ht/ht_ws/install/bot_navigation2/bin'
[0.290s] Level 1:colcon.colcon_core.environment:checking '/home/ht/ht_ws/install/bot_navigation2/lib/pkgconfig/bot_navigation2.pc'
[0.290s] Level 1:colcon.colcon_core.environment:checking '/home/ht/ht_ws/install/bot_navigation2/lib/python3.10/site-packages'
[0.291s] Level 1:colcon.colcon_core.environment:checking '/home/ht/ht_ws/install/bot_navigation2/bin'
[0.291s] INFO:colcon.colcon_core.shell:Creating package script '/home/ht/ht_ws/install/bot_navigation2/share/bot_navigation2/package.ps1'
[0.291s] INFO:colcon.colcon_core.shell:Creating package descriptor '/home/ht/ht_ws/install/bot_navigation2/share/bot_navigation2/package.dsv'
[0.291s] INFO:colcon.colcon_core.shell:Creating package script '/home/ht/ht_ws/install/bot_navigation2/share/bot_navigation2/package.sh'
[0.292s] INFO:colcon.colcon_core.shell:Creating package script '/home/ht/ht_ws/install/bot_navigation2/share/bot_navigation2/package.bash'
[0.292s] INFO:colcon.colcon_core.shell:Creating package script '/home/ht/ht_ws/install/bot_navigation2/share/bot_navigation2/package.zsh'
[0.292s] Level 1:colcon.colcon_core.environment:create_file_with_runtime_dependencies(/home/ht/ht_ws/install/bot_navigation2/share/colcon-core/packages/bot_navigation2)
[0.293s] Level 1:colcon.colcon_core.environment:create_environment_scripts_only(ht_package)
[0.293s] Level 1:colcon.colcon_core.environment:checking '/home/ht/ht_ws/install/ht_package' for CMake module files
[0.294s] DEBUG:colcon.colcon_core.event_handler.log_command:Invoked command in '/home/ht/ht_ws/build/ht_package' returned '0': CMAKE_PREFIX_PATH=/opt/ros/humble /usr/bin/cmake --install /home/ht/ht_ws/build/ht_package
[0.294s] Level 1:colcon.colcon_core.environment:checking '/home/ht/ht_ws/install/ht_package' for CMake config files
[0.295s] Level 1:colcon.colcon_core.shell:create_environment_hook('ht_package', 'cmake_prefix_path')
[0.295s] INFO:colcon.colcon_core.shell:Creating environment hook '/home/ht/ht_ws/install/ht_package/share/ht_package/hook/cmake_prefix_path.ps1'
[0.296s] INFO:colcon.colcon_core.shell:Creating environment descriptor '/home/ht/ht_ws/install/ht_package/share/ht_package/hook/cmake_prefix_path.dsv'
[0.296s] INFO:colcon.colcon_core.shell:Creating environment hook '/home/ht/ht_ws/install/ht_package/share/ht_package/hook/cmake_prefix_path.sh'
[0.296s] Level 1:colcon.colcon_core.environment:checking '/home/ht/ht_ws/install/ht_package/bin'
[0.296s] Level 1:colcon.colcon_core.environment:checking '/home/ht/ht_ws/install/ht_package/lib/pkgconfig/ht_package.pc'
[0.296s] Level 1:colcon.colcon_core.environment:checking '/home/ht/ht_ws/install/ht_package/lib/python3.10/site-packages'
[0.297s] Level 1:colcon.colcon_core.environment:checking '/home/ht/ht_ws/install/ht_package/bin'
[0.297s] INFO:colcon.colcon_core.shell:Creating package script '/home/ht/ht_ws/install/ht_package/share/ht_package/package.ps1'
[0.297s] INFO:colcon.colcon_core.shell:Creating package descriptor '/home/ht/ht_ws/install/ht_package/share/ht_package/package.dsv'
[0.298s] INFO:colcon.colcon_core.shell:Creating package script '/home/ht/ht_ws/install/ht_package/share/ht_package/package.sh'
[0.298s] INFO:colcon.colcon_core.shell:Creating package script '/home/ht/ht_ws/install/ht_package/share/ht_package/package.bash'
[0.298s] INFO:colcon.colcon_core.shell:Creating package script '/home/ht/ht_ws/install/ht_package/share/ht_package/package.zsh'
[0.298s] Level 1:colcon.colcon_core.environment:create_file_with_runtime_dependencies(/home/ht/ht_ws/install/ht_package/share/colcon-core/packages/ht_package)
[0.299s] Level 1:colcon.colcon_core.environment:create_environment_scripts_only(ht_package)
[0.299s] Level 1:colcon.colcon_core.environment:checking '/home/ht/ht_ws/install/ht_package' for CMake module files
[0.299s] Level 1:colcon.colcon_core.environment:checking '/home/ht/ht_ws/install/ht_package' for CMake config files
[0.299s] Level 1:colcon.colcon_core.shell:create_environment_hook('ht_package', 'cmake_prefix_path')
[0.299s] INFO:colcon.colcon_core.shell:Creating environment hook '/home/ht/ht_ws/install/ht_package/share/ht_package/hook/cmake_prefix_path.ps1'
[0.300s] INFO:colcon.colcon_core.shell:Creating environment descriptor '/home/ht/ht_ws/install/ht_package/share/ht_package/hook/cmake_prefix_path.dsv'
[0.300s] INFO:colcon.colcon_core.shell:Creating environment hook '/home/ht/ht_ws/install/ht_package/share/ht_package/hook/cmake_prefix_path.sh'
[0.300s] Level 1:colcon.colcon_core.environment:checking '/home/ht/ht_ws/install/ht_package/bin'
[0.300s] Level 1:colcon.colcon_core.environment:checking '/home/ht/ht_ws/install/ht_package/lib/pkgconfig/ht_package.pc'
[0.300s] Level 1:colcon.colcon_core.environment:checking '/home/ht/ht_ws/install/ht_package/lib/python3.10/site-packages'
[0.300s] Level 1:colcon.colcon_core.environment:checking '/home/ht/ht_ws/install/ht_package/bin'
[0.301s] INFO:colcon.colcon_core.shell:Creating package script '/home/ht/ht_ws/install/ht_package/share/ht_package/package.ps1'
[0.301s] INFO:colcon.colcon_core.shell:Creating package descriptor '/home/ht/ht_ws/install/ht_package/share/ht_package/package.dsv'
[0.301s] INFO:colcon.colcon_core.shell:Creating package script '/home/ht/ht_ws/install/ht_package/share/ht_package/package.sh'
[0.301s] INFO:colcon.colcon_core.shell:Creating package script '/home/ht/ht_ws/install/ht_package/share/ht_package/package.bash'
[0.302s] INFO:colcon.colcon_core.shell:Creating package script '/home/ht/ht_ws/install/ht_package/share/ht_package/package.zsh'
[0.302s] Level 1:colcon.colcon_core.environment:create_file_with_runtime_dependencies(/home/ht/ht_ws/install/ht_package/share/colcon-core/packages/ht_package)
[0.304s] DEBUG:colcon.colcon_core.event_handler.log_command:Invoked command in '/home/ht/ht_ws/build/vikit_common' returned '0': /usr/bin/cmake --build /home/ht/ht_ws/build/vikit_common -- -j16 -l16
[0.305s] DEBUG:colcon.colcon_core.event_handler.log_command:Invoking command in '/home/ht/ht_ws/build/vikit_common': /usr/bin/cmake --install /home/ht/ht_ws/build/vikit_common
[0.312s] DEBUG:colcon.colcon_core.event_handler.log_command:Invoked command in '/home/ht/ht_ws/build/vikit_common' returned '0': /usr/bin/cmake --install /home/ht/ht_ws/build/vikit_common
[0.312s] Level 1:colcon.colcon_core.shell:create_environment_hook('vikit_common', 'ros_package_path')
[0.313s] INFO:colcon.colcon_core.shell:Creating environment hook '/home/ht/ht_ws/install/vikit_common/share/vikit_common/hook/ros_package_path.ps1'
[0.313s] INFO:colcon.colcon_core.shell:Creating environment descriptor '/home/ht/ht_ws/install/vikit_common/share/vikit_common/hook/ros_package_path.dsv'
[0.313s] INFO:colcon.colcon_core.shell:Creating environment hook '/home/ht/ht_ws/install/vikit_common/share/vikit_common/hook/ros_package_path.sh'
[0.313s] Level 1:colcon.colcon_core.shell:create_environment_hook('vikit_common', 'pkg_config_path')
[0.314s] INFO:colcon.colcon_core.shell:Creating environment hook '/home/ht/ht_ws/install/vikit_common/share/vikit_common/hook/pkg_config_path.ps1'
[0.314s] INFO:colcon.colcon_core.shell:Creating environment descriptor '/home/ht/ht_ws/install/vikit_common/share/vikit_common/hook/pkg_config_path.dsv'
[0.314s] INFO:colcon.colcon_core.shell:Creating environment hook '/home/ht/ht_ws/install/vikit_common/share/vikit_common/hook/pkg_config_path.sh'
[0.315s] Level 1:colcon.colcon_core.shell:create_environment_hook('vikit_common', 'pkg_config_path_multiarch')
[0.316s] INFO:colcon.colcon_core.shell:Creating environment hook '/home/ht/ht_ws/install/vikit_common/share/vikit_common/hook/pkg_config_path_multiarch.ps1'
[0.316s] INFO:colcon.colcon_core.shell:Creating environment descriptor '/home/ht/ht_ws/install/vikit_common/share/vikit_common/hook/pkg_config_path_multiarch.dsv'
[0.316s] INFO:colcon.colcon_core.shell:Creating environment hook '/home/ht/ht_ws/install/vikit_common/share/vikit_common/hook/pkg_config_path_multiarch.sh'
[0.317s] Level 1:colcon.colcon_core.environment:create_environment_scripts_only(vikit_common)
[0.317s] Level 1:colcon.colcon_core.environment:checking '/home/ht/ht_ws/install/vikit_common' for CMake module files
[0.317s] Level 1:colcon.colcon_core.environment:checking '/home/ht/ht_ws/install/vikit_common' for CMake config files
[0.317s] Level 1:colcon.colcon_core.shell:create_environment_hook('vikit_common', 'cmake_prefix_path')
[0.317s] INFO:colcon.colcon_core.shell:Creating environment hook '/home/ht/ht_ws/install/vikit_common/share/vikit_common/hook/cmake_prefix_path.ps1'
[0.318s] INFO:colcon.colcon_core.shell:Creating environment descriptor '/home/ht/ht_ws/install/vikit_common/share/vikit_common/hook/cmake_prefix_path.dsv'
[0.318s] INFO:colcon.colcon_core.shell:Creating environment hook '/home/ht/ht_ws/install/vikit_common/share/vikit_common/hook/cmake_prefix_path.sh'
[0.318s] Level 1:colcon.colcon_core.environment:checking '/home/ht/ht_ws/install/vikit_common/lib'
[0.318s] Level 1:colcon.colcon_core.shell:create_environment_hook('vikit_common', 'ld_library_path_lib')
[0.318s] INFO:colcon.colcon_core.shell:Creating environment hook '/home/ht/ht_ws/install/vikit_common/share/vikit_common/hook/ld_library_path_lib.ps1'
[0.319s] INFO:colcon.colcon_core.shell:Creating environment descriptor '/home/ht/ht_ws/install/vikit_common/share/vikit_common/hook/ld_library_path_lib.dsv'
[0.319s] INFO:colcon.colcon_core.shell:Creating environment hook '/home/ht/ht_ws/install/vikit_common/share/vikit_common/hook/ld_library_path_lib.sh'
[0.319s] Level 1:colcon.colcon_core.environment:checking '/home/ht/ht_ws/install/vikit_common/bin'
[0.319s] Level 1:colcon.colcon_core.environment:checking '/home/ht/ht_ws/install/vikit_common/lib/pkgconfig/vikit_common.pc'
[0.319s] Level 1:colcon.colcon_core.environment:checking '/home/ht/ht_ws/install/vikit_common/lib/python3.10/site-packages'
[0.319s] Level 1:colcon.colcon_core.environment:checking '/home/ht/ht_ws/install/vikit_common/bin'
[0.319s] INFO:colcon.colcon_core.shell:Creating package script '/home/ht/ht_ws/install/vikit_common/share/vikit_common/package.ps1'
[0.320s] INFO:colcon.colcon_core.shell:Creating package descriptor '/home/ht/ht_ws/install/vikit_common/share/vikit_common/package.dsv'
[0.320s] INFO:colcon.colcon_core.shell:Creating package script '/home/ht/ht_ws/install/vikit_common/share/vikit_common/package.sh'
[0.321s] INFO:colcon.colcon_core.shell:Creating package script '/home/ht/ht_ws/install/vikit_common/share/vikit_common/package.bash'
[0.321s] INFO:colcon.colcon_core.shell:Creating package script '/home/ht/ht_ws/install/vikit_common/share/vikit_common/package.zsh'
[0.321s] Level 1:colcon.colcon_core.environment:create_file_with_runtime_dependencies(/home/ht/ht_ws/install/vikit_common/share/colcon-core/packages/vikit_common)
[0.321s] INFO:colcon.colcon_ros.task.ament_cmake.build:Building ROS package in '/home/ht/ht_ws/src/rpg_vikit/vikit_ros' with build type 'ament_cmake'
[0.321s] INFO:colcon.colcon_cmake.task.cmake.build:Building CMake package in '/home/ht/ht_ws/src/rpg_vikit/vikit_ros'
[0.321s] INFO:colcon.colcon_core.shell:Skip shell extension 'powershell' for command environment: Not usable outside of PowerShell
[0.321s] DEBUG:colcon.colcon_core.shell:Skip shell extension 'dsv' for command environment
[0.328s] DEBUG:colcon.colcon_core.event_handler.log_command:Invoking command in '/home/ht/ht_ws/build/vikit_ros': CMAKE_PREFIX_PATH=/opt/ros/humble:/home/ht/ht_ws/install/vikit_common LD_LIBRARY_PATH=/home/ht/ht_ws/install/vikit_common/lib:${LD_LIBRARY_PATH} PKG_CONFIG_PATH=/home/ht/ht_ws/install/vikit_common/lib/x86_64-linux-gnu/pkgconfig:/home/ht/ht_ws/install/vikit_common/lib/pkgconfig ROS_PACKAGE_PATH=/home/ht/ht_ws/install/vikit_common/share /usr/bin/cmake --build /home/ht/ht_ws/build/vikit_ros -- -j16 -l16
[0.372s] DEBUG:colcon.colcon_core.event_handler.log_command:Invoked command in '/home/ht/ht_ws/build/vikit_ros' returned '0': CMAKE_PREFIX_PATH=/opt/ros/humble:/home/ht/ht_ws/install/vikit_common LD_LIBRARY_PATH=/home/ht/ht_ws/install/vikit_common/lib:${LD_LIBRARY_PATH} PKG_CONFIG_PATH=/home/ht/ht_ws/install/vikit_common/lib/x86_64-linux-gnu/pkgconfig:/home/ht/ht_ws/install/vikit_common/lib/pkgconfig ROS_PACKAGE_PATH=/home/ht/ht_ws/install/vikit_common/share /usr/bin/cmake --build /home/ht/ht_ws/build/vikit_ros -- -j16 -l16
[0.373s] DEBUG:colcon.colcon_core.event_handler.log_command:Invoking command in '/home/ht/ht_ws/build/vikit_ros': CMAKE_PREFIX_PATH=/opt/ros/humble:/home/ht/ht_ws/install/vikit_common LD_LIBRARY_PATH=/home/ht/ht_ws/install/vikit_common/lib:${LD_LIBRARY_PATH} PKG_CONFIG_PATH=/home/ht/ht_ws/install/vikit_common/lib/x86_64-linux-gnu/pkgconfig:/home/ht/ht_ws/install/vikit_common/lib/pkgconfig ROS_PACKAGE_PATH=/home/ht/ht_ws/install/vikit_common/share /usr/bin/cmake --install /home/ht/ht_ws/build/vikit_ros
[0.386s] Level 1:colcon.colcon_core.environment:create_environment_scripts_only(vikit_ros)
[0.386s] Level 1:colcon.colcon_core.environment:checking '/home/ht/ht_ws/install/vikit_ros' for CMake module files
[0.387s] DEBUG:colcon.colcon_core.event_handler.log_command:Invoked command in '/home/ht/ht_ws/build/vikit_ros' returned '0': CMAKE_PREFIX_PATH=/opt/ros/humble:/home/ht/ht_ws/install/vikit_common LD_LIBRARY_PATH=/home/ht/ht_ws/install/vikit_common/lib:${LD_LIBRARY_PATH} PKG_CONFIG_PATH=/home/ht/ht_ws/install/vikit_common/lib/x86_64-linux-gnu/pkgconfig:/home/ht/ht_ws/install/vikit_common/lib/pkgconfig ROS_PACKAGE_PATH=/home/ht/ht_ws/install/vikit_common/share /usr/bin/cmake --install /home/ht/ht_ws/build/vikit_ros
[0.387s] Level 1:colcon.colcon_core.environment:checking '/home/ht/ht_ws/install/vikit_ros' for CMake config files
[0.387s] Level 1:colcon.colcon_core.shell:create_environment_hook('vikit_ros', 'cmake_prefix_path')
[0.387s] INFO:colcon.colcon_core.shell:Creating environment hook '/home/ht/ht_ws/install/vikit_ros/share/vikit_ros/hook/cmake_prefix_path.ps1'
[0.387s] INFO:colcon.colcon_core.shell:Creating environment descriptor '/home/ht/ht_ws/install/vikit_ros/share/vikit_ros/hook/cmake_prefix_path.dsv'
[0.387s] INFO:colcon.colcon_core.shell:Creating environment hook '/home/ht/ht_ws/install/vikit_ros/share/vikit_ros/hook/cmake_prefix_path.sh'
[0.388s] Level 1:colcon.colcon_core.environment:checking '/home/ht/ht_ws/install/vikit_ros/lib'
[0.388s] Level 1:colcon.colcon_core.shell:create_environment_hook('vikit_ros', 'ld_library_path_lib')
[0.388s] INFO:colcon.colcon_core.shell:Creating environment hook '/home/ht/ht_ws/install/vikit_ros/share/vikit_ros/hook/ld_library_path_lib.ps1'
[0.388s] INFO:colcon.colcon_core.shell:Creating environment descriptor '/home/ht/ht_ws/install/vikit_ros/share/vikit_ros/hook/ld_library_path_lib.dsv'
[0.388s] INFO:colcon.colcon_core.shell:Creating environment hook '/home/ht/ht_ws/install/vikit_ros/share/vikit_ros/hook/ld_library_path_lib.sh'
[0.388s] Level 1:colcon.colcon_core.environment:checking '/home/ht/ht_ws/install/vikit_ros/bin'
[0.388s] Level 1:colcon.colcon_core.environment:checking '/home/ht/ht_ws/install/vikit_ros/lib/pkgconfig/vikit_ros.pc'
[0.389s] Level 1:colcon.colcon_core.environment:checking '/home/ht/ht_ws/install/vikit_ros/lib/python3.10/site-packages'
[0.389s] Level 1:colcon.colcon_core.environment:checking '/home/ht/ht_ws/install/vikit_ros/bin'
[0.389s] INFO:colcon.colcon_core.shell:Creating package script '/home/ht/ht_ws/install/vikit_ros/share/vikit_ros/package.ps1'
[0.389s] INFO:colcon.colcon_core.shell:Creating package descriptor '/home/ht/ht_ws/install/vikit_ros/share/vikit_ros/package.dsv'
[0.389s] INFO:colcon.colcon_core.shell:Creating package script '/home/ht/ht_ws/install/vikit_ros/share/vikit_ros/package.sh'
[0.390s] INFO:colcon.colcon_core.shell:Creating package script '/home/ht/ht_ws/install/vikit_ros/share/vikit_ros/package.bash'
[0.390s] INFO:colcon.colcon_core.shell:Creating package script '/home/ht/ht_ws/install/vikit_ros/share/vikit_ros/package.zsh'
[0.390s] Level 1:colcon.colcon_core.environment:create_file_with_runtime_dependencies(/home/ht/ht_ws/install/vikit_ros/share/colcon-core/packages/vikit_ros)
[0.390s] Level 1:colcon.colcon_core.environment:create_environment_scripts_only(vikit_ros)
[0.390s] Level 1:colcon.colcon_core.environment:checking '/home/ht/ht_ws/install/vikit_ros' for CMake module files
[0.391s] Level 1:colcon.colcon_core.environment:checking '/home/ht/ht_ws/install/vikit_ros' for CMake config files
[0.391s] Level 1:colcon.colcon_core.shell:create_environment_hook('vikit_ros', 'cmake_prefix_path')
[0.391s] INFO:colcon.colcon_core.shell:Creating environment hook '/home/ht/ht_ws/install/vikit_ros/share/vikit_ros/hook/cmake_prefix_path.ps1'
[0.391s] INFO:colcon.colcon_core.shell:Creating environment descriptor '/home/ht/ht_ws/install/vikit_ros/share/vikit_ros/hook/cmake_prefix_path.dsv'
[0.391s] INFO:colcon.colcon_core.shell:Creating environment hook '/home/ht/ht_ws/install/vikit_ros/share/vikit_ros/hook/cmake_prefix_path.sh'
[0.391s] Level 1:colcon.colcon_core.environment:checking '/home/ht/ht_ws/install/vikit_ros/lib'
[0.391s] Level 1:colcon.colcon_core.shell:create_environment_hook('vikit_ros', 'ld_library_path_lib')
[0.392s] INFO:colcon.colcon_core.shell:Creating environment hook '/home/ht/ht_ws/install/vikit_ros/share/vikit_ros/hook/ld_library_path_lib.ps1'
[0.392s] INFO:colcon.colcon_core.shell:Creating environment descriptor '/home/ht/ht_ws/install/vikit_ros/share/vikit_ros/hook/ld_library_path_lib.dsv'
[0.392s] INFO:colcon.colcon_core.shell:Creating environment hook '/home/ht/ht_ws/install/vikit_ros/share/vikit_ros/hook/ld_library_path_lib.sh'
[0.392s] Level 1:colcon.colcon_core.environment:checking '/home/ht/ht_ws/install/vikit_ros/bin'
[0.392s] Level 1:colcon.colcon_core.environment:checking '/home/ht/ht_ws/install/vikit_ros/lib/pkgconfig/vikit_ros.pc'
[0.392s] Level 1:colcon.colcon_core.environment:checking '/home/ht/ht_ws/install/vikit_ros/lib/python3.10/site-packages'
[0.392s] Level 1:colcon.colcon_core.environment:checking '/home/ht/ht_ws/install/vikit_ros/bin'
[0.393s] INFO:colcon.colcon_core.shell:Creating package script '/home/ht/ht_ws/install/vikit_ros/share/vikit_ros/package.ps1'
[0.393s] INFO:colcon.colcon_core.shell:Creating package descriptor '/home/ht/ht_ws/install/vikit_ros/share/vikit_ros/package.dsv'
[0.393s] INFO:colcon.colcon_core.shell:Creating package script '/home/ht/ht_ws/install/vikit_ros/share/vikit_ros/package.sh'
[0.393s] INFO:colcon.colcon_core.shell:Creating package script '/home/ht/ht_ws/install/vikit_ros/share/vikit_ros/package.bash'
[0.393s] INFO:colcon.colcon_core.shell:Creating package script '/home/ht/ht_ws/install/vikit_ros/share/vikit_ros/package.zsh'
[0.394s] Level 1:colcon.colcon_core.environment:create_file_with_runtime_dependencies(/home/ht/ht_ws/install/vikit_ros/share/colcon-core/packages/vikit_ros)
[0.394s] INFO:colcon.colcon_ros.task.ament_cmake.build:Building ROS package in '/home/ht/ht_ws/src/FAST-LIVO2' with build type 'ament_cmake'
[0.394s] INFO:colcon.colcon_cmake.task.cmake.build:Building CMake package in '/home/ht/ht_ws/src/FAST-LIVO2'
[0.394s] INFO:colcon.colcon_core.shell:Skip shell extension 'powershell' for command environment: Not usable outside of PowerShell
[0.394s] DEBUG:colcon.colcon_core.shell:Skip shell extension 'dsv' for command environment
[0.403s] DEBUG:colcon.colcon_core.event_handler.log_command:Invoking command in '/home/ht/ht_ws/build/fast_livo': AMENT_PREFIX_PATH=/home/ht/ht_ws/install/vikit_ros:${AMENT_PREFIX_PATH} CMAKE_PREFIX_PATH=/home/ht/ht_ws/install/vikit_ros:/opt/ros/humble:/home/ht/ht_ws/install/vikit_common LD_LIBRARY_PATH=/home/ht/ht_ws/install/vikit_ros/lib:/home/ht/ht_ws/install/vikit_common/lib:${LD_LIBRARY_PATH} PKG_CONFIG_PATH=/home/ht/ht_ws/install/vikit_common/lib/x86_64-linux-gnu/pkgconfig:/home/ht/ht_ws/install/vikit_common/lib/pkgconfig ROS_PACKAGE_PATH=/home/ht/ht_ws/install/vikit_common/share /usr/bin/cmake --build /home/ht/ht_ws/build/fast_livo -- -j16 -l16
[0.452s] DEBUG:colcon.colcon_core.event_handler.log_command:Invoked command in '/home/ht/ht_ws/build/realsense2_camera_msgs' returned '0': CMAKE_PREFIX_PATH=/opt/ros/humble /usr/bin/cmake --build /home/ht/ht_ws/build/realsense2_camera_msgs -- -j16 -l16
[0.453s] DEBUG:colcon.colcon_core.event_handler.log_command:Invoking command in '/home/ht/ht_ws/build/realsense2_camera_msgs': CMAKE_PREFIX_PATH=/opt/ros/humble /usr/bin/cmake --install /home/ht/ht_ws/build/realsense2_camera_msgs
[0.503s] Level 1:colcon.colcon_core.environment:create_environment_scripts_only(realsense2_camera_msgs)
[0.503s] Level 1:colcon.colcon_core.environment:checking '/home/ht/ht_ws/install/realsense2_camera_msgs' for CMake module files
[0.503s] DEBUG:colcon.colcon_core.event_handler.log_command:Invoked command in '/home/ht/ht_ws/build/realsense2_camera_msgs' returned '0': CMAKE_PREFIX_PATH=/opt/ros/humble /usr/bin/cmake --install /home/ht/ht_ws/build/realsense2_camera_msgs
[0.504s] Level 1:colcon.colcon_core.environment:checking '/home/ht/ht_ws/install/realsense2_camera_msgs' for CMake config files
[0.504s] Level 1:colcon.colcon_core.shell:create_environment_hook('realsense2_camera_msgs', 'cmake_prefix_path')
[0.504s] INFO:colcon.colcon_core.shell:Creating environment hook '/home/ht/ht_ws/install/realsense2_camera_msgs/share/realsense2_camera_msgs/hook/cmake_prefix_path.ps1'
[0.505s] INFO:colcon.colcon_core.shell:Creating environment descriptor '/home/ht/ht_ws/install/realsense2_camera_msgs/share/realsense2_camera_msgs/hook/cmake_prefix_path.dsv'
[0.505s] INFO:colcon.colcon_core.shell:Creating environment hook '/home/ht/ht_ws/install/realsense2_camera_msgs/share/realsense2_camera_msgs/hook/cmake_prefix_path.sh'
[0.505s] Level 1:colcon.colcon_core.environment:checking '/home/ht/ht_ws/install/realsense2_camera_msgs/lib'
[0.505s] Level 1:colcon.colcon_core.shell:create_environment_hook('realsense2_camera_msgs', 'ld_library_path_lib')
[0.506s] INFO:colcon.colcon_core.shell:Creating environment hook '/home/ht/ht_ws/install/realsense2_camera_msgs/share/realsense2_camera_msgs/hook/ld_library_path_lib.ps1'
[0.506s] INFO:colcon.colcon_core.shell:Creating environment descriptor '/home/ht/ht_ws/install/realsense2_camera_msgs/share/realsense2_camera_msgs/hook/ld_library_path_lib.dsv'
[0.506s] INFO:colcon.colcon_core.shell:Creating environment hook '/home/ht/ht_ws/install/realsense2_camera_msgs/share/realsense2_camera_msgs/hook/ld_library_path_lib.sh'
[0.506s] Level 1:colcon.colcon_core.environment:checking '/home/ht/ht_ws/install/realsense2_camera_msgs/bin'
[0.506s] Level 1:colcon.colcon_core.environment:checking '/home/ht/ht_ws/install/realsense2_camera_msgs/lib/pkgconfig/realsense2_camera_msgs.pc'
[0.507s] Level 1:colcon.colcon_core.environment:checking '/home/ht/ht_ws/install/realsense2_camera_msgs/lib/python3.10/site-packages'
[0.507s] Level 1:colcon.colcon_core.environment:checking '/home/ht/ht_ws/install/realsense2_camera_msgs/bin'
[0.507s] INFO:colcon.colcon_core.shell:Creating package script '/home/ht/ht_ws/install/realsense2_camera_msgs/share/realsense2_camera_msgs/package.ps1'
[0.507s] INFO:colcon.colcon_core.shell:Creating package descriptor '/home/ht/ht_ws/install/realsense2_camera_msgs/share/realsense2_camera_msgs/package.dsv'
[0.508s] INFO:colcon.colcon_core.shell:Creating package script '/home/ht/ht_ws/install/realsense2_camera_msgs/share/realsense2_camera_msgs/package.sh'
[0.508s] INFO:colcon.colcon_core.shell:Creating package script '/home/ht/ht_ws/install/realsense2_camera_msgs/share/realsense2_camera_msgs/package.bash'
[0.508s] INFO:colcon.colcon_core.shell:Creating package script '/home/ht/ht_ws/install/realsense2_camera_msgs/share/realsense2_camera_msgs/package.zsh'
[0.508s] Level 1:colcon.colcon_core.environment:create_file_with_runtime_dependencies(/home/ht/ht_ws/install/realsense2_camera_msgs/share/colcon-core/packages/realsense2_camera_msgs)
[0.509s] Level 1:colcon.colcon_core.environment:create_environment_scripts_only(realsense2_camera_msgs)
[0.509s] Level 1:colcon.colcon_core.environment:checking '/home/ht/ht_ws/install/realsense2_camera_msgs' for CMake module files
[0.510s] Level 1:colcon.colcon_core.environment:checking '/home/ht/ht_ws/install/realsense2_camera_msgs' for CMake config files
[0.510s] Level 1:colcon.colcon_core.shell:create_environment_hook('realsense2_camera_msgs', 'cmake_prefix_path')
[0.510s] INFO:colcon.colcon_core.shell:Creating environment hook '/home/ht/ht_ws/install/realsense2_camera_msgs/share/realsense2_camera_msgs/hook/cmake_prefix_path.ps1'
[0.510s] INFO:colcon.colcon_core.shell:Creating environment descriptor '/home/ht/ht_ws/install/realsense2_camera_msgs/share/realsense2_camera_msgs/hook/cmake_prefix_path.dsv'
[0.511s] INFO:colcon.colcon_core.shell:Creating environment hook '/home/ht/ht_ws/install/realsense2_camera_msgs/share/realsense2_camera_msgs/hook/cmake_prefix_path.sh'
[0.511s] Level 1:colcon.colcon_core.environment:checking '/home/ht/ht_ws/install/realsense2_camera_msgs/lib'
[0.511s] Level 1:colcon.colcon_core.shell:create_environment_hook('realsense2_camera_msgs', 'ld_library_path_lib')
[0.511s] INFO:colcon.colcon_core.shell:Creating environment hook '/home/ht/ht_ws/install/realsense2_camera_msgs/share/realsense2_camera_msgs/hook/ld_library_path_lib.ps1'
[0.511s] INFO:colcon.colcon_core.shell:Creating environment descriptor '/home/ht/ht_ws/install/realsense2_camera_msgs/share/realsense2_camera_msgs/hook/ld_library_path_lib.dsv'
[0.511s] INFO:colcon.colcon_core.shell:Creating environment hook '/home/ht/ht_ws/install/realsense2_camera_msgs/share/realsense2_camera_msgs/hook/ld_library_path_lib.sh'
[0.512s] Level 1:colcon.colcon_core.environment:checking '/home/ht/ht_ws/install/realsense2_camera_msgs/bin'
[0.512s] Level 1:colcon.colcon_core.environment:checking '/home/ht/ht_ws/install/realsense2_camera_msgs/lib/pkgconfig/realsense2_camera_msgs.pc'
[0.512s] Level 1:colcon.colcon_core.environment:checking '/home/ht/ht_ws/install/realsense2_camera_msgs/lib/python3.10/site-packages'
[0.512s] Level 1:colcon.colcon_core.environment:checking '/home/ht/ht_ws/install/realsense2_camera_msgs/bin'
[0.512s] INFO:colcon.colcon_core.shell:Creating package script '/home/ht/ht_ws/install/realsense2_camera_msgs/share/realsense2_camera_msgs/package.ps1'
[0.512s] INFO:colcon.colcon_core.shell:Creating package descriptor '/home/ht/ht_ws/install/realsense2_camera_msgs/share/realsense2_camera_msgs/package.dsv'
[0.513s] INFO:colcon.colcon_core.shell:Creating package script '/home/ht/ht_ws/install/realsense2_camera_msgs/share/realsense2_camera_msgs/package.sh'
[0.513s] INFO:colcon.colcon_core.shell:Creating package script '/home/ht/ht_ws/install/realsense2_camera_msgs/share/realsense2_camera_msgs/package.bash'
[0.513s] INFO:colcon.colcon_core.shell:Creating package script '/home/ht/ht_ws/install/realsense2_camera_msgs/share/realsense2_camera_msgs/package.zsh'
[0.513s] Level 1:colcon.colcon_core.environment:create_file_with_runtime_dependencies(/home/ht/ht_ws/install/realsense2_camera_msgs/share/colcon-core/packages/realsense2_camera_msgs)
[0.513s] INFO:colcon.colcon_ros.task.ament_cmake.build:Building ROS package in '/home/ht/ht_ws/src/realsense-ros/realsense2_camera' with build type 'ament_cmake'
[0.513s] INFO:colcon.colcon_cmake.task.cmake.build:Building CMake package in '/home/ht/ht_ws/src/realsense-ros/realsense2_camera'
[0.514s] INFO:colcon.colcon_core.shell:Skip shell extension 'powershell' for command environment: Not usable outside of PowerShell
[0.514s] DEBUG:colcon.colcon_core.shell:Skip shell extension 'dsv' for command environment
[0.516s] INFO:colcon.colcon_ros.task.ament_cmake.build:Building ROS package in '/home/ht/ht_ws/src/realsense-ros/realsense2_description' with build type 'ament_cmake'
[0.516s] INFO:colcon.colcon_cmake.task.cmake.build:Building CMake package in '/home/ht/ht_ws/src/realsense-ros/realsense2_description'
[0.516s] INFO:colcon.colcon_core.shell:Skip shell extension 'powershell' for command environment: Not usable outside of PowerShell
[0.516s] DEBUG:colcon.colcon_core.shell:Skip shell extension 'dsv' for command environment
[0.521s] DEBUG:colcon.colcon_core.event_handler.log_command:Invoking command in '/home/ht/ht_ws/build/realsense2_camera': AMENT_PREFIX_PATH=/home/ht/ht_ws/install/realsense2_camera_msgs:${AMENT_PREFIX_PATH} CMAKE_PREFIX_PATH=/home/ht/ht_ws/install/realsense2_camera_msgs:/opt/ros/humble LD_LIBRARY_PATH=/home/ht/ht_ws/install/realsense2_camera_msgs/lib:${LD_LIBRARY_PATH} PYTHONPATH=/home/ht/ht_ws/install/realsense2_camera_msgs/local/lib/python3.10/dist-packages:${PYTHONPATH} /usr/bin/cmake --build /home/ht/ht_ws/build/realsense2_camera -- -j16 -l16
[0.523s] DEBUG:colcon.colcon_core.event_handler.log_command:Invoking command in '/home/ht/ht_ws/build/realsense2_description': AMENT_PREFIX_PATH=/home/ht/ht_ws/install/realsense2_camera_msgs:${AMENT_PREFIX_PATH} CMAKE_PREFIX_PATH=/home/ht/ht_ws/install/realsense2_camera_msgs:/opt/ros/humble LD_LIBRARY_PATH=/home/ht/ht_ws/install/realsense2_camera_msgs/lib:${LD_LIBRARY_PATH} PYTHONPATH=/home/ht/ht_ws/install/realsense2_camera_msgs/local/lib/python3.10/dist-packages:${PYTHONPATH} /usr/bin/cmake --build /home/ht/ht_ws/build/realsense2_description -- -j16 -l16
[0.546s] DEBUG:colcon.colcon_core.event_handler.log_command:Invoked command in '/home/ht/ht_ws/build/realsense2_description' returned '0': AMENT_PREFIX_PATH=/home/ht/ht_ws/install/realsense2_camera_msgs:${AMENT_PREFIX_PATH} CMAKE_PREFIX_PATH=/home/ht/ht_ws/install/realsense2_camera_msgs:/opt/ros/humble LD_LIBRARY_PATH=/home/ht/ht_ws/install/realsense2_camera_msgs/lib:${LD_LIBRARY_PATH} PYTHONPATH=/home/ht/ht_ws/install/realsense2_camera_msgs/local/lib/python3.10/dist-packages:${PYTHONPATH} /usr/bin/cmake --build /home/ht/ht_ws/build/realsense2_description -- -j16 -l16
[0.548s] DEBUG:colcon.colcon_core.event_handler.log_command:Invoking command in '/home/ht/ht_ws/build/realsense2_description': AMENT_PREFIX_PATH=/home/ht/ht_ws/install/realsense2_camera_msgs:${AMENT_PREFIX_PATH} CMAKE_PREFIX_PATH=/home/ht/ht_ws/install/realsense2_camera_msgs:/opt/ros/humble LD_LIBRARY_PATH=/home/ht/ht_ws/install/realsense2_camera_msgs/lib:${LD_LIBRARY_PATH} PYTHONPATH=/home/ht/ht_ws/install/realsense2_camera_msgs/local/lib/python3.10/dist-packages:${PYTHONPATH} /usr/bin/cmake --install /home/ht/ht_ws/build/realsense2_description
[0.561s] Level 1:colcon.colcon_core.environment:create_environment_scripts_only(realsense2_description)
[0.561s] Level 1:colcon.colcon_core.environment:checking '/home/ht/ht_ws/install/realsense2_description' for CMake module files
[0.562s] DEBUG:colcon.colcon_core.event_handler.log_command:Invoked command in '/home/ht/ht_ws/build/realsense2_description' returned '0': AMENT_PREFIX_PATH=/home/ht/ht_ws/install/realsense2_camera_msgs:${AMENT_PREFIX_PATH} CMAKE_PREFIX_PATH=/home/ht/ht_ws/install/realsense2_camera_msgs:/opt/ros/humble LD_LIBRARY_PATH=/home/ht/ht_ws/install/realsense2_camera_msgs/lib:${LD_LIBRARY_PATH} PYTHONPATH=/home/ht/ht_ws/install/realsense2_camera_msgs/local/lib/python3.10/dist-packages:${PYTHONPATH} /usr/bin/cmake --install /home/ht/ht_ws/build/realsense2_description
[0.562s] Level 1:colcon.colcon_core.environment:checking '/home/ht/ht_ws/install/realsense2_description' for CMake config files
[0.563s] Level 1:colcon.colcon_core.shell:create_environment_hook('realsense2_description', 'cmake_prefix_path')
[0.563s] INFO:colcon.colcon_core.shell:Creating environment hook '/home/ht/ht_ws/install/realsense2_description/share/realsense2_description/hook/cmake_prefix_path.ps1'
[0.564s] INFO:colcon.colcon_core.shell:Creating environment descriptor '/home/ht/ht_ws/install/realsense2_description/share/realsense2_description/hook/cmake_prefix_path.dsv'
[0.564s] INFO:colcon.colcon_core.shell:Creating environment hook '/home/ht/ht_ws/install/realsense2_description/share/realsense2_description/hook/cmake_prefix_path.sh'
[0.565s] Level 1:colcon.colcon_core.environment:checking '/home/ht/ht_ws/install/realsense2_description/bin'
[0.565s] Level 1:colcon.colcon_core.environment:checking '/home/ht/ht_ws/install/realsense2_description/lib/pkgconfig/realsense2_description.pc'
[0.565s] Level 1:colcon.colcon_core.environment:checking '/home/ht/ht_ws/install/realsense2_description/lib/python3.10/site-packages'
[0.565s] Level 1:colcon.colcon_core.environment:checking '/home/ht/ht_ws/install/realsense2_description/bin'
[0.566s] INFO:colcon.colcon_core.shell:Creating package script '/home/ht/ht_ws/install/realsense2_description/share/realsense2_description/package.ps1'
[0.566s] INFO:colcon.colcon_core.shell:Creating package descriptor '/home/ht/ht_ws/install/realsense2_description/share/realsense2_description/package.dsv'
[0.567s] INFO:colcon.colcon_core.shell:Creating package script '/home/ht/ht_ws/install/realsense2_description/share/realsense2_description/package.sh'
[0.567s] INFO:colcon.colcon_core.shell:Creating package script '/home/ht/ht_ws/install/realsense2_description/share/realsense2_description/package.bash'
[0.568s] INFO:colcon.colcon_core.shell:Creating package script '/home/ht/ht_ws/install/realsense2_description/share/realsense2_description/package.zsh'
[0.568s] Level 1:colcon.colcon_core.environment:create_file_with_runtime_dependencies(/home/ht/ht_ws/install/realsense2_description/share/colcon-core/packages/realsense2_description)
[0.568s] Level 1:colcon.colcon_core.environment:create_environment_scripts_only(realsense2_description)
[0.568s] Level 1:colcon.colcon_core.environment:checking '/home/ht/ht_ws/install/realsense2_description' for CMake module files
[0.569s] Level 1:colcon.colcon_core.environment:checking '/home/ht/ht_ws/install/realsense2_description' for CMake config files
[0.569s] Level 1:colcon.colcon_core.shell:create_environment_hook('realsense2_description', 'cmake_prefix_path')
[0.569s] INFO:colcon.colcon_core.shell:Creating environment hook '/home/ht/ht_ws/install/realsense2_description/share/realsense2_description/hook/cmake_prefix_path.ps1'
[0.569s] INFO:colcon.colcon_core.shell:Creating environment descriptor '/home/ht/ht_ws/install/realsense2_description/share/realsense2_description/hook/cmake_prefix_path.dsv'
[0.569s] INFO:colcon.colcon_core.shell:Creating environment hook '/home/ht/ht_ws/install/realsense2_description/share/realsense2_description/hook/cmake_prefix_path.sh'
[0.570s] Level 1:colcon.colcon_core.environment:checking '/home/ht/ht_ws/install/realsense2_description/bin'
[0.570s] Level 1:colcon.colcon_core.environment:checking '/home/ht/ht_ws/install/realsense2_description/lib/pkgconfig/realsense2_description.pc'
[0.570s] Level 1:colcon.colcon_core.environment:checking '/home/ht/ht_ws/install/realsense2_description/lib/python3.10/site-packages'
[0.570s] Level 1:colcon.colcon_core.environment:checking '/home/ht/ht_ws/install/realsense2_description/bin'
[0.570s] INFO:colcon.colcon_core.shell:Creating package script '/home/ht/ht_ws/install/realsense2_description/share/realsense2_description/package.ps1'
[0.571s] INFO:colcon.colcon_core.shell:Creating package descriptor '/home/ht/ht_ws/install/realsense2_description/share/realsense2_description/package.dsv'
[0.571s] INFO:colcon.colcon_core.shell:Creating package script '/home/ht/ht_ws/install/realsense2_description/share/realsense2_description/package.sh'
[0.571s] INFO:colcon.colcon_core.shell:Creating package script '/home/ht/ht_ws/install/realsense2_description/share/realsense2_description/package.bash'
[0.571s] INFO:colcon.colcon_core.shell:Creating package script '/home/ht/ht_ws/install/realsense2_description/share/realsense2_description/package.zsh'
[0.572s] Level 1:colcon.colcon_core.environment:create_file_with_runtime_dependencies(/home/ht/ht_ws/install/realsense2_description/share/colcon-core/packages/realsense2_description)
[0.574s] DEBUG:colcon.colcon_core.event_handler.log_command:Invoked command in '/home/ht/ht_ws/build/realsense2_camera' returned '0': AMENT_PREFIX_PATH=/home/ht/ht_ws/install/realsense2_camera_msgs:${AMENT_PREFIX_PATH} CMAKE_PREFIX_PATH=/home/ht/ht_ws/install/realsense2_camera_msgs:/opt/ros/humble LD_LIBRARY_PATH=/home/ht/ht_ws/install/realsense2_camera_msgs/lib:${LD_LIBRARY_PATH} PYTHONPATH=/home/ht/ht_ws/install/realsense2_camera_msgs/local/lib/python3.10/dist-packages:${PYTHONPATH} /usr/bin/cmake --build /home/ht/ht_ws/build/realsense2_camera -- -j16 -l16
[0.575s] DEBUG:colcon.colcon_core.event_handler.log_command:Invoking command in '/home/ht/ht_ws/build/realsense2_camera': AMENT_PREFIX_PATH=/home/ht/ht_ws/install/realsense2_camera_msgs:${AMENT_PREFIX_PATH} CMAKE_PREFIX_PATH=/home/ht/ht_ws/install/realsense2_camera_msgs:/opt/ros/humble LD_LIBRARY_PATH=/home/ht/ht_ws/install/realsense2_camera_msgs/lib:${LD_LIBRARY_PATH} PYTHONPATH=/home/ht/ht_ws/install/realsense2_camera_msgs/local/lib/python3.10/dist-packages:${PYTHONPATH} /usr/bin/cmake --install /home/ht/ht_ws/build/realsense2_camera
[0.592s] Level 1:colcon.colcon_core.environment:create_environment_scripts_only(realsense2_camera)
[0.593s] DEBUG:colcon.colcon_core.event_handler.log_command:Invoked command in '/home/ht/ht_ws/build/realsense2_camera' returned '0': AMENT_PREFIX_PATH=/home/ht/ht_ws/install/realsense2_camera_msgs:${AMENT_PREFIX_PATH} CMAKE_PREFIX_PATH=/home/ht/ht_ws/install/realsense2_camera_msgs:/opt/ros/humble LD_LIBRARY_PATH=/home/ht/ht_ws/install/realsense2_camera_msgs/lib:${LD_LIBRARY_PATH} PYTHONPATH=/home/ht/ht_ws/install/realsense2_camera_msgs/local/lib/python3.10/dist-packages:${PYTHONPATH} /usr/bin/cmake --install /home/ht/ht_ws/build/realsense2_camera
[0.593s] Level 1:colcon.colcon_core.environment:checking '/home/ht/ht_ws/install/realsense2_camera' for CMake module files
[0.593s] Level 1:colcon.colcon_core.environment:checking '/home/ht/ht_ws/install/realsense2_camera' for CMake config files
[0.594s] Level 1:colcon.colcon_core.shell:create_environment_hook('realsense2_camera', 'cmake_prefix_path')
[0.594s] INFO:colcon.colcon_core.shell:Creating environment hook '/home/ht/ht_ws/install/realsense2_camera/share/realsense2_camera/hook/cmake_prefix_path.ps1'
[0.595s] INFO:colcon.colcon_core.shell:Creating environment descriptor '/home/ht/ht_ws/install/realsense2_camera/share/realsense2_camera/hook/cmake_prefix_path.dsv'
[0.595s] INFO:colcon.colcon_core.shell:Creating environment hook '/home/ht/ht_ws/install/realsense2_camera/share/realsense2_camera/hook/cmake_prefix_path.sh'
[0.596s] Level 1:colcon.colcon_core.environment:checking '/home/ht/ht_ws/install/realsense2_camera/lib'
[0.596s] Level 1:colcon.colcon_core.shell:create_environment_hook('realsense2_camera', 'ld_library_path_lib')
[0.596s] INFO:colcon.colcon_core.shell:Creating environment hook '/home/ht/ht_ws/install/realsense2_camera/share/realsense2_camera/hook/ld_library_path_lib.ps1'
[0.596s] INFO:colcon.colcon_core.shell:Creating environment descriptor '/home/ht/ht_ws/install/realsense2_camera/share/realsense2_camera/hook/ld_library_path_lib.dsv'
[0.596s] INFO:colcon.colcon_core.shell:Creating environment hook '/home/ht/ht_ws/install/realsense2_camera/share/realsense2_camera/hook/ld_library_path_lib.sh'
[0.597s] Level 1:colcon.colcon_core.environment:checking '/home/ht/ht_ws/install/realsense2_camera/bin'
[0.597s] Level 1:colcon.colcon_core.environment:checking '/home/ht/ht_ws/install/realsense2_camera/lib/pkgconfig/realsense2_camera.pc'
[0.597s] Level 1:colcon.colcon_core.environment:checking '/home/ht/ht_ws/install/realsense2_camera/lib/python3.10/site-packages'
[0.597s] Level 1:colcon.colcon_core.environment:checking '/home/ht/ht_ws/install/realsense2_camera/bin'
[0.597s] INFO:colcon.colcon_core.shell:Creating package script '/home/ht/ht_ws/install/realsense2_camera/share/realsense2_camera/package.ps1'
[0.598s] INFO:colcon.colcon_core.shell:Creating package descriptor '/home/ht/ht_ws/install/realsense2_camera/share/realsense2_camera/package.dsv'
[0.598s] INFO:colcon.colcon_core.shell:Creating package script '/home/ht/ht_ws/install/realsense2_camera/share/realsense2_camera/package.sh'
[0.598s] INFO:colcon.colcon_core.shell:Creating package script '/home/ht/ht_ws/install/realsense2_camera/share/realsense2_camera/package.bash'
[0.598s] INFO:colcon.colcon_core.shell:Creating package script '/home/ht/ht_ws/install/realsense2_camera/share/realsense2_camera/package.zsh'
[0.598s] Level 1:colcon.colcon_core.environment:create_file_with_runtime_dependencies(/home/ht/ht_ws/install/realsense2_camera/share/colcon-core/packages/realsense2_camera)
[0.599s] Level 1:colcon.colcon_core.environment:create_environment_scripts_only(realsense2_camera)
[0.599s] Level 1:colcon.colcon_core.environment:checking '/home/ht/ht_ws/install/realsense2_camera' for CMake module files
[0.599s] Level 1:colcon.colcon_core.environment:checking '/home/ht/ht_ws/install/realsense2_camera' for CMake config files
[0.599s] Level 1:colcon.colcon_core.shell:create_environment_hook('realsense2_camera', 'cmake_prefix_path')
[0.599s] INFO:colcon.colcon_core.shell:Creating environment hook '/home/ht/ht_ws/install/realsense2_camera/share/realsense2_camera/hook/cmake_prefix_path.ps1'
[0.600s] INFO:colcon.colcon_core.shell:Creating environment descriptor '/home/ht/ht_ws/install/realsense2_camera/share/realsense2_camera/hook/cmake_prefix_path.dsv'
[0.600s] INFO:colcon.colcon_core.shell:Creating environment hook '/home/ht/ht_ws/install/realsense2_camera/share/realsense2_camera/hook/cmake_prefix_path.sh'
[0.600s] Level 1:colcon.colcon_core.environment:checking '/home/ht/ht_ws/install/realsense2_camera/lib'
[0.600s] Level 1:colcon.colcon_core.shell:create_environment_hook('realsense2_camera', 'ld_library_path_lib')
[0.600s] INFO:colcon.colcon_core.shell:Creating environment hook '/home/ht/ht_ws/install/realsense2_camera/share/realsense2_camera/hook/ld_library_path_lib.ps1'
[0.601s] INFO:colcon.colcon_core.shell:Creating environment descriptor '/home/ht/ht_ws/install/realsense2_camera/share/realsense2_camera/hook/ld_library_path_lib.dsv'
[0.601s] INFO:colcon.colcon_core.shell:Creating environment hook '/home/ht/ht_ws/install/realsense2_camera/share/realsense2_camera/hook/ld_library_path_lib.sh'
[0.601s] Level 1:colcon.colcon_core.environment:checking '/home/ht/ht_ws/install/realsense2_camera/bin'
[0.601s] Level 1:colcon.colcon_core.environment:checking '/home/ht/ht_ws/install/realsense2_camera/lib/pkgconfig/realsense2_camera.pc'
[0.601s] Level 1:colcon.colcon_core.environment:checking '/home/ht/ht_ws/install/realsense2_camera/lib/python3.10/site-packages'
[0.601s] Level 1:colcon.colcon_core.environment:checking '/home/ht/ht_ws/install/realsense2_camera/bin'
[0.601s] INFO:colcon.colcon_core.shell:Creating package script '/home/ht/ht_ws/install/realsense2_camera/share/realsense2_camera/package.ps1'
[0.602s] INFO:colcon.colcon_core.shell:Creating package descriptor '/home/ht/ht_ws/install/realsense2_camera/share/realsense2_camera/package.dsv'
[0.602s] INFO:colcon.colcon_core.shell:Creating package script '/home/ht/ht_ws/install/realsense2_camera/share/realsense2_camera/package.sh'
[0.602s] INFO:colcon.colcon_core.shell:Creating package script '/home/ht/ht_ws/install/realsense2_camera/share/realsense2_camera/package.bash'
[0.602s] INFO:colcon.colcon_core.shell:Creating package script '/home/ht/ht_ws/install/realsense2_camera/share/realsense2_camera/package.zsh'
[0.602s] Level 1:colcon.colcon_core.environment:create_file_with_runtime_dependencies(/home/ht/ht_ws/install/realsense2_camera/share/colcon-core/packages/realsense2_camera)
[27.722s] DEBUG:colcon.colcon_core.event_handler.log_command:Invoked command in '/home/ht/ht_ws/build/fast_livo' returned '0': AMENT_PREFIX_PATH=/home/ht/ht_ws/install/vikit_ros:${AMENT_PREFIX_PATH} CMAKE_PREFIX_PATH=/home/ht/ht_ws/install/vikit_ros:/opt/ros/humble:/home/ht/ht_ws/install/vikit_common LD_LIBRARY_PATH=/home/ht/ht_ws/install/vikit_ros/lib:/home/ht/ht_ws/install/vikit_common/lib:${LD_LIBRARY_PATH} PKG_CONFIG_PATH=/home/ht/ht_ws/install/vikit_common/lib/x86_64-linux-gnu/pkgconfig:/home/ht/ht_ws/install/vikit_common/lib/pkgconfig ROS_PACKAGE_PATH=/home/ht/ht_ws/install/vikit_common/share /usr/bin/cmake --build /home/ht/ht_ws/build/fast_livo -- -j16 -l16
[27.723s] DEBUG:colcon.colcon_core.event_handler.log_command:Invoking command in '/home/ht/ht_ws/build/fast_livo': AMENT_PREFIX_PATH=/home/ht/ht_ws/install/vikit_ros:${AMENT_PREFIX_PATH} CMAKE_PREFIX_PATH=/home/ht/ht_ws/install/vikit_ros:/opt/ros/humble:/home/ht/ht_ws/install/vikit_common LD_LIBRARY_PATH=/home/ht/ht_ws/install/vikit_ros/lib:/home/ht/ht_ws/install/vikit_common/lib:${LD_LIBRARY_PATH} PKG_CONFIG_PATH=/home/ht/ht_ws/install/vikit_common/lib/x86_64-linux-gnu/pkgconfig:/home/ht/ht_ws/install/vikit_common/lib/pkgconfig ROS_PACKAGE_PATH=/home/ht/ht_ws/install/vikit_common/share /usr/bin/cmake --install /home/ht/ht_ws/build/fast_livo
[27.735s] Level 1:colcon.colcon_core.environment:create_environment_scripts_only(fast_livo)
[27.736s] Level 1:colcon.colcon_core.environment:checking '/home/ht/ht_ws/install/fast_livo' for CMake module files
[27.736s] DEBUG:colcon.colcon_core.event_handler.log_command:Invoked command in '/home/ht/ht_ws/build/fast_livo' returned '0': AMENT_PREFIX_PATH=/home/ht/ht_ws/install/vikit_ros:${AMENT_PREFIX_PATH} CMAKE_PREFIX_PATH=/home/ht/ht_ws/install/vikit_ros:/opt/ros/humble:/home/ht/ht_ws/install/vikit_common LD_LIBRARY_PATH=/home/ht/ht_ws/install/vikit_ros/lib:/home/ht/ht_ws/install/vikit_common/lib:${LD_LIBRARY_PATH} PKG_CONFIG_PATH=/home/ht/ht_ws/install/vikit_common/lib/x86_64-linux-gnu/pkgconfig:/home/ht/ht_ws/install/vikit_common/lib/pkgconfig ROS_PACKAGE_PATH=/home/ht/ht_ws/install/vikit_common/share /usr/bin/cmake --install /home/ht/ht_ws/build/fast_livo
[27.736s] Level 1:colcon.colcon_core.environment:checking '/home/ht/ht_ws/install/fast_livo' for CMake config files
[27.736s] Level 1:colcon.colcon_core.shell:create_environment_hook('fast_livo', 'cmake_prefix_path')
[27.736s] INFO:colcon.colcon_core.shell:Creating environment hook '/home/ht/ht_ws/install/fast_livo/share/fast_livo/hook/cmake_prefix_path.ps1'
[27.737s] INFO:colcon.colcon_core.shell:Creating environment descriptor '/home/ht/ht_ws/install/fast_livo/share/fast_livo/hook/cmake_prefix_path.dsv'
[27.737s] INFO:colcon.colcon_core.shell:Creating environment hook '/home/ht/ht_ws/install/fast_livo/share/fast_livo/hook/cmake_prefix_path.sh'
[27.737s] Level 1:colcon.colcon_core.environment:checking '/home/ht/ht_ws/install/fast_livo/lib'
[27.737s] Level 1:colcon.colcon_core.environment:checking '/home/ht/ht_ws/install/fast_livo/bin'
[27.737s] Level 1:colcon.colcon_core.environment:checking '/home/ht/ht_ws/install/fast_livo/lib/pkgconfig/fast_livo.pc'
[27.737s] Level 1:colcon.colcon_core.environment:checking '/home/ht/ht_ws/install/fast_livo/lib/python3.10/site-packages'
[27.737s] Level 1:colcon.colcon_core.environment:checking '/home/ht/ht_ws/install/fast_livo/bin'
[27.738s] INFO:colcon.colcon_core.shell:Creating package script '/home/ht/ht_ws/install/fast_livo/share/fast_livo/package.ps1'
[27.738s] INFO:colcon.colcon_core.shell:Creating package descriptor '/home/ht/ht_ws/install/fast_livo/share/fast_livo/package.dsv'
[27.738s] INFO:colcon.colcon_core.shell:Creating package script '/home/ht/ht_ws/install/fast_livo/share/fast_livo/package.sh'
[27.738s] INFO:colcon.colcon_core.shell:Creating package script '/home/ht/ht_ws/install/fast_livo/share/fast_livo/package.bash'
[27.738s] INFO:colcon.colcon_core.shell:Creating package script '/home/ht/ht_ws/install/fast_livo/share/fast_livo/package.zsh'
[27.738s] Level 1:colcon.colcon_core.environment:create_file_with_runtime_dependencies(/home/ht/ht_ws/install/fast_livo/share/colcon-core/packages/fast_livo)
[27.739s] Level 1:colcon.colcon_core.environment:create_environment_scripts_only(fast_livo)
[27.739s] Level 1:colcon.colcon_core.environment:checking '/home/ht/ht_ws/install/fast_livo' for CMake module files
[27.739s] Level 1:colcon.colcon_core.environment:checking '/home/ht/ht_ws/install/fast_livo' for CMake config files
[27.739s] Level 1:colcon.colcon_core.shell:create_environment_hook('fast_livo', 'cmake_prefix_path')
[27.739s] INFO:colcon.colcon_core.shell:Creating environment hook '/home/ht/ht_ws/install/fast_livo/share/fast_livo/hook/cmake_prefix_path.ps1'
[27.740s] INFO:colcon.colcon_core.shell:Creating environment descriptor '/home/ht/ht_ws/install/fast_livo/share/fast_livo/hook/cmake_prefix_path.dsv'
[27.740s] INFO:colcon.colcon_core.shell:Creating environment hook '/home/ht/ht_ws/install/fast_livo/share/fast_livo/hook/cmake_prefix_path.sh'
[27.740s] Level 1:colcon.colcon_core.environment:checking '/home/ht/ht_ws/install/fast_livo/lib'
[27.740s] Level 1:colcon.colcon_core.environment:checking '/home/ht/ht_ws/install/fast_livo/bin'
[27.740s] Level 1:colcon.colcon_core.environment:checking '/home/ht/ht_ws/install/fast_livo/lib/pkgconfig/fast_livo.pc'
[27.740s] Level 1:colcon.colcon_core.environment:checking '/home/ht/ht_ws/install/fast_livo/lib/python3.10/site-packages'
[27.740s] Level 1:colcon.colcon_core.environment:checking '/home/ht/ht_ws/install/fast_livo/bin'
[27.740s] INFO:colcon.colcon_core.shell:Creating package script '/home/ht/ht_ws/install/fast_livo/share/fast_livo/package.ps1'
[27.741s] INFO:colcon.colcon_core.shell:Creating package descriptor '/home/ht/ht_ws/install/fast_livo/share/fast_livo/package.dsv'
[27.741s] INFO:colcon.colcon_core.shell:Creating package script '/home/ht/ht_ws/install/fast_livo/share/fast_livo/package.sh'
[27.741s] INFO:colcon.colcon_core.shell:Creating package script '/home/ht/ht_ws/install/fast_livo/share/fast_livo/package.bash'
[27.741s] INFO:colcon.colcon_core.shell:Creating package script '/home/ht/ht_ws/install/fast_livo/share/fast_livo/package.zsh'
[27.741s] Level 1:colcon.colcon_core.environment:create_file_with_runtime_dependencies(/home/ht/ht_ws/install/fast_livo/share/colcon-core/packages/fast_livo)
[27.741s] DEBUG:colcon.colcon_parallel_executor.executor.parallel:closing loop
[27.742s] DEBUG:colcon.colcon_parallel_executor.executor.parallel:loop closed
[27.742s] DEBUG:colcon.colcon_parallel_executor.executor.parallel:run_until_complete finished with '0'
[27.742s] DEBUG:colcon.colcon_core.event_reactor:joining thread
[27.744s] INFO:colcon.colcon_core.plugin_system:Skipping extension 'colcon_notification.desktop_notification.terminal_notifier': Not used on non-Darwin systems
[27.744s] INFO:colcon.colcon_core.plugin_system:Skipping extension 'colcon_notification.desktop_notification.win32': Not used on non-Windows systems
[27.745s] INFO:colcon.colcon_notification.desktop_notification:Sending desktop notification using 'notify2'
[27.751s] DEBUG:colcon.colcon_core.event_reactor:joined thread
[27.751s] INFO:colcon.colcon_core.shell:Creating prefix script '/home/ht/ht_ws/install/local_setup.ps1'
[27.752s] INFO:colcon.colcon_core.shell:Creating prefix util module '/home/ht/ht_ws/install/_local_setup_util_ps1.py'
[27.753s] INFO:colcon.colcon_core.shell:Creating prefix chain script '/home/ht/ht_ws/install/setup.ps1'
[27.754s] INFO:colcon.colcon_core.shell:Creating prefix script '/home/ht/ht_ws/install/local_setup.sh'
[27.754s] INFO:colcon.colcon_core.shell:Creating prefix util module '/home/ht/ht_ws/install/_local_setup_util_sh.py'
[27.754s] INFO:colcon.colcon_core.shell:Creating prefix chain script '/home/ht/ht_ws/install/setup.sh'
[27.755s] INFO:colcon.colcon_core.shell:Creating prefix script '/home/ht/ht_ws/install/local_setup.bash'
[27.755s] INFO:colcon.colcon_core.shell:Creating prefix chain script '/home/ht/ht_ws/install/setup.bash'
[27.756s] INFO:colcon.colcon_core.shell:Creating prefix script '/home/ht/ht_ws/install/local_setup.zsh'
[27.756s] INFO:colcon.colcon_core.shell:Creating prefix chain script '/home/ht/ht_ws/install/setup.zsh'
