[0.016s] Invoking command in '/home/ht/ht_ws/build/octomap_server2': CMAKE_PREFIX_PATH=/opt/ros/humble /usr/bin/cmake /home/ht/ht_ws/src/octomap_ros2 -DCMAKE_INSTALL_PREFIX=/home/ht/ht_ws/install/octomap_server2
[0.023s] -- Found ament_cmake: 1.3.12 (/opt/ros/humble/share/ament_cmake/cmake)
[0.101s] -- Override CMake install command with custom implementation using symlinks instead of copying resources
[0.106s] -- Found rclcpp: 16.0.17 (/opt/ros/humble/share/rclcpp/cmake)
[0.137s] -- Found rosidl_generator_c: 3.1.8 (/opt/ros/humble/share/rosidl_generator_c/cmake)
[0.139s] -- Found rosidl_adapter: 3.1.8 (/opt/ros/humble/share/rosidl_adapter/cmake)
[0.143s] -- Found rosidl_generator_cpp: 3.1.8 (/opt/ros/humble/share/rosidl_generator_cpp/cmake)
[0.152s] -- Using all available rosidl_typesupport_c: rosidl_typesupport_fastrtps_c;rosidl_typesupport_introspection_c
[0.159s] -- Using all available rosidl_typesupport_cpp: rosidl_typesupport_fastrtps_cpp;rosidl_typesupport_introspection_cpp
[0.186s] -- Found rmw_implementation_cmake: 6.1.2 (/opt/ros/humble/share/rmw_implementation_cmake/cmake)
[0.188s] -- Found rmw_fastrtps_cpp: 6.2.9 (/opt/ros/humble/share/rmw_fastrtps_cpp/cmake)
[0.263s] -- Using RMW implementation 'rmw_fastrtps_cpp' as default
[0.305s] -- Found rclcpp_components: 16.0.17 (/opt/ros/humble/share/rclcpp_components/cmake)
[0.330s] -- Eigen found (include: /usr/include/eigen3, version: 3.4.0)
[0.353s] -- FLANN found (include: /usr/include, lib: /usr/lib/x86_64-linux-gnu/libflann_cpp.so)
[0.471s] -- Found Eigen3: /usr/include/eigen3 (found version "3.4.0") 
[0.555s] -- OpenNI found (version: 1.5.4.0, include: /usr/include/ni, lib: /usr/lib/libOpenNI.so;libusb::libusb)
[0.559s] -- OpenNI2 found (version: 2.2.0.33, include: /usr/include/openni2, lib: /usr/lib/x86_64-linux-gnu/libOpenNI2.so;libusb::libusb)
[0.559s] [0m** WARNING ** io features related to pcap will be disabled[0m
[0.668s] -- Eigen found (include: /usr/include/eigen3, version: 3.4.0)
[0.673s] -- OpenNI found (version: 1.5.4.0, include: /usr/include/ni, lib: /usr/lib/libOpenNI.so;libusb::libusb)
[0.677s] -- OpenNI2 found (version: 2.2.0.33, include: /usr/include/openni2, lib: /usr/lib/x86_64-linux-gnu/libOpenNI2.so;libusb::libusb)
[0.785s] -- Found Qhull version 8.0.2
[0.895s] -- OpenNI found (version: 1.5.4.0, include: /usr/include/ni, lib: /usr/lib/libOpenNI.so;libusb::libusb)
[0.995s] -- looking for PCL_COMMON
[0.996s] -- looking for PCL_KDTREE
[0.996s] -- looking for PCL_OCTREE
[0.996s] -- looking for PCL_SEARCH
[0.997s] -- looking for PCL_SAMPLE_CONSENSUS
[0.997s] -- looking for PCL_FILTERS
[0.997s] -- looking for PCL_2D
[0.998s] -- looking for PCL_GEOMETRY
[0.998s] -- looking for PCL_IO
[0.998s] -- looking for PCL_FEATURES
[0.998s] -- looking for PCL_ML
[0.998s] -- looking for PCL_SEGMENTATION
[0.999s] -- looking for PCL_VISUALIZATION
[0.999s] -- looking for PCL_SURFACE
[0.999s] -- looking for PCL_REGISTRATION
[0.999s] -- looking for PCL_KEYPOINTS
[1.000s] -- looking for PCL_TRACKING
[1.000s] -- looking for PCL_RECOGNITION
[1.000s] -- looking for PCL_STEREO
[1.000s] -- looking for PCL_APPS
[1.001s] -- looking for PCL_IN_HAND_SCANNER
[1.001s] -- looking for PCL_MODELER
[1.001s] -- looking for PCL_POINT_CLOUD_EDITOR
[1.001s] -- looking for PCL_OUTOFCORE
[1.002s] -- looking for PCL_PEOPLE
[1.002s] -- Found sensor_msgs: 4.9.0 (/opt/ros/humble/share/sensor_msgs/cmake)
[1.019s] -- Found nav_msgs: 4.9.0 (/opt/ros/humble/share/nav_msgs/cmake)
[1.028s] -- Found visualization_msgs: 4.9.0 (/opt/ros/humble/share/visualization_msgs/cmake)
[1.039s] -- Found std_srvs: 4.9.0 (/opt/ros/humble/share/std_srvs/cmake)
[1.048s] -- Found pcl_conversions: 2.4.5 (/opt/ros/humble/share/pcl_conversions/cmake)
[1.064s] -- Found octomap_msgs: 2.0.1 (/opt/ros/humble/share/octomap_msgs/cmake)
[1.074s] -- Found tf2: 0.25.18 (/opt/ros/humble/share/tf2/cmake)
[1.076s] -- Found tf2_ros: 0.25.18 (/opt/ros/humble/share/tf2_ros/cmake)
[1.108s] -- Found tf2_geometry_msgs: 0.25.18 (/opt/ros/humble/share/tf2_geometry_msgs/cmake)
[1.111s] -- Found eigen3_cmake_module: 0.1.1 (/opt/ros/humble/share/eigen3_cmake_module/cmake)
[1.111s] -- Found Eigen3: TRUE (found version "3.4.0") 
[1.111s] -- Ensuring Eigen3 include directory is part of orocos-kdl CMake target
[1.185s] -- Configuring done
[1.228s] -- Generating done
[1.240s] -- Build files have been written to: /home/ht/ht_ws/build/octomap_server2
[1.258s] Invoked command in '/home/ht/ht_ws/build/octomap_server2' returned '0': CMAKE_PREFIX_PATH=/opt/ros/humble /usr/bin/cmake /home/ht/ht_ws/src/octomap_ros2 -DCMAKE_INSTALL_PREFIX=/home/ht/ht_ws/install/octomap_server2
[1.260s] Invoking command in '/home/ht/ht_ws/build/octomap_server2': CMAKE_PREFIX_PATH=/opt/ros/humble /usr/bin/cmake --build /home/ht/ht_ws/build/octomap_server2 -- -j16 -l16
[1.297s] [35m[1mConsolidate compiler generated dependencies of target octomap_server[0m
[1.302s] [35m[1mConsolidate compiler generated dependencies of target octomap_server2[0m
[1.307s] [ 33%] Built target octomap_server
[1.324s] [ 50%] [32mBuilding CXX object CMakeFiles/octomap_server2.dir/src/octomap_server.cpp.o[0m
[3.598s] In file included from [01m[K/home/ht/ht_ws/src/octomap_ros2/include/octomap_server2/conversions.h:50[m[K,
[3.599s]                  from [01m[K/home/ht/ht_ws/src/octomap_ros2/include/octomap_server2/octomap_server.hpp:51[m[K,
[3.599s]                  from [01m[K/home/ht/ht_ws/src/octomap_ros2/src/octomap_server.cpp:2[m[K:
[3.599s] [01m[K/opt/ros/humble/include/tf2_geometry_msgs/tf2_geometry_msgs/tf2_geometry_msgs.h:35:2:[m[K [01;35m[Kwarning: [m[K#warning This header is obsolete, please include tf2_geometry_msgs/tf2_geometry_msgs.hpp instead [[01;35m[K]8;;https://gcc.gnu.org/onlinedocs/gcc/Warning-Options.html#index-Wcpp-Wcpp]8;;[m[K]
[3.599s]    35 | #[01;35m[Kwarning[m[K This header is obsolete, please include tf2_geometry_msgs/tf2_geometry_msgs.hpp instead
[3.599s]       |  [01;35m[K^~~~~~~[m[K
[5.486s] gmake[2]: *** [CMakeFiles/octomap_server2.dir/build.make:76: CMakeFiles/octomap_server2.dir/src/octomap_server.cpp.o] 中断
[5.486s] gmake[1]: *** [CMakeFiles/Makefile2:139: CMakeFiles/octomap_server2.dir/all] 中断
[5.487s] gmake: *** [Makefile:146: all] 中断
