[0.006s] Invoking command in '/home/ht/ht_ws/build/vikit_common': /usr/bin/cmake --build /home/ht/ht_ws/build/vikit_common -- -j16 -l16
[0.035s] [35m[1mConsolidate compiler generated dependencies of target vikit_common[0m
[0.053s] [ 68%] Built target vikit_common
[0.060s] [35m[1mConsolidate compiler generated dependencies of target test_vk_common_triangulation[0m
[0.060s] [35m[1mConsolidate compiler generated dependencies of target test_vk_common_camera[0m
[0.061s] [35m[1mConsolidate compiler generated dependencies of target test_vk_common_patch_score[0m
[0.071s] [ 78%] Built target test_vk_common_triangulation
[0.071s] [ 89%] Built target test_vk_common_camera
[0.073s] [100%] Built target test_vk_common_patch_score
[0.080s] Invoked command in '/home/ht/ht_ws/build/vikit_common' returned '0': /usr/bin/cmake --build /home/ht/ht_ws/build/vikit_common -- -j16 -l16
[0.086s] Invoking command in '/home/ht/ht_ws/build/vikit_common': /usr/bin/cmake --install /home/ht/ht_ws/build/vikit_common
[0.094s] -- Install configuration: "Release"
[0.094s] -- Up-to-date: /home/ht/ht_ws/install/vikit_common/lib/libvikit_common.so
[0.095s] -- Up-to-date: /home/ht/ht_ws/install/vikit_common/lib/vikit_common/test_vk_common_camera
[0.095s] -- Up-to-date: /home/ht/ht_ws/install/vikit_common/lib/vikit_common/test_vk_common_triangulation
[0.095s] -- Up-to-date: /home/ht/ht_ws/install/vikit_common/lib/vikit_common/test_vk_common_patch_score
[0.095s] -- Up-to-date: /home/ht/ht_ws/install/vikit_common/include/vikit_common
[0.095s] -- Up-to-date: /home/ht/ht_ws/install/vikit_common/include/vikit_common/vikit
[0.095s] -- Up-to-date: /home/ht/ht_ws/install/vikit_common/include/vikit_common/vikit/polynomial_camera.h
[0.095s] -- Up-to-date: /home/ht/ht_ws/install/vikit_common/include/vikit_common/vikit/abstract_camera.h
[0.095s] -- Up-to-date: /home/ht/ht_ws/install/vikit_common/include/vikit_common/vikit/atan_camera.h
[0.096s] -- Up-to-date: /home/ht/ht_ws/install/vikit_common/include/vikit_common/vikit/homography.h
[0.096s] -- Up-to-date: /home/ht/ht_ws/install/vikit_common/include/vikit_common/vikit/ringbuffer.h
[0.096s] -- Up-to-date: /home/ht/ht_ws/install/vikit_common/include/vikit_common/vikit/nlls_solver.h
[0.096s] -- Up-to-date: /home/ht/ht_ws/install/vikit_common/include/vikit_common/vikit/math_utils.h
[0.096s] -- Up-to-date: /home/ht/ht_ws/install/vikit_common/include/vikit_common/vikit/img_align.h
[0.096s] -- Up-to-date: /home/ht/ht_ws/install/vikit_common/include/vikit_common/vikit/patch_score.h
[0.096s] -- Up-to-date: /home/ht/ht_ws/install/vikit_common/include/vikit_common/vikit/robust_cost.h
[0.096s] -- Up-to-date: /home/ht/ht_ws/install/vikit_common/include/vikit_common/vikit/vision.h
[0.096s] -- Up-to-date: /home/ht/ht_ws/install/vikit_common/include/vikit_common/vikit/user_input_thread.h
[0.096s] -- Up-to-date: /home/ht/ht_ws/install/vikit_common/include/vikit_common/vikit/equidistant_camera.h
[0.096s] -- Up-to-date: /home/ht/ht_ws/install/vikit_common/include/vikit_common/vikit/performance_monitor.h
[0.096s] -- Up-to-date: /home/ht/ht_ws/install/vikit_common/include/vikit_common/vikit/blender_utils.h
[0.097s] -- Up-to-date: /home/ht/ht_ws/install/vikit_common/include/vikit_common/vikit/pinhole_camera.h
[0.097s] -- Up-to-date: /home/ht/ht_ws/install/vikit_common/include/vikit_common/vikit/nlls_solver_impl.hpp
[0.097s] -- Up-to-date: /home/ht/ht_ws/install/vikit_common/include/vikit_common/vikit/omni_camera.h
[0.097s] -- Up-to-date: /home/ht/ht_ws/install/vikit_common/include/vikit_common/vikit/file_reader.h
[0.097s] -- Up-to-date: /home/ht/ht_ws/install/vikit_common/include/vikit_common/vikit/file_reader_types.h
[0.097s] -- Up-to-date: /home/ht/ht_ws/install/vikit_common/include/vikit_common/vikit/timer.h
[0.097s] -- Up-to-date: /home/ht/ht_ws/install/vikit_common/include/vikit_common/vikit/sample.h
[0.097s] -- Up-to-date: /home/ht/ht_ws/install/vikit_common/include/vikit_common/vikit/aligned_mem.h
[0.097s] -- Up-to-date: /home/ht/ht_ws/install/vikit_common/share/vikit_common/environment/library_path.sh
[0.097s] -- Up-to-date: /home/ht/ht_ws/install/vikit_common/share/vikit_common/environment/library_path.dsv
[0.097s] -- Up-to-date: /home/ht/ht_ws/install/vikit_common/share/ament_index/resource_index/package_run_dependencies/vikit_common
[0.097s] -- Up-to-date: /home/ht/ht_ws/install/vikit_common/share/ament_index/resource_index/parent_prefix_path/vikit_common
[0.097s] -- Up-to-date: /home/ht/ht_ws/install/vikit_common/share/vikit_common/environment/ament_prefix_path.sh
[0.097s] -- Up-to-date: /home/ht/ht_ws/install/vikit_common/share/vikit_common/environment/ament_prefix_path.dsv
[0.097s] -- Up-to-date: /home/ht/ht_ws/install/vikit_common/share/vikit_common/environment/path.sh
[0.097s] -- Up-to-date: /home/ht/ht_ws/install/vikit_common/share/vikit_common/environment/path.dsv
[0.097s] -- Up-to-date: /home/ht/ht_ws/install/vikit_common/share/vikit_common/local_setup.bash
[0.097s] -- Up-to-date: /home/ht/ht_ws/install/vikit_common/share/vikit_common/local_setup.sh
[0.097s] -- Up-to-date: /home/ht/ht_ws/install/vikit_common/share/vikit_common/local_setup.zsh
[0.097s] -- Up-to-date: /home/ht/ht_ws/install/vikit_common/share/vikit_common/local_setup.dsv
[0.098s] -- Installing: /home/ht/ht_ws/install/vikit_common/share/vikit_common/package.dsv
[0.098s] -- Up-to-date: /home/ht/ht_ws/install/vikit_common/share/ament_index/resource_index/packages/vikit_common
[0.098s] -- Up-to-date: /home/ht/ht_ws/install/vikit_common/share/vikit_common/cmake/vikit_commonExport.cmake
[0.098s] -- Up-to-date: /home/ht/ht_ws/install/vikit_common/share/vikit_common/cmake/vikit_commonExport-release.cmake
[0.098s] -- Up-to-date: /home/ht/ht_ws/install/vikit_common/share/vikit_common/cmake/ament_cmake_export_include_directories-extras.cmake
[0.098s] -- Up-to-date: /home/ht/ht_ws/install/vikit_common/share/vikit_common/cmake/ament_cmake_export_libraries-extras.cmake
[0.098s] -- Up-to-date: /home/ht/ht_ws/install/vikit_common/share/vikit_common/cmake/ament_cmake_export_dependencies-extras.cmake
[0.098s] -- Up-to-date: /home/ht/ht_ws/install/vikit_common/share/vikit_common/cmake/ament_cmake_export_targets-extras.cmake
[0.098s] -- Up-to-date: /home/ht/ht_ws/install/vikit_common/share/vikit_common/cmake/vikit_commonConfig.cmake
[0.098s] -- Up-to-date: /home/ht/ht_ws/install/vikit_common/share/vikit_common/cmake/vikit_commonConfig-version.cmake
[0.098s] -- Up-to-date: /home/ht/ht_ws/install/vikit_common/share/vikit_common/package.xml
[0.099s] Invoked command in '/home/ht/ht_ws/build/vikit_common' returned '0': /usr/bin/cmake --install /home/ht/ht_ws/build/vikit_common
