[0.039s] Invoking command in '/home/bxi_nx/ht_ws/build/vikit_common': /usr/bin/cmake /home/bxi_nx/ht_ws/src/rpg_vikit/vikit_common -DCATKIN_INSTALL_INTO_PREFIX_ROOT=0 -DCATKIN_SYMLINK_INSTALL=ON -DCMAKE_INSTALL_PREFIX=/home/bxi_nx/ht_ws/install/vikit_common
[0.058s] [0mCurrent CPU archtecture: aarch64[0m
[0.059s] -- Found ament_cmake: 1.3.12 (/opt/ros/humble/share/ament_cmake/cmake)
[0.465s] -- Configuring done
[0.486s] -- Generating done
[0.494s] -- Build files have been written to: /home/bxi_nx/ht_ws/build/vikit_common
[0.501s] Invoked command in '/home/bxi_nx/ht_ws/build/vikit_common' returned '0': /usr/bin/cmake /home/bxi_nx/ht_ws/src/rpg_vikit/vikit_common -DCATKIN_INSTALL_INTO_PREFIX_ROOT=0 -DCATKIN_SYMLINK_INSTALL=ON -DCMAKE_INSTALL_PREFIX=/home/bxi_nx/ht_ws/install/vikit_common
[0.504s] Invoking command in '/home/bxi_nx/ht_ws/build/vikit_common': /usr/bin/cmake --build /home/bxi_nx/ht_ws/build/vikit_common -- -j8 -l8
[0.586s] [35m[1mConsolidate compiler generated dependencies of target vikit_common[0m
[0.648s] [ 68%] Built target vikit_common
[0.668s] [35m[1mConsolidate compiler generated dependencies of target test_vk_common_patch_score[0m
[0.669s] [35m[1mConsolidate compiler generated dependencies of target test_vk_common_triangulation[0m
[0.669s] [35m[1mConsolidate compiler generated dependencies of target test_vk_common_camera[0m
[0.702s] [ 78%] Built target test_vk_common_patch_score
[0.705s] [ 89%] Built target test_vk_common_camera
[0.705s] [100%] Built target test_vk_common_triangulation
[0.730s] Invoked command in '/home/bxi_nx/ht_ws/build/vikit_common' returned '0': /usr/bin/cmake --build /home/bxi_nx/ht_ws/build/vikit_common -- -j8 -l8
[0.734s] Invoking command in '/home/bxi_nx/ht_ws/build/vikit_common': /usr/bin/cmake --install /home/bxi_nx/ht_ws/build/vikit_common
[0.751s] -- Install configuration: "Release"
[0.751s] -- Up-to-date: /home/bxi_nx/ht_ws/install/vikit_common/lib/libvikit_common.so
[0.751s] -- Up-to-date: /home/bxi_nx/ht_ws/install/vikit_common/lib/vikit_common/test_vk_common_camera
[0.752s] -- Up-to-date: /home/bxi_nx/ht_ws/install/vikit_common/lib/vikit_common/test_vk_common_triangulation
[0.752s] -- Up-to-date: /home/bxi_nx/ht_ws/install/vikit_common/lib/vikit_common/test_vk_common_patch_score
[0.752s] -- Up-to-date: /home/bxi_nx/ht_ws/install/vikit_common/include/vikit_common
[0.753s] -- Up-to-date: /home/bxi_nx/ht_ws/install/vikit_common/include/vikit_common/vikit
[0.753s] -- Up-to-date: /home/bxi_nx/ht_ws/install/vikit_common/include/vikit_common/vikit/math_utils.h
[0.753s] -- Up-to-date: /home/bxi_nx/ht_ws/install/vikit_common/include/vikit_common/vikit/timer.h
[0.753s] -- Up-to-date: /home/bxi_nx/ht_ws/install/vikit_common/include/vikit_common/vikit/file_reader_types.h
[0.754s] -- Up-to-date: /home/bxi_nx/ht_ws/install/vikit_common/include/vikit_common/vikit/img_align.h
[0.754s] -- Up-to-date: /home/bxi_nx/ht_ws/install/vikit_common/include/vikit_common/vikit/homography.h
[0.754s] -- Up-to-date: /home/bxi_nx/ht_ws/install/vikit_common/include/vikit_common/vikit/omni_camera.h
[0.754s] -- Up-to-date: /home/bxi_nx/ht_ws/install/vikit_common/include/vikit_common/vikit/patch_score.h
[0.754s] -- Up-to-date: /home/bxi_nx/ht_ws/install/vikit_common/include/vikit_common/vikit/vision.h
[0.754s] -- Up-to-date: /home/bxi_nx/ht_ws/install/vikit_common/include/vikit_common/vikit/user_input_thread.h
[0.754s] -- Up-to-date: /home/bxi_nx/ht_ws/install/vikit_common/include/vikit_common/vikit/blender_utils.h
[0.754s] -- Up-to-date: /home/bxi_nx/ht_ws/install/vikit_common/include/vikit_common/vikit/performance_monitor.h
[0.755s] -- Up-to-date: /home/bxi_nx/ht_ws/install/vikit_common/include/vikit_common/vikit/nlls_solver_impl.hpp
[0.755s] -- Up-to-date: /home/bxi_nx/ht_ws/install/vikit_common/include/vikit_common/vikit/atan_camera.h
[0.755s] -- Up-to-date: /home/bxi_nx/ht_ws/install/vikit_common/include/vikit_common/vikit/equidistant_camera.h
[0.755s] -- Up-to-date: /home/bxi_nx/ht_ws/install/vikit_common/include/vikit_common/vikit/file_reader.h
[0.755s] -- Up-to-date: /home/bxi_nx/ht_ws/install/vikit_common/include/vikit_common/vikit/pinhole_camera.h
[0.755s] -- Up-to-date: /home/bxi_nx/ht_ws/install/vikit_common/include/vikit_common/vikit/robust_cost.h
[0.755s] -- Up-to-date: /home/bxi_nx/ht_ws/install/vikit_common/include/vikit_common/vikit/aligned_mem.h
[0.756s] -- Up-to-date: /home/bxi_nx/ht_ws/install/vikit_common/include/vikit_common/vikit/polynomial_camera.h
[0.756s] -- Up-to-date: /home/bxi_nx/ht_ws/install/vikit_common/include/vikit_common/vikit/nlls_solver.h
[0.756s] -- Up-to-date: /home/bxi_nx/ht_ws/install/vikit_common/include/vikit_common/vikit/abstract_camera.h
[0.756s] -- Up-to-date: /home/bxi_nx/ht_ws/install/vikit_common/include/vikit_common/vikit/sample.h
[0.756s] -- Up-to-date: /home/bxi_nx/ht_ws/install/vikit_common/include/vikit_common/vikit/ringbuffer.h
[0.756s] -- Up-to-date: /home/bxi_nx/ht_ws/install/vikit_common/share/vikit_common/environment/library_path.sh
[0.756s] -- Installing: /home/bxi_nx/ht_ws/install/vikit_common/share/vikit_common/environment/library_path.dsv
[0.757s] -- Up-to-date: /home/bxi_nx/ht_ws/install/vikit_common/share/ament_index/resource_index/package_run_dependencies/vikit_common
[0.757s] -- Installing: /home/bxi_nx/ht_ws/install/vikit_common/share/ament_index/resource_index/parent_prefix_path/vikit_common
[0.757s] -- Up-to-date: /home/bxi_nx/ht_ws/install/vikit_common/share/vikit_common/environment/ament_prefix_path.sh
[0.757s] -- Installing: /home/bxi_nx/ht_ws/install/vikit_common/share/vikit_common/environment/ament_prefix_path.dsv
[0.757s] -- Up-to-date: /home/bxi_nx/ht_ws/install/vikit_common/share/vikit_common/environment/path.sh
[0.757s] -- Installing: /home/bxi_nx/ht_ws/install/vikit_common/share/vikit_common/environment/path.dsv
[0.758s] -- Up-to-date: /home/bxi_nx/ht_ws/install/vikit_common/share/vikit_common/local_setup.bash
[0.758s] -- Up-to-date: /home/bxi_nx/ht_ws/install/vikit_common/share/vikit_common/local_setup.sh
[0.758s] -- Up-to-date: /home/bxi_nx/ht_ws/install/vikit_common/share/vikit_common/local_setup.zsh
[0.758s] -- Installing: /home/bxi_nx/ht_ws/install/vikit_common/share/vikit_common/local_setup.dsv
[0.758s] -- Installing: /home/bxi_nx/ht_ws/install/vikit_common/share/vikit_common/package.dsv
[0.758s] -- Up-to-date: /home/bxi_nx/ht_ws/install/vikit_common/share/ament_index/resource_index/packages/vikit_common
[0.758s] -- Up-to-date: /home/bxi_nx/ht_ws/install/vikit_common/share/vikit_common/cmake/vikit_commonExport.cmake
[0.758s] -- Up-to-date: /home/bxi_nx/ht_ws/install/vikit_common/share/vikit_common/cmake/vikit_commonExport-release.cmake
[0.758s] -- Up-to-date: /home/bxi_nx/ht_ws/install/vikit_common/share/vikit_common/cmake/ament_cmake_export_include_directories-extras.cmake
[0.759s] -- Up-to-date: /home/bxi_nx/ht_ws/install/vikit_common/share/vikit_common/cmake/ament_cmake_export_libraries-extras.cmake
[0.759s] -- Up-to-date: /home/bxi_nx/ht_ws/install/vikit_common/share/vikit_common/cmake/ament_cmake_export_dependencies-extras.cmake
[0.759s] -- Up-to-date: /home/bxi_nx/ht_ws/install/vikit_common/share/vikit_common/cmake/ament_cmake_export_targets-extras.cmake
[0.759s] -- Up-to-date: /home/bxi_nx/ht_ws/install/vikit_common/share/vikit_common/cmake/vikit_commonConfig.cmake
[0.759s] -- Up-to-date: /home/bxi_nx/ht_ws/install/vikit_common/share/vikit_common/cmake/vikit_commonConfig-version.cmake
[0.759s] -- Up-to-date: /home/bxi_nx/ht_ws/install/vikit_common/share/vikit_common/package.xml
[0.761s] Invoked command in '/home/bxi_nx/ht_ws/build/vikit_common' returned '0': /usr/bin/cmake --install /home/bxi_nx/ht_ws/build/vikit_common
