[0.028s] Invoking command in '/home/ht/autonomous_exploration_development_environment/build/velodyne_description': CMAKE_PREFIX_PATH=/opt/ros/humble /usr/bin/cmake /home/ht/autonomous_exploration_development_environment/src/velodyne_simulator/velodyne_description -DCMAKE_BUILD_TYPE=Release -DAMENT_CMAKE_SYMLINK_INSTALL=1 -DCMAKE_INSTALL_PREFIX=/home/ht/autonomous_exploration_development_environment/install/velodyne_description
[0.070s] -- The C compiler identification is GNU 11.4.0
[0.123s] -- The CXX compiler identification is GNU 11.4.0
[0.131s] -- Detecting C compiler ABI info
[0.190s] -- Detecting C compiler ABI info - done
[0.198s] -- Check for working C compiler: /usr/bin/cc - skipped
[0.198s] -- Detecting C compile features
[0.199s] -- Detecting C compile features - done
[0.202s] -- Detecting CXX compiler ABI info
[0.277s] -- Detecting CXX compiler ABI info - done
[0.285s] -- Check for working CXX compiler: /usr/bin/c++ - skipped
[0.285s] -- Detecting CXX compile features
[0.285s] -- Detecting CXX compile features - done
[0.288s] -- Found ament_cmake: 1.3.12 (/opt/ros/humble/share/ament_cmake/cmake)
[0.419s] -- Found Python3: /usr/bin/python3 (found version "3.10.12") found components: Interpreter 
[0.479s] -- Override CMake install command with custom implementation using symlinks instead of copying resources
[0.553s] -- Configuring done
[0.555s] -- Generating done
[0.556s] -- Build files have been written to: /home/ht/autonomous_exploration_development_environment/build/velodyne_description
[0.560s] Invoked command in '/home/ht/autonomous_exploration_development_environment/build/velodyne_description' returned '0': CMAKE_PREFIX_PATH=/opt/ros/humble /usr/bin/cmake /home/ht/autonomous_exploration_development_environment/src/velodyne_simulator/velodyne_description -DCMAKE_BUILD_TYPE=Release -DAMENT_CMAKE_SYMLINK_INSTALL=1 -DCMAKE_INSTALL_PREFIX=/home/ht/autonomous_exploration_development_environment/install/velodyne_description
[0.562s] Invoking command in '/home/ht/autonomous_exploration_development_environment/build/velodyne_description': CMAKE_PREFIX_PATH=/opt/ros/humble /usr/bin/cmake --build /home/ht/autonomous_exploration_development_environment/build/velodyne_description -- -j16 -l16
[1.871s] Invoked command in '/home/ht/autonomous_exploration_development_environment/build/velodyne_description' returned '0': CMAKE_PREFIX_PATH=/opt/ros/humble /usr/bin/cmake --build /home/ht/autonomous_exploration_development_environment/build/velodyne_description -- -j16 -l16
[1.879s] Invoking command in '/home/ht/autonomous_exploration_development_environment/build/velodyne_description': CMAKE_PREFIX_PATH=/opt/ros/humble /usr/bin/cmake --install /home/ht/autonomous_exploration_development_environment/build/velodyne_description
[1.933s] -- Install configuration: "Release"
[1.934s] -- Execute custom install script
[1.934s] -- Symlinking: /home/ht/autonomous_exploration_development_environment/install/velodyne_description/share/velodyne_description/launch/example.launch.py
[1.934s] -- Symlinking: /home/ht/autonomous_exploration_development_environment/install/velodyne_description/share/velodyne_description/meshes/HDL32E_base.dae
[1.934s] -- Symlinking: /home/ht/autonomous_exploration_development_environment/install/velodyne_description/share/velodyne_description/meshes/HDL32E_base.stl
[1.934s] -- Symlinking: /home/ht/autonomous_exploration_development_environment/install/velodyne_description/share/velodyne_description/meshes/HDL32E_scan.dae
[1.934s] -- Symlinking: /home/ht/autonomous_exploration_development_environment/install/velodyne_description/share/velodyne_description/meshes/HDL32E_scan.stl
[1.934s] -- Symlinking: /home/ht/autonomous_exploration_development_environment/install/velodyne_description/share/velodyne_description/meshes/VLP16_base_1.dae
[1.938s] -- Symlinking: /home/ht/autonomous_exploration_development_environment/install/velodyne_description/share/velodyne_description/meshes/VLP16_base_1.stl
[1.947s] -- Symlinking: /home/ht/autonomous_exploration_development_environment/install/velodyne_description/share/velodyne_description/meshes/VLP16_base_2.dae
[1.956s] -- Symlinking: /home/ht/autonomous_exploration_development_environment/install/velodyne_description/share/velodyne_description/meshes/VLP16_base_2.stl
[1.965s] -- Symlinking: /home/ht/autonomous_exploration_development_environment/install/velodyne_description/share/velodyne_description/meshes/VLP16_scan.dae
[1.974s] -- Symlinking: /home/ht/autonomous_exploration_development_environment/install/velodyne_description/share/velodyne_description/meshes/VLP16_scan.stl
[1.980s] -- Symlinking: /home/ht/autonomous_exploration_development_environment/install/velodyne_description/share/velodyne_description/rviz/example.rviz
[1.987s] -- Symlinking: /home/ht/autonomous_exploration_development_environment/install/velodyne_description/share/velodyne_description/urdf/HDL-32E.urdf.xacro
[1.996s] -- Symlinking: /home/ht/autonomous_exploration_development_environment/install/velodyne_description/share/velodyne_description/urdf/VLP-16.urdf.xacro
[2.005s] -- Symlinking: /home/ht/autonomous_exploration_development_environment/install/velodyne_description/share/velodyne_description/urdf/example.urdf.xacro
[2.014s] -- Symlinking: /home/ht/autonomous_exploration_development_environment/install/velodyne_description/share/velodyne_description/world/example.world
[2.022s] -- Symlinking: /home/ht/autonomous_exploration_development_environment/install/velodyne_description/share/velodyne_description/environment/velodyne_description.dsv
[2.029s] -- Symlinking: /home/ht/autonomous_exploration_development_environment/install/velodyne_description/share/ament_index/resource_index/package_run_dependencies/velodyne_description
[2.040s] -- Symlinking: /home/ht/autonomous_exploration_development_environment/install/velodyne_description/share/ament_index/resource_index/parent_prefix_path/velodyne_description
[2.050s] -- Symlinking: /home/ht/autonomous_exploration_development_environment/install/velodyne_description/share/velodyne_description/environment/ament_prefix_path.sh
[2.059s] -- Symlinking: /home/ht/autonomous_exploration_development_environment/install/velodyne_description/share/velodyne_description/environment/ament_prefix_path.dsv
[2.067s] -- Symlinking: /home/ht/autonomous_exploration_development_environment/install/velodyne_description/share/velodyne_description/environment/path.sh
[2.075s] -- Symlinking: /home/ht/autonomous_exploration_development_environment/install/velodyne_description/share/velodyne_description/environment/path.dsv
[2.081s] -- Symlinking: /home/ht/autonomous_exploration_development_environment/install/velodyne_description/share/velodyne_description/local_setup.bash
[2.088s] -- Symlinking: /home/ht/autonomous_exploration_development_environment/install/velodyne_description/share/velodyne_description/local_setup.sh
[2.098s] -- Symlinking: /home/ht/autonomous_exploration_development_environment/install/velodyne_description/share/velodyne_description/local_setup.zsh
[2.106s] -- Symlinking: /home/ht/autonomous_exploration_development_environment/install/velodyne_description/share/velodyne_description/local_setup.dsv
[2.116s] -- Symlinking: /home/ht/autonomous_exploration_development_environment/install/velodyne_description/share/velodyne_description/package.dsv
[2.127s] -- Symlinking: /home/ht/autonomous_exploration_development_environment/install/velodyne_description/share/ament_index/resource_index/packages/velodyne_description
[2.143s] -- Symlinking: /home/ht/autonomous_exploration_development_environment/install/velodyne_description/share/velodyne_description/cmake/velodyne_descriptionConfig.cmake
[2.150s] -- Symlinking: /home/ht/autonomous_exploration_development_environment/install/velodyne_description/share/velodyne_description/cmake/velodyne_descriptionConfig-version.cmake
[2.157s] -- Symlinking: /home/ht/autonomous_exploration_development_environment/install/velodyne_description/share/velodyne_description/package.xml
[2.171s] Invoked command in '/home/ht/autonomous_exploration_development_environment/build/velodyne_description' returned '0': CMAKE_PREFIX_PATH=/opt/ros/humble /usr/bin/cmake --install /home/ht/autonomous_exploration_development_environment/build/velodyne_description
