[0.009s] Invoking command in '/home/ht/ht_ws/build/octomap_server2': CMAKE_PREFIX_PATH=/opt/ros/humble /usr/bin/cmake /home/ht/ht_ws/src/octomap_ros2 -DAMENT_CMAKE_SYMLINK_INSTALL=1 -DCMAKE_INSTALL_PREFIX=/home/ht/ht_ws/install/octomap_server2
[0.015s] -- Found ament_cmake: 1.3.12 (/opt/ros/humble/share/ament_cmake/cmake)
[0.093s] -- Override CMake install command with custom implementation using symlinks instead of copying resources
[0.096s] -- Found rclcpp: 16.0.17 (/opt/ros/humble/share/rclcpp/cmake)
[0.112s] -- Found rosidl_generator_c: 3.1.8 (/opt/ros/humble/share/rosidl_generator_c/cmake)
[0.113s] -- Found rosidl_adapter: 3.1.8 (/opt/ros/humble/share/rosidl_adapter/cmake)
[0.117s] -- Found rosidl_generator_cpp: 3.1.8 (/opt/ros/humble/share/rosidl_generator_cpp/cmake)
[0.122s] -- Using all available rosidl_typesupport_c: rosidl_typesupport_fastrtps_c;rosidl_typesupport_introspection_c
[0.128s] -- Using all available rosidl_typesupport_cpp: rosidl_typesupport_fastrtps_cpp;rosidl_typesupport_introspection_cpp
[0.146s] -- Found rmw_implementation_cmake: 6.1.2 (/opt/ros/humble/share/rmw_implementation_cmake/cmake)
[0.146s] -- Found rmw_fastrtps_cpp: 6.2.9 (/opt/ros/humble/share/rmw_fastrtps_cpp/cmake)
[0.204s] -- Using RMW implementation 'rmw_fastrtps_cpp' as default
[0.231s] -- Found rclcpp_components: 16.0.17 (/opt/ros/humble/share/rclcpp_components/cmake)
[0.251s] -- Eigen found (include: /usr/include/eigen3, version: 3.4.0)
[0.266s] -- FLANN found (include: /usr/include, lib: /usr/lib/x86_64-linux-gnu/libflann_cpp.so)
[0.442s] -- OpenNI found (version: 1.5.4.0, include: /usr/include/ni, lib: /usr/lib/libOpenNI.so;libusb::libusb)
[0.447s] -- OpenNI2 found (version: 2.2.0.33, include: /usr/include/openni2, lib: /usr/lib/x86_64-linux-gnu/libOpenNI2.so;libusb::libusb)
[0.447s] [0m** WARNING ** io features related to pcap will be disabled[0m
[0.535s] -- Eigen found (include: /usr/include/eigen3, version: 3.4.0)
[0.538s] -- OpenNI found (version: 1.5.4.0, include: /usr/include/ni, lib: /usr/lib/libOpenNI.so;libusb::libusb)
[0.543s] -- OpenNI2 found (version: 2.2.0.33, include: /usr/include/openni2, lib: /usr/lib/x86_64-linux-gnu/libOpenNI2.so;libusb::libusb)
[0.628s] -- Found Qhull version 8.0.2
[0.714s] -- OpenNI found (version: 1.5.4.0, include: /usr/include/ni, lib: /usr/lib/libOpenNI.so;libusb::libusb)
[0.794s] -- looking for PCL_COMMON
[0.794s] -- looking for PCL_KDTREE
[0.794s] -- looking for PCL_OCTREE
[0.794s] -- looking for PCL_SEARCH
[0.794s] -- looking for PCL_SAMPLE_CONSENSUS
[0.795s] -- looking for PCL_FILTERS
[0.795s] -- looking for PCL_2D
[0.795s] -- looking for PCL_GEOMETRY
[0.795s] -- looking for PCL_IO
[0.795s] -- looking for PCL_FEATURES
[0.795s] -- looking for PCL_ML
[0.796s] -- looking for PCL_SEGMENTATION
[0.796s] -- looking for PCL_VISUALIZATION
[0.796s] -- looking for PCL_SURFACE
[0.796s] -- looking for PCL_REGISTRATION
[0.796s] -- looking for PCL_KEYPOINTS
[0.797s] -- looking for PCL_TRACKING
[0.797s] -- looking for PCL_RECOGNITION
[0.797s] -- looking for PCL_STEREO
[0.797s] -- looking for PCL_APPS
[0.798s] -- looking for PCL_IN_HAND_SCANNER
[0.798s] -- looking for PCL_MODELER
[0.798s] -- looking for PCL_POINT_CLOUD_EDITOR
[0.798s] -- looking for PCL_OUTOFCORE
[0.798s] -- looking for PCL_PEOPLE
[0.799s] -- Found sensor_msgs: 4.9.0 (/opt/ros/humble/share/sensor_msgs/cmake)
[0.815s] -- Found nav_msgs: 4.9.0 (/opt/ros/humble/share/nav_msgs/cmake)
[0.823s] -- Found visualization_msgs: 4.9.0 (/opt/ros/humble/share/visualization_msgs/cmake)
[0.833s] -- Found std_srvs: 4.9.0 (/opt/ros/humble/share/std_srvs/cmake)
[0.839s] -- Found pcl_conversions: 2.4.5 (/opt/ros/humble/share/pcl_conversions/cmake)
[0.856s] [31mCMake Error at CMakeLists.txt:32 (find_package):
[0.856s]   By not providing "Findoctomap_msgs.cmake" in CMAKE_MODULE_PATH this project
[0.856s]   has asked CMake to find a package configuration file provided by
[0.856s]   "octomap_msgs", but CMake did not find one.
[0.856s] 
[0.856s]   Could not find a package configuration file provided by "octomap_msgs" with
[0.856s]   any of the following names:
[0.856s] 
[0.856s]     octomap_msgsConfig.cmake
[0.856s]     octomap_msgs-config.cmake
[0.856s] 
[0.856s]   Add the installation prefix of "octomap_msgs" to CMAKE_PREFIX_PATH or set
[0.856s]   "octomap_msgs_DIR" to a directory containing one of the above files.  If
[0.856s]   "octomap_msgs" provides a separate development package or SDK, be sure it
[0.856s]   has been installed.
[0.856s] 
[0.856s] [0m
[0.856s] -- Configuring incomplete, errors occurred!
[0.856s] See also "/home/ht/ht_ws/build/octomap_server2/CMakeFiles/CMakeOutput.log".
[0.864s] Invoked command in '/home/ht/ht_ws/build/octomap_server2' returned '1': CMAKE_PREFIX_PATH=/opt/ros/humble /usr/bin/cmake /home/ht/ht_ws/src/octomap_ros2 -DAMENT_CMAKE_SYMLINK_INSTALL=1 -DCMAKE_INSTALL_PREFIX=/home/ht/ht_ws/install/octomap_server2
