[35m[1mConsolidate compiler generated dependencies of target imu_proc[0m
[35m[1mConsolidate compiler generated dependencies of target pre[0m
[ 12%] Built target utils
[ 37%] Built target vio
[ 43%] [32mBuilding CXX object CMakeFiles/laser_mapping.dir/src/LIVMapper.cpp.o[0m
[ 50%] [32mBuilding CXX object CMakeFiles/imu_proc.dir/src/IMU_Processing.cpp.o[0m
[ 56%] [32mBuilding CXX object CMakeFiles/pre.dir/src/preprocess.cpp.o[0m
[ 68%] Built target lio
[01m[K/home/bxi_nx/ht_ws/src/FAST-LIVO2/src/preprocess.cpp:[m[K In member function ‘[01m[Kvoid Preprocess::process(const SharedPtr&, pcl::PointCloud<pcl::PointXYZINormal>::Ptr&)[m[K’:
[01m[K/home/bxi_nx/ht_ws/src/FAST-LIVO2/src/preprocess.cpp:58:20:[m[K [01;31m[Kerror: [m[Kcannot convert ‘[01m[Kstd::__shared_ptr_access<pcl::PointCloud<pcl::PointXYZINormal>, __gnu_cxx::_S_atomic, false, false>::element_type[m[K’ {aka ‘[01m[Kpcl::PointCloud<pcl::PointXYZINormal>[m[K’} to ‘[01m[Kpcl::PointCloud<pcl::PointXYZINormal>::Ptr&[m[K’ {aka ‘[01m[Kstd::shared_ptr<pcl::PointCloud<pcl::PointXYZINormal> >&[m[K’}
   58 |   avia_handler(msg,[01;31m[K*pcl_out[m[K);
      |                    [01;31m[K^~~~~~~~[m[K
      |                    [01;31m[K|[m[K
      |                    [01;31m[Kstd::__shared_ptr_access<pcl::PointCloud<pcl::PointXYZINormal>, __gnu_cxx::_S_atomic, false, false>::element_type {aka pcl::PointCloud<pcl::PointXYZINormal>}[m[K
In file included from [01m[K/home/bxi_nx/ht_ws/src/FAST-LIVO2/src/preprocess.cpp:13[m[K:
[01m[K/home/bxi_nx/ht_ws/src/FAST-LIVO2/include/preprocess.h:158:99:[m[K [01;36m[Knote: [m[K  initializing argument 2 of ‘[01m[Kvoid Preprocess::avia_handler(const SharedPtr&, pcl::PointCloud<pcl::PointXYZINormal>::Ptr&)[m[K’
  158 |   void avia_handler(const livox_ros_driver2::msg::CustomMsg::SharedPtr &msg, [01;36m[KPointCloudXYZI::Ptr &pcl_out[m[K);
      |                                                                              [01;36m[K~~~~~~~~~~~~~~~~~~~~~^~~~~~~[m[K
[01m[K/home/bxi_nx/ht_ws/src/FAST-LIVO2/src/preprocess.cpp:[m[K In member function ‘[01m[Kvoid Preprocess::avia_handler(const SharedPtr&, pcl::PointCloud<pcl::PointXYZINormal>::Ptr&)[m[K’:
[01m[K/home/bxi_nx/ht_ws/src/FAST-LIVO2/src/preprocess.cpp:199:4:[m[K [01;31m[Kerror: [m[K‘[01m[Kcloud_out_[m[K’ was not declared in this scope
  199 |    [01;31m[Kcloud_out_[m[K.clear();
      |    [01;31m[K^~~~~~~~~~[m[K
[01m[K/home/bxi_nx/ht_ws/src/FAST-LIVO2/src/preprocess.cpp:205:36:[m[K [01;31m[Kerror: [m[K‘[01m[Knum_scans_[m[K’ was not declared in this scope
  205 |         if ((msg->points[i].line < [01;31m[Knum_scans_[m[K) &&
      |                                    [01;31m[K^~~~~~~~~~[m[K
[01m[K/home/bxi_nx/ht_ws/src/FAST-LIVO2/src/preprocess.cpp:209:29:[m[K [01;31m[Kerror: [m[K‘[01m[Kblind_near_sqr_[m[K’ was not declared in this scope
  209 |                 if ((dist > [01;31m[Kblind_near_sqr_[m[K) && (dist < blind_far_sqr_)) {
      |                             [01;31m[K^~~~~~~~~~~~~~~[m[K
[01m[K/home/bxi_nx/ht_ws/src/FAST-LIVO2/src/preprocess.cpp:209:57:[m[K [01;31m[Kerror: [m[K‘[01m[Kblind_far_sqr_[m[K’ was not declared in this scope; did you mean ‘[01m[Kblind_sqr[m[K’?
  209 |                 if ((dist > blind_near_sqr_) && (dist < [01;31m[Kblind_far_sqr_[m[K)) {
      |                                                         [01;31m[K^~~~~~~~~~~~~~[m[K
      |                                                         [32m[Kblind_sqr[m[K
[01m[K/home/bxi_nx/ht_ws/src/FAST-LIVO2/src/preprocess.cpp:210:37:[m[K [01;31m[Kerror: [m[K‘[01m[Kpoint_filter_num_[m[K’ was not declared in this scope; did you mean ‘[01m[Kpoint_filter_num[m[K’?
  210 |                     if (valid_num % [01;31m[Kpoint_filter_num_[m[K == 0) {
      |                                     [01;31m[K^~~~~~~~~~~~~~~~~[m[K
      |                                     [32m[Kpoint_filter_num[m[K
[01m[K/home/bxi_nx/ht_ws/src/FAST-LIVO2/src/IMU_Processing.cpp:[m[K In member function ‘[01m[Kvoid ImuProcess::Process2(LidarMeasureGroup&, StatesGroup&, pcl::PointCloud<pcl::PointXYZINormal>::Ptr)[m[K’:
[01m[K/home/bxi_nx/ht_ws/src/FAST-LIVO2/src/IMU_Processing.cpp:607:22:[m[K [01;31m[Kerror: [m[K‘[01m[Kacc_M2[m[K’ was not declared in this scope
  607 |       V3D acc_std = ([01;31m[Kacc_M2[m[K / (init_iter_num - 1)).cwiseSqrt();
      |                      [01;31m[K^~~~~~[m[K
[01m[K/home/bxi_nx/ht_ws/src/FAST-LIVO2/src/IMU_Processing.cpp:608:22:[m[K [01;31m[Kerror: [m[K‘[01m[Kgyr_M2[m[K’ was not declared in this scope
  608 |       V3D gyr_std = ([01;31m[Kgyr_M2[m[K / (init_iter_num - 1)).cwiseSqrt();
      |                      [01;31m[K^~~~~~[m[K
gmake[2]: *** [CMakeFiles/pre.dir/build.make:76: CMakeFiles/pre.dir/src/preprocess.cpp.o] Error 1
gmake[1]: *** [CMakeFiles/Makefile2:201: CMakeFiles/pre.dir/all] Error 2
gmake[1]: *** Waiting for unfinished jobs....
gmake[2]: *** [CMakeFiles/imu_proc.dir/build.make:76: CMakeFiles/imu_proc.dir/src/IMU_Processing.cpp.o] Error 1
gmake[1]: *** [CMakeFiles/Makefile2:227: CMakeFiles/imu_proc.dir/all] Error 2
[ 75%] [32m[1mLinking CXX static library liblaser_mapping.a[0m
[ 75%] Built target laser_mapping
gmake: *** [Makefile:146: all] Error 2
