[0.234s] DEBUG:colcon:Command line arguments: ['/usr/bin/colcon', 'build']
[0.234s] DEBUG:colcon:Parsed command line arguments: Namespace(log_base=None, log_level=None, verb_name='build', build_base='build', install_base='install', merge_install=False, symlink_install=False, test_result_base=None, continue_on_error=False, executor='parallel', parallel_workers=8, event_handlers=None, ignore_user_meta=False, metas=['./colcon.meta'], base_paths=['.'], packages_ignore=None, packages_ignore_regex=None, paths=None, packages_up_to=None, packages_up_to_regex=None, packages_above=None, packages_above_and_dependencies=None, packages_above_depth=None, packages_select_by_dep=None, packages_skip_by_dep=None, packages_skip_up_to=None, packages_select_build_failed=False, packages_skip_build_finished=False, packages_select_test_failures=False, packages_skip_test_passed=False, packages_select=None, packages_skip=None, packages_select_regex=None, packages_skip_regex=None, packages_start=None, packages_end=None, allow_overriding=[], cmake_args=None, cmake_target=None, cmake_target_skip_unavailable=False, cmake_clean_cache=False, cmake_clean_first=False, cmake_force_configure=False, ament_cmake_args=None, catkin_cmake_args=None, catkin_skip_building_tests=False, verb_parser=<colcon_defaults.argument_parser.defaults.DefaultArgumentsDecorator object at 0xffff9df40730>, verb_extension=<colcon_core.verb.build.BuildVerb object at 0xffff9df40250>, main=<bound method BuildVerb.main of <colcon_core.verb.build.BuildVerb object at 0xffff9df40250>>)
[0.592s] Level 1:colcon.colcon_core.package_discovery:discover_packages(colcon_meta) check parameters
[0.592s] Level 1:colcon.colcon_core.package_discovery:discover_packages(recursive) check parameters
[0.593s] Level 1:colcon.colcon_core.package_discovery:discover_packages(ignore) check parameters
[0.593s] Level 1:colcon.colcon_core.package_discovery:discover_packages(path) check parameters
[0.593s] Level 1:colcon.colcon_core.package_discovery:discover_packages(colcon_meta) discover
[0.593s] Level 1:colcon.colcon_core.package_discovery:discover_packages(recursive) discover
[0.593s] INFO:colcon.colcon_core.package_discovery:Crawling recursively for packages in '/home/bxi_nx/ht_ws'
[0.593s] Level 1:colcon.colcon_core.package_identification:_identify(.) by extensions ['ignore', 'ignore_ament_install']
[0.593s] Level 1:colcon.colcon_core.package_identification:_identify(.) by extension 'ignore'
[0.593s] Level 1:colcon.colcon_core.package_identification:_identify(.) by extension 'ignore_ament_install'
[0.594s] Level 1:colcon.colcon_core.package_identification:_identify(.) by extensions ['colcon_pkg']
[0.594s] Level 1:colcon.colcon_core.package_identification:_identify(.) by extension 'colcon_pkg'
[0.594s] Level 1:colcon.colcon_core.package_identification:_identify(.) by extensions ['colcon_meta']
[0.594s] Level 1:colcon.colcon_core.package_identification:_identify(.) by extension 'colcon_meta'
[0.594s] Level 1:colcon.colcon_core.package_identification:_identify(.) by extensions ['ros']
[0.594s] Level 1:colcon.colcon_core.package_identification:_identify(.) by extension 'ros'
[0.613s] Level 1:colcon.colcon_core.package_identification:_identify(.) by extensions ['cmake', 'python']
[0.613s] Level 1:colcon.colcon_core.package_identification:_identify(.) by extension 'cmake'
[0.613s] Level 1:colcon.colcon_core.package_identification:_identify(.) by extension 'python'
[0.613s] Level 1:colcon.colcon_core.package_identification:_identify(.) by extensions ['python_setup_py']
[0.613s] Level 1:colcon.colcon_core.package_identification:_identify(.) by extension 'python_setup_py'
[0.614s] Level 1:colcon.colcon_core.package_identification:_identify(build) by extensions ['ignore', 'ignore_ament_install']
[0.614s] Level 1:colcon.colcon_core.package_identification:_identify(build) by extension 'ignore'
[0.614s] Level 1:colcon.colcon_core.package_identification:_identify(build) ignored
[0.614s] Level 1:colcon.colcon_core.package_identification:_identify(install) by extensions ['ignore', 'ignore_ament_install']
[0.614s] Level 1:colcon.colcon_core.package_identification:_identify(install) by extension 'ignore'
[0.614s] Level 1:colcon.colcon_core.package_identification:_identify(install) ignored
[0.615s] Level 1:colcon.colcon_core.package_identification:_identify(log) by extensions ['ignore', 'ignore_ament_install']
[0.615s] Level 1:colcon.colcon_core.package_identification:_identify(log) by extension 'ignore'
[0.615s] Level 1:colcon.colcon_core.package_identification:_identify(log) ignored
[0.615s] Level 1:colcon.colcon_core.package_identification:_identify(src) by extensions ['ignore', 'ignore_ament_install']
[0.615s] Level 1:colcon.colcon_core.package_identification:_identify(src) by extension 'ignore'
[0.615s] Level 1:colcon.colcon_core.package_identification:_identify(src) by extension 'ignore_ament_install'
[0.615s] Level 1:colcon.colcon_core.package_identification:_identify(src) by extensions ['colcon_pkg']
[0.615s] Level 1:colcon.colcon_core.package_identification:_identify(src) by extension 'colcon_pkg'
[0.616s] Level 1:colcon.colcon_core.package_identification:_identify(src) by extensions ['colcon_meta']
[0.616s] Level 1:colcon.colcon_core.package_identification:_identify(src) by extension 'colcon_meta'
[0.616s] Level 1:colcon.colcon_core.package_identification:_identify(src) by extensions ['ros']
[0.616s] Level 1:colcon.colcon_core.package_identification:_identify(src) by extension 'ros'
[0.616s] Level 1:colcon.colcon_core.package_identification:_identify(src) by extensions ['cmake', 'python']
[0.616s] Level 1:colcon.colcon_core.package_identification:_identify(src) by extension 'cmake'
[0.616s] Level 1:colcon.colcon_core.package_identification:_identify(src) by extension 'python'
[0.616s] Level 1:colcon.colcon_core.package_identification:_identify(src) by extensions ['python_setup_py']
[0.616s] Level 1:colcon.colcon_core.package_identification:_identify(src) by extension 'python_setup_py'
[0.616s] Level 1:colcon.colcon_core.package_identification:_identify(src/FAST-LIVO2) by extensions ['ignore', 'ignore_ament_install']
[0.616s] Level 1:colcon.colcon_core.package_identification:_identify(src/FAST-LIVO2) by extension 'ignore'
[0.617s] Level 1:colcon.colcon_core.package_identification:_identify(src/FAST-LIVO2) by extension 'ignore_ament_install'
[0.617s] Level 1:colcon.colcon_core.package_identification:_identify(src/FAST-LIVO2) by extensions ['colcon_pkg']
[0.617s] Level 1:colcon.colcon_core.package_identification:_identify(src/FAST-LIVO2) by extension 'colcon_pkg'
[0.617s] Level 1:colcon.colcon_core.package_identification:_identify(src/FAST-LIVO2) by extensions ['colcon_meta']
[0.617s] Level 1:colcon.colcon_core.package_identification:_identify(src/FAST-LIVO2) by extension 'colcon_meta'
[0.617s] Level 1:colcon.colcon_core.package_identification:_identify(src/FAST-LIVO2) by extensions ['ros']
[0.617s] Level 1:colcon.colcon_core.package_identification:_identify(src/FAST-LIVO2) by extension 'ros'
[0.622s] DEBUG:colcon.colcon_core.package_identification:Package 'src/FAST-LIVO2' with type 'ros.ament_cmake' and name 'fast_livo'
[0.622s] Level 1:colcon.colcon_core.package_identification:_identify(src/Livox-SDK2) by extensions ['ignore', 'ignore_ament_install']
[0.622s] Level 1:colcon.colcon_core.package_identification:_identify(src/Livox-SDK2) by extension 'ignore'
[0.622s] Level 1:colcon.colcon_core.package_identification:_identify(src/Livox-SDK2) by extension 'ignore_ament_install'
[0.623s] Level 1:colcon.colcon_core.package_identification:_identify(src/Livox-SDK2) by extensions ['colcon_pkg']
[0.623s] Level 1:colcon.colcon_core.package_identification:_identify(src/Livox-SDK2) by extension 'colcon_pkg'
[0.623s] Level 1:colcon.colcon_core.package_identification:_identify(src/Livox-SDK2) by extensions ['colcon_meta']
[0.623s] Level 1:colcon.colcon_core.package_identification:_identify(src/Livox-SDK2) by extension 'colcon_meta'
[0.623s] Level 1:colcon.colcon_core.package_identification:_identify(src/Livox-SDK2) by extensions ['ros']
[0.623s] Level 1:colcon.colcon_core.package_identification:_identify(src/Livox-SDK2) by extension 'ros'
[0.623s] Level 1:colcon.colcon_core.package_identification:_identify(src/Livox-SDK2) by extensions ['cmake', 'python']
[0.623s] Level 1:colcon.colcon_core.package_identification:_identify(src/Livox-SDK2) by extension 'cmake'
[0.646s] Level 1:colcon.colcon_core.package_identification:_identify(src/Livox-SDK2) by extension 'python'
[0.646s] DEBUG:colcon.colcon_core.package_identification:Package 'src/Livox-SDK2' with type 'cmake' and name 'livox_sdk2'
[0.647s] Level 1:colcon.colcon_core.package_identification:_identify(src/realsense-ros) by extensions ['ignore', 'ignore_ament_install']
[0.647s] Level 1:colcon.colcon_core.package_identification:_identify(src/realsense-ros) by extension 'ignore'
[0.647s] Level 1:colcon.colcon_core.package_identification:_identify(src/realsense-ros) by extension 'ignore_ament_install'
[0.647s] Level 1:colcon.colcon_core.package_identification:_identify(src/realsense-ros) by extensions ['colcon_pkg']
[0.647s] Level 1:colcon.colcon_core.package_identification:_identify(src/realsense-ros) by extension 'colcon_pkg'
[0.647s] Level 1:colcon.colcon_core.package_identification:_identify(src/realsense-ros) by extensions ['colcon_meta']
[0.647s] Level 1:colcon.colcon_core.package_identification:_identify(src/realsense-ros) by extension 'colcon_meta'
[0.647s] Level 1:colcon.colcon_core.package_identification:_identify(src/realsense-ros) by extensions ['ros']
[0.647s] Level 1:colcon.colcon_core.package_identification:_identify(src/realsense-ros) by extension 'ros'
[0.647s] Level 1:colcon.colcon_core.package_identification:_identify(src/realsense-ros) by extensions ['cmake', 'python']
[0.648s] Level 1:colcon.colcon_core.package_identification:_identify(src/realsense-ros) by extension 'cmake'
[0.648s] Level 1:colcon.colcon_core.package_identification:_identify(src/realsense-ros) by extension 'python'
[0.648s] Level 1:colcon.colcon_core.package_identification:_identify(src/realsense-ros) by extensions ['python_setup_py']
[0.648s] Level 1:colcon.colcon_core.package_identification:_identify(src/realsense-ros) by extension 'python_setup_py'
[0.648s] Level 1:colcon.colcon_core.package_identification:_identify(src/realsense-ros/realsense2_camera) by extensions ['ignore', 'ignore_ament_install']
[0.648s] Level 1:colcon.colcon_core.package_identification:_identify(src/realsense-ros/realsense2_camera) by extension 'ignore'
[0.648s] Level 1:colcon.colcon_core.package_identification:_identify(src/realsense-ros/realsense2_camera) by extension 'ignore_ament_install'
[0.648s] Level 1:colcon.colcon_core.package_identification:_identify(src/realsense-ros/realsense2_camera) by extensions ['colcon_pkg']
[0.648s] Level 1:colcon.colcon_core.package_identification:_identify(src/realsense-ros/realsense2_camera) by extension 'colcon_pkg'
[0.648s] Level 1:colcon.colcon_core.package_identification:_identify(src/realsense-ros/realsense2_camera) by extensions ['colcon_meta']
[0.648s] Level 1:colcon.colcon_core.package_identification:_identify(src/realsense-ros/realsense2_camera) by extension 'colcon_meta'
[0.649s] Level 1:colcon.colcon_core.package_identification:_identify(src/realsense-ros/realsense2_camera) by extensions ['ros']
[0.649s] Level 1:colcon.colcon_core.package_identification:_identify(src/realsense-ros/realsense2_camera) by extension 'ros'
[0.651s] DEBUG:colcon.colcon_core.package_identification:Package 'src/realsense-ros/realsense2_camera' with type 'ros.ament_cmake' and name 'realsense2_camera'
[0.652s] Level 1:colcon.colcon_core.package_identification:_identify(src/realsense-ros/realsense2_camera_msgs) by extensions ['ignore', 'ignore_ament_install']
[0.652s] Level 1:colcon.colcon_core.package_identification:_identify(src/realsense-ros/realsense2_camera_msgs) by extension 'ignore'
[0.652s] Level 1:colcon.colcon_core.package_identification:_identify(src/realsense-ros/realsense2_camera_msgs) by extension 'ignore_ament_install'
[0.652s] Level 1:colcon.colcon_core.package_identification:_identify(src/realsense-ros/realsense2_camera_msgs) by extensions ['colcon_pkg']
[0.652s] Level 1:colcon.colcon_core.package_identification:_identify(src/realsense-ros/realsense2_camera_msgs) by extension 'colcon_pkg'
[0.652s] Level 1:colcon.colcon_core.package_identification:_identify(src/realsense-ros/realsense2_camera_msgs) by extensions ['colcon_meta']
[0.652s] Level 1:colcon.colcon_core.package_identification:_identify(src/realsense-ros/realsense2_camera_msgs) by extension 'colcon_meta'
[0.652s] Level 1:colcon.colcon_core.package_identification:_identify(src/realsense-ros/realsense2_camera_msgs) by extensions ['ros']
[0.652s] Level 1:colcon.colcon_core.package_identification:_identify(src/realsense-ros/realsense2_camera_msgs) by extension 'ros'
[0.653s] DEBUG:colcon.colcon_core.package_identification:Package 'src/realsense-ros/realsense2_camera_msgs' with type 'ros.ament_cmake' and name 'realsense2_camera_msgs'
[0.654s] Level 1:colcon.colcon_core.package_identification:_identify(src/realsense-ros/realsense2_description) by extensions ['ignore', 'ignore_ament_install']
[0.654s] Level 1:colcon.colcon_core.package_identification:_identify(src/realsense-ros/realsense2_description) by extension 'ignore'
[0.654s] Level 1:colcon.colcon_core.package_identification:_identify(src/realsense-ros/realsense2_description) by extension 'ignore_ament_install'
[0.654s] Level 1:colcon.colcon_core.package_identification:_identify(src/realsense-ros/realsense2_description) by extensions ['colcon_pkg']
[0.654s] Level 1:colcon.colcon_core.package_identification:_identify(src/realsense-ros/realsense2_description) by extension 'colcon_pkg'
[0.654s] Level 1:colcon.colcon_core.package_identification:_identify(src/realsense-ros/realsense2_description) by extensions ['colcon_meta']
[0.654s] Level 1:colcon.colcon_core.package_identification:_identify(src/realsense-ros/realsense2_description) by extension 'colcon_meta'
[0.654s] Level 1:colcon.colcon_core.package_identification:_identify(src/realsense-ros/realsense2_description) by extensions ['ros']
[0.654s] Level 1:colcon.colcon_core.package_identification:_identify(src/realsense-ros/realsense2_description) by extension 'ros'
[0.656s] DEBUG:colcon.colcon_core.package_identification:Package 'src/realsense-ros/realsense2_description' with type 'ros.ament_cmake' and name 'realsense2_description'
[0.656s] Level 1:colcon.colcon_core.package_identification:_identify(src/realsense-ros/scripts) by extensions ['ignore', 'ignore_ament_install']
[0.656s] Level 1:colcon.colcon_core.package_identification:_identify(src/realsense-ros/scripts) by extension 'ignore'
[0.656s] Level 1:colcon.colcon_core.package_identification:_identify(src/realsense-ros/scripts) by extension 'ignore_ament_install'
[0.656s] Level 1:colcon.colcon_core.package_identification:_identify(src/realsense-ros/scripts) by extensions ['colcon_pkg']
[0.656s] Level 1:colcon.colcon_core.package_identification:_identify(src/realsense-ros/scripts) by extension 'colcon_pkg'
[0.656s] Level 1:colcon.colcon_core.package_identification:_identify(src/realsense-ros/scripts) by extensions ['colcon_meta']
[0.656s] Level 1:colcon.colcon_core.package_identification:_identify(src/realsense-ros/scripts) by extension 'colcon_meta'
[0.656s] Level 1:colcon.colcon_core.package_identification:_identify(src/realsense-ros/scripts) by extensions ['ros']
[0.656s] Level 1:colcon.colcon_core.package_identification:_identify(src/realsense-ros/scripts) by extension 'ros'
[0.657s] Level 1:colcon.colcon_core.package_identification:_identify(src/realsense-ros/scripts) by extensions ['cmake', 'python']
[0.657s] Level 1:colcon.colcon_core.package_identification:_identify(src/realsense-ros/scripts) by extension 'cmake'
[0.657s] Level 1:colcon.colcon_core.package_identification:_identify(src/realsense-ros/scripts) by extension 'python'
[0.657s] Level 1:colcon.colcon_core.package_identification:_identify(src/realsense-ros/scripts) by extensions ['python_setup_py']
[0.657s] Level 1:colcon.colcon_core.package_identification:_identify(src/realsense-ros/scripts) by extension 'python_setup_py'
[0.657s] Level 1:colcon.colcon_core.package_identification:_identify(src/rpg_vikit) by extensions ['ignore', 'ignore_ament_install']
[0.657s] Level 1:colcon.colcon_core.package_identification:_identify(src/rpg_vikit) by extension 'ignore'
[0.657s] Level 1:colcon.colcon_core.package_identification:_identify(src/rpg_vikit) by extension 'ignore_ament_install'
[0.657s] Level 1:colcon.colcon_core.package_identification:_identify(src/rpg_vikit) by extensions ['colcon_pkg']
[0.658s] Level 1:colcon.colcon_core.package_identification:_identify(src/rpg_vikit) by extension 'colcon_pkg'
[0.658s] Level 1:colcon.colcon_core.package_identification:_identify(src/rpg_vikit) by extensions ['colcon_meta']
[0.658s] Level 1:colcon.colcon_core.package_identification:_identify(src/rpg_vikit) by extension 'colcon_meta'
[0.658s] Level 1:colcon.colcon_core.package_identification:_identify(src/rpg_vikit) by extensions ['ros']
[0.658s] Level 1:colcon.colcon_core.package_identification:_identify(src/rpg_vikit) by extension 'ros'
[0.658s] Level 1:colcon.colcon_core.package_identification:_identify(src/rpg_vikit) by extensions ['cmake', 'python']
[0.658s] Level 1:colcon.colcon_core.package_identification:_identify(src/rpg_vikit) by extension 'cmake'
[0.658s] Level 1:colcon.colcon_core.package_identification:_identify(src/rpg_vikit) by extension 'python'
[0.658s] Level 1:colcon.colcon_core.package_identification:_identify(src/rpg_vikit) by extensions ['python_setup_py']
[0.658s] Level 1:colcon.colcon_core.package_identification:_identify(src/rpg_vikit) by extension 'python_setup_py'
[0.658s] Level 1:colcon.colcon_core.package_identification:_identify(src/rpg_vikit/vikit_common) by extensions ['ignore', 'ignore_ament_install']
[0.659s] Level 1:colcon.colcon_core.package_identification:_identify(src/rpg_vikit/vikit_common) by extension 'ignore'
[0.659s] Level 1:colcon.colcon_core.package_identification:_identify(src/rpg_vikit/vikit_common) by extension 'ignore_ament_install'
[0.659s] Level 1:colcon.colcon_core.package_identification:_identify(src/rpg_vikit/vikit_common) by extensions ['colcon_pkg']
[0.659s] Level 1:colcon.colcon_core.package_identification:_identify(src/rpg_vikit/vikit_common) by extension 'colcon_pkg'
[0.659s] Level 1:colcon.colcon_core.package_identification:_identify(src/rpg_vikit/vikit_common) by extensions ['colcon_meta']
[0.659s] Level 1:colcon.colcon_core.package_identification:_identify(src/rpg_vikit/vikit_common) by extension 'colcon_meta'
[0.659s] Level 1:colcon.colcon_core.package_identification:_identify(src/rpg_vikit/vikit_common) by extensions ['ros']
[0.659s] Level 1:colcon.colcon_core.package_identification:_identify(src/rpg_vikit/vikit_common) by extension 'ros'
[0.660s] DEBUG:colcon.colcon_core.package_identification:Package 'src/rpg_vikit/vikit_common' with type 'ros.catkin' and name 'vikit_common'
[0.660s] Level 1:colcon.colcon_core.package_identification:_identify(src/rpg_vikit/vikit_ros) by extensions ['ignore', 'ignore_ament_install']
[0.661s] Level 1:colcon.colcon_core.package_identification:_identify(src/rpg_vikit/vikit_ros) by extension 'ignore'
[0.661s] Level 1:colcon.colcon_core.package_identification:_identify(src/rpg_vikit/vikit_ros) by extension 'ignore_ament_install'
[0.661s] Level 1:colcon.colcon_core.package_identification:_identify(src/rpg_vikit/vikit_ros) by extensions ['colcon_pkg']
[0.661s] Level 1:colcon.colcon_core.package_identification:_identify(src/rpg_vikit/vikit_ros) by extension 'colcon_pkg'
[0.661s] Level 1:colcon.colcon_core.package_identification:_identify(src/rpg_vikit/vikit_ros) by extensions ['colcon_meta']
[0.661s] Level 1:colcon.colcon_core.package_identification:_identify(src/rpg_vikit/vikit_ros) by extension 'colcon_meta'
[0.661s] Level 1:colcon.colcon_core.package_identification:_identify(src/rpg_vikit/vikit_ros) by extensions ['ros']
[0.661s] Level 1:colcon.colcon_core.package_identification:_identify(src/rpg_vikit/vikit_ros) by extension 'ros'
[0.663s] DEBUG:colcon.colcon_core.package_identification:Package 'src/rpg_vikit/vikit_ros' with type 'ros.ament_cmake' and name 'vikit_ros'
[0.663s] Level 1:colcon.colcon_core.package_discovery:discover_packages(recursive) using defaults
[0.663s] Level 1:colcon.colcon_core.package_discovery:discover_packages(ignore) discover
[0.663s] Level 1:colcon.colcon_core.package_discovery:discover_packages(ignore) using defaults
[0.663s] Level 1:colcon.colcon_core.package_discovery:discover_packages(path) discover
[0.663s] Level 1:colcon.colcon_core.package_discovery:discover_packages(path) using defaults
[0.707s] Level 1:colcon.colcon_core.package_discovery:discover_packages(prefix_path) check parameters
[0.707s] Level 1:colcon.colcon_core.package_discovery:discover_packages(prefix_path) discover
[0.712s] DEBUG:colcon.colcon_installed_package_information.package_discovery:Found 8 installed packages in /home/bxi_nx/ht_ws/install
[0.713s] DEBUG:colcon.colcon_installed_package_information.package_discovery:Found 5 installed packages in /home/bxi_nx/ws_livox/install
[0.715s] DEBUG:colcon.colcon_installed_package_information.package_discovery:Found 308 installed packages in /opt/ros/humble
[0.742s] Level 1:colcon.colcon_core.package_discovery:discover_packages(prefix_path) using defaults
[0.813s] Level 5:colcon.colcon_core.verb:set package 'livox_sdk2' build argument 'cmake_args' from command line to 'None'
[0.813s] Level 5:colcon.colcon_core.verb:set package 'livox_sdk2' build argument 'cmake_target' from command line to 'None'
[0.813s] Level 5:colcon.colcon_core.verb:set package 'livox_sdk2' build argument 'cmake_target_skip_unavailable' from command line to 'False'
[0.813s] Level 5:colcon.colcon_core.verb:set package 'livox_sdk2' build argument 'cmake_clean_cache' from command line to 'False'
[0.814s] Level 5:colcon.colcon_core.verb:set package 'livox_sdk2' build argument 'cmake_clean_first' from command line to 'False'
[0.814s] Level 5:colcon.colcon_core.verb:set package 'livox_sdk2' build argument 'cmake_force_configure' from command line to 'False'
[0.814s] Level 5:colcon.colcon_core.verb:set package 'livox_sdk2' build argument 'ament_cmake_args' from command line to 'None'
[0.814s] Level 5:colcon.colcon_core.verb:set package 'livox_sdk2' build argument 'catkin_cmake_args' from command line to 'None'
[0.814s] Level 5:colcon.colcon_core.verb:set package 'livox_sdk2' build argument 'catkin_skip_building_tests' from command line to 'False'
[0.814s] DEBUG:colcon.colcon_core.verb:Building package 'livox_sdk2' with the following arguments: {'ament_cmake_args': None, 'build_base': '/home/bxi_nx/ht_ws/build/livox_sdk2', 'catkin_cmake_args': None, 'catkin_skip_building_tests': False, 'cmake_args': None, 'cmake_clean_cache': False, 'cmake_clean_first': False, 'cmake_force_configure': False, 'cmake_target': None, 'cmake_target_skip_unavailable': False, 'install_base': '/home/bxi_nx/ht_ws/install/livox_sdk2', 'merge_install': False, 'path': '/home/bxi_nx/ht_ws/src/Livox-SDK2', 'symlink_install': False, 'test_result_base': None}
[0.814s] Level 5:colcon.colcon_core.verb:set package 'realsense2_camera_msgs' build argument 'cmake_args' from command line to 'None'
[0.814s] Level 5:colcon.colcon_core.verb:set package 'realsense2_camera_msgs' build argument 'cmake_target' from command line to 'None'
[0.814s] Level 5:colcon.colcon_core.verb:set package 'realsense2_camera_msgs' build argument 'cmake_target_skip_unavailable' from command line to 'False'
[0.814s] Level 5:colcon.colcon_core.verb:set package 'realsense2_camera_msgs' build argument 'cmake_clean_cache' from command line to 'False'
[0.814s] Level 5:colcon.colcon_core.verb:set package 'realsense2_camera_msgs' build argument 'cmake_clean_first' from command line to 'False'
[0.815s] Level 5:colcon.colcon_core.verb:set package 'realsense2_camera_msgs' build argument 'cmake_force_configure' from command line to 'False'
[0.815s] Level 5:colcon.colcon_core.verb:set package 'realsense2_camera_msgs' build argument 'ament_cmake_args' from command line to 'None'
[0.815s] Level 5:colcon.colcon_core.verb:set package 'realsense2_camera_msgs' build argument 'catkin_cmake_args' from command line to 'None'
[0.815s] Level 5:colcon.colcon_core.verb:set package 'realsense2_camera_msgs' build argument 'catkin_skip_building_tests' from command line to 'False'
[0.815s] DEBUG:colcon.colcon_core.verb:Building package 'realsense2_camera_msgs' with the following arguments: {'ament_cmake_args': None, 'build_base': '/home/bxi_nx/ht_ws/build/realsense2_camera_msgs', 'catkin_cmake_args': None, 'catkin_skip_building_tests': False, 'cmake_args': None, 'cmake_clean_cache': False, 'cmake_clean_first': False, 'cmake_force_configure': False, 'cmake_target': None, 'cmake_target_skip_unavailable': False, 'install_base': '/home/bxi_nx/ht_ws/install/realsense2_camera_msgs', 'merge_install': False, 'path': '/home/bxi_nx/ht_ws/src/realsense-ros/realsense2_camera_msgs', 'symlink_install': False, 'test_result_base': None}
[0.815s] Level 5:colcon.colcon_core.verb:set package 'vikit_common' build argument 'cmake_args' from command line to 'None'
[0.815s] Level 5:colcon.colcon_core.verb:set package 'vikit_common' build argument 'cmake_target' from command line to 'None'
[0.815s] Level 5:colcon.colcon_core.verb:set package 'vikit_common' build argument 'cmake_target_skip_unavailable' from command line to 'False'
[0.815s] Level 5:colcon.colcon_core.verb:set package 'vikit_common' build argument 'cmake_clean_cache' from command line to 'False'
[0.815s] Level 5:colcon.colcon_core.verb:set package 'vikit_common' build argument 'cmake_clean_first' from command line to 'False'
[0.815s] Level 5:colcon.colcon_core.verb:set package 'vikit_common' build argument 'cmake_force_configure' from command line to 'False'
[0.815s] Level 5:colcon.colcon_core.verb:set package 'vikit_common' build argument 'ament_cmake_args' from command line to 'None'
[0.816s] Level 5:colcon.colcon_core.verb:set package 'vikit_common' build argument 'catkin_cmake_args' from command line to 'None'
[0.816s] Level 5:colcon.colcon_core.verb:set package 'vikit_common' build argument 'catkin_skip_building_tests' from command line to 'False'
[0.816s] DEBUG:colcon.colcon_core.verb:Building package 'vikit_common' with the following arguments: {'ament_cmake_args': None, 'build_base': '/home/bxi_nx/ht_ws/build/vikit_common', 'catkin_cmake_args': None, 'catkin_skip_building_tests': False, 'cmake_args': None, 'cmake_clean_cache': False, 'cmake_clean_first': False, 'cmake_force_configure': False, 'cmake_target': None, 'cmake_target_skip_unavailable': False, 'install_base': '/home/bxi_nx/ht_ws/install/vikit_common', 'merge_install': False, 'path': '/home/bxi_nx/ht_ws/src/rpg_vikit/vikit_common', 'symlink_install': False, 'test_result_base': None}
[0.816s] Level 5:colcon.colcon_core.verb:set package 'realsense2_camera' build argument 'cmake_args' from command line to 'None'
[0.816s] Level 5:colcon.colcon_core.verb:set package 'realsense2_camera' build argument 'cmake_target' from command line to 'None'
[0.816s] Level 5:colcon.colcon_core.verb:set package 'realsense2_camera' build argument 'cmake_target_skip_unavailable' from command line to 'False'
[0.816s] Level 5:colcon.colcon_core.verb:set package 'realsense2_camera' build argument 'cmake_clean_cache' from command line to 'False'
[0.816s] Level 5:colcon.colcon_core.verb:set package 'realsense2_camera' build argument 'cmake_clean_first' from command line to 'False'
[0.816s] Level 5:colcon.colcon_core.verb:set package 'realsense2_camera' build argument 'cmake_force_configure' from command line to 'False'
[0.816s] Level 5:colcon.colcon_core.verb:set package 'realsense2_camera' build argument 'ament_cmake_args' from command line to 'None'
[0.816s] Level 5:colcon.colcon_core.verb:set package 'realsense2_camera' build argument 'catkin_cmake_args' from command line to 'None'
[0.816s] Level 5:colcon.colcon_core.verb:set package 'realsense2_camera' build argument 'catkin_skip_building_tests' from command line to 'False'
[0.816s] DEBUG:colcon.colcon_core.verb:Building package 'realsense2_camera' with the following arguments: {'ament_cmake_args': None, 'build_base': '/home/bxi_nx/ht_ws/build/realsense2_camera', 'catkin_cmake_args': None, 'catkin_skip_building_tests': False, 'cmake_args': None, 'cmake_clean_cache': False, 'cmake_clean_first': False, 'cmake_force_configure': False, 'cmake_target': None, 'cmake_target_skip_unavailable': False, 'install_base': '/home/bxi_nx/ht_ws/install/realsense2_camera', 'merge_install': False, 'path': '/home/bxi_nx/ht_ws/src/realsense-ros/realsense2_camera', 'symlink_install': False, 'test_result_base': None}
[0.817s] Level 5:colcon.colcon_core.verb:set package 'realsense2_description' build argument 'cmake_args' from command line to 'None'
[0.817s] Level 5:colcon.colcon_core.verb:set package 'realsense2_description' build argument 'cmake_target' from command line to 'None'
[0.817s] Level 5:colcon.colcon_core.verb:set package 'realsense2_description' build argument 'cmake_target_skip_unavailable' from command line to 'False'
[0.817s] Level 5:colcon.colcon_core.verb:set package 'realsense2_description' build argument 'cmake_clean_cache' from command line to 'False'
[0.817s] Level 5:colcon.colcon_core.verb:set package 'realsense2_description' build argument 'cmake_clean_first' from command line to 'False'
[0.817s] Level 5:colcon.colcon_core.verb:set package 'realsense2_description' build argument 'cmake_force_configure' from command line to 'False'
[0.817s] Level 5:colcon.colcon_core.verb:set package 'realsense2_description' build argument 'ament_cmake_args' from command line to 'None'
[0.817s] Level 5:colcon.colcon_core.verb:set package 'realsense2_description' build argument 'catkin_cmake_args' from command line to 'None'
[0.817s] Level 5:colcon.colcon_core.verb:set package 'realsense2_description' build argument 'catkin_skip_building_tests' from command line to 'False'
[0.817s] DEBUG:colcon.colcon_core.verb:Building package 'realsense2_description' with the following arguments: {'ament_cmake_args': None, 'build_base': '/home/bxi_nx/ht_ws/build/realsense2_description', 'catkin_cmake_args': None, 'catkin_skip_building_tests': False, 'cmake_args': None, 'cmake_clean_cache': False, 'cmake_clean_first': False, 'cmake_force_configure': False, 'cmake_target': None, 'cmake_target_skip_unavailable': False, 'install_base': '/home/bxi_nx/ht_ws/install/realsense2_description', 'merge_install': False, 'path': '/home/bxi_nx/ht_ws/src/realsense-ros/realsense2_description', 'symlink_install': False, 'test_result_base': None}
[0.818s] Level 5:colcon.colcon_core.verb:set package 'vikit_ros' build argument 'cmake_args' from command line to 'None'
[0.818s] Level 5:colcon.colcon_core.verb:set package 'vikit_ros' build argument 'cmake_target' from command line to 'None'
[0.818s] Level 5:colcon.colcon_core.verb:set package 'vikit_ros' build argument 'cmake_target_skip_unavailable' from command line to 'False'
[0.818s] Level 5:colcon.colcon_core.verb:set package 'vikit_ros' build argument 'cmake_clean_cache' from command line to 'False'
[0.818s] Level 5:colcon.colcon_core.verb:set package 'vikit_ros' build argument 'cmake_clean_first' from command line to 'False'
[0.818s] Level 5:colcon.colcon_core.verb:set package 'vikit_ros' build argument 'cmake_force_configure' from command line to 'False'
[0.818s] Level 5:colcon.colcon_core.verb:set package 'vikit_ros' build argument 'ament_cmake_args' from command line to 'None'
[0.818s] Level 5:colcon.colcon_core.verb:set package 'vikit_ros' build argument 'catkin_cmake_args' from command line to 'None'
[0.818s] Level 5:colcon.colcon_core.verb:set package 'vikit_ros' build argument 'catkin_skip_building_tests' from command line to 'False'
[0.818s] DEBUG:colcon.colcon_core.verb:Building package 'vikit_ros' with the following arguments: {'ament_cmake_args': None, 'build_base': '/home/bxi_nx/ht_ws/build/vikit_ros', 'catkin_cmake_args': None, 'catkin_skip_building_tests': False, 'cmake_args': None, 'cmake_clean_cache': False, 'cmake_clean_first': False, 'cmake_force_configure': False, 'cmake_target': None, 'cmake_target_skip_unavailable': False, 'install_base': '/home/bxi_nx/ht_ws/install/vikit_ros', 'merge_install': False, 'path': '/home/bxi_nx/ht_ws/src/rpg_vikit/vikit_ros', 'symlink_install': False, 'test_result_base': None}
[0.819s] Level 5:colcon.colcon_core.verb:set package 'fast_livo' build argument 'cmake_args' from command line to 'None'
[0.819s] Level 5:colcon.colcon_core.verb:set package 'fast_livo' build argument 'cmake_target' from command line to 'None'
[0.819s] Level 5:colcon.colcon_core.verb:set package 'fast_livo' build argument 'cmake_target_skip_unavailable' from command line to 'False'
[0.819s] Level 5:colcon.colcon_core.verb:set package 'fast_livo' build argument 'cmake_clean_cache' from command line to 'False'
[0.819s] Level 5:colcon.colcon_core.verb:set package 'fast_livo' build argument 'cmake_clean_first' from command line to 'False'
[0.819s] Level 5:colcon.colcon_core.verb:set package 'fast_livo' build argument 'cmake_force_configure' from command line to 'False'
[0.819s] Level 5:colcon.colcon_core.verb:set package 'fast_livo' build argument 'ament_cmake_args' from command line to 'None'
[0.819s] Level 5:colcon.colcon_core.verb:set package 'fast_livo' build argument 'catkin_cmake_args' from command line to 'None'
[0.819s] Level 5:colcon.colcon_core.verb:set package 'fast_livo' build argument 'catkin_skip_building_tests' from command line to 'False'
[0.819s] DEBUG:colcon.colcon_core.verb:Building package 'fast_livo' with the following arguments: {'ament_cmake_args': None, 'build_base': '/home/bxi_nx/ht_ws/build/fast_livo', 'catkin_cmake_args': None, 'catkin_skip_building_tests': False, 'cmake_args': None, 'cmake_clean_cache': False, 'cmake_clean_first': False, 'cmake_force_configure': False, 'cmake_target': None, 'cmake_target_skip_unavailable': False, 'install_base': '/home/bxi_nx/ht_ws/install/fast_livo', 'merge_install': False, 'path': '/home/bxi_nx/ht_ws/src/FAST-LIVO2', 'symlink_install': False, 'test_result_base': None}
[0.819s] INFO:colcon.colcon_core.executor:Executing jobs using 'parallel' executor
[0.821s] DEBUG:colcon.colcon_parallel_executor.executor.parallel:run_until_complete
[0.821s] INFO:colcon.colcon_ros.task.ament_cmake.build:Building ROS package in '/home/bxi_nx/ht_ws/src/realsense-ros/realsense2_camera_msgs' with build type 'ament_cmake'
[0.822s] INFO:colcon.colcon_cmake.task.cmake.build:Building CMake package in '/home/bxi_nx/ht_ws/src/realsense-ros/realsense2_camera_msgs'
[0.828s] INFO:colcon.colcon_core.plugin_system:Skipping extension 'colcon_core.shell.bat': Not used on non-Windows systems
[0.828s] INFO:colcon.colcon_core.shell:Skip shell extension 'powershell' for command environment: Not usable outside of PowerShell
[0.828s] DEBUG:colcon.colcon_core.shell:Skip shell extension 'dsv' for command environment
[0.836s] INFO:colcon.colcon_ros.task.catkin.build:Building ROS package in '/home/bxi_nx/ht_ws/src/rpg_vikit/vikit_common' with build type 'catkin'
[0.836s] INFO:colcon.colcon_cmake.task.cmake.build:Building CMake package in '/home/bxi_nx/ht_ws/src/rpg_vikit/vikit_common'
[0.836s] INFO:colcon.colcon_core.shell:Skip shell extension 'powershell' for command environment: Not usable outside of PowerShell
[0.836s] DEBUG:colcon.colcon_core.shell:Skip shell extension 'dsv' for command environment
[0.843s] INFO:colcon.colcon_cmake.task.cmake.build:Building CMake package in '/home/bxi_nx/ht_ws/src/Livox-SDK2'
[0.843s] INFO:colcon.colcon_core.shell:Skip shell extension 'powershell' for command environment: Not usable outside of PowerShell
[0.844s] DEBUG:colcon.colcon_core.shell:Skip shell extension 'dsv' for command environment
[0.857s] DEBUG:colcon.colcon_core.event_handler.log_command:Invoking command in '/home/bxi_nx/ht_ws/build/realsense2_camera_msgs': CMAKE_PREFIX_PATH=/home/bxi_nx/ht_ws/install/vikit_ros:/opt/ros/humble:/home/bxi_nx/ht_ws/install/vikit_common:/home/bxi_nx/ht_ws/install/realsense2_description:/home/bxi_nx/ht_ws/install/realsense2_camera:/home/bxi_nx/ht_ws/install/realsense2_camera_msgs:/home/bxi_nx/ht_ws/install/fast_livo:/home/bxi_nx/ws_livox/install/localizer:/home/bxi_nx/ws_livox/install/fastlio2:/home/bxi_nx/ws_livox/install/livox_ros_driver2:/home/bxi_nx/ws_livox/install/interface:/home/bxi_nx/ws_livox/install/communication /usr/bin/cmake --build /home/bxi_nx/ht_ws/build/realsense2_camera_msgs -- -j8 -l8
[0.867s] DEBUG:colcon.colcon_core.event_handler.log_command:Invoking command in '/home/bxi_nx/ht_ws/build/vikit_common': /usr/bin/cmake --build /home/bxi_nx/ht_ws/build/vikit_common -- -j8 -l8
[0.874s] DEBUG:colcon.colcon_core.event_handler.log_command:Invoking command in '/home/bxi_nx/ht_ws/build/livox_sdk2': /usr/bin/cmake --build /home/bxi_nx/ht_ws/build/livox_sdk2 -- -j8 -l8
[1.129s] DEBUG:colcon.colcon_core.event_handler.log_command:Invoked command in '/home/bxi_nx/ht_ws/build/livox_sdk2' returned '0': /usr/bin/cmake --build /home/bxi_nx/ht_ws/build/livox_sdk2 -- -j8 -l8
[1.150s] DEBUG:colcon.colcon_core.event_handler.log_command:Invoking command in '/home/bxi_nx/ht_ws/build/livox_sdk2': /usr/bin/cmake --install /home/bxi_nx/ht_ws/build/livox_sdk2
[1.173s] Level 1:colcon.colcon_core.environment:create_environment_scripts_only(livox_sdk2)
[1.174s] DEBUG:colcon.colcon_core.event_handler.log_command:Invoked command in '/home/bxi_nx/ht_ws/build/livox_sdk2' returned '0': /usr/bin/cmake --install /home/bxi_nx/ht_ws/build/livox_sdk2
[1.183s] Level 1:colcon.colcon_core.environment:checking '/home/bxi_nx/ht_ws/install/livox_sdk2' for CMake module files
[1.184s] Level 1:colcon.colcon_core.environment:checking '/home/bxi_nx/ht_ws/install/livox_sdk2' for CMake config files
[1.185s] Level 1:colcon.colcon_core.environment:checking '/home/bxi_nx/ht_ws/install/livox_sdk2/lib'
[1.186s] Level 1:colcon.colcon_core.shell:create_environment_hook('livox_sdk2', 'ld_library_path_lib')
[1.186s] INFO:colcon.colcon_core.shell:Creating environment hook '/home/bxi_nx/ht_ws/install/livox_sdk2/share/livox_sdk2/hook/ld_library_path_lib.ps1'
[1.188s] INFO:colcon.colcon_core.shell:Creating environment descriptor '/home/bxi_nx/ht_ws/install/livox_sdk2/share/livox_sdk2/hook/ld_library_path_lib.dsv'
[1.189s] INFO:colcon.colcon_core.shell:Creating environment hook '/home/bxi_nx/ht_ws/install/livox_sdk2/share/livox_sdk2/hook/ld_library_path_lib.sh'
[1.190s] Level 1:colcon.colcon_core.environment:checking '/home/bxi_nx/ht_ws/install/livox_sdk2/bin'
[1.191s] Level 1:colcon.colcon_core.environment:checking '/home/bxi_nx/ht_ws/install/livox_sdk2/lib/pkgconfig/livox_sdk2.pc'
[1.191s] Level 1:colcon.colcon_core.environment:checking '/home/bxi_nx/ht_ws/install/livox_sdk2/lib/python3.10/site-packages'
[1.192s] Level 1:colcon.colcon_core.environment:checking '/home/bxi_nx/ht_ws/install/livox_sdk2/bin'
[1.192s] INFO:colcon.colcon_core.shell:Creating package script '/home/bxi_nx/ht_ws/install/livox_sdk2/share/livox_sdk2/package.ps1'
[1.194s] INFO:colcon.colcon_core.shell:Creating package descriptor '/home/bxi_nx/ht_ws/install/livox_sdk2/share/livox_sdk2/package.dsv'
[1.198s] INFO:colcon.colcon_core.shell:Creating package script '/home/bxi_nx/ht_ws/install/livox_sdk2/share/livox_sdk2/package.sh'
[1.200s] INFO:colcon.colcon_core.shell:Creating package script '/home/bxi_nx/ht_ws/install/livox_sdk2/share/livox_sdk2/package.bash'
[1.203s] INFO:colcon.colcon_core.shell:Creating package script '/home/bxi_nx/ht_ws/install/livox_sdk2/share/livox_sdk2/package.zsh'
[1.206s] Level 1:colcon.colcon_core.environment:create_file_with_runtime_dependencies(/home/bxi_nx/ht_ws/install/livox_sdk2/share/colcon-core/packages/livox_sdk2)
[1.555s] DEBUG:colcon.colcon_core.event_handler.log_command:Invoked command in '/home/bxi_nx/ht_ws/build/realsense2_camera_msgs' returned '0': CMAKE_PREFIX_PATH=/home/bxi_nx/ht_ws/install/vikit_ros:/opt/ros/humble:/home/bxi_nx/ht_ws/install/vikit_common:/home/bxi_nx/ht_ws/install/realsense2_description:/home/bxi_nx/ht_ws/install/realsense2_camera:/home/bxi_nx/ht_ws/install/realsense2_camera_msgs:/home/bxi_nx/ht_ws/install/fast_livo:/home/bxi_nx/ws_livox/install/localizer:/home/bxi_nx/ws_livox/install/fastlio2:/home/bxi_nx/ws_livox/install/livox_ros_driver2:/home/bxi_nx/ws_livox/install/interface:/home/bxi_nx/ws_livox/install/communication /usr/bin/cmake --build /home/bxi_nx/ht_ws/build/realsense2_camera_msgs -- -j8 -l8
[1.561s] DEBUG:colcon.colcon_core.event_handler.log_command:Invoking command in '/home/bxi_nx/ht_ws/build/realsense2_camera_msgs': CMAKE_PREFIX_PATH=/home/bxi_nx/ht_ws/install/vikit_ros:/opt/ros/humble:/home/bxi_nx/ht_ws/install/vikit_common:/home/bxi_nx/ht_ws/install/realsense2_description:/home/bxi_nx/ht_ws/install/realsense2_camera:/home/bxi_nx/ht_ws/install/realsense2_camera_msgs:/home/bxi_nx/ht_ws/install/fast_livo:/home/bxi_nx/ws_livox/install/localizer:/home/bxi_nx/ws_livox/install/fastlio2:/home/bxi_nx/ws_livox/install/livox_ros_driver2:/home/bxi_nx/ws_livox/install/interface:/home/bxi_nx/ws_livox/install/communication /usr/bin/cmake --install /home/bxi_nx/ht_ws/build/realsense2_camera_msgs
[1.729s] Level 1:colcon.colcon_core.environment:create_environment_scripts_only(realsense2_camera_msgs)
[1.731s] Level 1:colcon.colcon_core.environment:checking '/home/bxi_nx/ht_ws/install/realsense2_camera_msgs' for CMake module files
[1.732s] DEBUG:colcon.colcon_core.event_handler.log_command:Invoked command in '/home/bxi_nx/ht_ws/build/realsense2_camera_msgs' returned '0': CMAKE_PREFIX_PATH=/home/bxi_nx/ht_ws/install/vikit_ros:/opt/ros/humble:/home/bxi_nx/ht_ws/install/vikit_common:/home/bxi_nx/ht_ws/install/realsense2_description:/home/bxi_nx/ht_ws/install/realsense2_camera:/home/bxi_nx/ht_ws/install/realsense2_camera_msgs:/home/bxi_nx/ht_ws/install/fast_livo:/home/bxi_nx/ws_livox/install/localizer:/home/bxi_nx/ws_livox/install/fastlio2:/home/bxi_nx/ws_livox/install/livox_ros_driver2:/home/bxi_nx/ws_livox/install/interface:/home/bxi_nx/ws_livox/install/communication /usr/bin/cmake --install /home/bxi_nx/ht_ws/build/realsense2_camera_msgs
[1.734s] Level 1:colcon.colcon_core.environment:checking '/home/bxi_nx/ht_ws/install/realsense2_camera_msgs' for CMake config files
[1.738s] Level 1:colcon.colcon_core.shell:create_environment_hook('realsense2_camera_msgs', 'cmake_prefix_path')
[1.738s] INFO:colcon.colcon_core.shell:Creating environment hook '/home/bxi_nx/ht_ws/install/realsense2_camera_msgs/share/realsense2_camera_msgs/hook/cmake_prefix_path.ps1'
[1.740s] INFO:colcon.colcon_core.shell:Creating environment descriptor '/home/bxi_nx/ht_ws/install/realsense2_camera_msgs/share/realsense2_camera_msgs/hook/cmake_prefix_path.dsv'
[1.741s] INFO:colcon.colcon_core.shell:Creating environment hook '/home/bxi_nx/ht_ws/install/realsense2_camera_msgs/share/realsense2_camera_msgs/hook/cmake_prefix_path.sh'
[1.743s] Level 1:colcon.colcon_core.environment:checking '/home/bxi_nx/ht_ws/install/realsense2_camera_msgs/lib'
[1.743s] Level 1:colcon.colcon_core.shell:create_environment_hook('realsense2_camera_msgs', 'ld_library_path_lib')
[1.743s] INFO:colcon.colcon_core.shell:Creating environment hook '/home/bxi_nx/ht_ws/install/realsense2_camera_msgs/share/realsense2_camera_msgs/hook/ld_library_path_lib.ps1'
[1.744s] INFO:colcon.colcon_core.shell:Creating environment descriptor '/home/bxi_nx/ht_ws/install/realsense2_camera_msgs/share/realsense2_camera_msgs/hook/ld_library_path_lib.dsv'
[1.745s] INFO:colcon.colcon_core.shell:Creating environment hook '/home/bxi_nx/ht_ws/install/realsense2_camera_msgs/share/realsense2_camera_msgs/hook/ld_library_path_lib.sh'
[1.746s] Level 1:colcon.colcon_core.environment:checking '/home/bxi_nx/ht_ws/install/realsense2_camera_msgs/bin'
[1.747s] Level 1:colcon.colcon_core.environment:checking '/home/bxi_nx/ht_ws/install/realsense2_camera_msgs/lib/pkgconfig/realsense2_camera_msgs.pc'
[1.747s] Level 1:colcon.colcon_core.environment:checking '/home/bxi_nx/ht_ws/install/realsense2_camera_msgs/lib/python3.10/site-packages'
[1.748s] Level 1:colcon.colcon_core.environment:checking '/home/bxi_nx/ht_ws/install/realsense2_camera_msgs/bin'
[1.749s] INFO:colcon.colcon_core.shell:Creating package script '/home/bxi_nx/ht_ws/install/realsense2_camera_msgs/share/realsense2_camera_msgs/package.ps1'
[1.751s] INFO:colcon.colcon_core.shell:Creating package descriptor '/home/bxi_nx/ht_ws/install/realsense2_camera_msgs/share/realsense2_camera_msgs/package.dsv'
[1.752s] INFO:colcon.colcon_core.shell:Creating package script '/home/bxi_nx/ht_ws/install/realsense2_camera_msgs/share/realsense2_camera_msgs/package.sh'
[1.753s] INFO:colcon.colcon_core.shell:Creating package script '/home/bxi_nx/ht_ws/install/realsense2_camera_msgs/share/realsense2_camera_msgs/package.bash'
[1.754s] INFO:colcon.colcon_core.shell:Creating package script '/home/bxi_nx/ht_ws/install/realsense2_camera_msgs/share/realsense2_camera_msgs/package.zsh'
[1.755s] Level 1:colcon.colcon_core.environment:create_file_with_runtime_dependencies(/home/bxi_nx/ht_ws/install/realsense2_camera_msgs/share/colcon-core/packages/realsense2_camera_msgs)
[1.757s] Level 1:colcon.colcon_core.environment:create_environment_scripts_only(realsense2_camera_msgs)
[1.757s] Level 1:colcon.colcon_core.environment:checking '/home/bxi_nx/ht_ws/install/realsense2_camera_msgs' for CMake module files
[1.759s] Level 1:colcon.colcon_core.environment:checking '/home/bxi_nx/ht_ws/install/realsense2_camera_msgs' for CMake config files
[1.762s] Level 1:colcon.colcon_core.shell:create_environment_hook('realsense2_camera_msgs', 'cmake_prefix_path')
[1.763s] INFO:colcon.colcon_core.shell:Creating environment hook '/home/bxi_nx/ht_ws/install/realsense2_camera_msgs/share/realsense2_camera_msgs/hook/cmake_prefix_path.ps1'
[1.764s] INFO:colcon.colcon_core.shell:Creating environment descriptor '/home/bxi_nx/ht_ws/install/realsense2_camera_msgs/share/realsense2_camera_msgs/hook/cmake_prefix_path.dsv'
[1.765s] INFO:colcon.colcon_core.shell:Creating environment hook '/home/bxi_nx/ht_ws/install/realsense2_camera_msgs/share/realsense2_camera_msgs/hook/cmake_prefix_path.sh'
[1.766s] Level 1:colcon.colcon_core.environment:checking '/home/bxi_nx/ht_ws/install/realsense2_camera_msgs/lib'
[1.766s] Level 1:colcon.colcon_core.shell:create_environment_hook('realsense2_camera_msgs', 'ld_library_path_lib')
[1.767s] INFO:colcon.colcon_core.shell:Creating environment hook '/home/bxi_nx/ht_ws/install/realsense2_camera_msgs/share/realsense2_camera_msgs/hook/ld_library_path_lib.ps1'
[1.767s] INFO:colcon.colcon_core.shell:Creating environment descriptor '/home/bxi_nx/ht_ws/install/realsense2_camera_msgs/share/realsense2_camera_msgs/hook/ld_library_path_lib.dsv'
[1.768s] INFO:colcon.colcon_core.shell:Creating environment hook '/home/bxi_nx/ht_ws/install/realsense2_camera_msgs/share/realsense2_camera_msgs/hook/ld_library_path_lib.sh'
[1.769s] Level 1:colcon.colcon_core.environment:checking '/home/bxi_nx/ht_ws/install/realsense2_camera_msgs/bin'
[1.769s] Level 1:colcon.colcon_core.environment:checking '/home/bxi_nx/ht_ws/install/realsense2_camera_msgs/lib/pkgconfig/realsense2_camera_msgs.pc'
[1.770s] Level 1:colcon.colcon_core.environment:checking '/home/bxi_nx/ht_ws/install/realsense2_camera_msgs/lib/python3.10/site-packages'
[1.770s] Level 1:colcon.colcon_core.environment:checking '/home/bxi_nx/ht_ws/install/realsense2_camera_msgs/bin'
[1.771s] INFO:colcon.colcon_core.shell:Creating package script '/home/bxi_nx/ht_ws/install/realsense2_camera_msgs/share/realsense2_camera_msgs/package.ps1'
[1.772s] INFO:colcon.colcon_core.shell:Creating package descriptor '/home/bxi_nx/ht_ws/install/realsense2_camera_msgs/share/realsense2_camera_msgs/package.dsv'
[1.773s] INFO:colcon.colcon_core.shell:Creating package script '/home/bxi_nx/ht_ws/install/realsense2_camera_msgs/share/realsense2_camera_msgs/package.sh'
[1.774s] INFO:colcon.colcon_core.shell:Creating package script '/home/bxi_nx/ht_ws/install/realsense2_camera_msgs/share/realsense2_camera_msgs/package.bash'
[1.775s] INFO:colcon.colcon_core.shell:Creating package script '/home/bxi_nx/ht_ws/install/realsense2_camera_msgs/share/realsense2_camera_msgs/package.zsh'
[1.776s] Level 1:colcon.colcon_core.environment:create_file_with_runtime_dependencies(/home/bxi_nx/ht_ws/install/realsense2_camera_msgs/share/colcon-core/packages/realsense2_camera_msgs)
[1.777s] INFO:colcon.colcon_ros.task.ament_cmake.build:Building ROS package in '/home/bxi_nx/ht_ws/src/realsense-ros/realsense2_camera' with build type 'ament_cmake'
[1.777s] INFO:colcon.colcon_cmake.task.cmake.build:Building CMake package in '/home/bxi_nx/ht_ws/src/realsense-ros/realsense2_camera'
[1.778s] INFO:colcon.colcon_core.shell:Skip shell extension 'powershell' for command environment: Not usable outside of PowerShell
[1.779s] DEBUG:colcon.colcon_core.shell:Skip shell extension 'dsv' for command environment
[1.787s] INFO:colcon.colcon_ros.task.ament_cmake.build:Building ROS package in '/home/bxi_nx/ht_ws/src/realsense-ros/realsense2_description' with build type 'ament_cmake'
[1.787s] INFO:colcon.colcon_cmake.task.cmake.build:Building CMake package in '/home/bxi_nx/ht_ws/src/realsense-ros/realsense2_description'
[1.788s] INFO:colcon.colcon_core.shell:Skip shell extension 'powershell' for command environment: Not usable outside of PowerShell
[1.788s] DEBUG:colcon.colcon_core.shell:Skip shell extension 'dsv' for command environment
[1.804s] DEBUG:colcon.colcon_core.event_handler.log_command:Invoking command in '/home/bxi_nx/ht_ws/build/realsense2_camera': CMAKE_PREFIX_PATH=/home/bxi_nx/ht_ws/install/realsense2_camera_msgs:/home/bxi_nx/ht_ws/install/vikit_ros:/opt/ros/humble:/home/bxi_nx/ht_ws/install/vikit_common:/home/bxi_nx/ht_ws/install/realsense2_description:/home/bxi_nx/ht_ws/install/realsense2_camera:/home/bxi_nx/ht_ws/install/fast_livo:/home/bxi_nx/ws_livox/install/localizer:/home/bxi_nx/ws_livox/install/fastlio2:/home/bxi_nx/ws_livox/install/livox_ros_driver2:/home/bxi_nx/ws_livox/install/interface:/home/bxi_nx/ws_livox/install/communication LD_LIBRARY_PATH=/home/bxi_nx/ht_ws/install/realsense2_camera_msgs/lib:/home/bxi_nx/ht_ws/install/vikit_ros/lib:/home/bxi_nx/ht_ws/install/vikit_common/lib:/home/bxi_nx/ht_ws/install/realsense2_camera/lib:/home/bxi_nx/ht_ws/install/livox_sdk2/lib:/home/bxi_nx/ws_livox/install/livox_ros_driver2/lib:/home/bxi_nx/ws_livox/install/interface/lib:/home/bxi_nx/ws_livox/install/communication/lib:/opt/ros/humble/opt/rviz_ogre_vendor/lib:/opt/ros/humble/lib/aarch64-linux-gnu:/opt/ros/humble/lib:/home/bxi_nx/gtsam/build/gtsam/libgtsam.so.4:/usr/local/cuda-12.6/lib64 /usr/bin/cmake --build /home/bxi_nx/ht_ws/build/realsense2_camera -- -j8 -l8
[1.811s] DEBUG:colcon.colcon_core.event_handler.log_command:Invoking command in '/home/bxi_nx/ht_ws/build/realsense2_description': CMAKE_PREFIX_PATH=/home/bxi_nx/ht_ws/install/realsense2_camera_msgs:/home/bxi_nx/ht_ws/install/vikit_ros:/opt/ros/humble:/home/bxi_nx/ht_ws/install/vikit_common:/home/bxi_nx/ht_ws/install/realsense2_description:/home/bxi_nx/ht_ws/install/realsense2_camera:/home/bxi_nx/ht_ws/install/fast_livo:/home/bxi_nx/ws_livox/install/localizer:/home/bxi_nx/ws_livox/install/fastlio2:/home/bxi_nx/ws_livox/install/livox_ros_driver2:/home/bxi_nx/ws_livox/install/interface:/home/bxi_nx/ws_livox/install/communication LD_LIBRARY_PATH=/home/bxi_nx/ht_ws/install/realsense2_camera_msgs/lib:/home/bxi_nx/ht_ws/install/vikit_ros/lib:/home/bxi_nx/ht_ws/install/vikit_common/lib:/home/bxi_nx/ht_ws/install/realsense2_camera/lib:/home/bxi_nx/ht_ws/install/livox_sdk2/lib:/home/bxi_nx/ws_livox/install/livox_ros_driver2/lib:/home/bxi_nx/ws_livox/install/interface/lib:/home/bxi_nx/ws_livox/install/communication/lib:/opt/ros/humble/opt/rviz_ogre_vendor/lib:/opt/ros/humble/lib/aarch64-linux-gnu:/opt/ros/humble/lib:/home/bxi_nx/gtsam/build/gtsam/libgtsam.so.4:/usr/local/cuda-12.6/lib64 /usr/bin/cmake --build /home/bxi_nx/ht_ws/build/realsense2_description -- -j8 -l8
[1.891s] DEBUG:colcon.colcon_core.event_handler.log_command:Invoked command in '/home/bxi_nx/ht_ws/build/realsense2_description' returned '0': CMAKE_PREFIX_PATH=/home/bxi_nx/ht_ws/install/realsense2_camera_msgs:/home/bxi_nx/ht_ws/install/vikit_ros:/opt/ros/humble:/home/bxi_nx/ht_ws/install/vikit_common:/home/bxi_nx/ht_ws/install/realsense2_description:/home/bxi_nx/ht_ws/install/realsense2_camera:/home/bxi_nx/ht_ws/install/fast_livo:/home/bxi_nx/ws_livox/install/localizer:/home/bxi_nx/ws_livox/install/fastlio2:/home/bxi_nx/ws_livox/install/livox_ros_driver2:/home/bxi_nx/ws_livox/install/interface:/home/bxi_nx/ws_livox/install/communication LD_LIBRARY_PATH=/home/bxi_nx/ht_ws/install/realsense2_camera_msgs/lib:/home/bxi_nx/ht_ws/install/vikit_ros/lib:/home/bxi_nx/ht_ws/install/vikit_common/lib:/home/bxi_nx/ht_ws/install/realsense2_camera/lib:/home/bxi_nx/ht_ws/install/livox_sdk2/lib:/home/bxi_nx/ws_livox/install/livox_ros_driver2/lib:/home/bxi_nx/ws_livox/install/interface/lib:/home/bxi_nx/ws_livox/install/communication/lib:/opt/ros/humble/opt/rviz_ogre_vendor/lib:/opt/ros/humble/lib/aarch64-linux-gnu:/opt/ros/humble/lib:/home/bxi_nx/gtsam/build/gtsam/libgtsam.so.4:/usr/local/cuda-12.6/lib64 /usr/bin/cmake --build /home/bxi_nx/ht_ws/build/realsense2_description -- -j8 -l8
[1.896s] DEBUG:colcon.colcon_core.event_handler.log_command:Invoking command in '/home/bxi_nx/ht_ws/build/realsense2_description': CMAKE_PREFIX_PATH=/home/bxi_nx/ht_ws/install/realsense2_camera_msgs:/home/bxi_nx/ht_ws/install/vikit_ros:/opt/ros/humble:/home/bxi_nx/ht_ws/install/vikit_common:/home/bxi_nx/ht_ws/install/realsense2_description:/home/bxi_nx/ht_ws/install/realsense2_camera:/home/bxi_nx/ht_ws/install/fast_livo:/home/bxi_nx/ws_livox/install/localizer:/home/bxi_nx/ws_livox/install/fastlio2:/home/bxi_nx/ws_livox/install/livox_ros_driver2:/home/bxi_nx/ws_livox/install/interface:/home/bxi_nx/ws_livox/install/communication LD_LIBRARY_PATH=/home/bxi_nx/ht_ws/install/realsense2_camera_msgs/lib:/home/bxi_nx/ht_ws/install/vikit_ros/lib:/home/bxi_nx/ht_ws/install/vikit_common/lib:/home/bxi_nx/ht_ws/install/realsense2_camera/lib:/home/bxi_nx/ht_ws/install/livox_sdk2/lib:/home/bxi_nx/ws_livox/install/livox_ros_driver2/lib:/home/bxi_nx/ws_livox/install/interface/lib:/home/bxi_nx/ws_livox/install/communication/lib:/opt/ros/humble/opt/rviz_ogre_vendor/lib:/opt/ros/humble/lib/aarch64-linux-gnu:/opt/ros/humble/lib:/home/bxi_nx/gtsam/build/gtsam/libgtsam.so.4:/usr/local/cuda-12.6/lib64 /usr/bin/cmake --install /home/bxi_nx/ht_ws/build/realsense2_description
[2.018s] Level 1:colcon.colcon_core.environment:create_environment_scripts_only(realsense2_description)
[2.019s] Level 1:colcon.colcon_core.environment:checking '/home/bxi_nx/ht_ws/install/realsense2_description' for CMake module files
[2.020s] Level 1:colcon.colcon_core.environment:checking '/home/bxi_nx/ht_ws/install/realsense2_description' for CMake config files
[2.021s] Level 1:colcon.colcon_core.shell:create_environment_hook('realsense2_description', 'cmake_prefix_path')
[2.021s] INFO:colcon.colcon_core.shell:Creating environment hook '/home/bxi_nx/ht_ws/install/realsense2_description/share/realsense2_description/hook/cmake_prefix_path.ps1'
[2.022s] INFO:colcon.colcon_core.shell:Creating environment descriptor '/home/bxi_nx/ht_ws/install/realsense2_description/share/realsense2_description/hook/cmake_prefix_path.dsv'
[2.023s] INFO:colcon.colcon_core.shell:Creating environment hook '/home/bxi_nx/ht_ws/install/realsense2_description/share/realsense2_description/hook/cmake_prefix_path.sh'
[2.024s] Level 1:colcon.colcon_core.environment:checking '/home/bxi_nx/ht_ws/install/realsense2_description/bin'
[2.025s] Level 1:colcon.colcon_core.environment:checking '/home/bxi_nx/ht_ws/install/realsense2_description/lib/pkgconfig/realsense2_description.pc'
[2.025s] Level 1:colcon.colcon_core.environment:checking '/home/bxi_nx/ht_ws/install/realsense2_description/lib/python3.10/site-packages'
[2.026s] Level 1:colcon.colcon_core.environment:checking '/home/bxi_nx/ht_ws/install/realsense2_description/bin'
[2.027s] DEBUG:colcon.colcon_core.event_handler.log_command:Invoked command in '/home/bxi_nx/ht_ws/build/realsense2_description' returned '0': CMAKE_PREFIX_PATH=/home/bxi_nx/ht_ws/install/realsense2_camera_msgs:/home/bxi_nx/ht_ws/install/vikit_ros:/opt/ros/humble:/home/bxi_nx/ht_ws/install/vikit_common:/home/bxi_nx/ht_ws/install/realsense2_description:/home/bxi_nx/ht_ws/install/realsense2_camera:/home/bxi_nx/ht_ws/install/fast_livo:/home/bxi_nx/ws_livox/install/localizer:/home/bxi_nx/ws_livox/install/fastlio2:/home/bxi_nx/ws_livox/install/livox_ros_driver2:/home/bxi_nx/ws_livox/install/interface:/home/bxi_nx/ws_livox/install/communication LD_LIBRARY_PATH=/home/bxi_nx/ht_ws/install/realsense2_camera_msgs/lib:/home/bxi_nx/ht_ws/install/vikit_ros/lib:/home/bxi_nx/ht_ws/install/vikit_common/lib:/home/bxi_nx/ht_ws/install/realsense2_camera/lib:/home/bxi_nx/ht_ws/install/livox_sdk2/lib:/home/bxi_nx/ws_livox/install/livox_ros_driver2/lib:/home/bxi_nx/ws_livox/install/interface/lib:/home/bxi_nx/ws_livox/install/communication/lib:/opt/ros/humble/opt/rviz_ogre_vendor/lib:/opt/ros/humble/lib/aarch64-linux-gnu:/opt/ros/humble/lib:/home/bxi_nx/gtsam/build/gtsam/libgtsam.so.4:/usr/local/cuda-12.6/lib64 /usr/bin/cmake --install /home/bxi_nx/ht_ws/build/realsense2_description
[2.028s] INFO:colcon.colcon_core.shell:Creating package script '/home/bxi_nx/ht_ws/install/realsense2_description/share/realsense2_description/package.ps1'
[2.029s] INFO:colcon.colcon_core.shell:Creating package descriptor '/home/bxi_nx/ht_ws/install/realsense2_description/share/realsense2_description/package.dsv'
[2.030s] INFO:colcon.colcon_core.shell:Creating package script '/home/bxi_nx/ht_ws/install/realsense2_description/share/realsense2_description/package.sh'
[2.031s] INFO:colcon.colcon_core.shell:Creating package script '/home/bxi_nx/ht_ws/install/realsense2_description/share/realsense2_description/package.bash'
[2.047s] INFO:colcon.colcon_core.shell:Creating package script '/home/bxi_nx/ht_ws/install/realsense2_description/share/realsense2_description/package.zsh'
[2.048s] Level 1:colcon.colcon_core.environment:create_file_with_runtime_dependencies(/home/bxi_nx/ht_ws/install/realsense2_description/share/colcon-core/packages/realsense2_description)
[2.050s] Level 1:colcon.colcon_core.environment:create_environment_scripts_only(realsense2_description)
[2.050s] Level 1:colcon.colcon_core.environment:checking '/home/bxi_nx/ht_ws/install/realsense2_description' for CMake module files
[2.051s] Level 1:colcon.colcon_core.environment:checking '/home/bxi_nx/ht_ws/install/realsense2_description' for CMake config files
[2.052s] Level 1:colcon.colcon_core.shell:create_environment_hook('realsense2_description', 'cmake_prefix_path')
[2.053s] INFO:colcon.colcon_core.shell:Creating environment hook '/home/bxi_nx/ht_ws/install/realsense2_description/share/realsense2_description/hook/cmake_prefix_path.ps1'
[2.054s] INFO:colcon.colcon_core.shell:Creating environment descriptor '/home/bxi_nx/ht_ws/install/realsense2_description/share/realsense2_description/hook/cmake_prefix_path.dsv'
[2.055s] INFO:colcon.colcon_core.shell:Creating environment hook '/home/bxi_nx/ht_ws/install/realsense2_description/share/realsense2_description/hook/cmake_prefix_path.sh'
[2.056s] Level 1:colcon.colcon_core.environment:checking '/home/bxi_nx/ht_ws/install/realsense2_description/bin'
[2.057s] Level 1:colcon.colcon_core.environment:checking '/home/bxi_nx/ht_ws/install/realsense2_description/lib/pkgconfig/realsense2_description.pc'
[2.057s] Level 1:colcon.colcon_core.environment:checking '/home/bxi_nx/ht_ws/install/realsense2_description/lib/python3.10/site-packages'
[2.058s] Level 1:colcon.colcon_core.environment:checking '/home/bxi_nx/ht_ws/install/realsense2_description/bin'
[2.058s] INFO:colcon.colcon_core.shell:Creating package script '/home/bxi_nx/ht_ws/install/realsense2_description/share/realsense2_description/package.ps1'
[2.060s] INFO:colcon.colcon_core.shell:Creating package descriptor '/home/bxi_nx/ht_ws/install/realsense2_description/share/realsense2_description/package.dsv'
[2.063s] INFO:colcon.colcon_core.shell:Creating package script '/home/bxi_nx/ht_ws/install/realsense2_description/share/realsense2_description/package.sh'
[2.067s] INFO:colcon.colcon_core.shell:Creating package script '/home/bxi_nx/ht_ws/install/realsense2_description/share/realsense2_description/package.bash'
[2.079s] INFO:colcon.colcon_core.shell:Creating package script '/home/bxi_nx/ht_ws/install/realsense2_description/share/realsense2_description/package.zsh'
[2.080s] Level 1:colcon.colcon_core.environment:create_file_with_runtime_dependencies(/home/bxi_nx/ht_ws/install/realsense2_description/share/colcon-core/packages/realsense2_description)
[58.101s] DEBUG:colcon.colcon_core.event_handler.log_command:Invoked command in '/home/bxi_nx/ht_ws/build/vikit_common' returned '0': /usr/bin/cmake --build /home/bxi_nx/ht_ws/build/vikit_common -- -j8 -l8
[58.104s] DEBUG:colcon.colcon_core.event_handler.log_command:Invoking command in '/home/bxi_nx/ht_ws/build/vikit_common': /usr/bin/cmake --install /home/bxi_nx/ht_ws/build/vikit_common
[58.135s] DEBUG:colcon.colcon_core.event_handler.log_command:Invoked command in '/home/bxi_nx/ht_ws/build/vikit_common' returned '0': /usr/bin/cmake --install /home/bxi_nx/ht_ws/build/vikit_common
[58.135s] Level 1:colcon.colcon_core.shell:create_environment_hook('vikit_common', 'ros_package_path')
[58.136s] INFO:colcon.colcon_core.shell:Creating environment hook '/home/bxi_nx/ht_ws/install/vikit_common/share/vikit_common/hook/ros_package_path.ps1'
[58.137s] INFO:colcon.colcon_core.shell:Creating environment descriptor '/home/bxi_nx/ht_ws/install/vikit_common/share/vikit_common/hook/ros_package_path.dsv'
[58.138s] INFO:colcon.colcon_core.shell:Creating environment hook '/home/bxi_nx/ht_ws/install/vikit_common/share/vikit_common/hook/ros_package_path.sh'
[58.139s] Level 1:colcon.colcon_core.shell:create_environment_hook('vikit_common', 'pkg_config_path')
[58.139s] INFO:colcon.colcon_core.shell:Creating environment hook '/home/bxi_nx/ht_ws/install/vikit_common/share/vikit_common/hook/pkg_config_path.ps1'
[58.140s] INFO:colcon.colcon_core.shell:Creating environment descriptor '/home/bxi_nx/ht_ws/install/vikit_common/share/vikit_common/hook/pkg_config_path.dsv'
[58.141s] INFO:colcon.colcon_core.shell:Creating environment hook '/home/bxi_nx/ht_ws/install/vikit_common/share/vikit_common/hook/pkg_config_path.sh'
[58.145s] Level 1:colcon.colcon_core.shell:create_environment_hook('vikit_common', 'pkg_config_path_multiarch')
[58.145s] INFO:colcon.colcon_core.shell:Creating environment hook '/home/bxi_nx/ht_ws/install/vikit_common/share/vikit_common/hook/pkg_config_path_multiarch.ps1'
[58.146s] INFO:colcon.colcon_core.shell:Creating environment descriptor '/home/bxi_nx/ht_ws/install/vikit_common/share/vikit_common/hook/pkg_config_path_multiarch.dsv'
[58.147s] INFO:colcon.colcon_core.shell:Creating environment hook '/home/bxi_nx/ht_ws/install/vikit_common/share/vikit_common/hook/pkg_config_path_multiarch.sh'
[58.149s] Level 1:colcon.colcon_core.environment:create_environment_scripts_only(vikit_common)
[58.149s] Level 1:colcon.colcon_core.environment:checking '/home/bxi_nx/ht_ws/install/vikit_common' for CMake module files
[58.150s] Level 1:colcon.colcon_core.environment:checking '/home/bxi_nx/ht_ws/install/vikit_common' for CMake config files
[58.151s] Level 1:colcon.colcon_core.shell:create_environment_hook('vikit_common', 'cmake_prefix_path')
[58.151s] INFO:colcon.colcon_core.shell:Creating environment hook '/home/bxi_nx/ht_ws/install/vikit_common/share/vikit_common/hook/cmake_prefix_path.ps1'
[58.152s] INFO:colcon.colcon_core.shell:Creating environment descriptor '/home/bxi_nx/ht_ws/install/vikit_common/share/vikit_common/hook/cmake_prefix_path.dsv'
[58.153s] INFO:colcon.colcon_core.shell:Creating environment hook '/home/bxi_nx/ht_ws/install/vikit_common/share/vikit_common/hook/cmake_prefix_path.sh'
[58.154s] Level 1:colcon.colcon_core.environment:checking '/home/bxi_nx/ht_ws/install/vikit_common/lib'
[58.154s] Level 1:colcon.colcon_core.shell:create_environment_hook('vikit_common', 'ld_library_path_lib')
[58.155s] INFO:colcon.colcon_core.shell:Creating environment hook '/home/bxi_nx/ht_ws/install/vikit_common/share/vikit_common/hook/ld_library_path_lib.ps1'
[58.155s] INFO:colcon.colcon_core.shell:Creating environment descriptor '/home/bxi_nx/ht_ws/install/vikit_common/share/vikit_common/hook/ld_library_path_lib.dsv'
[58.156s] INFO:colcon.colcon_core.shell:Creating environment hook '/home/bxi_nx/ht_ws/install/vikit_common/share/vikit_common/hook/ld_library_path_lib.sh'
[58.157s] Level 1:colcon.colcon_core.environment:checking '/home/bxi_nx/ht_ws/install/vikit_common/bin'
[58.157s] Level 1:colcon.colcon_core.environment:checking '/home/bxi_nx/ht_ws/install/vikit_common/lib/pkgconfig/vikit_common.pc'
[58.157s] Level 1:colcon.colcon_core.environment:checking '/home/bxi_nx/ht_ws/install/vikit_common/lib/python3.10/site-packages'
[58.158s] Level 1:colcon.colcon_core.environment:checking '/home/bxi_nx/ht_ws/install/vikit_common/bin'
[58.158s] INFO:colcon.colcon_core.shell:Creating package script '/home/bxi_nx/ht_ws/install/vikit_common/share/vikit_common/package.ps1'
[58.160s] INFO:colcon.colcon_core.shell:Creating package descriptor '/home/bxi_nx/ht_ws/install/vikit_common/share/vikit_common/package.dsv'
[58.161s] INFO:colcon.colcon_core.shell:Creating package script '/home/bxi_nx/ht_ws/install/vikit_common/share/vikit_common/package.sh'
[58.162s] INFO:colcon.colcon_core.shell:Creating package script '/home/bxi_nx/ht_ws/install/vikit_common/share/vikit_common/package.bash'
[58.162s] INFO:colcon.colcon_core.shell:Creating package script '/home/bxi_nx/ht_ws/install/vikit_common/share/vikit_common/package.zsh'
[58.163s] Level 1:colcon.colcon_core.environment:create_file_with_runtime_dependencies(/home/bxi_nx/ht_ws/install/vikit_common/share/colcon-core/packages/vikit_common)
[58.164s] INFO:colcon.colcon_ros.task.ament_cmake.build:Building ROS package in '/home/bxi_nx/ht_ws/src/rpg_vikit/vikit_ros' with build type 'ament_cmake'
[58.164s] INFO:colcon.colcon_cmake.task.cmake.build:Building CMake package in '/home/bxi_nx/ht_ws/src/rpg_vikit/vikit_ros'
[58.165s] INFO:colcon.colcon_core.shell:Skip shell extension 'powershell' for command environment: Not usable outside of PowerShell
[58.165s] DEBUG:colcon.colcon_core.shell:Skip shell extension 'dsv' for command environment
[58.187s] DEBUG:colcon.colcon_core.event_handler.log_command:Invoking command in '/home/bxi_nx/ht_ws/build/vikit_ros': CMAKE_PREFIX_PATH=/opt/ros/humble:/home/bxi_nx/ht_ws/install/vikit_common:/home/bxi_nx/ht_ws/install/vikit_ros:/home/bxi_nx/ht_ws/install/realsense2_description:/home/bxi_nx/ht_ws/install/realsense2_camera:/home/bxi_nx/ht_ws/install/realsense2_camera_msgs:/home/bxi_nx/ht_ws/install/fast_livo:/home/bxi_nx/ws_livox/install/localizer:/home/bxi_nx/ws_livox/install/fastlio2:/home/bxi_nx/ws_livox/install/livox_ros_driver2:/home/bxi_nx/ws_livox/install/interface:/home/bxi_nx/ws_livox/install/communication LD_LIBRARY_PATH=/home/bxi_nx/ht_ws/install/vikit_common/lib:/home/bxi_nx/ht_ws/install/vikit_ros/lib:/home/bxi_nx/ht_ws/install/realsense2_camera/lib:/home/bxi_nx/ht_ws/install/realsense2_camera_msgs/lib:/home/bxi_nx/ht_ws/install/livox_sdk2/lib:/home/bxi_nx/ws_livox/install/livox_ros_driver2/lib:/home/bxi_nx/ws_livox/install/interface/lib:/home/bxi_nx/ws_livox/install/communication/lib:/opt/ros/humble/opt/rviz_ogre_vendor/lib:/opt/ros/humble/lib/aarch64-linux-gnu:/opt/ros/humble/lib:/home/bxi_nx/gtsam/build/gtsam/libgtsam.so.4:/usr/local/cuda-12.6/lib64 /usr/bin/cmake --build /home/bxi_nx/ht_ws/build/vikit_ros -- -j8 -l8
[70.373s] DEBUG:colcon.colcon_core.event_handler.log_command:Invoked command in '/home/bxi_nx/ht_ws/build/vikit_ros' returned '0': CMAKE_PREFIX_PATH=/opt/ros/humble:/home/bxi_nx/ht_ws/install/vikit_common:/home/bxi_nx/ht_ws/install/vikit_ros:/home/bxi_nx/ht_ws/install/realsense2_description:/home/bxi_nx/ht_ws/install/realsense2_camera:/home/bxi_nx/ht_ws/install/realsense2_camera_msgs:/home/bxi_nx/ht_ws/install/fast_livo:/home/bxi_nx/ws_livox/install/localizer:/home/bxi_nx/ws_livox/install/fastlio2:/home/bxi_nx/ws_livox/install/livox_ros_driver2:/home/bxi_nx/ws_livox/install/interface:/home/bxi_nx/ws_livox/install/communication LD_LIBRARY_PATH=/home/bxi_nx/ht_ws/install/vikit_common/lib:/home/bxi_nx/ht_ws/install/vikit_ros/lib:/home/bxi_nx/ht_ws/install/realsense2_camera/lib:/home/bxi_nx/ht_ws/install/realsense2_camera_msgs/lib:/home/bxi_nx/ht_ws/install/livox_sdk2/lib:/home/bxi_nx/ws_livox/install/livox_ros_driver2/lib:/home/bxi_nx/ws_livox/install/interface/lib:/home/bxi_nx/ws_livox/install/communication/lib:/opt/ros/humble/opt/rviz_ogre_vendor/lib:/opt/ros/humble/lib/aarch64-linux-gnu:/opt/ros/humble/lib:/home/bxi_nx/gtsam/build/gtsam/libgtsam.so.4:/usr/local/cuda-12.6/lib64 /usr/bin/cmake --build /home/bxi_nx/ht_ws/build/vikit_ros -- -j8 -l8
[70.377s] DEBUG:colcon.colcon_core.event_handler.log_command:Invoking command in '/home/bxi_nx/ht_ws/build/vikit_ros': CMAKE_PREFIX_PATH=/opt/ros/humble:/home/bxi_nx/ht_ws/install/vikit_common:/home/bxi_nx/ht_ws/install/vikit_ros:/home/bxi_nx/ht_ws/install/realsense2_description:/home/bxi_nx/ht_ws/install/realsense2_camera:/home/bxi_nx/ht_ws/install/realsense2_camera_msgs:/home/bxi_nx/ht_ws/install/fast_livo:/home/bxi_nx/ws_livox/install/localizer:/home/bxi_nx/ws_livox/install/fastlio2:/home/bxi_nx/ws_livox/install/livox_ros_driver2:/home/bxi_nx/ws_livox/install/interface:/home/bxi_nx/ws_livox/install/communication LD_LIBRARY_PATH=/home/bxi_nx/ht_ws/install/vikit_common/lib:/home/bxi_nx/ht_ws/install/vikit_ros/lib:/home/bxi_nx/ht_ws/install/realsense2_camera/lib:/home/bxi_nx/ht_ws/install/realsense2_camera_msgs/lib:/home/bxi_nx/ht_ws/install/livox_sdk2/lib:/home/bxi_nx/ws_livox/install/livox_ros_driver2/lib:/home/bxi_nx/ws_livox/install/interface/lib:/home/bxi_nx/ws_livox/install/communication/lib:/opt/ros/humble/opt/rviz_ogre_vendor/lib:/opt/ros/humble/lib/aarch64-linux-gnu:/opt/ros/humble/lib:/home/bxi_nx/gtsam/build/gtsam/libgtsam.so.4:/usr/local/cuda-12.6/lib64 /usr/bin/cmake --install /home/bxi_nx/ht_ws/build/vikit_ros
[70.432s] Level 1:colcon.colcon_core.environment:create_environment_scripts_only(vikit_ros)
[70.433s] Level 1:colcon.colcon_core.environment:checking '/home/bxi_nx/ht_ws/install/vikit_ros' for CMake module files
[70.435s] DEBUG:colcon.colcon_core.event_handler.log_command:Invoked command in '/home/bxi_nx/ht_ws/build/vikit_ros' returned '0': CMAKE_PREFIX_PATH=/opt/ros/humble:/home/bxi_nx/ht_ws/install/vikit_common:/home/bxi_nx/ht_ws/install/vikit_ros:/home/bxi_nx/ht_ws/install/realsense2_description:/home/bxi_nx/ht_ws/install/realsense2_camera:/home/bxi_nx/ht_ws/install/realsense2_camera_msgs:/home/bxi_nx/ht_ws/install/fast_livo:/home/bxi_nx/ws_livox/install/localizer:/home/bxi_nx/ws_livox/install/fastlio2:/home/bxi_nx/ws_livox/install/livox_ros_driver2:/home/bxi_nx/ws_livox/install/interface:/home/bxi_nx/ws_livox/install/communication LD_LIBRARY_PATH=/home/bxi_nx/ht_ws/install/vikit_common/lib:/home/bxi_nx/ht_ws/install/vikit_ros/lib:/home/bxi_nx/ht_ws/install/realsense2_camera/lib:/home/bxi_nx/ht_ws/install/realsense2_camera_msgs/lib:/home/bxi_nx/ht_ws/install/livox_sdk2/lib:/home/bxi_nx/ws_livox/install/livox_ros_driver2/lib:/home/bxi_nx/ws_livox/install/interface/lib:/home/bxi_nx/ws_livox/install/communication/lib:/opt/ros/humble/opt/rviz_ogre_vendor/lib:/opt/ros/humble/lib/aarch64-linux-gnu:/opt/ros/humble/lib:/home/bxi_nx/gtsam/build/gtsam/libgtsam.so.4:/usr/local/cuda-12.6/lib64 /usr/bin/cmake --install /home/bxi_nx/ht_ws/build/vikit_ros
[70.437s] Level 1:colcon.colcon_core.environment:checking '/home/bxi_nx/ht_ws/install/vikit_ros' for CMake config files
[70.438s] Level 1:colcon.colcon_core.shell:create_environment_hook('vikit_ros', 'cmake_prefix_path')
[70.439s] INFO:colcon.colcon_core.shell:Creating environment hook '/home/bxi_nx/ht_ws/install/vikit_ros/share/vikit_ros/hook/cmake_prefix_path.ps1'
[70.441s] INFO:colcon.colcon_core.shell:Creating environment descriptor '/home/bxi_nx/ht_ws/install/vikit_ros/share/vikit_ros/hook/cmake_prefix_path.dsv'
[70.443s] INFO:colcon.colcon_core.shell:Creating environment hook '/home/bxi_nx/ht_ws/install/vikit_ros/share/vikit_ros/hook/cmake_prefix_path.sh'
[70.445s] Level 1:colcon.colcon_core.environment:checking '/home/bxi_nx/ht_ws/install/vikit_ros/lib'
[70.445s] Level 1:colcon.colcon_core.shell:create_environment_hook('vikit_ros', 'ld_library_path_lib')
[70.446s] INFO:colcon.colcon_core.shell:Creating environment hook '/home/bxi_nx/ht_ws/install/vikit_ros/share/vikit_ros/hook/ld_library_path_lib.ps1'
[70.448s] INFO:colcon.colcon_core.shell:Creating environment descriptor '/home/bxi_nx/ht_ws/install/vikit_ros/share/vikit_ros/hook/ld_library_path_lib.dsv'
[70.449s] INFO:colcon.colcon_core.shell:Creating environment hook '/home/bxi_nx/ht_ws/install/vikit_ros/share/vikit_ros/hook/ld_library_path_lib.sh'
[70.451s] Level 1:colcon.colcon_core.environment:checking '/home/bxi_nx/ht_ws/install/vikit_ros/bin'
[70.451s] Level 1:colcon.colcon_core.environment:checking '/home/bxi_nx/ht_ws/install/vikit_ros/lib/pkgconfig/vikit_ros.pc'
[70.452s] Level 1:colcon.colcon_core.environment:checking '/home/bxi_nx/ht_ws/install/vikit_ros/lib/python3.10/site-packages'
[70.454s] Level 1:colcon.colcon_core.environment:checking '/home/bxi_nx/ht_ws/install/vikit_ros/bin'
[70.455s] INFO:colcon.colcon_core.shell:Creating package script '/home/bxi_nx/ht_ws/install/vikit_ros/share/vikit_ros/package.ps1'
[70.457s] INFO:colcon.colcon_core.shell:Creating package descriptor '/home/bxi_nx/ht_ws/install/vikit_ros/share/vikit_ros/package.dsv'
[70.458s] INFO:colcon.colcon_core.shell:Creating package script '/home/bxi_nx/ht_ws/install/vikit_ros/share/vikit_ros/package.sh'
[70.459s] INFO:colcon.colcon_core.shell:Creating package script '/home/bxi_nx/ht_ws/install/vikit_ros/share/vikit_ros/package.bash'
[70.460s] INFO:colcon.colcon_core.shell:Creating package script '/home/bxi_nx/ht_ws/install/vikit_ros/share/vikit_ros/package.zsh'
[70.461s] Level 1:colcon.colcon_core.environment:create_file_with_runtime_dependencies(/home/bxi_nx/ht_ws/install/vikit_ros/share/colcon-core/packages/vikit_ros)
[70.462s] Level 1:colcon.colcon_core.environment:create_environment_scripts_only(vikit_ros)
[70.463s] Level 1:colcon.colcon_core.environment:checking '/home/bxi_nx/ht_ws/install/vikit_ros' for CMake module files
[70.466s] Level 1:colcon.colcon_core.environment:checking '/home/bxi_nx/ht_ws/install/vikit_ros' for CMake config files
[70.468s] Level 1:colcon.colcon_core.shell:create_environment_hook('vikit_ros', 'cmake_prefix_path')
[70.468s] INFO:colcon.colcon_core.shell:Creating environment hook '/home/bxi_nx/ht_ws/install/vikit_ros/share/vikit_ros/hook/cmake_prefix_path.ps1'
[70.470s] INFO:colcon.colcon_core.shell:Creating environment descriptor '/home/bxi_nx/ht_ws/install/vikit_ros/share/vikit_ros/hook/cmake_prefix_path.dsv'
[70.471s] INFO:colcon.colcon_core.shell:Creating environment hook '/home/bxi_nx/ht_ws/install/vikit_ros/share/vikit_ros/hook/cmake_prefix_path.sh'
[70.473s] Level 1:colcon.colcon_core.environment:checking '/home/bxi_nx/ht_ws/install/vikit_ros/lib'
[70.474s] Level 1:colcon.colcon_core.shell:create_environment_hook('vikit_ros', 'ld_library_path_lib')
[70.475s] INFO:colcon.colcon_core.shell:Creating environment hook '/home/bxi_nx/ht_ws/install/vikit_ros/share/vikit_ros/hook/ld_library_path_lib.ps1'
[70.476s] INFO:colcon.colcon_core.shell:Creating environment descriptor '/home/bxi_nx/ht_ws/install/vikit_ros/share/vikit_ros/hook/ld_library_path_lib.dsv'
[70.477s] INFO:colcon.colcon_core.shell:Creating environment hook '/home/bxi_nx/ht_ws/install/vikit_ros/share/vikit_ros/hook/ld_library_path_lib.sh'
[70.478s] Level 1:colcon.colcon_core.environment:checking '/home/bxi_nx/ht_ws/install/vikit_ros/bin'
[70.479s] Level 1:colcon.colcon_core.environment:checking '/home/bxi_nx/ht_ws/install/vikit_ros/lib/pkgconfig/vikit_ros.pc'
[70.479s] Level 1:colcon.colcon_core.environment:checking '/home/bxi_nx/ht_ws/install/vikit_ros/lib/python3.10/site-packages'
[70.480s] Level 1:colcon.colcon_core.environment:checking '/home/bxi_nx/ht_ws/install/vikit_ros/bin'
[70.482s] INFO:colcon.colcon_core.shell:Creating package script '/home/bxi_nx/ht_ws/install/vikit_ros/share/vikit_ros/package.ps1'
[70.484s] INFO:colcon.colcon_core.shell:Creating package descriptor '/home/bxi_nx/ht_ws/install/vikit_ros/share/vikit_ros/package.dsv'
[70.485s] INFO:colcon.colcon_core.shell:Creating package script '/home/bxi_nx/ht_ws/install/vikit_ros/share/vikit_ros/package.sh'
[70.487s] INFO:colcon.colcon_core.shell:Creating package script '/home/bxi_nx/ht_ws/install/vikit_ros/share/vikit_ros/package.bash'
[70.488s] INFO:colcon.colcon_core.shell:Creating package script '/home/bxi_nx/ht_ws/install/vikit_ros/share/vikit_ros/package.zsh'
[70.489s] Level 1:colcon.colcon_core.environment:create_file_with_runtime_dependencies(/home/bxi_nx/ht_ws/install/vikit_ros/share/colcon-core/packages/vikit_ros)
[70.490s] INFO:colcon.colcon_ros.task.ament_cmake.build:Building ROS package in '/home/bxi_nx/ht_ws/src/FAST-LIVO2' with build type 'ament_cmake'
[70.491s] INFO:colcon.colcon_cmake.task.cmake.build:Building CMake package in '/home/bxi_nx/ht_ws/src/FAST-LIVO2'
[70.491s] INFO:colcon.colcon_core.shell:Skip shell extension 'powershell' for command environment: Not usable outside of PowerShell
[70.492s] DEBUG:colcon.colcon_core.shell:Skip shell extension 'dsv' for command environment
[70.532s] DEBUG:colcon.colcon_core.event_handler.log_command:Invoking command in '/home/bxi_nx/ht_ws/build/fast_livo': CMAKE_PREFIX_PATH=/home/bxi_nx/ht_ws/install/vikit_ros:/opt/ros/humble:/home/bxi_nx/ht_ws/install/vikit_common:/home/bxi_nx/ht_ws/install/realsense2_description:/home/bxi_nx/ht_ws/install/realsense2_camera:/home/bxi_nx/ht_ws/install/realsense2_camera_msgs:/home/bxi_nx/ht_ws/install/fast_livo:/home/bxi_nx/ws_livox/install/localizer:/home/bxi_nx/ws_livox/install/fastlio2:/home/bxi_nx/ws_livox/install/livox_ros_driver2:/home/bxi_nx/ws_livox/install/interface:/home/bxi_nx/ws_livox/install/communication LD_LIBRARY_PATH=/home/bxi_nx/ht_ws/install/vikit_ros/lib:/home/bxi_nx/ht_ws/install/vikit_common/lib:/home/bxi_nx/ht_ws/install/realsense2_camera/lib:/home/bxi_nx/ht_ws/install/realsense2_camera_msgs/lib:/home/bxi_nx/ht_ws/install/livox_sdk2/lib:/home/bxi_nx/ws_livox/install/livox_ros_driver2/lib:/home/bxi_nx/ws_livox/install/interface/lib:/home/bxi_nx/ws_livox/install/communication/lib:/opt/ros/humble/opt/rviz_ogre_vendor/lib:/opt/ros/humble/lib/aarch64-linux-gnu:/opt/ros/humble/lib:/home/bxi_nx/gtsam/build/gtsam/libgtsam.so.4:/usr/local/cuda-12.6/lib64 /usr/bin/cmake --build /home/bxi_nx/ht_ws/build/fast_livo -- -j8 -l8
[71.293s] DEBUG:colcon.colcon_core.event_handler.log_command:Invoked command in '/home/bxi_nx/ht_ws/build/realsense2_camera' returned '0': CMAKE_PREFIX_PATH=/home/bxi_nx/ht_ws/install/realsense2_camera_msgs:/home/bxi_nx/ht_ws/install/vikit_ros:/opt/ros/humble:/home/bxi_nx/ht_ws/install/vikit_common:/home/bxi_nx/ht_ws/install/realsense2_description:/home/bxi_nx/ht_ws/install/realsense2_camera:/home/bxi_nx/ht_ws/install/fast_livo:/home/bxi_nx/ws_livox/install/localizer:/home/bxi_nx/ws_livox/install/fastlio2:/home/bxi_nx/ws_livox/install/livox_ros_driver2:/home/bxi_nx/ws_livox/install/interface:/home/bxi_nx/ws_livox/install/communication LD_LIBRARY_PATH=/home/bxi_nx/ht_ws/install/realsense2_camera_msgs/lib:/home/bxi_nx/ht_ws/install/vikit_ros/lib:/home/bxi_nx/ht_ws/install/vikit_common/lib:/home/bxi_nx/ht_ws/install/realsense2_camera/lib:/home/bxi_nx/ht_ws/install/livox_sdk2/lib:/home/bxi_nx/ws_livox/install/livox_ros_driver2/lib:/home/bxi_nx/ws_livox/install/interface/lib:/home/bxi_nx/ws_livox/install/communication/lib:/opt/ros/humble/opt/rviz_ogre_vendor/lib:/opt/ros/humble/lib/aarch64-linux-gnu:/opt/ros/humble/lib:/home/bxi_nx/gtsam/build/gtsam/libgtsam.so.4:/usr/local/cuda-12.6/lib64 /usr/bin/cmake --build /home/bxi_nx/ht_ws/build/realsense2_camera -- -j8 -l8
[71.296s] DEBUG:colcon.colcon_core.event_handler.log_command:Invoking command in '/home/bxi_nx/ht_ws/build/realsense2_camera': CMAKE_PREFIX_PATH=/home/bxi_nx/ht_ws/install/realsense2_camera_msgs:/home/bxi_nx/ht_ws/install/vikit_ros:/opt/ros/humble:/home/bxi_nx/ht_ws/install/vikit_common:/home/bxi_nx/ht_ws/install/realsense2_description:/home/bxi_nx/ht_ws/install/realsense2_camera:/home/bxi_nx/ht_ws/install/fast_livo:/home/bxi_nx/ws_livox/install/localizer:/home/bxi_nx/ws_livox/install/fastlio2:/home/bxi_nx/ws_livox/install/livox_ros_driver2:/home/bxi_nx/ws_livox/install/interface:/home/bxi_nx/ws_livox/install/communication LD_LIBRARY_PATH=/home/bxi_nx/ht_ws/install/realsense2_camera_msgs/lib:/home/bxi_nx/ht_ws/install/vikit_ros/lib:/home/bxi_nx/ht_ws/install/vikit_common/lib:/home/bxi_nx/ht_ws/install/realsense2_camera/lib:/home/bxi_nx/ht_ws/install/livox_sdk2/lib:/home/bxi_nx/ws_livox/install/livox_ros_driver2/lib:/home/bxi_nx/ws_livox/install/interface/lib:/home/bxi_nx/ws_livox/install/communication/lib:/opt/ros/humble/opt/rviz_ogre_vendor/lib:/opt/ros/humble/lib/aarch64-linux-gnu:/opt/ros/humble/lib:/home/bxi_nx/gtsam/build/gtsam/libgtsam.so.4:/usr/local/cuda-12.6/lib64 /usr/bin/cmake --install /home/bxi_nx/ht_ws/build/realsense2_camera
[71.345s] Level 1:colcon.colcon_core.environment:create_environment_scripts_only(realsense2_camera)
[71.346s] Level 1:colcon.colcon_core.environment:checking '/home/bxi_nx/ht_ws/install/realsense2_camera' for CMake module files
[71.346s] DEBUG:colcon.colcon_core.event_handler.log_command:Invoked command in '/home/bxi_nx/ht_ws/build/realsense2_camera' returned '0': CMAKE_PREFIX_PATH=/home/bxi_nx/ht_ws/install/realsense2_camera_msgs:/home/bxi_nx/ht_ws/install/vikit_ros:/opt/ros/humble:/home/bxi_nx/ht_ws/install/vikit_common:/home/bxi_nx/ht_ws/install/realsense2_description:/home/bxi_nx/ht_ws/install/realsense2_camera:/home/bxi_nx/ht_ws/install/fast_livo:/home/bxi_nx/ws_livox/install/localizer:/home/bxi_nx/ws_livox/install/fastlio2:/home/bxi_nx/ws_livox/install/livox_ros_driver2:/home/bxi_nx/ws_livox/install/interface:/home/bxi_nx/ws_livox/install/communication LD_LIBRARY_PATH=/home/bxi_nx/ht_ws/install/realsense2_camera_msgs/lib:/home/bxi_nx/ht_ws/install/vikit_ros/lib:/home/bxi_nx/ht_ws/install/vikit_common/lib:/home/bxi_nx/ht_ws/install/realsense2_camera/lib:/home/bxi_nx/ht_ws/install/livox_sdk2/lib:/home/bxi_nx/ws_livox/install/livox_ros_driver2/lib:/home/bxi_nx/ws_livox/install/interface/lib:/home/bxi_nx/ws_livox/install/communication/lib:/opt/ros/humble/opt/rviz_ogre_vendor/lib:/opt/ros/humble/lib/aarch64-linux-gnu:/opt/ros/humble/lib:/home/bxi_nx/gtsam/build/gtsam/libgtsam.so.4:/usr/local/cuda-12.6/lib64 /usr/bin/cmake --install /home/bxi_nx/ht_ws/build/realsense2_camera
[71.347s] Level 1:colcon.colcon_core.environment:checking '/home/bxi_nx/ht_ws/install/realsense2_camera' for CMake config files
[71.348s] Level 1:colcon.colcon_core.shell:create_environment_hook('realsense2_camera', 'cmake_prefix_path')
[71.349s] INFO:colcon.colcon_core.shell:Creating environment hook '/home/bxi_nx/ht_ws/install/realsense2_camera/share/realsense2_camera/hook/cmake_prefix_path.ps1'
[71.350s] INFO:colcon.colcon_core.shell:Creating environment descriptor '/home/bxi_nx/ht_ws/install/realsense2_camera/share/realsense2_camera/hook/cmake_prefix_path.dsv'
[71.350s] INFO:colcon.colcon_core.shell:Creating environment hook '/home/bxi_nx/ht_ws/install/realsense2_camera/share/realsense2_camera/hook/cmake_prefix_path.sh'
[71.352s] Level 1:colcon.colcon_core.environment:checking '/home/bxi_nx/ht_ws/install/realsense2_camera/lib'
[71.352s] Level 1:colcon.colcon_core.shell:create_environment_hook('realsense2_camera', 'ld_library_path_lib')
[71.352s] INFO:colcon.colcon_core.shell:Creating environment hook '/home/bxi_nx/ht_ws/install/realsense2_camera/share/realsense2_camera/hook/ld_library_path_lib.ps1'
[71.353s] INFO:colcon.colcon_core.shell:Creating environment descriptor '/home/bxi_nx/ht_ws/install/realsense2_camera/share/realsense2_camera/hook/ld_library_path_lib.dsv'
[71.354s] INFO:colcon.colcon_core.shell:Creating environment hook '/home/bxi_nx/ht_ws/install/realsense2_camera/share/realsense2_camera/hook/ld_library_path_lib.sh'
[71.354s] Level 1:colcon.colcon_core.environment:checking '/home/bxi_nx/ht_ws/install/realsense2_camera/bin'
[71.354s] Level 1:colcon.colcon_core.environment:checking '/home/bxi_nx/ht_ws/install/realsense2_camera/lib/pkgconfig/realsense2_camera.pc'
[71.355s] Level 1:colcon.colcon_core.environment:checking '/home/bxi_nx/ht_ws/install/realsense2_camera/lib/python3.10/site-packages'
[71.355s] Level 1:colcon.colcon_core.environment:checking '/home/bxi_nx/ht_ws/install/realsense2_camera/bin'
[71.356s] INFO:colcon.colcon_core.shell:Creating package script '/home/bxi_nx/ht_ws/install/realsense2_camera/share/realsense2_camera/package.ps1'
[71.357s] INFO:colcon.colcon_core.shell:Creating package descriptor '/home/bxi_nx/ht_ws/install/realsense2_camera/share/realsense2_camera/package.dsv'
[71.358s] INFO:colcon.colcon_core.shell:Creating package script '/home/bxi_nx/ht_ws/install/realsense2_camera/share/realsense2_camera/package.sh'
[71.358s] INFO:colcon.colcon_core.shell:Creating package script '/home/bxi_nx/ht_ws/install/realsense2_camera/share/realsense2_camera/package.bash'
[71.359s] INFO:colcon.colcon_core.shell:Creating package script '/home/bxi_nx/ht_ws/install/realsense2_camera/share/realsense2_camera/package.zsh'
[71.360s] Level 1:colcon.colcon_core.environment:create_file_with_runtime_dependencies(/home/bxi_nx/ht_ws/install/realsense2_camera/share/colcon-core/packages/realsense2_camera)
[71.361s] Level 1:colcon.colcon_core.environment:create_environment_scripts_only(realsense2_camera)
[71.361s] Level 1:colcon.colcon_core.environment:checking '/home/bxi_nx/ht_ws/install/realsense2_camera' for CMake module files
[71.362s] Level 1:colcon.colcon_core.environment:checking '/home/bxi_nx/ht_ws/install/realsense2_camera' for CMake config files
[71.363s] Level 1:colcon.colcon_core.shell:create_environment_hook('realsense2_camera', 'cmake_prefix_path')
[71.363s] INFO:colcon.colcon_core.shell:Creating environment hook '/home/bxi_nx/ht_ws/install/realsense2_camera/share/realsense2_camera/hook/cmake_prefix_path.ps1'
[71.364s] INFO:colcon.colcon_core.shell:Creating environment descriptor '/home/bxi_nx/ht_ws/install/realsense2_camera/share/realsense2_camera/hook/cmake_prefix_path.dsv'
[71.365s] INFO:colcon.colcon_core.shell:Creating environment hook '/home/bxi_nx/ht_ws/install/realsense2_camera/share/realsense2_camera/hook/cmake_prefix_path.sh'
[71.366s] Level 1:colcon.colcon_core.environment:checking '/home/bxi_nx/ht_ws/install/realsense2_camera/lib'
[71.366s] Level 1:colcon.colcon_core.shell:create_environment_hook('realsense2_camera', 'ld_library_path_lib')
[71.366s] INFO:colcon.colcon_core.shell:Creating environment hook '/home/bxi_nx/ht_ws/install/realsense2_camera/share/realsense2_camera/hook/ld_library_path_lib.ps1'
[71.367s] INFO:colcon.colcon_core.shell:Creating environment descriptor '/home/bxi_nx/ht_ws/install/realsense2_camera/share/realsense2_camera/hook/ld_library_path_lib.dsv'
[71.367s] INFO:colcon.colcon_core.shell:Creating environment hook '/home/bxi_nx/ht_ws/install/realsense2_camera/share/realsense2_camera/hook/ld_library_path_lib.sh'
[71.368s] Level 1:colcon.colcon_core.environment:checking '/home/bxi_nx/ht_ws/install/realsense2_camera/bin'
[71.368s] Level 1:colcon.colcon_core.environment:checking '/home/bxi_nx/ht_ws/install/realsense2_camera/lib/pkgconfig/realsense2_camera.pc'
[71.368s] Level 1:colcon.colcon_core.environment:checking '/home/bxi_nx/ht_ws/install/realsense2_camera/lib/python3.10/site-packages'
[71.369s] Level 1:colcon.colcon_core.environment:checking '/home/bxi_nx/ht_ws/install/realsense2_camera/bin'
[71.369s] INFO:colcon.colcon_core.shell:Creating package script '/home/bxi_nx/ht_ws/install/realsense2_camera/share/realsense2_camera/package.ps1'
[71.370s] INFO:colcon.colcon_core.shell:Creating package descriptor '/home/bxi_nx/ht_ws/install/realsense2_camera/share/realsense2_camera/package.dsv'
[71.371s] INFO:colcon.colcon_core.shell:Creating package script '/home/bxi_nx/ht_ws/install/realsense2_camera/share/realsense2_camera/package.sh'
[71.372s] INFO:colcon.colcon_core.shell:Creating package script '/home/bxi_nx/ht_ws/install/realsense2_camera/share/realsense2_camera/package.bash'
[71.373s] INFO:colcon.colcon_core.shell:Creating package script '/home/bxi_nx/ht_ws/install/realsense2_camera/share/realsense2_camera/package.zsh'
[71.373s] Level 1:colcon.colcon_core.environment:create_file_with_runtime_dependencies(/home/bxi_nx/ht_ws/install/realsense2_camera/share/colcon-core/packages/realsense2_camera)
[192.148s] DEBUG:colcon.colcon_core.event_handler.log_command:Invoked command in '/home/bxi_nx/ht_ws/build/fast_livo' returned '0': CMAKE_PREFIX_PATH=/home/bxi_nx/ht_ws/install/vikit_ros:/opt/ros/humble:/home/bxi_nx/ht_ws/install/vikit_common:/home/bxi_nx/ht_ws/install/realsense2_description:/home/bxi_nx/ht_ws/install/realsense2_camera:/home/bxi_nx/ht_ws/install/realsense2_camera_msgs:/home/bxi_nx/ht_ws/install/fast_livo:/home/bxi_nx/ws_livox/install/localizer:/home/bxi_nx/ws_livox/install/fastlio2:/home/bxi_nx/ws_livox/install/livox_ros_driver2:/home/bxi_nx/ws_livox/install/interface:/home/bxi_nx/ws_livox/install/communication LD_LIBRARY_PATH=/home/bxi_nx/ht_ws/install/vikit_ros/lib:/home/bxi_nx/ht_ws/install/vikit_common/lib:/home/bxi_nx/ht_ws/install/realsense2_camera/lib:/home/bxi_nx/ht_ws/install/realsense2_camera_msgs/lib:/home/bxi_nx/ht_ws/install/livox_sdk2/lib:/home/bxi_nx/ws_livox/install/livox_ros_driver2/lib:/home/bxi_nx/ws_livox/install/interface/lib:/home/bxi_nx/ws_livox/install/communication/lib:/opt/ros/humble/opt/rviz_ogre_vendor/lib:/opt/ros/humble/lib/aarch64-linux-gnu:/opt/ros/humble/lib:/home/bxi_nx/gtsam/build/gtsam/libgtsam.so.4:/usr/local/cuda-12.6/lib64 /usr/bin/cmake --build /home/bxi_nx/ht_ws/build/fast_livo -- -j8 -l8
[192.152s] DEBUG:colcon.colcon_core.event_handler.log_command:Invoking command in '/home/bxi_nx/ht_ws/build/fast_livo': CMAKE_PREFIX_PATH=/home/bxi_nx/ht_ws/install/vikit_ros:/opt/ros/humble:/home/bxi_nx/ht_ws/install/vikit_common:/home/bxi_nx/ht_ws/install/realsense2_description:/home/bxi_nx/ht_ws/install/realsense2_camera:/home/bxi_nx/ht_ws/install/realsense2_camera_msgs:/home/bxi_nx/ht_ws/install/fast_livo:/home/bxi_nx/ws_livox/install/localizer:/home/bxi_nx/ws_livox/install/fastlio2:/home/bxi_nx/ws_livox/install/livox_ros_driver2:/home/bxi_nx/ws_livox/install/interface:/home/bxi_nx/ws_livox/install/communication LD_LIBRARY_PATH=/home/bxi_nx/ht_ws/install/vikit_ros/lib:/home/bxi_nx/ht_ws/install/vikit_common/lib:/home/bxi_nx/ht_ws/install/realsense2_camera/lib:/home/bxi_nx/ht_ws/install/realsense2_camera_msgs/lib:/home/bxi_nx/ht_ws/install/livox_sdk2/lib:/home/bxi_nx/ws_livox/install/livox_ros_driver2/lib:/home/bxi_nx/ws_livox/install/interface/lib:/home/bxi_nx/ws_livox/install/communication/lib:/opt/ros/humble/opt/rviz_ogre_vendor/lib:/opt/ros/humble/lib/aarch64-linux-gnu:/opt/ros/humble/lib:/home/bxi_nx/gtsam/build/gtsam/libgtsam.so.4:/usr/local/cuda-12.6/lib64 /usr/bin/cmake --install /home/bxi_nx/ht_ws/build/fast_livo
[192.202s] Level 1:colcon.colcon_core.environment:create_environment_scripts_only(fast_livo)
[192.202s] Level 1:colcon.colcon_core.environment:checking '/home/bxi_nx/ht_ws/install/fast_livo' for CMake module files
[192.204s] DEBUG:colcon.colcon_core.event_handler.log_command:Invoked command in '/home/bxi_nx/ht_ws/build/fast_livo' returned '0': CMAKE_PREFIX_PATH=/home/bxi_nx/ht_ws/install/vikit_ros:/opt/ros/humble:/home/bxi_nx/ht_ws/install/vikit_common:/home/bxi_nx/ht_ws/install/realsense2_description:/home/bxi_nx/ht_ws/install/realsense2_camera:/home/bxi_nx/ht_ws/install/realsense2_camera_msgs:/home/bxi_nx/ht_ws/install/fast_livo:/home/bxi_nx/ws_livox/install/localizer:/home/bxi_nx/ws_livox/install/fastlio2:/home/bxi_nx/ws_livox/install/livox_ros_driver2:/home/bxi_nx/ws_livox/install/interface:/home/bxi_nx/ws_livox/install/communication LD_LIBRARY_PATH=/home/bxi_nx/ht_ws/install/vikit_ros/lib:/home/bxi_nx/ht_ws/install/vikit_common/lib:/home/bxi_nx/ht_ws/install/realsense2_camera/lib:/home/bxi_nx/ht_ws/install/realsense2_camera_msgs/lib:/home/bxi_nx/ht_ws/install/livox_sdk2/lib:/home/bxi_nx/ws_livox/install/livox_ros_driver2/lib:/home/bxi_nx/ws_livox/install/interface/lib:/home/bxi_nx/ws_livox/install/communication/lib:/opt/ros/humble/opt/rviz_ogre_vendor/lib:/opt/ros/humble/lib/aarch64-linux-gnu:/opt/ros/humble/lib:/home/bxi_nx/gtsam/build/gtsam/libgtsam.so.4:/usr/local/cuda-12.6/lib64 /usr/bin/cmake --install /home/bxi_nx/ht_ws/build/fast_livo
[192.206s] Level 1:colcon.colcon_core.environment:checking '/home/bxi_nx/ht_ws/install/fast_livo' for CMake config files
[192.208s] Level 1:colcon.colcon_core.shell:create_environment_hook('fast_livo', 'cmake_prefix_path')
[192.209s] INFO:colcon.colcon_core.shell:Creating environment hook '/home/bxi_nx/ht_ws/install/fast_livo/share/fast_livo/hook/cmake_prefix_path.ps1'
[192.211s] INFO:colcon.colcon_core.shell:Creating environment descriptor '/home/bxi_nx/ht_ws/install/fast_livo/share/fast_livo/hook/cmake_prefix_path.dsv'
[192.212s] INFO:colcon.colcon_core.shell:Creating environment hook '/home/bxi_nx/ht_ws/install/fast_livo/share/fast_livo/hook/cmake_prefix_path.sh'
[192.214s] Level 1:colcon.colcon_core.environment:checking '/home/bxi_nx/ht_ws/install/fast_livo/lib'
[192.215s] Level 1:colcon.colcon_core.environment:checking '/home/bxi_nx/ht_ws/install/fast_livo/bin'
[192.215s] Level 1:colcon.colcon_core.environment:checking '/home/bxi_nx/ht_ws/install/fast_livo/lib/pkgconfig/fast_livo.pc'
[192.216s] Level 1:colcon.colcon_core.environment:checking '/home/bxi_nx/ht_ws/install/fast_livo/lib/python3.10/site-packages'
[192.217s] Level 1:colcon.colcon_core.environment:checking '/home/bxi_nx/ht_ws/install/fast_livo/bin'
[192.219s] INFO:colcon.colcon_core.shell:Creating package script '/home/bxi_nx/ht_ws/install/fast_livo/share/fast_livo/package.ps1'
[192.221s] INFO:colcon.colcon_core.shell:Creating package descriptor '/home/bxi_nx/ht_ws/install/fast_livo/share/fast_livo/package.dsv'
[192.223s] INFO:colcon.colcon_core.shell:Creating package script '/home/bxi_nx/ht_ws/install/fast_livo/share/fast_livo/package.sh'
[192.224s] INFO:colcon.colcon_core.shell:Creating package script '/home/bxi_nx/ht_ws/install/fast_livo/share/fast_livo/package.bash'
[192.226s] INFO:colcon.colcon_core.shell:Creating package script '/home/bxi_nx/ht_ws/install/fast_livo/share/fast_livo/package.zsh'
[192.227s] Level 1:colcon.colcon_core.environment:create_file_with_runtime_dependencies(/home/bxi_nx/ht_ws/install/fast_livo/share/colcon-core/packages/fast_livo)
[192.229s] Level 1:colcon.colcon_core.environment:create_environment_scripts_only(fast_livo)
[192.230s] Level 1:colcon.colcon_core.environment:checking '/home/bxi_nx/ht_ws/install/fast_livo' for CMake module files
[192.232s] Level 1:colcon.colcon_core.environment:checking '/home/bxi_nx/ht_ws/install/fast_livo' for CMake config files
[192.234s] Level 1:colcon.colcon_core.shell:create_environment_hook('fast_livo', 'cmake_prefix_path')
[192.235s] INFO:colcon.colcon_core.shell:Creating environment hook '/home/bxi_nx/ht_ws/install/fast_livo/share/fast_livo/hook/cmake_prefix_path.ps1'
[192.236s] INFO:colcon.colcon_core.shell:Creating environment descriptor '/home/bxi_nx/ht_ws/install/fast_livo/share/fast_livo/hook/cmake_prefix_path.dsv'
[192.238s] INFO:colcon.colcon_core.shell:Creating environment hook '/home/bxi_nx/ht_ws/install/fast_livo/share/fast_livo/hook/cmake_prefix_path.sh'
[192.240s] Level 1:colcon.colcon_core.environment:checking '/home/bxi_nx/ht_ws/install/fast_livo/lib'
[192.240s] Level 1:colcon.colcon_core.environment:checking '/home/bxi_nx/ht_ws/install/fast_livo/bin'
[192.240s] Level 1:colcon.colcon_core.environment:checking '/home/bxi_nx/ht_ws/install/fast_livo/lib/pkgconfig/fast_livo.pc'
[192.241s] Level 1:colcon.colcon_core.environment:checking '/home/bxi_nx/ht_ws/install/fast_livo/lib/python3.10/site-packages'
[192.242s] Level 1:colcon.colcon_core.environment:checking '/home/bxi_nx/ht_ws/install/fast_livo/bin'
[192.243s] INFO:colcon.colcon_core.shell:Creating package script '/home/bxi_nx/ht_ws/install/fast_livo/share/fast_livo/package.ps1'
[192.244s] INFO:colcon.colcon_core.shell:Creating package descriptor '/home/bxi_nx/ht_ws/install/fast_livo/share/fast_livo/package.dsv'
[192.246s] INFO:colcon.colcon_core.shell:Creating package script '/home/bxi_nx/ht_ws/install/fast_livo/share/fast_livo/package.sh'
[192.247s] INFO:colcon.colcon_core.shell:Creating package script '/home/bxi_nx/ht_ws/install/fast_livo/share/fast_livo/package.bash'
[192.249s] INFO:colcon.colcon_core.shell:Creating package script '/home/bxi_nx/ht_ws/install/fast_livo/share/fast_livo/package.zsh'
[192.251s] Level 1:colcon.colcon_core.environment:create_file_with_runtime_dependencies(/home/bxi_nx/ht_ws/install/fast_livo/share/colcon-core/packages/fast_livo)
[192.252s] DEBUG:colcon.colcon_parallel_executor.executor.parallel:closing loop
[192.253s] DEBUG:colcon.colcon_parallel_executor.executor.parallel:loop closed
[192.253s] DEBUG:colcon.colcon_parallel_executor.executor.parallel:run_until_complete finished with '0'
[192.254s] DEBUG:colcon.colcon_core.event_reactor:joining thread
[192.277s] INFO:colcon.colcon_core.plugin_system:Skipping extension 'colcon_notification.desktop_notification.terminal_notifier': Not used on non-Darwin systems
[192.277s] INFO:colcon.colcon_core.plugin_system:Skipping extension 'colcon_notification.desktop_notification.win32': Not used on non-Windows systems
[192.277s] INFO:colcon.colcon_notification.desktop_notification:Sending desktop notification using 'notify2'
[192.341s] DEBUG:colcon.colcon_core.event_reactor:joined thread
[192.341s] INFO:colcon.colcon_core.shell:Creating prefix script '/home/bxi_nx/ht_ws/install/local_setup.ps1'
[192.344s] INFO:colcon.colcon_core.shell:Creating prefix util module '/home/bxi_nx/ht_ws/install/_local_setup_util_ps1.py'
[192.348s] INFO:colcon.colcon_core.shell:Creating prefix chain script '/home/bxi_nx/ht_ws/install/setup.ps1'
[192.353s] INFO:colcon.colcon_core.shell:Creating prefix script '/home/bxi_nx/ht_ws/install/local_setup.sh'
[192.355s] INFO:colcon.colcon_core.shell:Creating prefix util module '/home/bxi_nx/ht_ws/install/_local_setup_util_sh.py'
[192.357s] INFO:colcon.colcon_core.shell:Creating prefix chain script '/home/bxi_nx/ht_ws/install/setup.sh'
[192.361s] INFO:colcon.colcon_core.shell:Creating prefix script '/home/bxi_nx/ht_ws/install/local_setup.bash'
[192.363s] INFO:colcon.colcon_core.shell:Creating prefix chain script '/home/bxi_nx/ht_ws/install/setup.bash'
[192.366s] INFO:colcon.colcon_core.shell:Creating prefix script '/home/bxi_nx/ht_ws/install/local_setup.zsh'
[192.368s] INFO:colcon.colcon_core.shell:Creating prefix chain script '/home/bxi_nx/ht_ws/install/setup.zsh'
