[0.009s] Invoking command in '/home/ht/ht_ws/build/realsense2_rviz_plugin': AMENT_PREFIX_PATH=/home/ht/ht_ws/install/realsense2_camera_msgs:${AMENT_PREFIX_PATH} CMAKE_PREFIX_PATH=/home/ht/ht_ws/install/realsense2_camera_msgs:/opt/ros/humble LD_LIBRARY_PATH=/home/ht/ht_ws/install/realsense2_camera_msgs/lib:${LD_LIBRARY_PATH} PYTHONPATH=/home/ht/ht_ws/install/realsense2_camera_msgs/local/lib/python3.10/dist-packages:${PYTHONPATH} /usr/bin/cmake /home/ht/ht_ws/src/realsense-ros/realsense2_rgbd_plugin -DAMENT_CMAKE_SYMLINK_INSTALL=1 -DCMAKE_INSTALL_PREFIX=/home/ht/ht_ws/install/realsense2_rviz_plugin
[0.058s] -- The C compiler identification is GNU 11.4.0
[0.113s] -- The CXX compiler identification is GNU 11.4.0
[0.119s] -- Detecting C compiler ABI info
[0.187s] -- Detecting C compiler ABI info - done
[0.195s] -- Check for working C compiler: /usr/bin/cc - skipped
[0.195s] -- Detecting C compile features
[0.196s] -- Detecting C compile features - done
[0.199s] -- Detecting CXX compiler ABI info
[0.287s] -- Detecting CXX compiler ABI info - done
[0.295s] -- Check for working CXX compiler: /usr/bin/c++ - skipped
[0.295s] -- Detecting CXX compile features
[0.296s] -- Detecting CXX compile features - done
[0.298s] -- Found ament_cmake: 1.3.12 (/opt/ros/humble/share/ament_cmake/cmake)
[0.450s] -- Found Python3: /usr/bin/python3 (found version "3.10.12") found components: Interpreter 
[0.521s] -- Override CMake install command with custom implementation using symlinks instead of copying resources
[0.540s] -- RVIZ_RGBD_PLUGIN is DISABLED: Plugin will not be built.
[0.624s] -- Configuring done
[0.626s] -- Generating done
[0.628s] -- Build files have been written to: /home/ht/ht_ws/build/realsense2_rviz_plugin
[0.634s] Invoked command in '/home/ht/ht_ws/build/realsense2_rviz_plugin' returned '0': AMENT_PREFIX_PATH=/home/ht/ht_ws/install/realsense2_camera_msgs:${AMENT_PREFIX_PATH} CMAKE_PREFIX_PATH=/home/ht/ht_ws/install/realsense2_camera_msgs:/opt/ros/humble LD_LIBRARY_PATH=/home/ht/ht_ws/install/realsense2_camera_msgs/lib:${LD_LIBRARY_PATH} PYTHONPATH=/home/ht/ht_ws/install/realsense2_camera_msgs/local/lib/python3.10/dist-packages:${PYTHONPATH} /usr/bin/cmake /home/ht/ht_ws/src/realsense-ros/realsense2_rgbd_plugin -DAMENT_CMAKE_SYMLINK_INSTALL=1 -DCMAKE_INSTALL_PREFIX=/home/ht/ht_ws/install/realsense2_rviz_plugin
[0.636s] Invoking command in '/home/ht/ht_ws/build/realsense2_rviz_plugin': AMENT_PREFIX_PATH=/home/ht/ht_ws/install/realsense2_camera_msgs:${AMENT_PREFIX_PATH} CMAKE_PREFIX_PATH=/home/ht/ht_ws/install/realsense2_camera_msgs:/opt/ros/humble LD_LIBRARY_PATH=/home/ht/ht_ws/install/realsense2_camera_msgs/lib:${LD_LIBRARY_PATH} PYTHONPATH=/home/ht/ht_ws/install/realsense2_camera_msgs/local/lib/python3.10/dist-packages:${PYTHONPATH} /usr/bin/cmake --build /home/ht/ht_ws/build/realsense2_rviz_plugin -- -j16 -l16
[0.672s] Invoked command in '/home/ht/ht_ws/build/realsense2_rviz_plugin' returned '0': AMENT_PREFIX_PATH=/home/ht/ht_ws/install/realsense2_camera_msgs:${AMENT_PREFIX_PATH} CMAKE_PREFIX_PATH=/home/ht/ht_ws/install/realsense2_camera_msgs:/opt/ros/humble LD_LIBRARY_PATH=/home/ht/ht_ws/install/realsense2_camera_msgs/lib:${LD_LIBRARY_PATH} PYTHONPATH=/home/ht/ht_ws/install/realsense2_camera_msgs/local/lib/python3.10/dist-packages:${PYTHONPATH} /usr/bin/cmake --build /home/ht/ht_ws/build/realsense2_rviz_plugin -- -j16 -l16
[0.673s] Invoking command in '/home/ht/ht_ws/build/realsense2_rviz_plugin': AMENT_PREFIX_PATH=/home/ht/ht_ws/install/realsense2_camera_msgs:${AMENT_PREFIX_PATH} CMAKE_PREFIX_PATH=/home/ht/ht_ws/install/realsense2_camera_msgs:/opt/ros/humble LD_LIBRARY_PATH=/home/ht/ht_ws/install/realsense2_camera_msgs/lib:${LD_LIBRARY_PATH} PYTHONPATH=/home/ht/ht_ws/install/realsense2_camera_msgs/local/lib/python3.10/dist-packages:${PYTHONPATH} /usr/bin/cmake --install /home/ht/ht_ws/build/realsense2_rviz_plugin
[0.680s] -- Install configuration: ""
[0.680s] -- Execute custom install script
[0.680s] -- Symlinking: /home/ht/ht_ws/install/realsense2_rviz_plugin/share/realsense2_rviz_plugin/config/rviz_rgbd_plugin_settings.yaml
[0.688s] -- Symlinking: /home/ht/ht_ws/install/realsense2_rviz_plugin/share/ament_index/resource_index/package_run_dependencies/realsense2_rviz_plugin
[0.696s] -- Symlinking: /home/ht/ht_ws/install/realsense2_rviz_plugin/share/ament_index/resource_index/parent_prefix_path/realsense2_rviz_plugin
[0.705s] -- Symlinking: /home/ht/ht_ws/install/realsense2_rviz_plugin/share/realsense2_rviz_plugin/environment/ament_prefix_path.sh
[0.715s] -- Symlinking: /home/ht/ht_ws/install/realsense2_rviz_plugin/share/realsense2_rviz_plugin/environment/ament_prefix_path.dsv
[0.724s] -- Symlinking: /home/ht/ht_ws/install/realsense2_rviz_plugin/share/realsense2_rviz_plugin/environment/path.sh
[0.733s] -- Symlinking: /home/ht/ht_ws/install/realsense2_rviz_plugin/share/realsense2_rviz_plugin/environment/path.dsv
[0.742s] -- Symlinking: /home/ht/ht_ws/install/realsense2_rviz_plugin/share/realsense2_rviz_plugin/local_setup.bash
[0.751s] -- Symlinking: /home/ht/ht_ws/install/realsense2_rviz_plugin/share/realsense2_rviz_plugin/local_setup.sh
[0.761s] -- Symlinking: /home/ht/ht_ws/install/realsense2_rviz_plugin/share/realsense2_rviz_plugin/local_setup.zsh
[0.771s] -- Symlinking: /home/ht/ht_ws/install/realsense2_rviz_plugin/share/realsense2_rviz_plugin/local_setup.dsv
[0.780s] -- Symlinking: /home/ht/ht_ws/install/realsense2_rviz_plugin/share/realsense2_rviz_plugin/package.dsv
[0.790s] -- Symlinking: /home/ht/ht_ws/install/realsense2_rviz_plugin/share/ament_index/resource_index/packages/realsense2_rviz_plugin
[0.799s] -- Symlinking: /home/ht/ht_ws/install/realsense2_rviz_plugin/share/realsense2_rviz_plugin/cmake/realsense2_rviz_pluginConfig.cmake
[0.808s] -- Symlinking: /home/ht/ht_ws/install/realsense2_rviz_plugin/share/realsense2_rviz_plugin/cmake/realsense2_rviz_pluginConfig-version.cmake
[0.817s] -- Symlinking: /home/ht/ht_ws/install/realsense2_rviz_plugin/share/realsense2_rviz_plugin/package.xml
[0.829s] Invoked command in '/home/ht/ht_ws/build/realsense2_rviz_plugin' returned '0': AMENT_PREFIX_PATH=/home/ht/ht_ws/install/realsense2_camera_msgs:${AMENT_PREFIX_PATH} CMAKE_PREFIX_PATH=/home/ht/ht_ws/install/realsense2_camera_msgs:/opt/ros/humble LD_LIBRARY_PATH=/home/ht/ht_ws/install/realsense2_camera_msgs/lib:${LD_LIBRARY_PATH} PYTHONPATH=/home/ht/ht_ws/install/realsense2_camera_msgs/local/lib/python3.10/dist-packages:${PYTHONPATH} /usr/bin/cmake --install /home/ht/ht_ws/build/realsense2_rviz_plugin
