[0.005s] Invoking command in '/home/ht/ht_ws/build/livox_ros_driver2': /usr/bin/cmake /home/ht/ht_ws/src/livox_ros_driver2 -DCMAKE_INSTALL_PREFIX=/home/ht/ht_ws/install/livox_ros_driver2
[0.039s] -- The C compiler identification is GNU 11.4.0
[0.072s] -- The CXX compiler identification is GNU 11.4.0
[0.076s] -- Detecting C compiler ABI info
[0.128s] -- Detecting C compiler ABI info - done
[0.132s] -- Check for working C compiler: /usr/bin/cc - skipped
[0.132s] -- Detecting C compile features
[0.132s] -- Detecting C compile features - done
[0.134s] -- Detecting CXX compiler ABI info
[0.179s] -- Detecting CXX compiler ABI info - done
[0.183s] -- Check for working CXX compiler: /usr/bin/c++ - skipped
[0.183s] -- Detecting CXX compile features
[0.184s] -- Detecting CXX compile features - done
[0.184s] -- livox_ros_driver2 version: 1.2.4
[0.185s] -- Found ament_cmake_auto: 1.3.12 (/opt/ros/humble/share/ament_cmake_auto/cmake)
[0.282s] -- Found Python3: /usr/bin/python3 (found version "3.10.12") found components: Interpreter 
[0.331s] [0mCMake Error: File /home/ht/ht_ws/src/livox_ros_driver2/package.xml does not exist.[0m
[0.331s] [31mCMake Error at /opt/ros/humble/share/ament_cmake_core/cmake/core/stamp.cmake:24 (configure_file):
[0.331s]   configure_file Problem configuring file
[0.331s] Call Stack (most recent call first):
[0.331s]   /opt/ros/humble/share/ament_cmake_core/cmake/core/ament_package_xml.cmake:73 (stamp)
[0.331s]   /opt/ros/humble/share/ament_cmake_core/cmake/core/ament_package_xml.cmake:49 (_ament_package_xml)
[0.331s]   /opt/ros/humble/share/ament_cmake_auto/cmake/ament_auto_find_build_dependencies.cmake:42 (ament_package_xml)
[0.331s]   CMakeLists.txt:225 (ament_auto_find_build_dependencies)
[0.331s] 
[0.331s] [0m
[0.341s] -- Checking for module 'eigen3'
[0.351s] --   Found eigen3, version 3.4.0
[0.406s] -- Found Eigen: /usr/include/eigen3 (Required is at least version "3.1") 
[0.406s] -- Eigen found (include: /usr/include/eigen3, version: 3.4.0)
[0.424s] -- Found Boost: /usr/lib/x86_64-linux-gnu/cmake/Boost-1.74.0/BoostConfig.cmake (found suitable version "1.74.0", minimum required is "1.65.0") found components: system filesystem date_time iostreams serialization 
[0.433s] -- Checking for module 'flann'
[0.442s] --   Found flann, version 1.9.1
[0.523s] -- Found FLANN: /usr/lib/x86_64-linux-gnu/libflann_cpp.so  
[0.523s] -- FLANN found (include: /usr/include, lib: /usr/lib/x86_64-linux-gnu/libflann_cpp.so)
[0.544s] -- Looking for pthread.h
[0.623s] -- Looking for pthread.h - found
[0.623s] -- Performing Test CMAKE_HAVE_LIBC_PTHREAD
[0.706s] -- Performing Test CMAKE_HAVE_LIBC_PTHREAD - Success
[0.708s] -- Found Threads: TRUE  
[0.711s] -- Found GLEW: /usr/lib/x86_64-linux-gnu/libGLEW.so  
[0.720s] -- Found OpenGL: /usr/lib/x86_64-linux-gnu/libOpenGL.so  found components: OpenGL GLX 
[0.833s] -- Found MPI_C: /usr/lib/x86_64-linux-gnu/libmpi.so (found version "3.1") 
[0.833s] -- Found MPI: TRUE (found version "3.1") found components: C 
[0.834s] -- Found JsonCpp: /usr/lib/x86_64-linux-gnu/libjsoncpp.so (found suitable version "1.9.5", minimum required is "0.7.0") 
[0.838s] -- Found ZLIB: /usr/lib/x86_64-linux-gnu/libz.so (found version "1.2.11") 
[0.847s] -- Found PNG: /usr/lib/x86_64-linux-gnu/libpng.so (found version "1.6.37") 
[0.853s] -- Found Eigen3: /usr/include/eigen3 (found version "3.4.0") 
[0.931s] -- Found X11: /usr/include   
[0.931s] -- Looking for XOpenDisplay in /usr/lib/x86_64-linux-gnu/libX11.so;/usr/lib/x86_64-linux-gnu/libXext.so
[1.042s] -- Looking for XOpenDisplay in /usr/lib/x86_64-linux-gnu/libX11.so;/usr/lib/x86_64-linux-gnu/libXext.so - found
[1.042s] -- Looking for gethostbyname
[1.125s] -- Looking for gethostbyname - found
[1.125s] -- Looking for connect
[1.174s] -- Looking for connect - found
[1.174s] -- Looking for remove
[1.269s] -- Looking for remove - found
[1.269s] -- Looking for shmat
[1.357s] -- Looking for shmat - found
[1.357s] -- Looking for IceConnectionNumber in ICE
[1.438s] -- Looking for IceConnectionNumber in ICE - found
[1.530s] -- Found EXPAT: /usr/lib/x86_64-linux-gnu/libexpat.so (found version "2.4.7") 
[1.533s] -- Found double-conversion: /usr/lib/x86_64-linux-gnu/libdouble-conversion.so  
[1.536s] -- Found LZ4: /usr/lib/x86_64-linux-gnu/liblz4.so (found version "1.9.3") 
[1.538s] -- Found LZMA: /usr/lib/x86_64-linux-gnu/liblzma.so (found version "5.2.5") 
[1.545s] -- Found JPEG: /usr/lib/x86_64-linux-gnu/libjpeg.so (found version "80") 
[1.548s] -- Found TIFF: /usr/lib/x86_64-linux-gnu/libtiff.so (found version "4.3.0")  
[1.550s] -- Found Freetype: /usr/lib/x86_64-linux-gnu/libfreetype.so (found version "2.11.1") 
[1.553s] -- Found utf8cpp: /usr/include/utf8cpp  
[1.638s] -- Checking for module 'libusb-1.0'
[1.672s] --   Found libusb-1.0, version 1.0.25
[1.755s] -- Found libusb: /usr/lib/x86_64-linux-gnu/libusb-1.0.so  
[1.758s] -- Found OpenNI: /usr/lib/libOpenNI.so;libusb::libusb (found version "1.5.4.0") 
[1.758s] -- OpenNI found (version: 1.5.4.0, include: /usr/include/ni, lib: /usr/lib/libOpenNI.so;libusb::libusb)
[1.858s] -- Found OpenNI2: /usr/lib/x86_64-linux-gnu/libOpenNI2.so;libusb::libusb (found version "2.2.0.33") 
[1.858s] -- OpenNI2 found (version: 2.2.0.33, include: /usr/include/openni2, lib: /usr/lib/x86_64-linux-gnu/libOpenNI2.so;libusb::libusb)
[1.858s] [0m** WARNING ** io features related to pcap will be disabled[0m
[1.952s] -- Eigen found (include: /usr/include/eigen3, version: 3.4.0)
[1.957s] -- OpenNI found (version: 1.5.4.0, include: /usr/include/ni, lib: /usr/lib/libOpenNI.so;libusb::libusb)
[1.961s] -- OpenNI2 found (version: 2.2.0.33, include: /usr/include/openni2, lib: /usr/lib/x86_64-linux-gnu/libOpenNI2.so;libusb::libusb)
[2.039s] -- Found Qhull version 8.0.2
[2.123s] -- OpenNI found (version: 1.5.4.0, include: /usr/include/ni, lib: /usr/lib/libOpenNI.so;libusb::libusb)
[2.209s] -- looking for PCL_COMMON
[2.210s] -- Found PCL_COMMON: /usr/lib/x86_64-linux-gnu/libpcl_common.so  
[2.210s] -- looking for PCL_KDTREE
[2.210s] -- Found PCL_KDTREE: /usr/lib/x86_64-linux-gnu/libpcl_kdtree.so  
[2.210s] -- looking for PCL_OCTREE
[2.211s] -- Found PCL_OCTREE: /usr/lib/x86_64-linux-gnu/libpcl_octree.so  
[2.211s] -- looking for PCL_SEARCH
[2.211s] -- Found PCL_SEARCH: /usr/lib/x86_64-linux-gnu/libpcl_search.so  
[2.211s] -- looking for PCL_SAMPLE_CONSENSUS
[2.212s] -- Found PCL_SAMPLE_CONSENSUS: /usr/lib/x86_64-linux-gnu/libpcl_sample_consensus.so  
[2.212s] -- looking for PCL_FILTERS
[2.212s] -- Found PCL_FILTERS: /usr/lib/x86_64-linux-gnu/libpcl_filters.so  
[2.212s] -- looking for PCL_2D
[2.212s] -- Found PCL_2D: /usr/include/pcl-1.12  
[2.212s] -- looking for PCL_GEOMETRY
[2.212s] -- Found PCL_GEOMETRY: /usr/include/pcl-1.12  
[2.212s] -- looking for PCL_IO
[2.213s] -- Found PCL_IO: /usr/lib/x86_64-linux-gnu/libpcl_io.so  
[2.213s] -- looking for PCL_FEATURES
[2.213s] -- Found PCL_FEATURES: /usr/lib/x86_64-linux-gnu/libpcl_features.so  
[2.213s] -- looking for PCL_ML
[2.214s] -- Found PCL_ML: /usr/lib/x86_64-linux-gnu/libpcl_ml.so  
[2.214s] -- looking for PCL_SEGMENTATION
[2.214s] -- Found PCL_SEGMENTATION: /usr/lib/x86_64-linux-gnu/libpcl_segmentation.so  
[2.214s] -- looking for PCL_VISUALIZATION
[2.215s] -- Found PCL_VISUALIZATION: /usr/lib/x86_64-linux-gnu/libpcl_visualization.so  
[2.215s] -- looking for PCL_SURFACE
[2.215s] -- Found PCL_SURFACE: /usr/lib/x86_64-linux-gnu/libpcl_surface.so  
[2.215s] -- looking for PCL_REGISTRATION
[2.216s] -- Found PCL_REGISTRATION: /usr/lib/x86_64-linux-gnu/libpcl_registration.so  
[2.216s] -- looking for PCL_KEYPOINTS
[2.216s] -- Found PCL_KEYPOINTS: /usr/lib/x86_64-linux-gnu/libpcl_keypoints.so  
[2.217s] -- looking for PCL_TRACKING
[2.217s] -- Found PCL_TRACKING: /usr/lib/x86_64-linux-gnu/libpcl_tracking.so  
[2.217s] -- looking for PCL_RECOGNITION
[2.217s] -- Found PCL_RECOGNITION: /usr/lib/x86_64-linux-gnu/libpcl_recognition.so  
[2.217s] -- looking for PCL_STEREO
[2.218s] -- Found PCL_STEREO: /usr/lib/x86_64-linux-gnu/libpcl_stereo.so  
[2.218s] -- looking for PCL_APPS
[2.218s] -- Found PCL_APPS: /usr/lib/x86_64-linux-gnu/libpcl_apps.so  
[2.219s] -- looking for PCL_IN_HAND_SCANNER
[2.219s] -- Found PCL_IN_HAND_SCANNER: /usr/include/pcl-1.12  
[2.219s] -- looking for PCL_MODELER
[2.219s] -- Found PCL_MODELER: /usr/include/pcl-1.12  
[2.219s] -- looking for PCL_POINT_CLOUD_EDITOR
[2.219s] -- Found PCL_POINT_CLOUD_EDITOR: /usr/include/pcl-1.12  
[2.219s] -- looking for PCL_OUTOFCORE
[2.220s] -- Found PCL_OUTOFCORE: /usr/lib/x86_64-linux-gnu/libpcl_outofcore.so  
[2.220s] -- looking for PCL_PEOPLE
[2.220s] -- Found PCL_PEOPLE: /usr/lib/x86_64-linux-gnu/libpcl_people.so  
[2.221s] -- Found PCL: pcl_common;pcl_kdtree;pcl_octree;pcl_search;pcl_sample_consensus;pcl_filters;pcl_io;pcl_features;pcl_ml;pcl_segmentation;pcl_visualization;pcl_surface;pcl_registration;pcl_keypoints;pcl_tracking;pcl_recognition;pcl_stereo;pcl_apps;pcl_outofcore;pcl_people;Boost::system;Boost::filesystem;Boost::date_time;Boost::iostreams;Boost::serialization;/usr/lib/libOpenNI.so;libusb::libusb;/usr/lib/x86_64-linux-gnu/libOpenNI2.so;libusb::libusb;VTK::ChartsCore;VTK::CommonColor;VTK::CommonComputationalGeometry;VTK::CommonCore;VTK::CommonDataModel;VTK::CommonExecutionModel;VTK::CommonMath;VTK::CommonMisc;VTK::CommonTransforms;VTK::FiltersCore;VTK::FiltersExtraction;VTK::FiltersGeneral;VTK::FiltersGeometry;VTK::FiltersModeling;VTK::FiltersSources;VTK::ImagingCore;VTK::ImagingSources;VTK::InteractionImage;VTK::InteractionStyle;VTK::InteractionWidgets;VTK::IOCore;VTK::IOGeometry;VTK::IOImage;VTK::IOLegacy;VTK::IOPLY;VTK::RenderingAnnotation;VTK::RenderingCore;VTK::RenderingContext2D;VTK::RenderingLOD;VTK::RenderingFreeType;VTK::ViewsCore;VTK::ViewsContext2D;VTK::RenderingOpenGL2;VTK::GUISupportQt;FLANN::FLANN;QHULL::QHULL  
[2.221s] -- Found std_msgs: 4.9.0 (/opt/ros/humble/share/std_msgs/cmake)
[2.234s] -- Found rosidl_generator_c: 3.1.8 (/opt/ros/humble/share/rosidl_generator_c/cmake)
[2.237s] -- Found rosidl_adapter: 3.1.8 (/opt/ros/humble/share/rosidl_adapter/cmake)
[2.241s] -- Found rosidl_generator_cpp: 3.1.8 (/opt/ros/humble/share/rosidl_generator_cpp/cmake)
[2.247s] -- Using all available rosidl_typesupport_c: rosidl_typesupport_fastrtps_c;rosidl_typesupport_introspection_c
[2.255s] -- Using all available rosidl_typesupport_cpp: rosidl_typesupport_fastrtps_cpp;rosidl_typesupport_introspection_cpp
[2.268s] -- Found rosidl_default_generators: 1.2.0 (/opt/ros/humble/share/rosidl_default_generators/cmake)
[2.275s] -- Found PkgConfig: /usr/bin/pkg-config (found version "0.29.2") 
[2.276s] -- Checking for module 'apr-1'
[2.277s] --   No package 'apr-1' found
[2.358s] [0mCMake Error: File /home/ht/ht_ws/src/livox_ros_driver2/package.xml does not exist.[0m
[2.358s] [31mCMake Error at /opt/ros/humble/share/ament_cmake_core/cmake/core/stamp.cmake:24 (configure_file):
[2.358s]   configure_file Problem configuring file
[2.358s] Call Stack (most recent call first):
[2.358s]   /opt/ros/humble/share/ament_cmake_core/cmake/core/ament_package_xml.cmake:73 (stamp)
[2.359s]   /opt/ros/humble/share/ament_cmake_core/cmake/core/ament_package_xml.cmake:49 (_ament_package_xml)
[2.359s]   /opt/ros/humble/share/rosidl_cmake/cmake/rosidl_generate_interfaces.cmake:226 (ament_package_xml)
[2.359s]   CMakeLists.txt:241 (rosidl_generate_interfaces)
[2.359s] 
[2.359s] [0m
[2.359s] [31mCMake Error at /opt/ros/humble/share/rosidl_cmake/cmake/rosidl_generate_interfaces.cmake:229 (message):
[2.359s]   Packages installing interfaces must include
[2.359s]   '<member_of_group>rosidl_interface_packages</member_of_group>' in their
[2.359s]   package.xml
[2.359s] Call Stack (most recent call first):
[2.359s]   CMakeLists.txt:241 (rosidl_generate_interfaces)
[2.359s] 
[2.359s] [0m
[2.359s] -- Configuring incomplete, errors occurred!
[2.359s] See also "/home/ht/ht_ws/build/livox_ros_driver2/CMakeFiles/CMakeOutput.log".
[2.368s] Invoked command in '/home/ht/ht_ws/build/livox_ros_driver2' returned '1': /usr/bin/cmake /home/ht/ht_ws/src/livox_ros_driver2 -DCMAKE_INSTALL_PREFIX=/home/ht/ht_ws/install/livox_ros_driver2
