[0.121s] Invoking command in '/home/bxi_nx/ht_ws/build/realsense2_camera_msgs': CMAKE_PREFIX_PATH=/home/bxi_nx/ht_ws/install/vikit_ros:/home/bxi_nx/ht_ws/install/my_nav2_bringup:/opt/ros/humble:/home/bxi_nx/ht_ws/install/vikit_common:/home/bxi_nx/ht_ws/install/realsense2_description:/home/bxi_nx/ht_ws/install/realsense2_camera:/home/bxi_nx/ht_ws/install/realsense2_camera_msgs:/home/bxi_nx/ht_ws/install/octomap_server2:/home/bxi_nx/ht_ws/install/ht_package:/home/bxi_nx/ht_ws/install/fishbot_navigation2:/home/bxi_nx/ht_ws/install/fast_livo:/home/bxi_nx/ws_livox/install/localizer:/home/bxi_nx/ws_livox/install/fastlio2:/home/bxi_nx/ws_livox/install/livox_ros_driver2:/home/bxi_nx/ws_livox/install/interface:/home/bxi_nx/ws_livox/install/communication /usr/bin/cmake --build /home/bxi_nx/ht_ws/build/realsense2_camera_msgs -- -j8 -l8
[0.991s] [  1%] Built target realsense2_camera_msgs__cpp
[0.991s] [  1%] Built target ament_cmake_python_symlink_realsense2_camera_msgs
[0.992s] [ 12%] Built target realsense2_camera_msgs__rosidl_typesupport_introspection_cpp
[1.363s] running egg_info
[1.367s] writing realsense2_camera_msgs.egg-info/PKG-INFO
[1.369s] writing dependency_links to realsense2_camera_msgs.egg-info/dependency_links.txt
[1.371s] writing top-level names to realsense2_camera_msgs.egg-info/top_level.txt
[1.378s] reading manifest file 'realsense2_camera_msgs.egg-info/SOURCES.txt'
[1.380s] writing manifest file 'realsense2_camera_msgs.egg-info/SOURCES.txt'
[1.511s] [ 12%] Built target ament_cmake_python_build_realsense2_camera_msgs_egg
[1.600s] [ 23%] Built target realsense2_camera_msgs__rosidl_typesupport_fastrtps_cpp
[1.699s] [ 34%] Built target realsense2_camera_msgs__rosidl_typesupport_cpp
[1.787s] [ 45%] Built target realsense2_camera_msgs__rosidl_generator_c
[1.879s] [ 56%] Built target realsense2_camera_msgs__rosidl_typesupport_fastrtps_c
[1.954s] [ 67%] Built target realsense2_camera_msgs__rosidl_typesupport_c
[2.047s] [ 78%] Built target realsense2_camera_msgs__rosidl_typesupport_introspection_c
[2.121s] [ 78%] Built target realsense2_camera_msgs
[2.182s] [ 80%] Built target realsense2_camera_msgs__py
[2.262s] [ 89%] Built target realsense2_camera_msgs__rosidl_generator_py
[2.326s] [ 92%] Built target realsense2_camera_msgs__rosidl_typesupport_fastrtps_c__pyext
[2.431s] [ 96%] Built target realsense2_camera_msgs__rosidl_typesupport_c__pyext
[2.549s] [100%] Built target realsense2_camera_msgs__rosidl_typesupport_introspection_c__pyext
[2.617s] Invoked command in '/home/bxi_nx/ht_ws/build/realsense2_camera_msgs' returned '0': CMAKE_PREFIX_PATH=/home/bxi_nx/ht_ws/install/vikit_ros:/home/bxi_nx/ht_ws/install/my_nav2_bringup:/opt/ros/humble:/home/bxi_nx/ht_ws/install/vikit_common:/home/bxi_nx/ht_ws/install/realsense2_description:/home/bxi_nx/ht_ws/install/realsense2_camera:/home/bxi_nx/ht_ws/install/realsense2_camera_msgs:/home/bxi_nx/ht_ws/install/octomap_server2:/home/bxi_nx/ht_ws/install/ht_package:/home/bxi_nx/ht_ws/install/fishbot_navigation2:/home/bxi_nx/ht_ws/install/fast_livo:/home/bxi_nx/ws_livox/install/localizer:/home/bxi_nx/ws_livox/install/fastlio2:/home/bxi_nx/ws_livox/install/livox_ros_driver2:/home/bxi_nx/ws_livox/install/interface:/home/bxi_nx/ws_livox/install/communication /usr/bin/cmake --build /home/bxi_nx/ht_ws/build/realsense2_camera_msgs -- -j8 -l8
[2.618s] Invoking command in '/home/bxi_nx/ht_ws/build/realsense2_camera_msgs': CMAKE_PREFIX_PATH=/home/bxi_nx/ht_ws/install/vikit_ros:/home/bxi_nx/ht_ws/install/my_nav2_bringup:/opt/ros/humble:/home/bxi_nx/ht_ws/install/vikit_common:/home/bxi_nx/ht_ws/install/realsense2_description:/home/bxi_nx/ht_ws/install/realsense2_camera:/home/bxi_nx/ht_ws/install/realsense2_camera_msgs:/home/bxi_nx/ht_ws/install/octomap_server2:/home/bxi_nx/ht_ws/install/ht_package:/home/bxi_nx/ht_ws/install/fishbot_navigation2:/home/bxi_nx/ht_ws/install/fast_livo:/home/bxi_nx/ws_livox/install/localizer:/home/bxi_nx/ws_livox/install/fastlio2:/home/bxi_nx/ws_livox/install/livox_ros_driver2:/home/bxi_nx/ws_livox/install/interface:/home/bxi_nx/ws_livox/install/communication /usr/bin/cmake --install /home/bxi_nx/ht_ws/build/realsense2_camera_msgs
[2.657s] -- Install configuration: ""
[2.658s] -- Execute custom install script
[2.659s] -- Up-to-date symlink: /home/bxi_nx/ht_ws/install/realsense2_camera_msgs/share/ament_index/resource_index/rosidl_interfaces/realsense2_camera_msgs
[2.663s] -- Up-to-date symlink: /home/bxi_nx/ht_ws/install/realsense2_camera_msgs/include/realsense2_camera_msgs/realsense2_camera_msgs/msg/detail/extrinsics__functions.h
[2.663s] -- Up-to-date symlink: /home/bxi_nx/ht_ws/install/realsense2_camera_msgs/include/realsense2_camera_msgs/realsense2_camera_msgs/msg/detail/extrinsics__struct.h
[2.665s] -- Up-to-date symlink: /home/bxi_nx/ht_ws/install/realsense2_camera_msgs/include/realsense2_camera_msgs/realsense2_camera_msgs/msg/detail/extrinsics__type_support.h
[2.666s] -- Up-to-date symlink: /home/bxi_nx/ht_ws/install/realsense2_camera_msgs/include/realsense2_camera_msgs/realsense2_camera_msgs/msg/detail/imu_info__functions.h
[2.666s] -- Up-to-date symlink: /home/bxi_nx/ht_ws/install/realsense2_camera_msgs/include/realsense2_camera_msgs/realsense2_camera_msgs/msg/detail/imu_info__struct.h
[2.666s] -- Up-to-date symlink: /home/bxi_nx/ht_ws/install/realsense2_camera_msgs/include/realsense2_camera_msgs/realsense2_camera_msgs/msg/detail/imu_info__type_support.h
[2.666s] -- Up-to-date symlink: /home/bxi_nx/ht_ws/install/realsense2_camera_msgs/include/realsense2_camera_msgs/realsense2_camera_msgs/msg/detail/metadata__functions.h
[2.666s] -- Up-to-date symlink: /home/bxi_nx/ht_ws/install/realsense2_camera_msgs/include/realsense2_camera_msgs/realsense2_camera_msgs/msg/detail/metadata__struct.h
[2.666s] -- Up-to-date symlink: /home/bxi_nx/ht_ws/install/realsense2_camera_msgs/include/realsense2_camera_msgs/realsense2_camera_msgs/msg/detail/metadata__type_support.h
[2.666s] -- Up-to-date symlink: /home/bxi_nx/ht_ws/install/realsense2_camera_msgs/include/realsense2_camera_msgs/realsense2_camera_msgs/msg/extrinsics.h
[2.666s] -- Up-to-date symlink: /home/bxi_nx/ht_ws/install/realsense2_camera_msgs/include/realsense2_camera_msgs/realsense2_camera_msgs/msg/imu_info.h
[2.667s] -- Up-to-date symlink: /home/bxi_nx/ht_ws/install/realsense2_camera_msgs/include/realsense2_camera_msgs/realsense2_camera_msgs/msg/metadata.h
[2.667s] -- Up-to-date symlink: /home/bxi_nx/ht_ws/install/realsense2_camera_msgs/include/realsense2_camera_msgs/realsense2_camera_msgs/msg/rosidl_generator_c__visibility_control.h
[2.667s] -- Up-to-date symlink: /home/bxi_nx/ht_ws/install/realsense2_camera_msgs/include/realsense2_camera_msgs/realsense2_camera_msgs/srv/detail/device_info__functions.h
[2.667s] -- Up-to-date symlink: /home/bxi_nx/ht_ws/install/realsense2_camera_msgs/include/realsense2_camera_msgs/realsense2_camera_msgs/srv/detail/device_info__struct.h
[2.667s] -- Up-to-date symlink: /home/bxi_nx/ht_ws/install/realsense2_camera_msgs/include/realsense2_camera_msgs/realsense2_camera_msgs/srv/detail/device_info__type_support.h
[2.667s] -- Up-to-date symlink: /home/bxi_nx/ht_ws/install/realsense2_camera_msgs/include/realsense2_camera_msgs/realsense2_camera_msgs/srv/device_info.h
[2.667s] -- Up-to-date symlink: /home/bxi_nx/ht_ws/install/realsense2_camera_msgs/share/realsense2_camera_msgs/environment/library_path.sh
[2.667s] -- Up-to-date symlink: /home/bxi_nx/ht_ws/install/realsense2_camera_msgs/share/realsense2_camera_msgs/environment/library_path.dsv
[2.667s] -- Up-to-date symlink: /home/bxi_nx/ht_ws/install/realsense2_camera_msgs/include/realsense2_camera_msgs/realsense2_camera_msgs/msg/detail/extrinsics__rosidl_typesupport_fastrtps_c.h
[2.668s] -- Up-to-date symlink: /home/bxi_nx/ht_ws/install/realsense2_camera_msgs/include/realsense2_camera_msgs/realsense2_camera_msgs/msg/detail/imu_info__rosidl_typesupport_fastrtps_c.h
[2.668s] -- Up-to-date symlink: /home/bxi_nx/ht_ws/install/realsense2_camera_msgs/include/realsense2_camera_msgs/realsense2_camera_msgs/msg/detail/metadata__rosidl_typesupport_fastrtps_c.h
[2.668s] -- Up-to-date symlink: /home/bxi_nx/ht_ws/install/realsense2_camera_msgs/include/realsense2_camera_msgs/realsense2_camera_msgs/msg/rosidl_typesupport_fastrtps_c__visibility_control.h
[2.668s] -- Up-to-date symlink: /home/bxi_nx/ht_ws/install/realsense2_camera_msgs/include/realsense2_camera_msgs/realsense2_camera_msgs/srv/detail/device_info__rosidl_typesupport_fastrtps_c.h
[2.668s] -- Up-to-date symlink: /home/bxi_nx/ht_ws/install/realsense2_camera_msgs/include/realsense2_camera_msgs/realsense2_camera_msgs/msg/detail/extrinsics__rosidl_typesupport_introspection_c.h
[2.668s] -- Up-to-date symlink: /home/bxi_nx/ht_ws/install/realsense2_camera_msgs/include/realsense2_camera_msgs/realsense2_camera_msgs/msg/detail/imu_info__rosidl_typesupport_introspection_c.h
[2.668s] -- Up-to-date symlink: /home/bxi_nx/ht_ws/install/realsense2_camera_msgs/include/realsense2_camera_msgs/realsense2_camera_msgs/msg/detail/metadata__rosidl_typesupport_introspection_c.h
[2.672s] -- Up-to-date symlink: /home/bxi_nx/ht_ws/install/realsense2_camera_msgs/include/realsense2_camera_msgs/realsense2_camera_msgs/msg/rosidl_typesupport_introspection_c__visibility_control.h
[2.672s] -- Up-to-date symlink: /home/bxi_nx/ht_ws/install/realsense2_camera_msgs/include/realsense2_camera_msgs/realsense2_camera_msgs/srv/detail/device_info__rosidl_typesupport_introspection_c.h
[2.672s] -- Up-to-date symlink: /home/bxi_nx/ht_ws/install/realsense2_camera_msgs/include/realsense2_camera_msgs/realsense2_camera_msgs/msg/detail/extrinsics__builder.hpp
[2.672s] -- Up-to-date symlink: /home/bxi_nx/ht_ws/install/realsense2_camera_msgs/include/realsense2_camera_msgs/realsense2_camera_msgs/msg/detail/extrinsics__struct.hpp
[2.672s] -- Up-to-date symlink: /home/bxi_nx/ht_ws/install/realsense2_camera_msgs/include/realsense2_camera_msgs/realsense2_camera_msgs/msg/detail/extrinsics__traits.hpp
[2.673s] -- Up-to-date symlink: /home/bxi_nx/ht_ws/install/realsense2_camera_msgs/include/realsense2_camera_msgs/realsense2_camera_msgs/msg/detail/extrinsics__type_support.hpp
[2.673s] -- Up-to-date symlink: /home/bxi_nx/ht_ws/install/realsense2_camera_msgs/include/realsense2_camera_msgs/realsense2_camera_msgs/msg/detail/imu_info__builder.hpp
[2.673s] -- Up-to-date symlink: /home/bxi_nx/ht_ws/install/realsense2_camera_msgs/include/realsense2_camera_msgs/realsense2_camera_msgs/msg/detail/imu_info__struct.hpp
[2.673s] -- Up-to-date symlink: /home/bxi_nx/ht_ws/install/realsense2_camera_msgs/include/realsense2_camera_msgs/realsense2_camera_msgs/msg/detail/imu_info__traits.hpp
[2.673s] -- Up-to-date symlink: /home/bxi_nx/ht_ws/install/realsense2_camera_msgs/include/realsense2_camera_msgs/realsense2_camera_msgs/msg/detail/imu_info__type_support.hpp
[2.673s] -- Up-to-date symlink: /home/bxi_nx/ht_ws/install/realsense2_camera_msgs/include/realsense2_camera_msgs/realsense2_camera_msgs/msg/detail/metadata__builder.hpp
[2.673s] -- Up-to-date symlink: /home/bxi_nx/ht_ws/install/realsense2_camera_msgs/include/realsense2_camera_msgs/realsense2_camera_msgs/msg/detail/metadata__struct.hpp
[2.673s] -- Up-to-date symlink: /home/bxi_nx/ht_ws/install/realsense2_camera_msgs/include/realsense2_camera_msgs/realsense2_camera_msgs/msg/detail/metadata__traits.hpp
[2.673s] -- Up-to-date symlink: /home/bxi_nx/ht_ws/install/realsense2_camera_msgs/include/realsense2_camera_msgs/realsense2_camera_msgs/msg/detail/metadata__type_support.hpp
[2.674s] -- Up-to-date symlink: /home/bxi_nx/ht_ws/install/realsense2_camera_msgs/include/realsense2_camera_msgs/realsense2_camera_msgs/msg/extrinsics.hpp
[2.674s] -- Up-to-date symlink: /home/bxi_nx/ht_ws/install/realsense2_camera_msgs/include/realsense2_camera_msgs/realsense2_camera_msgs/msg/imu_info.hpp
[2.674s] -- Up-to-date symlink: /home/bxi_nx/ht_ws/install/realsense2_camera_msgs/include/realsense2_camera_msgs/realsense2_camera_msgs/msg/metadata.hpp
[2.674s] -- Up-to-date symlink: /home/bxi_nx/ht_ws/install/realsense2_camera_msgs/include/realsense2_camera_msgs/realsense2_camera_msgs/msg/rosidl_generator_cpp__visibility_control.hpp
[2.674s] -- Up-to-date symlink: /home/bxi_nx/ht_ws/install/realsense2_camera_msgs/include/realsense2_camera_msgs/realsense2_camera_msgs/srv/detail/device_info__builder.hpp
[2.674s] -- Up-to-date symlink: /home/bxi_nx/ht_ws/install/realsense2_camera_msgs/include/realsense2_camera_msgs/realsense2_camera_msgs/srv/detail/device_info__struct.hpp
[2.674s] -- Up-to-date symlink: /home/bxi_nx/ht_ws/install/realsense2_camera_msgs/include/realsense2_camera_msgs/realsense2_camera_msgs/srv/detail/device_info__traits.hpp
[2.674s] -- Up-to-date symlink: /home/bxi_nx/ht_ws/install/realsense2_camera_msgs/include/realsense2_camera_msgs/realsense2_camera_msgs/srv/detail/device_info__type_support.hpp
[2.674s] -- Up-to-date symlink: /home/bxi_nx/ht_ws/install/realsense2_camera_msgs/include/realsense2_camera_msgs/realsense2_camera_msgs/srv/device_info.hpp
[2.675s] -- Up-to-date symlink: /home/bxi_nx/ht_ws/install/realsense2_camera_msgs/include/realsense2_camera_msgs/realsense2_camera_msgs/msg/detail/extrinsics__rosidl_typesupport_fastrtps_cpp.hpp
[2.675s] -- Up-to-date symlink: /home/bxi_nx/ht_ws/install/realsense2_camera_msgs/include/realsense2_camera_msgs/realsense2_camera_msgs/msg/detail/imu_info__rosidl_typesupport_fastrtps_cpp.hpp
[2.676s] -- Up-to-date symlink: /home/bxi_nx/ht_ws/install/realsense2_camera_msgs/include/realsense2_camera_msgs/realsense2_camera_msgs/msg/detail/metadata__rosidl_typesupport_fastrtps_cpp.hpp
[2.676s] -- Up-to-date symlink: /home/bxi_nx/ht_ws/install/realsense2_camera_msgs/include/realsense2_camera_msgs/realsense2_camera_msgs/msg/rosidl_typesupport_fastrtps_cpp__visibility_control.h
[2.676s] -- Up-to-date symlink: /home/bxi_nx/ht_ws/install/realsense2_camera_msgs/include/realsense2_camera_msgs/realsense2_camera_msgs/srv/detail/device_info__rosidl_typesupport_fastrtps_cpp.hpp
[2.677s] -- Up-to-date symlink: /home/bxi_nx/ht_ws/install/realsense2_camera_msgs/include/realsense2_camera_msgs/realsense2_camera_msgs/msg/detail/extrinsics__rosidl_typesupport_introspection_cpp.hpp
[2.677s] -- Up-to-date symlink: /home/bxi_nx/ht_ws/install/realsense2_camera_msgs/include/realsense2_camera_msgs/realsense2_camera_msgs/msg/detail/imu_info__rosidl_typesupport_introspection_cpp.hpp
[2.678s] -- Up-to-date symlink: /home/bxi_nx/ht_ws/install/realsense2_camera_msgs/include/realsense2_camera_msgs/realsense2_camera_msgs/msg/detail/metadata__rosidl_typesupport_introspection_cpp.hpp
[2.678s] -- Up-to-date symlink: /home/bxi_nx/ht_ws/install/realsense2_camera_msgs/include/realsense2_camera_msgs/realsense2_camera_msgs/srv/detail/device_info__rosidl_typesupport_introspection_cpp.hpp
[2.678s] -- Up-to-date symlink: /home/bxi_nx/ht_ws/install/realsense2_camera_msgs/share/realsense2_camera_msgs/environment/pythonpath.sh
[2.678s] -- Up-to-date symlink: /home/bxi_nx/ht_ws/install/realsense2_camera_msgs/share/realsense2_camera_msgs/environment/pythonpath.dsv
[2.678s] -- Up-to-date symlink: /home/bxi_nx/ht_ws/install/realsense2_camera_msgs/local/lib/python3.10/dist-packages/realsense2_camera_msgs-4.51.1-py3.10.egg-info/PKG-INFO
[2.679s] -- Up-to-date symlink: /home/bxi_nx/ht_ws/install/realsense2_camera_msgs/local/lib/python3.10/dist-packages/realsense2_camera_msgs-4.51.1-py3.10.egg-info/SOURCES.txt
[2.679s] -- Up-to-date symlink: /home/bxi_nx/ht_ws/install/realsense2_camera_msgs/local/lib/python3.10/dist-packages/realsense2_camera_msgs-4.51.1-py3.10.egg-info/dependency_links.txt
[2.679s] -- Up-to-date symlink: /home/bxi_nx/ht_ws/install/realsense2_camera_msgs/local/lib/python3.10/dist-packages/realsense2_camera_msgs-4.51.1-py3.10.egg-info/top_level.txt
[2.680s] -- Up-to-date symlink: /home/bxi_nx/ht_ws/install/realsense2_camera_msgs/local/lib/python3.10/dist-packages/realsense2_camera_msgs/__init__.py
[2.680s] -- Up-to-date symlink: /home/bxi_nx/ht_ws/install/realsense2_camera_msgs/local/lib/python3.10/dist-packages/realsense2_camera_msgs/_realsense2_camera_msgs_s.ep.rosidl_typesupport_c.c
[2.680s] -- Up-to-date symlink: /home/bxi_nx/ht_ws/install/realsense2_camera_msgs/local/lib/python3.10/dist-packages/realsense2_camera_msgs/_realsense2_camera_msgs_s.ep.rosidl_typesupport_fastrtps_c.c
[2.681s] -- Up-to-date symlink: /home/bxi_nx/ht_ws/install/realsense2_camera_msgs/local/lib/python3.10/dist-packages/realsense2_camera_msgs/_realsense2_camera_msgs_s.ep.rosidl_typesupport_introspection_c.c
[2.681s] -- Up-to-date symlink: /home/bxi_nx/ht_ws/install/realsense2_camera_msgs/local/lib/python3.10/dist-packages/realsense2_camera_msgs/librealsense2_camera_msgs__rosidl_generator_py.so
[2.681s] -- Up-to-date symlink: /home/bxi_nx/ht_ws/install/realsense2_camera_msgs/local/lib/python3.10/dist-packages/realsense2_camera_msgs/msg/__init__.py
[2.681s] -- Up-to-date symlink: /home/bxi_nx/ht_ws/install/realsense2_camera_msgs/local/lib/python3.10/dist-packages/realsense2_camera_msgs/msg/_extrinsics.py
[2.681s] -- Up-to-date symlink: /home/bxi_nx/ht_ws/install/realsense2_camera_msgs/local/lib/python3.10/dist-packages/realsense2_camera_msgs/msg/_extrinsics_s.c
[2.682s] -- Up-to-date symlink: /home/bxi_nx/ht_ws/install/realsense2_camera_msgs/local/lib/python3.10/dist-packages/realsense2_camera_msgs/msg/_imu_info.py
[2.682s] -- Up-to-date symlink: /home/bxi_nx/ht_ws/install/realsense2_camera_msgs/local/lib/python3.10/dist-packages/realsense2_camera_msgs/msg/_imu_info_s.c
[2.683s] -- Up-to-date symlink: /home/bxi_nx/ht_ws/install/realsense2_camera_msgs/local/lib/python3.10/dist-packages/realsense2_camera_msgs/msg/_metadata.py
[2.683s] -- Up-to-date symlink: /home/bxi_nx/ht_ws/install/realsense2_camera_msgs/local/lib/python3.10/dist-packages/realsense2_camera_msgs/msg/_metadata_s.c
[2.683s] -- Up-to-date symlink: /home/bxi_nx/ht_ws/install/realsense2_camera_msgs/local/lib/python3.10/dist-packages/realsense2_camera_msgs/realsense2_camera_msgs_s__rosidl_typesupport_c.cpython-310-aarch64-linux-gnu.so
[2.684s] -- Up-to-date symlink: /home/bxi_nx/ht_ws/install/realsense2_camera_msgs/local/lib/python3.10/dist-packages/realsense2_camera_msgs/realsense2_camera_msgs_s__rosidl_typesupport_fastrtps_c.cpython-310-aarch64-linux-gnu.so
[2.685s] -- Up-to-date symlink: /home/bxi_nx/ht_ws/install/realsense2_camera_msgs/local/lib/python3.10/dist-packages/realsense2_camera_msgs/realsense2_camera_msgs_s__rosidl_typesupport_introspection_c.cpython-310-aarch64-linux-gnu.so
[2.685s] -- Up-to-date symlink: /home/bxi_nx/ht_ws/install/realsense2_camera_msgs/local/lib/python3.10/dist-packages/realsense2_camera_msgs/srv/__init__.py
[2.685s] -- Up-to-date symlink: /home/bxi_nx/ht_ws/install/realsense2_camera_msgs/local/lib/python3.10/dist-packages/realsense2_camera_msgs/srv/_device_info.py
[2.686s] -- Up-to-date symlink: /home/bxi_nx/ht_ws/install/realsense2_camera_msgs/local/lib/python3.10/dist-packages/realsense2_camera_msgs/srv/_device_info_s.c
[2.687s] -- Up-to-date symlink: /home/bxi_nx/ht_ws/install/realsense2_camera_msgs/local/lib/python3.10/dist-packages/realsense2_camera_msgs/realsense2_camera_msgs_s__rosidl_typesupport_fastrtps_c.cpython-310-aarch64-linux-gnu.so
[2.687s] -- Up-to-date symlink: /home/bxi_nx/ht_ws/install/realsense2_camera_msgs/local/lib/python3.10/dist-packages/realsense2_camera_msgs/realsense2_camera_msgs_s__rosidl_typesupport_introspection_c.cpython-310-aarch64-linux-gnu.so
[2.687s] -- Up-to-date symlink: /home/bxi_nx/ht_ws/install/realsense2_camera_msgs/local/lib/python3.10/dist-packages/realsense2_camera_msgs/realsense2_camera_msgs_s__rosidl_typesupport_c.cpython-310-aarch64-linux-gnu.so
[2.688s] -- Up-to-date symlink: /home/bxi_nx/ht_ws/install/realsense2_camera_msgs/share/realsense2_camera_msgs/msg/IMUInfo.idl
[2.688s] -- Up-to-date symlink: /home/bxi_nx/ht_ws/install/realsense2_camera_msgs/share/realsense2_camera_msgs/msg/Extrinsics.idl
[2.688s] -- Up-to-date symlink: /home/bxi_nx/ht_ws/install/realsense2_camera_msgs/share/realsense2_camera_msgs/msg/Metadata.idl
[2.688s] -- Up-to-date symlink: /home/bxi_nx/ht_ws/install/realsense2_camera_msgs/share/realsense2_camera_msgs/srv/DeviceInfo.idl
[2.688s] -- Up-to-date symlink: /home/bxi_nx/ht_ws/install/realsense2_camera_msgs/share/realsense2_camera_msgs/msg/IMUInfo.msg
[2.690s] -- Up-to-date symlink: /home/bxi_nx/ht_ws/install/realsense2_camera_msgs/share/realsense2_camera_msgs/msg/Extrinsics.msg
[2.690s] -- Up-to-date symlink: /home/bxi_nx/ht_ws/install/realsense2_camera_msgs/share/realsense2_camera_msgs/msg/Metadata.msg
[2.691s] -- Up-to-date symlink: /home/bxi_nx/ht_ws/install/realsense2_camera_msgs/share/realsense2_camera_msgs/srv/DeviceInfo.srv
[2.691s] -- Up-to-date symlink: /home/bxi_nx/ht_ws/install/realsense2_camera_msgs/share/realsense2_camera_msgs/srv/DeviceInfo_Request.msg
[2.691s] -- Up-to-date symlink: /home/bxi_nx/ht_ws/install/realsense2_camera_msgs/share/realsense2_camera_msgs/srv/DeviceInfo_Response.msg
[2.693s] -- Up-to-date symlink: /home/bxi_nx/ht_ws/install/realsense2_camera_msgs/share/ament_index/resource_index/package_run_dependencies/realsense2_camera_msgs
[2.695s] -- Up-to-date symlink: /home/bxi_nx/ht_ws/install/realsense2_camera_msgs/share/ament_index/resource_index/parent_prefix_path/realsense2_camera_msgs
[2.699s] -- Up-to-date symlink: /home/bxi_nx/ht_ws/install/realsense2_camera_msgs/share/realsense2_camera_msgs/environment/ament_prefix_path.sh
[2.700s] -- Up-to-date symlink: /home/bxi_nx/ht_ws/install/realsense2_camera_msgs/share/realsense2_camera_msgs/environment/ament_prefix_path.dsv
[2.705s] -- Up-to-date symlink: /home/bxi_nx/ht_ws/install/realsense2_camera_msgs/share/realsense2_camera_msgs/environment/path.sh
[2.705s] -- Up-to-date symlink: /home/bxi_nx/ht_ws/install/realsense2_camera_msgs/share/realsense2_camera_msgs/environment/path.dsv
[2.705s] -- Up-to-date symlink: /home/bxi_nx/ht_ws/install/realsense2_camera_msgs/share/realsense2_camera_msgs/local_setup.bash
[2.705s] -- Up-to-date symlink: /home/bxi_nx/ht_ws/install/realsense2_camera_msgs/share/realsense2_camera_msgs/local_setup.sh
[2.706s] -- Up-to-date symlink: /home/bxi_nx/ht_ws/install/realsense2_camera_msgs/share/realsense2_camera_msgs/local_setup.zsh
[2.706s] -- Up-to-date symlink: /home/bxi_nx/ht_ws/install/realsense2_camera_msgs/share/realsense2_camera_msgs/local_setup.dsv
[2.706s] -- Symlinking: /home/bxi_nx/ht_ws/install/realsense2_camera_msgs/share/realsense2_camera_msgs/package.dsv
[2.739s] -- Up-to-date symlink: /home/bxi_nx/ht_ws/install/realsense2_camera_msgs/share/ament_index/resource_index/packages/realsense2_camera_msgs
[2.739s] -- Up-to-date symlink: /home/bxi_nx/ht_ws/install/realsense2_camera_msgs/share/realsense2_camera_msgs/cmake/rosidl_cmake-extras.cmake
[2.740s] -- Up-to-date symlink: /home/bxi_nx/ht_ws/install/realsense2_camera_msgs/share/realsense2_camera_msgs/cmake/ament_cmake_export_dependencies-extras.cmake
[2.740s] -- Up-to-date symlink: /home/bxi_nx/ht_ws/install/realsense2_camera_msgs/share/realsense2_camera_msgs/cmake/ament_cmake_export_include_directories-extras.cmake
[2.740s] -- Up-to-date symlink: /home/bxi_nx/ht_ws/install/realsense2_camera_msgs/share/realsense2_camera_msgs/cmake/ament_cmake_export_libraries-extras.cmake
[2.740s] -- Up-to-date symlink: /home/bxi_nx/ht_ws/install/realsense2_camera_msgs/share/realsense2_camera_msgs/cmake/ament_cmake_export_targets-extras.cmake
[2.741s] -- Up-to-date symlink: /home/bxi_nx/ht_ws/install/realsense2_camera_msgs/share/realsense2_camera_msgs/cmake/rosidl_cmake_export_typesupport_targets-extras.cmake
[2.741s] -- Up-to-date symlink: /home/bxi_nx/ht_ws/install/realsense2_camera_msgs/share/realsense2_camera_msgs/cmake/rosidl_cmake_export_typesupport_libraries-extras.cmake
[2.741s] -- Up-to-date symlink: /home/bxi_nx/ht_ws/install/realsense2_camera_msgs/share/realsense2_camera_msgs/cmake/realsense2_camera_msgsConfig.cmake
[2.741s] -- Up-to-date symlink: /home/bxi_nx/ht_ws/install/realsense2_camera_msgs/share/realsense2_camera_msgs/cmake/realsense2_camera_msgsConfig-version.cmake
[2.741s] -- Up-to-date symlink: /home/bxi_nx/ht_ws/install/realsense2_camera_msgs/share/realsense2_camera_msgs/package.xml
[2.742s] -- Up-to-date: /home/bxi_nx/ht_ws/install/realsense2_camera_msgs/lib/librealsense2_camera_msgs__rosidl_generator_c.so
[2.742s] -- Up-to-date: /home/bxi_nx/ht_ws/install/realsense2_camera_msgs/lib/librealsense2_camera_msgs__rosidl_typesupport_fastrtps_c.so
[2.743s] -- Up-to-date: /home/bxi_nx/ht_ws/install/realsense2_camera_msgs/lib/librealsense2_camera_msgs__rosidl_typesupport_introspection_c.so
[2.743s] -- Up-to-date: /home/bxi_nx/ht_ws/install/realsense2_camera_msgs/lib/librealsense2_camera_msgs__rosidl_typesupport_c.so
[2.744s] -- Up-to-date: /home/bxi_nx/ht_ws/install/realsense2_camera_msgs/lib/librealsense2_camera_msgs__rosidl_typesupport_fastrtps_cpp.so
[2.745s] -- Up-to-date: /home/bxi_nx/ht_ws/install/realsense2_camera_msgs/lib/librealsense2_camera_msgs__rosidl_typesupport_introspection_cpp.so
[2.745s] -- Up-to-date: /home/bxi_nx/ht_ws/install/realsense2_camera_msgs/lib/librealsense2_camera_msgs__rosidl_typesupport_cpp.so
[2.866s] Listing '/home/bxi_nx/ht_ws/install/realsense2_camera_msgs/local/lib/python3.10/dist-packages/realsense2_camera_msgs'...
[2.866s] Listing '/home/bxi_nx/ht_ws/install/realsense2_camera_msgs/local/lib/python3.10/dist-packages/realsense2_camera_msgs/msg'...
[2.866s] Listing '/home/bxi_nx/ht_ws/install/realsense2_camera_msgs/local/lib/python3.10/dist-packages/realsense2_camera_msgs/srv'...
[2.905s] -- Up-to-date: /home/bxi_nx/ht_ws/install/realsense2_camera_msgs/lib/librealsense2_camera_msgs__rosidl_generator_py.so
[2.906s] -- Up-to-date: /home/bxi_nx/ht_ws/install/realsense2_camera_msgs/share/realsense2_camera_msgs/cmake/export_realsense2_camera_msgs__rosidl_generator_cExport.cmake
[2.907s] -- Up-to-date: /home/bxi_nx/ht_ws/install/realsense2_camera_msgs/share/realsense2_camera_msgs/cmake/export_realsense2_camera_msgs__rosidl_generator_cExport-noconfig.cmake
[2.907s] -- Up-to-date: /home/bxi_nx/ht_ws/install/realsense2_camera_msgs/share/realsense2_camera_msgs/cmake/export_realsense2_camera_msgs__rosidl_typesupport_fastrtps_cExport.cmake
[2.907s] -- Up-to-date: /home/bxi_nx/ht_ws/install/realsense2_camera_msgs/share/realsense2_camera_msgs/cmake/export_realsense2_camera_msgs__rosidl_typesupport_fastrtps_cExport-noconfig.cmake
[2.907s] -- Up-to-date: /home/bxi_nx/ht_ws/install/realsense2_camera_msgs/share/realsense2_camera_msgs/cmake/realsense2_camera_msgs__rosidl_typesupport_introspection_cExport.cmake
[2.907s] -- Up-to-date: /home/bxi_nx/ht_ws/install/realsense2_camera_msgs/share/realsense2_camera_msgs/cmake/realsense2_camera_msgs__rosidl_typesupport_introspection_cExport-noconfig.cmake
[2.907s] -- Up-to-date: /home/bxi_nx/ht_ws/install/realsense2_camera_msgs/share/realsense2_camera_msgs/cmake/realsense2_camera_msgs__rosidl_typesupport_cExport.cmake
[2.907s] -- Up-to-date: /home/bxi_nx/ht_ws/install/realsense2_camera_msgs/share/realsense2_camera_msgs/cmake/realsense2_camera_msgs__rosidl_typesupport_cExport-noconfig.cmake
[2.907s] -- Up-to-date: /home/bxi_nx/ht_ws/install/realsense2_camera_msgs/share/realsense2_camera_msgs/cmake/export_realsense2_camera_msgs__rosidl_generator_cppExport.cmake
[2.908s] -- Up-to-date: /home/bxi_nx/ht_ws/install/realsense2_camera_msgs/share/realsense2_camera_msgs/cmake/export_realsense2_camera_msgs__rosidl_typesupport_fastrtps_cppExport.cmake
[2.908s] -- Up-to-date: /home/bxi_nx/ht_ws/install/realsense2_camera_msgs/share/realsense2_camera_msgs/cmake/export_realsense2_camera_msgs__rosidl_typesupport_fastrtps_cppExport-noconfig.cmake
[2.908s] -- Up-to-date: /home/bxi_nx/ht_ws/install/realsense2_camera_msgs/share/realsense2_camera_msgs/cmake/realsense2_camera_msgs__rosidl_typesupport_introspection_cppExport.cmake
[2.908s] -- Up-to-date: /home/bxi_nx/ht_ws/install/realsense2_camera_msgs/share/realsense2_camera_msgs/cmake/realsense2_camera_msgs__rosidl_typesupport_introspection_cppExport-noconfig.cmake
[2.908s] -- Up-to-date: /home/bxi_nx/ht_ws/install/realsense2_camera_msgs/share/realsense2_camera_msgs/cmake/realsense2_camera_msgs__rosidl_typesupport_cppExport.cmake
[2.908s] -- Up-to-date: /home/bxi_nx/ht_ws/install/realsense2_camera_msgs/share/realsense2_camera_msgs/cmake/realsense2_camera_msgs__rosidl_typesupport_cppExport-noconfig.cmake
[2.908s] -- Up-to-date: /home/bxi_nx/ht_ws/install/realsense2_camera_msgs/share/realsense2_camera_msgs/cmake/export_realsense2_camera_msgs__rosidl_generator_pyExport.cmake
[2.908s] -- Up-to-date: /home/bxi_nx/ht_ws/install/realsense2_camera_msgs/share/realsense2_camera_msgs/cmake/export_realsense2_camera_msgs__rosidl_generator_pyExport-noconfig.cmake
[2.915s] Invoked command in '/home/bxi_nx/ht_ws/build/realsense2_camera_msgs' returned '0': CMAKE_PREFIX_PATH=/home/bxi_nx/ht_ws/install/vikit_ros:/home/bxi_nx/ht_ws/install/my_nav2_bringup:/opt/ros/humble:/home/bxi_nx/ht_ws/install/vikit_common:/home/bxi_nx/ht_ws/install/realsense2_description:/home/bxi_nx/ht_ws/install/realsense2_camera:/home/bxi_nx/ht_ws/install/realsense2_camera_msgs:/home/bxi_nx/ht_ws/install/octomap_server2:/home/bxi_nx/ht_ws/install/ht_package:/home/bxi_nx/ht_ws/install/fishbot_navigation2:/home/bxi_nx/ht_ws/install/fast_livo:/home/bxi_nx/ws_livox/install/localizer:/home/bxi_nx/ws_livox/install/fastlio2:/home/bxi_nx/ws_livox/install/livox_ros_driver2:/home/bxi_nx/ws_livox/install/interface:/home/bxi_nx/ws_livox/install/communication /usr/bin/cmake --install /home/bxi_nx/ht_ws/build/realsense2_camera_msgs
