In file included from [01m[K/home/ht/ht_ws/src/FAST-LIVO2/include/common_lib.h:17[m[K,
                 from [01m[K/home/ht/ht_ws/src/FAST-LIVO2/include/IMU_Processing.h:18[m[K,
                 from [01m[K/home/ht/ht_ws/src/FAST-LIVO2/src/IMU_Processing.cpp:13[m[K:
[01m[K/home/ht/ht_ws/src/FAST-LIVO2/include/utils/types.h:9:14:[m[K [01;31m[Kerror: [m[K‘[01m[KPointXYZIRGB[m[K’ in namespace ‘[01m[Kpcl[m[K’ does not name a type; did you mean ‘[01m[KPointXYZRGB[m[K’?
    9 | typedef pcl::[01;31m[KPointXYZIRGB[m[K PointTypeRGB;
      |              [01;31m[K^~~~~~~~~~~~[m[K
      |              [32m[KPointXYZRGB[m[K
[01m[K/home/ht/ht_ws/src/FAST-LIVO2/include/utils/types.h:13:25:[m[K [01;31m[Kerror: [m[K‘[01m[KPointTypeRGB[m[K’ was not declared in this scope; did you mean ‘[01m[KPointTypeRGBA[m[K’?
   13 | typedef pcl::PointCloud<[01;31m[KPointTypeRGB[m[K> PointCloudXYZRGB;
      |                         [01;31m[K^~~~~~~~~~~~[m[K
      |                         [32m[KPointTypeRGBA[m[K
[01m[K/home/ht/ht_ws/src/FAST-LIVO2/include/utils/types.h:13:37:[m[K [01;31m[Kerror: [m[Ktemplate argument 1 is invalid
   13 | typedef pcl::PointCloud<PointTypeRGB[01;31m[K>[m[K PointCloudXYZRGB;
      |                                     [01;31m[K^[m[K
In file included from [01m[K/home/ht/ht_ws/src/FAST-LIVO2/include/common_lib.h:17[m[K,
                 from [01m[K/home/ht/ht_ws/src/FAST-LIVO2/include/visual_point.h:17[m[K,
                 from [01m[K/home/ht/ht_ws/src/FAST-LIVO2/src/visual_point.cpp:13[m[K:
[01m[K/home/ht/ht_ws/src/FAST-LIVO2/include/utils/types.h:9:14:[m[K [01;31m[Kerror: [m[K‘[01m[KPointXYZIRGB[m[K’ in namespace ‘[01m[Kpcl[m[K’ does not name a type; did you mean ‘[01m[KPointXYZRGB[m[K’?
    9 | typedef pcl::[01;31m[KPointXYZIRGB[m[K PointTypeRGB;
      |              [01;31m[K^~~~~~~~~~~~[m[K
      |              [32m[KPointXYZRGB[m[K
[01m[K/home/ht/ht_ws/src/FAST-LIVO2/include/utils/types.h:13:25:[m[K [01;31m[Kerror: [m[K‘[01m[KPointTypeRGB[m[K’ was not declared in this scope; did you mean ‘[01m[KPointTypeRGBA[m[K’?
   13 | typedef pcl::PointCloud<[01;31m[KPointTypeRGB[m[K> PointCloudXYZRGB;
      |                         [01;31m[K^~~~~~~~~~~~[m[K
      |                         [32m[KPointTypeRGBA[m[K
[01m[K/home/ht/ht_ws/src/FAST-LIVO2/include/utils/types.h:13:37:[m[K [01;31m[Kerror: [m[Ktemplate argument 1 is invalid
   13 | typedef pcl::PointCloud<PointTypeRGB[01;31m[K>[m[K PointCloudXYZRGB;
      |                                     [01;31m[K^[m[K
In file included from [01m[K/home/ht/ht_ws/src/FAST-LIVO2/include/common_lib.h:17[m[K,
                 from [01m[K/home/ht/ht_ws/src/FAST-LIVO2/include/voxel_map.h:16[m[K,
                 from [01m[K/home/ht/ht_ws/src/FAST-LIVO2/src/voxel_map.cpp:13[m[K:
[01m[K/home/ht/ht_ws/src/FAST-LIVO2/include/utils/types.h:9:14:[m[K [01;31m[Kerror: [m[K‘[01m[KPointXYZIRGB[m[K’ in namespace ‘[01m[Kpcl[m[K’ does not name a type; did you mean ‘[01m[KPointXYZRGB[m[K’?
    9 | typedef pcl::[01;31m[KPointXYZIRGB[m[K PointTypeRGB;
      |              [01;31m[K^~~~~~~~~~~~[m[K
      |              [32m[KPointXYZRGB[m[K
[01m[K/home/ht/ht_ws/src/FAST-LIVO2/include/utils/types.h:13:25:[m[K [01;31m[Kerror: [m[K‘[01m[KPointTypeRGB[m[K’ was not declared in this scope; did you mean ‘[01m[KPointTypeRGBA[m[K’?
   13 | typedef pcl::PointCloud<[01;31m[KPointTypeRGB[m[K> PointCloudXYZRGB;
      |                         [01;31m[K^~~~~~~~~~~~[m[K
      |                         [32m[KPointTypeRGBA[m[K
[01m[K/home/ht/ht_ws/src/FAST-LIVO2/include/utils/types.h:13:37:[m[K [01;31m[Kerror: [m[Ktemplate argument 1 is invalid
   13 | typedef pcl::PointCloud<PointTypeRGB[01;31m[K>[m[K PointCloudXYZRGB;
      |                                     [01;31m[K^[m[K
In file included from [01m[K/home/ht/ht_ws/src/FAST-LIVO2/include/common_lib.h:17[m[K,
                 from [01m[K/home/ht/ht_ws/src/FAST-LIVO2/include/preprocess.h:16[m[K,
                 from [01m[K/home/ht/ht_ws/src/FAST-LIVO2/src/preprocess.cpp:13[m[K:
[01m[K/home/ht/ht_ws/src/FAST-LIVO2/include/utils/types.h:9:14:[m[K [01;31m[Kerror: [m[K‘[01m[KPointXYZIRGB[m[K’ in namespace ‘[01m[Kpcl[m[K’ does not name a type; did you mean ‘[01m[KPointXYZRGB[m[K’?
    9 | typedef pcl::[01;31m[KPointXYZIRGB[m[K PointTypeRGB;
      |              [01;31m[K^~~~~~~~~~~~[m[K
      |              [32m[KPointXYZRGB[m[K
[01m[K/home/ht/ht_ws/src/FAST-LIVO2/include/utils/types.h:13:25:[m[K [01;31m[Kerror: [m[K‘[01m[KPointTypeRGB[m[K’ was not declared in this scope; did you mean ‘[01m[KPointTypeRGBA[m[K’?
   13 | typedef pcl::PointCloud<[01;31m[KPointTypeRGB[m[K> PointCloudXYZRGB;
      |                         [01;31m[K^~~~~~~~~~~~[m[K
      |                         [32m[KPointTypeRGBA[m[K
[01m[K/home/ht/ht_ws/src/FAST-LIVO2/include/utils/types.h:13:37:[m[K [01;31m[Kerror: [m[Ktemplate argument 1 is invalid
   13 | typedef pcl::PointCloud<PointTypeRGB[01;31m[K>[m[K PointCloudXYZRGB;
      |                                     [01;31m[K^[m[K
In file included from [01m[K/home/ht/ht_ws/src/FAST-LIVO2/include/common_lib.h:17[m[K,
                 from [01m[K/home/ht/ht_ws/src/FAST-LIVO2/include/IMU_Processing.h:18[m[K,
                 from [01m[K/home/ht/ht_ws/src/FAST-LIVO2/include/LIVMapper.h:16[m[K,
                 from [01m[K/home/ht/ht_ws/src/FAST-LIVO2/src/LIVMapper.cpp:13[m[K:
[01m[K/home/ht/ht_ws/src/FAST-LIVO2/include/utils/types.h:9:14:[m[K [01;31m[Kerror: [m[K‘[01m[KPointXYZIRGB[m[K’ in namespace ‘[01m[Kpcl[m[K’ does not name a type; did you mean ‘[01m[KPointXYZRGB[m[K’?
    9 | typedef pcl::[01;31m[KPointXYZIRGB[m[K PointTypeRGB;
      |              [01;31m[K^~~~~~~~~~~~[m[K
      |              [32m[KPointXYZRGB[m[K
[01m[K/home/ht/ht_ws/src/FAST-LIVO2/include/utils/types.h:13:25:[m[K [01;31m[Kerror: [m[K‘[01m[KPointTypeRGB[m[K’ was not declared in this scope; did you mean ‘[01m[KPointTypeRGBA[m[K’?
   13 | typedef pcl::PointCloud<[01;31m[KPointTypeRGB[m[K> PointCloudXYZRGB;
      |                         [01;31m[K^~~~~~~~~~~~[m[K
      |                         [32m[KPointTypeRGBA[m[K
[01m[K/home/ht/ht_ws/src/FAST-LIVO2/include/utils/types.h:13:37:[m[K [01;31m[Kerror: [m[Ktemplate argument 1 is invalid
   13 | typedef pcl::PointCloud<PointTypeRGB[01;31m[K>[m[K PointCloudXYZRGB;
      |                                     [01;31m[K^[m[K
In file included from [01m[K/home/ht/ht_ws/src/FAST-LIVO2/include/common_lib.h:17[m[K,
                 from [01m[K/home/ht/ht_ws/src/FAST-LIVO2/include/visual_point.h:17[m[K,
                 from [01m[K/home/ht/ht_ws/src/FAST-LIVO2/include/feature.h:16[m[K,
                 from [01m[K/home/ht/ht_ws/src/FAST-LIVO2/src/frame.cpp:14[m[K:
[01m[K/home/ht/ht_ws/src/FAST-LIVO2/include/utils/types.h:9:14:[m[K [01;31m[Kerror: [m[K‘[01m[KPointXYZIRGB[m[K’ in namespace ‘[01m[Kpcl[m[K’ does not name a type; did you mean ‘[01m[KPointXYZRGB[m[K’?
    9 | typedef pcl::[01;31m[KPointXYZIRGB[m[K PointTypeRGB;
      |              [01;31m[K^~~~~~~~~~~~[m[K
      |              [32m[KPointXYZRGB[m[K
[01m[K/home/ht/ht_ws/src/FAST-LIVO2/include/utils/types.h:13:25:[m[K [01;31m[Kerror: [m[K‘[01m[KPointTypeRGB[m[K’ was not declared in this scope; did you mean ‘[01m[KPointTypeRGBA[m[K’?
   13 | typedef pcl::PointCloud<[01;31m[KPointTypeRGB[m[K> PointCloudXYZRGB;
      |                         [01;31m[K^~~~~~~~~~~~[m[K
      |                         [32m[KPointTypeRGBA[m[K
[01m[K/home/ht/ht_ws/src/FAST-LIVO2/include/utils/types.h:13:37:[m[K [01;31m[Kerror: [m[Ktemplate argument 1 is invalid
   13 | typedef pcl::PointCloud<PointTypeRGB[01;31m[K>[m[K PointCloudXYZRGB;
      |                                     [01;31m[K^[m[K
In file included from [01m[K/home/ht/ht_ws/src/FAST-LIVO2/include/common_lib.h:17[m[K,
                 from [01m[K/home/ht/ht_ws/src/FAST-LIVO2/include/voxel_map.h:16[m[K,
                 from [01m[K/home/ht/ht_ws/src/FAST-LIVO2/include/vio.h:16[m[K,
                 from [01m[K/home/ht/ht_ws/src/FAST-LIVO2/src/vio.cpp:13[m[K:
[01m[K/home/ht/ht_ws/src/FAST-LIVO2/include/utils/types.h:9:14:[m[K [01;31m[Kerror: [m[K‘[01m[KPointXYZIRGB[m[K’ in namespace ‘[01m[Kpcl[m[K’ does not name a type; did you mean ‘[01m[KPointXYZRGB[m[K’?
    9 | typedef pcl::[01;31m[KPointXYZIRGB[m[K PointTypeRGB;
      |              [01;31m[K^~~~~~~~~~~~[m[K
      |              [32m[KPointXYZRGB[m[K
[01m[K/home/ht/ht_ws/src/FAST-LIVO2/include/utils/types.h:13:25:[m[K [01;31m[Kerror: [m[K‘[01m[KPointTypeRGB[m[K’ was not declared in this scope; did you mean ‘[01m[KPointTypeRGBA[m[K’?
   13 | typedef pcl::PointCloud<[01;31m[KPointTypeRGB[m[K> PointCloudXYZRGB;
      |                         [01;31m[K^~~~~~~~~~~~[m[K
      |                         [32m[KPointTypeRGBA[m[K
[01m[K/home/ht/ht_ws/src/FAST-LIVO2/include/utils/types.h:13:37:[m[K [01;31m[Kerror: [m[Ktemplate argument 1 is invalid
   13 | typedef pcl::PointCloud<PointTypeRGB[01;31m[K>[m[K PointCloudXYZRGB;
      |                                     [01;31m[K^[m[K
gmake[2]: *** [CMakeFiles/vio.dir/build.make:104：CMakeFiles/vio.dir/src/visual_point.cpp.o] 错误 1
gmake[2]: *** 正在等待未完成的任务....
In file included from [01m[K/home/ht/ht_ws/src/FAST-LIVO2/src/LIVMapper.cpp:13[m[K:
[01m[K/home/ht/ht_ws/src/FAST-LIVO2/include/LIVMapper.h:144:19:[m[K [01;31m[Kerror: [m[Kinvalid use of ‘[01m[K::[m[K’
  144 |   PointCloudXYZRGB[01;31m[K::[m[KPtr pcl_wait_save;
      |                   [01;31m[K^~[m[K
[01m[K/home/ht/ht_ws/src/FAST-LIVO2/include/LIVMapper.h:144:21:[m[K [01;31m[Kerror: [m[Kexpected ‘[01m[K;[m[K’ at end of member declaration
  144 |   PointCloudXYZRGB::[01;31m[KPtr[m[K pcl_wait_save;
      |                     [01;31m[K^~~[m[K
      |                        [32m[K;[m[K
[01m[K/home/ht/ht_ws/src/FAST-LIVO2/include/LIVMapper.h:144:25:[m[K [01;31m[Kerror: [m[K‘[01m[Kpcl_wait_save[m[K’ does not name a type
  144 |   PointCloudXYZRGB::Ptr [01;31m[Kpcl_wait_save[m[K;
      |                         [01;31m[K^~~~~~~~~~~~~[m[K
[01m[K/home/ht/ht_ws/src/FAST-LIVO2/src/LIVMapper.cpp:[m[K In constructor ‘[01m[KLIVMapper::LIVMapper(rclcpp::Node::SharedPtr&, std::string, const rclcpp::NodeOptions&)[m[K’:
[01m[K/home/ht/ht_ws/src/FAST-LIVO2/src/LIVMapper.cpp:40:3:[m[K [01;31m[Kerror: [m[K‘[01m[Kpcl_wait_save[m[K’ was not declared in this scope; did you mean ‘[01m[Kpcl_wait_pub[m[K’?
   40 |   [01;31m[Kpcl_wait_save[m[K.reset(new PointCloudXYZRGB());
      |   [01;31m[K^~~~~~~~~~~~~[m[K
      |   [32m[Kpcl_wait_pub[m[K
[01m[K/home/ht/ht_ws/src/FAST-LIVO2/src/LIVMapper.cpp:[m[K In member function ‘[01m[Kvoid LIVMapper::savePCD()[m[K’:
[01m[K/home/ht/ht_ws/src/FAST-LIVO2/src/LIVMapper.cpp:572:23:[m[K [01;31m[Kerror: [m[K‘[01m[Kpcl_wait_save[m[K’ was not declared in this scope; did you mean ‘[01m[Kpcl_wait_pub[m[K’?
  572 |   if (pcd_save_en && ([01;31m[Kpcl_wait_save[m[K->points.size() > 0 || pcl_wait_save_intensity->points.size() > 0) && pcd_save_interval < 0)
      |                       [01;31m[K^~~~~~~~~~~~~[m[K
      |                       [32m[Kpcl_wait_pub[m[K
[01m[K/home/ht/ht_ws/src/FAST-LIVO2/src/LIVMapper.cpp:[m[K In member function ‘[01m[Kvoid LIVMapper::publish_frame_world(const SharedPtr&, VIOManagerPtr)[m[K’:
[01m[K/home/ht/ht_ws/src/FAST-LIVO2/src/LIVMapper.cpp:1227:3:[m[K [01;31m[Kerror: [m[K‘[01m[KPointCloudXYZIRGB[m[K’ has not been declared
 1227 |   [01;31m[KPointCloudXYZIRGB[m[K::Ptr laserCloudWorldRGB(new PointCloudXYZIRGB());
      |   [01;31m[K^~~~~~~~~~~~~~~~~[m[K
[01m[K/home/ht/ht_ws/src/FAST-LIVO2/src/LIVMapper.cpp:1239:7:[m[K [01;31m[Kerror: [m[K‘[01m[KlaserCloudWorldRGB[m[K’ was not declared in this scope
 1239 |       [01;31m[KlaserCloudWorldRGB[m[K->reserve(size);
      |       [01;31m[K^~~~~~~~~~~~~~~~~~[m[K
[01m[K/home/ht/ht_ws/src/FAST-LIVO2/src/LIVMapper.cpp:1244:9:[m[K [01;31m[Kerror: [m[K‘[01m[KPointTypeRGB[m[K’ was not declared in this scope; did you mean ‘[01m[KPointTypeRGBA[m[K’?
 1244 |         [01;31m[KPointTypeRGB[m[K pointRGB;
      |         [01;31m[K^~~~~~~~~~~~[m[K
      |         [32m[KPointTypeRGBA[m[K
[01m[K/home/ht/ht_ws/src/FAST-LIVO2/src/LIVMapper.cpp:1245:9:[m[K [01;31m[Kerror: [m[K‘[01m[KpointRGB[m[K’ was not declared in this scope
 1245 |         [01;31m[KpointRGB[m[K.x = pcl_wait_pub->points[i].x;
      |         [01;31m[K^~~~~~~~[m[K
[01m[K/home/ht/ht_ws/src/FAST-LIVO2/src/LIVMapper.cpp:1281:20:[m[K [01;31m[Kerror: [m[K‘[01m[KlaserCloudWorldRGB[m[K’ was not declared in this scope
 1281 |     pcl::toROSMsg(*[01;31m[KlaserCloudWorldRGB[m[K, laserCloudmsg);
      |                    [01;31m[K^~~~~~~~~~~~~~~~~~[m[K
[01m[K/home/ht/ht_ws/src/FAST-LIVO2/src/LIVMapper.cpp:1302:8:[m[K [01;31m[Kerror: [m[K‘[01m[Kpcl_wait_save[m[K’ was not declared in this scope; did you mean ‘[01m[Kpcl_wait_pub[m[K’?
 1302 |       *[01;31m[Kpcl_wait_save[m[K += *laserCloudWorldRGB;
      |        [01;31m[K^~~~~~~~~~~~~[m[K
      |        [32m[Kpcl_wait_pub[m[K
[01m[K/home/ht/ht_ws/src/FAST-LIVO2/src/LIVMapper.cpp:1302:26:[m[K [01;31m[Kerror: [m[K‘[01m[KlaserCloudWorldRGB[m[K’ was not declared in this scope; did you mean ‘[01m[KlaserCloudWorld[m[K’?
 1302 |       *pcl_wait_save += *[01;31m[KlaserCloudWorldRGB[m[K;
      |                          [01;31m[K^~~~~~~~~~~~~~~~~~[m[K
      |                          [32m[KlaserCloudWorld[m[K
[01m[K/home/ht/ht_ws/src/FAST-LIVO2/src/LIVMapper.cpp:1310:10:[m[K [01;31m[Kerror: [m[K‘[01m[Kpcl_wait_save[m[K’ was not declared in this scope; did you mean ‘[01m[Kpcl_wait_pub[m[K’?
 1310 |     if (([01;31m[Kpcl_wait_save[m[K->size() > 0 || pcl_wait_save_intensity->size() > 0) && pcd_save_interval > 0 && scan_wait_num >= pcd_save_interval)
      |          [01;31m[K^~~~~~~~~~~~~[m[K
      |          [32m[Kpcl_wait_pub[m[K
[01m[K/home/ht/ht_ws/src/FAST-LIVO2/src/LIVMapper.cpp:1321:30:[m[K [01;31m[Kerror: [m[Krequest for member ‘[01m[Kswap[m[K’ in ‘[01m[K0[m[K’, which is of non-class type ‘[01m[KPointCloudXYZRGB[m[K’ {aka ‘[01m[Kint[m[K’}
 1321 |           PointCloudXYZRGB().[01;31m[Kswap[m[K(*pcl_wait_save);
      |                              [01;31m[K^~~~[m[K
[01m[K/home/ht/ht_ws/src/FAST-LIVO2/src/LIVMapper.cpp:1335:6:[m[K [01;31m[Kerror: [m[K‘[01m[KlaserCloudWorldRGB[m[K’ was not declared in this scope
 1335 |   if([01;31m[KlaserCloudWorldRGB[m[K->size() > 0)  PointCloudXYZI().swap(*pcl_wait_pub);
      |      [01;31m[K^~~~~~~~~~~~~~~~~~[m[K
gmake[2]: *** [CMakeFiles/pre.dir/build.make:76：CMakeFiles/pre.dir/src/preprocess.cpp.o] 错误 1
gmake[1]: *** [CMakeFiles/Makefile2:201：CMakeFiles/pre.dir/all] 错误 2
gmake[1]: *** 正在等待未完成的任务....
gmake[2]: *** [CMakeFiles/vio.dir/build.make:90：CMakeFiles/vio.dir/src/frame.cpp.o] 错误 1
gmake[2]: *** [CMakeFiles/imu_proc.dir/build.make:76：CMakeFiles/imu_proc.dir/src/IMU_Processing.cpp.o] 错误 1
gmake[1]: *** [CMakeFiles/Makefile2:227：CMakeFiles/imu_proc.dir/all] 错误 2
gmake[2]: *** [CMakeFiles/vio.dir/build.make:76：CMakeFiles/vio.dir/src/vio.cpp.o] 错误 1
gmake[1]: *** [CMakeFiles/Makefile2:149：CMakeFiles/vio.dir/all] 错误 2
gmake[2]: *** [CMakeFiles/laser_mapping.dir/build.make:76：CMakeFiles/laser_mapping.dir/src/LIVMapper.cpp.o] 错误 1
gmake[1]: *** [CMakeFiles/Makefile2:253：CMakeFiles/laser_mapping.dir/all] 错误 2
gmake[2]: *** [CMakeFiles/lio.dir/build.make:76：CMakeFiles/lio.dir/src/voxel_map.cpp.o] 错误 1
gmake[1]: *** [CMakeFiles/Makefile2:175：CMakeFiles/lio.dir/all] 错误 2
gmake: *** [Makefile:146：all] 错误 2
