[0.184s] DEBUG:colcon:Command line arguments: ['/usr/bin/colcon', 'build']
[0.184s] DEBUG:colcon:Parsed command line arguments: Namespace(log_base=None, log_level=None, verb_name='build', build_base='build', install_base='install', merge_install=False, symlink_install=False, test_result_base=None, continue_on_error=False, executor='parallel', parallel_workers=8, event_handlers=None, ignore_user_meta=False, metas=['./colcon.meta'], base_paths=['.'], packages_ignore=None, packages_ignore_regex=None, paths=None, packages_up_to=None, packages_up_to_regex=None, packages_above=None, packages_above_and_dependencies=None, packages_above_depth=None, packages_select_by_dep=None, packages_skip_by_dep=None, packages_skip_up_to=None, packages_select_build_failed=False, packages_skip_build_finished=False, packages_select_test_failures=False, packages_skip_test_passed=False, packages_select=None, packages_skip=None, packages_select_regex=None, packages_skip_regex=None, packages_start=None, packages_end=None, allow_overriding=[], cmake_args=None, cmake_target=None, cmake_target_skip_unavailable=False, cmake_clean_cache=False, cmake_clean_first=False, cmake_force_configure=False, ament_cmake_args=None, catkin_cmake_args=None, catkin_skip_building_tests=False, verb_parser=<colcon_defaults.argument_parser.defaults.DefaultArgumentsDecorator object at 0xffffbad08040>, verb_extension=<colcon_core.verb.build.BuildVerb object at 0xffffbaccbb20>, main=<bound method BuildVerb.main of <colcon_core.verb.build.BuildVerb object at 0xffffbaccbb20>>)
[0.459s] Level 1:colcon.colcon_core.package_discovery:discover_packages(colcon_meta) check parameters
[0.459s] Level 1:colcon.colcon_core.package_discovery:discover_packages(recursive) check parameters
[0.460s] Level 1:colcon.colcon_core.package_discovery:discover_packages(ignore) check parameters
[0.460s] Level 1:colcon.colcon_core.package_discovery:discover_packages(path) check parameters
[0.460s] Level 1:colcon.colcon_core.package_discovery:discover_packages(colcon_meta) discover
[0.460s] Level 1:colcon.colcon_core.package_discovery:discover_packages(recursive) discover
[0.460s] INFO:colcon.colcon_core.package_discovery:Crawling recursively for packages in '/home/bxi_nx/ht_ws'
[0.460s] Level 1:colcon.colcon_core.package_identification:_identify(.) by extensions ['ignore', 'ignore_ament_install']
[0.460s] Level 1:colcon.colcon_core.package_identification:_identify(.) by extension 'ignore'
[0.460s] Level 1:colcon.colcon_core.package_identification:_identify(.) by extension 'ignore_ament_install'
[0.460s] Level 1:colcon.colcon_core.package_identification:_identify(.) by extensions ['colcon_pkg']
[0.461s] Level 1:colcon.colcon_core.package_identification:_identify(.) by extension 'colcon_pkg'
[0.461s] Level 1:colcon.colcon_core.package_identification:_identify(.) by extensions ['colcon_meta']
[0.461s] Level 1:colcon.colcon_core.package_identification:_identify(.) by extension 'colcon_meta'
[0.461s] Level 1:colcon.colcon_core.package_identification:_identify(.) by extensions ['ros']
[0.461s] Level 1:colcon.colcon_core.package_identification:_identify(.) by extension 'ros'
[0.482s] Level 1:colcon.colcon_core.package_identification:_identify(.) by extensions ['cmake', 'python']
[0.483s] Level 1:colcon.colcon_core.package_identification:_identify(.) by extension 'cmake'
[0.483s] Level 1:colcon.colcon_core.package_identification:_identify(.) by extension 'python'
[0.483s] Level 1:colcon.colcon_core.package_identification:_identify(.) by extensions ['python_setup_py']
[0.483s] Level 1:colcon.colcon_core.package_identification:_identify(.) by extension 'python_setup_py'
[0.483s] Level 1:colcon.colcon_core.package_identification:_identify(build) by extensions ['ignore', 'ignore_ament_install']
[0.483s] Level 1:colcon.colcon_core.package_identification:_identify(build) by extension 'ignore'
[0.483s] Level 1:colcon.colcon_core.package_identification:_identify(build) ignored
[0.484s] Level 1:colcon.colcon_core.package_identification:_identify(install) by extensions ['ignore', 'ignore_ament_install']
[0.484s] Level 1:colcon.colcon_core.package_identification:_identify(install) by extension 'ignore'
[0.484s] Level 1:colcon.colcon_core.package_identification:_identify(install) ignored
[0.484s] Level 1:colcon.colcon_core.package_identification:_identify(log) by extensions ['ignore', 'ignore_ament_install']
[0.484s] Level 1:colcon.colcon_core.package_identification:_identify(log) by extension 'ignore'
[0.484s] Level 1:colcon.colcon_core.package_identification:_identify(log) ignored
[0.485s] Level 1:colcon.colcon_core.package_identification:_identify(src) by extensions ['ignore', 'ignore_ament_install']
[0.485s] Level 1:colcon.colcon_core.package_identification:_identify(src) by extension 'ignore'
[0.485s] Level 1:colcon.colcon_core.package_identification:_identify(src) by extension 'ignore_ament_install'
[0.485s] Level 1:colcon.colcon_core.package_identification:_identify(src) by extensions ['colcon_pkg']
[0.485s] Level 1:colcon.colcon_core.package_identification:_identify(src) by extension 'colcon_pkg'
[0.485s] Level 1:colcon.colcon_core.package_identification:_identify(src) by extensions ['colcon_meta']
[0.485s] Level 1:colcon.colcon_core.package_identification:_identify(src) by extension 'colcon_meta'
[0.485s] Level 1:colcon.colcon_core.package_identification:_identify(src) by extensions ['ros']
[0.485s] Level 1:colcon.colcon_core.package_identification:_identify(src) by extension 'ros'
[0.485s] Level 1:colcon.colcon_core.package_identification:_identify(src) by extensions ['cmake', 'python']
[0.485s] Level 1:colcon.colcon_core.package_identification:_identify(src) by extension 'cmake'
[0.485s] Level 1:colcon.colcon_core.package_identification:_identify(src) by extension 'python'
[0.486s] Level 1:colcon.colcon_core.package_identification:_identify(src) by extensions ['python_setup_py']
[0.486s] Level 1:colcon.colcon_core.package_identification:_identify(src) by extension 'python_setup_py'
[0.486s] Level 1:colcon.colcon_core.package_identification:_identify(src/FAST-LIVO2) by extensions ['ignore', 'ignore_ament_install']
[0.486s] Level 1:colcon.colcon_core.package_identification:_identify(src/FAST-LIVO2) by extension 'ignore'
[0.486s] Level 1:colcon.colcon_core.package_identification:_identify(src/FAST-LIVO2) by extension 'ignore_ament_install'
[0.486s] Level 1:colcon.colcon_core.package_identification:_identify(src/FAST-LIVO2) by extensions ['colcon_pkg']
[0.486s] Level 1:colcon.colcon_core.package_identification:_identify(src/FAST-LIVO2) by extension 'colcon_pkg'
[0.486s] Level 1:colcon.colcon_core.package_identification:_identify(src/FAST-LIVO2) by extensions ['colcon_meta']
[0.486s] Level 1:colcon.colcon_core.package_identification:_identify(src/FAST-LIVO2) by extension 'colcon_meta'
[0.486s] Level 1:colcon.colcon_core.package_identification:_identify(src/FAST-LIVO2) by extensions ['ros']
[0.486s] Level 1:colcon.colcon_core.package_identification:_identify(src/FAST-LIVO2) by extension 'ros'
[0.491s] DEBUG:colcon.colcon_core.package_identification:Package 'src/FAST-LIVO2' with type 'ros.ament_cmake' and name 'fast_livo'
[0.491s] Level 1:colcon.colcon_core.package_identification:_identify(src/Livox-SDK2) by extensions ['ignore', 'ignore_ament_install']
[0.492s] Level 1:colcon.colcon_core.package_identification:_identify(src/Livox-SDK2) by extension 'ignore'
[0.492s] Level 1:colcon.colcon_core.package_identification:_identify(src/Livox-SDK2) by extension 'ignore_ament_install'
[0.492s] Level 1:colcon.colcon_core.package_identification:_identify(src/Livox-SDK2) by extensions ['colcon_pkg']
[0.492s] Level 1:colcon.colcon_core.package_identification:_identify(src/Livox-SDK2) by extension 'colcon_pkg'
[0.492s] Level 1:colcon.colcon_core.package_identification:_identify(src/Livox-SDK2) by extensions ['colcon_meta']
[0.492s] Level 1:colcon.colcon_core.package_identification:_identify(src/Livox-SDK2) by extension 'colcon_meta'
[0.492s] Level 1:colcon.colcon_core.package_identification:_identify(src/Livox-SDK2) by extensions ['ros']
[0.492s] Level 1:colcon.colcon_core.package_identification:_identify(src/Livox-SDK2) by extension 'ros'
[0.492s] Level 1:colcon.colcon_core.package_identification:_identify(src/Livox-SDK2) by extensions ['cmake', 'python']
[0.492s] Level 1:colcon.colcon_core.package_identification:_identify(src/Livox-SDK2) by extension 'cmake'
[0.510s] Level 1:colcon.colcon_core.package_identification:_identify(src/Livox-SDK2) by extension 'python'
[0.510s] DEBUG:colcon.colcon_core.package_identification:Package 'src/Livox-SDK2' with type 'cmake' and name 'livox_sdk2'
[0.510s] Level 1:colcon.colcon_core.package_identification:_identify(src/realsense-ros) by extensions ['ignore', 'ignore_ament_install']
[0.511s] Level 1:colcon.colcon_core.package_identification:_identify(src/realsense-ros) by extension 'ignore'
[0.511s] Level 1:colcon.colcon_core.package_identification:_identify(src/realsense-ros) by extension 'ignore_ament_install'
[0.511s] Level 1:colcon.colcon_core.package_identification:_identify(src/realsense-ros) by extensions ['colcon_pkg']
[0.511s] Level 1:colcon.colcon_core.package_identification:_identify(src/realsense-ros) by extension 'colcon_pkg'
[0.511s] Level 1:colcon.colcon_core.package_identification:_identify(src/realsense-ros) by extensions ['colcon_meta']
[0.511s] Level 1:colcon.colcon_core.package_identification:_identify(src/realsense-ros) by extension 'colcon_meta'
[0.511s] Level 1:colcon.colcon_core.package_identification:_identify(src/realsense-ros) by extensions ['ros']
[0.511s] Level 1:colcon.colcon_core.package_identification:_identify(src/realsense-ros) by extension 'ros'
[0.511s] Level 1:colcon.colcon_core.package_identification:_identify(src/realsense-ros) by extensions ['cmake', 'python']
[0.511s] Level 1:colcon.colcon_core.package_identification:_identify(src/realsense-ros) by extension 'cmake'
[0.511s] Level 1:colcon.colcon_core.package_identification:_identify(src/realsense-ros) by extension 'python'
[0.512s] Level 1:colcon.colcon_core.package_identification:_identify(src/realsense-ros) by extensions ['python_setup_py']
[0.512s] Level 1:colcon.colcon_core.package_identification:_identify(src/realsense-ros) by extension 'python_setup_py'
[0.512s] Level 1:colcon.colcon_core.package_identification:_identify(src/realsense-ros/realsense2_camera) by extensions ['ignore', 'ignore_ament_install']
[0.512s] Level 1:colcon.colcon_core.package_identification:_identify(src/realsense-ros/realsense2_camera) by extension 'ignore'
[0.512s] Level 1:colcon.colcon_core.package_identification:_identify(src/realsense-ros/realsense2_camera) by extension 'ignore_ament_install'
[0.512s] Level 1:colcon.colcon_core.package_identification:_identify(src/realsense-ros/realsense2_camera) by extensions ['colcon_pkg']
[0.512s] Level 1:colcon.colcon_core.package_identification:_identify(src/realsense-ros/realsense2_camera) by extension 'colcon_pkg'
[0.512s] Level 1:colcon.colcon_core.package_identification:_identify(src/realsense-ros/realsense2_camera) by extensions ['colcon_meta']
[0.512s] Level 1:colcon.colcon_core.package_identification:_identify(src/realsense-ros/realsense2_camera) by extension 'colcon_meta'
[0.513s] Level 1:colcon.colcon_core.package_identification:_identify(src/realsense-ros/realsense2_camera) by extensions ['ros']
[0.513s] Level 1:colcon.colcon_core.package_identification:_identify(src/realsense-ros/realsense2_camera) by extension 'ros'
[0.515s] DEBUG:colcon.colcon_core.package_identification:Package 'src/realsense-ros/realsense2_camera' with type 'ros.ament_cmake' and name 'realsense2_camera'
[0.516s] Level 1:colcon.colcon_core.package_identification:_identify(src/realsense-ros/realsense2_camera_msgs) by extensions ['ignore', 'ignore_ament_install']
[0.516s] Level 1:colcon.colcon_core.package_identification:_identify(src/realsense-ros/realsense2_camera_msgs) by extension 'ignore'
[0.516s] Level 1:colcon.colcon_core.package_identification:_identify(src/realsense-ros/realsense2_camera_msgs) by extension 'ignore_ament_install'
[0.516s] Level 1:colcon.colcon_core.package_identification:_identify(src/realsense-ros/realsense2_camera_msgs) by extensions ['colcon_pkg']
[0.516s] Level 1:colcon.colcon_core.package_identification:_identify(src/realsense-ros/realsense2_camera_msgs) by extension 'colcon_pkg'
[0.516s] Level 1:colcon.colcon_core.package_identification:_identify(src/realsense-ros/realsense2_camera_msgs) by extensions ['colcon_meta']
[0.517s] Level 1:colcon.colcon_core.package_identification:_identify(src/realsense-ros/realsense2_camera_msgs) by extension 'colcon_meta'
[0.517s] Level 1:colcon.colcon_core.package_identification:_identify(src/realsense-ros/realsense2_camera_msgs) by extensions ['ros']
[0.517s] Level 1:colcon.colcon_core.package_identification:_identify(src/realsense-ros/realsense2_camera_msgs) by extension 'ros'
[0.518s] DEBUG:colcon.colcon_core.package_identification:Package 'src/realsense-ros/realsense2_camera_msgs' with type 'ros.ament_cmake' and name 'realsense2_camera_msgs'
[0.518s] Level 1:colcon.colcon_core.package_identification:_identify(src/realsense-ros/realsense2_description) by extensions ['ignore', 'ignore_ament_install']
[0.518s] Level 1:colcon.colcon_core.package_identification:_identify(src/realsense-ros/realsense2_description) by extension 'ignore'
[0.518s] Level 1:colcon.colcon_core.package_identification:_identify(src/realsense-ros/realsense2_description) by extension 'ignore_ament_install'
[0.518s] Level 1:colcon.colcon_core.package_identification:_identify(src/realsense-ros/realsense2_description) by extensions ['colcon_pkg']
[0.518s] Level 1:colcon.colcon_core.package_identification:_identify(src/realsense-ros/realsense2_description) by extension 'colcon_pkg'
[0.518s] Level 1:colcon.colcon_core.package_identification:_identify(src/realsense-ros/realsense2_description) by extensions ['colcon_meta']
[0.519s] Level 1:colcon.colcon_core.package_identification:_identify(src/realsense-ros/realsense2_description) by extension 'colcon_meta'
[0.519s] Level 1:colcon.colcon_core.package_identification:_identify(src/realsense-ros/realsense2_description) by extensions ['ros']
[0.519s] Level 1:colcon.colcon_core.package_identification:_identify(src/realsense-ros/realsense2_description) by extension 'ros'
[0.520s] DEBUG:colcon.colcon_core.package_identification:Package 'src/realsense-ros/realsense2_description' with type 'ros.ament_cmake' and name 'realsense2_description'
[0.520s] Level 1:colcon.colcon_core.package_identification:_identify(src/realsense-ros/scripts) by extensions ['ignore', 'ignore_ament_install']
[0.520s] Level 1:colcon.colcon_core.package_identification:_identify(src/realsense-ros/scripts) by extension 'ignore'
[0.520s] Level 1:colcon.colcon_core.package_identification:_identify(src/realsense-ros/scripts) by extension 'ignore_ament_install'
[0.520s] Level 1:colcon.colcon_core.package_identification:_identify(src/realsense-ros/scripts) by extensions ['colcon_pkg']
[0.521s] Level 1:colcon.colcon_core.package_identification:_identify(src/realsense-ros/scripts) by extension 'colcon_pkg'
[0.521s] Level 1:colcon.colcon_core.package_identification:_identify(src/realsense-ros/scripts) by extensions ['colcon_meta']
[0.521s] Level 1:colcon.colcon_core.package_identification:_identify(src/realsense-ros/scripts) by extension 'colcon_meta'
[0.521s] Level 1:colcon.colcon_core.package_identification:_identify(src/realsense-ros/scripts) by extensions ['ros']
[0.521s] Level 1:colcon.colcon_core.package_identification:_identify(src/realsense-ros/scripts) by extension 'ros'
[0.521s] Level 1:colcon.colcon_core.package_identification:_identify(src/realsense-ros/scripts) by extensions ['cmake', 'python']
[0.521s] Level 1:colcon.colcon_core.package_identification:_identify(src/realsense-ros/scripts) by extension 'cmake'
[0.521s] Level 1:colcon.colcon_core.package_identification:_identify(src/realsense-ros/scripts) by extension 'python'
[0.521s] Level 1:colcon.colcon_core.package_identification:_identify(src/realsense-ros/scripts) by extensions ['python_setup_py']
[0.521s] Level 1:colcon.colcon_core.package_identification:_identify(src/realsense-ros/scripts) by extension 'python_setup_py'
[0.521s] Level 1:colcon.colcon_core.package_identification:_identify(src/rpg_vikit) by extensions ['ignore', 'ignore_ament_install']
[0.522s] Level 1:colcon.colcon_core.package_identification:_identify(src/rpg_vikit) by extension 'ignore'
[0.522s] Level 1:colcon.colcon_core.package_identification:_identify(src/rpg_vikit) by extension 'ignore_ament_install'
[0.522s] Level 1:colcon.colcon_core.package_identification:_identify(src/rpg_vikit) by extensions ['colcon_pkg']
[0.522s] Level 1:colcon.colcon_core.package_identification:_identify(src/rpg_vikit) by extension 'colcon_pkg'
[0.522s] Level 1:colcon.colcon_core.package_identification:_identify(src/rpg_vikit) by extensions ['colcon_meta']
[0.522s] Level 1:colcon.colcon_core.package_identification:_identify(src/rpg_vikit) by extension 'colcon_meta'
[0.522s] Level 1:colcon.colcon_core.package_identification:_identify(src/rpg_vikit) by extensions ['ros']
[0.522s] Level 1:colcon.colcon_core.package_identification:_identify(src/rpg_vikit) by extension 'ros'
[0.522s] Level 1:colcon.colcon_core.package_identification:_identify(src/rpg_vikit) by extensions ['cmake', 'python']
[0.522s] Level 1:colcon.colcon_core.package_identification:_identify(src/rpg_vikit) by extension 'cmake'
[0.522s] Level 1:colcon.colcon_core.package_identification:_identify(src/rpg_vikit) by extension 'python'
[0.522s] Level 1:colcon.colcon_core.package_identification:_identify(src/rpg_vikit) by extensions ['python_setup_py']
[0.522s] Level 1:colcon.colcon_core.package_identification:_identify(src/rpg_vikit) by extension 'python_setup_py'
[0.523s] Level 1:colcon.colcon_core.package_identification:_identify(src/rpg_vikit/vikit_common) by extensions ['ignore', 'ignore_ament_install']
[0.523s] Level 1:colcon.colcon_core.package_identification:_identify(src/rpg_vikit/vikit_common) by extension 'ignore'
[0.523s] Level 1:colcon.colcon_core.package_identification:_identify(src/rpg_vikit/vikit_common) by extension 'ignore_ament_install'
[0.523s] Level 1:colcon.colcon_core.package_identification:_identify(src/rpg_vikit/vikit_common) by extensions ['colcon_pkg']
[0.523s] Level 1:colcon.colcon_core.package_identification:_identify(src/rpg_vikit/vikit_common) by extension 'colcon_pkg'
[0.523s] Level 1:colcon.colcon_core.package_identification:_identify(src/rpg_vikit/vikit_common) by extensions ['colcon_meta']
[0.523s] Level 1:colcon.colcon_core.package_identification:_identify(src/rpg_vikit/vikit_common) by extension 'colcon_meta'
[0.523s] Level 1:colcon.colcon_core.package_identification:_identify(src/rpg_vikit/vikit_common) by extensions ['ros']
[0.523s] Level 1:colcon.colcon_core.package_identification:_identify(src/rpg_vikit/vikit_common) by extension 'ros'
[0.525s] DEBUG:colcon.colcon_core.package_identification:Package 'src/rpg_vikit/vikit_common' with type 'ros.catkin' and name 'vikit_common'
[0.525s] Level 1:colcon.colcon_core.package_identification:_identify(src/rpg_vikit/vikit_ros) by extensions ['ignore', 'ignore_ament_install']
[0.525s] Level 1:colcon.colcon_core.package_identification:_identify(src/rpg_vikit/vikit_ros) by extension 'ignore'
[0.525s] Level 1:colcon.colcon_core.package_identification:_identify(src/rpg_vikit/vikit_ros) by extension 'ignore_ament_install'
[0.525s] Level 1:colcon.colcon_core.package_identification:_identify(src/rpg_vikit/vikit_ros) by extensions ['colcon_pkg']
[0.525s] Level 1:colcon.colcon_core.package_identification:_identify(src/rpg_vikit/vikit_ros) by extension 'colcon_pkg'
[0.525s] Level 1:colcon.colcon_core.package_identification:_identify(src/rpg_vikit/vikit_ros) by extensions ['colcon_meta']
[0.525s] Level 1:colcon.colcon_core.package_identification:_identify(src/rpg_vikit/vikit_ros) by extension 'colcon_meta'
[0.525s] Level 1:colcon.colcon_core.package_identification:_identify(src/rpg_vikit/vikit_ros) by extensions ['ros']
[0.525s] Level 1:colcon.colcon_core.package_identification:_identify(src/rpg_vikit/vikit_ros) by extension 'ros'
[0.527s] DEBUG:colcon.colcon_core.package_identification:Package 'src/rpg_vikit/vikit_ros' with type 'ros.ament_cmake' and name 'vikit_ros'
[0.527s] Level 1:colcon.colcon_core.package_discovery:discover_packages(recursive) using defaults
[0.527s] Level 1:colcon.colcon_core.package_discovery:discover_packages(ignore) discover
[0.527s] Level 1:colcon.colcon_core.package_discovery:discover_packages(ignore) using defaults
[0.527s] Level 1:colcon.colcon_core.package_discovery:discover_packages(path) discover
[0.527s] Level 1:colcon.colcon_core.package_discovery:discover_packages(path) using defaults
[0.566s] Level 1:colcon.colcon_core.package_discovery:discover_packages(prefix_path) check parameters
[0.566s] Level 1:colcon.colcon_core.package_discovery:discover_packages(prefix_path) discover
[0.569s] DEBUG:colcon.colcon_installed_package_information.package_discovery:Found 5 installed packages in /home/bxi_nx/ws_livox/install
[0.571s] DEBUG:colcon.colcon_installed_package_information.package_discovery:Found 308 installed packages in /opt/ros/humble
[0.603s] Level 1:colcon.colcon_core.package_discovery:discover_packages(prefix_path) using defaults
[0.670s] Level 5:colcon.colcon_core.verb:set package 'livox_sdk2' build argument 'cmake_args' from command line to 'None'
[0.670s] Level 5:colcon.colcon_core.verb:set package 'livox_sdk2' build argument 'cmake_target' from command line to 'None'
[0.670s] Level 5:colcon.colcon_core.verb:set package 'livox_sdk2' build argument 'cmake_target_skip_unavailable' from command line to 'False'
[0.670s] Level 5:colcon.colcon_core.verb:set package 'livox_sdk2' build argument 'cmake_clean_cache' from command line to 'False'
[0.670s] Level 5:colcon.colcon_core.verb:set package 'livox_sdk2' build argument 'cmake_clean_first' from command line to 'False'
[0.670s] Level 5:colcon.colcon_core.verb:set package 'livox_sdk2' build argument 'cmake_force_configure' from command line to 'False'
[0.670s] Level 5:colcon.colcon_core.verb:set package 'livox_sdk2' build argument 'ament_cmake_args' from command line to 'None'
[0.670s] Level 5:colcon.colcon_core.verb:set package 'livox_sdk2' build argument 'catkin_cmake_args' from command line to 'None'
[0.670s] Level 5:colcon.colcon_core.verb:set package 'livox_sdk2' build argument 'catkin_skip_building_tests' from command line to 'False'
[0.670s] DEBUG:colcon.colcon_core.verb:Building package 'livox_sdk2' with the following arguments: {'ament_cmake_args': None, 'build_base': '/home/bxi_nx/ht_ws/build/livox_sdk2', 'catkin_cmake_args': None, 'catkin_skip_building_tests': False, 'cmake_args': None, 'cmake_clean_cache': False, 'cmake_clean_first': False, 'cmake_force_configure': False, 'cmake_target': None, 'cmake_target_skip_unavailable': False, 'install_base': '/home/bxi_nx/ht_ws/install/livox_sdk2', 'merge_install': False, 'path': '/home/bxi_nx/ht_ws/src/Livox-SDK2', 'symlink_install': False, 'test_result_base': None}
[0.671s] Level 5:colcon.colcon_core.verb:set package 'realsense2_camera_msgs' build argument 'cmake_args' from command line to 'None'
[0.671s] Level 5:colcon.colcon_core.verb:set package 'realsense2_camera_msgs' build argument 'cmake_target' from command line to 'None'
[0.671s] Level 5:colcon.colcon_core.verb:set package 'realsense2_camera_msgs' build argument 'cmake_target_skip_unavailable' from command line to 'False'
[0.671s] Level 5:colcon.colcon_core.verb:set package 'realsense2_camera_msgs' build argument 'cmake_clean_cache' from command line to 'False'
[0.671s] Level 5:colcon.colcon_core.verb:set package 'realsense2_camera_msgs' build argument 'cmake_clean_first' from command line to 'False'
[0.671s] Level 5:colcon.colcon_core.verb:set package 'realsense2_camera_msgs' build argument 'cmake_force_configure' from command line to 'False'
[0.671s] Level 5:colcon.colcon_core.verb:set package 'realsense2_camera_msgs' build argument 'ament_cmake_args' from command line to 'None'
[0.671s] Level 5:colcon.colcon_core.verb:set package 'realsense2_camera_msgs' build argument 'catkin_cmake_args' from command line to 'None'
[0.671s] Level 5:colcon.colcon_core.verb:set package 'realsense2_camera_msgs' build argument 'catkin_skip_building_tests' from command line to 'False'
[0.671s] DEBUG:colcon.colcon_core.verb:Building package 'realsense2_camera_msgs' with the following arguments: {'ament_cmake_args': None, 'build_base': '/home/bxi_nx/ht_ws/build/realsense2_camera_msgs', 'catkin_cmake_args': None, 'catkin_skip_building_tests': False, 'cmake_args': None, 'cmake_clean_cache': False, 'cmake_clean_first': False, 'cmake_force_configure': False, 'cmake_target': None, 'cmake_target_skip_unavailable': False, 'install_base': '/home/bxi_nx/ht_ws/install/realsense2_camera_msgs', 'merge_install': False, 'path': '/home/bxi_nx/ht_ws/src/realsense-ros/realsense2_camera_msgs', 'symlink_install': False, 'test_result_base': None}
[0.672s] Level 5:colcon.colcon_core.verb:set package 'vikit_common' build argument 'cmake_args' from command line to 'None'
[0.672s] Level 5:colcon.colcon_core.verb:set package 'vikit_common' build argument 'cmake_target' from command line to 'None'
[0.672s] Level 5:colcon.colcon_core.verb:set package 'vikit_common' build argument 'cmake_target_skip_unavailable' from command line to 'False'
[0.672s] Level 5:colcon.colcon_core.verb:set package 'vikit_common' build argument 'cmake_clean_cache' from command line to 'False'
[0.672s] Level 5:colcon.colcon_core.verb:set package 'vikit_common' build argument 'cmake_clean_first' from command line to 'False'
[0.672s] Level 5:colcon.colcon_core.verb:set package 'vikit_common' build argument 'cmake_force_configure' from command line to 'False'
[0.672s] Level 5:colcon.colcon_core.verb:set package 'vikit_common' build argument 'ament_cmake_args' from command line to 'None'
[0.672s] Level 5:colcon.colcon_core.verb:set package 'vikit_common' build argument 'catkin_cmake_args' from command line to 'None'
[0.672s] Level 5:colcon.colcon_core.verb:set package 'vikit_common' build argument 'catkin_skip_building_tests' from command line to 'False'
[0.673s] DEBUG:colcon.colcon_core.verb:Building package 'vikit_common' with the following arguments: {'ament_cmake_args': None, 'build_base': '/home/bxi_nx/ht_ws/build/vikit_common', 'catkin_cmake_args': None, 'catkin_skip_building_tests': False, 'cmake_args': None, 'cmake_clean_cache': False, 'cmake_clean_first': False, 'cmake_force_configure': False, 'cmake_target': None, 'cmake_target_skip_unavailable': False, 'install_base': '/home/bxi_nx/ht_ws/install/vikit_common', 'merge_install': False, 'path': '/home/bxi_nx/ht_ws/src/rpg_vikit/vikit_common', 'symlink_install': False, 'test_result_base': None}
[0.673s] Level 5:colcon.colcon_core.verb:set package 'realsense2_camera' build argument 'cmake_args' from command line to 'None'
[0.673s] Level 5:colcon.colcon_core.verb:set package 'realsense2_camera' build argument 'cmake_target' from command line to 'None'
[0.673s] Level 5:colcon.colcon_core.verb:set package 'realsense2_camera' build argument 'cmake_target_skip_unavailable' from command line to 'False'
[0.673s] Level 5:colcon.colcon_core.verb:set package 'realsense2_camera' build argument 'cmake_clean_cache' from command line to 'False'
[0.673s] Level 5:colcon.colcon_core.verb:set package 'realsense2_camera' build argument 'cmake_clean_first' from command line to 'False'
[0.673s] Level 5:colcon.colcon_core.verb:set package 'realsense2_camera' build argument 'cmake_force_configure' from command line to 'False'
[0.673s] Level 5:colcon.colcon_core.verb:set package 'realsense2_camera' build argument 'ament_cmake_args' from command line to 'None'
[0.673s] Level 5:colcon.colcon_core.verb:set package 'realsense2_camera' build argument 'catkin_cmake_args' from command line to 'None'
[0.674s] Level 5:colcon.colcon_core.verb:set package 'realsense2_camera' build argument 'catkin_skip_building_tests' from command line to 'False'
[0.674s] DEBUG:colcon.colcon_core.verb:Building package 'realsense2_camera' with the following arguments: {'ament_cmake_args': None, 'build_base': '/home/bxi_nx/ht_ws/build/realsense2_camera', 'catkin_cmake_args': None, 'catkin_skip_building_tests': False, 'cmake_args': None, 'cmake_clean_cache': False, 'cmake_clean_first': False, 'cmake_force_configure': False, 'cmake_target': None, 'cmake_target_skip_unavailable': False, 'install_base': '/home/bxi_nx/ht_ws/install/realsense2_camera', 'merge_install': False, 'path': '/home/bxi_nx/ht_ws/src/realsense-ros/realsense2_camera', 'symlink_install': False, 'test_result_base': None}
[0.674s] Level 5:colcon.colcon_core.verb:set package 'realsense2_description' build argument 'cmake_args' from command line to 'None'
[0.674s] Level 5:colcon.colcon_core.verb:set package 'realsense2_description' build argument 'cmake_target' from command line to 'None'
[0.674s] Level 5:colcon.colcon_core.verb:set package 'realsense2_description' build argument 'cmake_target_skip_unavailable' from command line to 'False'
[0.674s] Level 5:colcon.colcon_core.verb:set package 'realsense2_description' build argument 'cmake_clean_cache' from command line to 'False'
[0.674s] Level 5:colcon.colcon_core.verb:set package 'realsense2_description' build argument 'cmake_clean_first' from command line to 'False'
[0.674s] Level 5:colcon.colcon_core.verb:set package 'realsense2_description' build argument 'cmake_force_configure' from command line to 'False'
[0.674s] Level 5:colcon.colcon_core.verb:set package 'realsense2_description' build argument 'ament_cmake_args' from command line to 'None'
[0.674s] Level 5:colcon.colcon_core.verb:set package 'realsense2_description' build argument 'catkin_cmake_args' from command line to 'None'
[0.674s] Level 5:colcon.colcon_core.verb:set package 'realsense2_description' build argument 'catkin_skip_building_tests' from command line to 'False'
[0.674s] DEBUG:colcon.colcon_core.verb:Building package 'realsense2_description' with the following arguments: {'ament_cmake_args': None, 'build_base': '/home/bxi_nx/ht_ws/build/realsense2_description', 'catkin_cmake_args': None, 'catkin_skip_building_tests': False, 'cmake_args': None, 'cmake_clean_cache': False, 'cmake_clean_first': False, 'cmake_force_configure': False, 'cmake_target': None, 'cmake_target_skip_unavailable': False, 'install_base': '/home/bxi_nx/ht_ws/install/realsense2_description', 'merge_install': False, 'path': '/home/bxi_nx/ht_ws/src/realsense-ros/realsense2_description', 'symlink_install': False, 'test_result_base': None}
[0.675s] Level 5:colcon.colcon_core.verb:set package 'vikit_ros' build argument 'cmake_args' from command line to 'None'
[0.675s] Level 5:colcon.colcon_core.verb:set package 'vikit_ros' build argument 'cmake_target' from command line to 'None'
[0.675s] Level 5:colcon.colcon_core.verb:set package 'vikit_ros' build argument 'cmake_target_skip_unavailable' from command line to 'False'
[0.675s] Level 5:colcon.colcon_core.verb:set package 'vikit_ros' build argument 'cmake_clean_cache' from command line to 'False'
[0.675s] Level 5:colcon.colcon_core.verb:set package 'vikit_ros' build argument 'cmake_clean_first' from command line to 'False'
[0.675s] Level 5:colcon.colcon_core.verb:set package 'vikit_ros' build argument 'cmake_force_configure' from command line to 'False'
[0.675s] Level 5:colcon.colcon_core.verb:set package 'vikit_ros' build argument 'ament_cmake_args' from command line to 'None'
[0.675s] Level 5:colcon.colcon_core.verb:set package 'vikit_ros' build argument 'catkin_cmake_args' from command line to 'None'
[0.675s] Level 5:colcon.colcon_core.verb:set package 'vikit_ros' build argument 'catkin_skip_building_tests' from command line to 'False'
[0.675s] DEBUG:colcon.colcon_core.verb:Building package 'vikit_ros' with the following arguments: {'ament_cmake_args': None, 'build_base': '/home/bxi_nx/ht_ws/build/vikit_ros', 'catkin_cmake_args': None, 'catkin_skip_building_tests': False, 'cmake_args': None, 'cmake_clean_cache': False, 'cmake_clean_first': False, 'cmake_force_configure': False, 'cmake_target': None, 'cmake_target_skip_unavailable': False, 'install_base': '/home/bxi_nx/ht_ws/install/vikit_ros', 'merge_install': False, 'path': '/home/bxi_nx/ht_ws/src/rpg_vikit/vikit_ros', 'symlink_install': False, 'test_result_base': None}
[0.676s] Level 5:colcon.colcon_core.verb:set package 'fast_livo' build argument 'cmake_args' from command line to 'None'
[0.676s] Level 5:colcon.colcon_core.verb:set package 'fast_livo' build argument 'cmake_target' from command line to 'None'
[0.676s] Level 5:colcon.colcon_core.verb:set package 'fast_livo' build argument 'cmake_target_skip_unavailable' from command line to 'False'
[0.676s] Level 5:colcon.colcon_core.verb:set package 'fast_livo' build argument 'cmake_clean_cache' from command line to 'False'
[0.676s] Level 5:colcon.colcon_core.verb:set package 'fast_livo' build argument 'cmake_clean_first' from command line to 'False'
[0.676s] Level 5:colcon.colcon_core.verb:set package 'fast_livo' build argument 'cmake_force_configure' from command line to 'False'
[0.676s] Level 5:colcon.colcon_core.verb:set package 'fast_livo' build argument 'ament_cmake_args' from command line to 'None'
[0.676s] Level 5:colcon.colcon_core.verb:set package 'fast_livo' build argument 'catkin_cmake_args' from command line to 'None'
[0.676s] Level 5:colcon.colcon_core.verb:set package 'fast_livo' build argument 'catkin_skip_building_tests' from command line to 'False'
[0.676s] DEBUG:colcon.colcon_core.verb:Building package 'fast_livo' with the following arguments: {'ament_cmake_args': None, 'build_base': '/home/bxi_nx/ht_ws/build/fast_livo', 'catkin_cmake_args': None, 'catkin_skip_building_tests': False, 'cmake_args': None, 'cmake_clean_cache': False, 'cmake_clean_first': False, 'cmake_force_configure': False, 'cmake_target': None, 'cmake_target_skip_unavailable': False, 'install_base': '/home/bxi_nx/ht_ws/install/fast_livo', 'merge_install': False, 'path': '/home/bxi_nx/ht_ws/src/FAST-LIVO2', 'symlink_install': False, 'test_result_base': None}
[0.677s] INFO:colcon.colcon_core.executor:Executing jobs using 'parallel' executor
[0.678s] DEBUG:colcon.colcon_parallel_executor.executor.parallel:run_until_complete
[0.679s] INFO:colcon.colcon_ros.task.ament_cmake.build:Building ROS package in '/home/bxi_nx/ht_ws/src/realsense-ros/realsense2_camera_msgs' with build type 'ament_cmake'
[0.680s] INFO:colcon.colcon_cmake.task.cmake.build:Building CMake package in '/home/bxi_nx/ht_ws/src/realsense-ros/realsense2_camera_msgs'
[0.684s] INFO:colcon.colcon_core.plugin_system:Skipping extension 'colcon_core.shell.bat': Not used on non-Windows systems
[0.684s] INFO:colcon.colcon_core.shell:Skip shell extension 'powershell' for command environment: Not usable outside of PowerShell
[0.684s] DEBUG:colcon.colcon_core.shell:Skip shell extension 'dsv' for command environment
[0.690s] INFO:colcon.colcon_ros.task.catkin.build:Building ROS package in '/home/bxi_nx/ht_ws/src/rpg_vikit/vikit_common' with build type 'catkin'
[0.690s] INFO:colcon.colcon_cmake.task.cmake.build:Building CMake package in '/home/bxi_nx/ht_ws/src/rpg_vikit/vikit_common'
[0.691s] INFO:colcon.colcon_core.shell:Skip shell extension 'powershell' for command environment: Not usable outside of PowerShell
[0.691s] DEBUG:colcon.colcon_core.shell:Skip shell extension 'dsv' for command environment
[0.696s] INFO:colcon.colcon_cmake.task.cmake.build:Building CMake package in '/home/bxi_nx/ht_ws/src/Livox-SDK2'
[0.697s] INFO:colcon.colcon_core.shell:Skip shell extension 'powershell' for command environment: Not usable outside of PowerShell
[0.697s] DEBUG:colcon.colcon_core.shell:Skip shell extension 'dsv' for command environment
[0.709s] DEBUG:colcon.colcon_core.event_handler.log_command:Invoking command in '/home/bxi_nx/ht_ws/build/realsense2_camera_msgs': CMAKE_PREFIX_PATH=${CMAKE_PREFIX_PATH}:/opt/ros/humble /usr/bin/cmake --build /home/bxi_nx/ht_ws/build/realsense2_camera_msgs -- -j8 -l8
[0.719s] DEBUG:colcon.colcon_core.event_handler.log_command:Invoking command in '/home/bxi_nx/ht_ws/build/vikit_common': /usr/bin/cmake --build /home/bxi_nx/ht_ws/build/vikit_common -- -j8 -l8
[0.726s] DEBUG:colcon.colcon_core.event_handler.log_command:Invoking command in '/home/bxi_nx/ht_ws/build/livox_sdk2': /usr/bin/cmake --build /home/bxi_nx/ht_ws/build/livox_sdk2 -- -j8 -l8
[0.981s] DEBUG:colcon.colcon_core.event_handler.log_command:Invoked command in '/home/bxi_nx/ht_ws/build/vikit_common' returned '0': /usr/bin/cmake --build /home/bxi_nx/ht_ws/build/vikit_common -- -j8 -l8
[1.000s] DEBUG:colcon.colcon_core.event_handler.log_command:Invoking command in '/home/bxi_nx/ht_ws/build/vikit_common': /usr/bin/cmake --install /home/bxi_nx/ht_ws/build/vikit_common
[1.004s] DEBUG:colcon.colcon_core.event_handler.log_command:Invoked command in '/home/bxi_nx/ht_ws/build/livox_sdk2' returned '0': /usr/bin/cmake --build /home/bxi_nx/ht_ws/build/livox_sdk2 -- -j8 -l8
[1.006s] DEBUG:colcon.colcon_core.event_handler.log_command:Invoking command in '/home/bxi_nx/ht_ws/build/livox_sdk2': /usr/bin/cmake --install /home/bxi_nx/ht_ws/build/livox_sdk2
[1.026s] Level 1:colcon.colcon_core.shell:create_environment_hook('vikit_common', 'ros_package_path')
[1.027s] INFO:colcon.colcon_core.shell:Creating environment hook '/home/bxi_nx/ht_ws/install/vikit_common/share/vikit_common/hook/ros_package_path.ps1'
[1.029s] INFO:colcon.colcon_core.shell:Creating environment descriptor '/home/bxi_nx/ht_ws/install/vikit_common/share/vikit_common/hook/ros_package_path.dsv'
[1.031s] INFO:colcon.colcon_core.shell:Creating environment hook '/home/bxi_nx/ht_ws/install/vikit_common/share/vikit_common/hook/ros_package_path.sh'
[1.031s] DEBUG:colcon.colcon_core.event_handler.log_command:Invoked command in '/home/bxi_nx/ht_ws/build/vikit_common' returned '0': /usr/bin/cmake --install /home/bxi_nx/ht_ws/build/vikit_common
[1.033s] Level 1:colcon.colcon_core.shell:create_environment_hook('vikit_common', 'pkg_config_path')
[1.034s] INFO:colcon.colcon_core.shell:Creating environment hook '/home/bxi_nx/ht_ws/install/vikit_common/share/vikit_common/hook/pkg_config_path.ps1'
[1.034s] INFO:colcon.colcon_core.shell:Creating environment descriptor '/home/bxi_nx/ht_ws/install/vikit_common/share/vikit_common/hook/pkg_config_path.dsv'
[1.035s] INFO:colcon.colcon_core.shell:Creating environment hook '/home/bxi_nx/ht_ws/install/vikit_common/share/vikit_common/hook/pkg_config_path.sh'
[1.039s] Level 1:colcon.colcon_core.shell:create_environment_hook('vikit_common', 'pkg_config_path_multiarch')
[1.040s] INFO:colcon.colcon_core.shell:Creating environment hook '/home/bxi_nx/ht_ws/install/vikit_common/share/vikit_common/hook/pkg_config_path_multiarch.ps1'
[1.041s] INFO:colcon.colcon_core.shell:Creating environment descriptor '/home/bxi_nx/ht_ws/install/vikit_common/share/vikit_common/hook/pkg_config_path_multiarch.dsv'
[1.042s] INFO:colcon.colcon_core.shell:Creating environment hook '/home/bxi_nx/ht_ws/install/vikit_common/share/vikit_common/hook/pkg_config_path_multiarch.sh'
[1.044s] Level 1:colcon.colcon_core.environment:create_environment_scripts_only(vikit_common)
[1.048s] Level 1:colcon.colcon_core.environment:checking '/home/bxi_nx/ht_ws/install/vikit_common' for CMake module files
[1.049s] Level 1:colcon.colcon_core.environment:checking '/home/bxi_nx/ht_ws/install/vikit_common' for CMake config files
[1.050s] Level 1:colcon.colcon_core.shell:create_environment_hook('vikit_common', 'cmake_prefix_path')
[1.051s] INFO:colcon.colcon_core.shell:Creating environment hook '/home/bxi_nx/ht_ws/install/vikit_common/share/vikit_common/hook/cmake_prefix_path.ps1'
[1.052s] INFO:colcon.colcon_core.shell:Creating environment descriptor '/home/bxi_nx/ht_ws/install/vikit_common/share/vikit_common/hook/cmake_prefix_path.dsv'
[1.052s] INFO:colcon.colcon_core.shell:Creating environment hook '/home/bxi_nx/ht_ws/install/vikit_common/share/vikit_common/hook/cmake_prefix_path.sh'
[1.053s] Level 1:colcon.colcon_core.environment:checking '/home/bxi_nx/ht_ws/install/vikit_common/lib'
[1.054s] Level 1:colcon.colcon_core.shell:create_environment_hook('vikit_common', 'ld_library_path_lib')
[1.054s] INFO:colcon.colcon_core.shell:Creating environment hook '/home/bxi_nx/ht_ws/install/vikit_common/share/vikit_common/hook/ld_library_path_lib.ps1'
[1.055s] INFO:colcon.colcon_core.shell:Creating environment descriptor '/home/bxi_nx/ht_ws/install/vikit_common/share/vikit_common/hook/ld_library_path_lib.dsv'
[1.055s] INFO:colcon.colcon_core.shell:Creating environment hook '/home/bxi_nx/ht_ws/install/vikit_common/share/vikit_common/hook/ld_library_path_lib.sh'
[1.056s] Level 1:colcon.colcon_core.environment:checking '/home/bxi_nx/ht_ws/install/vikit_common/bin'
[1.056s] Level 1:colcon.colcon_core.environment:checking '/home/bxi_nx/ht_ws/install/vikit_common/lib/pkgconfig/vikit_common.pc'
[1.057s] Level 1:colcon.colcon_core.environment:checking '/home/bxi_nx/ht_ws/install/vikit_common/lib/python3.10/site-packages'
[1.057s] Level 1:colcon.colcon_core.environment:checking '/home/bxi_nx/ht_ws/install/vikit_common/bin'
[1.058s] INFO:colcon.colcon_core.shell:Creating package script '/home/bxi_nx/ht_ws/install/vikit_common/share/vikit_common/package.ps1'
[1.060s] INFO:colcon.colcon_core.shell:Creating package descriptor '/home/bxi_nx/ht_ws/install/vikit_common/share/vikit_common/package.dsv'
[1.061s] INFO:colcon.colcon_core.shell:Creating package script '/home/bxi_nx/ht_ws/install/vikit_common/share/vikit_common/package.sh'
[1.063s] INFO:colcon.colcon_core.shell:Creating package script '/home/bxi_nx/ht_ws/install/vikit_common/share/vikit_common/package.bash'
[1.064s] INFO:colcon.colcon_core.shell:Creating package script '/home/bxi_nx/ht_ws/install/vikit_common/share/vikit_common/package.zsh'
[1.065s] Level 1:colcon.colcon_core.environment:create_file_with_runtime_dependencies(/home/bxi_nx/ht_ws/install/vikit_common/share/colcon-core/packages/vikit_common)
[1.066s] INFO:colcon.colcon_ros.task.ament_cmake.build:Building ROS package in '/home/bxi_nx/ht_ws/src/rpg_vikit/vikit_ros' with build type 'ament_cmake'
[1.066s] INFO:colcon.colcon_cmake.task.cmake.build:Building CMake package in '/home/bxi_nx/ht_ws/src/rpg_vikit/vikit_ros'
[1.067s] INFO:colcon.colcon_core.shell:Skip shell extension 'powershell' for command environment: Not usable outside of PowerShell
[1.067s] DEBUG:colcon.colcon_core.shell:Skip shell extension 'dsv' for command environment
[1.076s] Level 1:colcon.colcon_core.environment:create_environment_scripts_only(livox_sdk2)
[1.077s] DEBUG:colcon.colcon_core.event_handler.log_command:Invoked command in '/home/bxi_nx/ht_ws/build/livox_sdk2' returned '0': /usr/bin/cmake --install /home/bxi_nx/ht_ws/build/livox_sdk2
[1.078s] Level 1:colcon.colcon_core.environment:checking '/home/bxi_nx/ht_ws/install/livox_sdk2' for CMake module files
[1.078s] Level 1:colcon.colcon_core.environment:checking '/home/bxi_nx/ht_ws/install/livox_sdk2' for CMake config files
[1.080s] Level 1:colcon.colcon_core.environment:checking '/home/bxi_nx/ht_ws/install/livox_sdk2/lib'
[1.081s] Level 1:colcon.colcon_core.shell:create_environment_hook('livox_sdk2', 'ld_library_path_lib')
[1.081s] INFO:colcon.colcon_core.shell:Creating environment hook '/home/bxi_nx/ht_ws/install/livox_sdk2/share/livox_sdk2/hook/ld_library_path_lib.ps1'
[1.083s] INFO:colcon.colcon_core.shell:Creating environment descriptor '/home/bxi_nx/ht_ws/install/livox_sdk2/share/livox_sdk2/hook/ld_library_path_lib.dsv'
[1.084s] INFO:colcon.colcon_core.shell:Creating environment hook '/home/bxi_nx/ht_ws/install/livox_sdk2/share/livox_sdk2/hook/ld_library_path_lib.sh'
[1.085s] Level 1:colcon.colcon_core.environment:checking '/home/bxi_nx/ht_ws/install/livox_sdk2/bin'
[1.085s] Level 1:colcon.colcon_core.environment:checking '/home/bxi_nx/ht_ws/install/livox_sdk2/lib/pkgconfig/livox_sdk2.pc'
[1.085s] Level 1:colcon.colcon_core.environment:checking '/home/bxi_nx/ht_ws/install/livox_sdk2/lib/python3.10/site-packages'
[1.086s] Level 1:colcon.colcon_core.environment:checking '/home/bxi_nx/ht_ws/install/livox_sdk2/bin'
[1.087s] INFO:colcon.colcon_core.shell:Creating package script '/home/bxi_nx/ht_ws/install/livox_sdk2/share/livox_sdk2/package.ps1'
[1.088s] INFO:colcon.colcon_core.shell:Creating package descriptor '/home/bxi_nx/ht_ws/install/livox_sdk2/share/livox_sdk2/package.dsv'
[1.088s] INFO:colcon.colcon_core.shell:Creating package script '/home/bxi_nx/ht_ws/install/livox_sdk2/share/livox_sdk2/package.sh'
[1.089s] INFO:colcon.colcon_core.shell:Creating package script '/home/bxi_nx/ht_ws/install/livox_sdk2/share/livox_sdk2/package.bash'
[1.090s] INFO:colcon.colcon_core.shell:Creating package script '/home/bxi_nx/ht_ws/install/livox_sdk2/share/livox_sdk2/package.zsh'
[1.091s] Level 1:colcon.colcon_core.environment:create_file_with_runtime_dependencies(/home/bxi_nx/ht_ws/install/livox_sdk2/share/colcon-core/packages/livox_sdk2)
[1.099s] DEBUG:colcon.colcon_core.event_handler.log_command:Invoking command in '/home/bxi_nx/ht_ws/build/vikit_ros': CMAKE_PREFIX_PATH=/opt/ros/humble:/home/bxi_nx/ht_ws/install/vikit_common:${CMAKE_PREFIX_PATH} LD_LIBRARY_PATH=/home/bxi_nx/ht_ws/install/vikit_common/lib:/home/bxi_nx/gtsam/build/gtsam/libgtsam.so.4:/usr/local/cuda-12.6/lib64:/home/bxi_nx/ws_livox/install/livox_ros_driver2/lib:/home/bxi_nx/ws_livox/install/interface/lib:/home/bxi_nx/ws_livox/install/communication/lib:/home/bxi_nx/gtsam/build/gtsam/libgtsam.so.4:/opt/ros/humble/opt/rviz_ogre_vendor/lib:/opt/ros/humble/lib/aarch64-linux-gnu:/opt/ros/humble/lib:/usr/local/cuda-12.6/lib64 PKG_CONFIG_PATH=/home/bxi_nx/ht_ws/install/vikit_common/lib/aarch64-linux-gnu/pkgconfig:/home/bxi_nx/ht_ws/install/vikit_common/lib/pkgconfig ROS_PACKAGE_PATH=/home/bxi_nx/ht_ws/install/vikit_common/share /usr/bin/cmake --build /home/bxi_nx/ht_ws/build/vikit_ros -- -j8 -l8
[1.248s] DEBUG:colcon.colcon_core.event_handler.log_command:Invoked command in '/home/bxi_nx/ht_ws/build/vikit_ros' returned '0': CMAKE_PREFIX_PATH=/opt/ros/humble:/home/bxi_nx/ht_ws/install/vikit_common:${CMAKE_PREFIX_PATH} LD_LIBRARY_PATH=/home/bxi_nx/ht_ws/install/vikit_common/lib:/home/bxi_nx/gtsam/build/gtsam/libgtsam.so.4:/usr/local/cuda-12.6/lib64:/home/bxi_nx/ws_livox/install/livox_ros_driver2/lib:/home/bxi_nx/ws_livox/install/interface/lib:/home/bxi_nx/ws_livox/install/communication/lib:/home/bxi_nx/gtsam/build/gtsam/libgtsam.so.4:/opt/ros/humble/opt/rviz_ogre_vendor/lib:/opt/ros/humble/lib/aarch64-linux-gnu:/opt/ros/humble/lib:/usr/local/cuda-12.6/lib64 PKG_CONFIG_PATH=/home/bxi_nx/ht_ws/install/vikit_common/lib/aarch64-linux-gnu/pkgconfig:/home/bxi_nx/ht_ws/install/vikit_common/lib/pkgconfig ROS_PACKAGE_PATH=/home/bxi_nx/ht_ws/install/vikit_common/share /usr/bin/cmake --build /home/bxi_nx/ht_ws/build/vikit_ros -- -j8 -l8
[1.251s] DEBUG:colcon.colcon_core.event_handler.log_command:Invoking command in '/home/bxi_nx/ht_ws/build/vikit_ros': CMAKE_PREFIX_PATH=/opt/ros/humble:/home/bxi_nx/ht_ws/install/vikit_common:${CMAKE_PREFIX_PATH} LD_LIBRARY_PATH=/home/bxi_nx/ht_ws/install/vikit_common/lib:/home/bxi_nx/gtsam/build/gtsam/libgtsam.so.4:/usr/local/cuda-12.6/lib64:/home/bxi_nx/ws_livox/install/livox_ros_driver2/lib:/home/bxi_nx/ws_livox/install/interface/lib:/home/bxi_nx/ws_livox/install/communication/lib:/home/bxi_nx/gtsam/build/gtsam/libgtsam.so.4:/opt/ros/humble/opt/rviz_ogre_vendor/lib:/opt/ros/humble/lib/aarch64-linux-gnu:/opt/ros/humble/lib:/usr/local/cuda-12.6/lib64 PKG_CONFIG_PATH=/home/bxi_nx/ht_ws/install/vikit_common/lib/aarch64-linux-gnu/pkgconfig:/home/bxi_nx/ht_ws/install/vikit_common/lib/pkgconfig ROS_PACKAGE_PATH=/home/bxi_nx/ht_ws/install/vikit_common/share /usr/bin/cmake --install /home/bxi_nx/ht_ws/build/vikit_ros
[1.301s] Level 1:colcon.colcon_core.environment:create_environment_scripts_only(vikit_ros)
[1.302s] Level 1:colcon.colcon_core.environment:checking '/home/bxi_nx/ht_ws/install/vikit_ros' for CMake module files
[1.303s] DEBUG:colcon.colcon_core.event_handler.log_command:Invoked command in '/home/bxi_nx/ht_ws/build/vikit_ros' returned '0': CMAKE_PREFIX_PATH=/opt/ros/humble:/home/bxi_nx/ht_ws/install/vikit_common:${CMAKE_PREFIX_PATH} LD_LIBRARY_PATH=/home/bxi_nx/ht_ws/install/vikit_common/lib:/home/bxi_nx/gtsam/build/gtsam/libgtsam.so.4:/usr/local/cuda-12.6/lib64:/home/bxi_nx/ws_livox/install/livox_ros_driver2/lib:/home/bxi_nx/ws_livox/install/interface/lib:/home/bxi_nx/ws_livox/install/communication/lib:/home/bxi_nx/gtsam/build/gtsam/libgtsam.so.4:/opt/ros/humble/opt/rviz_ogre_vendor/lib:/opt/ros/humble/lib/aarch64-linux-gnu:/opt/ros/humble/lib:/usr/local/cuda-12.6/lib64 PKG_CONFIG_PATH=/home/bxi_nx/ht_ws/install/vikit_common/lib/aarch64-linux-gnu/pkgconfig:/home/bxi_nx/ht_ws/install/vikit_common/lib/pkgconfig ROS_PACKAGE_PATH=/home/bxi_nx/ht_ws/install/vikit_common/share /usr/bin/cmake --install /home/bxi_nx/ht_ws/build/vikit_ros
[1.305s] Level 1:colcon.colcon_core.environment:checking '/home/bxi_nx/ht_ws/install/vikit_ros' for CMake config files
[1.306s] Level 1:colcon.colcon_core.shell:create_environment_hook('vikit_ros', 'cmake_prefix_path')
[1.307s] INFO:colcon.colcon_core.shell:Creating environment hook '/home/bxi_nx/ht_ws/install/vikit_ros/share/vikit_ros/hook/cmake_prefix_path.ps1'
[1.308s] INFO:colcon.colcon_core.shell:Creating environment descriptor '/home/bxi_nx/ht_ws/install/vikit_ros/share/vikit_ros/hook/cmake_prefix_path.dsv'
[1.309s] INFO:colcon.colcon_core.shell:Creating environment hook '/home/bxi_nx/ht_ws/install/vikit_ros/share/vikit_ros/hook/cmake_prefix_path.sh'
[1.310s] Level 1:colcon.colcon_core.environment:checking '/home/bxi_nx/ht_ws/install/vikit_ros/lib'
[1.311s] Level 1:colcon.colcon_core.shell:create_environment_hook('vikit_ros', 'ld_library_path_lib')
[1.311s] INFO:colcon.colcon_core.shell:Creating environment hook '/home/bxi_nx/ht_ws/install/vikit_ros/share/vikit_ros/hook/ld_library_path_lib.ps1'
[1.312s] INFO:colcon.colcon_core.shell:Creating environment descriptor '/home/bxi_nx/ht_ws/install/vikit_ros/share/vikit_ros/hook/ld_library_path_lib.dsv'
[1.313s] INFO:colcon.colcon_core.shell:Creating environment hook '/home/bxi_nx/ht_ws/install/vikit_ros/share/vikit_ros/hook/ld_library_path_lib.sh'
[1.314s] Level 1:colcon.colcon_core.environment:checking '/home/bxi_nx/ht_ws/install/vikit_ros/bin'
[1.314s] Level 1:colcon.colcon_core.environment:checking '/home/bxi_nx/ht_ws/install/vikit_ros/lib/pkgconfig/vikit_ros.pc'
[1.314s] Level 1:colcon.colcon_core.environment:checking '/home/bxi_nx/ht_ws/install/vikit_ros/lib/python3.10/site-packages'
[1.315s] Level 1:colcon.colcon_core.environment:checking '/home/bxi_nx/ht_ws/install/vikit_ros/bin'
[1.315s] INFO:colcon.colcon_core.shell:Creating package script '/home/bxi_nx/ht_ws/install/vikit_ros/share/vikit_ros/package.ps1'
[1.316s] INFO:colcon.colcon_core.shell:Creating package descriptor '/home/bxi_nx/ht_ws/install/vikit_ros/share/vikit_ros/package.dsv'
[1.317s] INFO:colcon.colcon_core.shell:Creating package script '/home/bxi_nx/ht_ws/install/vikit_ros/share/vikit_ros/package.sh'
[1.318s] INFO:colcon.colcon_core.shell:Creating package script '/home/bxi_nx/ht_ws/install/vikit_ros/share/vikit_ros/package.bash'
[1.319s] INFO:colcon.colcon_core.shell:Creating package script '/home/bxi_nx/ht_ws/install/vikit_ros/share/vikit_ros/package.zsh'
[1.319s] Level 1:colcon.colcon_core.environment:create_file_with_runtime_dependencies(/home/bxi_nx/ht_ws/install/vikit_ros/share/colcon-core/packages/vikit_ros)
[1.320s] Level 1:colcon.colcon_core.environment:create_environment_scripts_only(vikit_ros)
[1.321s] Level 1:colcon.colcon_core.environment:checking '/home/bxi_nx/ht_ws/install/vikit_ros' for CMake module files
[1.321s] Level 1:colcon.colcon_core.environment:checking '/home/bxi_nx/ht_ws/install/vikit_ros' for CMake config files
[1.322s] Level 1:colcon.colcon_core.shell:create_environment_hook('vikit_ros', 'cmake_prefix_path')
[1.323s] INFO:colcon.colcon_core.shell:Creating environment hook '/home/bxi_nx/ht_ws/install/vikit_ros/share/vikit_ros/hook/cmake_prefix_path.ps1'
[1.324s] INFO:colcon.colcon_core.shell:Creating environment descriptor '/home/bxi_nx/ht_ws/install/vikit_ros/share/vikit_ros/hook/cmake_prefix_path.dsv'
[1.324s] INFO:colcon.colcon_core.shell:Creating environment hook '/home/bxi_nx/ht_ws/install/vikit_ros/share/vikit_ros/hook/cmake_prefix_path.sh'
[1.325s] Level 1:colcon.colcon_core.environment:checking '/home/bxi_nx/ht_ws/install/vikit_ros/lib'
[1.325s] Level 1:colcon.colcon_core.shell:create_environment_hook('vikit_ros', 'ld_library_path_lib')
[1.326s] INFO:colcon.colcon_core.shell:Creating environment hook '/home/bxi_nx/ht_ws/install/vikit_ros/share/vikit_ros/hook/ld_library_path_lib.ps1'
[1.327s] INFO:colcon.colcon_core.shell:Creating environment descriptor '/home/bxi_nx/ht_ws/install/vikit_ros/share/vikit_ros/hook/ld_library_path_lib.dsv'
[1.327s] INFO:colcon.colcon_core.shell:Creating environment hook '/home/bxi_nx/ht_ws/install/vikit_ros/share/vikit_ros/hook/ld_library_path_lib.sh'
[1.328s] Level 1:colcon.colcon_core.environment:checking '/home/bxi_nx/ht_ws/install/vikit_ros/bin'
[1.328s] Level 1:colcon.colcon_core.environment:checking '/home/bxi_nx/ht_ws/install/vikit_ros/lib/pkgconfig/vikit_ros.pc'
[1.328s] Level 1:colcon.colcon_core.environment:checking '/home/bxi_nx/ht_ws/install/vikit_ros/lib/python3.10/site-packages'
[1.329s] Level 1:colcon.colcon_core.environment:checking '/home/bxi_nx/ht_ws/install/vikit_ros/bin'
[1.330s] INFO:colcon.colcon_core.shell:Creating package script '/home/bxi_nx/ht_ws/install/vikit_ros/share/vikit_ros/package.ps1'
[1.331s] INFO:colcon.colcon_core.shell:Creating package descriptor '/home/bxi_nx/ht_ws/install/vikit_ros/share/vikit_ros/package.dsv'
[1.332s] INFO:colcon.colcon_core.shell:Creating package script '/home/bxi_nx/ht_ws/install/vikit_ros/share/vikit_ros/package.sh'
[1.333s] INFO:colcon.colcon_core.shell:Creating package script '/home/bxi_nx/ht_ws/install/vikit_ros/share/vikit_ros/package.bash'
[1.334s] INFO:colcon.colcon_core.shell:Creating package script '/home/bxi_nx/ht_ws/install/vikit_ros/share/vikit_ros/package.zsh'
[1.335s] Level 1:colcon.colcon_core.environment:create_file_with_runtime_dependencies(/home/bxi_nx/ht_ws/install/vikit_ros/share/colcon-core/packages/vikit_ros)
[1.335s] INFO:colcon.colcon_ros.task.ament_cmake.build:Building ROS package in '/home/bxi_nx/ht_ws/src/FAST-LIVO2' with build type 'ament_cmake'
[1.336s] INFO:colcon.colcon_cmake.task.cmake.build:Building CMake package in '/home/bxi_nx/ht_ws/src/FAST-LIVO2'
[1.336s] INFO:colcon.colcon_core.shell:Skip shell extension 'powershell' for command environment: Not usable outside of PowerShell
[1.337s] DEBUG:colcon.colcon_core.shell:Skip shell extension 'dsv' for command environment
[1.365s] DEBUG:colcon.colcon_core.event_handler.log_command:Invoking command in '/home/bxi_nx/ht_ws/build/fast_livo': AMENT_PREFIX_PATH=/home/bxi_nx/ht_ws/install/vikit_ros:${AMENT_PREFIX_PATH} CMAKE_PREFIX_PATH=/home/bxi_nx/ht_ws/install/vikit_ros:/opt/ros/humble:/home/bxi_nx/ht_ws/install/vikit_common:${CMAKE_PREFIX_PATH} LD_LIBRARY_PATH=/home/bxi_nx/ht_ws/install/vikit_ros/lib:/home/bxi_nx/ht_ws/install/vikit_common/lib:/home/bxi_nx/gtsam/build/gtsam/libgtsam.so.4:/usr/local/cuda-12.6/lib64:/home/bxi_nx/ws_livox/install/livox_ros_driver2/lib:/home/bxi_nx/ws_livox/install/interface/lib:/home/bxi_nx/ws_livox/install/communication/lib:/home/bxi_nx/gtsam/build/gtsam/libgtsam.so.4:/opt/ros/humble/opt/rviz_ogre_vendor/lib:/opt/ros/humble/lib/aarch64-linux-gnu:/opt/ros/humble/lib:/usr/local/cuda-12.6/lib64 PKG_CONFIG_PATH=/home/bxi_nx/ht_ws/install/vikit_common/lib/aarch64-linux-gnu/pkgconfig:/home/bxi_nx/ht_ws/install/vikit_common/lib/pkgconfig ROS_PACKAGE_PATH=/home/bxi_nx/ht_ws/install/vikit_common/share /usr/bin/cmake --build /home/bxi_nx/ht_ws/build/fast_livo -- -j8 -l8
[1.409s] DEBUG:colcon.colcon_core.event_handler.log_command:Invoked command in '/home/bxi_nx/ht_ws/build/realsense2_camera_msgs' returned '0': CMAKE_PREFIX_PATH=${CMAKE_PREFIX_PATH}:/opt/ros/humble /usr/bin/cmake --build /home/bxi_nx/ht_ws/build/realsense2_camera_msgs -- -j8 -l8
[1.414s] DEBUG:colcon.colcon_core.event_handler.log_command:Invoking command in '/home/bxi_nx/ht_ws/build/realsense2_camera_msgs': CMAKE_PREFIX_PATH=${CMAKE_PREFIX_PATH}:/opt/ros/humble /usr/bin/cmake --install /home/bxi_nx/ht_ws/build/realsense2_camera_msgs
[1.592s] Level 1:colcon.colcon_core.environment:create_environment_scripts_only(realsense2_camera_msgs)
[1.593s] Level 1:colcon.colcon_core.environment:checking '/home/bxi_nx/ht_ws/install/realsense2_camera_msgs' for CMake module files
[1.594s] DEBUG:colcon.colcon_core.event_handler.log_command:Invoked command in '/home/bxi_nx/ht_ws/build/realsense2_camera_msgs' returned '0': CMAKE_PREFIX_PATH=${CMAKE_PREFIX_PATH}:/opt/ros/humble /usr/bin/cmake --install /home/bxi_nx/ht_ws/build/realsense2_camera_msgs
[1.596s] Level 1:colcon.colcon_core.environment:checking '/home/bxi_nx/ht_ws/install/realsense2_camera_msgs' for CMake config files
[1.599s] Level 1:colcon.colcon_core.shell:create_environment_hook('realsense2_camera_msgs', 'cmake_prefix_path')
[1.600s] INFO:colcon.colcon_core.shell:Creating environment hook '/home/bxi_nx/ht_ws/install/realsense2_camera_msgs/share/realsense2_camera_msgs/hook/cmake_prefix_path.ps1'
[1.601s] INFO:colcon.colcon_core.shell:Creating environment descriptor '/home/bxi_nx/ht_ws/install/realsense2_camera_msgs/share/realsense2_camera_msgs/hook/cmake_prefix_path.dsv'
[1.602s] INFO:colcon.colcon_core.shell:Creating environment hook '/home/bxi_nx/ht_ws/install/realsense2_camera_msgs/share/realsense2_camera_msgs/hook/cmake_prefix_path.sh'
[1.604s] Level 1:colcon.colcon_core.environment:checking '/home/bxi_nx/ht_ws/install/realsense2_camera_msgs/lib'
[1.608s] Level 1:colcon.colcon_core.shell:create_environment_hook('realsense2_camera_msgs', 'ld_library_path_lib')
[1.609s] INFO:colcon.colcon_core.shell:Creating environment hook '/home/bxi_nx/ht_ws/install/realsense2_camera_msgs/share/realsense2_camera_msgs/hook/ld_library_path_lib.ps1'
[1.611s] INFO:colcon.colcon_core.shell:Creating environment descriptor '/home/bxi_nx/ht_ws/install/realsense2_camera_msgs/share/realsense2_camera_msgs/hook/ld_library_path_lib.dsv'
[1.612s] INFO:colcon.colcon_core.shell:Creating environment hook '/home/bxi_nx/ht_ws/install/realsense2_camera_msgs/share/realsense2_camera_msgs/hook/ld_library_path_lib.sh'
[1.614s] Level 1:colcon.colcon_core.environment:checking '/home/bxi_nx/ht_ws/install/realsense2_camera_msgs/bin'
[1.614s] Level 1:colcon.colcon_core.environment:checking '/home/bxi_nx/ht_ws/install/realsense2_camera_msgs/lib/pkgconfig/realsense2_camera_msgs.pc'
[1.615s] Level 1:colcon.colcon_core.environment:checking '/home/bxi_nx/ht_ws/install/realsense2_camera_msgs/lib/python3.10/site-packages'
[1.616s] Level 1:colcon.colcon_core.environment:checking '/home/bxi_nx/ht_ws/install/realsense2_camera_msgs/bin'
[1.617s] INFO:colcon.colcon_core.shell:Creating package script '/home/bxi_nx/ht_ws/install/realsense2_camera_msgs/share/realsense2_camera_msgs/package.ps1'
[1.619s] INFO:colcon.colcon_core.shell:Creating package descriptor '/home/bxi_nx/ht_ws/install/realsense2_camera_msgs/share/realsense2_camera_msgs/package.dsv'
[1.620s] INFO:colcon.colcon_core.shell:Creating package script '/home/bxi_nx/ht_ws/install/realsense2_camera_msgs/share/realsense2_camera_msgs/package.sh'
[1.622s] INFO:colcon.colcon_core.shell:Creating package script '/home/bxi_nx/ht_ws/install/realsense2_camera_msgs/share/realsense2_camera_msgs/package.bash'
[1.623s] INFO:colcon.colcon_core.shell:Creating package script '/home/bxi_nx/ht_ws/install/realsense2_camera_msgs/share/realsense2_camera_msgs/package.zsh'
[1.624s] Level 1:colcon.colcon_core.environment:create_file_with_runtime_dependencies(/home/bxi_nx/ht_ws/install/realsense2_camera_msgs/share/colcon-core/packages/realsense2_camera_msgs)
[1.626s] Level 1:colcon.colcon_core.environment:create_environment_scripts_only(realsense2_camera_msgs)
[1.626s] Level 1:colcon.colcon_core.environment:checking '/home/bxi_nx/ht_ws/install/realsense2_camera_msgs' for CMake module files
[1.628s] Level 1:colcon.colcon_core.environment:checking '/home/bxi_nx/ht_ws/install/realsense2_camera_msgs' for CMake config files
[1.631s] Level 1:colcon.colcon_core.shell:create_environment_hook('realsense2_camera_msgs', 'cmake_prefix_path')
[1.632s] INFO:colcon.colcon_core.shell:Creating environment hook '/home/bxi_nx/ht_ws/install/realsense2_camera_msgs/share/realsense2_camera_msgs/hook/cmake_prefix_path.ps1'
[1.633s] INFO:colcon.colcon_core.shell:Creating environment descriptor '/home/bxi_nx/ht_ws/install/realsense2_camera_msgs/share/realsense2_camera_msgs/hook/cmake_prefix_path.dsv'
[1.634s] INFO:colcon.colcon_core.shell:Creating environment hook '/home/bxi_nx/ht_ws/install/realsense2_camera_msgs/share/realsense2_camera_msgs/hook/cmake_prefix_path.sh'
[1.636s] Level 1:colcon.colcon_core.environment:checking '/home/bxi_nx/ht_ws/install/realsense2_camera_msgs/lib'
[1.636s] Level 1:colcon.colcon_core.shell:create_environment_hook('realsense2_camera_msgs', 'ld_library_path_lib')
[1.636s] INFO:colcon.colcon_core.shell:Creating environment hook '/home/bxi_nx/ht_ws/install/realsense2_camera_msgs/share/realsense2_camera_msgs/hook/ld_library_path_lib.ps1'
[1.637s] INFO:colcon.colcon_core.shell:Creating environment descriptor '/home/bxi_nx/ht_ws/install/realsense2_camera_msgs/share/realsense2_camera_msgs/hook/ld_library_path_lib.dsv'
[1.638s] INFO:colcon.colcon_core.shell:Creating environment hook '/home/bxi_nx/ht_ws/install/realsense2_camera_msgs/share/realsense2_camera_msgs/hook/ld_library_path_lib.sh'
[1.639s] Level 1:colcon.colcon_core.environment:checking '/home/bxi_nx/ht_ws/install/realsense2_camera_msgs/bin'
[1.639s] Level 1:colcon.colcon_core.environment:checking '/home/bxi_nx/ht_ws/install/realsense2_camera_msgs/lib/pkgconfig/realsense2_camera_msgs.pc'
[1.640s] Level 1:colcon.colcon_core.environment:checking '/home/bxi_nx/ht_ws/install/realsense2_camera_msgs/lib/python3.10/site-packages'
[1.641s] Level 1:colcon.colcon_core.environment:checking '/home/bxi_nx/ht_ws/install/realsense2_camera_msgs/bin'
[1.642s] INFO:colcon.colcon_core.shell:Creating package script '/home/bxi_nx/ht_ws/install/realsense2_camera_msgs/share/realsense2_camera_msgs/package.ps1'
[1.644s] INFO:colcon.colcon_core.shell:Creating package descriptor '/home/bxi_nx/ht_ws/install/realsense2_camera_msgs/share/realsense2_camera_msgs/package.dsv'
[1.645s] INFO:colcon.colcon_core.shell:Creating package script '/home/bxi_nx/ht_ws/install/realsense2_camera_msgs/share/realsense2_camera_msgs/package.sh'
[1.646s] INFO:colcon.colcon_core.shell:Creating package script '/home/bxi_nx/ht_ws/install/realsense2_camera_msgs/share/realsense2_camera_msgs/package.bash'
[1.647s] INFO:colcon.colcon_core.shell:Creating package script '/home/bxi_nx/ht_ws/install/realsense2_camera_msgs/share/realsense2_camera_msgs/package.zsh'
[1.648s] Level 1:colcon.colcon_core.environment:create_file_with_runtime_dependencies(/home/bxi_nx/ht_ws/install/realsense2_camera_msgs/share/colcon-core/packages/realsense2_camera_msgs)
[1.649s] INFO:colcon.colcon_ros.task.ament_cmake.build:Building ROS package in '/home/bxi_nx/ht_ws/src/realsense-ros/realsense2_camera' with build type 'ament_cmake'
[1.650s] INFO:colcon.colcon_cmake.task.cmake.build:Building CMake package in '/home/bxi_nx/ht_ws/src/realsense-ros/realsense2_camera'
[1.650s] INFO:colcon.colcon_core.shell:Skip shell extension 'powershell' for command environment: Not usable outside of PowerShell
[1.651s] DEBUG:colcon.colcon_core.shell:Skip shell extension 'dsv' for command environment
[1.661s] INFO:colcon.colcon_ros.task.ament_cmake.build:Building ROS package in '/home/bxi_nx/ht_ws/src/realsense-ros/realsense2_description' with build type 'ament_cmake'
[1.661s] INFO:colcon.colcon_cmake.task.cmake.build:Building CMake package in '/home/bxi_nx/ht_ws/src/realsense-ros/realsense2_description'
[1.662s] INFO:colcon.colcon_core.shell:Skip shell extension 'powershell' for command environment: Not usable outside of PowerShell
[1.662s] DEBUG:colcon.colcon_core.shell:Skip shell extension 'dsv' for command environment
[1.677s] DEBUG:colcon.colcon_core.event_handler.log_command:Invoking command in '/home/bxi_nx/ht_ws/build/realsense2_camera': AMENT_PREFIX_PATH=/home/bxi_nx/ht_ws/install/realsense2_camera_msgs:${AMENT_PREFIX_PATH} CMAKE_PREFIX_PATH=/home/bxi_nx/ht_ws/install/realsense2_camera_msgs:/home/bxi_nx/ws_livox/install/localizer:/home/bxi_nx/ws_livox/install/fastlio2:/home/bxi_nx/ws_livox/install/livox_ros_driver2:/home/bxi_nx/ws_livox/install/interface:/home/bxi_nx/ws_livox/install/communication:/opt/ros/humble LD_LIBRARY_PATH=/home/bxi_nx/ht_ws/install/realsense2_camera_msgs/lib:/home/bxi_nx/gtsam/build/gtsam/libgtsam.so.4:/usr/local/cuda-12.6/lib64:/home/bxi_nx/ws_livox/install/livox_ros_driver2/lib:/home/bxi_nx/ws_livox/install/interface/lib:/home/bxi_nx/ws_livox/install/communication/lib:/home/bxi_nx/gtsam/build/gtsam/libgtsam.so.4:/opt/ros/humble/opt/rviz_ogre_vendor/lib:/opt/ros/humble/lib/aarch64-linux-gnu:/opt/ros/humble/lib:/usr/local/cuda-12.6/lib64 PYTHONPATH=/home/bxi_nx/ht_ws/install/realsense2_camera_msgs/local/lib/python3.10/dist-packages:${PYTHONPATH} /usr/bin/cmake --build /home/bxi_nx/ht_ws/build/realsense2_camera -- -j8 -l8
[1.688s] DEBUG:colcon.colcon_core.event_handler.log_command:Invoking command in '/home/bxi_nx/ht_ws/build/realsense2_description': AMENT_PREFIX_PATH=/home/bxi_nx/ht_ws/install/realsense2_camera_msgs:${AMENT_PREFIX_PATH} CMAKE_PREFIX_PATH=/home/bxi_nx/ht_ws/install/realsense2_camera_msgs:/home/bxi_nx/ws_livox/install/localizer:/home/bxi_nx/ws_livox/install/fastlio2:/home/bxi_nx/ws_livox/install/livox_ros_driver2:/home/bxi_nx/ws_livox/install/interface:/home/bxi_nx/ws_livox/install/communication:/opt/ros/humble LD_LIBRARY_PATH=/home/bxi_nx/ht_ws/install/realsense2_camera_msgs/lib:/home/bxi_nx/gtsam/build/gtsam/libgtsam.so.4:/usr/local/cuda-12.6/lib64:/home/bxi_nx/ws_livox/install/livox_ros_driver2/lib:/home/bxi_nx/ws_livox/install/interface/lib:/home/bxi_nx/ws_livox/install/communication/lib:/home/bxi_nx/gtsam/build/gtsam/libgtsam.so.4:/opt/ros/humble/opt/rviz_ogre_vendor/lib:/opt/ros/humble/lib/aarch64-linux-gnu:/opt/ros/humble/lib:/usr/local/cuda-12.6/lib64 PYTHONPATH=/home/bxi_nx/ht_ws/install/realsense2_camera_msgs/local/lib/python3.10/dist-packages:${PYTHONPATH} /usr/bin/cmake --build /home/bxi_nx/ht_ws/build/realsense2_description -- -j8 -l8
[1.757s] DEBUG:colcon.colcon_core.event_handler.log_command:Invoked command in '/home/bxi_nx/ht_ws/build/realsense2_description' returned '0': AMENT_PREFIX_PATH=/home/bxi_nx/ht_ws/install/realsense2_camera_msgs:${AMENT_PREFIX_PATH} CMAKE_PREFIX_PATH=/home/bxi_nx/ht_ws/install/realsense2_camera_msgs:/home/bxi_nx/ws_livox/install/localizer:/home/bxi_nx/ws_livox/install/fastlio2:/home/bxi_nx/ws_livox/install/livox_ros_driver2:/home/bxi_nx/ws_livox/install/interface:/home/bxi_nx/ws_livox/install/communication:/opt/ros/humble LD_LIBRARY_PATH=/home/bxi_nx/ht_ws/install/realsense2_camera_msgs/lib:/home/bxi_nx/gtsam/build/gtsam/libgtsam.so.4:/usr/local/cuda-12.6/lib64:/home/bxi_nx/ws_livox/install/livox_ros_driver2/lib:/home/bxi_nx/ws_livox/install/interface/lib:/home/bxi_nx/ws_livox/install/communication/lib:/home/bxi_nx/gtsam/build/gtsam/libgtsam.so.4:/opt/ros/humble/opt/rviz_ogre_vendor/lib:/opt/ros/humble/lib/aarch64-linux-gnu:/opt/ros/humble/lib:/usr/local/cuda-12.6/lib64 PYTHONPATH=/home/bxi_nx/ht_ws/install/realsense2_camera_msgs/local/lib/python3.10/dist-packages:${PYTHONPATH} /usr/bin/cmake --build /home/bxi_nx/ht_ws/build/realsense2_description -- -j8 -l8
[1.759s] DEBUG:colcon.colcon_core.event_handler.log_command:Invoking command in '/home/bxi_nx/ht_ws/build/realsense2_description': AMENT_PREFIX_PATH=/home/bxi_nx/ht_ws/install/realsense2_camera_msgs:${AMENT_PREFIX_PATH} CMAKE_PREFIX_PATH=/home/bxi_nx/ht_ws/install/realsense2_camera_msgs:/home/bxi_nx/ws_livox/install/localizer:/home/bxi_nx/ws_livox/install/fastlio2:/home/bxi_nx/ws_livox/install/livox_ros_driver2:/home/bxi_nx/ws_livox/install/interface:/home/bxi_nx/ws_livox/install/communication:/opt/ros/humble LD_LIBRARY_PATH=/home/bxi_nx/ht_ws/install/realsense2_camera_msgs/lib:/home/bxi_nx/gtsam/build/gtsam/libgtsam.so.4:/usr/local/cuda-12.6/lib64:/home/bxi_nx/ws_livox/install/livox_ros_driver2/lib:/home/bxi_nx/ws_livox/install/interface/lib:/home/bxi_nx/ws_livox/install/communication/lib:/home/bxi_nx/gtsam/build/gtsam/libgtsam.so.4:/opt/ros/humble/opt/rviz_ogre_vendor/lib:/opt/ros/humble/lib/aarch64-linux-gnu:/opt/ros/humble/lib:/usr/local/cuda-12.6/lib64 PYTHONPATH=/home/bxi_nx/ht_ws/install/realsense2_camera_msgs/local/lib/python3.10/dist-packages:${PYTHONPATH} /usr/bin/cmake --install /home/bxi_nx/ht_ws/build/realsense2_description
[1.808s] Level 1:colcon.colcon_core.environment:create_environment_scripts_only(realsense2_description)
[1.809s] Level 1:colcon.colcon_core.environment:checking '/home/bxi_nx/ht_ws/install/realsense2_description' for CMake module files
[1.810s] DEBUG:colcon.colcon_core.event_handler.log_command:Invoked command in '/home/bxi_nx/ht_ws/build/realsense2_description' returned '0': AMENT_PREFIX_PATH=/home/bxi_nx/ht_ws/install/realsense2_camera_msgs:${AMENT_PREFIX_PATH} CMAKE_PREFIX_PATH=/home/bxi_nx/ht_ws/install/realsense2_camera_msgs:/home/bxi_nx/ws_livox/install/localizer:/home/bxi_nx/ws_livox/install/fastlio2:/home/bxi_nx/ws_livox/install/livox_ros_driver2:/home/bxi_nx/ws_livox/install/interface:/home/bxi_nx/ws_livox/install/communication:/opt/ros/humble LD_LIBRARY_PATH=/home/bxi_nx/ht_ws/install/realsense2_camera_msgs/lib:/home/bxi_nx/gtsam/build/gtsam/libgtsam.so.4:/usr/local/cuda-12.6/lib64:/home/bxi_nx/ws_livox/install/livox_ros_driver2/lib:/home/bxi_nx/ws_livox/install/interface/lib:/home/bxi_nx/ws_livox/install/communication/lib:/home/bxi_nx/gtsam/build/gtsam/libgtsam.so.4:/opt/ros/humble/opt/rviz_ogre_vendor/lib:/opt/ros/humble/lib/aarch64-linux-gnu:/opt/ros/humble/lib:/usr/local/cuda-12.6/lib64 PYTHONPATH=/home/bxi_nx/ht_ws/install/realsense2_camera_msgs/local/lib/python3.10/dist-packages:${PYTHONPATH} /usr/bin/cmake --install /home/bxi_nx/ht_ws/build/realsense2_description
[1.812s] Level 1:colcon.colcon_core.environment:checking '/home/bxi_nx/ht_ws/install/realsense2_description' for CMake config files
[1.813s] Level 1:colcon.colcon_core.shell:create_environment_hook('realsense2_description', 'cmake_prefix_path')
[1.814s] INFO:colcon.colcon_core.shell:Creating environment hook '/home/bxi_nx/ht_ws/install/realsense2_description/share/realsense2_description/hook/cmake_prefix_path.ps1'
[1.816s] INFO:colcon.colcon_core.shell:Creating environment descriptor '/home/bxi_nx/ht_ws/install/realsense2_description/share/realsense2_description/hook/cmake_prefix_path.dsv'
[1.817s] INFO:colcon.colcon_core.shell:Creating environment hook '/home/bxi_nx/ht_ws/install/realsense2_description/share/realsense2_description/hook/cmake_prefix_path.sh'
[1.818s] Level 1:colcon.colcon_core.environment:checking '/home/bxi_nx/ht_ws/install/realsense2_description/bin'
[1.818s] Level 1:colcon.colcon_core.environment:checking '/home/bxi_nx/ht_ws/install/realsense2_description/lib/pkgconfig/realsense2_description.pc'
[1.819s] Level 1:colcon.colcon_core.environment:checking '/home/bxi_nx/ht_ws/install/realsense2_description/lib/python3.10/site-packages'
[1.820s] Level 1:colcon.colcon_core.environment:checking '/home/bxi_nx/ht_ws/install/realsense2_description/bin'
[1.821s] INFO:colcon.colcon_core.shell:Creating package script '/home/bxi_nx/ht_ws/install/realsense2_description/share/realsense2_description/package.ps1'
[1.823s] INFO:colcon.colcon_core.shell:Creating package descriptor '/home/bxi_nx/ht_ws/install/realsense2_description/share/realsense2_description/package.dsv'
[1.824s] INFO:colcon.colcon_core.shell:Creating package script '/home/bxi_nx/ht_ws/install/realsense2_description/share/realsense2_description/package.sh'
[1.825s] INFO:colcon.colcon_core.shell:Creating package script '/home/bxi_nx/ht_ws/install/realsense2_description/share/realsense2_description/package.bash'
[1.826s] INFO:colcon.colcon_core.shell:Creating package script '/home/bxi_nx/ht_ws/install/realsense2_description/share/realsense2_description/package.zsh'
[1.827s] Level 1:colcon.colcon_core.environment:create_file_with_runtime_dependencies(/home/bxi_nx/ht_ws/install/realsense2_description/share/colcon-core/packages/realsense2_description)
[1.828s] Level 1:colcon.colcon_core.environment:create_environment_scripts_only(realsense2_description)
[1.829s] Level 1:colcon.colcon_core.environment:checking '/home/bxi_nx/ht_ws/install/realsense2_description' for CMake module files
[1.830s] Level 1:colcon.colcon_core.environment:checking '/home/bxi_nx/ht_ws/install/realsense2_description' for CMake config files
[1.831s] Level 1:colcon.colcon_core.shell:create_environment_hook('realsense2_description', 'cmake_prefix_path')
[1.831s] INFO:colcon.colcon_core.shell:Creating environment hook '/home/bxi_nx/ht_ws/install/realsense2_description/share/realsense2_description/hook/cmake_prefix_path.ps1'
[1.833s] INFO:colcon.colcon_core.shell:Creating environment descriptor '/home/bxi_nx/ht_ws/install/realsense2_description/share/realsense2_description/hook/cmake_prefix_path.dsv'
[1.834s] INFO:colcon.colcon_core.shell:Creating environment hook '/home/bxi_nx/ht_ws/install/realsense2_description/share/realsense2_description/hook/cmake_prefix_path.sh'
[1.835s] Level 1:colcon.colcon_core.environment:checking '/home/bxi_nx/ht_ws/install/realsense2_description/bin'
[1.835s] Level 1:colcon.colcon_core.environment:checking '/home/bxi_nx/ht_ws/install/realsense2_description/lib/pkgconfig/realsense2_description.pc'
[1.836s] Level 1:colcon.colcon_core.environment:checking '/home/bxi_nx/ht_ws/install/realsense2_description/lib/python3.10/site-packages'
[1.837s] Level 1:colcon.colcon_core.environment:checking '/home/bxi_nx/ht_ws/install/realsense2_description/bin'
[1.838s] INFO:colcon.colcon_core.shell:Creating package script '/home/bxi_nx/ht_ws/install/realsense2_description/share/realsense2_description/package.ps1'
[1.839s] INFO:colcon.colcon_core.shell:Creating package descriptor '/home/bxi_nx/ht_ws/install/realsense2_description/share/realsense2_description/package.dsv'
[1.841s] INFO:colcon.colcon_core.shell:Creating package script '/home/bxi_nx/ht_ws/install/realsense2_description/share/realsense2_description/package.sh'
[1.842s] INFO:colcon.colcon_core.shell:Creating package script '/home/bxi_nx/ht_ws/install/realsense2_description/share/realsense2_description/package.bash'
[1.843s] INFO:colcon.colcon_core.shell:Creating package script '/home/bxi_nx/ht_ws/install/realsense2_description/share/realsense2_description/package.zsh'
[1.845s] Level 1:colcon.colcon_core.environment:create_file_with_runtime_dependencies(/home/bxi_nx/ht_ws/install/realsense2_description/share/colcon-core/packages/realsense2_description)
[1.850s] DEBUG:colcon.colcon_core.event_handler.log_command:Invoked command in '/home/bxi_nx/ht_ws/build/realsense2_camera' returned '0': AMENT_PREFIX_PATH=/home/bxi_nx/ht_ws/install/realsense2_camera_msgs:${AMENT_PREFIX_PATH} CMAKE_PREFIX_PATH=/home/bxi_nx/ht_ws/install/realsense2_camera_msgs:/home/bxi_nx/ws_livox/install/localizer:/home/bxi_nx/ws_livox/install/fastlio2:/home/bxi_nx/ws_livox/install/livox_ros_driver2:/home/bxi_nx/ws_livox/install/interface:/home/bxi_nx/ws_livox/install/communication:/opt/ros/humble LD_LIBRARY_PATH=/home/bxi_nx/ht_ws/install/realsense2_camera_msgs/lib:/home/bxi_nx/gtsam/build/gtsam/libgtsam.so.4:/usr/local/cuda-12.6/lib64:/home/bxi_nx/ws_livox/install/livox_ros_driver2/lib:/home/bxi_nx/ws_livox/install/interface/lib:/home/bxi_nx/ws_livox/install/communication/lib:/home/bxi_nx/gtsam/build/gtsam/libgtsam.so.4:/opt/ros/humble/opt/rviz_ogre_vendor/lib:/opt/ros/humble/lib/aarch64-linux-gnu:/opt/ros/humble/lib:/usr/local/cuda-12.6/lib64 PYTHONPATH=/home/bxi_nx/ht_ws/install/realsense2_camera_msgs/local/lib/python3.10/dist-packages:${PYTHONPATH} /usr/bin/cmake --build /home/bxi_nx/ht_ws/build/realsense2_camera -- -j8 -l8
[1.854s] DEBUG:colcon.colcon_core.event_handler.log_command:Invoking command in '/home/bxi_nx/ht_ws/build/realsense2_camera': AMENT_PREFIX_PATH=/home/bxi_nx/ht_ws/install/realsense2_camera_msgs:${AMENT_PREFIX_PATH} CMAKE_PREFIX_PATH=/home/bxi_nx/ht_ws/install/realsense2_camera_msgs:/home/bxi_nx/ws_livox/install/localizer:/home/bxi_nx/ws_livox/install/fastlio2:/home/bxi_nx/ws_livox/install/livox_ros_driver2:/home/bxi_nx/ws_livox/install/interface:/home/bxi_nx/ws_livox/install/communication:/opt/ros/humble LD_LIBRARY_PATH=/home/bxi_nx/ht_ws/install/realsense2_camera_msgs/lib:/home/bxi_nx/gtsam/build/gtsam/libgtsam.so.4:/usr/local/cuda-12.6/lib64:/home/bxi_nx/ws_livox/install/livox_ros_driver2/lib:/home/bxi_nx/ws_livox/install/interface/lib:/home/bxi_nx/ws_livox/install/communication/lib:/home/bxi_nx/gtsam/build/gtsam/libgtsam.so.4:/opt/ros/humble/opt/rviz_ogre_vendor/lib:/opt/ros/humble/lib/aarch64-linux-gnu:/opt/ros/humble/lib:/usr/local/cuda-12.6/lib64 PYTHONPATH=/home/bxi_nx/ht_ws/install/realsense2_camera_msgs/local/lib/python3.10/dist-packages:${PYTHONPATH} /usr/bin/cmake --install /home/bxi_nx/ht_ws/build/realsense2_camera
[1.905s] Level 1:colcon.colcon_core.environment:create_environment_scripts_only(realsense2_camera)
[1.906s] Level 1:colcon.colcon_core.environment:checking '/home/bxi_nx/ht_ws/install/realsense2_camera' for CMake module files
[1.907s] DEBUG:colcon.colcon_core.event_handler.log_command:Invoked command in '/home/bxi_nx/ht_ws/build/realsense2_camera' returned '0': AMENT_PREFIX_PATH=/home/bxi_nx/ht_ws/install/realsense2_camera_msgs:${AMENT_PREFIX_PATH} CMAKE_PREFIX_PATH=/home/bxi_nx/ht_ws/install/realsense2_camera_msgs:/home/bxi_nx/ws_livox/install/localizer:/home/bxi_nx/ws_livox/install/fastlio2:/home/bxi_nx/ws_livox/install/livox_ros_driver2:/home/bxi_nx/ws_livox/install/interface:/home/bxi_nx/ws_livox/install/communication:/opt/ros/humble LD_LIBRARY_PATH=/home/bxi_nx/ht_ws/install/realsense2_camera_msgs/lib:/home/bxi_nx/gtsam/build/gtsam/libgtsam.so.4:/usr/local/cuda-12.6/lib64:/home/bxi_nx/ws_livox/install/livox_ros_driver2/lib:/home/bxi_nx/ws_livox/install/interface/lib:/home/bxi_nx/ws_livox/install/communication/lib:/home/bxi_nx/gtsam/build/gtsam/libgtsam.so.4:/opt/ros/humble/opt/rviz_ogre_vendor/lib:/opt/ros/humble/lib/aarch64-linux-gnu:/opt/ros/humble/lib:/usr/local/cuda-12.6/lib64 PYTHONPATH=/home/bxi_nx/ht_ws/install/realsense2_camera_msgs/local/lib/python3.10/dist-packages:${PYTHONPATH} /usr/bin/cmake --install /home/bxi_nx/ht_ws/build/realsense2_camera
[1.909s] Level 1:colcon.colcon_core.environment:checking '/home/bxi_nx/ht_ws/install/realsense2_camera' for CMake config files
[1.911s] Level 1:colcon.colcon_core.shell:create_environment_hook('realsense2_camera', 'cmake_prefix_path')
[1.911s] INFO:colcon.colcon_core.shell:Creating environment hook '/home/bxi_nx/ht_ws/install/realsense2_camera/share/realsense2_camera/hook/cmake_prefix_path.ps1'
[1.913s] INFO:colcon.colcon_core.shell:Creating environment descriptor '/home/bxi_nx/ht_ws/install/realsense2_camera/share/realsense2_camera/hook/cmake_prefix_path.dsv'
[1.915s] INFO:colcon.colcon_core.shell:Creating environment hook '/home/bxi_nx/ht_ws/install/realsense2_camera/share/realsense2_camera/hook/cmake_prefix_path.sh'
[1.916s] Level 1:colcon.colcon_core.environment:checking '/home/bxi_nx/ht_ws/install/realsense2_camera/lib'
[1.916s] Level 1:colcon.colcon_core.shell:create_environment_hook('realsense2_camera', 'ld_library_path_lib')
[1.917s] INFO:colcon.colcon_core.shell:Creating environment hook '/home/bxi_nx/ht_ws/install/realsense2_camera/share/realsense2_camera/hook/ld_library_path_lib.ps1'
[1.918s] INFO:colcon.colcon_core.shell:Creating environment descriptor '/home/bxi_nx/ht_ws/install/realsense2_camera/share/realsense2_camera/hook/ld_library_path_lib.dsv'
[1.919s] INFO:colcon.colcon_core.shell:Creating environment hook '/home/bxi_nx/ht_ws/install/realsense2_camera/share/realsense2_camera/hook/ld_library_path_lib.sh'
[1.921s] Level 1:colcon.colcon_core.environment:checking '/home/bxi_nx/ht_ws/install/realsense2_camera/bin'
[1.921s] Level 1:colcon.colcon_core.environment:checking '/home/bxi_nx/ht_ws/install/realsense2_camera/lib/pkgconfig/realsense2_camera.pc'
[1.922s] Level 1:colcon.colcon_core.environment:checking '/home/bxi_nx/ht_ws/install/realsense2_camera/lib/python3.10/site-packages'
[1.923s] Level 1:colcon.colcon_core.environment:checking '/home/bxi_nx/ht_ws/install/realsense2_camera/bin'
[1.924s] INFO:colcon.colcon_core.shell:Creating package script '/home/bxi_nx/ht_ws/install/realsense2_camera/share/realsense2_camera/package.ps1'
[1.925s] INFO:colcon.colcon_core.shell:Creating package descriptor '/home/bxi_nx/ht_ws/install/realsense2_camera/share/realsense2_camera/package.dsv'
[1.927s] INFO:colcon.colcon_core.shell:Creating package script '/home/bxi_nx/ht_ws/install/realsense2_camera/share/realsense2_camera/package.sh'
[1.928s] INFO:colcon.colcon_core.shell:Creating package script '/home/bxi_nx/ht_ws/install/realsense2_camera/share/realsense2_camera/package.bash'
[1.929s] INFO:colcon.colcon_core.shell:Creating package script '/home/bxi_nx/ht_ws/install/realsense2_camera/share/realsense2_camera/package.zsh'
[1.930s] Level 1:colcon.colcon_core.environment:create_file_with_runtime_dependencies(/home/bxi_nx/ht_ws/install/realsense2_camera/share/colcon-core/packages/realsense2_camera)
[1.932s] Level 1:colcon.colcon_core.environment:create_environment_scripts_only(realsense2_camera)
[1.933s] Level 1:colcon.colcon_core.environment:checking '/home/bxi_nx/ht_ws/install/realsense2_camera' for CMake module files
[1.934s] Level 1:colcon.colcon_core.environment:checking '/home/bxi_nx/ht_ws/install/realsense2_camera' for CMake config files
[1.936s] Level 1:colcon.colcon_core.shell:create_environment_hook('realsense2_camera', 'cmake_prefix_path')
[1.937s] INFO:colcon.colcon_core.shell:Creating environment hook '/home/bxi_nx/ht_ws/install/realsense2_camera/share/realsense2_camera/hook/cmake_prefix_path.ps1'
[1.938s] INFO:colcon.colcon_core.shell:Creating environment descriptor '/home/bxi_nx/ht_ws/install/realsense2_camera/share/realsense2_camera/hook/cmake_prefix_path.dsv'
[1.939s] INFO:colcon.colcon_core.shell:Creating environment hook '/home/bxi_nx/ht_ws/install/realsense2_camera/share/realsense2_camera/hook/cmake_prefix_path.sh'
[1.942s] Level 1:colcon.colcon_core.environment:checking '/home/bxi_nx/ht_ws/install/realsense2_camera/lib'
[1.942s] Level 1:colcon.colcon_core.shell:create_environment_hook('realsense2_camera', 'ld_library_path_lib')
[1.942s] INFO:colcon.colcon_core.shell:Creating environment hook '/home/bxi_nx/ht_ws/install/realsense2_camera/share/realsense2_camera/hook/ld_library_path_lib.ps1'
[1.944s] INFO:colcon.colcon_core.shell:Creating environment descriptor '/home/bxi_nx/ht_ws/install/realsense2_camera/share/realsense2_camera/hook/ld_library_path_lib.dsv'
[1.945s] INFO:colcon.colcon_core.shell:Creating environment hook '/home/bxi_nx/ht_ws/install/realsense2_camera/share/realsense2_camera/hook/ld_library_path_lib.sh'
[1.946s] Level 1:colcon.colcon_core.environment:checking '/home/bxi_nx/ht_ws/install/realsense2_camera/bin'
[1.946s] Level 1:colcon.colcon_core.environment:checking '/home/bxi_nx/ht_ws/install/realsense2_camera/lib/pkgconfig/realsense2_camera.pc'
[1.947s] Level 1:colcon.colcon_core.environment:checking '/home/bxi_nx/ht_ws/install/realsense2_camera/lib/python3.10/site-packages'
[1.948s] Level 1:colcon.colcon_core.environment:checking '/home/bxi_nx/ht_ws/install/realsense2_camera/bin'
[1.949s] INFO:colcon.colcon_core.shell:Creating package script '/home/bxi_nx/ht_ws/install/realsense2_camera/share/realsense2_camera/package.ps1'
[1.950s] INFO:colcon.colcon_core.shell:Creating package descriptor '/home/bxi_nx/ht_ws/install/realsense2_camera/share/realsense2_camera/package.dsv'
[1.951s] INFO:colcon.colcon_core.shell:Creating package script '/home/bxi_nx/ht_ws/install/realsense2_camera/share/realsense2_camera/package.sh'
[1.953s] INFO:colcon.colcon_core.shell:Creating package script '/home/bxi_nx/ht_ws/install/realsense2_camera/share/realsense2_camera/package.bash'
[1.954s] INFO:colcon.colcon_core.shell:Creating package script '/home/bxi_nx/ht_ws/install/realsense2_camera/share/realsense2_camera/package.zsh'
[1.955s] Level 1:colcon.colcon_core.environment:create_file_with_runtime_dependencies(/home/bxi_nx/ht_ws/install/realsense2_camera/share/colcon-core/packages/realsense2_camera)
[20.191s] DEBUG:colcon.colcon_core.event_handler.log_command:Invoked command in '/home/bxi_nx/ht_ws/build/fast_livo' returned '2': AMENT_PREFIX_PATH=/home/bxi_nx/ht_ws/install/vikit_ros:${AMENT_PREFIX_PATH} CMAKE_PREFIX_PATH=/home/bxi_nx/ht_ws/install/vikit_ros:/opt/ros/humble:/home/bxi_nx/ht_ws/install/vikit_common:${CMAKE_PREFIX_PATH} LD_LIBRARY_PATH=/home/bxi_nx/ht_ws/install/vikit_ros/lib:/home/bxi_nx/ht_ws/install/vikit_common/lib:/home/bxi_nx/gtsam/build/gtsam/libgtsam.so.4:/usr/local/cuda-12.6/lib64:/home/bxi_nx/ws_livox/install/livox_ros_driver2/lib:/home/bxi_nx/ws_livox/install/interface/lib:/home/bxi_nx/ws_livox/install/communication/lib:/home/bxi_nx/gtsam/build/gtsam/libgtsam.so.4:/opt/ros/humble/opt/rviz_ogre_vendor/lib:/opt/ros/humble/lib/aarch64-linux-gnu:/opt/ros/humble/lib:/usr/local/cuda-12.6/lib64 PKG_CONFIG_PATH=/home/bxi_nx/ht_ws/install/vikit_common/lib/aarch64-linux-gnu/pkgconfig:/home/bxi_nx/ht_ws/install/vikit_common/lib/pkgconfig ROS_PACKAGE_PATH=/home/bxi_nx/ht_ws/install/vikit_common/share /usr/bin/cmake --build /home/bxi_nx/ht_ws/build/fast_livo -- -j8 -l8
[20.194s] Level 1:colcon.colcon_core.environment:create_environment_scripts_only(fast_livo)
[20.195s] Level 1:colcon.colcon_core.environment:checking '/home/bxi_nx/ht_ws/install/fast_livo' for CMake module files
[20.197s] Level 1:colcon.colcon_core.environment:checking '/home/bxi_nx/ht_ws/install/fast_livo' for CMake config files
[20.199s] Level 1:colcon.colcon_core.shell:create_environment_hook('fast_livo', 'cmake_prefix_path')
[20.199s] INFO:colcon.colcon_core.shell:Creating environment hook '/home/bxi_nx/ht_ws/install/fast_livo/share/fast_livo/hook/cmake_prefix_path.ps1'
[20.201s] INFO:colcon.colcon_core.shell:Creating environment descriptor '/home/bxi_nx/ht_ws/install/fast_livo/share/fast_livo/hook/cmake_prefix_path.dsv'
[20.203s] INFO:colcon.colcon_core.shell:Creating environment hook '/home/bxi_nx/ht_ws/install/fast_livo/share/fast_livo/hook/cmake_prefix_path.sh'
[20.205s] Level 1:colcon.colcon_core.environment:checking '/home/bxi_nx/ht_ws/install/fast_livo/lib'
[20.205s] Level 1:colcon.colcon_core.environment:checking '/home/bxi_nx/ht_ws/install/fast_livo/bin'
[20.205s] Level 1:colcon.colcon_core.environment:checking '/home/bxi_nx/ht_ws/install/fast_livo/lib/pkgconfig/fast_livo.pc'
[20.206s] Level 1:colcon.colcon_core.environment:checking '/home/bxi_nx/ht_ws/install/fast_livo/lib/python3.10/site-packages'
[20.208s] Level 1:colcon.colcon_core.environment:checking '/home/bxi_nx/ht_ws/install/fast_livo/bin'
[20.209s] INFO:colcon.colcon_core.shell:Creating package script '/home/bxi_nx/ht_ws/install/fast_livo/share/fast_livo/package.ps1'
[20.211s] INFO:colcon.colcon_core.shell:Creating package descriptor '/home/bxi_nx/ht_ws/install/fast_livo/share/fast_livo/package.dsv'
[20.213s] INFO:colcon.colcon_core.shell:Creating package script '/home/bxi_nx/ht_ws/install/fast_livo/share/fast_livo/package.sh'
[20.214s] INFO:colcon.colcon_core.shell:Creating package script '/home/bxi_nx/ht_ws/install/fast_livo/share/fast_livo/package.bash'
[20.216s] INFO:colcon.colcon_core.shell:Creating package script '/home/bxi_nx/ht_ws/install/fast_livo/share/fast_livo/package.zsh'
[20.218s] Level 1:colcon.colcon_core.environment:create_file_with_runtime_dependencies(/home/bxi_nx/ht_ws/install/fast_livo/share/colcon-core/packages/fast_livo)
[20.229s] DEBUG:colcon.colcon_parallel_executor.executor.parallel:closing loop
[20.230s] DEBUG:colcon.colcon_parallel_executor.executor.parallel:loop closed
[20.230s] DEBUG:colcon.colcon_parallel_executor.executor.parallel:run_until_complete finished with '2'
[20.231s] DEBUG:colcon.colcon_core.event_reactor:joining thread
[20.251s] INFO:colcon.colcon_core.plugin_system:Skipping extension 'colcon_notification.desktop_notification.terminal_notifier': Not used on non-Darwin systems
[20.251s] INFO:colcon.colcon_core.plugin_system:Skipping extension 'colcon_notification.desktop_notification.win32': Not used on non-Windows systems
[20.251s] INFO:colcon.colcon_notification.desktop_notification:Sending desktop notification using 'notify2'
[20.291s] DEBUG:colcon.colcon_core.event_reactor:joined thread
[20.292s] INFO:colcon.colcon_core.shell:Creating prefix script '/home/bxi_nx/ht_ws/install/local_setup.ps1'
[20.296s] INFO:colcon.colcon_core.shell:Creating prefix util module '/home/bxi_nx/ht_ws/install/_local_setup_util_ps1.py'
[20.302s] INFO:colcon.colcon_core.shell:Creating prefix chain script '/home/bxi_nx/ht_ws/install/setup.ps1'
[20.306s] INFO:colcon.colcon_core.shell:Creating prefix script '/home/bxi_nx/ht_ws/install/local_setup.sh'
[20.309s] INFO:colcon.colcon_core.shell:Creating prefix util module '/home/bxi_nx/ht_ws/install/_local_setup_util_sh.py'
[20.311s] INFO:colcon.colcon_core.shell:Creating prefix chain script '/home/bxi_nx/ht_ws/install/setup.sh'
[20.316s] INFO:colcon.colcon_core.shell:Creating prefix script '/home/bxi_nx/ht_ws/install/local_setup.bash'
[20.318s] INFO:colcon.colcon_core.shell:Creating prefix chain script '/home/bxi_nx/ht_ws/install/setup.bash'
[20.322s] INFO:colcon.colcon_core.shell:Creating prefix script '/home/bxi_nx/ht_ws/install/local_setup.zsh'
[20.323s] INFO:colcon.colcon_core.shell:Creating prefix chain script '/home/bxi_nx/ht_ws/install/setup.zsh'
