[0.049s] Invoking command in '/home/bxi_nx/ht_ws/build/realsense2_description': AMENT_PREFIX_PATH=/home/bxi_nx/ht_ws/install/realsense2_camera_msgs:${AMENT_PREFIX_PATH} CMAKE_PREFIX_PATH=/home/bxi_nx/ht_ws/install/realsense2_camera_msgs:/home/bxi_nx/ws_livox/install/localizer:/home/bxi_nx/ws_livox/install/fastlio2:/home/bxi_nx/ws_livox/install/livox_ros_driver2:/home/bxi_nx/ws_livox/install/interface:/home/bxi_nx/ws_livox/install/communication:/opt/ros/humble LD_LIBRARY_PATH=/home/bxi_nx/ht_ws/install/realsense2_camera_msgs/lib:/home/bxi_nx/gtsam/build/gtsam/libgtsam.so.4:/usr/local/cuda-12.6/lib64:/home/bxi_nx/ws_livox/install/livox_ros_driver2/lib:/home/bxi_nx/ws_livox/install/interface/lib:/home/bxi_nx/ws_livox/install/communication/lib:/opt/ros/humble/opt/rviz_ogre_vendor/lib:/opt/ros/humble/lib/aarch64-linux-gnu:/opt/ros/humble/lib:/home/bxi_nx/gtsam/build/gtsam/libgtsam.so.4:/usr/local/cuda-12.6/lib64 PYTHONPATH=/home/bxi_nx/ht_ws/install/realsense2_camera_msgs/local/lib/python3.10/dist-packages:${PYTHONPATH} /usr/bin/cmake --build /home/bxi_nx/ht_ws/build/realsense2_description -- -j8 -l8
[0.235s] Invoked command in '/home/bxi_nx/ht_ws/build/realsense2_description' returned '0': AMENT_PREFIX_PATH=/home/bxi_nx/ht_ws/install/realsense2_camera_msgs:${AMENT_PREFIX_PATH} CMAKE_PREFIX_PATH=/home/bxi_nx/ht_ws/install/realsense2_camera_msgs:/home/bxi_nx/ws_livox/install/localizer:/home/bxi_nx/ws_livox/install/fastlio2:/home/bxi_nx/ws_livox/install/livox_ros_driver2:/home/bxi_nx/ws_livox/install/interface:/home/bxi_nx/ws_livox/install/communication:/opt/ros/humble LD_LIBRARY_PATH=/home/bxi_nx/ht_ws/install/realsense2_camera_msgs/lib:/home/bxi_nx/gtsam/build/gtsam/libgtsam.so.4:/usr/local/cuda-12.6/lib64:/home/bxi_nx/ws_livox/install/livox_ros_driver2/lib:/home/bxi_nx/ws_livox/install/interface/lib:/home/bxi_nx/ws_livox/install/communication/lib:/opt/ros/humble/opt/rviz_ogre_vendor/lib:/opt/ros/humble/lib/aarch64-linux-gnu:/opt/ros/humble/lib:/home/bxi_nx/gtsam/build/gtsam/libgtsam.so.4:/usr/local/cuda-12.6/lib64 PYTHONPATH=/home/bxi_nx/ht_ws/install/realsense2_camera_msgs/local/lib/python3.10/dist-packages:${PYTHONPATH} /usr/bin/cmake --build /home/bxi_nx/ht_ws/build/realsense2_description -- -j8 -l8
[0.236s] Invoking command in '/home/bxi_nx/ht_ws/build/realsense2_description': AMENT_PREFIX_PATH=/home/bxi_nx/ht_ws/install/realsense2_camera_msgs:${AMENT_PREFIX_PATH} CMAKE_PREFIX_PATH=/home/bxi_nx/ht_ws/install/realsense2_camera_msgs:/home/bxi_nx/ws_livox/install/localizer:/home/bxi_nx/ws_livox/install/fastlio2:/home/bxi_nx/ws_livox/install/livox_ros_driver2:/home/bxi_nx/ws_livox/install/interface:/home/bxi_nx/ws_livox/install/communication:/opt/ros/humble LD_LIBRARY_PATH=/home/bxi_nx/ht_ws/install/realsense2_camera_msgs/lib:/home/bxi_nx/gtsam/build/gtsam/libgtsam.so.4:/usr/local/cuda-12.6/lib64:/home/bxi_nx/ws_livox/install/livox_ros_driver2/lib:/home/bxi_nx/ws_livox/install/interface/lib:/home/bxi_nx/ws_livox/install/communication/lib:/opt/ros/humble/opt/rviz_ogre_vendor/lib:/opt/ros/humble/lib/aarch64-linux-gnu:/opt/ros/humble/lib:/home/bxi_nx/gtsam/build/gtsam/libgtsam.so.4:/usr/local/cuda-12.6/lib64 PYTHONPATH=/home/bxi_nx/ht_ws/install/realsense2_camera_msgs/local/lib/python3.10/dist-packages:${PYTHONPATH} /usr/bin/cmake --install /home/bxi_nx/ht_ws/build/realsense2_description
[0.249s] -- Install configuration: ""
[0.249s] -- Execute custom install script
[0.250s] -- Up-to-date symlink: /home/bxi_nx/ht_ws/install/realsense2_description/share/realsense2_description/launch/launch_utils.py
[0.250s] -- Up-to-date symlink: /home/bxi_nx/ht_ws/install/realsense2_description/share/realsense2_description/launch/view_model.launch.py
[0.253s] -- Up-to-date symlink: /home/bxi_nx/ht_ws/install/realsense2_description/share/realsense2_description/meshes/d415.stl
[0.255s] -- Up-to-date symlink: /home/bxi_nx/ht_ws/install/realsense2_description/share/realsense2_description/meshes/d435.dae
[0.258s] -- Up-to-date symlink: /home/bxi_nx/ht_ws/install/realsense2_description/share/realsense2_description/meshes/d455.stl
[0.262s] -- Up-to-date symlink: /home/bxi_nx/ht_ws/install/realsense2_description/share/realsense2_description/meshes/l515.dae
[0.262s] -- Up-to-date symlink: /home/bxi_nx/ht_ws/install/realsense2_description/share/realsense2_description/meshes/plug.stl
[0.262s] -- Up-to-date symlink: /home/bxi_nx/ht_ws/install/realsense2_description/share/realsense2_description/meshes/plug_collision.stl
[0.262s] -- Up-to-date symlink: /home/bxi_nx/ht_ws/install/realsense2_description/share/realsense2_description/rviz/urdf.rviz
[0.263s] -- Up-to-date symlink: /home/bxi_nx/ht_ws/install/realsense2_description/share/realsense2_description/urdf/_d415.urdf.xacro
[0.263s] -- Up-to-date symlink: /home/bxi_nx/ht_ws/install/realsense2_description/share/realsense2_description/urdf/_d435.urdf.xacro
[0.263s] -- Up-to-date symlink: /home/bxi_nx/ht_ws/install/realsense2_description/share/realsense2_description/urdf/_d435i.urdf.xacro
[0.263s] -- Up-to-date symlink: /home/bxi_nx/ht_ws/install/realsense2_description/share/realsense2_description/urdf/_d435i_imu_modules.urdf.xacro
[0.263s] -- Up-to-date symlink: /home/bxi_nx/ht_ws/install/realsense2_description/share/realsense2_description/urdf/_d455.urdf.xacro
[0.264s] -- Up-to-date symlink: /home/bxi_nx/ht_ws/install/realsense2_description/share/realsense2_description/urdf/_l515.urdf.xacro
[0.264s] -- Up-to-date symlink: /home/bxi_nx/ht_ws/install/realsense2_description/share/realsense2_description/urdf/_materials.urdf.xacro
[0.265s] -- Up-to-date symlink: /home/bxi_nx/ht_ws/install/realsense2_description/share/realsense2_description/urdf/_r410.urdf.xacro
[0.265s] -- Up-to-date symlink: /home/bxi_nx/ht_ws/install/realsense2_description/share/realsense2_description/urdf/_r430.urdf.xacro
[0.265s] -- Up-to-date symlink: /home/bxi_nx/ht_ws/install/realsense2_description/share/realsense2_description/urdf/_usb_plug.urdf.xacro
[0.265s] -- Up-to-date symlink: /home/bxi_nx/ht_ws/install/realsense2_description/share/realsense2_description/urdf/test_d415_camera.urdf.xacro
[0.266s] -- Up-to-date symlink: /home/bxi_nx/ht_ws/install/realsense2_description/share/realsense2_description/urdf/test_d435_camera.urdf.xacro
[0.266s] -- Up-to-date symlink: /home/bxi_nx/ht_ws/install/realsense2_description/share/realsense2_description/urdf/test_d435_multiple_cameras.urdf.xacro
[0.266s] -- Up-to-date symlink: /home/bxi_nx/ht_ws/install/realsense2_description/share/realsense2_description/urdf/test_d435i_camera.urdf.xacro
[0.266s] -- Up-to-date symlink: /home/bxi_nx/ht_ws/install/realsense2_description/share/realsense2_description/urdf/test_d455_camera.urdf.xacro
[0.266s] -- Up-to-date symlink: /home/bxi_nx/ht_ws/install/realsense2_description/share/realsense2_description/urdf/test_l515_camera.urdf.xacro
[0.266s] -- Up-to-date symlink: /home/bxi_nx/ht_ws/install/realsense2_description/share/realsense2_description/urdf/test_r410_camera.urdf.xacro
[0.266s] -- Up-to-date symlink: /home/bxi_nx/ht_ws/install/realsense2_description/share/realsense2_description/urdf/test_r430_camera.urdf.xacro
[0.266s] -- Up-to-date symlink: /home/bxi_nx/ht_ws/install/realsense2_description/share/ament_index/resource_index/package_run_dependencies/realsense2_description
[0.266s] -- Up-to-date symlink: /home/bxi_nx/ht_ws/install/realsense2_description/share/ament_index/resource_index/parent_prefix_path/realsense2_description
[0.267s] -- Up-to-date symlink: /home/bxi_nx/ht_ws/install/realsense2_description/share/realsense2_description/environment/ament_prefix_path.sh
[0.267s] -- Up-to-date symlink: /home/bxi_nx/ht_ws/install/realsense2_description/share/realsense2_description/environment/ament_prefix_path.dsv
[0.267s] -- Up-to-date symlink: /home/bxi_nx/ht_ws/install/realsense2_description/share/realsense2_description/environment/path.sh
[0.267s] -- Up-to-date symlink: /home/bxi_nx/ht_ws/install/realsense2_description/share/realsense2_description/environment/path.dsv
[0.267s] -- Up-to-date symlink: /home/bxi_nx/ht_ws/install/realsense2_description/share/realsense2_description/local_setup.bash
[0.267s] -- Up-to-date symlink: /home/bxi_nx/ht_ws/install/realsense2_description/share/realsense2_description/local_setup.sh
[0.267s] -- Up-to-date symlink: /home/bxi_nx/ht_ws/install/realsense2_description/share/realsense2_description/local_setup.zsh
[0.267s] -- Up-to-date symlink: /home/bxi_nx/ht_ws/install/realsense2_description/share/realsense2_description/local_setup.dsv
[0.268s] -- Symlinking: /home/bxi_nx/ht_ws/install/realsense2_description/share/realsense2_description/package.dsv
[0.311s] -- Up-to-date symlink: /home/bxi_nx/ht_ws/install/realsense2_description/share/ament_index/resource_index/packages/realsense2_description
[0.312s] -- Up-to-date symlink: /home/bxi_nx/ht_ws/install/realsense2_description/share/realsense2_description/cmake/realsense2_descriptionConfig.cmake
[0.313s] -- Up-to-date symlink: /home/bxi_nx/ht_ws/install/realsense2_description/share/realsense2_description/cmake/realsense2_descriptionConfig-version.cmake
[0.314s] -- Up-to-date symlink: /home/bxi_nx/ht_ws/install/realsense2_description/share/realsense2_description/package.xml
[0.324s] Invoked command in '/home/bxi_nx/ht_ws/build/realsense2_description' returned '0': AMENT_PREFIX_PATH=/home/bxi_nx/ht_ws/install/realsense2_camera_msgs:${AMENT_PREFIX_PATH} CMAKE_PREFIX_PATH=/home/bxi_nx/ht_ws/install/realsense2_camera_msgs:/home/bxi_nx/ws_livox/install/localizer:/home/bxi_nx/ws_livox/install/fastlio2:/home/bxi_nx/ws_livox/install/livox_ros_driver2:/home/bxi_nx/ws_livox/install/interface:/home/bxi_nx/ws_livox/install/communication:/opt/ros/humble LD_LIBRARY_PATH=/home/bxi_nx/ht_ws/install/realsense2_camera_msgs/lib:/home/bxi_nx/gtsam/build/gtsam/libgtsam.so.4:/usr/local/cuda-12.6/lib64:/home/bxi_nx/ws_livox/install/livox_ros_driver2/lib:/home/bxi_nx/ws_livox/install/interface/lib:/home/bxi_nx/ws_livox/install/communication/lib:/opt/ros/humble/opt/rviz_ogre_vendor/lib:/opt/ros/humble/lib/aarch64-linux-gnu:/opt/ros/humble/lib:/home/bxi_nx/gtsam/build/gtsam/libgtsam.so.4:/usr/local/cuda-12.6/lib64 PYTHONPATH=/home/bxi_nx/ht_ws/install/realsense2_camera_msgs/local/lib/python3.10/dist-packages:${PYTHONPATH} /usr/bin/cmake --install /home/bxi_nx/ht_ws/build/realsense2_description
