[0.006s] Invoking command in '/home/ht/ht_ws/build/realsense2_camera': CMAKE_PREFIX_PATH=/home/ht/ht_ws/install/realsense2_camera_msgs:/home/ht/ht_ws/install/vikit_ros:/home/ht/ht_ws/install/realsense2_ros_mqtt_bridge:/opt/ros/humble:/home/ht/ht_ws/install/vikit_common:/home/ht/ht_ws/install/realsense2_rviz_plugin:/home/ht/ht_ws/install/realsense2_description:/home/ht/ht_ws/install/realsense2_camera:/home/ht/ht_ws/install/livox_ros_driver2:/home/ht/ht_ws/install/fast_livo LD_LIBRARY_PATH=/home/ht/ht_ws/install/realsense2_camera_msgs/lib:/home/ht/ht_ws/install/vikit_ros/lib:/home/ht/ht_ws/install/vikit_common/lib:/home/ht/ht_ws/install/realsense2_camera/lib:/home/ht/ht_ws/install/livox_ros_driver2/lib:/opt/ros/humble/opt/rviz_ogre_vendor/lib:/opt/ros/humble/lib/x86_64-linux-gnu:/opt/ros/humble/lib /usr/bin/cmake /home/ht/ht_ws/src/realsense-ros/realsense2_camera -DBUILD_TOOLS=ON -DCMAKE_INSTALL_PREFIX=/home/ht/ht_ws/install/realsense2_camera
[0.013s] -- Create Release Build.
[0.013s] -- Found ament_cmake: 1.3.12 (/opt/ros/humble/share/ament_cmake/cmake)
[0.083s] -- Override CMake install command with custom implementation using symlinks instead of copying resources
[0.086s] -- Found builtin_interfaces: 1.2.2 (/opt/ros/humble/share/builtin_interfaces/cmake)
[0.099s] -- Found rosidl_generator_c: 3.1.8 (/opt/ros/humble/share/rosidl_generator_c/cmake)
[0.100s] -- Found rosidl_adapter: 3.1.8 (/opt/ros/humble/share/rosidl_adapter/cmake)
[0.103s] -- Found rosidl_generator_cpp: 3.1.8 (/opt/ros/humble/share/rosidl_generator_cpp/cmake)
[0.108s] -- Using all available rosidl_typesupport_c: rosidl_typesupport_fastrtps_c;rosidl_typesupport_introspection_c
[0.115s] -- Using all available rosidl_typesupport_cpp: rosidl_typesupport_fastrtps_cpp;rosidl_typesupport_introspection_cpp
[0.121s] -- Found cv_bridge: 3.2.1 (/opt/ros/humble/share/cv_bridge/cmake)
[0.150s] -- Found image_transport: 3.1.12 (/opt/ros/humble/share/image_transport/cmake)
[0.166s] -- Found rmw_implementation_cmake: 6.1.2 (/opt/ros/humble/share/rmw_implementation_cmake/cmake)
[0.167s] -- Found rmw_fastrtps_cpp: 6.2.9 (/opt/ros/humble/share/rmw_fastrtps_cpp/cmake)
[0.228s] -- Using RMW implementation 'rmw_fastrtps_cpp' as default
[0.258s] -- Found rclcpp_components: 16.0.17 (/opt/ros/humble/share/rclcpp_components/cmake)
[0.267s] -- Found realsense2_camera_msgs: 4.51.1 (/home/ht/ht_ws/install/realsense2_camera_msgs/share/realsense2_camera_msgs/cmake)
[0.274s] -- Found nav_msgs: 4.9.0 (/opt/ros/humble/share/nav_msgs/cmake)
[0.283s] -- Found tf2_ros: 0.25.18 (/opt/ros/humble/share/tf2_ros/cmake)
[0.315s] -- Found diagnostic_updater: 4.0.6 (/opt/ros/humble/share/diagnostic_updater/cmake)
[0.324s] -- Build for ROS2 Humble
[0.366s] -- Configuring done
[0.378s] -- Generating done
[0.381s] -- Build files have been written to: /home/ht/ht_ws/build/realsense2_camera
[0.387s] Invoked command in '/home/ht/ht_ws/build/realsense2_camera' returned '0': CMAKE_PREFIX_PATH=/home/ht/ht_ws/install/realsense2_camera_msgs:/home/ht/ht_ws/install/vikit_ros:/home/ht/ht_ws/install/realsense2_ros_mqtt_bridge:/opt/ros/humble:/home/ht/ht_ws/install/vikit_common:/home/ht/ht_ws/install/realsense2_rviz_plugin:/home/ht/ht_ws/install/realsense2_description:/home/ht/ht_ws/install/realsense2_camera:/home/ht/ht_ws/install/livox_ros_driver2:/home/ht/ht_ws/install/fast_livo LD_LIBRARY_PATH=/home/ht/ht_ws/install/realsense2_camera_msgs/lib:/home/ht/ht_ws/install/vikit_ros/lib:/home/ht/ht_ws/install/vikit_common/lib:/home/ht/ht_ws/install/realsense2_camera/lib:/home/ht/ht_ws/install/livox_ros_driver2/lib:/opt/ros/humble/opt/rviz_ogre_vendor/lib:/opt/ros/humble/lib/x86_64-linux-gnu:/opt/ros/humble/lib /usr/bin/cmake /home/ht/ht_ws/src/realsense-ros/realsense2_camera -DBUILD_TOOLS=ON -DCMAKE_INSTALL_PREFIX=/home/ht/ht_ws/install/realsense2_camera
[0.388s] Invoking command in '/home/ht/ht_ws/build/realsense2_camera': CMAKE_PREFIX_PATH=/home/ht/ht_ws/install/realsense2_camera_msgs:/home/ht/ht_ws/install/vikit_ros:/home/ht/ht_ws/install/realsense2_ros_mqtt_bridge:/opt/ros/humble:/home/ht/ht_ws/install/vikit_common:/home/ht/ht_ws/install/realsense2_rviz_plugin:/home/ht/ht_ws/install/realsense2_description:/home/ht/ht_ws/install/realsense2_camera:/home/ht/ht_ws/install/livox_ros_driver2:/home/ht/ht_ws/install/fast_livo LD_LIBRARY_PATH=/home/ht/ht_ws/install/realsense2_camera_msgs/lib:/home/ht/ht_ws/install/vikit_ros/lib:/home/ht/ht_ws/install/vikit_common/lib:/home/ht/ht_ws/install/realsense2_camera/lib:/home/ht/ht_ws/install/livox_ros_driver2/lib:/opt/ros/humble/opt/rviz_ogre_vendor/lib:/opt/ros/humble/lib/x86_64-linux-gnu:/opt/ros/humble/lib /usr/bin/cmake --build /home/ht/ht_ws/build/realsense2_camera -- -j16 -l16
[0.417s] [35m[1mConsolidate compiler generated dependencies of target realsense2_camera_node[0m
[0.422s] [  5%] [32mBuilding CXX object CMakeFiles/realsense2_frame_latency_node.dir/rclcpp_components/node_main_realsense2_frame_latency_node.cpp.o[0m
[0.423s] [35m[1mConsolidate compiler generated dependencies of target realsense2_camera[0m
[0.428s] [ 10%] [32mBuilding CXX object CMakeFiles/realsense2_camera_node.dir/rclcpp_components/node_main_realsense2_camera_node.cpp.o[0m
[0.450s] [ 15%] [32mBuilding CXX object CMakeFiles/realsense2_camera.dir/src/base_realsense_node.cpp.o[0m
[0.450s] [ 21%] [32mBuilding CXX object CMakeFiles/realsense2_camera.dir/src/parameters.cpp.o[0m
[0.450s] [ 26%] [32mBuilding CXX object CMakeFiles/realsense2_camera.dir/src/t265_realsense_node.cpp.o[0m
[0.451s] [ 31%] [32mBuilding CXX object CMakeFiles/realsense2_camera.dir/src/realsense_node_factory.cpp.o[0m
[0.452s] [ 36%] [32mBuilding CXX object CMakeFiles/realsense2_camera.dir/src/ros_sensor.cpp.o[0m
[0.452s] [ 42%] [32mBuilding CXX object CMakeFiles/realsense2_camera.dir/src/ros_utils.cpp.o[0m
[0.453s] [ 47%] [32mBuilding CXX object CMakeFiles/realsense2_camera.dir/src/rs_node_setup.cpp.o[0m
[0.453s] [ 52%] [32mBuilding CXX object CMakeFiles/realsense2_camera.dir/src/dynamic_params.cpp.o[0m
[0.454s] [ 57%] [32mBuilding CXX object CMakeFiles/realsense2_camera.dir/src/sensor_params.cpp.o[0m
[0.456s] [ 63%] [32mBuilding CXX object CMakeFiles/realsense2_camera.dir/src/image_publisher.cpp.o[0m
[0.456s] [ 68%] [32mBuilding CXX object CMakeFiles/realsense2_camera.dir/src/named_filter.cpp.o[0m
[0.456s] [ 73%] [32mBuilding CXX object CMakeFiles/realsense2_camera.dir/src/profile_manager.cpp.o[0m
[0.463s] [ 78%] [32mBuilding CXX object CMakeFiles/realsense2_camera.dir/src/ros_param_backend_foxy.cpp.o[0m
[0.473s] [ 84%] [32mBuilding CXX object CMakeFiles/realsense2_camera.dir/tools/frame_latency/frame_latency.cpp.o[0m
[7.348s] [ 89%] [32m[1mLinking CXX executable realsense2_camera_node[0m
[7.734s] [ 89%] Built target realsense2_camera_node
[8.012s] [ 94%] [32m[1mLinking CXX executable realsense2_frame_latency_node[0m
[8.529s] [ 94%] Built target realsense2_frame_latency_node
[21.533s] [100%] [32m[1mLinking CXX shared library librealsense2_camera.so[0m
[21.865s] [100%] Built target realsense2_camera
[21.876s] Invoked command in '/home/ht/ht_ws/build/realsense2_camera' returned '0': CMAKE_PREFIX_PATH=/home/ht/ht_ws/install/realsense2_camera_msgs:/home/ht/ht_ws/install/vikit_ros:/home/ht/ht_ws/install/realsense2_ros_mqtt_bridge:/opt/ros/humble:/home/ht/ht_ws/install/vikit_common:/home/ht/ht_ws/install/realsense2_rviz_plugin:/home/ht/ht_ws/install/realsense2_description:/home/ht/ht_ws/install/realsense2_camera:/home/ht/ht_ws/install/livox_ros_driver2:/home/ht/ht_ws/install/fast_livo LD_LIBRARY_PATH=/home/ht/ht_ws/install/realsense2_camera_msgs/lib:/home/ht/ht_ws/install/vikit_ros/lib:/home/ht/ht_ws/install/vikit_common/lib:/home/ht/ht_ws/install/realsense2_camera/lib:/home/ht/ht_ws/install/livox_ros_driver2/lib:/opt/ros/humble/opt/rviz_ogre_vendor/lib:/opt/ros/humble/lib/x86_64-linux-gnu:/opt/ros/humble/lib /usr/bin/cmake --build /home/ht/ht_ws/build/realsense2_camera -- -j16 -l16
[21.877s] Invoking command in '/home/ht/ht_ws/build/realsense2_camera': CMAKE_PREFIX_PATH=/home/ht/ht_ws/install/realsense2_camera_msgs:/home/ht/ht_ws/install/vikit_ros:/home/ht/ht_ws/install/realsense2_ros_mqtt_bridge:/opt/ros/humble:/home/ht/ht_ws/install/vikit_common:/home/ht/ht_ws/install/realsense2_rviz_plugin:/home/ht/ht_ws/install/realsense2_description:/home/ht/ht_ws/install/realsense2_camera:/home/ht/ht_ws/install/livox_ros_driver2:/home/ht/ht_ws/install/fast_livo LD_LIBRARY_PATH=/home/ht/ht_ws/install/realsense2_camera_msgs/lib:/home/ht/ht_ws/install/vikit_ros/lib:/home/ht/ht_ws/install/vikit_common/lib:/home/ht/ht_ws/install/realsense2_camera/lib:/home/ht/ht_ws/install/livox_ros_driver2/lib:/opt/ros/humble/opt/rviz_ogre_vendor/lib:/opt/ros/humble/lib/x86_64-linux-gnu:/opt/ros/humble/lib /usr/bin/cmake --install /home/ht/ht_ws/build/realsense2_camera
[21.883s] -- Install configuration: "Release"
[21.883s] -- Execute custom install script
[21.883s] -- Up-to-date symlink: /home/ht/ht_ws/install/realsense2_camera/lib/realsense2_camera/realsense2_camera_node
[21.884s] -- Symlinking: /home/ht/ht_ws/install/realsense2_camera/lib/realsense2_camera/realsense2_frame_latency_node
[21.890s] -- Up-to-date symlink: /home/ht/ht_ws/install/realsense2_camera/lib/librealsense2_camera.so
[21.890s] -- Up-to-date symlink: /home/ht/ht_ws/install/realsense2_camera/include/base_realsense_node.h
[21.890s] -- Up-to-date symlink: /home/ht/ht_ws/install/realsense2_camera/include/constants.h
[21.890s] -- Up-to-date symlink: /home/ht/ht_ws/install/realsense2_camera/include/dynamic_params.h
[21.890s] -- Up-to-date symlink: /home/ht/ht_ws/install/realsense2_camera/include/image_publisher.h
[21.890s] -- Up-to-date symlink: /home/ht/ht_ws/install/realsense2_camera/include/named_filter.h
[21.890s] -- Up-to-date symlink: /home/ht/ht_ws/install/realsense2_camera/include/profile_manager.h
[21.890s] -- Up-to-date symlink: /home/ht/ht_ws/install/realsense2_camera/include/realsense_node_factory.h
[21.890s] -- Up-to-date symlink: /home/ht/ht_ws/install/realsense2_camera/include/ros_param_backend.h
[21.890s] -- Up-to-date symlink: /home/ht/ht_ws/install/realsense2_camera/include/ros_sensor.h
[21.890s] -- Up-to-date symlink: /home/ht/ht_ws/install/realsense2_camera/include/ros_utils.h
[21.890s] -- Up-to-date symlink: /home/ht/ht_ws/install/realsense2_camera/include/sensor_params.h
[21.890s] -- Up-to-date symlink: /home/ht/ht_ws/install/realsense2_camera/include/t265_realsense_node.h
[21.891s] -- Up-to-date symlink: /home/ht/ht_ws/install/realsense2_camera/share/realsense2_camera/launch/default.rviz
[21.891s] -- Up-to-date symlink: /home/ht/ht_ws/install/realsense2_camera/share/realsense2_camera/launch/rs_d400_and_t265_launch.py
[21.891s] -- Up-to-date symlink: /home/ht/ht_ws/install/realsense2_camera/share/realsense2_camera/launch/rs_intra_process_demo_launch.py
[21.891s] -- Up-to-date symlink: /home/ht/ht_ws/install/realsense2_camera/share/realsense2_camera/launch/rs_launch.py
[21.891s] -- Up-to-date symlink: /home/ht/ht_ws/install/realsense2_camera/share/realsense2_camera/launch/rs_multi_camera_launch.py
[21.891s] -- Up-to-date symlink: /home/ht/ht_ws/install/realsense2_camera/share/realsense2_camera/environment/library_path.sh
[21.891s] -- Up-to-date symlink: /home/ht/ht_ws/install/realsense2_camera/share/realsense2_camera/environment/library_path.dsv
[21.891s] -- Up-to-date symlink: /home/ht/ht_ws/install/realsense2_camera/share/ament_index/resource_index/package_run_dependencies/realsense2_camera
[21.891s] -- Up-to-date symlink: /home/ht/ht_ws/install/realsense2_camera/share/ament_index/resource_index/parent_prefix_path/realsense2_camera
[21.891s] -- Up-to-date symlink: /home/ht/ht_ws/install/realsense2_camera/share/realsense2_camera/environment/ament_prefix_path.sh
[21.891s] -- Up-to-date symlink: /home/ht/ht_ws/install/realsense2_camera/share/realsense2_camera/environment/ament_prefix_path.dsv
[21.891s] -- Up-to-date symlink: /home/ht/ht_ws/install/realsense2_camera/share/realsense2_camera/environment/path.sh
[21.891s] -- Up-to-date symlink: /home/ht/ht_ws/install/realsense2_camera/share/realsense2_camera/environment/path.dsv
[21.891s] -- Up-to-date symlink: /home/ht/ht_ws/install/realsense2_camera/share/realsense2_camera/local_setup.bash
[21.891s] -- Up-to-date symlink: /home/ht/ht_ws/install/realsense2_camera/share/realsense2_camera/local_setup.sh
[21.891s] -- Up-to-date symlink: /home/ht/ht_ws/install/realsense2_camera/share/realsense2_camera/local_setup.zsh
[21.891s] -- Up-to-date symlink: /home/ht/ht_ws/install/realsense2_camera/share/realsense2_camera/local_setup.dsv
[21.891s] -- Symlinking: /home/ht/ht_ws/install/realsense2_camera/share/realsense2_camera/package.dsv
[21.898s] -- Up-to-date symlink: /home/ht/ht_ws/install/realsense2_camera/share/ament_index/resource_index/packages/realsense2_camera
[21.898s] -- Up-to-date symlink: /home/ht/ht_ws/install/realsense2_camera/share/ament_index/resource_index/rclcpp_components/realsense2_camera
[21.898s] -- Up-to-date symlink: /home/ht/ht_ws/install/realsense2_camera/share/realsense2_camera/cmake/ament_cmake_export_include_directories-extras.cmake
[21.899s] -- Up-to-date symlink: /home/ht/ht_ws/install/realsense2_camera/share/realsense2_camera/cmake/ament_cmake_export_libraries-extras.cmake
[21.899s] -- Up-to-date symlink: /home/ht/ht_ws/install/realsense2_camera/share/realsense2_camera/cmake/ament_cmake_export_dependencies-extras.cmake
[21.899s] -- Up-to-date symlink: /home/ht/ht_ws/install/realsense2_camera/share/realsense2_camera/cmake/realsense2_cameraConfig.cmake
[21.899s] -- Up-to-date symlink: /home/ht/ht_ws/install/realsense2_camera/share/realsense2_camera/cmake/realsense2_cameraConfig-version.cmake
[21.899s] -- Up-to-date symlink: /home/ht/ht_ws/install/realsense2_camera/share/realsense2_camera/package.xml
[21.901s] Invoked command in '/home/ht/ht_ws/build/realsense2_camera' returned '0': CMAKE_PREFIX_PATH=/home/ht/ht_ws/install/realsense2_camera_msgs:/home/ht/ht_ws/install/vikit_ros:/home/ht/ht_ws/install/realsense2_ros_mqtt_bridge:/opt/ros/humble:/home/ht/ht_ws/install/vikit_common:/home/ht/ht_ws/install/realsense2_rviz_plugin:/home/ht/ht_ws/install/realsense2_description:/home/ht/ht_ws/install/realsense2_camera:/home/ht/ht_ws/install/livox_ros_driver2:/home/ht/ht_ws/install/fast_livo LD_LIBRARY_PATH=/home/ht/ht_ws/install/realsense2_camera_msgs/lib:/home/ht/ht_ws/install/vikit_ros/lib:/home/ht/ht_ws/install/vikit_common/lib:/home/ht/ht_ws/install/realsense2_camera/lib:/home/ht/ht_ws/install/livox_ros_driver2/lib:/opt/ros/humble/opt/rviz_ogre_vendor/lib:/opt/ros/humble/lib/x86_64-linux-gnu:/opt/ros/humble/lib /usr/bin/cmake --install /home/ht/ht_ws/build/realsense2_camera
