[0.180s] DEBUG:colcon:Command line arguments: ['/usr/bin/colcon', 'build']
[0.180s] DEBUG:colcon:Parsed command line arguments: Namespace(log_base=None, log_level=None, verb_name='build', build_base='build', install_base='install', merge_install=False, symlink_install=False, test_result_base=None, continue_on_error=False, executor='parallel', parallel_workers=8, event_handlers=None, ignore_user_meta=False, metas=['./colcon.meta'], base_paths=['.'], packages_ignore=None, packages_ignore_regex=None, paths=None, packages_up_to=None, packages_up_to_regex=None, packages_above=None, packages_above_and_dependencies=None, packages_above_depth=None, packages_select_by_dep=None, packages_skip_by_dep=None, packages_skip_up_to=None, packages_select_build_failed=False, packages_skip_build_finished=False, packages_select_test_failures=False, packages_skip_test_passed=False, packages_select=None, packages_skip=None, packages_select_regex=None, packages_skip_regex=None, packages_start=None, packages_end=None, allow_overriding=[], cmake_args=None, cmake_target=None, cmake_target_skip_unavailable=False, cmake_clean_cache=False, cmake_clean_first=False, cmake_force_configure=False, ament_cmake_args=None, catkin_cmake_args=None, catkin_skip_building_tests=False, verb_parser=<colcon_defaults.argument_parser.defaults.DefaultArgumentsDecorator object at 0xffff88ab04c0>, verb_extension=<colcon_core.verb.build.BuildVerb object at 0xffff88a73fa0>, main=<bound method BuildVerb.main of <colcon_core.verb.build.BuildVerb object at 0xffff88a73fa0>>)
[0.452s] Level 1:colcon.colcon_core.package_discovery:discover_packages(colcon_meta) check parameters
[0.452s] Level 1:colcon.colcon_core.package_discovery:discover_packages(recursive) check parameters
[0.452s] Level 1:colcon.colcon_core.package_discovery:discover_packages(ignore) check parameters
[0.452s] Level 1:colcon.colcon_core.package_discovery:discover_packages(path) check parameters
[0.452s] Level 1:colcon.colcon_core.package_discovery:discover_packages(colcon_meta) discover
[0.452s] Level 1:colcon.colcon_core.package_discovery:discover_packages(recursive) discover
[0.453s] INFO:colcon.colcon_core.package_discovery:Crawling recursively for packages in '/home/bxi_nx/ht_ws'
[0.453s] Level 1:colcon.colcon_core.package_identification:_identify(.) by extensions ['ignore', 'ignore_ament_install']
[0.453s] Level 1:colcon.colcon_core.package_identification:_identify(.) by extension 'ignore'
[0.453s] Level 1:colcon.colcon_core.package_identification:_identify(.) by extension 'ignore_ament_install'
[0.453s] Level 1:colcon.colcon_core.package_identification:_identify(.) by extensions ['colcon_pkg']
[0.453s] Level 1:colcon.colcon_core.package_identification:_identify(.) by extension 'colcon_pkg'
[0.453s] Level 1:colcon.colcon_core.package_identification:_identify(.) by extensions ['colcon_meta']
[0.453s] Level 1:colcon.colcon_core.package_identification:_identify(.) by extension 'colcon_meta'
[0.453s] Level 1:colcon.colcon_core.package_identification:_identify(.) by extensions ['ros']
[0.453s] Level 1:colcon.colcon_core.package_identification:_identify(.) by extension 'ros'
[0.473s] Level 1:colcon.colcon_core.package_identification:_identify(.) by extensions ['cmake', 'python']
[0.474s] Level 1:colcon.colcon_core.package_identification:_identify(.) by extension 'cmake'
[0.474s] Level 1:colcon.colcon_core.package_identification:_identify(.) by extension 'python'
[0.474s] Level 1:colcon.colcon_core.package_identification:_identify(.) by extensions ['python_setup_py']
[0.474s] Level 1:colcon.colcon_core.package_identification:_identify(.) by extension 'python_setup_py'
[0.474s] Level 1:colcon.colcon_core.package_identification:_identify(build) by extensions ['ignore', 'ignore_ament_install']
[0.474s] Level 1:colcon.colcon_core.package_identification:_identify(build) by extension 'ignore'
[0.474s] Level 1:colcon.colcon_core.package_identification:_identify(build) ignored
[0.475s] Level 1:colcon.colcon_core.package_identification:_identify(install) by extensions ['ignore', 'ignore_ament_install']
[0.475s] Level 1:colcon.colcon_core.package_identification:_identify(install) by extension 'ignore'
[0.475s] Level 1:colcon.colcon_core.package_identification:_identify(install) ignored
[0.475s] Level 1:colcon.colcon_core.package_identification:_identify(log) by extensions ['ignore', 'ignore_ament_install']
[0.475s] Level 1:colcon.colcon_core.package_identification:_identify(log) by extension 'ignore'
[0.475s] Level 1:colcon.colcon_core.package_identification:_identify(log) ignored
[0.475s] Level 1:colcon.colcon_core.package_identification:_identify(src) by extensions ['ignore', 'ignore_ament_install']
[0.476s] Level 1:colcon.colcon_core.package_identification:_identify(src) by extension 'ignore'
[0.476s] Level 1:colcon.colcon_core.package_identification:_identify(src) by extension 'ignore_ament_install'
[0.476s] Level 1:colcon.colcon_core.package_identification:_identify(src) by extensions ['colcon_pkg']
[0.476s] Level 1:colcon.colcon_core.package_identification:_identify(src) by extension 'colcon_pkg'
[0.476s] Level 1:colcon.colcon_core.package_identification:_identify(src) by extensions ['colcon_meta']
[0.476s] Level 1:colcon.colcon_core.package_identification:_identify(src) by extension 'colcon_meta'
[0.476s] Level 1:colcon.colcon_core.package_identification:_identify(src) by extensions ['ros']
[0.476s] Level 1:colcon.colcon_core.package_identification:_identify(src) by extension 'ros'
[0.476s] Level 1:colcon.colcon_core.package_identification:_identify(src) by extensions ['cmake', 'python']
[0.476s] Level 1:colcon.colcon_core.package_identification:_identify(src) by extension 'cmake'
[0.476s] Level 1:colcon.colcon_core.package_identification:_identify(src) by extension 'python'
[0.476s] Level 1:colcon.colcon_core.package_identification:_identify(src) by extensions ['python_setup_py']
[0.476s] Level 1:colcon.colcon_core.package_identification:_identify(src) by extension 'python_setup_py'
[0.477s] Level 1:colcon.colcon_core.package_identification:_identify(src/FAST-LIVO2) by extensions ['ignore', 'ignore_ament_install']
[0.477s] Level 1:colcon.colcon_core.package_identification:_identify(src/FAST-LIVO2) by extension 'ignore'
[0.477s] Level 1:colcon.colcon_core.package_identification:_identify(src/FAST-LIVO2) by extension 'ignore_ament_install'
[0.477s] Level 1:colcon.colcon_core.package_identification:_identify(src/FAST-LIVO2) by extensions ['colcon_pkg']
[0.477s] Level 1:colcon.colcon_core.package_identification:_identify(src/FAST-LIVO2) by extension 'colcon_pkg'
[0.477s] Level 1:colcon.colcon_core.package_identification:_identify(src/FAST-LIVO2) by extensions ['colcon_meta']
[0.477s] Level 1:colcon.colcon_core.package_identification:_identify(src/FAST-LIVO2) by extension 'colcon_meta'
[0.477s] Level 1:colcon.colcon_core.package_identification:_identify(src/FAST-LIVO2) by extensions ['ros']
[0.477s] Level 1:colcon.colcon_core.package_identification:_identify(src/FAST-LIVO2) by extension 'ros'
[0.482s] DEBUG:colcon.colcon_core.package_identification:Package 'src/FAST-LIVO2' with type 'ros.ament_cmake' and name 'fast_livo'
[0.482s] Level 1:colcon.colcon_core.package_identification:_identify(src/Livox-SDK2) by extensions ['ignore', 'ignore_ament_install']
[0.482s] Level 1:colcon.colcon_core.package_identification:_identify(src/Livox-SDK2) by extension 'ignore'
[0.482s] Level 1:colcon.colcon_core.package_identification:_identify(src/Livox-SDK2) by extension 'ignore_ament_install'
[0.482s] Level 1:colcon.colcon_core.package_identification:_identify(src/Livox-SDK2) by extensions ['colcon_pkg']
[0.482s] Level 1:colcon.colcon_core.package_identification:_identify(src/Livox-SDK2) by extension 'colcon_pkg'
[0.482s] Level 1:colcon.colcon_core.package_identification:_identify(src/Livox-SDK2) by extensions ['colcon_meta']
[0.482s] Level 1:colcon.colcon_core.package_identification:_identify(src/Livox-SDK2) by extension 'colcon_meta'
[0.482s] Level 1:colcon.colcon_core.package_identification:_identify(src/Livox-SDK2) by extensions ['ros']
[0.483s] Level 1:colcon.colcon_core.package_identification:_identify(src/Livox-SDK2) by extension 'ros'
[0.483s] Level 1:colcon.colcon_core.package_identification:_identify(src/Livox-SDK2) by extensions ['cmake', 'python']
[0.483s] Level 1:colcon.colcon_core.package_identification:_identify(src/Livox-SDK2) by extension 'cmake'
[0.500s] Level 1:colcon.colcon_core.package_identification:_identify(src/Livox-SDK2) by extension 'python'
[0.500s] DEBUG:colcon.colcon_core.package_identification:Package 'src/Livox-SDK2' with type 'cmake' and name 'livox_sdk2'
[0.501s] Level 1:colcon.colcon_core.package_identification:_identify(src/rpg_vikit) by extensions ['ignore', 'ignore_ament_install']
[0.501s] Level 1:colcon.colcon_core.package_identification:_identify(src/rpg_vikit) by extension 'ignore'
[0.501s] Level 1:colcon.colcon_core.package_identification:_identify(src/rpg_vikit) by extension 'ignore_ament_install'
[0.501s] Level 1:colcon.colcon_core.package_identification:_identify(src/rpg_vikit) by extensions ['colcon_pkg']
[0.501s] Level 1:colcon.colcon_core.package_identification:_identify(src/rpg_vikit) by extension 'colcon_pkg'
[0.501s] Level 1:colcon.colcon_core.package_identification:_identify(src/rpg_vikit) by extensions ['colcon_meta']
[0.501s] Level 1:colcon.colcon_core.package_identification:_identify(src/rpg_vikit) by extension 'colcon_meta'
[0.501s] Level 1:colcon.colcon_core.package_identification:_identify(src/rpg_vikit) by extensions ['ros']
[0.501s] Level 1:colcon.colcon_core.package_identification:_identify(src/rpg_vikit) by extension 'ros'
[0.501s] Level 1:colcon.colcon_core.package_identification:_identify(src/rpg_vikit) by extensions ['cmake', 'python']
[0.502s] Level 1:colcon.colcon_core.package_identification:_identify(src/rpg_vikit) by extension 'cmake'
[0.502s] Level 1:colcon.colcon_core.package_identification:_identify(src/rpg_vikit) by extension 'python'
[0.502s] Level 1:colcon.colcon_core.package_identification:_identify(src/rpg_vikit) by extensions ['python_setup_py']
[0.502s] Level 1:colcon.colcon_core.package_identification:_identify(src/rpg_vikit) by extension 'python_setup_py'
[0.502s] Level 1:colcon.colcon_core.package_identification:_identify(src/rpg_vikit/vikit_common) by extensions ['ignore', 'ignore_ament_install']
[0.502s] Level 1:colcon.colcon_core.package_identification:_identify(src/rpg_vikit/vikit_common) by extension 'ignore'
[0.502s] Level 1:colcon.colcon_core.package_identification:_identify(src/rpg_vikit/vikit_common) by extension 'ignore_ament_install'
[0.502s] Level 1:colcon.colcon_core.package_identification:_identify(src/rpg_vikit/vikit_common) by extensions ['colcon_pkg']
[0.502s] Level 1:colcon.colcon_core.package_identification:_identify(src/rpg_vikit/vikit_common) by extension 'colcon_pkg'
[0.502s] Level 1:colcon.colcon_core.package_identification:_identify(src/rpg_vikit/vikit_common) by extensions ['colcon_meta']
[0.502s] Level 1:colcon.colcon_core.package_identification:_identify(src/rpg_vikit/vikit_common) by extension 'colcon_meta'
[0.502s] Level 1:colcon.colcon_core.package_identification:_identify(src/rpg_vikit/vikit_common) by extensions ['ros']
[0.503s] Level 1:colcon.colcon_core.package_identification:_identify(src/rpg_vikit/vikit_common) by extension 'ros'
[0.504s] DEBUG:colcon.colcon_core.package_identification:Package 'src/rpg_vikit/vikit_common' with type 'ros.catkin' and name 'vikit_common'
[0.504s] Level 1:colcon.colcon_core.package_identification:_identify(src/rpg_vikit/vikit_ros) by extensions ['ignore', 'ignore_ament_install']
[0.504s] Level 1:colcon.colcon_core.package_identification:_identify(src/rpg_vikit/vikit_ros) by extension 'ignore'
[0.504s] Level 1:colcon.colcon_core.package_identification:_identify(src/rpg_vikit/vikit_ros) by extension 'ignore_ament_install'
[0.504s] Level 1:colcon.colcon_core.package_identification:_identify(src/rpg_vikit/vikit_ros) by extensions ['colcon_pkg']
[0.504s] Level 1:colcon.colcon_core.package_identification:_identify(src/rpg_vikit/vikit_ros) by extension 'colcon_pkg'
[0.504s] Level 1:colcon.colcon_core.package_identification:_identify(src/rpg_vikit/vikit_ros) by extensions ['colcon_meta']
[0.504s] Level 1:colcon.colcon_core.package_identification:_identify(src/rpg_vikit/vikit_ros) by extension 'colcon_meta'
[0.505s] Level 1:colcon.colcon_core.package_identification:_identify(src/rpg_vikit/vikit_ros) by extensions ['ros']
[0.505s] Level 1:colcon.colcon_core.package_identification:_identify(src/rpg_vikit/vikit_ros) by extension 'ros'
[0.506s] DEBUG:colcon.colcon_core.package_identification:Package 'src/rpg_vikit/vikit_ros' with type 'ros.ament_cmake' and name 'vikit_ros'
[0.506s] Level 1:colcon.colcon_core.package_discovery:discover_packages(recursive) using defaults
[0.506s] Level 1:colcon.colcon_core.package_discovery:discover_packages(ignore) discover
[0.506s] Level 1:colcon.colcon_core.package_discovery:discover_packages(ignore) using defaults
[0.506s] Level 1:colcon.colcon_core.package_discovery:discover_packages(path) discover
[0.506s] Level 1:colcon.colcon_core.package_discovery:discover_packages(path) using defaults
[0.539s] Level 1:colcon.colcon_core.package_discovery:discover_packages(prefix_path) check parameters
[0.539s] Level 1:colcon.colcon_core.package_discovery:discover_packages(prefix_path) discover
[0.543s] DEBUG:colcon.colcon_installed_package_information.package_discovery:Found 5 installed packages in /home/bxi_nx/ws_livox/install
[0.546s] DEBUG:colcon.colcon_installed_package_information.package_discovery:Found 318 installed packages in /opt/ros/humble
[0.577s] Level 1:colcon.colcon_core.package_discovery:discover_packages(prefix_path) using defaults
[0.647s] Level 5:colcon.colcon_core.verb:set package 'livox_sdk2' build argument 'cmake_args' from command line to 'None'
[0.647s] Level 5:colcon.colcon_core.verb:set package 'livox_sdk2' build argument 'cmake_target' from command line to 'None'
[0.647s] Level 5:colcon.colcon_core.verb:set package 'livox_sdk2' build argument 'cmake_target_skip_unavailable' from command line to 'False'
[0.647s] Level 5:colcon.colcon_core.verb:set package 'livox_sdk2' build argument 'cmake_clean_cache' from command line to 'False'
[0.648s] Level 5:colcon.colcon_core.verb:set package 'livox_sdk2' build argument 'cmake_clean_first' from command line to 'False'
[0.648s] Level 5:colcon.colcon_core.verb:set package 'livox_sdk2' build argument 'cmake_force_configure' from command line to 'False'
[0.648s] Level 5:colcon.colcon_core.verb:set package 'livox_sdk2' build argument 'ament_cmake_args' from command line to 'None'
[0.648s] Level 5:colcon.colcon_core.verb:set package 'livox_sdk2' build argument 'catkin_cmake_args' from command line to 'None'
[0.648s] Level 5:colcon.colcon_core.verb:set package 'livox_sdk2' build argument 'catkin_skip_building_tests' from command line to 'False'
[0.648s] DEBUG:colcon.colcon_core.verb:Building package 'livox_sdk2' with the following arguments: {'ament_cmake_args': None, 'build_base': '/home/bxi_nx/ht_ws/build/livox_sdk2', 'catkin_cmake_args': None, 'catkin_skip_building_tests': False, 'cmake_args': None, 'cmake_clean_cache': False, 'cmake_clean_first': False, 'cmake_force_configure': False, 'cmake_target': None, 'cmake_target_skip_unavailable': False, 'install_base': '/home/bxi_nx/ht_ws/install/livox_sdk2', 'merge_install': False, 'path': '/home/bxi_nx/ht_ws/src/Livox-SDK2', 'symlink_install': False, 'test_result_base': None}
[0.648s] Level 5:colcon.colcon_core.verb:set package 'vikit_common' build argument 'cmake_args' from command line to 'None'
[0.648s] Level 5:colcon.colcon_core.verb:set package 'vikit_common' build argument 'cmake_target' from command line to 'None'
[0.648s] Level 5:colcon.colcon_core.verb:set package 'vikit_common' build argument 'cmake_target_skip_unavailable' from command line to 'False'
[0.648s] Level 5:colcon.colcon_core.verb:set package 'vikit_common' build argument 'cmake_clean_cache' from command line to 'False'
[0.649s] Level 5:colcon.colcon_core.verb:set package 'vikit_common' build argument 'cmake_clean_first' from command line to 'False'
[0.649s] Level 5:colcon.colcon_core.verb:set package 'vikit_common' build argument 'cmake_force_configure' from command line to 'False'
[0.649s] Level 5:colcon.colcon_core.verb:set package 'vikit_common' build argument 'ament_cmake_args' from command line to 'None'
[0.649s] Level 5:colcon.colcon_core.verb:set package 'vikit_common' build argument 'catkin_cmake_args' from command line to 'None'
[0.649s] Level 5:colcon.colcon_core.verb:set package 'vikit_common' build argument 'catkin_skip_building_tests' from command line to 'False'
[0.649s] DEBUG:colcon.colcon_core.verb:Building package 'vikit_common' with the following arguments: {'ament_cmake_args': None, 'build_base': '/home/bxi_nx/ht_ws/build/vikit_common', 'catkin_cmake_args': None, 'catkin_skip_building_tests': False, 'cmake_args': None, 'cmake_clean_cache': False, 'cmake_clean_first': False, 'cmake_force_configure': False, 'cmake_target': None, 'cmake_target_skip_unavailable': False, 'install_base': '/home/bxi_nx/ht_ws/install/vikit_common', 'merge_install': False, 'path': '/home/bxi_nx/ht_ws/src/rpg_vikit/vikit_common', 'symlink_install': False, 'test_result_base': None}
[0.649s] Level 5:colcon.colcon_core.verb:set package 'vikit_ros' build argument 'cmake_args' from command line to 'None'
[0.649s] Level 5:colcon.colcon_core.verb:set package 'vikit_ros' build argument 'cmake_target' from command line to 'None'
[0.649s] Level 5:colcon.colcon_core.verb:set package 'vikit_ros' build argument 'cmake_target_skip_unavailable' from command line to 'False'
[0.649s] Level 5:colcon.colcon_core.verb:set package 'vikit_ros' build argument 'cmake_clean_cache' from command line to 'False'
[0.649s] Level 5:colcon.colcon_core.verb:set package 'vikit_ros' build argument 'cmake_clean_first' from command line to 'False'
[0.649s] Level 5:colcon.colcon_core.verb:set package 'vikit_ros' build argument 'cmake_force_configure' from command line to 'False'
[0.649s] Level 5:colcon.colcon_core.verb:set package 'vikit_ros' build argument 'ament_cmake_args' from command line to 'None'
[0.650s] Level 5:colcon.colcon_core.verb:set package 'vikit_ros' build argument 'catkin_cmake_args' from command line to 'None'
[0.650s] Level 5:colcon.colcon_core.verb:set package 'vikit_ros' build argument 'catkin_skip_building_tests' from command line to 'False'
[0.650s] DEBUG:colcon.colcon_core.verb:Building package 'vikit_ros' with the following arguments: {'ament_cmake_args': None, 'build_base': '/home/bxi_nx/ht_ws/build/vikit_ros', 'catkin_cmake_args': None, 'catkin_skip_building_tests': False, 'cmake_args': None, 'cmake_clean_cache': False, 'cmake_clean_first': False, 'cmake_force_configure': False, 'cmake_target': None, 'cmake_target_skip_unavailable': False, 'install_base': '/home/bxi_nx/ht_ws/install/vikit_ros', 'merge_install': False, 'path': '/home/bxi_nx/ht_ws/src/rpg_vikit/vikit_ros', 'symlink_install': False, 'test_result_base': None}
[0.650s] Level 5:colcon.colcon_core.verb:set package 'fast_livo' build argument 'cmake_args' from command line to 'None'
[0.650s] Level 5:colcon.colcon_core.verb:set package 'fast_livo' build argument 'cmake_target' from command line to 'None'
[0.650s] Level 5:colcon.colcon_core.verb:set package 'fast_livo' build argument 'cmake_target_skip_unavailable' from command line to 'False'
[0.650s] Level 5:colcon.colcon_core.verb:set package 'fast_livo' build argument 'cmake_clean_cache' from command line to 'False'
[0.650s] Level 5:colcon.colcon_core.verb:set package 'fast_livo' build argument 'cmake_clean_first' from command line to 'False'
[0.650s] Level 5:colcon.colcon_core.verb:set package 'fast_livo' build argument 'cmake_force_configure' from command line to 'False'
[0.650s] Level 5:colcon.colcon_core.verb:set package 'fast_livo' build argument 'ament_cmake_args' from command line to 'None'
[0.650s] Level 5:colcon.colcon_core.verb:set package 'fast_livo' build argument 'catkin_cmake_args' from command line to 'None'
[0.650s] Level 5:colcon.colcon_core.verb:set package 'fast_livo' build argument 'catkin_skip_building_tests' from command line to 'False'
[0.650s] DEBUG:colcon.colcon_core.verb:Building package 'fast_livo' with the following arguments: {'ament_cmake_args': None, 'build_base': '/home/bxi_nx/ht_ws/build/fast_livo', 'catkin_cmake_args': None, 'catkin_skip_building_tests': False, 'cmake_args': None, 'cmake_clean_cache': False, 'cmake_clean_first': False, 'cmake_force_configure': False, 'cmake_target': None, 'cmake_target_skip_unavailable': False, 'install_base': '/home/bxi_nx/ht_ws/install/fast_livo', 'merge_install': False, 'path': '/home/bxi_nx/ht_ws/src/FAST-LIVO2', 'symlink_install': False, 'test_result_base': None}
[0.651s] INFO:colcon.colcon_core.executor:Executing jobs using 'parallel' executor
[0.653s] DEBUG:colcon.colcon_parallel_executor.executor.parallel:run_until_complete
[0.653s] INFO:colcon.colcon_ros.task.catkin.build:Building ROS package in '/home/bxi_nx/ht_ws/src/rpg_vikit/vikit_common' with build type 'catkin'
[0.653s] INFO:colcon.colcon_cmake.task.cmake.build:Building CMake package in '/home/bxi_nx/ht_ws/src/rpg_vikit/vikit_common'
[0.657s] INFO:colcon.colcon_core.plugin_system:Skipping extension 'colcon_core.shell.bat': Not used on non-Windows systems
[0.657s] INFO:colcon.colcon_core.shell:Skip shell extension 'powershell' for command environment: Not usable outside of PowerShell
[0.657s] DEBUG:colcon.colcon_core.shell:Skip shell extension 'dsv' for command environment
[0.663s] INFO:colcon.colcon_cmake.task.cmake.build:Building CMake package in '/home/bxi_nx/ht_ws/src/Livox-SDK2'
[0.664s] INFO:colcon.colcon_core.shell:Skip shell extension 'powershell' for command environment: Not usable outside of PowerShell
[0.664s] DEBUG:colcon.colcon_core.shell:Skip shell extension 'dsv' for command environment
[0.675s] DEBUG:colcon.colcon_core.event_handler.log_command:Invoking command in '/home/bxi_nx/ht_ws/build/vikit_common': /usr/bin/cmake --build /home/bxi_nx/ht_ws/build/vikit_common -- -j8 -l8
[0.682s] DEBUG:colcon.colcon_core.event_handler.log_command:Invoking command in '/home/bxi_nx/ht_ws/build/livox_sdk2': /usr/bin/cmake --build /home/bxi_nx/ht_ws/build/livox_sdk2 -- -j8 -l8
[0.881s] DEBUG:colcon.colcon_core.event_handler.log_command:Invoked command in '/home/bxi_nx/ht_ws/build/vikit_common' returned '0': /usr/bin/cmake --build /home/bxi_nx/ht_ws/build/vikit_common -- -j8 -l8
[0.904s] DEBUG:colcon.colcon_core.event_handler.log_command:Invoking command in '/home/bxi_nx/ht_ws/build/vikit_common': /usr/bin/cmake --install /home/bxi_nx/ht_ws/build/vikit_common
[0.906s] DEBUG:colcon.colcon_core.event_handler.log_command:Invoked command in '/home/bxi_nx/ht_ws/build/livox_sdk2' returned '0': /usr/bin/cmake --build /home/bxi_nx/ht_ws/build/livox_sdk2 -- -j8 -l8
[0.910s] DEBUG:colcon.colcon_core.event_handler.log_command:Invoking command in '/home/bxi_nx/ht_ws/build/livox_sdk2': /usr/bin/cmake --install /home/bxi_nx/ht_ws/build/livox_sdk2
[0.930s] Level 1:colcon.colcon_core.shell:create_environment_hook('vikit_common', 'ros_package_path')
[0.932s] INFO:colcon.colcon_core.shell:Creating environment hook '/home/bxi_nx/ht_ws/install/vikit_common/share/vikit_common/hook/ros_package_path.ps1'
[0.935s] INFO:colcon.colcon_core.shell:Creating environment descriptor '/home/bxi_nx/ht_ws/install/vikit_common/share/vikit_common/hook/ros_package_path.dsv'
[0.939s] INFO:colcon.colcon_core.shell:Creating environment hook '/home/bxi_nx/ht_ws/install/vikit_common/share/vikit_common/hook/ros_package_path.sh'
[0.942s] DEBUG:colcon.colcon_core.event_handler.log_command:Invoked command in '/home/bxi_nx/ht_ws/build/vikit_common' returned '0': /usr/bin/cmake --install /home/bxi_nx/ht_ws/build/vikit_common
[0.943s] Level 1:colcon.colcon_core.shell:create_environment_hook('vikit_common', 'pkg_config_path')
[0.944s] INFO:colcon.colcon_core.shell:Creating environment hook '/home/bxi_nx/ht_ws/install/vikit_common/share/vikit_common/hook/pkg_config_path.ps1'
[0.946s] INFO:colcon.colcon_core.shell:Creating environment descriptor '/home/bxi_nx/ht_ws/install/vikit_common/share/vikit_common/hook/pkg_config_path.dsv'
[0.947s] INFO:colcon.colcon_core.shell:Creating environment hook '/home/bxi_nx/ht_ws/install/vikit_common/share/vikit_common/hook/pkg_config_path.sh'
[0.952s] Level 1:colcon.colcon_core.shell:create_environment_hook('vikit_common', 'pkg_config_path_multiarch')
[0.953s] INFO:colcon.colcon_core.shell:Creating environment hook '/home/bxi_nx/ht_ws/install/vikit_common/share/vikit_common/hook/pkg_config_path_multiarch.ps1'
[0.954s] INFO:colcon.colcon_core.shell:Creating environment descriptor '/home/bxi_nx/ht_ws/install/vikit_common/share/vikit_common/hook/pkg_config_path_multiarch.dsv'
[0.955s] INFO:colcon.colcon_core.shell:Creating environment hook '/home/bxi_nx/ht_ws/install/vikit_common/share/vikit_common/hook/pkg_config_path_multiarch.sh'
[0.958s] Level 1:colcon.colcon_core.environment:create_environment_scripts_only(vikit_common)
[0.966s] Level 1:colcon.colcon_core.environment:checking '/home/bxi_nx/ht_ws/install/vikit_common' for CMake module files
[0.968s] Level 1:colcon.colcon_core.environment:checking '/home/bxi_nx/ht_ws/install/vikit_common' for CMake config files
[0.969s] Level 1:colcon.colcon_core.shell:create_environment_hook('vikit_common', 'cmake_prefix_path')
[0.970s] INFO:colcon.colcon_core.shell:Creating environment hook '/home/bxi_nx/ht_ws/install/vikit_common/share/vikit_common/hook/cmake_prefix_path.ps1'
[0.971s] INFO:colcon.colcon_core.shell:Creating environment descriptor '/home/bxi_nx/ht_ws/install/vikit_common/share/vikit_common/hook/cmake_prefix_path.dsv'
[0.973s] INFO:colcon.colcon_core.shell:Creating environment hook '/home/bxi_nx/ht_ws/install/vikit_common/share/vikit_common/hook/cmake_prefix_path.sh'
[0.975s] Level 1:colcon.colcon_core.environment:checking '/home/bxi_nx/ht_ws/install/vikit_common/lib'
[0.976s] Level 1:colcon.colcon_core.shell:create_environment_hook('vikit_common', 'ld_library_path_lib')
[0.976s] INFO:colcon.colcon_core.shell:Creating environment hook '/home/bxi_nx/ht_ws/install/vikit_common/share/vikit_common/hook/ld_library_path_lib.ps1'
[0.978s] INFO:colcon.colcon_core.shell:Creating environment descriptor '/home/bxi_nx/ht_ws/install/vikit_common/share/vikit_common/hook/ld_library_path_lib.dsv'
[0.979s] INFO:colcon.colcon_core.shell:Creating environment hook '/home/bxi_nx/ht_ws/install/vikit_common/share/vikit_common/hook/ld_library_path_lib.sh'
[0.980s] Level 1:colcon.colcon_core.environment:checking '/home/bxi_nx/ht_ws/install/vikit_common/bin'
[0.980s] Level 1:colcon.colcon_core.environment:checking '/home/bxi_nx/ht_ws/install/vikit_common/lib/pkgconfig/vikit_common.pc'
[0.981s] Level 1:colcon.colcon_core.environment:checking '/home/bxi_nx/ht_ws/install/vikit_common/lib/python3.10/site-packages'
[0.982s] Level 1:colcon.colcon_core.environment:checking '/home/bxi_nx/ht_ws/install/vikit_common/bin'
[0.983s] INFO:colcon.colcon_core.shell:Creating package script '/home/bxi_nx/ht_ws/install/vikit_common/share/vikit_common/package.ps1'
[0.986s] INFO:colcon.colcon_core.shell:Creating package descriptor '/home/bxi_nx/ht_ws/install/vikit_common/share/vikit_common/package.dsv'
[0.988s] INFO:colcon.colcon_core.shell:Creating package script '/home/bxi_nx/ht_ws/install/vikit_common/share/vikit_common/package.sh'
[0.990s] INFO:colcon.colcon_core.shell:Creating package script '/home/bxi_nx/ht_ws/install/vikit_common/share/vikit_common/package.bash'
[0.992s] INFO:colcon.colcon_core.shell:Creating package script '/home/bxi_nx/ht_ws/install/vikit_common/share/vikit_common/package.zsh'
[0.993s] Level 1:colcon.colcon_core.environment:create_file_with_runtime_dependencies(/home/bxi_nx/ht_ws/install/vikit_common/share/colcon-core/packages/vikit_common)
[0.996s] INFO:colcon.colcon_ros.task.ament_cmake.build:Building ROS package in '/home/bxi_nx/ht_ws/src/rpg_vikit/vikit_ros' with build type 'ament_cmake'
[0.996s] INFO:colcon.colcon_cmake.task.cmake.build:Building CMake package in '/home/bxi_nx/ht_ws/src/rpg_vikit/vikit_ros'
[0.997s] INFO:colcon.colcon_core.shell:Skip shell extension 'powershell' for command environment: Not usable outside of PowerShell
[0.997s] DEBUG:colcon.colcon_core.shell:Skip shell extension 'dsv' for command environment
[1.008s] Level 1:colcon.colcon_core.environment:create_environment_scripts_only(livox_sdk2)
[1.009s] Level 1:colcon.colcon_core.environment:checking '/home/bxi_nx/ht_ws/install/livox_sdk2' for CMake module files
[1.009s] DEBUG:colcon.colcon_core.event_handler.log_command:Invoked command in '/home/bxi_nx/ht_ws/build/livox_sdk2' returned '0': /usr/bin/cmake --install /home/bxi_nx/ht_ws/build/livox_sdk2
[1.010s] Level 1:colcon.colcon_core.environment:checking '/home/bxi_nx/ht_ws/install/livox_sdk2' for CMake config files
[1.011s] Level 1:colcon.colcon_core.environment:checking '/home/bxi_nx/ht_ws/install/livox_sdk2/lib'
[1.011s] Level 1:colcon.colcon_core.shell:create_environment_hook('livox_sdk2', 'ld_library_path_lib')
[1.011s] INFO:colcon.colcon_core.shell:Creating environment hook '/home/bxi_nx/ht_ws/install/livox_sdk2/share/livox_sdk2/hook/ld_library_path_lib.ps1'
[1.012s] INFO:colcon.colcon_core.shell:Creating environment descriptor '/home/bxi_nx/ht_ws/install/livox_sdk2/share/livox_sdk2/hook/ld_library_path_lib.dsv'
[1.013s] INFO:colcon.colcon_core.shell:Creating environment hook '/home/bxi_nx/ht_ws/install/livox_sdk2/share/livox_sdk2/hook/ld_library_path_lib.sh'
[1.014s] Level 1:colcon.colcon_core.environment:checking '/home/bxi_nx/ht_ws/install/livox_sdk2/bin'
[1.014s] Level 1:colcon.colcon_core.environment:checking '/home/bxi_nx/ht_ws/install/livox_sdk2/lib/pkgconfig/livox_sdk2.pc'
[1.015s] Level 1:colcon.colcon_core.environment:checking '/home/bxi_nx/ht_ws/install/livox_sdk2/lib/python3.10/site-packages'
[1.016s] Level 1:colcon.colcon_core.environment:checking '/home/bxi_nx/ht_ws/install/livox_sdk2/bin'
[1.017s] INFO:colcon.colcon_core.shell:Creating package script '/home/bxi_nx/ht_ws/install/livox_sdk2/share/livox_sdk2/package.ps1'
[1.018s] INFO:colcon.colcon_core.shell:Creating package descriptor '/home/bxi_nx/ht_ws/install/livox_sdk2/share/livox_sdk2/package.dsv'
[1.019s] INFO:colcon.colcon_core.shell:Creating package script '/home/bxi_nx/ht_ws/install/livox_sdk2/share/livox_sdk2/package.sh'
[1.020s] INFO:colcon.colcon_core.shell:Creating package script '/home/bxi_nx/ht_ws/install/livox_sdk2/share/livox_sdk2/package.bash'
[1.021s] INFO:colcon.colcon_core.shell:Creating package script '/home/bxi_nx/ht_ws/install/livox_sdk2/share/livox_sdk2/package.zsh'
[1.022s] Level 1:colcon.colcon_core.environment:create_file_with_runtime_dependencies(/home/bxi_nx/ht_ws/install/livox_sdk2/share/colcon-core/packages/livox_sdk2)
[1.031s] DEBUG:colcon.colcon_core.event_handler.log_command:Invoking command in '/home/bxi_nx/ht_ws/build/vikit_ros': CMAKE_PREFIX_PATH=/opt/ros/humble:/home/bxi_nx/ht_ws/install/vikit_common:${CMAKE_PREFIX_PATH} LD_LIBRARY_PATH=/home/bxi_nx/ht_ws/install/vikit_common/lib:/home/bxi_nx/ws_livox/install/livox_ros_driver2/lib:/home/bxi_nx/ws_livox/install/interface/lib:/home/bxi_nx/ws_livox/install/communication/lib:/home/bxi_nx/gtsam/build/gtsam/libgtsam.so.4:/opt/ros/humble/opt/rviz_ogre_vendor/lib:/opt/ros/humble/lib/aarch64-linux-gnu:/opt/ros/humble/lib:/usr/local/cuda-12.6/lib64 PKG_CONFIG_PATH=/home/bxi_nx/ht_ws/install/vikit_common/lib/aarch64-linux-gnu/pkgconfig:/home/bxi_nx/ht_ws/install/vikit_common/lib/pkgconfig ROS_PACKAGE_PATH=/home/bxi_nx/ht_ws/install/vikit_common/share /usr/bin/cmake --build /home/bxi_nx/ht_ws/build/vikit_ros -- -j8 -l8
[1.167s] DEBUG:colcon.colcon_core.event_handler.log_command:Invoked command in '/home/bxi_nx/ht_ws/build/vikit_ros' returned '0': CMAKE_PREFIX_PATH=/opt/ros/humble:/home/bxi_nx/ht_ws/install/vikit_common:${CMAKE_PREFIX_PATH} LD_LIBRARY_PATH=/home/bxi_nx/ht_ws/install/vikit_common/lib:/home/bxi_nx/ws_livox/install/livox_ros_driver2/lib:/home/bxi_nx/ws_livox/install/interface/lib:/home/bxi_nx/ws_livox/install/communication/lib:/home/bxi_nx/gtsam/build/gtsam/libgtsam.so.4:/opt/ros/humble/opt/rviz_ogre_vendor/lib:/opt/ros/humble/lib/aarch64-linux-gnu:/opt/ros/humble/lib:/usr/local/cuda-12.6/lib64 PKG_CONFIG_PATH=/home/bxi_nx/ht_ws/install/vikit_common/lib/aarch64-linux-gnu/pkgconfig:/home/bxi_nx/ht_ws/install/vikit_common/lib/pkgconfig ROS_PACKAGE_PATH=/home/bxi_nx/ht_ws/install/vikit_common/share /usr/bin/cmake --build /home/bxi_nx/ht_ws/build/vikit_ros -- -j8 -l8
[1.172s] DEBUG:colcon.colcon_core.event_handler.log_command:Invoking command in '/home/bxi_nx/ht_ws/build/vikit_ros': CMAKE_PREFIX_PATH=/opt/ros/humble:/home/bxi_nx/ht_ws/install/vikit_common:${CMAKE_PREFIX_PATH} LD_LIBRARY_PATH=/home/bxi_nx/ht_ws/install/vikit_common/lib:/home/bxi_nx/ws_livox/install/livox_ros_driver2/lib:/home/bxi_nx/ws_livox/install/interface/lib:/home/bxi_nx/ws_livox/install/communication/lib:/home/bxi_nx/gtsam/build/gtsam/libgtsam.so.4:/opt/ros/humble/opt/rviz_ogre_vendor/lib:/opt/ros/humble/lib/aarch64-linux-gnu:/opt/ros/humble/lib:/usr/local/cuda-12.6/lib64 PKG_CONFIG_PATH=/home/bxi_nx/ht_ws/install/vikit_common/lib/aarch64-linux-gnu/pkgconfig:/home/bxi_nx/ht_ws/install/vikit_common/lib/pkgconfig ROS_PACKAGE_PATH=/home/bxi_nx/ht_ws/install/vikit_common/share /usr/bin/cmake --install /home/bxi_nx/ht_ws/build/vikit_ros
[1.194s] Level 1:colcon.colcon_core.environment:create_environment_scripts_only(vikit_ros)
[1.196s] Level 1:colcon.colcon_core.environment:checking '/home/bxi_nx/ht_ws/install/vikit_ros' for CMake module files
[1.197s] DEBUG:colcon.colcon_core.event_handler.log_command:Invoked command in '/home/bxi_nx/ht_ws/build/vikit_ros' returned '0': CMAKE_PREFIX_PATH=/opt/ros/humble:/home/bxi_nx/ht_ws/install/vikit_common:${CMAKE_PREFIX_PATH} LD_LIBRARY_PATH=/home/bxi_nx/ht_ws/install/vikit_common/lib:/home/bxi_nx/ws_livox/install/livox_ros_driver2/lib:/home/bxi_nx/ws_livox/install/interface/lib:/home/bxi_nx/ws_livox/install/communication/lib:/home/bxi_nx/gtsam/build/gtsam/libgtsam.so.4:/opt/ros/humble/opt/rviz_ogre_vendor/lib:/opt/ros/humble/lib/aarch64-linux-gnu:/opt/ros/humble/lib:/usr/local/cuda-12.6/lib64 PKG_CONFIG_PATH=/home/bxi_nx/ht_ws/install/vikit_common/lib/aarch64-linux-gnu/pkgconfig:/home/bxi_nx/ht_ws/install/vikit_common/lib/pkgconfig ROS_PACKAGE_PATH=/home/bxi_nx/ht_ws/install/vikit_common/share /usr/bin/cmake --install /home/bxi_nx/ht_ws/build/vikit_ros
[1.198s] Level 1:colcon.colcon_core.environment:checking '/home/bxi_nx/ht_ws/install/vikit_ros' for CMake config files
[1.198s] Level 1:colcon.colcon_core.shell:create_environment_hook('vikit_ros', 'cmake_prefix_path')
[1.199s] INFO:colcon.colcon_core.shell:Creating environment hook '/home/bxi_nx/ht_ws/install/vikit_ros/share/vikit_ros/hook/cmake_prefix_path.ps1'
[1.200s] INFO:colcon.colcon_core.shell:Creating environment descriptor '/home/bxi_nx/ht_ws/install/vikit_ros/share/vikit_ros/hook/cmake_prefix_path.dsv'
[1.201s] INFO:colcon.colcon_core.shell:Creating environment hook '/home/bxi_nx/ht_ws/install/vikit_ros/share/vikit_ros/hook/cmake_prefix_path.sh'
[1.203s] Level 1:colcon.colcon_core.environment:checking '/home/bxi_nx/ht_ws/install/vikit_ros/lib'
[1.203s] Level 1:colcon.colcon_core.shell:create_environment_hook('vikit_ros', 'ld_library_path_lib')
[1.204s] INFO:colcon.colcon_core.shell:Creating environment hook '/home/bxi_nx/ht_ws/install/vikit_ros/share/vikit_ros/hook/ld_library_path_lib.ps1'
[1.206s] INFO:colcon.colcon_core.shell:Creating environment descriptor '/home/bxi_nx/ht_ws/install/vikit_ros/share/vikit_ros/hook/ld_library_path_lib.dsv'
[1.207s] INFO:colcon.colcon_core.shell:Creating environment hook '/home/bxi_nx/ht_ws/install/vikit_ros/share/vikit_ros/hook/ld_library_path_lib.sh'
[1.208s] Level 1:colcon.colcon_core.environment:checking '/home/bxi_nx/ht_ws/install/vikit_ros/bin'
[1.209s] Level 1:colcon.colcon_core.environment:checking '/home/bxi_nx/ht_ws/install/vikit_ros/lib/pkgconfig/vikit_ros.pc'
[1.210s] Level 1:colcon.colcon_core.environment:checking '/home/bxi_nx/ht_ws/install/vikit_ros/lib/python3.10/site-packages'
[1.211s] Level 1:colcon.colcon_core.environment:checking '/home/bxi_nx/ht_ws/install/vikit_ros/bin'
[1.212s] INFO:colcon.colcon_core.shell:Creating package script '/home/bxi_nx/ht_ws/install/vikit_ros/share/vikit_ros/package.ps1'
[1.214s] INFO:colcon.colcon_core.shell:Creating package descriptor '/home/bxi_nx/ht_ws/install/vikit_ros/share/vikit_ros/package.dsv'
[1.216s] INFO:colcon.colcon_core.shell:Creating package script '/home/bxi_nx/ht_ws/install/vikit_ros/share/vikit_ros/package.sh'
[1.218s] INFO:colcon.colcon_core.shell:Creating package script '/home/bxi_nx/ht_ws/install/vikit_ros/share/vikit_ros/package.bash'
[1.219s] INFO:colcon.colcon_core.shell:Creating package script '/home/bxi_nx/ht_ws/install/vikit_ros/share/vikit_ros/package.zsh'
[1.220s] Level 1:colcon.colcon_core.environment:create_file_with_runtime_dependencies(/home/bxi_nx/ht_ws/install/vikit_ros/share/colcon-core/packages/vikit_ros)
[1.222s] Level 1:colcon.colcon_core.environment:create_environment_scripts_only(vikit_ros)
[1.223s] Level 1:colcon.colcon_core.environment:checking '/home/bxi_nx/ht_ws/install/vikit_ros' for CMake module files
[1.225s] Level 1:colcon.colcon_core.environment:checking '/home/bxi_nx/ht_ws/install/vikit_ros' for CMake config files
[1.226s] Level 1:colcon.colcon_core.shell:create_environment_hook('vikit_ros', 'cmake_prefix_path')
[1.227s] INFO:colcon.colcon_core.shell:Creating environment hook '/home/bxi_nx/ht_ws/install/vikit_ros/share/vikit_ros/hook/cmake_prefix_path.ps1'
[1.228s] INFO:colcon.colcon_core.shell:Creating environment descriptor '/home/bxi_nx/ht_ws/install/vikit_ros/share/vikit_ros/hook/cmake_prefix_path.dsv'
[1.229s] INFO:colcon.colcon_core.shell:Creating environment hook '/home/bxi_nx/ht_ws/install/vikit_ros/share/vikit_ros/hook/cmake_prefix_path.sh'
[1.231s] Level 1:colcon.colcon_core.environment:checking '/home/bxi_nx/ht_ws/install/vikit_ros/lib'
[1.232s] Level 1:colcon.colcon_core.shell:create_environment_hook('vikit_ros', 'ld_library_path_lib')
[1.232s] INFO:colcon.colcon_core.shell:Creating environment hook '/home/bxi_nx/ht_ws/install/vikit_ros/share/vikit_ros/hook/ld_library_path_lib.ps1'
[1.233s] INFO:colcon.colcon_core.shell:Creating environment descriptor '/home/bxi_nx/ht_ws/install/vikit_ros/share/vikit_ros/hook/ld_library_path_lib.dsv'
[1.234s] INFO:colcon.colcon_core.shell:Creating environment hook '/home/bxi_nx/ht_ws/install/vikit_ros/share/vikit_ros/hook/ld_library_path_lib.sh'
[1.236s] Level 1:colcon.colcon_core.environment:checking '/home/bxi_nx/ht_ws/install/vikit_ros/bin'
[1.236s] Level 1:colcon.colcon_core.environment:checking '/home/bxi_nx/ht_ws/install/vikit_ros/lib/pkgconfig/vikit_ros.pc'
[1.237s] Level 1:colcon.colcon_core.environment:checking '/home/bxi_nx/ht_ws/install/vikit_ros/lib/python3.10/site-packages'
[1.238s] Level 1:colcon.colcon_core.environment:checking '/home/bxi_nx/ht_ws/install/vikit_ros/bin'
[1.239s] INFO:colcon.colcon_core.shell:Creating package script '/home/bxi_nx/ht_ws/install/vikit_ros/share/vikit_ros/package.ps1'
[1.240s] INFO:colcon.colcon_core.shell:Creating package descriptor '/home/bxi_nx/ht_ws/install/vikit_ros/share/vikit_ros/package.dsv'
[1.242s] INFO:colcon.colcon_core.shell:Creating package script '/home/bxi_nx/ht_ws/install/vikit_ros/share/vikit_ros/package.sh'
[1.244s] INFO:colcon.colcon_core.shell:Creating package script '/home/bxi_nx/ht_ws/install/vikit_ros/share/vikit_ros/package.bash'
[1.246s] INFO:colcon.colcon_core.shell:Creating package script '/home/bxi_nx/ht_ws/install/vikit_ros/share/vikit_ros/package.zsh'
[1.246s] Level 1:colcon.colcon_core.environment:create_file_with_runtime_dependencies(/home/bxi_nx/ht_ws/install/vikit_ros/share/colcon-core/packages/vikit_ros)
[1.247s] INFO:colcon.colcon_ros.task.ament_cmake.build:Building ROS package in '/home/bxi_nx/ht_ws/src/FAST-LIVO2' with build type 'ament_cmake'
[1.248s] INFO:colcon.colcon_cmake.task.cmake.build:Building CMake package in '/home/bxi_nx/ht_ws/src/FAST-LIVO2'
[1.248s] INFO:colcon.colcon_core.shell:Skip shell extension 'powershell' for command environment: Not usable outside of PowerShell
[1.249s] DEBUG:colcon.colcon_core.shell:Skip shell extension 'dsv' for command environment
[1.278s] DEBUG:colcon.colcon_core.event_handler.log_command:Invoking command in '/home/bxi_nx/ht_ws/build/fast_livo': AMENT_PREFIX_PATH=/home/bxi_nx/ht_ws/install/vikit_ros:${AMENT_PREFIX_PATH} CMAKE_PREFIX_PATH=/home/bxi_nx/ht_ws/install/vikit_ros:/opt/ros/humble:/home/bxi_nx/ht_ws/install/vikit_common:${CMAKE_PREFIX_PATH} LD_LIBRARY_PATH=/home/bxi_nx/ht_ws/install/vikit_ros/lib:/home/bxi_nx/ht_ws/install/vikit_common/lib:/home/bxi_nx/ws_livox/install/livox_ros_driver2/lib:/home/bxi_nx/ws_livox/install/interface/lib:/home/bxi_nx/ws_livox/install/communication/lib:/home/bxi_nx/gtsam/build/gtsam/libgtsam.so.4:/opt/ros/humble/opt/rviz_ogre_vendor/lib:/opt/ros/humble/lib/aarch64-linux-gnu:/opt/ros/humble/lib:/usr/local/cuda-12.6/lib64 PKG_CONFIG_PATH=/home/bxi_nx/ht_ws/install/vikit_common/lib/aarch64-linux-gnu/pkgconfig:/home/bxi_nx/ht_ws/install/vikit_common/lib/pkgconfig ROS_PACKAGE_PATH=/home/bxi_nx/ht_ws/install/vikit_common/share /usr/bin/cmake /home/bxi_nx/ht_ws/src/FAST-LIVO2 -DCMAKE_INSTALL_PREFIX=/home/bxi_nx/ht_ws/install/fast_livo
[6.560s] DEBUG:colcon.colcon_core.event_handler.log_command:Invoked command in '/home/bxi_nx/ht_ws/build/fast_livo' returned '0': AMENT_PREFIX_PATH=/home/bxi_nx/ht_ws/install/vikit_ros:${AMENT_PREFIX_PATH} CMAKE_PREFIX_PATH=/home/bxi_nx/ht_ws/install/vikit_ros:/opt/ros/humble:/home/bxi_nx/ht_ws/install/vikit_common:${CMAKE_PREFIX_PATH} LD_LIBRARY_PATH=/home/bxi_nx/ht_ws/install/vikit_ros/lib:/home/bxi_nx/ht_ws/install/vikit_common/lib:/home/bxi_nx/ws_livox/install/livox_ros_driver2/lib:/home/bxi_nx/ws_livox/install/interface/lib:/home/bxi_nx/ws_livox/install/communication/lib:/home/bxi_nx/gtsam/build/gtsam/libgtsam.so.4:/opt/ros/humble/opt/rviz_ogre_vendor/lib:/opt/ros/humble/lib/aarch64-linux-gnu:/opt/ros/humble/lib:/usr/local/cuda-12.6/lib64 PKG_CONFIG_PATH=/home/bxi_nx/ht_ws/install/vikit_common/lib/aarch64-linux-gnu/pkgconfig:/home/bxi_nx/ht_ws/install/vikit_common/lib/pkgconfig ROS_PACKAGE_PATH=/home/bxi_nx/ht_ws/install/vikit_common/share /usr/bin/cmake /home/bxi_nx/ht_ws/src/FAST-LIVO2 -DCMAKE_INSTALL_PREFIX=/home/bxi_nx/ht_ws/install/fast_livo
[6.564s] DEBUG:colcon.colcon_core.event_handler.log_command:Invoking command in '/home/bxi_nx/ht_ws/build/fast_livo': AMENT_PREFIX_PATH=/home/bxi_nx/ht_ws/install/vikit_ros:${AMENT_PREFIX_PATH} CMAKE_PREFIX_PATH=/home/bxi_nx/ht_ws/install/vikit_ros:/opt/ros/humble:/home/bxi_nx/ht_ws/install/vikit_common:${CMAKE_PREFIX_PATH} LD_LIBRARY_PATH=/home/bxi_nx/ht_ws/install/vikit_ros/lib:/home/bxi_nx/ht_ws/install/vikit_common/lib:/home/bxi_nx/ws_livox/install/livox_ros_driver2/lib:/home/bxi_nx/ws_livox/install/interface/lib:/home/bxi_nx/ws_livox/install/communication/lib:/home/bxi_nx/gtsam/build/gtsam/libgtsam.so.4:/opt/ros/humble/opt/rviz_ogre_vendor/lib:/opt/ros/humble/lib/aarch64-linux-gnu:/opt/ros/humble/lib:/usr/local/cuda-12.6/lib64 PKG_CONFIG_PATH=/home/bxi_nx/ht_ws/install/vikit_common/lib/aarch64-linux-gnu/pkgconfig:/home/bxi_nx/ht_ws/install/vikit_common/lib/pkgconfig ROS_PACKAGE_PATH=/home/bxi_nx/ht_ws/install/vikit_common/share /usr/bin/cmake --build /home/bxi_nx/ht_ws/build/fast_livo -- -j8 -l8
[128.237s] DEBUG:colcon.colcon_core.event_handler.log_command:Invoked command in '/home/bxi_nx/ht_ws/build/fast_livo' returned '0': AMENT_PREFIX_PATH=/home/bxi_nx/ht_ws/install/vikit_ros:${AMENT_PREFIX_PATH} CMAKE_PREFIX_PATH=/home/bxi_nx/ht_ws/install/vikit_ros:/opt/ros/humble:/home/bxi_nx/ht_ws/install/vikit_common:${CMAKE_PREFIX_PATH} LD_LIBRARY_PATH=/home/bxi_nx/ht_ws/install/vikit_ros/lib:/home/bxi_nx/ht_ws/install/vikit_common/lib:/home/bxi_nx/ws_livox/install/livox_ros_driver2/lib:/home/bxi_nx/ws_livox/install/interface/lib:/home/bxi_nx/ws_livox/install/communication/lib:/home/bxi_nx/gtsam/build/gtsam/libgtsam.so.4:/opt/ros/humble/opt/rviz_ogre_vendor/lib:/opt/ros/humble/lib/aarch64-linux-gnu:/opt/ros/humble/lib:/usr/local/cuda-12.6/lib64 PKG_CONFIG_PATH=/home/bxi_nx/ht_ws/install/vikit_common/lib/aarch64-linux-gnu/pkgconfig:/home/bxi_nx/ht_ws/install/vikit_common/lib/pkgconfig ROS_PACKAGE_PATH=/home/bxi_nx/ht_ws/install/vikit_common/share /usr/bin/cmake --build /home/bxi_nx/ht_ws/build/fast_livo -- -j8 -l8
[128.242s] DEBUG:colcon.colcon_core.event_handler.log_command:Invoking command in '/home/bxi_nx/ht_ws/build/fast_livo': AMENT_PREFIX_PATH=/home/bxi_nx/ht_ws/install/vikit_ros:${AMENT_PREFIX_PATH} CMAKE_PREFIX_PATH=/home/bxi_nx/ht_ws/install/vikit_ros:/opt/ros/humble:/home/bxi_nx/ht_ws/install/vikit_common:${CMAKE_PREFIX_PATH} LD_LIBRARY_PATH=/home/bxi_nx/ht_ws/install/vikit_ros/lib:/home/bxi_nx/ht_ws/install/vikit_common/lib:/home/bxi_nx/ws_livox/install/livox_ros_driver2/lib:/home/bxi_nx/ws_livox/install/interface/lib:/home/bxi_nx/ws_livox/install/communication/lib:/home/bxi_nx/gtsam/build/gtsam/libgtsam.so.4:/opt/ros/humble/opt/rviz_ogre_vendor/lib:/opt/ros/humble/lib/aarch64-linux-gnu:/opt/ros/humble/lib:/usr/local/cuda-12.6/lib64 PKG_CONFIG_PATH=/home/bxi_nx/ht_ws/install/vikit_common/lib/aarch64-linux-gnu/pkgconfig:/home/bxi_nx/ht_ws/install/vikit_common/lib/pkgconfig ROS_PACKAGE_PATH=/home/bxi_nx/ht_ws/install/vikit_common/share /usr/bin/cmake --install /home/bxi_nx/ht_ws/build/fast_livo
[128.276s] Level 1:colcon.colcon_core.environment:create_environment_scripts_only(fast_livo)
[128.277s] Level 1:colcon.colcon_core.environment:checking '/home/bxi_nx/ht_ws/install/fast_livo' for CMake module files
[128.278s] DEBUG:colcon.colcon_core.event_handler.log_command:Invoked command in '/home/bxi_nx/ht_ws/build/fast_livo' returned '0': AMENT_PREFIX_PATH=/home/bxi_nx/ht_ws/install/vikit_ros:${AMENT_PREFIX_PATH} CMAKE_PREFIX_PATH=/home/bxi_nx/ht_ws/install/vikit_ros:/opt/ros/humble:/home/bxi_nx/ht_ws/install/vikit_common:${CMAKE_PREFIX_PATH} LD_LIBRARY_PATH=/home/bxi_nx/ht_ws/install/vikit_ros/lib:/home/bxi_nx/ht_ws/install/vikit_common/lib:/home/bxi_nx/ws_livox/install/livox_ros_driver2/lib:/home/bxi_nx/ws_livox/install/interface/lib:/home/bxi_nx/ws_livox/install/communication/lib:/home/bxi_nx/gtsam/build/gtsam/libgtsam.so.4:/opt/ros/humble/opt/rviz_ogre_vendor/lib:/opt/ros/humble/lib/aarch64-linux-gnu:/opt/ros/humble/lib:/usr/local/cuda-12.6/lib64 PKG_CONFIG_PATH=/home/bxi_nx/ht_ws/install/vikit_common/lib/aarch64-linux-gnu/pkgconfig:/home/bxi_nx/ht_ws/install/vikit_common/lib/pkgconfig ROS_PACKAGE_PATH=/home/bxi_nx/ht_ws/install/vikit_common/share /usr/bin/cmake --install /home/bxi_nx/ht_ws/build/fast_livo
[128.279s] Level 1:colcon.colcon_core.environment:checking '/home/bxi_nx/ht_ws/install/fast_livo' for CMake config files
[128.280s] Level 1:colcon.colcon_core.shell:create_environment_hook('fast_livo', 'cmake_prefix_path')
[128.281s] INFO:colcon.colcon_core.shell:Creating environment hook '/home/bxi_nx/ht_ws/install/fast_livo/share/fast_livo/hook/cmake_prefix_path.ps1'
[128.283s] INFO:colcon.colcon_core.shell:Creating environment descriptor '/home/bxi_nx/ht_ws/install/fast_livo/share/fast_livo/hook/cmake_prefix_path.dsv'
[128.284s] INFO:colcon.colcon_core.shell:Creating environment hook '/home/bxi_nx/ht_ws/install/fast_livo/share/fast_livo/hook/cmake_prefix_path.sh'
[128.286s] Level 1:colcon.colcon_core.environment:checking '/home/bxi_nx/ht_ws/install/fast_livo/lib'
[128.286s] Level 1:colcon.colcon_core.environment:checking '/home/bxi_nx/ht_ws/install/fast_livo/bin'
[128.286s] Level 1:colcon.colcon_core.environment:checking '/home/bxi_nx/ht_ws/install/fast_livo/lib/pkgconfig/fast_livo.pc'
[128.287s] Level 1:colcon.colcon_core.environment:checking '/home/bxi_nx/ht_ws/install/fast_livo/lib/python3.10/site-packages'
[128.288s] Level 1:colcon.colcon_core.environment:checking '/home/bxi_nx/ht_ws/install/fast_livo/bin'
[128.289s] INFO:colcon.colcon_core.shell:Creating package script '/home/bxi_nx/ht_ws/install/fast_livo/share/fast_livo/package.ps1'
[128.290s] INFO:colcon.colcon_core.shell:Creating package descriptor '/home/bxi_nx/ht_ws/install/fast_livo/share/fast_livo/package.dsv'
[128.291s] INFO:colcon.colcon_core.shell:Creating package script '/home/bxi_nx/ht_ws/install/fast_livo/share/fast_livo/package.sh'
[128.292s] INFO:colcon.colcon_core.shell:Creating package script '/home/bxi_nx/ht_ws/install/fast_livo/share/fast_livo/package.bash'
[128.294s] INFO:colcon.colcon_core.shell:Creating package script '/home/bxi_nx/ht_ws/install/fast_livo/share/fast_livo/package.zsh'
[128.294s] Level 1:colcon.colcon_core.environment:create_file_with_runtime_dependencies(/home/bxi_nx/ht_ws/install/fast_livo/share/colcon-core/packages/fast_livo)
[128.296s] Level 1:colcon.colcon_core.environment:create_environment_scripts_only(fast_livo)
[128.297s] Level 1:colcon.colcon_core.environment:checking '/home/bxi_nx/ht_ws/install/fast_livo' for CMake module files
[128.298s] Level 1:colcon.colcon_core.environment:checking '/home/bxi_nx/ht_ws/install/fast_livo' for CMake config files
[128.298s] Level 1:colcon.colcon_core.shell:create_environment_hook('fast_livo', 'cmake_prefix_path')
[128.299s] INFO:colcon.colcon_core.shell:Creating environment hook '/home/bxi_nx/ht_ws/install/fast_livo/share/fast_livo/hook/cmake_prefix_path.ps1'
[128.300s] INFO:colcon.colcon_core.shell:Creating environment descriptor '/home/bxi_nx/ht_ws/install/fast_livo/share/fast_livo/hook/cmake_prefix_path.dsv'
[128.301s] INFO:colcon.colcon_core.shell:Creating environment hook '/home/bxi_nx/ht_ws/install/fast_livo/share/fast_livo/hook/cmake_prefix_path.sh'
[128.303s] Level 1:colcon.colcon_core.environment:checking '/home/bxi_nx/ht_ws/install/fast_livo/lib'
[128.303s] Level 1:colcon.colcon_core.environment:checking '/home/bxi_nx/ht_ws/install/fast_livo/bin'
[128.303s] Level 1:colcon.colcon_core.environment:checking '/home/bxi_nx/ht_ws/install/fast_livo/lib/pkgconfig/fast_livo.pc'
[128.304s] Level 1:colcon.colcon_core.environment:checking '/home/bxi_nx/ht_ws/install/fast_livo/lib/python3.10/site-packages'
[128.305s] Level 1:colcon.colcon_core.environment:checking '/home/bxi_nx/ht_ws/install/fast_livo/bin'
[128.306s] INFO:colcon.colcon_core.shell:Creating package script '/home/bxi_nx/ht_ws/install/fast_livo/share/fast_livo/package.ps1'
[128.307s] INFO:colcon.colcon_core.shell:Creating package descriptor '/home/bxi_nx/ht_ws/install/fast_livo/share/fast_livo/package.dsv'
[128.308s] INFO:colcon.colcon_core.shell:Creating package script '/home/bxi_nx/ht_ws/install/fast_livo/share/fast_livo/package.sh'
[128.310s] INFO:colcon.colcon_core.shell:Creating package script '/home/bxi_nx/ht_ws/install/fast_livo/share/fast_livo/package.bash'
[128.311s] INFO:colcon.colcon_core.shell:Creating package script '/home/bxi_nx/ht_ws/install/fast_livo/share/fast_livo/package.zsh'
[128.312s] Level 1:colcon.colcon_core.environment:create_file_with_runtime_dependencies(/home/bxi_nx/ht_ws/install/fast_livo/share/colcon-core/packages/fast_livo)
[128.312s] DEBUG:colcon.colcon_parallel_executor.executor.parallel:closing loop
[128.313s] DEBUG:colcon.colcon_parallel_executor.executor.parallel:loop closed
[128.314s] DEBUG:colcon.colcon_parallel_executor.executor.parallel:run_until_complete finished with '0'
[128.314s] DEBUG:colcon.colcon_core.event_reactor:joining thread
[128.324s] INFO:colcon.colcon_core.plugin_system:Skipping extension 'colcon_notification.desktop_notification.terminal_notifier': Not used on non-Darwin systems
[128.325s] INFO:colcon.colcon_core.plugin_system:Skipping extension 'colcon_notification.desktop_notification.win32': Not used on non-Windows systems
[128.325s] INFO:colcon.colcon_notification.desktop_notification:Sending desktop notification using 'notify2'
[128.354s] DEBUG:colcon.colcon_core.event_reactor:joined thread
[128.355s] INFO:colcon.colcon_core.shell:Creating prefix script '/home/bxi_nx/ht_ws/install/local_setup.ps1'
[128.359s] INFO:colcon.colcon_core.shell:Creating prefix util module '/home/bxi_nx/ht_ws/install/_local_setup_util_ps1.py'
[128.363s] INFO:colcon.colcon_core.shell:Creating prefix chain script '/home/bxi_nx/ht_ws/install/setup.ps1'
[128.366s] INFO:colcon.colcon_core.shell:Creating prefix script '/home/bxi_nx/ht_ws/install/local_setup.sh'
[128.367s] INFO:colcon.colcon_core.shell:Creating prefix util module '/home/bxi_nx/ht_ws/install/_local_setup_util_sh.py'
[128.368s] INFO:colcon.colcon_core.shell:Creating prefix chain script '/home/bxi_nx/ht_ws/install/setup.sh'
[128.371s] INFO:colcon.colcon_core.shell:Creating prefix script '/home/bxi_nx/ht_ws/install/local_setup.bash'
[128.372s] INFO:colcon.colcon_core.shell:Creating prefix chain script '/home/bxi_nx/ht_ws/install/setup.bash'
[128.375s] INFO:colcon.colcon_core.shell:Creating prefix script '/home/bxi_nx/ht_ws/install/local_setup.zsh'
[128.376s] INFO:colcon.colcon_core.shell:Creating prefix chain script '/home/bxi_nx/ht_ws/install/setup.zsh'
