[0.012s] Invoking command in '/home/ht/ht_ws/build/realsense2_camera': AMENT_PREFIX_PATH=/home/ht/ht_ws/install/realsense2_camera_msgs:${AMENT_PREFIX_PATH} CMAKE_PREFIX_PATH=/home/ht/ht_ws/install/realsense2_camera_msgs:/opt/ros/humble LD_LIBRARY_PATH=/home/ht/ht_ws/install/realsense2_camera_msgs/lib:${LD_LIBRARY_PATH} PYTHONPATH=/home/ht/ht_ws/install/realsense2_camera_msgs/local/lib/python3.10/dist-packages:${PYTHONPATH} /usr/bin/cmake /home/ht/ht_ws/src/realsense-ros/realsense2_camera -DAMENT_CMAKE_SYMLINK_INSTALL=1 -DCMAKE_INSTALL_PREFIX=/home/ht/ht_ws/install/realsense2_camera
[0.027s] -- Create Release Build.
[0.027s] -- Found ament_cmake: 1.3.12 (/opt/ros/humble/share/ament_cmake/cmake)
[0.104s] -- Override CMake install command with custom implementation using symlinks instead of copying resources
[0.108s] -- Found builtin_interfaces: 1.2.2 (/opt/ros/humble/share/builtin_interfaces/cmake)
[0.121s] -- Found rosidl_generator_c: 3.1.8 (/opt/ros/humble/share/rosidl_generator_c/cmake)
[0.122s] -- Found rosidl_adapter: 3.1.8 (/opt/ros/humble/share/rosidl_adapter/cmake)
[0.125s] -- Found rosidl_generator_cpp: 3.1.8 (/opt/ros/humble/share/rosidl_generator_cpp/cmake)
[0.130s] -- Using all available rosidl_typesupport_c: rosidl_typesupport_fastrtps_c;rosidl_typesupport_introspection_c
[0.137s] -- Using all available rosidl_typesupport_cpp: rosidl_typesupport_fastrtps_cpp;rosidl_typesupport_introspection_cpp
[0.143s] -- Found cv_bridge: 3.2.1 (/opt/ros/humble/share/cv_bridge/cmake)
[0.171s] -- Found image_transport: 3.1.12 (/opt/ros/humble/share/image_transport/cmake)
[0.187s] -- Found rmw_implementation_cmake: 6.1.2 (/opt/ros/humble/share/rmw_implementation_cmake/cmake)
[0.187s] -- Found rmw_fastrtps_cpp: 6.2.9 (/opt/ros/humble/share/rmw_fastrtps_cpp/cmake)
[0.247s] -- Using RMW implementation 'rmw_fastrtps_cpp' as default
[0.281s] -- Found rclcpp_components: 16.0.17 (/opt/ros/humble/share/rclcpp_components/cmake)
[0.290s] -- Found realsense2_camera_msgs: 4.51.1 (/home/ht/ht_ws/install/realsense2_camera_msgs/share/realsense2_camera_msgs/cmake)
[0.298s] -- Found nav_msgs: 4.9.0 (/opt/ros/humble/share/nav_msgs/cmake)
[0.306s] -- Found tf2_ros: 0.25.18 (/opt/ros/humble/share/tf2_ros/cmake)
[0.339s] -- Found diagnostic_updater: 4.0.6 (/opt/ros/humble/share/diagnostic_updater/cmake)
[0.348s] -- Build for ROS2 Humble
[0.389s] -- Configuring done
[0.399s] -- Generating done
[0.402s] -- Build files have been written to: /home/ht/ht_ws/build/realsense2_camera
[0.407s] Invoked command in '/home/ht/ht_ws/build/realsense2_camera' returned '0': AMENT_PREFIX_PATH=/home/ht/ht_ws/install/realsense2_camera_msgs:${AMENT_PREFIX_PATH} CMAKE_PREFIX_PATH=/home/ht/ht_ws/install/realsense2_camera_msgs:/opt/ros/humble LD_LIBRARY_PATH=/home/ht/ht_ws/install/realsense2_camera_msgs/lib:${LD_LIBRARY_PATH} PYTHONPATH=/home/ht/ht_ws/install/realsense2_camera_msgs/local/lib/python3.10/dist-packages:${PYTHONPATH} /usr/bin/cmake /home/ht/ht_ws/src/realsense-ros/realsense2_camera -DAMENT_CMAKE_SYMLINK_INSTALL=1 -DCMAKE_INSTALL_PREFIX=/home/ht/ht_ws/install/realsense2_camera
[0.408s] Invoking command in '/home/ht/ht_ws/build/realsense2_camera': AMENT_PREFIX_PATH=/home/ht/ht_ws/install/realsense2_camera_msgs:${AMENT_PREFIX_PATH} CMAKE_PREFIX_PATH=/home/ht/ht_ws/install/realsense2_camera_msgs:/opt/ros/humble LD_LIBRARY_PATH=/home/ht/ht_ws/install/realsense2_camera_msgs/lib:${LD_LIBRARY_PATH} PYTHONPATH=/home/ht/ht_ws/install/realsense2_camera_msgs/local/lib/python3.10/dist-packages:${PYTHONPATH} /usr/bin/cmake --build /home/ht/ht_ws/build/realsense2_camera -- -j16 -l16
[0.435s] [35m[1mConsolidate compiler generated dependencies of target realsense2_camera_node[0m
[0.445s] [35m[1mConsolidate compiler generated dependencies of target realsense2_camera[0m
[0.447s] [  6%] [32mBuilding CXX object CMakeFiles/realsense2_camera_node.dir/rclcpp_components/node_main_realsense2_camera_node.cpp.o[0m
[0.467s] [ 12%] [32mBuilding CXX object CMakeFiles/realsense2_camera.dir/src/realsense_node_factory.cpp.o[0m
[0.467s] [ 18%] [32mBuilding CXX object CMakeFiles/realsense2_camera.dir/src/t265_realsense_node.cpp.o[0m
[0.468s] [ 25%] [32mBuilding CXX object CMakeFiles/realsense2_camera.dir/src/parameters.cpp.o[0m
[0.469s] [ 31%] [32mBuilding CXX object CMakeFiles/realsense2_camera.dir/src/rs_node_setup.cpp.o[0m
[0.469s] [ 37%] [32mBuilding CXX object CMakeFiles/realsense2_camera.dir/src/base_realsense_node.cpp.o[0m
[0.471s] [ 43%] [32mBuilding CXX object CMakeFiles/realsense2_camera.dir/src/ros_sensor.cpp.o[0m
[0.472s] [ 56%] [32mBuilding CXX object CMakeFiles/realsense2_camera.dir/src/sensor_params.cpp.o[0m
[0.472s] [ 56%] [32mBuilding CXX object CMakeFiles/realsense2_camera.dir/src/dynamic_params.cpp.o[0m
[0.473s] [ 62%] [32mBuilding CXX object CMakeFiles/realsense2_camera.dir/src/ros_utils.cpp.o[0m
[0.474s] [ 68%] [32mBuilding CXX object CMakeFiles/realsense2_camera.dir/src/named_filter.cpp.o[0m
[0.475s] [ 75%] [32mBuilding CXX object CMakeFiles/realsense2_camera.dir/src/profile_manager.cpp.o[0m
[0.475s] [ 81%] [32mBuilding CXX object CMakeFiles/realsense2_camera.dir/src/ros_param_backend_foxy.cpp.o[0m
[0.477s] [ 87%] [32mBuilding CXX object CMakeFiles/realsense2_camera.dir/src/image_publisher.cpp.o[0m
[5.009s] [ 93%] [32m[1mLinking CXX executable realsense2_camera_node[0m
[5.196s] [ 93%] Built target realsense2_camera_node
[12.937s] [100%] [32m[1mLinking CXX shared library librealsense2_camera.so[0m
[13.214s] [100%] Built target realsense2_camera
[13.220s] Invoked command in '/home/ht/ht_ws/build/realsense2_camera' returned '0': AMENT_PREFIX_PATH=/home/ht/ht_ws/install/realsense2_camera_msgs:${AMENT_PREFIX_PATH} CMAKE_PREFIX_PATH=/home/ht/ht_ws/install/realsense2_camera_msgs:/opt/ros/humble LD_LIBRARY_PATH=/home/ht/ht_ws/install/realsense2_camera_msgs/lib:${LD_LIBRARY_PATH} PYTHONPATH=/home/ht/ht_ws/install/realsense2_camera_msgs/local/lib/python3.10/dist-packages:${PYTHONPATH} /usr/bin/cmake --build /home/ht/ht_ws/build/realsense2_camera -- -j16 -l16
[13.221s] Invoking command in '/home/ht/ht_ws/build/realsense2_camera': AMENT_PREFIX_PATH=/home/ht/ht_ws/install/realsense2_camera_msgs:${AMENT_PREFIX_PATH} CMAKE_PREFIX_PATH=/home/ht/ht_ws/install/realsense2_camera_msgs:/opt/ros/humble LD_LIBRARY_PATH=/home/ht/ht_ws/install/realsense2_camera_msgs/lib:${LD_LIBRARY_PATH} PYTHONPATH=/home/ht/ht_ws/install/realsense2_camera_msgs/local/lib/python3.10/dist-packages:${PYTHONPATH} /usr/bin/cmake --install /home/ht/ht_ws/build/realsense2_camera
[13.226s] -- Install configuration: "Release"
[13.227s] -- Execute custom install script
[13.227s] -- Symlinking: /home/ht/ht_ws/install/realsense2_camera/lib/realsense2_camera/realsense2_camera_node
[13.234s] -- Symlinking: /home/ht/ht_ws/install/realsense2_camera/lib/librealsense2_camera.so
[13.247s] -- Symlinking: /home/ht/ht_ws/install/realsense2_camera/include/base_realsense_node.h
[13.263s] -- Symlinking: /home/ht/ht_ws/install/realsense2_camera/include/constants.h
[13.275s] -- Symlinking: /home/ht/ht_ws/install/realsense2_camera/include/dynamic_params.h
[13.288s] -- Symlinking: /home/ht/ht_ws/install/realsense2_camera/include/image_publisher.h
[13.298s] -- Symlinking: /home/ht/ht_ws/install/realsense2_camera/include/named_filter.h
[13.314s] -- Symlinking: /home/ht/ht_ws/install/realsense2_camera/include/profile_manager.h
[13.323s] -- Symlinking: /home/ht/ht_ws/install/realsense2_camera/include/realsense_node_factory.h
[13.334s] -- Symlinking: /home/ht/ht_ws/install/realsense2_camera/include/ros_param_backend.h
[13.354s] -- Symlinking: /home/ht/ht_ws/install/realsense2_camera/include/ros_sensor.h
[13.375s] -- Symlinking: /home/ht/ht_ws/install/realsense2_camera/include/ros_utils.h
[13.392s] -- Symlinking: /home/ht/ht_ws/install/realsense2_camera/include/sensor_params.h
[13.402s] -- Symlinking: /home/ht/ht_ws/install/realsense2_camera/include/t265_realsense_node.h
[13.419s] -- Symlinking: /home/ht/ht_ws/install/realsense2_camera/share/realsense2_camera/launch/default.rviz
[13.439s] -- Symlinking: /home/ht/ht_ws/install/realsense2_camera/share/realsense2_camera/launch/rs_d400_and_t265_launch.py
[13.449s] -- Symlinking: /home/ht/ht_ws/install/realsense2_camera/share/realsense2_camera/launch/rs_intra_process_demo_launch.py
[13.458s] -- Symlinking: /home/ht/ht_ws/install/realsense2_camera/share/realsense2_camera/launch/rs_launch.py
[13.463s] -- Symlinking: /home/ht/ht_ws/install/realsense2_camera/share/realsense2_camera/launch/rs_multi_camera_launch.py
[13.468s] -- Symlinking: /home/ht/ht_ws/install/realsense2_camera/share/realsense2_camera/environment/library_path.sh
[13.478s] -- Symlinking: /home/ht/ht_ws/install/realsense2_camera/share/realsense2_camera/environment/library_path.dsv
[13.487s] -- Symlinking: /home/ht/ht_ws/install/realsense2_camera/share/ament_index/resource_index/package_run_dependencies/realsense2_camera
[13.495s] -- Symlinking: /home/ht/ht_ws/install/realsense2_camera/share/ament_index/resource_index/parent_prefix_path/realsense2_camera
[13.502s] -- Symlinking: /home/ht/ht_ws/install/realsense2_camera/share/realsense2_camera/environment/ament_prefix_path.sh
[13.510s] -- Symlinking: /home/ht/ht_ws/install/realsense2_camera/share/realsense2_camera/environment/ament_prefix_path.dsv
[13.518s] -- Symlinking: /home/ht/ht_ws/install/realsense2_camera/share/realsense2_camera/environment/path.sh
[13.528s] -- Symlinking: /home/ht/ht_ws/install/realsense2_camera/share/realsense2_camera/environment/path.dsv
[13.544s] -- Symlinking: /home/ht/ht_ws/install/realsense2_camera/share/realsense2_camera/local_setup.bash
[13.558s] -- Symlinking: /home/ht/ht_ws/install/realsense2_camera/share/realsense2_camera/local_setup.sh
[13.565s] -- Symlinking: /home/ht/ht_ws/install/realsense2_camera/share/realsense2_camera/local_setup.zsh
[13.571s] -- Symlinking: /home/ht/ht_ws/install/realsense2_camera/share/realsense2_camera/local_setup.dsv
[13.585s] -- Symlinking: /home/ht/ht_ws/install/realsense2_camera/share/realsense2_camera/package.dsv
[13.594s] -- Symlinking: /home/ht/ht_ws/install/realsense2_camera/share/ament_index/resource_index/packages/realsense2_camera
[13.601s] -- Symlinking: /home/ht/ht_ws/install/realsense2_camera/share/ament_index/resource_index/rclcpp_components/realsense2_camera
[13.608s] -- Symlinking: /home/ht/ht_ws/install/realsense2_camera/share/realsense2_camera/cmake/ament_cmake_export_include_directories-extras.cmake
[13.624s] -- Symlinking: /home/ht/ht_ws/install/realsense2_camera/share/realsense2_camera/cmake/ament_cmake_export_libraries-extras.cmake
[13.643s] -- Symlinking: /home/ht/ht_ws/install/realsense2_camera/share/realsense2_camera/cmake/ament_cmake_export_dependencies-extras.cmake
[13.654s] -- Symlinking: /home/ht/ht_ws/install/realsense2_camera/share/realsense2_camera/cmake/realsense2_cameraConfig.cmake
[13.672s] -- Symlinking: /home/ht/ht_ws/install/realsense2_camera/share/realsense2_camera/cmake/realsense2_cameraConfig-version.cmake
[13.688s] -- Symlinking: /home/ht/ht_ws/install/realsense2_camera/share/realsense2_camera/package.xml
[13.708s] Invoked command in '/home/ht/ht_ws/build/realsense2_camera' returned '0': AMENT_PREFIX_PATH=/home/ht/ht_ws/install/realsense2_camera_msgs:${AMENT_PREFIX_PATH} CMAKE_PREFIX_PATH=/home/ht/ht_ws/install/realsense2_camera_msgs:/opt/ros/humble LD_LIBRARY_PATH=/home/ht/ht_ws/install/realsense2_camera_msgs/lib:${LD_LIBRARY_PATH} PYTHONPATH=/home/ht/ht_ws/install/realsense2_camera_msgs/local/lib/python3.10/dist-packages:${PYTHONPATH} /usr/bin/cmake --install /home/ht/ht_ws/build/realsense2_camera
