[0.044s] Invoking command in '/home/bxi_nx/ht_ws/build/fast_livo': AMENT_PREFIX_PATH=/home/bxi_nx/ht_ws/install/vikit_ros:${AMENT_PREFIX_PATH} CMAKE_PREFIX_PATH=/home/bxi_nx/ht_ws/install/vikit_ros:/opt/ros/humble:/home/bxi_nx/ht_ws/install/vikit_common:${CMAKE_PREFIX_PATH} LD_LIBRARY_PATH=/home/bxi_nx/ht_ws/install/vikit_ros/lib:/home/bxi_nx/ht_ws/install/vikit_common/lib:/home/bxi_nx/gtsam/build/gtsam/libgtsam.so.4:/usr/local/cuda-12.6/lib64:/home/bxi_nx/ws_livox/install/livox_ros_driver2/lib:/home/bxi_nx/ws_livox/install/interface/lib:/home/bxi_nx/ws_livox/install/communication/lib:/home/bxi_nx/gtsam/build/gtsam/libgtsam.so.4:/opt/ros/humble/opt/rviz_ogre_vendor/lib:/opt/ros/humble/lib/aarch64-linux-gnu:/opt/ros/humble/lib:/usr/local/cuda-12.6/lib64 PKG_CONFIG_PATH=/home/bxi_nx/ht_ws/install/vikit_common/lib/aarch64-linux-gnu/pkgconfig:/home/bxi_nx/ht_ws/install/vikit_common/lib/pkgconfig ROS_PACKAGE_PATH=/home/bxi_nx/ht_ws/install/vikit_common/share /usr/bin/cmake --build /home/bxi_nx/ht_ws/build/fast_livo -- -j8 -l8
[0.172s] [35m[1mConsolidate compiler generated dependencies of target vio[0m
[0.185s] [ 12%] Built target utils
[0.231s] [ 25%] Built target pre
[0.233s] [35m[1mConsolidate compiler generated dependencies of target laser_mapping[0m
[0.262s] [35m[1mConsolidate compiler generated dependencies of target lio[0m
[0.282s] [ 31%] [32mBuilding CXX object CMakeFiles/vio.dir/src/vio.cpp.o[0m
[0.326s] [ 37%] [32mBuilding CXX object CMakeFiles/laser_mapping.dir/src/LIVMapper.cpp.o[0m
[0.358s] [ 43%] [32mBuilding CXX object CMakeFiles/lio.dir/src/voxel_map.cpp.o[0m
[17.316s] In file included from [01m[K/home/bxi_nx/ht_ws/src/FAST-LIVO2/src/voxel_map.cpp:13[m[K:
[17.316s] [01m[K/home/bxi_nx/ht_ws/src/FAST-LIVO2/include/voxel_map.h:[m[K In constructor ‘[01m[KVoxelMapManager::VoxelMapManager(VoxelMapConfig&, std::unordered_map<VOXEL_LOCATION, VoxelOctoTree*>&)[m[K’:
[17.316s] [01m[K/home/bxi_nx/ht_ws/src/FAST-LIVO2/include/voxel_map.h:233:42:[m[K [01;31m[Kerror: [m[Kno matching function for call to ‘[01m[Kstd::unordered_map<VOXEL_LOCATION, std::_List_iterator<std::pair<VOXEL_LOCATION, VoxelOctoTree*> > >::unordered_map(std::unordered_map<VOXEL_LOCATION, VoxelOctoTree*>&)[m[K’
[17.316s]   233 |       : config_setting_(config_setting), [01;31m[Kvoxel_map_(voxel_map)[m[K
[17.317s]       |                                          [01;31m[K^~~~~~~~~~~~~~~~~~~~~[m[K
[17.320s] In file included from [01m[K/usr/include/c++/11/unordered_map:47[m[K,
[17.321s]                  from [01m[K/usr/include/c++/11/functional:61[m[K,
[17.321s]                  from [01m[K/usr/include/eigen3/Eigen/Core:85[m[K,
[17.322s]                  from [01m[K/home/bxi_nx/ht_ws/src/FAST-LIVO2/include/utils/so3_math.h:4[m[K,
[17.322s]                  from [01m[K/home/bxi_nx/ht_ws/src/FAST-LIVO2/include/common_lib.h:16[m[K,
[17.322s]                  from [01m[K/home/bxi_nx/ht_ws/src/FAST-LIVO2/include/voxel_map.h:16[m[K,
[17.322s]                  from [01m[K/home/bxi_nx/ht_ws/src/FAST-LIVO2/src/voxel_map.cpp:13[m[K:
[17.322s] [01m[K/usr/include/c++/11/bits/unordered_map.h:252:9:[m[K [01;36m[Knote: [m[Kcandidate: ‘[01m[Ktemplate<class _InputIterator> std::unordered_map<_Key, _Tp, _Hash, _Pred, _Alloc>::unordered_map(_InputIterator, _InputIterator, std::unordered_map<_Key, _Tp, _Hash, _Pred, _Alloc>::size_type, const hasher&, const allocator_type&) [with _InputIterator = _InputIterator; _Key = VOXEL_LOCATION; _Tp = std::_List_iterator<std::pair<VOXEL_LOCATION, VoxelOctoTree*> >; _Hash = std::hash<VOXEL_LOCATION>; _Pred = std::equal_to<VOXEL_LOCATION>; _Alloc = std::allocator<std::pair<const VOXEL_LOCATION, std::_List_iterator<std::pair<VOXEL_LOCATION, VoxelOctoTree*> > > >][m[K’
[17.322s]   252 |         [01;36m[Kunordered_map[m[K(_InputIterator __first, _InputIterator __last,
[17.322s]       |         [01;36m[K^~~~~~~~~~~~~[m[K
[17.323s] [01m[K/usr/include/c++/11/bits/unordered_map.h:252:9:[m[K [01;36m[Knote: [m[K  template argument deduction/substitution failed:
[17.323s] In file included from [01m[K/home/bxi_nx/ht_ws/src/FAST-LIVO2/src/voxel_map.cpp:13[m[K:
[17.323s] [01m[K/home/bxi_nx/ht_ws/src/FAST-LIVO2/include/voxel_map.h:233:42:[m[K [01;36m[Knote: [m[K  candidate expects 5 arguments, 1 provided
[17.323s]   233 |       : config_setting_(config_setting), [01;36m[Kvoxel_map_(voxel_map)[m[K
[17.323s]       |                                          [01;36m[K^~~~~~~~~~~~~~~~~~~~~[m[K
[17.323s] In file included from [01m[K/usr/include/c++/11/unordered_map:47[m[K,
[17.323s]                  from [01m[K/usr/include/c++/11/functional:61[m[K,
[17.323s]                  from [01m[K/usr/include/eigen3/Eigen/Core:85[m[K,
[17.323s]                  from [01m[K/home/bxi_nx/ht_ws/src/FAST-LIVO2/include/utils/so3_math.h:4[m[K,
[17.323s]                  from [01m[K/home/bxi_nx/ht_ws/src/FAST-LIVO2/include/common_lib.h:16[m[K,
[17.329s]                  from [01m[K/home/bxi_nx/ht_ws/src/FAST-LIVO2/include/voxel_map.h:16[m[K,
[17.330s]                  from [01m[K/home/bxi_nx/ht_ws/src/FAST-LIVO2/src/voxel_map.cpp:13[m[K:
[17.330s] [01m[K/usr/include/c++/11/bits/unordered_map.h:245:9:[m[K [01;36m[Knote: [m[Kcandidate: ‘[01m[Ktemplate<class _InputIterator> std::unordered_map<_Key, _Tp, _Hash, _Pred, _Alloc>::unordered_map(_InputIterator, _InputIterator, std::unordered_map<_Key, _Tp, _Hash, _Pred, _Alloc>::size_type, const allocator_type&) [with _InputIterator = _InputIterator; _Key = VOXEL_LOCATION; _Tp = std::_List_iterator<std::pair<VOXEL_LOCATION, VoxelOctoTree*> >; _Hash = std::hash<VOXEL_LOCATION>; _Pred = std::equal_to<VOXEL_LOCATION>; _Alloc = std::allocator<std::pair<const VOXEL_LOCATION, std::_List_iterator<std::pair<VOXEL_LOCATION, VoxelOctoTree*> > > >][m[K’
[17.330s]   245 |         [01;36m[Kunordered_map[m[K(_InputIterator __first, _InputIterator __last,
[17.330s]       |         [01;36m[K^~~~~~~~~~~~~[m[K
[17.331s] [01m[K/usr/include/c++/11/bits/unordered_map.h:245:9:[m[K [01;36m[Knote: [m[K  template argument deduction/substitution failed:
[17.331s] In file included from [01m[K/home/bxi_nx/ht_ws/src/FAST-LIVO2/src/voxel_map.cpp:13[m[K:
[17.331s] [01m[K/home/bxi_nx/ht_ws/src/FAST-LIVO2/include/voxel_map.h:233:42:[m[K [01;36m[Knote: [m[K  candidate expects 4 arguments, 1 provided
[17.331s]   233 |       : config_setting_(config_setting), [01;36m[Kvoxel_map_(voxel_map)[m[K
[17.331s]       |                                          [01;36m[K^~~~~~~~~~~~~~~~~~~~~[m[K
[17.331s] In file included from [01m[K/usr/include/c++/11/unordered_map:47[m[K,
[17.331s]                  from [01m[K/usr/include/c++/11/functional:61[m[K,
[17.331s]                  from [01m[K/usr/include/eigen3/Eigen/Core:85[m[K,
[17.331s]                  from [01m[K/home/bxi_nx/ht_ws/src/FAST-LIVO2/include/utils/so3_math.h:4[m[K,
[17.331s]                  from [01m[K/home/bxi_nx/ht_ws/src/FAST-LIVO2/include/common_lib.h:16[m[K,
[17.332s]                  from [01m[K/home/bxi_nx/ht_ws/src/FAST-LIVO2/include/voxel_map.h:16[m[K,
[17.332s]                  from [01m[K/home/bxi_nx/ht_ws/src/FAST-LIVO2/src/voxel_map.cpp:13[m[K:
[17.332s] [01m[K/usr/include/c++/11/bits/unordered_map.h:172:9:[m[K [01;36m[Knote: [m[Kcandidate: ‘[01m[Ktemplate<class _InputIterator> std::unordered_map<_Key, _Tp, _Hash, _Pred, _Alloc>::unordered_map(_InputIterator, _InputIterator, std::unordered_map<_Key, _Tp, _Hash, _Pred, _Alloc>::size_type, const hasher&, const key_equal&, const allocator_type&) [with _InputIterator = _InputIterator; _Key = VOXEL_LOCATION; _Tp = std::_List_iterator<std::pair<VOXEL_LOCATION, VoxelOctoTree*> >; _Hash = std::hash<VOXEL_LOCATION>; _Pred = std::equal_to<VOXEL_LOCATION>; _Alloc = std::allocator<std::pair<const VOXEL_LOCATION, std::_List_iterator<std::pair<VOXEL_LOCATION, VoxelOctoTree*> > > >][m[K’
[17.332s]   172 |         [01;36m[Kunordered_map[m[K(_InputIterator __first, _InputIterator __last,
[17.332s]       |         [01;36m[K^~~~~~~~~~~~~[m[K
[17.332s] [01m[K/usr/include/c++/11/bits/unordered_map.h:172:9:[m[K [01;36m[Knote: [m[K  template argument deduction/substitution failed:
[17.332s] In file included from [01m[K/home/bxi_nx/ht_ws/src/FAST-LIVO2/src/voxel_map.cpp:13[m[K:
[17.332s] [01m[K/home/bxi_nx/ht_ws/src/FAST-LIVO2/include/voxel_map.h:233:42:[m[K [01;36m[Knote: [m[K  candidate expects 6 arguments, 1 provided
[17.332s]   233 |       : config_setting_(config_setting), [01;36m[Kvoxel_map_(voxel_map)[m[K
[17.333s]       |                                          [01;36m[K^~~~~~~~~~~~~~~~~~~~~[m[K
[17.333s] In file included from [01m[K/usr/include/c++/11/unordered_map:47[m[K,
[17.333s]                  from [01m[K/usr/include/c++/11/functional:61[m[K,
[17.333s]                  from [01m[K/usr/include/eigen3/Eigen/Core:85[m[K,
[17.333s]                  from [01m[K/home/bxi_nx/ht_ws/src/FAST-LIVO2/include/utils/so3_math.h:4[m[K,
[17.333s]                  from [01m[K/home/bxi_nx/ht_ws/src/FAST-LIVO2/include/common_lib.h:16[m[K,
[17.333s]                  from [01m[K/home/bxi_nx/ht_ws/src/FAST-LIVO2/include/voxel_map.h:16[m[K,
[17.333s]                  from [01m[K/home/bxi_nx/ht_ws/src/FAST-LIVO2/src/voxel_map.cpp:13[m[K:
[17.333s] [01m[K/usr/include/c++/11/bits/unordered_map.h:264:7:[m[K [01;36m[Knote: [m[Kcandidate: ‘[01m[Kstd::unordered_map<_Key, _Tp, _Hash, _Pred, _Alloc>::unordered_map(std::initializer_list<typename std::_Hashtable<_Key, std::pair<const _Key, _Tp>, _Alloc, std::__detail::_Select1st, _Pred, _Hash, std::__detail::_Mod_range_hashing, std::__detail::_Default_ranged_hash, std::__detail::_Prime_rehash_policy, std::__detail::_Hashtable_traits<std::__not_<std::__and_<std::__is_fast_hash<_Hash>, std::__is_nothrow_invocable<const _Hash&, const _Key&> > >::value, false, true> >::value_type>, std::unordered_map<_Key, _Tp, _Hash, _Pred, _Alloc>::size_type, const hasher&, const allocator_type&) [with _Key = VOXEL_LOCATION; _Tp = std::_List_iterator<std::pair<VOXEL_LOCATION, VoxelOctoTree*> >; _Hash = std::hash<VOXEL_LOCATION>; _Pred = std::equal_to<VOXEL_LOCATION>; _Alloc = std::allocator<std::pair<const VOXEL_LOCATION, std::_List_iterator<std::pair<VOXEL_LOCATION, VoxelOctoTree*> > > >; typename std::_Hashtable<_Key, std::pair<const _Key, _Tp>, _Alloc, std::__detail::_Select1st, _Pred, _Hash, std::__detail::_Mod_range_hashing, std::__detail::_Default_ranged_hash, std::__detail::_Prime_rehash_policy, std::__detail::_Hashtable_traits<std::__not_<std::__and_<std::__is_fast_hash<_Hash>, std::__is_nothrow_invocable<const _Hash&, const _Key&> > >::value, false, true> >::value_type = std::pair<const VOXEL_LOCATION, std::_List_iterator<std::pair<VOXEL_LOCATION, VoxelOctoTree*> > >; std::unordered_map<_Key, _Tp, _Hash, _Pred, _Alloc>::size_type = long unsigned int; std::unordered_map<_Key, _Tp, _Hash, _Pred, _Alloc>::hasher = std::hash<VOXEL_LOCATION>; std::unordered_map<_Key, _Tp, _Hash, _Pred, _Alloc>::allocator_type = std::allocator<std::pair<const VOXEL_LOCATION, std::_List_iterator<std::pair<VOXEL_LOCATION, VoxelOctoTree*> > > >][m[K’
[17.334s]   264 |       [01;36m[Kunordered_map[m[K(initializer_list<value_type> __l,
[17.334s]       |       [01;36m[K^~~~~~~~~~~~~[m[K
[17.334s] [01m[K/usr/include/c++/11/bits/unordered_map.h:264:7:[m[K [01;36m[Knote: [m[K  candidate expects 4 arguments, 1 provided
[17.334s] [01m[K/usr/include/c++/11/bits/unordered_map.h:258:7:[m[K [01;36m[Knote: [m[Kcandidate: ‘[01m[Kstd::unordered_map<_Key, _Tp, _Hash, _Pred, _Alloc>::unordered_map(std::initializer_list<typename std::_Hashtable<_Key, std::pair<const _Key, _Tp>, _Alloc, std::__detail::_Select1st, _Pred, _Hash, std::__detail::_Mod_range_hashing, std::__detail::_Default_ranged_hash, std::__detail::_Prime_rehash_policy, std::__detail::_Hashtable_traits<std::__not_<std::__and_<std::__is_fast_hash<_Hash>, std::__is_nothrow_invocable<const _Hash&, const _Key&> > >::value, false, true> >::value_type>, std::unordered_map<_Key, _Tp, _Hash, _Pred, _Alloc>::size_type, const allocator_type&) [with _Key = VOXEL_LOCATION; _Tp = std::_List_iterator<std::pair<VOXEL_LOCATION, VoxelOctoTree*> >; _Hash = std::hash<VOXEL_LOCATION>; _Pred = std::equal_to<VOXEL_LOCATION>; _Alloc = std::allocator<std::pair<const VOXEL_LOCATION, std::_List_iterator<std::pair<VOXEL_LOCATION, VoxelOctoTree*> > > >; typename std::_Hashtable<_Key, std::pair<const _Key, _Tp>, _Alloc, std::__detail::_Select1st, _Pred, _Hash, std::__detail::_Mod_range_hashing, std::__detail::_Default_ranged_hash, std::__detail::_Prime_rehash_policy, std::__detail::_Hashtable_traits<std::__not_<std::__and_<std::__is_fast_hash<_Hash>, std::__is_nothrow_invocable<const _Hash&, const _Key&> > >::value, false, true> >::value_type = std::pair<const VOXEL_LOCATION, std::_List_iterator<std::pair<VOXEL_LOCATION, VoxelOctoTree*> > >; std::unordered_map<_Key, _Tp, _Hash, _Pred, _Alloc>::size_type = long unsigned int; std::unordered_map<_Key, _Tp, _Hash, _Pred, _Alloc>::allocator_type = std::allocator<std::pair<const VOXEL_LOCATION, std::_List_iterator<std::pair<VOXEL_LOCATION, VoxelOctoTree*> > > >][m[K’
[17.334s]   258 |       [01;36m[Kunordered_map[m[K(initializer_list<value_type> __l,
[17.334s]       |       [01;36m[K^~~~~~~~~~~~~[m[K
[17.334s] [01m[K/usr/include/c++/11/bits/unordered_map.h:258:7:[m[K [01;36m[Knote: [m[K  candidate expects 3 arguments, 1 provided
[17.334s] [01m[K/usr/include/c++/11/bits/unordered_map.h:239:7:[m[K [01;36m[Knote: [m[Kcandidate: ‘[01m[Kstd::unordered_map<_Key, _Tp, _Hash, _Pred, _Alloc>::unordered_map(std::unordered_map<_Key, _Tp, _Hash, _Pred, _Alloc>::size_type, const hasher&, const allocator_type&) [with _Key = VOXEL_LOCATION; _Tp = std::_List_iterator<std::pair<VOXEL_LOCATION, VoxelOctoTree*> >; _Hash = std::hash<VOXEL_LOCATION>; _Pred = std::equal_to<VOXEL_LOCATION>; _Alloc = std::allocator<std::pair<const VOXEL_LOCATION, std::_List_iterator<std::pair<VOXEL_LOCATION, VoxelOctoTree*> > > >; std::unordered_map<_Key, _Tp, _Hash, _Pred, _Alloc>::size_type = long unsigned int; std::unordered_map<_Key, _Tp, _Hash, _Pred, _Alloc>::hasher = std::hash<VOXEL_LOCATION>; std::unordered_map<_Key, _Tp, _Hash, _Pred, _Alloc>::allocator_type = std::allocator<std::pair<const VOXEL_LOCATION, std::_List_iterator<std::pair<VOXEL_LOCATION, VoxelOctoTree*> > > >][m[K’
[17.334s]   239 |       [01;36m[Kunordered_map[m[K(size_type __n, const hasher& __hf,
[17.334s]       |       [01;36m[K^~~~~~~~~~~~~[m[K
[17.335s] [01m[K/usr/include/c++/11/bits/unordered_map.h:239:7:[m[K [01;36m[Knote: [m[K  candidate expects 3 arguments, 1 provided
[17.335s] [01m[K/usr/include/c++/11/bits/unordered_map.h:235:7:[m[K [01;36m[Knote: [m[Kcandidate: ‘[01m[Kstd::unordered_map<_Key, _Tp, _Hash, _Pred, _Alloc>::unordered_map(std::unordered_map<_Key, _Tp, _Hash, _Pred, _Alloc>::size_type, const allocator_type&) [with _Key = VOXEL_LOCATION; _Tp = std::_List_iterator<std::pair<VOXEL_LOCATION, VoxelOctoTree*> >; _Hash = std::hash<VOXEL_LOCATION>; _Pred = std::equal_to<VOXEL_LOCATION>; _Alloc = std::allocator<std::pair<const VOXEL_LOCATION, std::_List_iterator<std::pair<VOXEL_LOCATION, VoxelOctoTree*> > > >; std::unordered_map<_Key, _Tp, _Hash, _Pred, _Alloc>::size_type = long unsigned int; std::unordered_map<_Key, _Tp, _Hash, _Pred, _Alloc>::allocator_type = std::allocator<std::pair<const VOXEL_LOCATION, std::_List_iterator<std::pair<VOXEL_LOCATION, VoxelOctoTree*> > > >][m[K’
[17.335s]   235 |       [01;36m[Kunordered_map[m[K(size_type __n, const allocator_type& __a)
[17.335s]       |       [01;36m[K^~~~~~~~~~~~~[m[K
[17.335s] [01m[K/usr/include/c++/11/bits/unordered_map.h:235:7:[m[K [01;36m[Knote: [m[K  candidate expects 2 arguments, 1 provided
[17.335s] [01m[K/usr/include/c++/11/bits/unordered_map.h:227:7:[m[K [01;36m[Knote: [m[Kcandidate: ‘[01m[Kstd::unordered_map<_Key, _Tp, _Hash, _Pred, _Alloc>::unordered_map(std::initializer_list<typename std::_Hashtable<_Key, std::pair<const _Key, _Tp>, _Alloc, std::__detail::_Select1st, _Pred, _Hash, std::__detail::_Mod_range_hashing, std::__detail::_Default_ranged_hash, std::__detail::_Prime_rehash_policy, std::__detail::_Hashtable_traits<std::__not_<std::__and_<std::__is_fast_hash<_Hash>, std::__is_nothrow_invocable<const _Hash&, const _Key&> > >::value, false, true> >::value_type>, std::unordered_map<_Key, _Tp, _Hash, _Pred, _Alloc>::size_type, const hasher&, const key_equal&, const allocator_type&) [with _Key = VOXEL_LOCATION; _Tp = std::_List_iterator<std::pair<VOXEL_LOCATION, VoxelOctoTree*> >; _Hash = std::hash<VOXEL_LOCATION>; _Pred = std::equal_to<VOXEL_LOCATION>; _Alloc = std::allocator<std::pair<const VOXEL_LOCATION, std::_List_iterator<std::pair<VOXEL_LOCATION, VoxelOctoTree*> > > >; typename std::_Hashtable<_Key, std::pair<const _Key, _Tp>, _Alloc, std::__detail::_Select1st, _Pred, _Hash, std::__detail::_Mod_range_hashing, std::__detail::_Default_ranged_hash, std::__detail::_Prime_rehash_policy, std::__detail::_Hashtable_traits<std::__not_<std::__and_<std::__is_fast_hash<_Hash>, std::__is_nothrow_invocable<const _Hash&, const _Key&> > >::value, false, true> >::value_type = std::pair<const VOXEL_LOCATION, std::_List_iterator<std::pair<VOXEL_LOCATION, VoxelOctoTree*> > >; std::unordered_map<_Key, _Tp, _Hash, _Pred, _Alloc>::size_type = long unsigned int; std::unordered_map<_Key, _Tp, _Hash, _Pred, _Alloc>::hasher = std::hash<VOXEL_LOCATION>; std::unordered_map<_Key, _Tp, _Hash, _Pred, _Alloc>::key_equal = std::equal_to<VOXEL_LOCATION>; std::unordered_map<_Key, _Tp, _Hash, _Pred, _Alloc>::allocator_type = std::allocator<std::pair<const VOXEL_LOCATION, std::_List_iterator<std::pair<VOXEL_LOCATION, VoxelOctoTree*> > > >][m[K’
[17.335s]   227 |       [01;36m[Kunordered_map[m[K(initializer_list<value_type> __l,
[17.335s]       |       [01;36m[K^~~~~~~~~~~~~[m[K
[17.335s] [01m[K/usr/include/c++/11/bits/unordered_map.h:227:50:[m[K [01;36m[Knote: [m[K  no known conversion for argument 1 from ‘[01m[Kstd::unordered_map<VOXEL_LOCATION, VoxelOctoTree*>[m[K’ to ‘[01m[Kstd::initializer_list<std::pair<const VOXEL_LOCATION, std::_List_iterator<std::pair<VOXEL_LOCATION, VoxelOctoTree*> > > >[m[K’
[17.336s]   227 |       unordered_map([01;36m[Kinitializer_list<value_type> __l[m[K,
[17.344s]       |                     [01;36m[K~~~~~~~~~~~~~~~~~~~~~~~~~~~~~^~~[m[K
[17.344s] [01m[K/usr/include/c++/11/bits/unordered_map.h:210:7:[m[K [01;36m[Knote: [m[Kcandidate: ‘[01m[Kstd::unordered_map<_Key, _Tp, _Hash, _Pred, _Alloc>::unordered_map(std::unordered_map<_Key, _Tp, _Hash, _Pred, _Alloc>&&, const allocator_type&) [with _Key = VOXEL_LOCATION; _Tp = std::_List_iterator<std::pair<VOXEL_LOCATION, VoxelOctoTree*> >; _Hash = std::hash<VOXEL_LOCATION>; _Pred = std::equal_to<VOXEL_LOCATION>; _Alloc = std::allocator<std::pair<const VOXEL_LOCATION, std::_List_iterator<std::pair<VOXEL_LOCATION, VoxelOctoTree*> > > >; std::unordered_map<_Key, _Tp, _Hash, _Pred, _Alloc>::allocator_type = std::allocator<std::pair<const VOXEL_LOCATION, std::_List_iterator<std::pair<VOXEL_LOCATION, VoxelOctoTree*> > > >][m[K’
[17.345s]   210 |       [01;36m[Kunordered_map[m[K(unordered_map&& __umap,
[17.345s]       |       [01;36m[K^~~~~~~~~~~~~[m[K
[17.345s] [01m[K/usr/include/c++/11/bits/unordered_map.h:210:7:[m[K [01;36m[Knote: [m[K  candidate expects 2 arguments, 1 provided
[17.345s] [01m[K/usr/include/c++/11/bits/unordered_map.h:200:7:[m[K [01;36m[Knote: [m[Kcandidate: ‘[01m[Kstd::unordered_map<_Key, _Tp, _Hash, _Pred, _Alloc>::unordered_map(const std::unordered_map<_Key, _Tp, _Hash, _Pred, _Alloc>&, const allocator_type&) [with _Key = VOXEL_LOCATION; _Tp = std::_List_iterator<std::pair<VOXEL_LOCATION, VoxelOctoTree*> >; _Hash = std::hash<VOXEL_LOCATION>; _Pred = std::equal_to<VOXEL_LOCATION>; _Alloc = std::allocator<std::pair<const VOXEL_LOCATION, std::_List_iterator<std::pair<VOXEL_LOCATION, VoxelOctoTree*> > > >; std::unordered_map<_Key, _Tp, _Hash, _Pred, _Alloc>::allocator_type = std::allocator<std::pair<const VOXEL_LOCATION, std::_List_iterator<std::pair<VOXEL_LOCATION, VoxelOctoTree*> > > >][m[K’
[17.345s]   200 |       [01;36m[Kunordered_map[m[K(const unordered_map& __umap,
[17.345s]       |       [01;36m[K^~~~~~~~~~~~~[m[K
[17.345s] [01m[K/usr/include/c++/11/bits/unordered_map.h:200:7:[m[K [01;36m[Knote: [m[K  candidate expects 2 arguments, 1 provided
[17.345s] [01m[K/usr/include/c++/11/bits/unordered_map.h:191:7:[m[K [01;36m[Knote: [m[Kcandidate: ‘[01m[Kstd::unordered_map<_Key, _Tp, _Hash, _Pred, _Alloc>::unordered_map(const allocator_type&) [with _Key = VOXEL_LOCATION; _Tp = std::_List_iterator<std::pair<VOXEL_LOCATION, VoxelOctoTree*> >; _Hash = std::hash<VOXEL_LOCATION>; _Pred = std::equal_to<VOXEL_LOCATION>; _Alloc = std::allocator<std::pair<const VOXEL_LOCATION, std::_List_iterator<std::pair<VOXEL_LOCATION, VoxelOctoTree*> > > >; std::unordered_map<_Key, _Tp, _Hash, _Pred, _Alloc>::allocator_type = std::allocator<std::pair<const VOXEL_LOCATION, std::_List_iterator<std::pair<VOXEL_LOCATION, VoxelOctoTree*> > > >][m[K’
[17.345s]   191 |       [01;36m[Kunordered_map[m[K(const allocator_type& __a)
[17.345s]       |       [01;36m[K^~~~~~~~~~~~~[m[K
[17.346s] [01m[K/usr/include/c++/11/bits/unordered_map.h:191:43:[m[K [01;36m[Knote: [m[K  no known conversion for argument 1 from ‘[01m[Kstd::unordered_map<VOXEL_LOCATION, VoxelOctoTree*>[m[K’ to ‘[01m[Kconst allocator_type&[m[K’ {aka ‘[01m[Kconst std::allocator<std::pair<const VOXEL_LOCATION, std::_List_iterator<std::pair<VOXEL_LOCATION, VoxelOctoTree*> > > >&[m[K’}
[17.346s]   191 |       unordered_map([01;36m[Kconst allocator_type& __a[m[K)
[17.346s]       |                     [01;36m[K~~~~~~~~~~~~~~~~~~~~~~^~~[m[K
[17.346s] [01m[K/usr/include/c++/11/bits/unordered_map.h:184:7:[m[K [01;36m[Knote: [m[Kcandidate: ‘[01m[Kstd::unordered_map<_Key, _Tp, _Hash, _Pred, _Alloc>::unordered_map(std::unordered_map<_Key, _Tp, _Hash, _Pred, _Alloc>&&) [with _Key = VOXEL_LOCATION; _Tp = std::_List_iterator<std::pair<VOXEL_LOCATION, VoxelOctoTree*> >; _Hash = std::hash<VOXEL_LOCATION>; _Pred = std::equal_to<VOXEL_LOCATION>; _Alloc = std::allocator<std::pair<const VOXEL_LOCATION, std::_List_iterator<std::pair<VOXEL_LOCATION, VoxelOctoTree*> > > >][m[K’
[17.346s]   184 |       [01;36m[Kunordered_map[m[K(unordered_map&&) = default;
[17.346s]       |       [01;36m[K^~~~~~~~~~~~~[m[K
[17.346s] [01m[K/usr/include/c++/11/bits/unordered_map.h:184:21:[m[K [01;36m[Knote: [m[K  no known conversion for argument 1 from ‘[01m[Kstd::unordered_map<VOXEL_LOCATION, VoxelOctoTree*>[m[K’ to ‘[01m[Kstd::unordered_map<VOXEL_LOCATION, std::_List_iterator<std::pair<VOXEL_LOCATION, VoxelOctoTree*> > >&&[m[K’
[17.346s]   184 |       unordered_map([01;36m[Kunordered_map&&[m[K) = default;
[17.346s]       |                     [01;36m[K^~~~~~~~~~~~~~~[m[K
[17.346s] [01m[K/usr/include/c++/11/bits/unordered_map.h:181:7:[m[K [01;36m[Knote: [m[Kcandidate: ‘[01m[Kstd::unordered_map<_Key, _Tp, _Hash, _Pred, _Alloc>::unordered_map(const std::unordered_map<_Key, _Tp, _Hash, _Pred, _Alloc>&) [with _Key = VOXEL_LOCATION; _Tp = std::_List_iterator<std::pair<VOXEL_LOCATION, VoxelOctoTree*> >; _Hash = std::hash<VOXEL_LOCATION>; _Pred = std::equal_to<VOXEL_LOCATION>; _Alloc = std::allocator<std::pair<const VOXEL_LOCATION, std::_List_iterator<std::pair<VOXEL_LOCATION, VoxelOctoTree*> > > >][m[K’
[17.347s]   181 |       [01;36m[Kunordered_map[m[K(const unordered_map&) = default;
[17.347s]       |       [01;36m[K^~~~~~~~~~~~~[m[K
[17.347s] [01m[K/usr/include/c++/11/bits/unordered_map.h:181:21:[m[K [01;36m[Knote: [m[K  no known conversion for argument 1 from ‘[01m[Kstd::unordered_map<VOXEL_LOCATION, VoxelOctoTree*>[m[K’ to ‘[01m[Kconst std::unordered_map<VOXEL_LOCATION, std::_List_iterator<std::pair<VOXEL_LOCATION, VoxelOctoTree*> > >&[m[K’
[17.347s]   181 |       unordered_map([01;36m[Kconst unordered_map&[m[K) = default;
[17.347s]       |                     [01;36m[K^~~~~~~~~~~~~~~~~~~~[m[K
[17.347s] [01m[K/usr/include/c++/11/bits/unordered_map.h:151:7:[m[K [01;36m[Knote: [m[Kcandidate: ‘[01m[Kstd::unordered_map<_Key, _Tp, _Hash, _Pred, _Alloc>::unordered_map(std::unordered_map<_Key, _Tp, _Hash, _Pred, _Alloc>::size_type, const hasher&, const key_equal&, const allocator_type&) [with _Key = VOXEL_LOCATION; _Tp = std::_List_iterator<std::pair<VOXEL_LOCATION, VoxelOctoTree*> >; _Hash = std::hash<VOXEL_LOCATION>; _Pred = std::equal_to<VOXEL_LOCATION>; _Alloc = std::allocator<std::pair<const VOXEL_LOCATION, std::_List_iterator<std::pair<VOXEL_LOCATION, VoxelOctoTree*> > > >; std::unordered_map<_Key, _Tp, _Hash, _Pred, _Alloc>::size_type = long unsigned int; std::unordered_map<_Key, _Tp, _Hash, _Pred, _Alloc>::hasher = std::hash<VOXEL_LOCATION>; std::unordered_map<_Key, _Tp, _Hash, _Pred, _Alloc>::key_equal = std::equal_to<VOXEL_LOCATION>; std::unordered_map<_Key, _Tp, _Hash, _Pred, _Alloc>::allocator_type = std::allocator<std::pair<const VOXEL_LOCATION, std::_List_iterator<std::pair<VOXEL_LOCATION, VoxelOctoTree*> > > >][m[K’
[17.347s]   151 |       [01;36m[Kunordered_map[m[K(size_type __n,
[17.347s]       |       [01;36m[K^~~~~~~~~~~~~[m[K
[17.347s] [01m[K/usr/include/c++/11/bits/unordered_map.h:151:31:[m[K [01;36m[Knote: [m[K  no known conversion for argument 1 from ‘[01m[Kstd::unordered_map<VOXEL_LOCATION, VoxelOctoTree*>[m[K’ to ‘[01m[Kstd::unordered_map<VOXEL_LOCATION, std::_List_iterator<std::pair<VOXEL_LOCATION, VoxelOctoTree*> > >::size_type[m[K’ {aka ‘[01m[Klong unsigned int[m[K’}
[17.347s]   151 |       unordered_map([01;36m[Ksize_type __n[m[K,
[17.348s]       |                     [01;36m[K~~~~~~~~~~^~~[m[K
[17.348s] [01m[K/usr/include/c++/11/bits/unordered_map.h:141:7:[m[K [01;36m[Knote: [m[Kcandidate: ‘[01m[Kstd::unordered_map<_Key, _Tp, _Hash, _Pred, _Alloc>::unordered_map() [with _Key = VOXEL_LOCATION; _Tp = std::_List_iterator<std::pair<VOXEL_LOCATION, VoxelOctoTree*> >; _Hash = std::hash<VOXEL_LOCATION>; _Pred = std::equal_to<VOXEL_LOCATION>; _Alloc = std::allocator<std::pair<const VOXEL_LOCATION, std::_List_iterator<std::pair<VOXEL_LOCATION, VoxelOctoTree*> > > >][m[K’
[17.348s]   141 |       [01;36m[Kunordered_map[m[K() = default;
[17.348s]       |       [01;36m[K^~~~~~~~~~~~~[m[K
[17.348s] [01m[K/usr/include/c++/11/bits/unordered_map.h:141:7:[m[K [01;36m[Knote: [m[K  candidate expects 0 arguments, 1 provided
[17.508s] In file included from [01m[K/home/bxi_nx/ht_ws/src/FAST-LIVO2/include/vio.h:16[m[K,
[17.508s]                  from [01m[K/home/bxi_nx/ht_ws/src/FAST-LIVO2/src/vio.cpp:13[m[K:
[17.508s] [01m[K/home/bxi_nx/ht_ws/src/FAST-LIVO2/include/voxel_map.h:[m[K In constructor ‘[01m[KVoxelMapManager::VoxelMapManager(VoxelMapConfig&, std::unordered_map<VOXEL_LOCATION, VoxelOctoTree*>&)[m[K’:
[17.508s] [01m[K/home/bxi_nx/ht_ws/src/FAST-LIVO2/include/voxel_map.h:233:42:[m[K [01;31m[Kerror: [m[Kno matching function for call to ‘[01m[Kstd::unordered_map<VOXEL_LOCATION, std::_List_iterator<std::pair<VOXEL_LOCATION, VoxelOctoTree*> > >::unordered_map(std::unordered_map<VOXEL_LOCATION, VoxelOctoTree*>&)[m[K’
[17.508s]   233 |       : config_setting_(config_setting), [01;31m[Kvoxel_map_(voxel_map)[m[K
[17.509s]       |                                          [01;31m[K^~~~~~~~~~~~~~~~~~~~~[m[K
[17.509s] In file included from [01m[K/usr/include/c++/11/unordered_map:47[m[K,
[17.509s]                  from [01m[K/usr/include/c++/11/functional:61[m[K,
[17.509s]                  from [01m[K/usr/include/eigen3/Eigen/Core:85[m[K,
[17.509s]                  from [01m[K/home/bxi_nx/ht_ws/src/FAST-LIVO2/include/utils/so3_math.h:4[m[K,
[17.509s]                  from [01m[K/home/bxi_nx/ht_ws/src/FAST-LIVO2/include/common_lib.h:16[m[K,
[17.509s]                  from [01m[K/home/bxi_nx/ht_ws/src/FAST-LIVO2/include/voxel_map.h:16[m[K,
[17.509s]                  from [01m[K/home/bxi_nx/ht_ws/src/FAST-LIVO2/include/vio.h:16[m[K,
[17.509s]                  from [01m[K/home/bxi_nx/ht_ws/src/FAST-LIVO2/src/vio.cpp:13[m[K:
[17.509s] [01m[K/usr/include/c++/11/bits/unordered_map.h:252:9:[m[K [01;36m[Knote: [m[Kcandidate: ‘[01m[Ktemplate<class _InputIterator> std::unordered_map<_Key, _Tp, _Hash, _Pred, _Alloc>::unordered_map(_InputIterator, _InputIterator, std::unordered_map<_Key, _Tp, _Hash, _Pred, _Alloc>::size_type, const hasher&, const allocator_type&) [with _InputIterator = _InputIterator; _Key = VOXEL_LOCATION; _Tp = std::_List_iterator<std::pair<VOXEL_LOCATION, VoxelOctoTree*> >; _Hash = std::hash<VOXEL_LOCATION>; _Pred = std::equal_to<VOXEL_LOCATION>; _Alloc = std::allocator<std::pair<const VOXEL_LOCATION, std::_List_iterator<std::pair<VOXEL_LOCATION, VoxelOctoTree*> > > >][m[K’
[17.510s]   252 |         [01;36m[Kunordered_map[m[K(_InputIterator __first, _InputIterator __last,
[17.510s]       |         [01;36m[K^~~~~~~~~~~~~[m[K
[17.510s] [01m[K/usr/include/c++/11/bits/unordered_map.h:252:9:[m[K [01;36m[Knote: [m[K  template argument deduction/substitution failed:
[17.510s] In file included from [01m[K/home/bxi_nx/ht_ws/src/FAST-LIVO2/include/vio.h:16[m[K,
[17.510s]                  from [01m[K/home/bxi_nx/ht_ws/src/FAST-LIVO2/src/vio.cpp:13[m[K:
[17.510s] [01m[K/home/bxi_nx/ht_ws/src/FAST-LIVO2/include/voxel_map.h:233:42:[m[K [01;36m[Knote: [m[K  candidate expects 5 arguments, 1 provided
[17.510s]   233 |       : config_setting_(config_setting), [01;36m[Kvoxel_map_(voxel_map)[m[K
[17.510s]       |                                          [01;36m[K^~~~~~~~~~~~~~~~~~~~~[m[K
[17.510s] In file included from [01m[K/usr/include/c++/11/unordered_map:47[m[K,
[17.510s]                  from [01m[K/usr/include/c++/11/functional:61[m[K,
[17.510s]                  from [01m[K/usr/include/eigen3/Eigen/Core:85[m[K,
[17.511s]                  from [01m[K/home/bxi_nx/ht_ws/src/FAST-LIVO2/include/utils/so3_math.h:4[m[K,
[17.511s]                  from [01m[K/home/bxi_nx/ht_ws/src/FAST-LIVO2/include/common_lib.h:16[m[K,
[17.511s]                  from [01m[K/home/bxi_nx/ht_ws/src/FAST-LIVO2/include/voxel_map.h:16[m[K,
[17.511s]                  from [01m[K/home/bxi_nx/ht_ws/src/FAST-LIVO2/include/vio.h:16[m[K,
[17.511s]                  from [01m[K/home/bxi_nx/ht_ws/src/FAST-LIVO2/src/vio.cpp:13[m[K:
[17.511s] [01m[K/usr/include/c++/11/bits/unordered_map.h:245:9:[m[K [01;36m[Knote: [m[Kcandidate: ‘[01m[Ktemplate<class _InputIterator> std::unordered_map<_Key, _Tp, _Hash, _Pred, _Alloc>::unordered_map(_InputIterator, _InputIterator, std::unordered_map<_Key, _Tp, _Hash, _Pred, _Alloc>::size_type, const allocator_type&) [with _InputIterator = _InputIterator; _Key = VOXEL_LOCATION; _Tp = std::_List_iterator<std::pair<VOXEL_LOCATION, VoxelOctoTree*> >; _Hash = std::hash<VOXEL_LOCATION>; _Pred = std::equal_to<VOXEL_LOCATION>; _Alloc = std::allocator<std::pair<const VOXEL_LOCATION, std::_List_iterator<std::pair<VOXEL_LOCATION, VoxelOctoTree*> > > >][m[K’
[17.511s]   245 |         [01;36m[Kunordered_map[m[K(_InputIterator __first, _InputIterator __last,
[17.511s]       |         [01;36m[K^~~~~~~~~~~~~[m[K
[17.511s] [01m[K/usr/include/c++/11/bits/unordered_map.h:245:9:[m[K [01;36m[Knote: [m[K  template argument deduction/substitution failed:
[17.511s] In file included from [01m[K/home/bxi_nx/ht_ws/src/FAST-LIVO2/include/vio.h:16[m[K,
[17.512s]                  from [01m[K/home/bxi_nx/ht_ws/src/FAST-LIVO2/src/vio.cpp:13[m[K:
[17.512s] [01m[K/home/bxi_nx/ht_ws/src/FAST-LIVO2/include/voxel_map.h:233:42:[m[K [01;36m[Knote: [m[K  candidate expects 4 arguments, 1 provided
[17.512s]   233 |       : config_setting_(config_setting), [01;36m[Kvoxel_map_(voxel_map)[m[K
[17.512s]       |                                          [01;36m[K^~~~~~~~~~~~~~~~~~~~~[m[K
[17.512s] In file included from [01m[K/usr/include/c++/11/unordered_map:47[m[K,
[17.512s]                  from [01m[K/usr/include/c++/11/functional:61[m[K,
[17.512s]                  from [01m[K/usr/include/eigen3/Eigen/Core:85[m[K,
[17.512s]                  from [01m[K/home/bxi_nx/ht_ws/src/FAST-LIVO2/include/utils/so3_math.h:4[m[K,
[17.512s]                  from [01m[K/home/bxi_nx/ht_ws/src/FAST-LIVO2/include/common_lib.h:16[m[K,
[17.513s]                  from [01m[K/home/bxi_nx/ht_ws/src/FAST-LIVO2/include/voxel_map.h:16[m[K,
[17.513s]                  from [01m[K/home/bxi_nx/ht_ws/src/FAST-LIVO2/include/vio.h:16[m[K,
[17.513s]                  from [01m[K/home/bxi_nx/ht_ws/src/FAST-LIVO2/src/vio.cpp:13[m[K:
[17.513s] [01m[K/usr/include/c++/11/bits/unordered_map.h:172:9:[m[K [01;36m[Knote: [m[Kcandidate: ‘[01m[Ktemplate<class _InputIterator> std::unordered_map<_Key, _Tp, _Hash, _Pred, _Alloc>::unordered_map(_InputIterator, _InputIterator, std::unordered_map<_Key, _Tp, _Hash, _Pred, _Alloc>::size_type, const hasher&, const key_equal&, const allocator_type&) [with _InputIterator = _InputIterator; _Key = VOXEL_LOCATION; _Tp = std::_List_iterator<std::pair<VOXEL_LOCATION, VoxelOctoTree*> >; _Hash = std::hash<VOXEL_LOCATION>; _Pred = std::equal_to<VOXEL_LOCATION>; _Alloc = std::allocator<std::pair<const VOXEL_LOCATION, std::_List_iterator<std::pair<VOXEL_LOCATION, VoxelOctoTree*> > > >][m[K’
[17.515s]   172 |         [01;36m[Kunordered_map[m[K(_InputIterator __first, _InputIterator __last,
[17.515s]       |         [01;36m[K^~~~~~~~~~~~~[m[K
[17.515s] [01m[K/usr/include/c++/11/bits/unordered_map.h:172:9:[m[K [01;36m[Knote: [m[K  template argument deduction/substitution failed:
[17.516s] In file included from [01m[K/home/bxi_nx/ht_ws/src/FAST-LIVO2/include/vio.h:16[m[K,
[17.516s]                  from [01m[K/home/bxi_nx/ht_ws/src/FAST-LIVO2/src/vio.cpp:13[m[K:
[17.516s] [01m[K/home/bxi_nx/ht_ws/src/FAST-LIVO2/include/voxel_map.h:233:42:[m[K [01;36m[Knote: [m[K  candidate expects 6 arguments, 1 provided
[17.516s]   233 |       : config_setting_(config_setting), [01;36m[Kvoxel_map_(voxel_map)[m[K
[17.516s]       |                                          [01;36m[K^~~~~~~~~~~~~~~~~~~~~[m[K
[17.516s] In file included from [01m[K/usr/include/c++/11/unordered_map:47[m[K,
[17.516s]                  from [01m[K/usr/include/c++/11/functional:61[m[K,
[17.516s]                  from [01m[K/usr/include/eigen3/Eigen/Core:85[m[K,
[17.516s]                  from [01m[K/home/bxi_nx/ht_ws/src/FAST-LIVO2/include/utils/so3_math.h:4[m[K,
[17.517s]                  from [01m[K/home/bxi_nx/ht_ws/src/FAST-LIVO2/include/common_lib.h:16[m[K,
[17.517s]                  from [01m[K/home/bxi_nx/ht_ws/src/FAST-LIVO2/include/voxel_map.h:16[m[K,
[17.517s]                  from [01m[K/home/bxi_nx/ht_ws/src/FAST-LIVO2/include/vio.h:16[m[K,
[17.517s]                  from [01m[K/home/bxi_nx/ht_ws/src/FAST-LIVO2/src/vio.cpp:13[m[K:
[17.517s] [01m[K/usr/include/c++/11/bits/unordered_map.h:264:7:[m[K [01;36m[Knote: [m[Kcandidate: ‘[01m[Kstd::unordered_map<_Key, _Tp, _Hash, _Pred, _Alloc>::unordered_map(std::initializer_list<typename std::_Hashtable<_Key, std::pair<const _Key, _Tp>, _Alloc, std::__detail::_Select1st, _Pred, _Hash, std::__detail::_Mod_range_hashing, std::__detail::_Default_ranged_hash, std::__detail::_Prime_rehash_policy, std::__detail::_Hashtable_traits<std::__not_<std::__and_<std::__is_fast_hash<_Hash>, std::__is_nothrow_invocable<const _Hash&, const _Key&> > >::value, false, true> >::value_type>, std::unordered_map<_Key, _Tp, _Hash, _Pred, _Alloc>::size_type, const hasher&, const allocator_type&) [with _Key = VOXEL_LOCATION; _Tp = std::_List_iterator<std::pair<VOXEL_LOCATION, VoxelOctoTree*> >; _Hash = std::hash<VOXEL_LOCATION>; _Pred = std::equal_to<VOXEL_LOCATION>; _Alloc = std::allocator<std::pair<const VOXEL_LOCATION, std::_List_iterator<std::pair<VOXEL_LOCATION, VoxelOctoTree*> > > >; typename std::_Hashtable<_Key, std::pair<const _Key, _Tp>, _Alloc, std::__detail::_Select1st, _Pred, _Hash, std::__detail::_Mod_range_hashing, std::__detail::_Default_ranged_hash, std::__detail::_Prime_rehash_policy, std::__detail::_Hashtable_traits<std::__not_<std::__and_<std::__is_fast_hash<_Hash>, std::__is_nothrow_invocable<const _Hash&, const _Key&> > >::value, false, true> >::value_type = std::pair<const VOXEL_LOCATION, std::_List_iterator<std::pair<VOXEL_LOCATION, VoxelOctoTree*> > >; std::unordered_map<_Key, _Tp, _Hash, _Pred, _Alloc>::size_type = long unsigned int; std::unordered_map<_Key, _Tp, _Hash, _Pred, _Alloc>::hasher = std::hash<VOXEL_LOCATION>; std::unordered_map<_Key, _Tp, _Hash, _Pred, _Alloc>::allocator_type = std::allocator<std::pair<const VOXEL_LOCATION, std::_List_iterator<std::pair<VOXEL_LOCATION, VoxelOctoTree*> > > >][m[K’
[17.518s]   264 |       [01;36m[Kunordered_map[m[K(initializer_list<value_type> __l,
[17.518s]       |       [01;36m[K^~~~~~~~~~~~~[m[K
[17.518s] [01m[K/usr/include/c++/11/bits/unordered_map.h:264:7:[m[K [01;36m[Knote: [m[K  candidate expects 4 arguments, 1 provided
[17.518s] [01m[K/usr/include/c++/11/bits/unordered_map.h:258:7:[m[K [01;36m[Knote: [m[Kcandidate: ‘[01m[Kstd::unordered_map<_Key, _Tp, _Hash, _Pred, _Alloc>::unordered_map(std::initializer_list<typename std::_Hashtable<_Key, std::pair<const _Key, _Tp>, _Alloc, std::__detail::_Select1st, _Pred, _Hash, std::__detail::_Mod_range_hashing, std::__detail::_Default_ranged_hash, std::__detail::_Prime_rehash_policy, std::__detail::_Hashtable_traits<std::__not_<std::__and_<std::__is_fast_hash<_Hash>, std::__is_nothrow_invocable<const _Hash&, const _Key&> > >::value, false, true> >::value_type>, std::unordered_map<_Key, _Tp, _Hash, _Pred, _Alloc>::size_type, const allocator_type&) [with _Key = VOXEL_LOCATION; _Tp = std::_List_iterator<std::pair<VOXEL_LOCATION, VoxelOctoTree*> >; _Hash = std::hash<VOXEL_LOCATION>; _Pred = std::equal_to<VOXEL_LOCATION>; _Alloc = std::allocator<std::pair<const VOXEL_LOCATION, std::_List_iterator<std::pair<VOXEL_LOCATION, VoxelOctoTree*> > > >; typename std::_Hashtable<_Key, std::pair<const _Key, _Tp>, _Alloc, std::__detail::_Select1st, _Pred, _Hash, std::__detail::_Mod_range_hashing, std::__detail::_Default_ranged_hash, std::__detail::_Prime_rehash_policy, std::__detail::_Hashtable_traits<std::__not_<std::__and_<std::__is_fast_hash<_Hash>, std::__is_nothrow_invocable<const _Hash&, const _Key&> > >::value, false, true> >::value_type = std::pair<const VOXEL_LOCATION, std::_List_iterator<std::pair<VOXEL_LOCATION, VoxelOctoTree*> > >; std::unordered_map<_Key, _Tp, _Hash, _Pred, _Alloc>::size_type = long unsigned int; std::unordered_map<_Key, _Tp, _Hash, _Pred, _Alloc>::allocator_type = std::allocator<std::pair<const VOXEL_LOCATION, std::_List_iterator<std::pair<VOXEL_LOCATION, VoxelOctoTree*> > > >][m[K’
[17.519s]   258 |       [01;36m[Kunordered_map[m[K(initializer_list<value_type> __l,
[17.519s]       |       [01;36m[K^~~~~~~~~~~~~[m[K
[17.519s] [01m[K/usr/include/c++/11/bits/unordered_map.h:258:7:[m[K [01;36m[Knote: [m[K  candidate expects 3 arguments, 1 provided
[17.520s] [01m[K/usr/include/c++/11/bits/unordered_map.h:239:7:[m[K [01;36m[Knote: [m[Kcandidate: ‘[01m[Kstd::unordered_map<_Key, _Tp, _Hash, _Pred, _Alloc>::unordered_map(std::unordered_map<_Key, _Tp, _Hash, _Pred, _Alloc>::size_type, const hasher&, const allocator_type&) [with _Key = VOXEL_LOCATION; _Tp = std::_List_iterator<std::pair<VOXEL_LOCATION, VoxelOctoTree*> >; _Hash = std::hash<VOXEL_LOCATION>; _Pred = std::equal_to<VOXEL_LOCATION>; _Alloc = std::allocator<std::pair<const VOXEL_LOCATION, std::_List_iterator<std::pair<VOXEL_LOCATION, VoxelOctoTree*> > > >; std::unordered_map<_Key, _Tp, _Hash, _Pred, _Alloc>::size_type = long unsigned int; std::unordered_map<_Key, _Tp, _Hash, _Pred, _Alloc>::hasher = std::hash<VOXEL_LOCATION>; std::unordered_map<_Key, _Tp, _Hash, _Pred, _Alloc>::allocator_type = std::allocator<std::pair<const VOXEL_LOCATION, std::_List_iterator<std::pair<VOXEL_LOCATION, VoxelOctoTree*> > > >][m[K’
[17.520s]   239 |       [01;36m[Kunordered_map[m[K(size_type __n, const hasher& __hf,
[17.520s]       |       [01;36m[K^~~~~~~~~~~~~[m[K
[17.520s] [01m[K/usr/include/c++/11/bits/unordered_map.h:239:7:[m[K [01;36m[Knote: [m[K  candidate expects 3 arguments, 1 provided
[17.520s] [01m[K/usr/include/c++/11/bits/unordered_map.h:235:7:[m[K [01;36m[Knote: [m[Kcandidate: ‘[01m[Kstd::unordered_map<_Key, _Tp, _Hash, _Pred, _Alloc>::unordered_map(std::unordered_map<_Key, _Tp, _Hash, _Pred, _Alloc>::size_type, const allocator_type&) [with _Key = VOXEL_LOCATION; _Tp = std::_List_iterator<std::pair<VOXEL_LOCATION, VoxelOctoTree*> >; _Hash = std::hash<VOXEL_LOCATION>; _Pred = std::equal_to<VOXEL_LOCATION>; _Alloc = std::allocator<std::pair<const VOXEL_LOCATION, std::_List_iterator<std::pair<VOXEL_LOCATION, VoxelOctoTree*> > > >; std::unordered_map<_Key, _Tp, _Hash, _Pred, _Alloc>::size_type = long unsigned int; std::unordered_map<_Key, _Tp, _Hash, _Pred, _Alloc>::allocator_type = std::allocator<std::pair<const VOXEL_LOCATION, std::_List_iterator<std::pair<VOXEL_LOCATION, VoxelOctoTree*> > > >][m[K’
[17.521s]   235 |       [01;36m[Kunordered_map[m[K(size_type __n, const allocator_type& __a)
[17.521s]       |       [01;36m[K^~~~~~~~~~~~~[m[K
[17.521s] [01m[K/usr/include/c++/11/bits/unordered_map.h:235:7:[m[K [01;36m[Knote: [m[K  candidate expects 2 arguments, 1 provided
[17.521s] [01m[K/usr/include/c++/11/bits/unordered_map.h:227:7:[m[K [01;36m[Knote: [m[Kcandidate: ‘[01m[Kstd::unordered_map<_Key, _Tp, _Hash, _Pred, _Alloc>::unordered_map(std::initializer_list<typename std::_Hashtable<_Key, std::pair<const _Key, _Tp>, _Alloc, std::__detail::_Select1st, _Pred, _Hash, std::__detail::_Mod_range_hashing, std::__detail::_Default_ranged_hash, std::__detail::_Prime_rehash_policy, std::__detail::_Hashtable_traits<std::__not_<std::__and_<std::__is_fast_hash<_Hash>, std::__is_nothrow_invocable<const _Hash&, const _Key&> > >::value, false, true> >::value_type>, std::unordered_map<_Key, _Tp, _Hash, _Pred, _Alloc>::size_type, const hasher&, const key_equal&, const allocator_type&) [with _Key = VOXEL_LOCATION; _Tp = std::_List_iterator<std::pair<VOXEL_LOCATION, VoxelOctoTree*> >; _Hash = std::hash<VOXEL_LOCATION>; _Pred = std::equal_to<VOXEL_LOCATION>; _Alloc = std::allocator<std::pair<const VOXEL_LOCATION, std::_List_iterator<std::pair<VOXEL_LOCATION, VoxelOctoTree*> > > >; typename std::_Hashtable<_Key, std::pair<const _Key, _Tp>, _Alloc, std::__detail::_Select1st, _Pred, _Hash, std::__detail::_Mod_range_hashing, std::__detail::_Default_ranged_hash, std::__detail::_Prime_rehash_policy, std::__detail::_Hashtable_traits<std::__not_<std::__and_<std::__is_fast_hash<_Hash>, std::__is_nothrow_invocable<const _Hash&, const _Key&> > >::value, false, true> >::value_type = std::pair<const VOXEL_LOCATION, std::_List_iterator<std::pair<VOXEL_LOCATION, VoxelOctoTree*> > >; std::unordered_map<_Key, _Tp, _Hash, _Pred, _Alloc>::size_type = long unsigned int; std::unordered_map<_Key, _Tp, _Hash, _Pred, _Alloc>::hasher = std::hash<VOXEL_LOCATION>; std::unordered_map<_Key, _Tp, _Hash, _Pred, _Alloc>::key_equal = std::equal_to<VOXEL_LOCATION>; std::unordered_map<_Key, _Tp, _Hash, _Pred, _Alloc>::allocator_type = std::allocator<std::pair<const VOXEL_LOCATION, std::_List_iterator<std::pair<VOXEL_LOCATION, VoxelOctoTree*> > > >][m[K’
[17.521s]   227 |       [01;36m[Kunordered_map[m[K(initializer_list<value_type> __l,
[17.521s]       |       [01;36m[K^~~~~~~~~~~~~[m[K
[17.521s] [01m[K/usr/include/c++/11/bits/unordered_map.h:227:50:[m[K [01;36m[Knote: [m[K  no known conversion for argument 1 from ‘[01m[Kstd::unordered_map<VOXEL_LOCATION, VoxelOctoTree*>[m[K’ to ‘[01m[Kstd::initializer_list<std::pair<const VOXEL_LOCATION, std::_List_iterator<std::pair<VOXEL_LOCATION, VoxelOctoTree*> > > >[m[K’
[17.521s]   227 |       unordered_map([01;36m[Kinitializer_list<value_type> __l[m[K,
[17.521s]       |                     [01;36m[K~~~~~~~~~~~~~~~~~~~~~~~~~~~~~^~~[m[K
[17.522s] [01m[K/usr/include/c++/11/bits/unordered_map.h:210:7:[m[K [01;36m[Knote: [m[Kcandidate: ‘[01m[Kstd::unordered_map<_Key, _Tp, _Hash, _Pred, _Alloc>::unordered_map(std::unordered_map<_Key, _Tp, _Hash, _Pred, _Alloc>&&, const allocator_type&) [with _Key = VOXEL_LOCATION; _Tp = std::_List_iterator<std::pair<VOXEL_LOCATION, VoxelOctoTree*> >; _Hash = std::hash<VOXEL_LOCATION>; _Pred = std::equal_to<VOXEL_LOCATION>; _Alloc = std::allocator<std::pair<const VOXEL_LOCATION, std::_List_iterator<std::pair<VOXEL_LOCATION, VoxelOctoTree*> > > >; std::unordered_map<_Key, _Tp, _Hash, _Pred, _Alloc>::allocator_type = std::allocator<std::pair<const VOXEL_LOCATION, std::_List_iterator<std::pair<VOXEL_LOCATION, VoxelOctoTree*> > > >][m[K’
[17.522s]   210 |       [01;36m[Kunordered_map[m[K(unordered_map&& __umap,
[17.522s]       |       [01;36m[K^~~~~~~~~~~~~[m[K
[17.522s] [01m[K/usr/include/c++/11/bits/unordered_map.h:210:7:[m[K [01;36m[Knote: [m[K  candidate expects 2 arguments, 1 provided
[17.522s] [01m[K/usr/include/c++/11/bits/unordered_map.h:200:7:[m[K [01;36m[Knote: [m[Kcandidate: ‘[01m[Kstd::unordered_map<_Key, _Tp, _Hash, _Pred, _Alloc>::unordered_map(const std::unordered_map<_Key, _Tp, _Hash, _Pred, _Alloc>&, const allocator_type&) [with _Key = VOXEL_LOCATION; _Tp = std::_List_iterator<std::pair<VOXEL_LOCATION, VoxelOctoTree*> >; _Hash = std::hash<VOXEL_LOCATION>; _Pred = std::equal_to<VOXEL_LOCATION>; _Alloc = std::allocator<std::pair<const VOXEL_LOCATION, std::_List_iterator<std::pair<VOXEL_LOCATION, VoxelOctoTree*> > > >; std::unordered_map<_Key, _Tp, _Hash, _Pred, _Alloc>::allocator_type = std::allocator<std::pair<const VOXEL_LOCATION, std::_List_iterator<std::pair<VOXEL_LOCATION, VoxelOctoTree*> > > >][m[K’
[17.524s]   200 |       [01;36m[Kunordered_map[m[K(const unordered_map& __umap,
[17.526s]       |       [01;36m[K^~~~~~~~~~~~~[m[K
[17.526s] [01m[K/usr/include/c++/11/bits/unordered_map.h:200:7:[m[K [01;36m[Knote: [m[K  candidate expects 2 arguments, 1 provided
[17.526s] [01m[K/usr/include/c++/11/bits/unordered_map.h:191:7:[m[K [01;36m[Knote: [m[Kcandidate: ‘[01m[Kstd::unordered_map<_Key, _Tp, _Hash, _Pred, _Alloc>::unordered_map(const allocator_type&) [with _Key = VOXEL_LOCATION; _Tp = std::_List_iterator<std::pair<VOXEL_LOCATION, VoxelOctoTree*> >; _Hash = std::hash<VOXEL_LOCATION>; _Pred = std::equal_to<VOXEL_LOCATION>; _Alloc = std::allocator<std::pair<const VOXEL_LOCATION, std::_List_iterator<std::pair<VOXEL_LOCATION, VoxelOctoTree*> > > >; std::unordered_map<_Key, _Tp, _Hash, _Pred, _Alloc>::allocator_type = std::allocator<std::pair<const VOXEL_LOCATION, std::_List_iterator<std::pair<VOXEL_LOCATION, VoxelOctoTree*> > > >][m[K’
[17.526s]   191 |       [01;36m[Kunordered_map[m[K(const allocator_type& __a)
[17.527s]       |       [01;36m[K^~~~~~~~~~~~~[m[K
[17.528s] [01m[K/usr/include/c++/11/bits/unordered_map.h:191:43:[m[K [01;36m[Knote: [m[K  no known conversion for argument 1 from ‘[01m[Kstd::unordered_map<VOXEL_LOCATION, VoxelOctoTree*>[m[K’ to ‘[01m[Kconst allocator_type&[m[K’ {aka ‘[01m[Kconst std::allocator<std::pair<const VOXEL_LOCATION, std::_List_iterator<std::pair<VOXEL_LOCATION, VoxelOctoTree*> > > >&[m[K’}
[17.528s]   191 |       unordered_map([01;36m[Kconst allocator_type& __a[m[K)
[17.528s]       |                     [01;36m[K~~~~~~~~~~~~~~~~~~~~~~^~~[m[K
[17.529s] [01m[K/usr/include/c++/11/bits/unordered_map.h:184:7:[m[K [01;36m[Knote: [m[Kcandidate: ‘[01m[Kstd::unordered_map<_Key, _Tp, _Hash, _Pred, _Alloc>::unordered_map(std::unordered_map<_Key, _Tp, _Hash, _Pred, _Alloc>&&) [with _Key = VOXEL_LOCATION; _Tp = std::_List_iterator<std::pair<VOXEL_LOCATION, VoxelOctoTree*> >; _Hash = std::hash<VOXEL_LOCATION>; _Pred = std::equal_to<VOXEL_LOCATION>; _Alloc = std::allocator<std::pair<const VOXEL_LOCATION, std::_List_iterator<std::pair<VOXEL_LOCATION, VoxelOctoTree*> > > >][m[K’
[17.529s]   184 |       [01;36m[Kunordered_map[m[K(unordered_map&&) = default;
[17.529s]       |       [01;36m[K^~~~~~~~~~~~~[m[K
[17.529s] [01m[K/usr/include/c++/11/bits/unordered_map.h:184:21:[m[K [01;36m[Knote: [m[K  no known conversion for argument 1 from ‘[01m[Kstd::unordered_map<VOXEL_LOCATION, VoxelOctoTree*>[m[K’ to ‘[01m[Kstd::unordered_map<VOXEL_LOCATION, std::_List_iterator<std::pair<VOXEL_LOCATION, VoxelOctoTree*> > >&&[m[K’
[17.529s]   184 |       unordered_map([01;36m[Kunordered_map&&[m[K) = default;
[17.529s]       |                     [01;36m[K^~~~~~~~~~~~~~~[m[K
[17.529s] [01m[K/usr/include/c++/11/bits/unordered_map.h:181:7:[m[K [01;36m[Knote: [m[Kcandidate: ‘[01m[Kstd::unordered_map<_Key, _Tp, _Hash, _Pred, _Alloc>::unordered_map(const std::unordered_map<_Key, _Tp, _Hash, _Pred, _Alloc>&) [with _Key = VOXEL_LOCATION; _Tp = std::_List_iterator<std::pair<VOXEL_LOCATION, VoxelOctoTree*> >; _Hash = std::hash<VOXEL_LOCATION>; _Pred = std::equal_to<VOXEL_LOCATION>; _Alloc = std::allocator<std::pair<const VOXEL_LOCATION, std::_List_iterator<std::pair<VOXEL_LOCATION, VoxelOctoTree*> > > >][m[K’
[17.529s]   181 |       [01;36m[Kunordered_map[m[K(const unordered_map&) = default;
[17.529s]       |       [01;36m[K^~~~~~~~~~~~~[m[K
[17.530s] [01m[K/usr/include/c++/11/bits/unordered_map.h:181:21:[m[K [01;36m[Knote: [m[K  no known conversion for argument 1 from ‘[01m[Kstd::unordered_map<VOXEL_LOCATION, VoxelOctoTree*>[m[K’ to ‘[01m[Kconst std::unordered_map<VOXEL_LOCATION, std::_List_iterator<std::pair<VOXEL_LOCATION, VoxelOctoTree*> > >&[m[K’
[17.530s]   181 |       unordered_map([01;36m[Kconst unordered_map&[m[K) = default;
[17.530s]       |                     [01;36m[K^~~~~~~~~~~~~~~~~~~~[m[K
[17.530s] [01m[K/usr/include/c++/11/bits/unordered_map.h:151:7:[m[K [01;36m[Knote: [m[Kcandidate: ‘[01m[Kstd::unordered_map<_Key, _Tp, _Hash, _Pred, _Alloc>::unordered_map(std::unordered_map<_Key, _Tp, _Hash, _Pred, _Alloc>::size_type, const hasher&, const key_equal&, const allocator_type&) [with _Key = VOXEL_LOCATION; _Tp = std::_List_iterator<std::pair<VOXEL_LOCATION, VoxelOctoTree*> >; _Hash = std::hash<VOXEL_LOCATION>; _Pred = std::equal_to<VOXEL_LOCATION>; _Alloc = std::allocator<std::pair<const VOXEL_LOCATION, std::_List_iterator<std::pair<VOXEL_LOCATION, VoxelOctoTree*> > > >; std::unordered_map<_Key, _Tp, _Hash, _Pred, _Alloc>::size_type = long unsigned int; std::unordered_map<_Key, _Tp, _Hash, _Pred, _Alloc>::hasher = std::hash<VOXEL_LOCATION>; std::unordered_map<_Key, _Tp, _Hash, _Pred, _Alloc>::key_equal = std::equal_to<VOXEL_LOCATION>; std::unordered_map<_Key, _Tp, _Hash, _Pred, _Alloc>::allocator_type = std::allocator<std::pair<const VOXEL_LOCATION, std::_List_iterator<std::pair<VOXEL_LOCATION, VoxelOctoTree*> > > >][m[K’
[17.530s]   151 |       [01;36m[Kunordered_map[m[K(size_type __n,
[17.530s]       |       [01;36m[K^~~~~~~~~~~~~[m[K
[17.530s] [01m[K/usr/include/c++/11/bits/unordered_map.h:151:31:[m[K [01;36m[Knote: [m[K  no known conversion for argument 1 from ‘[01m[Kstd::unordered_map<VOXEL_LOCATION, VoxelOctoTree*>[m[K’ to ‘[01m[Kstd::unordered_map<VOXEL_LOCATION, std::_List_iterator<std::pair<VOXEL_LOCATION, VoxelOctoTree*> > >::size_type[m[K’ {aka ‘[01m[Klong unsigned int[m[K’}
[17.530s]   151 |       unordered_map([01;36m[Ksize_type __n[m[K,
[17.530s]       |                     [01;36m[K~~~~~~~~~~^~~[m[K
[17.530s] [01m[K/usr/include/c++/11/bits/unordered_map.h:141:7:[m[K [01;36m[Knote: [m[Kcandidate: ‘[01m[Kstd::unordered_map<_Key, _Tp, _Hash, _Pred, _Alloc>::unordered_map() [with _Key = VOXEL_LOCATION; _Tp = std::_List_iterator<std::pair<VOXEL_LOCATION, VoxelOctoTree*> >; _Hash = std::hash<VOXEL_LOCATION>; _Pred = std::equal_to<VOXEL_LOCATION>; _Alloc = std::allocator<std::pair<const VOXEL_LOCATION, std::_List_iterator<std::pair<VOXEL_LOCATION, VoxelOctoTree*> > > >][m[K’
[17.531s]   141 |       [01;36m[Kunordered_map[m[K() = default;
[17.531s]       |       [01;36m[K^~~~~~~~~~~~~[m[K
[17.531s] [01m[K/usr/include/c++/11/bits/unordered_map.h:141:7:[m[K [01;36m[Knote: [m[K  candidate expects 0 arguments, 1 provided
[17.531s] In file included from [01m[K/home/bxi_nx/ht_ws/src/FAST-LIVO2/include/vio.h:16[m[K,
[17.531s]                  from [01m[K/home/bxi_nx/ht_ws/src/FAST-LIVO2/include/LIVMapper.h:17[m[K,
[17.531s]                  from [01m[K/home/bxi_nx/ht_ws/src/FAST-LIVO2/src/LIVMapper.cpp:13[m[K:
[17.531s] [01m[K/home/bxi_nx/ht_ws/src/FAST-LIVO2/include/voxel_map.h:[m[K In constructor ‘[01m[KVoxelMapManager::VoxelMapManager(VoxelMapConfig&, std::unordered_map<VOXEL_LOCATION, VoxelOctoTree*>&)[m[K’:
[17.531s] [01m[K/home/bxi_nx/ht_ws/src/FAST-LIVO2/include/voxel_map.h:233:42:[m[K [01;31m[Kerror: [m[Kno matching function for call to ‘[01m[Kstd::unordered_map<VOXEL_LOCATION, std::_List_iterator<std::pair<VOXEL_LOCATION, VoxelOctoTree*> > >::unordered_map(std::unordered_map<VOXEL_LOCATION, VoxelOctoTree*>&)[m[K’
[17.531s]   233 |       : config_setting_(config_setting), [01;31m[Kvoxel_map_(voxel_map)[m[K
[17.532s]       |                                          [01;31m[K^~~~~~~~~~~~~~~~~~~~~[m[K
[17.532s] In file included from [01m[K/usr/include/c++/11/unordered_map:47[m[K,
[17.532s]                  from [01m[K/usr/include/c++/11/functional:61[m[K,
[17.532s]                  from [01m[K/usr/include/eigen3/Eigen/Core:85[m[K,
[17.532s]                  from [01m[K/usr/include/eigen3/Eigen/Dense:1[m[K,
[17.532s]                  from [01m[K/usr/include/eigen3/Eigen/Eigen:1[m[K,
[17.532s]                  from [01m[K/home/bxi_nx/ht_ws/src/FAST-LIVO2/include/IMU_Processing.h:16[m[K,
[17.532s]                  from [01m[K/home/bxi_nx/ht_ws/src/FAST-LIVO2/include/LIVMapper.h:16[m[K,
[17.532s]                  from [01m[K/home/bxi_nx/ht_ws/src/FAST-LIVO2/src/LIVMapper.cpp:13[m[K:
[17.532s] [01m[K/usr/include/c++/11/bits/unordered_map.h:252:9:[m[K [01;36m[Knote: [m[Kcandidate: ‘[01m[Ktemplate<class _InputIterator> std::unordered_map<_Key, _Tp, _Hash, _Pred, _Alloc>::unordered_map(_InputIterator, _InputIterator, std::unordered_map<_Key, _Tp, _Hash, _Pred, _Alloc>::size_type, const hasher&, const allocator_type&) [with _InputIterator = _InputIterator; _Key = VOXEL_LOCATION; _Tp = std::_List_iterator<std::pair<VOXEL_LOCATION, VoxelOctoTree*> >; _Hash = std::hash<VOXEL_LOCATION>; _Pred = std::equal_to<VOXEL_LOCATION>; _Alloc = std::allocator<std::pair<const VOXEL_LOCATION, std::_List_iterator<std::pair<VOXEL_LOCATION, VoxelOctoTree*> > > >][m[K’
[17.533s]   252 |         [01;36m[Kunordered_map[m[K(_InputIterator __first, _InputIterator __last,
[17.533s]       |         [01;36m[K^~~~~~~~~~~~~[m[K
[17.533s] [01m[K/usr/include/c++/11/bits/unordered_map.h:252:9:[m[K [01;36m[Knote: [m[K  template argument deduction/substitution failed:
[17.533s] In file included from [01m[K/home/bxi_nx/ht_ws/src/FAST-LIVO2/include/vio.h:16[m[K,
[17.533s]                  from [01m[K/home/bxi_nx/ht_ws/src/FAST-LIVO2/include/LIVMapper.h:17[m[K,
[17.533s]                  from [01m[K/home/bxi_nx/ht_ws/src/FAST-LIVO2/src/LIVMapper.cpp:13[m[K:
[17.533s] [01m[K/home/bxi_nx/ht_ws/src/FAST-LIVO2/include/voxel_map.h:233:42:[m[K [01;36m[Knote: [m[K  candidate expects 5 arguments, 1 provided
[17.533s]   233 |       : config_setting_(config_setting), [01;36m[Kvoxel_map_(voxel_map)[m[K
[17.533s]       |                                          [01;36m[K^~~~~~~~~~~~~~~~~~~~~[m[K
[17.533s] In file included from [01m[K/usr/include/c++/11/unordered_map:47[m[K,
[17.534s]                  from [01m[K/usr/include/c++/11/functional:61[m[K,
[17.534s]                  from [01m[K/usr/include/eigen3/Eigen/Core:85[m[K,
[17.534s]                  from [01m[K/usr/include/eigen3/Eigen/Dense:1[m[K,
[17.534s]                  from [01m[K/usr/include/eigen3/Eigen/Eigen:1[m[K,
[17.534s]                  from [01m[K/home/bxi_nx/ht_ws/src/FAST-LIVO2/include/IMU_Processing.h:16[m[K,
[17.534s]                  from [01m[K/home/bxi_nx/ht_ws/src/FAST-LIVO2/include/LIVMapper.h:16[m[K,
[17.534s]                  from [01m[K/home/bxi_nx/ht_ws/src/FAST-LIVO2/src/LIVMapper.cpp:13[m[K:
[17.534s] [01m[K/usr/include/c++/11/bits/unordered_map.h:245:9:[m[K [01;36m[Knote: [m[Kcandidate: ‘[01m[Ktemplate<class _InputIterator> std::unordered_map<_Key, _Tp, _Hash, _Pred, _Alloc>::unordered_map(_InputIterator, _InputIterator, std::unordered_map<_Key, _Tp, _Hash, _Pred, _Alloc>::size_type, const allocator_type&) [with _InputIterator = _InputIterator; _Key = VOXEL_LOCATION; _Tp = std::_List_iterator<std::pair<VOXEL_LOCATION, VoxelOctoTree*> >; _Hash = std::hash<VOXEL_LOCATION>; _Pred = std::equal_to<VOXEL_LOCATION>; _Alloc = std::allocator<std::pair<const VOXEL_LOCATION, std::_List_iterator<std::pair<VOXEL_LOCATION, VoxelOctoTree*> > > >][m[K’
[17.534s]   245 |         [01;36m[Kunordered_map[m[K(_InputIterator __first, _InputIterator __last,
[17.534s]       |         [01;36m[K^~~~~~~~~~~~~[m[K
[17.534s] [01m[K/usr/include/c++/11/bits/unordered_map.h:245:9:[m[K [01;36m[Knote: [m[K  template argument deduction/substitution failed:
[17.535s] In file included from [01m[K/home/bxi_nx/ht_ws/src/FAST-LIVO2/include/vio.h:16[m[K,
[17.535s]                  from [01m[K/home/bxi_nx/ht_ws/src/FAST-LIVO2/include/LIVMapper.h:17[m[K,
[17.535s]                  from [01m[K/home/bxi_nx/ht_ws/src/FAST-LIVO2/src/LIVMapper.cpp:13[m[K:
[17.535s] [01m[K/home/bxi_nx/ht_ws/src/FAST-LIVO2/include/voxel_map.h:233:42:[m[K [01;36m[Knote: [m[K  candidate expects 4 arguments, 1 provided
[17.535s]   233 |       : config_setting_(config_setting), [01;36m[Kvoxel_map_(voxel_map)[m[K
[17.535s]       |                                          [01;36m[K^~~~~~~~~~~~~~~~~~~~~[m[K
[17.535s] In file included from [01m[K/usr/include/c++/11/unordered_map:47[m[K,
[17.535s]                  from [01m[K/usr/include/c++/11/functional:61[m[K,
[17.535s]                  from [01m[K/usr/include/eigen3/Eigen/Core:85[m[K,
[17.535s]                  from [01m[K/usr/include/eigen3/Eigen/Dense:1[m[K,
[17.535s]                  from [01m[K/usr/include/eigen3/Eigen/Eigen:1[m[K,
[17.536s]                  from [01m[K/home/bxi_nx/ht_ws/src/FAST-LIVO2/include/IMU_Processing.h:16[m[K,
[17.536s]                  from [01m[K/home/bxi_nx/ht_ws/src/FAST-LIVO2/include/LIVMapper.h:16[m[K,
[17.536s]                  from [01m[K/home/bxi_nx/ht_ws/src/FAST-LIVO2/src/LIVMapper.cpp:13[m[K:
[17.536s] [01m[K/usr/include/c++/11/bits/unordered_map.h:172:9:[m[K [01;36m[Knote: [m[Kcandidate: ‘[01m[Ktemplate<class _InputIterator> std::unordered_map<_Key, _Tp, _Hash, _Pred, _Alloc>::unordered_map(_InputIterator, _InputIterator, std::unordered_map<_Key, _Tp, _Hash, _Pred, _Alloc>::size_type, const hasher&, const key_equal&, const allocator_type&) [with _InputIterator = _InputIterator; _Key = VOXEL_LOCATION; _Tp = std::_List_iterator<std::pair<VOXEL_LOCATION, VoxelOctoTree*> >; _Hash = std::hash<VOXEL_LOCATION>; _Pred = std::equal_to<VOXEL_LOCATION>; _Alloc = std::allocator<std::pair<const VOXEL_LOCATION, std::_List_iterator<std::pair<VOXEL_LOCATION, VoxelOctoTree*> > > >][m[K’
[17.536s]   172 |         [01;36m[Kunordered_map[m[K(_InputIterator __first, _InputIterator __last,
[17.536s]       |         [01;36m[K^~~~~~~~~~~~~[m[K
[17.536s] [01m[K/usr/include/c++/11/bits/unordered_map.h:172:9:[m[K [01;36m[Knote: [m[K  template argument deduction/substitution failed:
[17.536s] In file included from [01m[K/home/bxi_nx/ht_ws/src/FAST-LIVO2/include/vio.h:16[m[K,
[17.536s]                  from [01m[K/home/bxi_nx/ht_ws/src/FAST-LIVO2/include/LIVMapper.h:17[m[K,
[17.536s]                  from [01m[K/home/bxi_nx/ht_ws/src/FAST-LIVO2/src/LIVMapper.cpp:13[m[K:
[17.537s] [01m[K/home/bxi_nx/ht_ws/src/FAST-LIVO2/include/voxel_map.h:233:42:[m[K [01;36m[Knote: [m[K  candidate expects 6 arguments, 1 provided
[17.537s]   233 |       : config_setting_(config_setting), [01;36m[Kvoxel_map_(voxel_map)[m[K
[17.537s]       |                                          [01;36m[K^~~~~~~~~~~~~~~~~~~~~[m[K
[17.537s] In file included from [01m[K/usr/include/c++/11/unordered_map:47[m[K,
[17.537s]                  from [01m[K/usr/include/c++/11/functional:61[m[K,
[17.537s]                  from [01m[K/usr/include/eigen3/Eigen/Core:85[m[K,
[17.537s]                  from [01m[K/usr/include/eigen3/Eigen/Dense:1[m[K,
[17.537s]                  from [01m[K/usr/include/eigen3/Eigen/Eigen:1[m[K,
[17.537s]                  from [01m[K/home/bxi_nx/ht_ws/src/FAST-LIVO2/include/IMU_Processing.h:16[m[K,
[17.537s]                  from [01m[K/home/bxi_nx/ht_ws/src/FAST-LIVO2/include/LIVMapper.h:16[m[K,
[17.537s]                  from [01m[K/home/bxi_nx/ht_ws/src/FAST-LIVO2/src/LIVMapper.cpp:13[m[K:
[17.538s] [01m[K/usr/include/c++/11/bits/unordered_map.h:264:7:[m[K [01;36m[Knote: [m[Kcandidate: ‘[01m[Kstd::unordered_map<_Key, _Tp, _Hash, _Pred, _Alloc>::unordered_map(std::initializer_list<typename std::_Hashtable<_Key, std::pair<const _Key, _Tp>, _Alloc, std::__detail::_Select1st, _Pred, _Hash, std::__detail::_Mod_range_hashing, std::__detail::_Default_ranged_hash, std::__detail::_Prime_rehash_policy, std::__detail::_Hashtable_traits<std::__not_<std::__and_<std::__is_fast_hash<_Hash>, std::__is_nothrow_invocable<const _Hash&, const _Key&> > >::value, false, true> >::value_type>, std::unordered_map<_Key, _Tp, _Hash, _Pred, _Alloc>::size_type, const hasher&, const allocator_type&) [with _Key = VOXEL_LOCATION; _Tp = std::_List_iterator<std::pair<VOXEL_LOCATION, VoxelOctoTree*> >; _Hash = std::hash<VOXEL_LOCATION>; _Pred = std::equal_to<VOXEL_LOCATION>; _Alloc = std::allocator<std::pair<const VOXEL_LOCATION, std::_List_iterator<std::pair<VOXEL_LOCATION, VoxelOctoTree*> > > >; typename std::_Hashtable<_Key, std::pair<const _Key, _Tp>, _Alloc, std::__detail::_Select1st, _Pred, _Hash, std::__detail::_Mod_range_hashing, std::__detail::_Default_ranged_hash, std::__detail::_Prime_rehash_policy, std::__detail::_Hashtable_traits<std::__not_<std::__and_<std::__is_fast_hash<_Hash>, std::__is_nothrow_invocable<const _Hash&, const _Key&> > >::value, false, true> >::value_type = std::pair<const VOXEL_LOCATION, std::_List_iterator<std::pair<VOXEL_LOCATION, VoxelOctoTree*> > >; std::unordered_map<_Key, _Tp, _Hash, _Pred, _Alloc>::size_type = long unsigned int; std::unordered_map<_Key, _Tp, _Hash, _Pred, _Alloc>::hasher = std::hash<VOXEL_LOCATION>; std::unordered_map<_Key, _Tp, _Hash, _Pred, _Alloc>::allocator_type = std::allocator<std::pair<const VOXEL_LOCATION, std::_List_iterator<std::pair<VOXEL_LOCATION, VoxelOctoTree*> > > >][m[K’
[17.538s]   264 |       [01;36m[Kunordered_map[m[K(initializer_list<value_type> __l,
[17.538s]       |       [01;36m[K^~~~~~~~~~~~~[m[K
[17.538s] [01m[K/usr/include/c++/11/bits/unordered_map.h:264:7:[m[K [01;36m[Knote: [m[K  candidate expects 4 arguments, 1 provided
[17.538s] [01m[K/usr/include/c++/11/bits/unordered_map.h:258:7:[m[K [01;36m[Knote: [m[Kcandidate: ‘[01m[Kstd::unordered_map<_Key, _Tp, _Hash, _Pred, _Alloc>::unordered_map(std::initializer_list<typename std::_Hashtable<_Key, std::pair<const _Key, _Tp>, _Alloc, std::__detail::_Select1st, _Pred, _Hash, std::__detail::_Mod_range_hashing, std::__detail::_Default_ranged_hash, std::__detail::_Prime_rehash_policy, std::__detail::_Hashtable_traits<std::__not_<std::__and_<std::__is_fast_hash<_Hash>, std::__is_nothrow_invocable<const _Hash&, const _Key&> > >::value, false, true> >::value_type>, std::unordered_map<_Key, _Tp, _Hash, _Pred, _Alloc>::size_type, const allocator_type&) [with _Key = VOXEL_LOCATION; _Tp = std::_List_iterator<std::pair<VOXEL_LOCATION, VoxelOctoTree*> >; _Hash = std::hash<VOXEL_LOCATION>; _Pred = std::equal_to<VOXEL_LOCATION>; _Alloc = std::allocator<std::pair<const VOXEL_LOCATION, std::_List_iterator<std::pair<VOXEL_LOCATION, VoxelOctoTree*> > > >; typename std::_Hashtable<_Key, std::pair<const _Key, _Tp>, _Alloc, std::__detail::_Select1st, _Pred, _Hash, std::__detail::_Mod_range_hashing, std::__detail::_Default_ranged_hash, std::__detail::_Prime_rehash_policy, std::__detail::_Hashtable_traits<std::__not_<std::__and_<std::__is_fast_hash<_Hash>, std::__is_nothrow_invocable<const _Hash&, const _Key&> > >::value, false, true> >::value_type = std::pair<const VOXEL_LOCATION, std::_List_iterator<std::pair<VOXEL_LOCATION, VoxelOctoTree*> > >; std::unordered_map<_Key, _Tp, _Hash, _Pred, _Alloc>::size_type = long unsigned int; std::unordered_map<_Key, _Tp, _Hash, _Pred, _Alloc>::allocator_type = std::allocator<std::pair<const VOXEL_LOCATION, std::_List_iterator<std::pair<VOXEL_LOCATION, VoxelOctoTree*> > > >][m[K’
[17.538s]   258 |       [01;36m[Kunordered_map[m[K(initializer_list<value_type> __l,
[17.538s]       |       [01;36m[K^~~~~~~~~~~~~[m[K
[17.538s] [01m[K/usr/include/c++/11/bits/unordered_map.h:258:7:[m[K [01;36m[Knote: [m[K  candidate expects 3 arguments, 1 provided
[17.539s] [01m[K/usr/include/c++/11/bits/unordered_map.h:239:7:[m[K [01;36m[Knote: [m[Kcandidate: ‘[01m[Kstd::unordered_map<_Key, _Tp, _Hash, _Pred, _Alloc>::unordered_map(std::unordered_map<_Key, _Tp, _Hash, _Pred, _Alloc>::size_type, const hasher&, const allocator_type&) [with _Key = VOXEL_LOCATION; _Tp = std::_List_iterator<std::pair<VOXEL_LOCATION, VoxelOctoTree*> >; _Hash = std::hash<VOXEL_LOCATION>; _Pred = std::equal_to<VOXEL_LOCATION>; _Alloc = std::allocator<std::pair<const VOXEL_LOCATION, std::_List_iterator<std::pair<VOXEL_LOCATION, VoxelOctoTree*> > > >; std::unordered_map<_Key, _Tp, _Hash, _Pred, _Alloc>::size_type = long unsigned int; std::unordered_map<_Key, _Tp, _Hash, _Pred, _Alloc>::hasher = std::hash<VOXEL_LOCATION>; std::unordered_map<_Key, _Tp, _Hash, _Pred, _Alloc>::allocator_type = std::allocator<std::pair<const VOXEL_LOCATION, std::_List_iterator<std::pair<VOXEL_LOCATION, VoxelOctoTree*> > > >][m[K’
[17.539s]   239 |       [01;36m[Kunordered_map[m[K(size_type __n, const hasher& __hf,
[17.539s]       |       [01;36m[K^~~~~~~~~~~~~[m[K
[17.539s] [01m[K/usr/include/c++/11/bits/unordered_map.h:239:7:[m[K [01;36m[Knote: [m[K  candidate expects 3 arguments, 1 provided
[17.539s] [01m[K/usr/include/c++/11/bits/unordered_map.h:235:7:[m[K [01;36m[Knote: [m[Kcandidate: ‘[01m[Kstd::unordered_map<_Key, _Tp, _Hash, _Pred, _Alloc>::unordered_map(std::unordered_map<_Key, _Tp, _Hash, _Pred, _Alloc>::size_type, const allocator_type&) [with _Key = VOXEL_LOCATION; _Tp = std::_List_iterator<std::pair<VOXEL_LOCATION, VoxelOctoTree*> >; _Hash = std::hash<VOXEL_LOCATION>; _Pred = std::equal_to<VOXEL_LOCATION>; _Alloc = std::allocator<std::pair<const VOXEL_LOCATION, std::_List_iterator<std::pair<VOXEL_LOCATION, VoxelOctoTree*> > > >; std::unordered_map<_Key, _Tp, _Hash, _Pred, _Alloc>::size_type = long unsigned int; std::unordered_map<_Key, _Tp, _Hash, _Pred, _Alloc>::allocator_type = std::allocator<std::pair<const VOXEL_LOCATION, std::_List_iterator<std::pair<VOXEL_LOCATION, VoxelOctoTree*> > > >][m[K’
[17.539s]   235 |       [01;36m[Kunordered_map[m[K(size_type __n, const allocator_type& __a)
[17.539s]       |       [01;36m[K^~~~~~~~~~~~~[m[K
[17.539s] [01m[K/usr/include/c++/11/bits/unordered_map.h:235:7:[m[K [01;36m[Knote: [m[K  candidate expects 2 arguments, 1 provided
[17.539s] [01m[K/usr/include/c++/11/bits/unordered_map.h:227:7:[m[K [01;36m[Knote: [m[Kcandidate: ‘[01m[Kstd::unordered_map<_Key, _Tp, _Hash, _Pred, _Alloc>::unordered_map(std::initializer_list<typename std::_Hashtable<_Key, std::pair<const _Key, _Tp>, _Alloc, std::__detail::_Select1st, _Pred, _Hash, std::__detail::_Mod_range_hashing, std::__detail::_Default_ranged_hash, std::__detail::_Prime_rehash_policy, std::__detail::_Hashtable_traits<std::__not_<std::__and_<std::__is_fast_hash<_Hash>, std::__is_nothrow_invocable<const _Hash&, const _Key&> > >::value, false, true> >::value_type>, std::unordered_map<_Key, _Tp, _Hash, _Pred, _Alloc>::size_type, const hasher&, const key_equal&, const allocator_type&) [with _Key = VOXEL_LOCATION; _Tp = std::_List_iterator<std::pair<VOXEL_LOCATION, VoxelOctoTree*> >; _Hash = std::hash<VOXEL_LOCATION>; _Pred = std::equal_to<VOXEL_LOCATION>; _Alloc = std::allocator<std::pair<const VOXEL_LOCATION, std::_List_iterator<std::pair<VOXEL_LOCATION, VoxelOctoTree*> > > >; typename std::_Hashtable<_Key, std::pair<const _Key, _Tp>, _Alloc, std::__detail::_Select1st, _Pred, _Hash, std::__detail::_Mod_range_hashing, std::__detail::_Default_ranged_hash, std::__detail::_Prime_rehash_policy, std::__detail::_Hashtable_traits<std::__not_<std::__and_<std::__is_fast_hash<_Hash>, std::__is_nothrow_invocable<const _Hash&, const _Key&> > >::value, false, true> >::value_type = std::pair<const VOXEL_LOCATION, std::_List_iterator<std::pair<VOXEL_LOCATION, VoxelOctoTree*> > >; std::unordered_map<_Key, _Tp, _Hash, _Pred, _Alloc>::size_type = long unsigned int; std::unordered_map<_Key, _Tp, _Hash, _Pred, _Alloc>::hasher = std::hash<VOXEL_LOCATION>; std::unordered_map<_Key, _Tp, _Hash, _Pred, _Alloc>::key_equal = std::equal_to<VOXEL_LOCATION>; std::unordered_map<_Key, _Tp, _Hash, _Pred, _Alloc>::allocator_type = std::allocator<std::pair<const VOXEL_LOCATION, std::_List_iterator<std::pair<VOXEL_LOCATION, VoxelOctoTree*> > > >][m[K’
[17.539s]   227 |       [01;36m[Kunordered_map[m[K(initializer_list<value_type> __l,
[17.540s]       |       [01;36m[K^~~~~~~~~~~~~[m[K
[17.540s] [01m[K/usr/include/c++/11/bits/unordered_map.h:227:50:[m[K [01;36m[Knote: [m[K  no known conversion for argument 1 from ‘[01m[Kstd::unordered_map<VOXEL_LOCATION, VoxelOctoTree*>[m[K’ to ‘[01m[Kstd::initializer_list<std::pair<const VOXEL_LOCATION, std::_List_iterator<std::pair<VOXEL_LOCATION, VoxelOctoTree*> > > >[m[K’
[17.540s]   227 |       unordered_map([01;36m[Kinitializer_list<value_type> __l[m[K,
[17.540s]       |                     [01;36m[K~~~~~~~~~~~~~~~~~~~~~~~~~~~~~^~~[m[K
[17.540s] [01m[K/usr/include/c++/11/bits/unordered_map.h:210:7:[m[K [01;36m[Knote: [m[Kcandidate: ‘[01m[Kstd::unordered_map<_Key, _Tp, _Hash, _Pred, _Alloc>::unordered_map(std::unordered_map<_Key, _Tp, _Hash, _Pred, _Alloc>&&, const allocator_type&) [with _Key = VOXEL_LOCATION; _Tp = std::_List_iterator<std::pair<VOXEL_LOCATION, VoxelOctoTree*> >; _Hash = std::hash<VOXEL_LOCATION>; _Pred = std::equal_to<VOXEL_LOCATION>; _Alloc = std::allocator<std::pair<const VOXEL_LOCATION, std::_List_iterator<std::pair<VOXEL_LOCATION, VoxelOctoTree*> > > >; std::unordered_map<_Key, _Tp, _Hash, _Pred, _Alloc>::allocator_type = std::allocator<std::pair<const VOXEL_LOCATION, std::_List_iterator<std::pair<VOXEL_LOCATION, VoxelOctoTree*> > > >][m[K’
[17.540s]   210 |       [01;36m[Kunordered_map[m[K(unordered_map&& __umap,
[17.540s]       |       [01;36m[K^~~~~~~~~~~~~[m[K
[17.540s] [01m[K/usr/include/c++/11/bits/unordered_map.h:210:7:[m[K [01;36m[Knote: [m[K  candidate expects 2 arguments, 1 provided
[17.540s] [01m[K/usr/include/c++/11/bits/unordered_map.h:200:7:[m[K [01;36m[Knote: [m[Kcandidate: ‘[01m[Kstd::unordered_map<_Key, _Tp, _Hash, _Pred, _Alloc>::unordered_map(const std::unordered_map<_Key, _Tp, _Hash, _Pred, _Alloc>&, const allocator_type&) [with _Key = VOXEL_LOCATION; _Tp = std::_List_iterator<std::pair<VOXEL_LOCATION, VoxelOctoTree*> >; _Hash = std::hash<VOXEL_LOCATION>; _Pred = std::equal_to<VOXEL_LOCATION>; _Alloc = std::allocator<std::pair<const VOXEL_LOCATION, std::_List_iterator<std::pair<VOXEL_LOCATION, VoxelOctoTree*> > > >; std::unordered_map<_Key, _Tp, _Hash, _Pred, _Alloc>::allocator_type = std::allocator<std::pair<const VOXEL_LOCATION, std::_List_iterator<std::pair<VOXEL_LOCATION, VoxelOctoTree*> > > >][m[K’
[17.540s]   200 |       [01;36m[Kunordered_map[m[K(const unordered_map& __umap,
[17.541s]       |       [01;36m[K^~~~~~~~~~~~~[m[K
[17.541s] [01m[K/usr/include/c++/11/bits/unordered_map.h:200:7:[m[K [01;36m[Knote: [m[K  candidate expects 2 arguments, 1 provided
[17.541s] [01m[K/usr/include/c++/11/bits/unordered_map.h:191:7:[m[K [01;36m[Knote: [m[Kcandidate: ‘[01m[Kstd::unordered_map<_Key, _Tp, _Hash, _Pred, _Alloc>::unordered_map(const allocator_type&) [with _Key = VOXEL_LOCATION; _Tp = std::_List_iterator<std::pair<VOXEL_LOCATION, VoxelOctoTree*> >; _Hash = std::hash<VOXEL_LOCATION>; _Pred = std::equal_to<VOXEL_LOCATION>; _Alloc = std::allocator<std::pair<const VOXEL_LOCATION, std::_List_iterator<std::pair<VOXEL_LOCATION, VoxelOctoTree*> > > >; std::unordered_map<_Key, _Tp, _Hash, _Pred, _Alloc>::allocator_type = std::allocator<std::pair<const VOXEL_LOCATION, std::_List_iterator<std::pair<VOXEL_LOCATION, VoxelOctoTree*> > > >][m[K’
[17.541s]   191 |       [01;36m[Kunordered_map[m[K(const allocator_type& __a)
[17.541s]       |       [01;36m[K^~~~~~~~~~~~~[m[K
[17.541s] [01m[K/usr/include/c++/11/bits/unordered_map.h:191:43:[m[K [01;36m[Knote: [m[K  no known conversion for argument 1 from ‘[01m[Kstd::unordered_map<VOXEL_LOCATION, VoxelOctoTree*>[m[K’ to ‘[01m[Kconst allocator_type&[m[K’ {aka ‘[01m[Kconst std::allocator<std::pair<const VOXEL_LOCATION, std::_List_iterator<std::pair<VOXEL_LOCATION, VoxelOctoTree*> > > >&[m[K’}
[17.541s]   191 |       unordered_map([01;36m[Kconst allocator_type& __a[m[K)
[17.541s]       |                     [01;36m[K~~~~~~~~~~~~~~~~~~~~~~^~~[m[K
[17.541s] [01m[K/usr/include/c++/11/bits/unordered_map.h:184:7:[m[K [01;36m[Knote: [m[Kcandidate: ‘[01m[Kstd::unordered_map<_Key, _Tp, _Hash, _Pred, _Alloc>::unordered_map(std::unordered_map<_Key, _Tp, _Hash, _Pred, _Alloc>&&) [with _Key = VOXEL_LOCATION; _Tp = std::_List_iterator<std::pair<VOXEL_LOCATION, VoxelOctoTree*> >; _Hash = std::hash<VOXEL_LOCATION>; _Pred = std::equal_to<VOXEL_LOCATION>; _Alloc = std::allocator<std::pair<const VOXEL_LOCATION, std::_List_iterator<std::pair<VOXEL_LOCATION, VoxelOctoTree*> > > >][m[K’
[17.541s]   184 |       [01;36m[Kunordered_map[m[K(unordered_map&&) = default;
[17.542s]       |       [01;36m[K^~~~~~~~~~~~~[m[K
[17.542s] [01m[K/usr/include/c++/11/bits/unordered_map.h:184:21:[m[K [01;36m[Knote: [m[K  no known conversion for argument 1 from ‘[01m[Kstd::unordered_map<VOXEL_LOCATION, VoxelOctoTree*>[m[K’ to ‘[01m[Kstd::unordered_map<VOXEL_LOCATION, std::_List_iterator<std::pair<VOXEL_LOCATION, VoxelOctoTree*> > >&&[m[K’
[17.542s]   184 |       unordered_map([01;36m[Kunordered_map&&[m[K) = default;
[17.542s]       |                     [01;36m[K^~~~~~~~~~~~~~~[m[K
[17.542s] [01m[K/usr/include/c++/11/bits/unordered_map.h:181:7:[m[K [01;36m[Knote: [m[Kcandidate: ‘[01m[Kstd::unordered_map<_Key, _Tp, _Hash, _Pred, _Alloc>::unordered_map(const std::unordered_map<_Key, _Tp, _Hash, _Pred, _Alloc>&) [with _Key = VOXEL_LOCATION; _Tp = std::_List_iterator<std::pair<VOXEL_LOCATION, VoxelOctoTree*> >; _Hash = std::hash<VOXEL_LOCATION>; _Pred = std::equal_to<VOXEL_LOCATION>; _Alloc = std::allocator<std::pair<const VOXEL_LOCATION, std::_List_iterator<std::pair<VOXEL_LOCATION, VoxelOctoTree*> > > >][m[K’
[17.542s]   181 |       [01;36m[Kunordered_map[m[K(const unordered_map&) = default;
[17.542s]       |       [01;36m[K^~~~~~~~~~~~~[m[K
[17.542s] [01m[K/usr/include/c++/11/bits/unordered_map.h:181:21:[m[K [01;36m[Knote: [m[K  no known conversion for argument 1 from ‘[01m[Kstd::unordered_map<VOXEL_LOCATION, VoxelOctoTree*>[m[K’ to ‘[01m[Kconst std::unordered_map<VOXEL_LOCATION, std::_List_iterator<std::pair<VOXEL_LOCATION, VoxelOctoTree*> > >&[m[K’
[17.542s]   181 |       unordered_map([01;36m[Kconst unordered_map&[m[K) = default;
[17.542s]       |                     [01;36m[K^~~~~~~~~~~~~~~~~~~~[m[K
[17.543s] [01m[K/usr/include/c++/11/bits/unordered_map.h:151:7:[m[K [01;36m[Knote: [m[Kcandidate: ‘[01m[Kstd::unordered_map<_Key, _Tp, _Hash, _Pred, _Alloc>::unordered_map(std::unordered_map<_Key, _Tp, _Hash, _Pred, _Alloc>::size_type, const hasher&, const key_equal&, const allocator_type&) [with _Key = VOXEL_LOCATION; _Tp = std::_List_iterator<std::pair<VOXEL_LOCATION, VoxelOctoTree*> >; _Hash = std::hash<VOXEL_LOCATION>; _Pred = std::equal_to<VOXEL_LOCATION>; _Alloc = std::allocator<std::pair<const VOXEL_LOCATION, std::_List_iterator<std::pair<VOXEL_LOCATION, VoxelOctoTree*> > > >; std::unordered_map<_Key, _Tp, _Hash, _Pred, _Alloc>::size_type = long unsigned int; std::unordered_map<_Key, _Tp, _Hash, _Pred, _Alloc>::hasher = std::hash<VOXEL_LOCATION>; std::unordered_map<_Key, _Tp, _Hash, _Pred, _Alloc>::key_equal = std::equal_to<VOXEL_LOCATION>; std::unordered_map<_Key, _Tp, _Hash, _Pred, _Alloc>::allocator_type = std::allocator<std::pair<const VOXEL_LOCATION, std::_List_iterator<std::pair<VOXEL_LOCATION, VoxelOctoTree*> > > >][m[K’
[17.543s]   151 |       [01;36m[Kunordered_map[m[K(size_type __n,
[17.543s]       |       [01;36m[K^~~~~~~~~~~~~[m[K
[17.543s] [01m[K/usr/include/c++/11/bits/unordered_map.h:151:31:[m[K [01;36m[Knote: [m[K  no known conversion for argument 1 from ‘[01m[Kstd::unordered_map<VOXEL_LOCATION, VoxelOctoTree*>[m[K’ to ‘[01m[Kstd::unordered_map<VOXEL_LOCATION, std::_List_iterator<std::pair<VOXEL_LOCATION, VoxelOctoTree*> > >::size_type[m[K’ {aka ‘[01m[Klong unsigned int[m[K’}
[17.543s]   151 |       unordered_map([01;36m[Ksize_type __n[m[K,
[17.543s]       |                     [01;36m[K~~~~~~~~~~^~~[m[K
[17.543s] [01m[K/usr/include/c++/11/bits/unordered_map.h:141:7:[m[K [01;36m[Knote: [m[Kcandidate: ‘[01m[Kstd::unordered_map<_Key, _Tp, _Hash, _Pred, _Alloc>::unordered_map() [with _Key = VOXEL_LOCATION; _Tp = std::_List_iterator<std::pair<VOXEL_LOCATION, VoxelOctoTree*> >; _Hash = std::hash<VOXEL_LOCATION>; _Pred = std::equal_to<VOXEL_LOCATION>; _Alloc = std::allocator<std::pair<const VOXEL_LOCATION, std::_List_iterator<std::pair<VOXEL_LOCATION, VoxelOctoTree*> > > >][m[K’
[17.543s]   141 |       [01;36m[Kunordered_map[m[K() = default;
[17.543s]       |       [01;36m[K^~~~~~~~~~~~~[m[K
[17.543s] [01m[K/usr/include/c++/11/bits/unordered_map.h:141:7:[m[K [01;36m[Knote: [m[K  candidate expects 0 arguments, 1 provided
[22.928s] [01m[K/home/bxi_nx/ht_ws/src/FAST-LIVO2/src/voxel_map.cpp:[m[K In member function ‘[01m[Kvoid VoxelMapManager::BuildVoxelMap()[m[K’:
[22.930s] [01m[K/home/bxi_nx/ht_ws/src/FAST-LIVO2/src/voxel_map.cpp:600:29:[m[K [01;31m[Kerror: [m[K‘[01m[Kstruct std::pair<VOXEL_LOCATION, VoxelOctoTree*>[m[K’ has no member named ‘[01m[Ktemp_points_[m[K’
[22.931s]   600 |       voxel_map_[position]->[01;31m[Ktemp_points_[m[K.push_back(p_v);
[22.931s]       |                             [01;31m[K^~~~~~~~~~~~[m[K
[22.931s] [01m[K/home/bxi_nx/ht_ws/src/FAST-LIVO2/src/voxel_map.cpp:601:29:[m[K [01;31m[Kerror: [m[K‘[01m[Kstruct std::pair<VOXEL_LOCATION, VoxelOctoTree*>[m[K’ has no member named ‘[01m[Knew_points_[m[K’
[22.931s]   601 |       voxel_map_[position]->[01;31m[Knew_points_[m[K++;
[22.931s]       |                             [01;31m[K^~~~~~~~~~~[m[K
[22.936s] [01m[K/home/bxi_nx/ht_ws/src/FAST-LIVO2/src/voxel_map.cpp:606:30:[m[K [01;31m[Kerror: [m[Kno match for ‘[01m[Koperator=[m[K’ (operand types are ‘[01m[Kstd::unordered_map<VOXEL_LOCATION, std::_List_iterator<std::pair<VOXEL_LOCATION, VoxelOctoTree*> > >::mapped_type[m[K’ {aka ‘[01m[Kstd::tuple_element<1, std::pair<const VOXEL_LOCATION, std::_List_iterator<std::pair<VOXEL_LOCATION, VoxelOctoTree*> > > >::type[m[K’} and ‘[01m[KVoxelOctoTree*[m[K’)
[22.936s]   606 |       voxel_map_[position] = [01;31m[Kocto_tree[m[K;
[22.936s]       |                              [01;31m[K^~~~~~~~~[m[K
[22.936s] In file included from [01m[K/usr/include/c++/11/list:63[m[K,
[22.937s]                  from [01m[K/usr/include/eigen3/Eigen/src/IterativeLinearSolvers/IncompleteCholesky.h:15[m[K,
[22.937s]                  from [01m[K/usr/include/eigen3/Eigen/IterativeLinearSolvers:44[m[K,
[22.937s]                  from [01m[K/usr/include/eigen3/Eigen/Sparse:31[m[K,
[22.937s]                  from [01m[K/usr/include/eigen3/Eigen/Eigen:2[m[K,
[22.937s]                  from [01m[K/home/bxi_nx/ht_ws/src/FAST-LIVO2/include/utils/types.h:4[m[K,
[22.937s]                  from [01m[K/home/bxi_nx/ht_ws/src/FAST-LIVO2/include/common_lib.h:17[m[K,
[22.937s]                  from [01m[K/home/bxi_nx/ht_ws/src/FAST-LIVO2/include/voxel_map.h:16[m[K,
[22.937s]                  from [01m[K/home/bxi_nx/ht_ws/src/FAST-LIVO2/src/voxel_map.cpp:13[m[K:
[22.937s] [01m[K/usr/include/c++/11/bits/stl_list.h:186:12:[m[K [01;36m[Knote: [m[Kcandidate: ‘[01m[Kconstexpr std::_List_iterator<std::pair<VOXEL_LOCATION, VoxelOctoTree*> >& std::_List_iterator<std::pair<VOXEL_LOCATION, VoxelOctoTree*> >::operator=(const std::_List_iterator<std::pair<VOXEL_LOCATION, VoxelOctoTree*> >&)[m[K’
[22.937s]   186 |     struct [01;36m[K_List_iterator[m[K
[22.938s]       |            [01;36m[K^~~~~~~~~~~~~~[m[K
[22.940s] [01m[K/usr/include/c++/11/bits/stl_list.h:186:12:[m[K [01;36m[Knote: [m[K  no known conversion for argument 1 from ‘[01m[KVoxelOctoTree*[m[K’ to ‘[01m[Kconst std::_List_iterator<std::pair<VOXEL_LOCATION, VoxelOctoTree*> >&[m[K’
[22.941s] [01m[K/usr/include/c++/11/bits/stl_list.h:186:12:[m[K [01;36m[Knote: [m[Kcandidate: ‘[01m[Kconstexpr std::_List_iterator<std::pair<VOXEL_LOCATION, VoxelOctoTree*> >& std::_List_iterator<std::pair<VOXEL_LOCATION, VoxelOctoTree*> >::operator=(std::_List_iterator<std::pair<VOXEL_LOCATION, VoxelOctoTree*> >&&)[m[K’
[22.941s] [01m[K/usr/include/c++/11/bits/stl_list.h:186:12:[m[K [01;36m[Knote: [m[K  no known conversion for argument 1 from ‘[01m[KVoxelOctoTree*[m[K’ to ‘[01m[Kstd::_List_iterator<std::pair<VOXEL_LOCATION, VoxelOctoTree*> >&&[m[K’
[22.941s] [01m[K/home/bxi_nx/ht_ws/src/FAST-LIVO2/src/voxel_map.cpp:607:29:[m[K [01;31m[Kerror: [m[K‘[01m[Kstruct std::pair<VOXEL_LOCATION, VoxelOctoTree*>[m[K’ has no member named ‘[01m[Kquater_length_[m[K’
[22.941s]   607 |       voxel_map_[position]->[01;31m[Kquater_length_[m[K = voxel_size / 4;
[22.941s]       |                             [01;31m[K^~~~~~~~~~~~~~[m[K
[22.941s] [01m[K/home/bxi_nx/ht_ws/src/FAST-LIVO2/src/voxel_map.cpp:608:29:[m[K [01;31m[Kerror: [m[K‘[01m[Kstruct std::pair<VOXEL_LOCATION, VoxelOctoTree*>[m[K’ has no member named ‘[01m[Kvoxel_center_[m[K’
[22.941s]   608 |       voxel_map_[position]->[01;31m[Kvoxel_center_[m[K[0] = (0.5 + position.x) * voxel_size;
[22.941s]       |                             [01;31m[K^~~~~~~~~~~~~[m[K
[22.941s] [01m[K/home/bxi_nx/ht_ws/src/FAST-LIVO2/src/voxel_map.cpp:609:29:[m[K [01;31m[Kerror: [m[K‘[01m[Kstruct std::pair<VOXEL_LOCATION, VoxelOctoTree*>[m[K’ has no member named ‘[01m[Kvoxel_center_[m[K’
[22.941s]   609 |       voxel_map_[position]->[01;31m[Kvoxel_center_[m[K[1] = (0.5 + position.y) * voxel_size;
[22.942s]       |                             [01;31m[K^~~~~~~~~~~~~[m[K
[22.942s] [01m[K/home/bxi_nx/ht_ws/src/FAST-LIVO2/src/voxel_map.cpp:610:29:[m[K [01;31m[Kerror: [m[K‘[01m[Kstruct std::pair<VOXEL_LOCATION, VoxelOctoTree*>[m[K’ has no member named ‘[01m[Kvoxel_center_[m[K’
[22.942s]   610 |       voxel_map_[position]->[01;31m[Kvoxel_center_[m[K[2] = (0.5 + position.z) * voxel_size;
[22.942s]       |                             [01;31m[K^~~~~~~~~~~~~[m[K
[22.942s] [01m[K/home/bxi_nx/ht_ws/src/FAST-LIVO2/src/voxel_map.cpp:611:29:[m[K [01;31m[Kerror: [m[K‘[01m[Kstruct std::pair<VOXEL_LOCATION, VoxelOctoTree*>[m[K’ has no member named ‘[01m[Ktemp_points_[m[K’
[22.942s]   611 |       voxel_map_[position]->[01;31m[Ktemp_points_[m[K.push_back(p_v);
[22.942s]       |                             [01;31m[K^~~~~~~~~~~~[m[K
[22.942s] [01m[K/home/bxi_nx/ht_ws/src/FAST-LIVO2/src/voxel_map.cpp:612:29:[m[K [01;31m[Kerror: [m[K‘[01m[Kstruct std::pair<VOXEL_LOCATION, VoxelOctoTree*>[m[K’ has no member named ‘[01m[Knew_points_[m[K’
[22.942s]   612 |       voxel_map_[position]->[01;31m[Knew_points_[m[K++;
[22.942s]       |                             [01;31m[K^~~~~~~~~~~[m[K
[22.942s] [01m[K/home/bxi_nx/ht_ws/src/FAST-LIVO2/src/voxel_map.cpp:613:29:[m[K [01;31m[Kerror: [m[K‘[01m[Kstruct std::pair<VOXEL_LOCATION, VoxelOctoTree*>[m[K’ has no member named ‘[01m[Klayer_init_num_[m[K’
[22.943s]   613 |       voxel_map_[position]->[01;31m[Klayer_init_num_[m[K = layer_init_num;
[22.943s]       |                             [01;31m[K^~~~~~~~~~~~~~~[m[K
[22.943s] [01m[K/home/bxi_nx/ht_ws/src/FAST-LIVO2/src/voxel_map.cpp:618:19:[m[K [01;31m[Kerror: [m[K‘[01m[Kstruct std::pair<VOXEL_LOCATION, VoxelOctoTree*>[m[K’ has no member named ‘[01m[Kinit_octo_tree[m[K’
[22.943s]   618 |     iter->second->[01;31m[Kinit_octo_tree[m[K();
[22.943s]       |                   [01;31m[K^~~~~~~~~~~~~~[m[K
[22.943s] [01m[K/home/bxi_nx/ht_ws/src/FAST-LIVO2/src/voxel_map.cpp:[m[K In member function ‘[01m[Kvoid VoxelMapManager::UpdateVoxelMap(const std::vector<pointWithVar>&)[m[K’:
[22.943s] [01m[K/home/bxi_nx/ht_ws/src/FAST-LIVO2/src/voxel_map.cpp:679:53:[m[K [01;31m[Kerror: [m[Kconversion from ‘[01m[Kvector<[01;32m[Klong int[m[K,allocator<[01;32m[Klong int[m[K>>[m[K’ to non-scalar type ‘[01m[Kvector<[01;32m[Kint[m[K,allocator<[01;32m[Kint[m[K>>[m[K’ requested
[22.943s]   679 |   std::vector<int> layer_init_num = [01;31m[Kconfig_setting_.layer_init_num_[m[K;
[22.943s]       |                                     [01;31m[K~~~~~~~~~~~~~~~~^~~~~~~~~~~~~~~[m[K
[22.953s] [01m[K/home/bxi_nx/ht_ws/src/FAST-LIVO2/src/voxel_map.cpp:[m[K In member function ‘[01m[Kvoid VoxelMapManager::BuildResidualListOMP(std::vector<pointWithVar>&, std::vector<PointToPlane>&)[m[K’:
[22.953s] [01m[K/home/bxi_nx/ht_ws/src/FAST-LIVO2/src/voxel_map.cpp:763:43:[m[K [01;31m[Kerror: [m[Kcannot convert ‘[01m[Kstd::_List_iterator<std::pair<VOXEL_LOCATION, VoxelOctoTree*> >[m[K’ to ‘[01m[KVoxelOctoTree*[m[K’ in initialization
[22.953s]   763 |       VoxelOctoTree *current_octo = [01;31m[Kiter->second[m[K;
[22.953s]       |                                     [01;31m[K~~~~~~^~~~~~[m[K
[22.953s]       |                                           [01;31m[K|[m[K
[22.953s]       |                                           [01;31m[Kstd::_List_iterator<std::pair<VOXEL_LOCATION, VoxelOctoTree*> >[m[K
[22.954s] [01m[K/home/bxi_nx/ht_ws/src/FAST-LIVO2/src/voxel_map.cpp:778:83:[m[K [01;31m[Kerror: [m[Kcannot convert ‘[01m[Kstd::_List_iterator<std::pair<VOXEL_LOCATION, VoxelOctoTree*> >[m[K’ to ‘[01m[Kconst VoxelOctoTree*[m[K’
[22.955s]   778 |         if (iter_near != voxel_map_.end()) { build_single_residual(pv, [01;31m[Kiter_near->second[m[K, 0, is_sucess, prob, single_ptpl); }
[22.955s]       |                                                                        [01;31m[K~~~~~~~~~~~^~~~~~[m[K
[22.955s]       |                                                                                   [01;31m[K|[m[K
[22.955s]       |                                                                                   [01;31m[Kstd::_List_iterator<std::pair<VOXEL_LOCATION, VoxelOctoTree*> >[m[K
[22.955s] In file included from [01m[K/home/bxi_nx/ht_ws/src/FAST-LIVO2/src/voxel_map.cpp:13[m[K:
[22.955s] [01m[K/home/bxi_nx/ht_ws/src/FAST-LIVO2/include/voxel_map.h:252:69:[m[K [01;36m[Knote: [m[K  initializing argument 2 of ‘[01m[Kvoid VoxelMapManager::build_single_residual(pointWithVar&, const VoxelOctoTree*, int, bool&, double&, PointToPlane&)[m[K’
[22.955s]   252 |   void build_single_residual(pointWithVar &pv, [01;36m[Kconst VoxelOctoTree *current_octo[m[K, const int current_layer, bool &is_sucess, double &prob,
[22.955s]       |                                                [01;36m[K~~~~~~~~~~~~~~~~~~~~~^~~~~~~~~~~~[m[K
[22.992s] [01m[K/home/bxi_nx/ht_ws/src/FAST-LIVO2/src/LIVMapper.cpp:[m[K In member function ‘[01m[Kvoid LIVMapper::handleVIO()[m[K’:
[22.993s] [01m[K/home/bxi_nx/ht_ws/src/FAST-LIVO2/src/LIVMapper.cpp:382:92:[m[K [01;31m[Kerror: [m[Kcannot convert ‘[01m[Kstd::unordered_map<VOXEL_LOCATION, std::_List_iterator<std::pair<VOXEL_LOCATION, VoxelOctoTree*> > >[m[K’ to ‘[01m[Kconst std::unordered_map<VOXEL_LOCATION, VoxelOctoTree*>&[m[K’
[22.993s]   382 |   vio_manager->processFrame(LidarMeasures.measures.back().img, _pv_list, [01;31m[Kvoxelmap_manager->voxel_map_[m[K, LidarMeasures.last_lio_update_time - _first_lidar_time);
[22.993s]       |                                                                          [01;31m[K~~~~~~~~~~~~~~~~~~^~~~~~~~~~[m[K
[22.993s]       |                                                                                            [01;31m[K|[m[K
[22.993s]       |                                                                                            [01;31m[Kstd::unordered_map<VOXEL_LOCATION, std::_List_iterator<std::pair<VOXEL_LOCATION, VoxelOctoTree*> > >[m[K
[22.993s] In file included from [01m[K/home/bxi_nx/ht_ws/src/FAST-LIVO2/include/LIVMapper.h:17[m[K,
[22.993s]                  from [01m[K/home/bxi_nx/ht_ws/src/FAST-LIVO2/src/LIVMapper.cpp:13[m[K:
[22.993s] [01m[K/home/bxi_nx/ht_ws/src/FAST-LIVO2/include/vio.h:145:115:[m[K [01;36m[Knote: [m[K  initializing argument 3 of ‘[01m[Kvoid VIOManager::processFrame(cv::Mat&, std::vector<pointWithVar>&, const std::unordered_map<VOXEL_LOCATION, VoxelOctoTree*>&, double)[m[K’
[22.993s]   145 |   void processFrame(cv::Mat &img, vector<pointWithVar> &pg, [01;36m[Kconst unordered_map<VOXEL_LOCATION, VoxelOctoTree *> &feat_map[m[K, double img_time);
[22.994s]       |                                                             [01;36m[K~~~~~~~~~~~~~~~~~~~~~~~~~~~~~~~~~~~~~~~~~~~~~~~~~~~~~~^~~~~~~~[m[K
[23.001s] [01m[K/home/bxi_nx/ht_ws/src/FAST-LIVO2/src/voxel_map.cpp:[m[K In member function ‘[01m[Kvoid VoxelMapManager::pubVoxelMap()[m[K’:
[23.002s] [01m[K/home/bxi_nx/ht_ws/src/FAST-LIVO2/src/voxel_map.cpp:887:26:[m[K [01;31m[Kerror: [m[Kcannot convert ‘[01m[Kstd::_List_iterator<std::pair<VOXEL_LOCATION, VoxelOctoTree*> >[m[K’ to ‘[01m[Kconst VoxelOctoTree*[m[K’
[23.002s]   887 |     GetUpdatePlane([01;31m[Kiter->second[m[K, config_setting_.max_layer_, pub_plane_list);
[23.002s]       |                    [01;31m[K~~~~~~^~~~~~[m[K
[23.002s]       |                          [01;31m[K|[m[K
[23.002s]       |                          [01;31m[Kstd::_List_iterator<std::pair<VOXEL_LOCATION, VoxelOctoTree*> >[m[K
[23.002s] In file included from [01m[K/home/bxi_nx/ht_ws/src/FAST-LIVO2/src/voxel_map.cpp:13[m[K:
[23.002s] [01m[K/home/bxi_nx/ht_ws/src/FAST-LIVO2/include/voxel_map.h:261:44:[m[K [01;36m[Knote: [m[K  initializing argument 1 of ‘[01m[Kvoid VoxelMapManager::GetUpdatePlane(const VoxelOctoTree*, int, std::vector<VoxelPlane>&)[m[K’
[23.002s]   261 |   void GetUpdatePlane([01;36m[Kconst VoxelOctoTree *current_octo[m[K, const int pub_max_voxel_layer, std::vector<VoxelPlane> &plane_list);
[23.003s]       |                       [01;36m[K~~~~~~~~~~~~~~~~~~~~~^~~~~~~~~~~~[m[K
[23.116s] [01m[K/home/bxi_nx/ht_ws/src/FAST-LIVO2/src/voxel_map.cpp:[m[K In member function ‘[01m[Kvoid VoxelMapManager::clearMemOutOfMap(const int&, const int&, const int&, const int&, const int&, const int&)[m[K’:
[23.116s] [01m[K/home/bxi_nx/ht_ws/src/FAST-LIVO2/src/voxel_map.cpp:1049:18:[m[K [01;31m[Kerror: [m[Ktype ‘[01m[Kstruct std::_List_iterator<std::pair<VOXEL_LOCATION, VoxelOctoTree*> >[m[K’ argument given to ‘[01m[Kdelete[m[K’, expected pointer
[23.116s]  1049 |       delete [01;31m[Kit->second[m[K;
[23.116s]       |              [01;31m[K~~~~^~~~~~[m[K
[58.192s] gmake[2]: *** [CMakeFiles/vio.dir/build.make:76: CMakeFiles/vio.dir/src/vio.cpp.o] Error 1
[58.193s] gmake[1]: *** [CMakeFiles/Makefile2:149: CMakeFiles/vio.dir/all] Error 2
[58.193s] gmake[1]: *** Waiting for unfinished jobs....
[67.612s] gmake[2]: *** [CMakeFiles/laser_mapping.dir/build.make:76: CMakeFiles/laser_mapping.dir/src/LIVMapper.cpp.o] Error 1
[67.613s] gmake[1]: *** [CMakeFiles/Makefile2:253: CMakeFiles/laser_mapping.dir/all] Error 2
[82.418s] gmake[2]: *** [CMakeFiles/lio.dir/build.make:76: CMakeFiles/lio.dir/src/voxel_map.cpp.o] Error 1
[82.419s] gmake[1]: *** [CMakeFiles/Makefile2:175: CMakeFiles/lio.dir/all] Error 2
[82.419s] gmake: *** [Makefile:146: all] Error 2
[82.425s] Invoked command in '/home/bxi_nx/ht_ws/build/fast_livo' returned '2': AMENT_PREFIX_PATH=/home/bxi_nx/ht_ws/install/vikit_ros:${AMENT_PREFIX_PATH} CMAKE_PREFIX_PATH=/home/bxi_nx/ht_ws/install/vikit_ros:/opt/ros/humble:/home/bxi_nx/ht_ws/install/vikit_common:${CMAKE_PREFIX_PATH} LD_LIBRARY_PATH=/home/bxi_nx/ht_ws/install/vikit_ros/lib:/home/bxi_nx/ht_ws/install/vikit_common/lib:/home/bxi_nx/gtsam/build/gtsam/libgtsam.so.4:/usr/local/cuda-12.6/lib64:/home/bxi_nx/ws_livox/install/livox_ros_driver2/lib:/home/bxi_nx/ws_livox/install/interface/lib:/home/bxi_nx/ws_livox/install/communication/lib:/home/bxi_nx/gtsam/build/gtsam/libgtsam.so.4:/opt/ros/humble/opt/rviz_ogre_vendor/lib:/opt/ros/humble/lib/aarch64-linux-gnu:/opt/ros/humble/lib:/usr/local/cuda-12.6/lib64 PKG_CONFIG_PATH=/home/bxi_nx/ht_ws/install/vikit_common/lib/aarch64-linux-gnu/pkgconfig:/home/bxi_nx/ht_ws/install/vikit_common/lib/pkgconfig ROS_PACKAGE_PATH=/home/bxi_nx/ht_ws/install/vikit_common/share /usr/bin/cmake --build /home/bxi_nx/ht_ws/build/fast_livo -- -j8 -l8
