[0.035s] Invoking command in '/home/bxi_nx/ht_ws/build/livox_ros_driver2': CMAKE_PREFIX_PATH=/home/bxi_nx/ht_ws/install/vikit_ros:/opt/ros/humble:/home/bxi_nx/ht_ws/install/vikit_common:/home/bxi_nx/ht_ws/install/realsense2_description:/home/bxi_nx/ht_ws/install/realsense2_camera:/home/bxi_nx/ht_ws/install/realsense2_camera_msgs:/home/bxi_nx/ht_ws/install/fast_livo:/home/bxi_nx/ws_livox/install/localizer:/home/bxi_nx/ws_livox/install/fastlio2:/home/bxi_nx/ws_livox/install/livox_ros_driver2:/home/bxi_nx/ws_livox/install/interface:/home/bxi_nx/ws_livox/install/communication /usr/bin/cmake /home/bxi_nx/ht_ws/src/livox_ros_driver2 -DAMENT_CMAKE_SYMLINK_INSTALL=1 -DCMAKE_INSTALL_PREFIX=/home/bxi_nx/ht_ws/install/livox_ros_driver2
[0.060s] -- livox_ros_driver2 version: 1.2.4
[0.060s] -- Found ament_cmake_auto: 1.3.12 (/opt/ros/humble/share/ament_cmake_auto/cmake)
[0.299s] -- Override CMake install command with custom implementation using symlinks instead of copying resources
[0.434s] -- Using all available rosidl_typesupport_c: rosidl_typesupport_fastrtps_c;rosidl_typesupport_introspection_c
[0.439s] -- Found rosidl_adapter: 3.1.7 (/opt/ros/humble/share/rosidl_adapter/cmake)
[0.505s] -- Using all available rosidl_typesupport_cpp: rosidl_typesupport_fastrtps_cpp;rosidl_typesupport_introspection_cpp
[0.608s] -- Found rmw_implementation_cmake: 6.1.2 (/opt/ros/humble/share/rmw_implementation_cmake/cmake)
[0.611s] -- Found rmw_fastrtps_cpp: 6.2.9 (/opt/ros/humble/share/rmw_fastrtps_cpp/cmake)
[0.780s] -- Using RMW implementation 'rmw_fastrtps_cpp' as default
[0.969s] -- Eigen found (include: /usr/include/eigen3, version: 3.4.0)
[1.018s] -- FLANN found (include: /usr/include, lib: /usr/lib/aarch64-linux-gnu/libflann_cpp.so)
[1.487s] -- OpenNI found (version: 1.5.4.0, include: /usr/include/ni, lib: /usr/lib/libOpenNI.so;libusb::libusb)
[1.498s] -- OpenNI2 found (version: 2.2.0.33, include: /usr/include/openni2, lib: /usr/lib/aarch64-linux-gnu/libOpenNI2.so;libusb::libusb)
[1.743s] -- Eigen found (include: /usr/include/eigen3, version: 3.4.0)
[1.755s] -- OpenNI found (version: 1.5.4.0, include: /usr/include/ni, lib: /usr/lib/libOpenNI.so;libusb::libusb)
[1.767s] -- OpenNI2 found (version: 2.2.0.33, include: /usr/include/openni2, lib: /usr/lib/aarch64-linux-gnu/libOpenNI2.so;libusb::libusb)
[1.990s] -- Found Qhull version 8.0.2
[2.213s] -- OpenNI found (version: 1.5.4.0, include: /usr/include/ni, lib: /usr/lib/libOpenNI.so;libusb::libusb)
[2.506s] -- Checking for module 'apr-1'
[2.510s] --   No package 'apr-1' found
[2.934s] -- Found ament_cmake_ros: 0.10.0 (/opt/ros/humble/share/ament_cmake_ros/cmake)
[3.398s] -- Using all available rosidl_typesupport_c: rosidl_typesupport_fastrtps_c;rosidl_typesupport_introspection_c
[3.893s] -- Using all available rosidl_typesupport_cpp: rosidl_typesupport_fastrtps_cpp;rosidl_typesupport_introspection_cpp
[3.943s] -- Found python_cmake_module: 0.10.0 (/opt/ros/humble/share/python_cmake_module/cmake)
[3.996s] -- Using PYTHON_EXECUTABLE: /usr/bin/python3
[3.997s] -- Using PYTHON_INCLUDE_DIRS: /usr/include/python3.10
[3.997s] -- Using PYTHON_LIBRARIES: /usr/lib/aarch64-linux-gnu/libpython3.10.so
[4.113s] -- Found ament_lint_auto: 0.12.14 (/opt/ros/humble/share/ament_lint_auto/cmake)
[4.165s] -- Added test 'copyright' to check source files copyright and LICENSE
[4.177s] -- Added test 'cppcheck' to perform static code analysis on C / C++ code
[4.179s] -- Configured cppcheck include dirs: /home/bxi_nx/ht_ws/src/livox_ros_driver2/3rdparty;/home/bxi_nx/ht_ws/src/livox_ros_driver2/src
[4.179s] -- Configured cppcheck exclude dirs and/or files: 
[4.191s] -- Added test 'cpplint' to check C / C++ code against the Google style
[4.191s] -- Configured cpplint exclude dirs and/or files: 
[4.194s] -- Added test 'flake8' to check Python code syntax and style conventions
[4.199s] -- Added test 'lint_cmake' to check CMake code style
[4.202s] -- Added test 'pep257' to check Python code against some of the docstring style conventions in PEP 257
[4.211s] -- Added test 'uncrustify' to check C / C++ code style
[4.212s] -- Configured uncrustify additional arguments: 
[4.214s] -- Added test 'xmllint' to check XML markup files
[4.219s] -- Configuring done
[4.231s] [0mCMake Error: The following variables are used in this project, but they are set to NOTFOUND.
[4.231s] Please set them or make sure they are set and tested correctly in the CMake files:
[4.231s] /home/bxi_nx/ht_ws/src/livox_ros_driver2/LIVOX_INTERFACES_INCLUDE_DIRECTORIES
[4.231s]    used as include directory in directory /home/bxi_nx/ht_ws/src/livox_ros_driver2
[4.232s] [0m
[4.346s] -- Generating done
[4.353s] [0mCMake Generate step failed.  Build files cannot be regenerated correctly.[0m
[4.414s] Invoked command in '/home/bxi_nx/ht_ws/build/livox_ros_driver2' returned '1': CMAKE_PREFIX_PATH=/home/bxi_nx/ht_ws/install/vikit_ros:/opt/ros/humble:/home/bxi_nx/ht_ws/install/vikit_common:/home/bxi_nx/ht_ws/install/realsense2_description:/home/bxi_nx/ht_ws/install/realsense2_camera:/home/bxi_nx/ht_ws/install/realsense2_camera_msgs:/home/bxi_nx/ht_ws/install/fast_livo:/home/bxi_nx/ws_livox/install/localizer:/home/bxi_nx/ws_livox/install/fastlio2:/home/bxi_nx/ws_livox/install/livox_ros_driver2:/home/bxi_nx/ws_livox/install/interface:/home/bxi_nx/ws_livox/install/communication /usr/bin/cmake /home/bxi_nx/ht_ws/src/livox_ros_driver2 -DAMENT_CMAKE_SYMLINK_INSTALL=1 -DCMAKE_INSTALL_PREFIX=/home/bxi_nx/ht_ws/install/livox_ros_driver2
