[0.008s] Invoking command in '/home/ht/ht_ws/build/fast_livo': AMENT_PREFIX_PATH=/home/ht/ht_ws/install/vikit_ros:${AMENT_PREFIX_PATH} CMAKE_PREFIX_PATH=/home/ht/ht_ws/install/vikit_ros:/opt/ros/humble:/home/ht/ht_ws/install/vikit_common LD_LIBRARY_PATH=/home/ht/ht_ws/install/vikit_ros/lib:/home/ht/ht_ws/install/vikit_common/lib:${LD_LIBRARY_PATH} PKG_CONFIG_PATH=/home/ht/ht_ws/install/vikit_common/lib/x86_64-linux-gnu/pkgconfig:/home/ht/ht_ws/install/vikit_common/lib/pkgconfig ROS_PACKAGE_PATH=/home/ht/ht_ws/install/vikit_common/share /usr/bin/cmake --build /home/ht/ht_ws/build/fast_livo -- -j16 -l16
[0.027s] -- Build Type: Release
[0.027s] -- Current CPU architecture: x86_64
[0.027s] -- Using general x86 optimizations: -O3 -march=native -mtune=native -funroll-loops
[0.029s] -- Processor count: 16
[0.029s] -- Multithreading enabled. Cores: 4
[0.032s] -- OpenMP found
[0.036s] -- mimalloc not found, proceeding without it
[0.036s] -- Found ament_cmake: 1.3.12 (/opt/ros/humble/share/ament_cmake/cmake)
[0.108s] -- Override CMake install command with custom implementation using symlinks instead of copying resources
[0.112s] -- Found rclcpp: 16.0.17 (/opt/ros/humble/share/rclcpp/cmake)
[0.127s] -- Found rosidl_generator_c: 3.1.8 (/opt/ros/humble/share/rosidl_generator_c/cmake)
[0.128s] -- Found rosidl_adapter: 3.1.8 (/opt/ros/humble/share/rosidl_adapter/cmake)
[0.131s] -- Found rosidl_generator_cpp: 3.1.8 (/opt/ros/humble/share/rosidl_generator_cpp/cmake)
[0.136s] -- Using all available rosidl_typesupport_c: rosidl_typesupport_fastrtps_c;rosidl_typesupport_introspection_c
[0.143s] -- Using all available rosidl_typesupport_cpp: rosidl_typesupport_fastrtps_cpp;rosidl_typesupport_introspection_cpp
[0.160s] -- Found rmw_implementation_cmake: 6.1.2 (/opt/ros/humble/share/rmw_implementation_cmake/cmake)
[0.161s] -- Found rmw_fastrtps_cpp: 6.2.9 (/opt/ros/humble/share/rmw_fastrtps_cpp/cmake)
[0.217s] -- Using RMW implementation 'rmw_fastrtps_cpp' as default
[0.243s] -- Found rclpy: 3.3.19 (/opt/ros/humble/share/rclpy/cmake)
[0.244s] -- Found geometry_msgs: 4.9.0 (/opt/ros/humble/share/geometry_msgs/cmake)
[0.250s] -- Found nav_msgs: 4.9.0 (/opt/ros/humble/share/nav_msgs/cmake)
[0.259s] -- Found sensor_msgs: 4.9.0 (/opt/ros/humble/share/sensor_msgs/cmake)
[0.268s] -- Found visualization_msgs: 4.9.0 (/opt/ros/humble/share/visualization_msgs/cmake)
[0.278s] -- Found pcl_ros: 2.4.5 (/opt/ros/humble/share/pcl_ros/cmake)
[0.301s] -- Eigen found (include: /usr/include/eigen3, version: 3.4.0)
[0.317s] -- FLANN found (include: /usr/include, lib: /usr/lib/x86_64-linux-gnu/libflann_cpp.so)
[0.485s] -- OpenNI found (version: 1.5.4.0, include: /usr/include/ni, lib: /usr/lib/libOpenNI.so;libusb::libusb)
[0.489s] -- OpenNI2 found (version: 2.2.0.33, include: /usr/include/openni2, lib: /usr/lib/x86_64-linux-gnu/libOpenNI2.so;libusb::libusb)
[0.585s] -- Eigen found (include: /usr/include/eigen3, version: 3.4.0)
[0.590s] -- OpenNI found (version: 1.5.4.0, include: /usr/include/ni, lib: /usr/lib/libOpenNI.so;libusb::libusb)
[0.598s] -- OpenNI2 found (version: 2.2.0.33, include: /usr/include/openni2, lib: /usr/lib/x86_64-linux-gnu/libOpenNI2.so;libusb::libusb)
[0.683s] -- Found Qhull version 8.0.2
[0.766s] -- OpenNI found (version: 1.5.4.0, include: /usr/include/ni, lib: /usr/lib/libOpenNI.so;libusb::libusb)
[0.874s] -- Found eigen3_cmake_module: 0.1.1 (/opt/ros/humble/share/eigen3_cmake_module/cmake)
[0.875s] -- Found Eigen3: TRUE (found version "3.4.0") 
[0.875s] -- Ensuring Eigen3 include directory is part of orocos-kdl CMake target
[0.915s] -- Found livox_ros_driver2: 1.0.0 (/home/ht/ht_ws/install/livox_ros_driver2/share/livox_ros_driver2/cmake)
[0.925s] -- Found vikit_common: 0.0.0 (/home/ht/ht_ws/install/vikit_common/share/vikit_common/cmake)
[0.931s] -- Found vikit_ros: 0.0.0 (/home/ht/ht_ws/install/vikit_ros/share/vikit_ros/cmake)
[0.935s] -- Found cv_bridge: 3.2.1 (/opt/ros/humble/share/cv_bridge/cmake)
[0.936s] -- Found image_transport: 3.1.12 (/opt/ros/humble/share/image_transport/cmake)
[0.943s] [33mCMake Warning (dev) at CMakeLists.txt:103 (find_package):
[0.943s]   Policy CMP0074 is not set: find_package uses <PackageName>_ROOT variables.
[0.943s]   Run "cmake --help-policy CMP0074" for policy details.  Use the cmake_policy
[0.943s]   command to set the policy and suppress this warning.
[0.943s] 
[0.943s]   CMake variable PCL_ROOT is set to:
[0.943s] 
[0.943s]     /usr
[0.943s] 
[0.943s]   For compatibility, CMake is ignoring the variable.
[0.943s] This warning is for project developers.  Use -Wno-dev to suppress it.
[0.944s] [0m
[0.951s] -- Found Eigen3: TRUE (found suitable version "3.4.0", minimum required is "3.4.0") 
[1.023s] -- Configuring done
[1.114s] -- Generating done
[1.133s] -- Build files have been written to: /home/ht/ht_ws/build/fast_livo
[1.155s] [35m[1mConsolidate compiler generated dependencies of target imu_proc[0m
[1.155s] [35m[1mConsolidate compiler generated dependencies of target pre[0m
[1.155s] [35m[1mConsolidate compiler generated dependencies of target laser_mapping[0m
[1.156s] [35m[1mConsolidate compiler generated dependencies of target utils[0m
[1.157s] [35m[1mConsolidate compiler generated dependencies of target vio[0m
[1.163s] [ 12%] Built target utils
[1.168s] [ 25%] Built target pre
[1.170s] [ 37%] Built target laser_mapping
[1.170s] [ 50%] Built target imu_proc
[1.171s] [35m[1mConsolidate compiler generated dependencies of target lio[0m
[1.173s] [ 75%] Built target vio
[1.183s] [ 87%] Built target lio
[1.191s] [35m[1mConsolidate compiler generated dependencies of target fastlivo_mapping[0m
[1.210s] [100%] Built target fastlivo_mapping
