[0.011s] Invoking command in '/home/ht/autonomous_exploration_development_environment/build/velodyne_simulator': AMENT_PREFIX_PATH=/home/ht/autonomous_exploration_development_environment/install/velodyne_gazebo_plugins:/home/ht/autonomous_exploration_development_environment/install/velodyne_description:${AMENT_PREFIX_PATH} CMAKE_PREFIX_PATH=/home/ht/autonomous_exploration_development_environment/install/velodyne_gazebo_plugins:/home/ht/autonomous_exploration_development_environment/install/velodyne_description:/opt/ros/humble LD_LIBRARY_PATH=/home/ht/autonomous_exploration_development_environment/install/velodyne_gazebo_plugins/lib:${LD_LIBRARY_PATH} /usr/bin/cmake --build /home/ht/autonomous_exploration_development_environment/build/velodyne_simulator -- -j16 -l16
[0.033s] Invoked command in '/home/ht/autonomous_exploration_development_environment/build/velodyne_simulator' returned '0': AMENT_PREFIX_PATH=/home/ht/autonomous_exploration_development_environment/install/velodyne_gazebo_plugins:/home/ht/autonomous_exploration_development_environment/install/velodyne_description:${AMENT_PREFIX_PATH} CMAKE_PREFIX_PATH=/home/ht/autonomous_exploration_development_environment/install/velodyne_gazebo_plugins:/home/ht/autonomous_exploration_development_environment/install/velodyne_description:/opt/ros/humble LD_LIBRARY_PATH=/home/ht/autonomous_exploration_development_environment/install/velodyne_gazebo_plugins/lib:${LD_LIBRARY_PATH} /usr/bin/cmake --build /home/ht/autonomous_exploration_development_environment/build/velodyne_simulator -- -j16 -l16
[0.034s] Invoking command in '/home/ht/autonomous_exploration_development_environment/build/velodyne_simulator': AMENT_PREFIX_PATH=/home/ht/autonomous_exploration_development_environment/install/velodyne_gazebo_plugins:/home/ht/autonomous_exploration_development_environment/install/velodyne_description:${AMENT_PREFIX_PATH} CMAKE_PREFIX_PATH=/home/ht/autonomous_exploration_development_environment/install/velodyne_gazebo_plugins:/home/ht/autonomous_exploration_development_environment/install/velodyne_description:/opt/ros/humble LD_LIBRARY_PATH=/home/ht/autonomous_exploration_development_environment/install/velodyne_gazebo_plugins/lib:${LD_LIBRARY_PATH} /usr/bin/cmake --install /home/ht/autonomous_exploration_development_environment/build/velodyne_simulator
[0.039s] -- Install configuration: "Release"
[0.039s] -- Execute custom install script
[0.040s] -- Up-to-date symlink: /home/ht/autonomous_exploration_development_environment/install/velodyne_simulator/share/ament_index/resource_index/package_run_dependencies/velodyne_simulator
[0.040s] -- Up-to-date symlink: /home/ht/autonomous_exploration_development_environment/install/velodyne_simulator/share/ament_index/resource_index/parent_prefix_path/velodyne_simulator
[0.040s] -- Up-to-date symlink: /home/ht/autonomous_exploration_development_environment/install/velodyne_simulator/share/velodyne_simulator/environment/ament_prefix_path.sh
[0.040s] -- Up-to-date symlink: /home/ht/autonomous_exploration_development_environment/install/velodyne_simulator/share/velodyne_simulator/environment/ament_prefix_path.dsv
[0.040s] -- Up-to-date symlink: /home/ht/autonomous_exploration_development_environment/install/velodyne_simulator/share/velodyne_simulator/environment/path.sh
[0.040s] -- Up-to-date symlink: /home/ht/autonomous_exploration_development_environment/install/velodyne_simulator/share/velodyne_simulator/environment/path.dsv
[0.041s] -- Up-to-date symlink: /home/ht/autonomous_exploration_development_environment/install/velodyne_simulator/share/velodyne_simulator/local_setup.bash
[0.041s] -- Up-to-date symlink: /home/ht/autonomous_exploration_development_environment/install/velodyne_simulator/share/velodyne_simulator/local_setup.sh
[0.041s] -- Up-to-date symlink: /home/ht/autonomous_exploration_development_environment/install/velodyne_simulator/share/velodyne_simulator/local_setup.zsh
[0.041s] -- Up-to-date symlink: /home/ht/autonomous_exploration_development_environment/install/velodyne_simulator/share/velodyne_simulator/local_setup.dsv
[0.041s] -- Symlinking: /home/ht/autonomous_exploration_development_environment/install/velodyne_simulator/share/velodyne_simulator/package.dsv
[0.046s] -- Up-to-date symlink: /home/ht/autonomous_exploration_development_environment/install/velodyne_simulator/share/ament_index/resource_index/packages/velodyne_simulator
[0.046s] -- Up-to-date symlink: /home/ht/autonomous_exploration_development_environment/install/velodyne_simulator/share/velodyne_simulator/cmake/velodyne_simulatorConfig.cmake
[0.046s] -- Up-to-date symlink: /home/ht/autonomous_exploration_development_environment/install/velodyne_simulator/share/velodyne_simulator/cmake/velodyne_simulatorConfig-version.cmake
[0.046s] -- Up-to-date symlink: /home/ht/autonomous_exploration_development_environment/install/velodyne_simulator/share/velodyne_simulator/package.xml
[0.047s] Invoked command in '/home/ht/autonomous_exploration_development_environment/build/velodyne_simulator' returned '0': AMENT_PREFIX_PATH=/home/ht/autonomous_exploration_development_environment/install/velodyne_gazebo_plugins:/home/ht/autonomous_exploration_development_environment/install/velodyne_description:${AMENT_PREFIX_PATH} CMAKE_PREFIX_PATH=/home/ht/autonomous_exploration_development_environment/install/velodyne_gazebo_plugins:/home/ht/autonomous_exploration_development_environment/install/velodyne_description:/opt/ros/humble LD_LIBRARY_PATH=/home/ht/autonomous_exploration_development_environment/install/velodyne_gazebo_plugins/lib:${LD_LIBRARY_PATH} /usr/bin/cmake --install /home/ht/autonomous_exploration_development_environment/build/velodyne_simulator
