[0.043s] Invoking command in '/home/bxi_nx/ht_ws/build/octomap_server2': CMAKE_PREFIX_PATH=${CMAKE_PREFIX_PATH}:/opt/ros/humble /usr/bin/cmake --build /home/bxi_nx/ht_ws/build/octomap_server2 -- -j8 -l8
[0.183s] [ 33%] Built target octomap_server
[0.189s] [100%] Built target octomap_server2
[0.234s] Invoked command in '/home/bxi_nx/ht_ws/build/octomap_server2' returned '0': CMAKE_PREFIX_PATH=${CMAKE_PREFIX_PATH}:/opt/ros/humble /usr/bin/cmake --build /home/bxi_nx/ht_ws/build/octomap_server2 -- -j8 -l8
[0.238s] Invoking command in '/home/bxi_nx/ht_ws/build/octomap_server2': CMAKE_PREFIX_PATH=${CMAKE_PREFIX_PATH}:/opt/ros/humble /usr/bin/cmake --install /home/bxi_nx/ht_ws/build/octomap_server2
[0.259s] -- Install configuration: ""
[0.259s] -- Up-to-date: /home/bxi_nx/ht_ws/install/octomap_server2/lib/octomap_server2/octomap_server
[0.259s] -- Up-to-date: /home/bxi_nx/ht_ws/install/octomap_server2/lib/liboctomap_server2.so
[0.259s] -- Up-to-date: /home/bxi_nx/ht_ws/install/octomap_server2/share/octomap_server2//launch
[0.260s] -- Up-to-date: /home/bxi_nx/ht_ws/install/octomap_server2/share/octomap_server2//launch/octomap_server_launch.py
[0.260s] -- Up-to-date: /home/bxi_nx/ht_ws/install/octomap_server2/share/octomap_server2//launch/octomap_server_launch_all.py
[0.260s] -- Up-to-date: /home/bxi_nx/ht_ws/install/octomap_server2/share/ament_index/resource_index/package_run_dependencies/octomap_server2
[0.260s] -- Up-to-date: /home/bxi_nx/ht_ws/install/octomap_server2/share/ament_index/resource_index/parent_prefix_path/octomap_server2
[0.260s] -- Up-to-date: /home/bxi_nx/ht_ws/install/octomap_server2/share/octomap_server2/environment/ament_prefix_path.sh
[0.261s] -- Up-to-date: /home/bxi_nx/ht_ws/install/octomap_server2/share/octomap_server2/environment/ament_prefix_path.dsv
[0.261s] -- Up-to-date: /home/bxi_nx/ht_ws/install/octomap_server2/share/octomap_server2/environment/path.sh
[0.261s] -- Up-to-date: /home/bxi_nx/ht_ws/install/octomap_server2/share/octomap_server2/environment/path.dsv
[0.261s] -- Up-to-date: /home/bxi_nx/ht_ws/install/octomap_server2/share/octomap_server2/local_setup.bash
[0.261s] -- Up-to-date: /home/bxi_nx/ht_ws/install/octomap_server2/share/octomap_server2/local_setup.sh
[0.261s] -- Up-to-date: /home/bxi_nx/ht_ws/install/octomap_server2/share/octomap_server2/local_setup.zsh
[0.262s] -- Up-to-date: /home/bxi_nx/ht_ws/install/octomap_server2/share/octomap_server2/local_setup.dsv
[0.262s] -- Installing: /home/bxi_nx/ht_ws/install/octomap_server2/share/octomap_server2/package.dsv
[0.262s] -- Up-to-date: /home/bxi_nx/ht_ws/install/octomap_server2/share/ament_index/resource_index/packages/octomap_server2
[0.262s] -- Up-to-date: /home/bxi_nx/ht_ws/install/octomap_server2/share/ament_index/resource_index/rclcpp_components/octomap_server2
[0.262s] -- Up-to-date: /home/bxi_nx/ht_ws/install/octomap_server2/share/octomap_server2/cmake/octomap_server2Config.cmake
[0.262s] -- Up-to-date: /home/bxi_nx/ht_ws/install/octomap_server2/share/octomap_server2/cmake/octomap_server2Config-version.cmake
[0.262s] -- Up-to-date: /home/bxi_nx/ht_ws/install/octomap_server2/share/octomap_server2/package.xml
[0.269s] Invoked command in '/home/bxi_nx/ht_ws/build/octomap_server2' returned '0': CMAKE_PREFIX_PATH=${CMAKE_PREFIX_PATH}:/opt/ros/humble /usr/bin/cmake --install /home/bxi_nx/ht_ws/build/octomap_server2
