[0.085s] Invoking command in '/home/bxi_nx/ht_ws/build/octomap_server2': CMAKE_PREFIX_PATH=/home/bxi_nx/ht_ws/install/vikit_ros:/opt/ros/humble:/home/bxi_nx/ht_ws/install/vikit_common:/home/bxi_nx/ht_ws/install/realsense2_description:/home/bxi_nx/ht_ws/install/realsense2_camera:/home/bxi_nx/ht_ws/install/realsense2_camera_msgs:/home/bxi_nx/ht_ws/install/octomap_server2:/home/bxi_nx/ht_ws/install/fast_livo:/home/bxi_nx/ws_livox/install/localizer:/home/bxi_nx/ws_livox/install/fastlio2:/home/bxi_nx/ws_livox/install/livox_ros_driver2:/home/bxi_nx/ws_livox/install/interface:/home/bxi_nx/ws_livox/install/communication /usr/bin/cmake --build /home/bxi_nx/ht_ws/build/octomap_server2 -- -j8 -l8
[0.293s] [ 66%] Built target octomap_server2
[0.413s] [100%] Built target octomap_server
[0.458s] Invoked command in '/home/bxi_nx/ht_ws/build/octomap_server2' returned '0': CMAKE_PREFIX_PATH=/home/bxi_nx/ht_ws/install/vikit_ros:/opt/ros/humble:/home/bxi_nx/ht_ws/install/vikit_common:/home/bxi_nx/ht_ws/install/realsense2_description:/home/bxi_nx/ht_ws/install/realsense2_camera:/home/bxi_nx/ht_ws/install/realsense2_camera_msgs:/home/bxi_nx/ht_ws/install/octomap_server2:/home/bxi_nx/ht_ws/install/fast_livo:/home/bxi_nx/ws_livox/install/localizer:/home/bxi_nx/ws_livox/install/fastlio2:/home/bxi_nx/ws_livox/install/livox_ros_driver2:/home/bxi_nx/ws_livox/install/interface:/home/bxi_nx/ws_livox/install/communication /usr/bin/cmake --build /home/bxi_nx/ht_ws/build/octomap_server2 -- -j8 -l8
[0.485s] Invoking command in '/home/bxi_nx/ht_ws/build/octomap_server2': CMAKE_PREFIX_PATH=/home/bxi_nx/ht_ws/install/vikit_ros:/opt/ros/humble:/home/bxi_nx/ht_ws/install/vikit_common:/home/bxi_nx/ht_ws/install/realsense2_description:/home/bxi_nx/ht_ws/install/realsense2_camera:/home/bxi_nx/ht_ws/install/realsense2_camera_msgs:/home/bxi_nx/ht_ws/install/octomap_server2:/home/bxi_nx/ht_ws/install/fast_livo:/home/bxi_nx/ws_livox/install/localizer:/home/bxi_nx/ws_livox/install/fastlio2:/home/bxi_nx/ws_livox/install/livox_ros_driver2:/home/bxi_nx/ws_livox/install/interface:/home/bxi_nx/ws_livox/install/communication /usr/bin/cmake --install /home/bxi_nx/ht_ws/build/octomap_server2
[0.509s] -- Install configuration: ""
[0.511s] -- Up-to-date: /home/bxi_nx/ht_ws/install/octomap_server2/lib/octomap_server2/octomap_server
[0.511s] -- Up-to-date: /home/bxi_nx/ht_ws/install/octomap_server2/lib/liboctomap_server2.so
[0.511s] -- Up-to-date: /home/bxi_nx/ht_ws/install/octomap_server2/share/octomap_server2//launch
[0.512s] -- Installing: /home/bxi_nx/ht_ws/install/octomap_server2/share/octomap_server2//launch/octomap_server_launch.py
[0.512s] -- Up-to-date: /home/bxi_nx/ht_ws/install/octomap_server2/share/octomap_server2//launch/octomap_server_launch_all.py
[0.513s] -- Up-to-date: /home/bxi_nx/ht_ws/install/octomap_server2/share/ament_index/resource_index/package_run_dependencies/octomap_server2
[0.513s] -- Up-to-date: /home/bxi_nx/ht_ws/install/octomap_server2/share/ament_index/resource_index/parent_prefix_path/octomap_server2
[0.513s] -- Up-to-date: /home/bxi_nx/ht_ws/install/octomap_server2/share/octomap_server2/environment/ament_prefix_path.sh
[0.515s] -- Up-to-date: /home/bxi_nx/ht_ws/install/octomap_server2/share/octomap_server2/environment/ament_prefix_path.dsv
[0.516s] -- Up-to-date: /home/bxi_nx/ht_ws/install/octomap_server2/share/octomap_server2/environment/path.sh
[0.517s] -- Up-to-date: /home/bxi_nx/ht_ws/install/octomap_server2/share/octomap_server2/environment/path.dsv
[0.517s] -- Up-to-date: /home/bxi_nx/ht_ws/install/octomap_server2/share/octomap_server2/local_setup.bash
[0.518s] -- Up-to-date: /home/bxi_nx/ht_ws/install/octomap_server2/share/octomap_server2/local_setup.sh
[0.518s] -- Up-to-date: /home/bxi_nx/ht_ws/install/octomap_server2/share/octomap_server2/local_setup.zsh
[0.519s] -- Up-to-date: /home/bxi_nx/ht_ws/install/octomap_server2/share/octomap_server2/local_setup.dsv
[0.519s] -- Installing: /home/bxi_nx/ht_ws/install/octomap_server2/share/octomap_server2/package.dsv
[0.520s] -- Up-to-date: /home/bxi_nx/ht_ws/install/octomap_server2/share/ament_index/resource_index/packages/octomap_server2
[0.521s] -- Up-to-date: /home/bxi_nx/ht_ws/install/octomap_server2/share/ament_index/resource_index/rclcpp_components/octomap_server2
[0.521s] -- Up-to-date: /home/bxi_nx/ht_ws/install/octomap_server2/share/octomap_server2/cmake/octomap_server2Config.cmake
[0.525s] -- Up-to-date: /home/bxi_nx/ht_ws/install/octomap_server2/share/octomap_server2/cmake/octomap_server2Config-version.cmake
[0.539s] -- Up-to-date: /home/bxi_nx/ht_ws/install/octomap_server2/share/octomap_server2/package.xml
[0.555s] Invoked command in '/home/bxi_nx/ht_ws/build/octomap_server2' returned '0': CMAKE_PREFIX_PATH=/home/bxi_nx/ht_ws/install/vikit_ros:/opt/ros/humble:/home/bxi_nx/ht_ws/install/vikit_common:/home/bxi_nx/ht_ws/install/realsense2_description:/home/bxi_nx/ht_ws/install/realsense2_camera:/home/bxi_nx/ht_ws/install/realsense2_camera_msgs:/home/bxi_nx/ht_ws/install/octomap_server2:/home/bxi_nx/ht_ws/install/fast_livo:/home/bxi_nx/ws_livox/install/localizer:/home/bxi_nx/ws_livox/install/fastlio2:/home/bxi_nx/ws_livox/install/livox_ros_driver2:/home/bxi_nx/ws_livox/install/interface:/home/bxi_nx/ws_livox/install/communication /usr/bin/cmake --install /home/bxi_nx/ht_ws/build/octomap_server2
