[0.006s] Invoking command in '/home/ht/ht_ws/build/vikit_common': /usr/bin/cmake /home/ht/ht_ws/src/rpg_vikit/vikit_common -DCATKIN_INSTALL_INTO_PREFIX_ROOT=0 -DCATKIN_SYMLINK_INSTALL=ON -DCMAKE_INSTALL_PREFIX=/home/ht/ht_ws/install/vikit_common
[0.032s] [0mCurrent CPU archtecture: x86_64[0m
[0.033s] -- Found ament_cmake: 1.3.12 (/opt/ros/humble/share/ament_cmake/cmake)
[0.171s] -- Configuring done
[0.178s] -- Generating done
[0.180s] -- Build files have been written to: /home/ht/ht_ws/build/vikit_common
[0.182s] Invoked command in '/home/ht/ht_ws/build/vikit_common' returned '0': /usr/bin/cmake /home/ht/ht_ws/src/rpg_vikit/vikit_common -DCATKIN_INSTALL_INTO_PREFIX_ROOT=0 -DCATKIN_SYMLINK_INSTALL=ON -DCMAKE_INSTALL_PREFIX=/home/ht/ht_ws/install/vikit_common
[0.183s] Invoking command in '/home/ht/ht_ws/build/vikit_common': /usr/bin/cmake --build /home/ht/ht_ws/build/vikit_common -- -j16 -l16
[0.211s] [35m[1mConsolidate compiler generated dependencies of target vikit_common[0m
[0.239s] [ 68%] Built target vikit_common
[0.245s] [35m[1mConsolidate compiler generated dependencies of target test_vk_common_patch_score[0m
[0.245s] [35m[1mConsolidate compiler generated dependencies of target test_vk_common_triangulation[0m
[0.247s] [35m[1mConsolidate compiler generated dependencies of target test_vk_common_camera[0m
[0.252s] [ 78%] Built target test_vk_common_patch_score
[0.253s] [ 89%] Built target test_vk_common_triangulation
[0.255s] [100%] Built target test_vk_common_camera
[0.264s] Invoked command in '/home/ht/ht_ws/build/vikit_common' returned '0': /usr/bin/cmake --build /home/ht/ht_ws/build/vikit_common -- -j16 -l16
[0.270s] Invoking command in '/home/ht/ht_ws/build/vikit_common': /usr/bin/cmake --install /home/ht/ht_ws/build/vikit_common
[0.275s] -- Install configuration: "Release"
[0.276s] -- Up-to-date: /home/ht/ht_ws/install/vikit_common/lib/libvikit_common.so
[0.276s] -- Up-to-date: /home/ht/ht_ws/install/vikit_common/lib/vikit_common/test_vk_common_camera
[0.276s] -- Up-to-date: /home/ht/ht_ws/install/vikit_common/lib/vikit_common/test_vk_common_triangulation
[0.276s] -- Up-to-date: /home/ht/ht_ws/install/vikit_common/lib/vikit_common/test_vk_common_patch_score
[0.276s] -- Up-to-date: /home/ht/ht_ws/install/vikit_common/include/vikit_common
[0.277s] -- Up-to-date: /home/ht/ht_ws/install/vikit_common/include/vikit_common/vikit
[0.277s] -- Up-to-date: /home/ht/ht_ws/install/vikit_common/include/vikit_common/vikit/polynomial_camera.h
[0.277s] -- Up-to-date: /home/ht/ht_ws/install/vikit_common/include/vikit_common/vikit/abstract_camera.h
[0.277s] -- Up-to-date: /home/ht/ht_ws/install/vikit_common/include/vikit_common/vikit/atan_camera.h
[0.277s] -- Up-to-date: /home/ht/ht_ws/install/vikit_common/include/vikit_common/vikit/homography.h
[0.277s] -- Up-to-date: /home/ht/ht_ws/install/vikit_common/include/vikit_common/vikit/ringbuffer.h
[0.277s] -- Up-to-date: /home/ht/ht_ws/install/vikit_common/include/vikit_common/vikit/nlls_solver.h
[0.277s] -- Up-to-date: /home/ht/ht_ws/install/vikit_common/include/vikit_common/vikit/math_utils.h
[0.277s] -- Up-to-date: /home/ht/ht_ws/install/vikit_common/include/vikit_common/vikit/img_align.h
[0.277s] -- Up-to-date: /home/ht/ht_ws/install/vikit_common/include/vikit_common/vikit/patch_score.h
[0.277s] -- Up-to-date: /home/ht/ht_ws/install/vikit_common/include/vikit_common/vikit/robust_cost.h
[0.277s] -- Up-to-date: /home/ht/ht_ws/install/vikit_common/include/vikit_common/vikit/vision.h
[0.277s] -- Up-to-date: /home/ht/ht_ws/install/vikit_common/include/vikit_common/vikit/user_input_thread.h
[0.277s] -- Up-to-date: /home/ht/ht_ws/install/vikit_common/include/vikit_common/vikit/equidistant_camera.h
[0.277s] -- Up-to-date: /home/ht/ht_ws/install/vikit_common/include/vikit_common/vikit/performance_monitor.h
[0.277s] -- Up-to-date: /home/ht/ht_ws/install/vikit_common/include/vikit_common/vikit/blender_utils.h
[0.277s] -- Up-to-date: /home/ht/ht_ws/install/vikit_common/include/vikit_common/vikit/pinhole_camera.h
[0.277s] -- Up-to-date: /home/ht/ht_ws/install/vikit_common/include/vikit_common/vikit/nlls_solver_impl.hpp
[0.277s] -- Up-to-date: /home/ht/ht_ws/install/vikit_common/include/vikit_common/vikit/omni_camera.h
[0.277s] -- Up-to-date: /home/ht/ht_ws/install/vikit_common/include/vikit_common/vikit/file_reader.h
[0.277s] -- Up-to-date: /home/ht/ht_ws/install/vikit_common/include/vikit_common/vikit/file_reader_types.h
[0.277s] -- Up-to-date: /home/ht/ht_ws/install/vikit_common/include/vikit_common/vikit/timer.h
[0.277s] -- Up-to-date: /home/ht/ht_ws/install/vikit_common/include/vikit_common/vikit/sample.h
[0.277s] -- Up-to-date: /home/ht/ht_ws/install/vikit_common/include/vikit_common/vikit/aligned_mem.h
[0.277s] -- Up-to-date: /home/ht/ht_ws/install/vikit_common/share/vikit_common/environment/library_path.sh
[0.277s] -- Installing: /home/ht/ht_ws/install/vikit_common/share/vikit_common/environment/library_path.dsv
[0.277s] -- Up-to-date: /home/ht/ht_ws/install/vikit_common/share/ament_index/resource_index/package_run_dependencies/vikit_common
[0.277s] -- Installing: /home/ht/ht_ws/install/vikit_common/share/ament_index/resource_index/parent_prefix_path/vikit_common
[0.277s] -- Up-to-date: /home/ht/ht_ws/install/vikit_common/share/vikit_common/environment/ament_prefix_path.sh
[0.278s] -- Installing: /home/ht/ht_ws/install/vikit_common/share/vikit_common/environment/ament_prefix_path.dsv
[0.278s] -- Up-to-date: /home/ht/ht_ws/install/vikit_common/share/vikit_common/environment/path.sh
[0.278s] -- Installing: /home/ht/ht_ws/install/vikit_common/share/vikit_common/environment/path.dsv
[0.278s] -- Up-to-date: /home/ht/ht_ws/install/vikit_common/share/vikit_common/local_setup.bash
[0.278s] -- Up-to-date: /home/ht/ht_ws/install/vikit_common/share/vikit_common/local_setup.sh
[0.278s] -- Up-to-date: /home/ht/ht_ws/install/vikit_common/share/vikit_common/local_setup.zsh
[0.278s] -- Installing: /home/ht/ht_ws/install/vikit_common/share/vikit_common/local_setup.dsv
[0.278s] -- Installing: /home/ht/ht_ws/install/vikit_common/share/vikit_common/package.dsv
[0.278s] -- Up-to-date: /home/ht/ht_ws/install/vikit_common/share/ament_index/resource_index/packages/vikit_common
[0.278s] -- Up-to-date: /home/ht/ht_ws/install/vikit_common/share/vikit_common/cmake/vikit_commonExport.cmake
[0.278s] -- Up-to-date: /home/ht/ht_ws/install/vikit_common/share/vikit_common/cmake/vikit_commonExport-release.cmake
[0.278s] -- Up-to-date: /home/ht/ht_ws/install/vikit_common/share/vikit_common/cmake/ament_cmake_export_include_directories-extras.cmake
[0.278s] -- Up-to-date: /home/ht/ht_ws/install/vikit_common/share/vikit_common/cmake/ament_cmake_export_libraries-extras.cmake
[0.278s] -- Up-to-date: /home/ht/ht_ws/install/vikit_common/share/vikit_common/cmake/ament_cmake_export_dependencies-extras.cmake
[0.278s] -- Up-to-date: /home/ht/ht_ws/install/vikit_common/share/vikit_common/cmake/ament_cmake_export_targets-extras.cmake
[0.278s] -- Up-to-date: /home/ht/ht_ws/install/vikit_common/share/vikit_common/cmake/vikit_commonConfig.cmake
[0.278s] -- Up-to-date: /home/ht/ht_ws/install/vikit_common/share/vikit_common/cmake/vikit_commonConfig-version.cmake
[0.278s] -- Up-to-date: /home/ht/ht_ws/install/vikit_common/share/vikit_common/package.xml
[0.279s] Invoked command in '/home/ht/ht_ws/build/vikit_common' returned '0': /usr/bin/cmake --install /home/ht/ht_ws/build/vikit_common
