[01m[K/home/bxi_nx/ht_ws/src/FAST-LIVO2/src/voxel_map.cpp:[m[K In member function ‘[01m[Kvoid VoxelMapManager::UpdateVoxelMap(const std::vector<pointWithVar>&)[m[K’:
[01m[K/home/bxi_nx/ht_ws/src/FAST-LIVO2/src/voxel_map.cpp:728:36:[m[K [01;31m[Kerror: [m[Kno match for ‘[01m[Koperator=[m[K’ (operand types are ‘[01m[Kstd::vector<int, std::allocator<int> >[m[K’ and ‘[01m[Kstd::vector<long int, std::allocator<long int> >[m[K’)
  728 |       octo_tree->layer_init_num_ = [01;31m[Klayer_init_num[m[K;
      |                                    [01;31m[K^~~~~~~~~~~~~~[m[K
In file included from [01m[K/usr/include/c++/11/vector:72[m[K,
                 from [01m[K/usr/include/c++/11/functional:62[m[K,
                 from [01m[K/usr/include/eigen3/Eigen/Core:85[m[K,
                 from [01m[K/home/bxi_nx/ht_ws/src/FAST-LIVO2/include/utils/so3_math.h:4[m[K,
                 from [01m[K/home/bxi_nx/ht_ws/src/FAST-LIVO2/include/common_lib.h:16[m[K,
                 from [01m[K/home/bxi_nx/ht_ws/src/FAST-LIVO2/include/voxel_map.h:16[m[K,
                 from [01m[K/home/bxi_nx/ht_ws/src/FAST-LIVO2/src/voxel_map.cpp:13[m[K:
[01m[K/usr/include/c++/11/bits/vector.tcc:198:5:[m[K [01;36m[Knote: [m[Kcandidate: ‘[01m[Kstd::vector<_Tp, _Alloc>& std::vector<_Tp, _Alloc>::operator=(const std::vector<_Tp, _Alloc>&) [with _Tp = int; _Alloc = std::allocator<int>][m[K’
  198 |     [01;36m[Kvector<_Tp, _Alloc>[m[K::
      |     [01;36m[K^~~~~~~~~~~~~~~~~~~[m[K
[01m[K/usr/include/c++/11/bits/vector.tcc:199:42:[m[K [01;36m[Knote: [m[K  no known conversion for argument 1 from ‘[01m[Kstd::vector<long int, std::allocator<long int> >[m[K’ to ‘[01m[Kconst std::vector<int, std::allocator<int> >&[m[K’
  199 |     operator=([01;36m[Kconst vector<_Tp, _Alloc>& __x[m[K)
      |               [01;36m[K~~~~~~~~~~~~~~~~~~~~~~~~~~~^~~[m[K
In file included from [01m[K/usr/include/c++/11/vector:67[m[K,
                 from [01m[K/usr/include/c++/11/functional:62[m[K,
                 from [01m[K/usr/include/eigen3/Eigen/Core:85[m[K,
                 from [01m[K/home/bxi_nx/ht_ws/src/FAST-LIVO2/include/utils/so3_math.h:4[m[K,
                 from [01m[K/home/bxi_nx/ht_ws/src/FAST-LIVO2/include/common_lib.h:16[m[K,
                 from [01m[K/home/bxi_nx/ht_ws/src/FAST-LIVO2/include/voxel_map.h:16[m[K,
                 from [01m[K/home/bxi_nx/ht_ws/src/FAST-LIVO2/src/voxel_map.cpp:13[m[K:
[01m[K/usr/include/c++/11/bits/stl_vector.h:709:7:[m[K [01;36m[Knote: [m[Kcandidate: ‘[01m[Kstd::vector<_Tp, _Alloc>& std::vector<_Tp, _Alloc>::operator=(std::vector<_Tp, _Alloc>&&) [with _Tp = int; _Alloc = std::allocator<int>][m[K’
  709 |       [01;36m[Koperator[m[K=(vector&& __x) noexcept(_Alloc_traits::_S_nothrow_move())
      |       [01;36m[K^~~~~~~~[m[K
[01m[K/usr/include/c++/11/bits/stl_vector.h:709:26:[m[K [01;36m[Knote: [m[K  no known conversion for argument 1 from ‘[01m[Kstd::vector<long int, std::allocator<long int> >[m[K’ to ‘[01m[Kstd::vector<int, std::allocator<int> >&&[m[K’
  709 |       operator=([01;36m[Kvector&& __x[m[K) noexcept(_Alloc_traits::_S_nothrow_move())
      |                 [01;36m[K~~~~~~~~~^~~[m[K
[01m[K/usr/include/c++/11/bits/stl_vector.h:730:7:[m[K [01;36m[Knote: [m[Kcandidate: ‘[01m[Kstd::vector<_Tp, _Alloc>& std::vector<_Tp, _Alloc>::operator=(std::initializer_list<_Tp>) [with _Tp = int; _Alloc = std::allocator<int>][m[K’
  730 |       [01;36m[Koperator[m[K=(initializer_list<value_type> __l)
      |       [01;36m[K^~~~~~~~[m[K
[01m[K/usr/include/c++/11/bits/stl_vector.h:730:46:[m[K [01;36m[Knote: [m[K  no known conversion for argument 1 from ‘[01m[Kstd::vector<long int, std::allocator<long int> >[m[K’ to ‘[01m[Kstd::initializer_list<int>[m[K’
  730 |       operator=([01;36m[Kinitializer_list<value_type> __l[m[K)
      |                 [01;36m[K~~~~~~~~~~~~~~~~~~~~~~~~~~~~~^~~[m[K
gmake[2]: *** [CMakeFiles/lio.dir/build.make:76: CMakeFiles/lio.dir/src/voxel_map.cpp.o] Error 1
gmake[1]: *** [CMakeFiles/Makefile2:175: CMakeFiles/lio.dir/all] Error 2
gmake[1]: *** Waiting for unfinished jobs....
gmake: *** [Makefile:146: all] Error 2
