[0.008s] Invoking command in '/home/ht/ht_ws/build/fast_livo': AMENT_PREFIX_PATH=/home/ht/ht_ws/install/vikit_ros:${AMENT_PREFIX_PATH} CMAKE_PREFIX_PATH=/home/ht/ht_ws/install/vikit_ros:/opt/ros/humble:/home/ht/ht_ws/install/vikit_common LD_LIBRARY_PATH=/home/ht/ht_ws/install/vikit_ros/lib:/home/ht/ht_ws/install/vikit_common/lib:${LD_LIBRARY_PATH} PKG_CONFIG_PATH=/home/ht/ht_ws/install/vikit_common/lib/x86_64-linux-gnu/pkgconfig:/home/ht/ht_ws/install/vikit_common/lib/pkgconfig ROS_PACKAGE_PATH=/home/ht/ht_ws/install/vikit_common/share /usr/bin/cmake --build /home/ht/ht_ws/build/fast_livo -- -j16 -l16
[0.042s] [35m[1mConsolidate compiler generated dependencies of target imu_proc[0m
[0.043s] [35m[1mConsolidate compiler generated dependencies of target pre[0m
[0.043s] [35m[1mConsolidate compiler generated dependencies of target laser_mapping[0m
[0.048s] [ 12%] Built target utils
[0.051s] [35m[1mConsolidate compiler generated dependencies of target vio[0m
[0.057s] [ 25%] Built target imu_proc
[0.059s] [35m[1mConsolidate compiler generated dependencies of target lio[0m
[0.060s] [ 31%] [32mBuilding CXX object CMakeFiles/laser_mapping.dir/src/LIVMapper.cpp.o[0m
[0.061s] [ 43%] Built target pre
[0.074s] [ 56%] Built target lio
[0.075s] [ 81%] Built target vio
[26.371s] [ 87%] [32m[1mLinking CXX static library liblaser_mapping.a[0m
[26.421s] [ 87%] Built target laser_mapping
[26.432s] [35m[1mConsolidate compiler generated dependencies of target fastlivo_mapping[0m
[26.451s] [ 93%] [32m[1mLinking CXX executable fastlivo_mapping[0m
[27.320s] [100%] Built target fastlivo_mapping
[27.327s] Invoked command in '/home/ht/ht_ws/build/fast_livo' returned '0': AMENT_PREFIX_PATH=/home/ht/ht_ws/install/vikit_ros:${AMENT_PREFIX_PATH} CMAKE_PREFIX_PATH=/home/ht/ht_ws/install/vikit_ros:/opt/ros/humble:/home/ht/ht_ws/install/vikit_common LD_LIBRARY_PATH=/home/ht/ht_ws/install/vikit_ros/lib:/home/ht/ht_ws/install/vikit_common/lib:${LD_LIBRARY_PATH} PKG_CONFIG_PATH=/home/ht/ht_ws/install/vikit_common/lib/x86_64-linux-gnu/pkgconfig:/home/ht/ht_ws/install/vikit_common/lib/pkgconfig ROS_PACKAGE_PATH=/home/ht/ht_ws/install/vikit_common/share /usr/bin/cmake --build /home/ht/ht_ws/build/fast_livo -- -j16 -l16
[27.328s] Invoking command in '/home/ht/ht_ws/build/fast_livo': AMENT_PREFIX_PATH=/home/ht/ht_ws/install/vikit_ros:${AMENT_PREFIX_PATH} CMAKE_PREFIX_PATH=/home/ht/ht_ws/install/vikit_ros:/opt/ros/humble:/home/ht/ht_ws/install/vikit_common LD_LIBRARY_PATH=/home/ht/ht_ws/install/vikit_ros/lib:/home/ht/ht_ws/install/vikit_common/lib:${LD_LIBRARY_PATH} PKG_CONFIG_PATH=/home/ht/ht_ws/install/vikit_common/lib/x86_64-linux-gnu/pkgconfig:/home/ht/ht_ws/install/vikit_common/lib/pkgconfig ROS_PACKAGE_PATH=/home/ht/ht_ws/install/vikit_common/share /usr/bin/cmake --install /home/ht/ht_ws/build/fast_livo
[27.332s] -- Install configuration: "Release"
[27.332s] -- Execute custom install script
[27.332s] -- Up-to-date symlink: /home/ht/ht_ws/install/fast_livo/lib/fast_livo/fastlivo_mapping
[27.333s] -- Up-to-date symlink: /home/ht/ht_ws/install/fast_livo/share/fast_livo/config/MARS_LVIG.yaml
[27.333s] -- Up-to-date symlink: /home/ht/ht_ws/install/fast_livo/share/fast_livo/config/avia.yaml
[27.333s] -- Up-to-date symlink: /home/ht/ht_ws/install/fast_livo/share/fast_livo/config/camera_MARS_LVIG.yaml
[27.333s] -- Up-to-date symlink: /home/ht/ht_ws/install/fast_livo/share/fast_livo/config/camera_pinhole.yaml
[27.333s] -- Up-to-date symlink: /home/ht/ht_ws/install/fast_livo/share/fast_livo/launch/mapping_avia.launch.py
[27.333s] -- Up-to-date symlink: /home/ht/ht_ws/install/fast_livo/share/fast_livo/launch/mapping_avia_marslvig.launch.py
[27.333s] -- Up-to-date symlink: /home/ht/ht_ws/install/fast_livo/share/fast_livo/rviz_cfg/M300.rviz
[27.333s] -- Up-to-date symlink: /home/ht/ht_ws/install/fast_livo/share/fast_livo/rviz_cfg/fast_livo2.rviz
[27.333s] -- Up-to-date symlink: /home/ht/ht_ws/install/fast_livo/share/ament_index/resource_index/package_run_dependencies/fast_livo
[27.333s] -- Up-to-date symlink: /home/ht/ht_ws/install/fast_livo/share/ament_index/resource_index/parent_prefix_path/fast_livo
[27.333s] -- Up-to-date symlink: /home/ht/ht_ws/install/fast_livo/share/fast_livo/environment/ament_prefix_path.sh
[27.333s] -- Up-to-date symlink: /home/ht/ht_ws/install/fast_livo/share/fast_livo/environment/ament_prefix_path.dsv
[27.333s] -- Up-to-date symlink: /home/ht/ht_ws/install/fast_livo/share/fast_livo/environment/path.sh
[27.333s] -- Up-to-date symlink: /home/ht/ht_ws/install/fast_livo/share/fast_livo/environment/path.dsv
[27.334s] -- Up-to-date symlink: /home/ht/ht_ws/install/fast_livo/share/fast_livo/local_setup.bash
[27.334s] -- Up-to-date symlink: /home/ht/ht_ws/install/fast_livo/share/fast_livo/local_setup.sh
[27.334s] -- Up-to-date symlink: /home/ht/ht_ws/install/fast_livo/share/fast_livo/local_setup.zsh
[27.334s] -- Up-to-date symlink: /home/ht/ht_ws/install/fast_livo/share/fast_livo/local_setup.dsv
[27.334s] -- Symlinking: /home/ht/ht_ws/install/fast_livo/share/fast_livo/package.dsv
[27.340s] -- Up-to-date symlink: /home/ht/ht_ws/install/fast_livo/share/ament_index/resource_index/packages/fast_livo
[27.340s] -- Up-to-date symlink: /home/ht/ht_ws/install/fast_livo/share/fast_livo/cmake/ament_cmake_export_dependencies-extras.cmake
[27.340s] -- Up-to-date symlink: /home/ht/ht_ws/install/fast_livo/share/fast_livo/cmake/fast_livoConfig.cmake
[27.340s] -- Up-to-date symlink: /home/ht/ht_ws/install/fast_livo/share/fast_livo/cmake/fast_livoConfig-version.cmake
[27.340s] -- Up-to-date symlink: /home/ht/ht_ws/install/fast_livo/share/fast_livo/package.xml
[27.341s] Invoked command in '/home/ht/ht_ws/build/fast_livo' returned '0': AMENT_PREFIX_PATH=/home/ht/ht_ws/install/vikit_ros:${AMENT_PREFIX_PATH} CMAKE_PREFIX_PATH=/home/ht/ht_ws/install/vikit_ros:/opt/ros/humble:/home/ht/ht_ws/install/vikit_common LD_LIBRARY_PATH=/home/ht/ht_ws/install/vikit_ros/lib:/home/ht/ht_ws/install/vikit_common/lib:${LD_LIBRARY_PATH} PKG_CONFIG_PATH=/home/ht/ht_ws/install/vikit_common/lib/x86_64-linux-gnu/pkgconfig:/home/ht/ht_ws/install/vikit_common/lib/pkgconfig ROS_PACKAGE_PATH=/home/ht/ht_ws/install/vikit_common/share /usr/bin/cmake --install /home/ht/ht_ws/build/fast_livo
