[0.035s] Invoking command in '/home/bxi_nx/ht_ws/build/livox_sdk2': /usr/bin/cmake /home/bxi_nx/ht_ws/src/Livox-SDK2 -DBUILD_TOOLS=ON -DCMAKE_INSTALL_PREFIX=/home/bxi_nx/ht_ws/install/livox_sdk2
[0.057s] -- main project dir: /home/bxi_nx/ht_ws/src/Livox-SDK2
[0.058s] -- main project dir: /home/bxi_nx/ht_ws/src/Livox-SDK2/samples
[0.062s] -- Configuring done
[0.104s] -- Generating done
[0.107s] [33mCMake Warning:
[0.107s]   Manually-specified variables were not used by the project:
[0.108s] 
[0.108s]     BUILD_TOOLS
[0.108s] 
[0.108s] [0m
[0.113s] -- Build files have been written to: /home/bxi_nx/ht_ws/build/livox_sdk2
[0.118s] Invoked command in '/home/bxi_nx/ht_ws/build/livox_sdk2' returned '0': /usr/bin/cmake /home/bxi_nx/ht_ws/src/Livox-SDK2 -DBUILD_TOOLS=ON -DCMAKE_INSTALL_PREFIX=/home/bxi_nx/ht_ws/install/livox_sdk2
[0.122s] Invoking command in '/home/bxi_nx/ht_ws/build/livox_sdk2': /usr/bin/cmake --build /home/bxi_nx/ht_ws/build/livox_sdk2 -- -j8 -l8
[0.218s] [35m[1mConsolidate compiler generated dependencies of target livox_lidar_sdk_shared[0m
[0.218s] [35m[1mConsolidate compiler generated dependencies of target livox_lidar_sdk_static[0m
[0.315s] [ 42%] Built target livox_lidar_sdk_static
[0.317s] [ 84%] Built target livox_lidar_sdk_shared
[0.336s] [35m[1mConsolidate compiler generated dependencies of target multi_lidars_upgrade[0m
[0.337s] [35m[1mConsolidate compiler generated dependencies of target livox_lidar_quick_start[0m
[0.344s] [35m[1mConsolidate compiler generated dependencies of target livox_lidar_rmc_time_sync[0m
[0.360s] [35m[1mConsolidate compiler generated dependencies of target lidar_cmd_observer[0m
[0.360s] [35m[1mConsolidate compiler generated dependencies of target debug_point_cloud[0m
[0.364s] [35m[1mConsolidate compiler generated dependencies of target logger[0m
[0.372s] [ 86%] Built target multi_lidars_upgrade
[0.378s] [ 89%] Built target livox_lidar_quick_start
[0.384s] [ 92%] Built target livox_lidar_rmc_time_sync
[0.392s] [100%] Built target debug_point_cloud
[0.393s] [100%] Built target logger
[0.393s] [100%] Built target lidar_cmd_observer
[0.417s] Invoked command in '/home/bxi_nx/ht_ws/build/livox_sdk2' returned '0': /usr/bin/cmake --build /home/bxi_nx/ht_ws/build/livox_sdk2 -- -j8 -l8
[0.437s] Invoking command in '/home/bxi_nx/ht_ws/build/livox_sdk2': /usr/bin/cmake --install /home/bxi_nx/ht_ws/build/livox_sdk2
[0.454s] -- Install configuration: ""
[0.454s] -- Up-to-date: /home/bxi_nx/ht_ws/install/livox_sdk2/lib/liblivox_lidar_sdk_static.a
[0.454s] -- Up-to-date: /home/bxi_nx/ht_ws/install/livox_sdk2/include/livox_lidar_def.h
[0.455s] -- Up-to-date: /home/bxi_nx/ht_ws/install/livox_sdk2/include/livox_lidar_api.h
[0.455s] -- Up-to-date: /home/bxi_nx/ht_ws/install/livox_sdk2/include/livox_lidar_cfg.h
[0.455s] -- Up-to-date: /home/bxi_nx/ht_ws/install/livox_sdk2/lib/liblivox_lidar_sdk_shared.so
[0.462s] Invoked command in '/home/bxi_nx/ht_ws/build/livox_sdk2' returned '0': /usr/bin/cmake --install /home/bxi_nx/ht_ws/build/livox_sdk2
