[1.612s] Invoking command in '/home/bxi_nx/ht_ws/src/my_nav2_bringup': PYTHONPATH=/home/bxi_nx/ht_ws/build/my_nav2_bringup/prefix_override:/usr/lib/python3/dist-packages/colcon_core/task/python/colcon_distutils_commands:/home/bxi_nx/ht_ws/install/my_nav2_bringup/lib/python3.10/site-packages:${PYTHONPATH} /usr/bin/python3 -W ignore:setup.py install is deprecated -W ignore:easy_install command is deprecated setup.py egg_info --egg-base ../../build/my_nav2_bringup build --build-base /home/bxi_nx/ht_ws/build/my_nav2_bringup/build install --record /home/bxi_nx/ht_ws/build/my_nav2_bringup/install.log --single-version-externally-managed install_data
[2.057s] running egg_info
[2.058s] writing ../../build/my_nav2_bringup/my_nav2_bringup.egg-info/PKG-INFO
[2.058s] writing dependency_links to ../../build/my_nav2_bringup/my_nav2_bringup.egg-info/dependency_links.txt
[2.059s] writing entry points to ../../build/my_nav2_bringup/my_nav2_bringup.egg-info/entry_points.txt
[2.060s] writing requirements to ../../build/my_nav2_bringup/my_nav2_bringup.egg-info/requires.txt
[2.060s] writing top-level names to ../../build/my_nav2_bringup/my_nav2_bringup.egg-info/top_level.txt
[2.064s] reading manifest file '../../build/my_nav2_bringup/my_nav2_bringup.egg-info/SOURCES.txt'
[2.066s] writing manifest file '../../build/my_nav2_bringup/my_nav2_bringup.egg-info/SOURCES.txt'
[2.068s] running build
[2.068s] running build_py
[2.070s] running install
[2.071s] running install_lib
[2.076s] running install_data
[2.076s] running install_egg_info
[2.081s] removing '/home/bxi_nx/ht_ws/install/my_nav2_bringup/lib/python3.10/site-packages/my_nav2_bringup-0.0.0-py3.10.egg-info' (and everything under it)
[2.081s] Copying ../../build/my_nav2_bringup/my_nav2_bringup.egg-info to /home/bxi_nx/ht_ws/install/my_nav2_bringup/lib/python3.10/site-packages/my_nav2_bringup-0.0.0-py3.10.egg-info
[2.083s] running install_scripts
[2.128s] writing list of installed files to '/home/bxi_nx/ht_ws/build/my_nav2_bringup/install.log'
[2.212s] Invoked command in '/home/bxi_nx/ht_ws/src/my_nav2_bringup' returned '0': PYTHONPATH=/home/bxi_nx/ht_ws/build/my_nav2_bringup/prefix_override:/usr/lib/python3/dist-packages/colcon_core/task/python/colcon_distutils_commands:/home/bxi_nx/ht_ws/install/my_nav2_bringup/lib/python3.10/site-packages:${PYTHONPATH} /usr/bin/python3 -W ignore:setup.py install is deprecated -W ignore:easy_install command is deprecated setup.py egg_info --egg-base ../../build/my_nav2_bringup build --build-base /home/bxi_nx/ht_ws/build/my_nav2_bringup/build install --record /home/bxi_nx/ht_ws/build/my_nav2_bringup/install.log --single-version-externally-managed install_data
