[0.017s] Invoking command in '/home/ht/ht_ws/build/nav2_common': CMAKE_PREFIX_PATH=/opt/ros/humble /usr/bin/cmake /home/ht/ht_ws/src/navigation2/nav2_common -DCMAKE_INSTALL_PREFIX=/home/ht/ht_ws/install/nav2_common
[0.030s] -- Found ament_cmake_core: 1.3.12 (/opt/ros/humble/share/ament_cmake_core/cmake)
[0.135s] -- Found Python3: /usr/bin/python3 (found version "3.10.12") found components: Interpreter 
[0.186s] -- Found ament_cmake_python: 1.3.12 (/opt/ros/humble/share/ament_cmake_python/cmake)
[0.294s] -- Configuring done
[0.295s] -- Generating done
[0.297s] -- Build files have been written to: /home/ht/ht_ws/build/nav2_common
[0.299s] Invoked command in '/home/ht/ht_ws/build/nav2_common' returned '0': CMAKE_PREFIX_PATH=/opt/ros/humble /usr/bin/cmake /home/ht/ht_ws/src/navigation2/nav2_common -DCMAKE_INSTALL_PREFIX=/home/ht/ht_ws/install/nav2_common
[0.300s] Invoking command in '/home/ht/ht_ws/build/nav2_common': CMAKE_PREFIX_PATH=/opt/ros/humble /usr/bin/cmake --build /home/ht/ht_ws/build/nav2_common -- -j16 -l16
[0.333s] Built target ament_cmake_python_copy_nav2_common
[0.474s] running egg_info
[0.474s] creating nav2_common.egg-info
[0.474s] writing nav2_common.egg-info/PKG-INFO
[0.474s] writing dependency_links to nav2_common.egg-info/dependency_links.txt
[0.474s] writing top-level names to nav2_common.egg-info/top_level.txt
[0.474s] writing manifest file 'nav2_common.egg-info/SOURCES.txt'
[0.476s] reading manifest file 'nav2_common.egg-info/SOURCES.txt'
[0.476s] writing manifest file 'nav2_common.egg-info/SOURCES.txt'
[0.494s] Built target ament_cmake_python_build_nav2_common_egg
[0.501s] Invoked command in '/home/ht/ht_ws/build/nav2_common' returned '0': CMAKE_PREFIX_PATH=/opt/ros/humble /usr/bin/cmake --build /home/ht/ht_ws/build/nav2_common -- -j16 -l16
[0.502s] Invoking command in '/home/ht/ht_ws/build/nav2_common': CMAKE_PREFIX_PATH=/opt/ros/humble /usr/bin/cmake --install /home/ht/ht_ws/build/nav2_common
[0.506s] -- Install configuration: ""
[0.506s] -- Installing: /home/ht/ht_ws/install/nav2_common/share/nav2_common/environment/pythonpath.sh
[0.506s] -- Installing: /home/ht/ht_ws/install/nav2_common/share/nav2_common/environment/pythonpath.dsv
[0.506s] -- Installing: /home/ht/ht_ws/install/nav2_common/local/lib/python3.10/dist-packages/nav2_common-1.1.20-py3.10.egg-info
[0.506s] -- Installing: /home/ht/ht_ws/install/nav2_common/local/lib/python3.10/dist-packages/nav2_common-1.1.20-py3.10.egg-info/SOURCES.txt
[0.506s] -- Installing: /home/ht/ht_ws/install/nav2_common/local/lib/python3.10/dist-packages/nav2_common-1.1.20-py3.10.egg-info/PKG-INFO
[0.506s] -- Installing: /home/ht/ht_ws/install/nav2_common/local/lib/python3.10/dist-packages/nav2_common-1.1.20-py3.10.egg-info/top_level.txt
[0.506s] -- Installing: /home/ht/ht_ws/install/nav2_common/local/lib/python3.10/dist-packages/nav2_common-1.1.20-py3.10.egg-info/dependency_links.txt
[0.507s] -- Installing: /home/ht/ht_ws/install/nav2_common/local/lib/python3.10/dist-packages/nav2_common
[0.507s] -- Installing: /home/ht/ht_ws/install/nav2_common/local/lib/python3.10/dist-packages/nav2_common/launch
[0.507s] -- Installing: /home/ht/ht_ws/install/nav2_common/local/lib/python3.10/dist-packages/nav2_common/launch/rewritten_yaml.py
[0.507s] -- Installing: /home/ht/ht_ws/install/nav2_common/local/lib/python3.10/dist-packages/nav2_common/launch/parse_multirobot_pose.py
[0.507s] -- Installing: /home/ht/ht_ws/install/nav2_common/local/lib/python3.10/dist-packages/nav2_common/launch/replace_string.py
[0.507s] -- Installing: /home/ht/ht_ws/install/nav2_common/local/lib/python3.10/dist-packages/nav2_common/launch/has_node_params.py
[0.507s] -- Installing: /home/ht/ht_ws/install/nav2_common/local/lib/python3.10/dist-packages/nav2_common/launch/__init__.py
[0.507s] -- Installing: /home/ht/ht_ws/install/nav2_common/local/lib/python3.10/dist-packages/nav2_common/__init__.py
[0.529s] Listing '/home/ht/ht_ws/install/nav2_common/local/lib/python3.10/dist-packages/nav2_common'...
[0.529s] Compiling '/home/ht/ht_ws/install/nav2_common/local/lib/python3.10/dist-packages/nav2_common/__init__.py'...
[0.529s] Listing '/home/ht/ht_ws/install/nav2_common/local/lib/python3.10/dist-packages/nav2_common/launch'...
[0.529s] Compiling '/home/ht/ht_ws/install/nav2_common/local/lib/python3.10/dist-packages/nav2_common/launch/__init__.py'...
[0.529s] Compiling '/home/ht/ht_ws/install/nav2_common/local/lib/python3.10/dist-packages/nav2_common/launch/has_node_params.py'...
[0.529s] Compiling '/home/ht/ht_ws/install/nav2_common/local/lib/python3.10/dist-packages/nav2_common/launch/parse_multirobot_pose.py'...
[0.529s] Compiling '/home/ht/ht_ws/install/nav2_common/local/lib/python3.10/dist-packages/nav2_common/launch/replace_string.py'...
[0.529s] Compiling '/home/ht/ht_ws/install/nav2_common/local/lib/python3.10/dist-packages/nav2_common/launch/rewritten_yaml.py'...
[0.532s] -- Installing: /home/ht/ht_ws/install/nav2_common/share/ament_index/resource_index/package_run_dependencies/nav2_common
[0.532s] -- Installing: /home/ht/ht_ws/install/nav2_common/share/ament_index/resource_index/parent_prefix_path/nav2_common
[0.532s] -- Installing: /home/ht/ht_ws/install/nav2_common/share/nav2_common/environment/ament_prefix_path.sh
[0.532s] -- Installing: /home/ht/ht_ws/install/nav2_common/share/nav2_common/environment/ament_prefix_path.dsv
[0.532s] -- Installing: /home/ht/ht_ws/install/nav2_common/share/nav2_common/environment/path.sh
[0.532s] -- Installing: /home/ht/ht_ws/install/nav2_common/share/nav2_common/environment/path.dsv
[0.532s] -- Installing: /home/ht/ht_ws/install/nav2_common/share/nav2_common/local_setup.bash
[0.533s] -- Installing: /home/ht/ht_ws/install/nav2_common/share/nav2_common/local_setup.sh
[0.533s] -- Installing: /home/ht/ht_ws/install/nav2_common/share/nav2_common/local_setup.zsh
[0.533s] -- Installing: /home/ht/ht_ws/install/nav2_common/share/nav2_common/local_setup.dsv
[0.533s] -- Installing: /home/ht/ht_ws/install/nav2_common/share/nav2_common/package.dsv
[0.533s] -- Installing: /home/ht/ht_ws/install/nav2_common/share/ament_index/resource_index/packages/nav2_common
[0.533s] -- Installing: /home/ht/ht_ws/install/nav2_common/share/nav2_common/cmake/nav2_common-extras.cmake
[0.533s] -- Installing: /home/ht/ht_ws/install/nav2_common/share/nav2_common/cmake/nav2_commonConfig.cmake
[0.533s] -- Installing: /home/ht/ht_ws/install/nav2_common/share/nav2_common/cmake/nav2_commonConfig-version.cmake
[0.533s] -- Installing: /home/ht/ht_ws/install/nav2_common/share/nav2_common/package.xml
[0.533s] -- Up-to-date: /home/ht/ht_ws/install/nav2_common/share/nav2_common/cmake
[0.533s] -- Installing: /home/ht/ht_ws/install/nav2_common/share/nav2_common/cmake/nav2_package.cmake
[0.535s] Invoked command in '/home/ht/ht_ws/build/nav2_common' returned '0': CMAKE_PREFIX_PATH=/opt/ros/humble /usr/bin/cmake --install /home/ht/ht_ws/build/nav2_common
