[0.009s] Invoking command in '/home/ht/ht_ws/build/fast_livo': AMENT_PREFIX_PATH=/home/ht/ht_ws/install/vikit_ros:${AMENT_PREFIX_PATH} CMAKE_PREFIX_PATH=/home/ht/ht_ws/install/vikit_ros:/opt/ros/humble:/home/ht/ht_ws/install/vikit_common LD_LIBRARY_PATH=/home/ht/ht_ws/install/vikit_ros/lib:/home/ht/ht_ws/install/vikit_common/lib:${LD_LIBRARY_PATH} PKG_CONFIG_PATH=/home/ht/ht_ws/install/vikit_common/lib/x86_64-linux-gnu/pkgconfig:/home/ht/ht_ws/install/vikit_common/lib/pkgconfig ROS_PACKAGE_PATH=/home/ht/ht_ws/install/vikit_common/share /usr/bin/cmake --build /home/ht/ht_ws/build/fast_livo -- -j16 -l16
[0.045s] [35m[1mConsolidate compiler generated dependencies of target laser_mapping[0m
[0.049s] [ 12%] Built target utils
[0.056s] [ 25%] Built target pre
[0.058s] [ 50%] Built target vio
[0.060s] [ 62%] Built target imu_proc
[0.064s] [ 68%] [32mBuilding CXX object CMakeFiles/laser_mapping.dir/src/LIVMapper.cpp.o[0m
[0.073s] [ 81%] Built target lio
[24.895s] [ 87%] [32m[1mLinking CXX static library liblaser_mapping.a[0m
[24.948s] [ 87%] Built target laser_mapping
[24.971s] [ 93%] [32m[1mLinking CXX executable fastlivo_mapping[0m
[25.810s] [100%] Built target fastlivo_mapping
[25.819s] Invoked command in '/home/ht/ht_ws/build/fast_livo' returned '0': AMENT_PREFIX_PATH=/home/ht/ht_ws/install/vikit_ros:${AMENT_PREFIX_PATH} CMAKE_PREFIX_PATH=/home/ht/ht_ws/install/vikit_ros:/opt/ros/humble:/home/ht/ht_ws/install/vikit_common LD_LIBRARY_PATH=/home/ht/ht_ws/install/vikit_ros/lib:/home/ht/ht_ws/install/vikit_common/lib:${LD_LIBRARY_PATH} PKG_CONFIG_PATH=/home/ht/ht_ws/install/vikit_common/lib/x86_64-linux-gnu/pkgconfig:/home/ht/ht_ws/install/vikit_common/lib/pkgconfig ROS_PACKAGE_PATH=/home/ht/ht_ws/install/vikit_common/share /usr/bin/cmake --build /home/ht/ht_ws/build/fast_livo -- -j16 -l16
[25.820s] Invoking command in '/home/ht/ht_ws/build/fast_livo': AMENT_PREFIX_PATH=/home/ht/ht_ws/install/vikit_ros:${AMENT_PREFIX_PATH} CMAKE_PREFIX_PATH=/home/ht/ht_ws/install/vikit_ros:/opt/ros/humble:/home/ht/ht_ws/install/vikit_common LD_LIBRARY_PATH=/home/ht/ht_ws/install/vikit_ros/lib:/home/ht/ht_ws/install/vikit_common/lib:${LD_LIBRARY_PATH} PKG_CONFIG_PATH=/home/ht/ht_ws/install/vikit_common/lib/x86_64-linux-gnu/pkgconfig:/home/ht/ht_ws/install/vikit_common/lib/pkgconfig ROS_PACKAGE_PATH=/home/ht/ht_ws/install/vikit_common/share /usr/bin/cmake --install /home/ht/ht_ws/build/fast_livo
[25.826s] -- Install configuration: "Release"
[25.826s] -- Execute custom install script
[25.826s] -- Up-to-date symlink: /home/ht/ht_ws/install/fast_livo/lib/fast_livo/fastlivo_mapping
[25.826s] -- Up-to-date symlink: /home/ht/ht_ws/install/fast_livo/share/fast_livo/config/MARS_LVIG.yaml
[25.826s] -- Up-to-date symlink: /home/ht/ht_ws/install/fast_livo/share/fast_livo/config/avia.yaml
[25.826s] -- Up-to-date symlink: /home/ht/ht_ws/install/fast_livo/share/fast_livo/config/camera_MARS_LVIG.yaml
[25.826s] -- Up-to-date symlink: /home/ht/ht_ws/install/fast_livo/share/fast_livo/config/camera_pinhole.yaml
[25.827s] -- Up-to-date symlink: /home/ht/ht_ws/install/fast_livo/share/fast_livo/launch/mapping_avia.launch.py
[25.827s] -- Up-to-date symlink: /home/ht/ht_ws/install/fast_livo/share/fast_livo/launch/mapping_avia_marslvig.launch.py
[25.827s] -- Up-to-date symlink: /home/ht/ht_ws/install/fast_livo/share/fast_livo/rviz_cfg/M300.rviz
[25.827s] -- Up-to-date symlink: /home/ht/ht_ws/install/fast_livo/share/fast_livo/rviz_cfg/fast_livo2.rviz
[25.827s] -- Up-to-date symlink: /home/ht/ht_ws/install/fast_livo/share/ament_index/resource_index/package_run_dependencies/fast_livo
[25.827s] -- Up-to-date symlink: /home/ht/ht_ws/install/fast_livo/share/ament_index/resource_index/parent_prefix_path/fast_livo
[25.827s] -- Up-to-date symlink: /home/ht/ht_ws/install/fast_livo/share/fast_livo/environment/ament_prefix_path.sh
[25.827s] -- Up-to-date symlink: /home/ht/ht_ws/install/fast_livo/share/fast_livo/environment/ament_prefix_path.dsv
[25.827s] -- Up-to-date symlink: /home/ht/ht_ws/install/fast_livo/share/fast_livo/environment/path.sh
[25.827s] -- Up-to-date symlink: /home/ht/ht_ws/install/fast_livo/share/fast_livo/environment/path.dsv
[25.827s] -- Up-to-date symlink: /home/ht/ht_ws/install/fast_livo/share/fast_livo/local_setup.bash
[25.827s] -- Up-to-date symlink: /home/ht/ht_ws/install/fast_livo/share/fast_livo/local_setup.sh
[25.827s] -- Up-to-date symlink: /home/ht/ht_ws/install/fast_livo/share/fast_livo/local_setup.zsh
[25.828s] -- Up-to-date symlink: /home/ht/ht_ws/install/fast_livo/share/fast_livo/local_setup.dsv
[25.828s] -- Symlinking: /home/ht/ht_ws/install/fast_livo/share/fast_livo/package.dsv
[25.834s] -- Up-to-date symlink: /home/ht/ht_ws/install/fast_livo/share/ament_index/resource_index/packages/fast_livo
[25.834s] -- Up-to-date symlink: /home/ht/ht_ws/install/fast_livo/share/fast_livo/cmake/ament_cmake_export_dependencies-extras.cmake
[25.834s] -- Up-to-date symlink: /home/ht/ht_ws/install/fast_livo/share/fast_livo/cmake/fast_livoConfig.cmake
[25.834s] -- Up-to-date symlink: /home/ht/ht_ws/install/fast_livo/share/fast_livo/cmake/fast_livoConfig-version.cmake
[25.834s] -- Up-to-date symlink: /home/ht/ht_ws/install/fast_livo/share/fast_livo/package.xml
[25.835s] Invoked command in '/home/ht/ht_ws/build/fast_livo' returned '0': AMENT_PREFIX_PATH=/home/ht/ht_ws/install/vikit_ros:${AMENT_PREFIX_PATH} CMAKE_PREFIX_PATH=/home/ht/ht_ws/install/vikit_ros:/opt/ros/humble:/home/ht/ht_ws/install/vikit_common LD_LIBRARY_PATH=/home/ht/ht_ws/install/vikit_ros/lib:/home/ht/ht_ws/install/vikit_common/lib:${LD_LIBRARY_PATH} PKG_CONFIG_PATH=/home/ht/ht_ws/install/vikit_common/lib/x86_64-linux-gnu/pkgconfig:/home/ht/ht_ws/install/vikit_common/lib/pkgconfig ROS_PACKAGE_PATH=/home/ht/ht_ws/install/vikit_common/share /usr/bin/cmake --install /home/ht/ht_ws/build/fast_livo
