[0.005s] Invoking command in '/home/ht/ht_ws/build/vikit_ros': CMAKE_PREFIX_PATH=/home/ht/ht_ws/install/realsense2_ros_mqtt_bridge:/opt/ros/humble:/home/ht/ht_ws/install/vikit_common:/home/ht/ht_ws/install/vikit_ros:/home/ht/ht_ws/install/realsense2_rviz_plugin:/home/ht/ht_ws/install/realsense2_description:/home/ht/ht_ws/install/realsense2_camera:/home/ht/ht_ws/install/realsense2_camera_msgs:/home/ht/ht_ws/install/livox_ros_driver2:/home/ht/ht_ws/install/fast_livo LD_LIBRARY_PATH=/home/ht/ht_ws/install/vikit_common/lib:/home/ht/ht_ws/install/vikit_ros/lib:/home/ht/ht_ws/install/realsense2_camera/lib:/home/ht/ht_ws/install/realsense2_camera_msgs/lib:/home/ht/ht_ws/install/livox_ros_driver2/lib:/opt/ros/humble/opt/rviz_ogre_vendor/lib:/opt/ros/humble/lib/x86_64-linux-gnu:/opt/ros/humble/lib /usr/bin/cmake /home/ht/ht_ws/src/rpg_vikit/vikit_ros -DBUILD_TOOLS=ON -DCMAKE_INSTALL_PREFIX=/home/ht/ht_ws/install/vikit_ros
[0.013s] -- Found ament_cmake: 1.3.12 (/opt/ros/humble/share/ament_cmake/cmake)
[0.086s] -- Override CMake install command with custom implementation using symlinks instead of copying resources
[0.090s] -- Found rclcpp: 16.0.17 (/opt/ros/humble/share/rclcpp/cmake)
[0.105s] -- Found rosidl_generator_c: 3.1.8 (/opt/ros/humble/share/rosidl_generator_c/cmake)
[0.106s] -- Found rosidl_adapter: 3.1.8 (/opt/ros/humble/share/rosidl_adapter/cmake)
[0.109s] -- Found rosidl_generator_cpp: 3.1.8 (/opt/ros/humble/share/rosidl_generator_cpp/cmake)
[0.114s] -- Using all available rosidl_typesupport_c: rosidl_typesupport_fastrtps_c;rosidl_typesupport_introspection_c
[0.121s] -- Using all available rosidl_typesupport_cpp: rosidl_typesupport_fastrtps_cpp;rosidl_typesupport_introspection_cpp
[0.138s] -- Found rmw_implementation_cmake: 6.1.2 (/opt/ros/humble/share/rmw_implementation_cmake/cmake)
[0.139s] -- Found rmw_fastrtps_cpp: 6.2.9 (/opt/ros/humble/share/rmw_fastrtps_cpp/cmake)
[0.200s] -- Using RMW implementation 'rmw_fastrtps_cpp' as default
[0.227s] -- Found vikit_common: 0.0.0 (/home/ht/ht_ws/install/vikit_common/share/vikit_common/cmake)
[0.232s] -- Found visualization_msgs: 4.9.0 (/opt/ros/humble/share/visualization_msgs/cmake)
[0.258s] -- Found tf2_ros: 0.25.18 (/opt/ros/humble/share/tf2_ros/cmake)
[0.304s] -- Found tf2_geometry_msgs: 0.25.18 (/opt/ros/humble/share/tf2_geometry_msgs/cmake)
[0.305s] -- Found eigen3_cmake_module: 0.1.1 (/opt/ros/humble/share/eigen3_cmake_module/cmake)
[0.306s] -- Ensuring Eigen3 include directory is part of orocos-kdl CMake target
[0.345s] -- Configuring done
[0.352s] -- Generating done
[0.353s] [33mCMake Warning:
[0.353s]   Manually-specified variables were not used by the project:
[0.353s] 
[0.353s]     BUILD_TOOLS
[0.353s] 
[0.353s] [0m
[0.354s] -- Build files have been written to: /home/ht/ht_ws/build/vikit_ros
[0.359s] Invoked command in '/home/ht/ht_ws/build/vikit_ros' returned '0': CMAKE_PREFIX_PATH=/home/ht/ht_ws/install/realsense2_ros_mqtt_bridge:/opt/ros/humble:/home/ht/ht_ws/install/vikit_common:/home/ht/ht_ws/install/vikit_ros:/home/ht/ht_ws/install/realsense2_rviz_plugin:/home/ht/ht_ws/install/realsense2_description:/home/ht/ht_ws/install/realsense2_camera:/home/ht/ht_ws/install/realsense2_camera_msgs:/home/ht/ht_ws/install/livox_ros_driver2:/home/ht/ht_ws/install/fast_livo LD_LIBRARY_PATH=/home/ht/ht_ws/install/vikit_common/lib:/home/ht/ht_ws/install/vikit_ros/lib:/home/ht/ht_ws/install/realsense2_camera/lib:/home/ht/ht_ws/install/realsense2_camera_msgs/lib:/home/ht/ht_ws/install/livox_ros_driver2/lib:/opt/ros/humble/opt/rviz_ogre_vendor/lib:/opt/ros/humble/lib/x86_64-linux-gnu:/opt/ros/humble/lib /usr/bin/cmake /home/ht/ht_ws/src/rpg_vikit/vikit_ros -DBUILD_TOOLS=ON -DCMAKE_INSTALL_PREFIX=/home/ht/ht_ws/install/vikit_ros
[0.359s] Invoking command in '/home/ht/ht_ws/build/vikit_ros': CMAKE_PREFIX_PATH=/home/ht/ht_ws/install/realsense2_ros_mqtt_bridge:/opt/ros/humble:/home/ht/ht_ws/install/vikit_common:/home/ht/ht_ws/install/vikit_ros:/home/ht/ht_ws/install/realsense2_rviz_plugin:/home/ht/ht_ws/install/realsense2_description:/home/ht/ht_ws/install/realsense2_camera:/home/ht/ht_ws/install/realsense2_camera_msgs:/home/ht/ht_ws/install/livox_ros_driver2:/home/ht/ht_ws/install/fast_livo LD_LIBRARY_PATH=/home/ht/ht_ws/install/vikit_common/lib:/home/ht/ht_ws/install/vikit_ros/lib:/home/ht/ht_ws/install/realsense2_camera/lib:/home/ht/ht_ws/install/realsense2_camera_msgs/lib:/home/ht/ht_ws/install/livox_ros_driver2/lib:/opt/ros/humble/opt/rviz_ogre_vendor/lib:/opt/ros/humble/lib/x86_64-linux-gnu:/opt/ros/humble/lib /usr/bin/cmake --build /home/ht/ht_ws/build/vikit_ros -- -j16 -l16
[0.390s] [35m[1mConsolidate compiler generated dependencies of target vikit_ros[0m
[0.401s] [100%] Built target vikit_ros
[0.407s] Invoked command in '/home/ht/ht_ws/build/vikit_ros' returned '0': CMAKE_PREFIX_PATH=/home/ht/ht_ws/install/realsense2_ros_mqtt_bridge:/opt/ros/humble:/home/ht/ht_ws/install/vikit_common:/home/ht/ht_ws/install/vikit_ros:/home/ht/ht_ws/install/realsense2_rviz_plugin:/home/ht/ht_ws/install/realsense2_description:/home/ht/ht_ws/install/realsense2_camera:/home/ht/ht_ws/install/realsense2_camera_msgs:/home/ht/ht_ws/install/livox_ros_driver2:/home/ht/ht_ws/install/fast_livo LD_LIBRARY_PATH=/home/ht/ht_ws/install/vikit_common/lib:/home/ht/ht_ws/install/vikit_ros/lib:/home/ht/ht_ws/install/realsense2_camera/lib:/home/ht/ht_ws/install/realsense2_camera_msgs/lib:/home/ht/ht_ws/install/livox_ros_driver2/lib:/opt/ros/humble/opt/rviz_ogre_vendor/lib:/opt/ros/humble/lib/x86_64-linux-gnu:/opt/ros/humble/lib /usr/bin/cmake --build /home/ht/ht_ws/build/vikit_ros -- -j16 -l16
[0.408s] Invoking command in '/home/ht/ht_ws/build/vikit_ros': CMAKE_PREFIX_PATH=/home/ht/ht_ws/install/realsense2_ros_mqtt_bridge:/opt/ros/humble:/home/ht/ht_ws/install/vikit_common:/home/ht/ht_ws/install/vikit_ros:/home/ht/ht_ws/install/realsense2_rviz_plugin:/home/ht/ht_ws/install/realsense2_description:/home/ht/ht_ws/install/realsense2_camera:/home/ht/ht_ws/install/realsense2_camera_msgs:/home/ht/ht_ws/install/livox_ros_driver2:/home/ht/ht_ws/install/fast_livo LD_LIBRARY_PATH=/home/ht/ht_ws/install/vikit_common/lib:/home/ht/ht_ws/install/vikit_ros/lib:/home/ht/ht_ws/install/realsense2_camera/lib:/home/ht/ht_ws/install/realsense2_camera_msgs/lib:/home/ht/ht_ws/install/livox_ros_driver2/lib:/opt/ros/humble/opt/rviz_ogre_vendor/lib:/opt/ros/humble/lib/x86_64-linux-gnu:/opt/ros/humble/lib /usr/bin/cmake --install /home/ht/ht_ws/build/vikit_ros
[0.413s] -- Install configuration: "Release"
[0.413s] -- Execute custom install script
[0.413s] -- Up-to-date symlink: /home/ht/ht_ws/install/vikit_ros/include/vikit_ros/vikit/camera_loader.h
[0.413s] -- Up-to-date symlink: /home/ht/ht_ws/install/vikit_ros/include/vikit_ros/vikit/output_helper.h
[0.413s] -- Up-to-date symlink: /home/ht/ht_ws/install/vikit_ros/include/vikit_ros/vikit/params_helper.h
[0.413s] -- Up-to-date symlink: /home/ht/ht_ws/install/vikit_ros/share/vikit_ros/environment/library_path.sh
[0.413s] -- Up-to-date symlink: /home/ht/ht_ws/install/vikit_ros/share/vikit_ros/environment/library_path.dsv
[0.413s] -- Up-to-date symlink: /home/ht/ht_ws/install/vikit_ros/share/ament_index/resource_index/package_run_dependencies/vikit_ros
[0.414s] -- Up-to-date symlink: /home/ht/ht_ws/install/vikit_ros/share/ament_index/resource_index/parent_prefix_path/vikit_ros
[0.414s] -- Up-to-date symlink: /home/ht/ht_ws/install/vikit_ros/share/vikit_ros/environment/ament_prefix_path.sh
[0.414s] -- Up-to-date symlink: /home/ht/ht_ws/install/vikit_ros/share/vikit_ros/environment/ament_prefix_path.dsv
[0.414s] -- Up-to-date symlink: /home/ht/ht_ws/install/vikit_ros/share/vikit_ros/environment/path.sh
[0.414s] -- Up-to-date symlink: /home/ht/ht_ws/install/vikit_ros/share/vikit_ros/environment/path.dsv
[0.414s] -- Up-to-date symlink: /home/ht/ht_ws/install/vikit_ros/share/vikit_ros/local_setup.bash
[0.414s] -- Up-to-date symlink: /home/ht/ht_ws/install/vikit_ros/share/vikit_ros/local_setup.sh
[0.414s] -- Up-to-date symlink: /home/ht/ht_ws/install/vikit_ros/share/vikit_ros/local_setup.zsh
[0.414s] -- Up-to-date symlink: /home/ht/ht_ws/install/vikit_ros/share/vikit_ros/local_setup.dsv
[0.414s] -- Symlinking: /home/ht/ht_ws/install/vikit_ros/share/vikit_ros/package.dsv
[0.418s] -- Up-to-date symlink: /home/ht/ht_ws/install/vikit_ros/share/ament_index/resource_index/packages/vikit_ros
[0.418s] -- Up-to-date symlink: /home/ht/ht_ws/install/vikit_ros/share/vikit_ros/cmake/ament_cmake_export_dependencies-extras.cmake
[0.419s] -- Up-to-date symlink: /home/ht/ht_ws/install/vikit_ros/share/vikit_ros/cmake/ament_cmake_export_include_directories-extras.cmake
[0.419s] -- Up-to-date symlink: /home/ht/ht_ws/install/vikit_ros/share/vikit_ros/cmake/ament_cmake_export_libraries-extras.cmake
[0.419s] -- Up-to-date symlink: /home/ht/ht_ws/install/vikit_ros/share/vikit_ros/cmake/ament_cmake_export_targets-extras.cmake
[0.419s] -- Up-to-date symlink: /home/ht/ht_ws/install/vikit_ros/share/vikit_ros/cmake/vikit_rosConfig.cmake
[0.419s] -- Up-to-date symlink: /home/ht/ht_ws/install/vikit_ros/share/vikit_ros/cmake/vikit_rosConfig-version.cmake
[0.419s] -- Up-to-date symlink: /home/ht/ht_ws/install/vikit_ros/share/vikit_ros/package.xml
[0.419s] -- Up-to-date: /home/ht/ht_ws/install/vikit_ros/lib/libvikit_ros.so
[0.419s] -- Up-to-date: /home/ht/ht_ws/install/vikit_ros/share/vikit_ros/cmake/vikit_rosExport.cmake
[0.419s] -- Up-to-date: /home/ht/ht_ws/install/vikit_ros/share/vikit_ros/cmake/vikit_rosExport-release.cmake
[0.420s] Invoked command in '/home/ht/ht_ws/build/vikit_ros' returned '0': CMAKE_PREFIX_PATH=/home/ht/ht_ws/install/realsense2_ros_mqtt_bridge:/opt/ros/humble:/home/ht/ht_ws/install/vikit_common:/home/ht/ht_ws/install/vikit_ros:/home/ht/ht_ws/install/realsense2_rviz_plugin:/home/ht/ht_ws/install/realsense2_description:/home/ht/ht_ws/install/realsense2_camera:/home/ht/ht_ws/install/realsense2_camera_msgs:/home/ht/ht_ws/install/livox_ros_driver2:/home/ht/ht_ws/install/fast_livo LD_LIBRARY_PATH=/home/ht/ht_ws/install/vikit_common/lib:/home/ht/ht_ws/install/vikit_ros/lib:/home/ht/ht_ws/install/realsense2_camera/lib:/home/ht/ht_ws/install/realsense2_camera_msgs/lib:/home/ht/ht_ws/install/livox_ros_driver2/lib:/opt/ros/humble/opt/rviz_ogre_vendor/lib:/opt/ros/humble/lib/x86_64-linux-gnu:/opt/ros/humble/lib /usr/bin/cmake --install /home/ht/ht_ws/build/vikit_ros
