[0.024s] Invoking command in '/home/bxi_nx/ht_ws/build/fast_livo': AMENT_PREFIX_PATH=/home/bxi_nx/ht_ws/install/vikit_ros:${AMENT_PREFIX_PATH} CMAKE_PREFIX_PATH=/home/bxi_nx/ht_ws/install/vikit_ros:/opt/ros/humble:/home/bxi_nx/ht_ws/install/vikit_common:${CMAKE_PREFIX_PATH} LD_LIBRARY_PATH=/home/bxi_nx/ht_ws/install/vikit_ros/lib:/home/bxi_nx/ht_ws/install/vikit_common/lib:/home/bxi_nx/gtsam/build/gtsam/libgtsam.so.4:/usr/local/cuda-12.6/lib64:/home/bxi_nx/ws_livox/install/livox_ros_driver2/lib:/home/bxi_nx/ws_livox/install/interface/lib:/home/bxi_nx/ws_livox/install/communication/lib:/home/bxi_nx/gtsam/build/gtsam/libgtsam.so.4:/opt/ros/humble/opt/rviz_ogre_vendor/lib:/opt/ros/humble/lib/aarch64-linux-gnu:/opt/ros/humble/lib:/usr/local/cuda-12.6/lib64 PKG_CONFIG_PATH=/home/bxi_nx/ht_ws/install/vikit_common/lib/aarch64-linux-gnu/pkgconfig:/home/bxi_nx/ht_ws/install/vikit_common/lib/pkgconfig ROS_PACKAGE_PATH=/home/bxi_nx/ht_ws/install/vikit_common/share /usr/bin/cmake --build /home/bxi_nx/ht_ws/build/fast_livo -- -j8 -l8
[0.126s] [35m[1mConsolidate compiler generated dependencies of target vio[0m
[0.143s] [ 12%] Built target utils
[0.148s] [35m[1mConsolidate compiler generated dependencies of target laser_mapping[0m
[0.155s] [ 25%] Built target imu_proc
[0.169s] [ 37%] Built target pre
[0.169s] [35m[1mConsolidate compiler generated dependencies of target lio[0m
[0.194s] [ 43%] [32mBuilding CXX object CMakeFiles/vio.dir/src/vio.cpp.o[0m
[0.224s] [ 50%] [32mBuilding CXX object CMakeFiles/laser_mapping.dir/src/LIVMapper.cpp.o[0m
[0.225s] [ 56%] [32mBuilding CXX object CMakeFiles/lio.dir/src/voxel_map.cpp.o[0m
[17.136s] [01m[K/home/bxi_nx/ht_ws/src/FAST-LIVO2/src/voxel_map.cpp:[m[K In member function ‘[01m[Kvoid VoxelMapManager::UpdateVoxelMap(const std::vector<pointWithVar>&)[m[K’:
[17.136s] [01m[K/home/bxi_nx/ht_ws/src/FAST-LIVO2/src/voxel_map.cpp:681:53:[m[K [01;31m[Kerror: [m[Kconversion from ‘[01m[Kvector<[01;32m[Klong int[m[K,allocator<[01;32m[Klong int[m[K>>[m[K’ to non-scalar type ‘[01m[Kvector<[01;32m[Kint[m[K,allocator<[01;32m[Kint[m[K>>[m[K’ requested
[17.136s]   681 |   std::vector<int> layer_init_num = [01;31m[Kconfig_setting_.layer_init_num_[m[K;
[17.136s]       |                                     [01;31m[K~~~~~~~~~~~~~~~~^~~~~~~~~~~~~~~[m[K
[17.138s] [01m[K/home/bxi_nx/ht_ws/src/FAST-LIVO2/src/voxel_map.cpp:700:30:[m[K [01;31m[Kerror: [m[Kno matching function for call to ‘[01m[Kstd::__cxx11::list<VoxelOctoTree*>::splice(std::__cxx11::list<VoxelOctoTree*>::iterator, std::__cxx11::list<VoxelOctoTree*>&, VoxelOctoTree*&)[m[K’
[17.138s]   700 |       [01;31m[Kvoxel_map_cache_.splice(voxel_map_cache_.begin(), voxel_map_cache_, it->second)[m[K;
[17.138s]       |       [01;31m[K~~~~~~~~~~~~~~~~~~~~~~~^~~~~~~~~~~~~~~~~~~~~~~~~~~~~~~~~~~~~~~~~~~~~~~~~~~~~~~~[m[K
[17.138s] In file included from [01m[K/usr/include/c++/11/list:63[m[K,
[17.138s]                  from [01m[K/usr/include/eigen3/Eigen/src/IterativeLinearSolvers/IncompleteCholesky.h:15[m[K,
[17.139s]                  from [01m[K/usr/include/eigen3/Eigen/IterativeLinearSolvers:44[m[K,
[17.139s]                  from [01m[K/usr/include/eigen3/Eigen/Sparse:31[m[K,
[17.139s]                  from [01m[K/usr/include/eigen3/Eigen/Eigen:2[m[K,
[17.139s]                  from [01m[K/home/bxi_nx/ht_ws/src/FAST-LIVO2/include/utils/types.h:4[m[K,
[17.139s]                  from [01m[K/home/bxi_nx/ht_ws/src/FAST-LIVO2/include/common_lib.h:17[m[K,
[17.139s]                  from [01m[K/home/bxi_nx/ht_ws/src/FAST-LIVO2/include/voxel_map.h:16[m[K,
[17.139s]                  from [01m[K/home/bxi_nx/ht_ws/src/FAST-LIVO2/src/voxel_map.cpp:13[m[K:
[17.139s] [01m[K/usr/include/c++/11/bits/stl_list.h:1519:7:[m[K [01;36m[Knote: [m[Kcandidate: ‘[01m[Kvoid std::__cxx11::list<_Tp, _Alloc>::splice(std::__cxx11::list<_Tp, _Alloc>::const_iterator, std::__cxx11::list<_Tp, _Alloc>&&) [with _Tp = VoxelOctoTree*; _Alloc = std::allocator<VoxelOctoTree*>; std::__cxx11::list<_Tp, _Alloc>::const_iterator = std::__cxx11::list<VoxelOctoTree*>::const_iterator][m[K’
[17.140s]  1519 |       [01;36m[Ksplice[m[K(const_iterator __position, list&& __x) noexcept
[17.140s]       |       [01;36m[K^~~~~~[m[K
[17.140s] [01m[K/usr/include/c++/11/bits/stl_list.h:1519:7:[m[K [01;36m[Knote: [m[K  candidate expects 2 arguments, 3 provided
[17.140s] [01m[K/usr/include/c++/11/bits/stl_list.h:1538:7:[m[K [01;36m[Knote: [m[Kcandidate: ‘[01m[Kvoid std::__cxx11::list<_Tp, _Alloc>::splice(std::__cxx11::list<_Tp, _Alloc>::const_iterator, std::__cxx11::list<_Tp, _Alloc>&) [with _Tp = VoxelOctoTree*; _Alloc = std::allocator<VoxelOctoTree*>; std::__cxx11::list<_Tp, _Alloc>::const_iterator = std::__cxx11::list<VoxelOctoTree*>::const_iterator][m[K’
[17.140s]  1538 |       [01;36m[Ksplice[m[K(const_iterator __position, list& __x) noexcept
[17.140s]       |       [01;36m[K^~~~~~[m[K
[17.140s] [01m[K/usr/include/c++/11/bits/stl_list.h:1538:7:[m[K [01;36m[Knote: [m[K  candidate expects 2 arguments, 3 provided
[17.140s] [01m[K/usr/include/c++/11/bits/stl_list.h:1554:7:[m[K [01;36m[Knote: [m[Kcandidate: ‘[01m[Kvoid std::__cxx11::list<_Tp, _Alloc>::splice(std::__cxx11::list<_Tp, _Alloc>::const_iterator, std::__cxx11::list<_Tp, _Alloc>&&, std::__cxx11::list<_Tp, _Alloc>::const_iterator) [with _Tp = VoxelOctoTree*; _Alloc = std::allocator<VoxelOctoTree*>; std::__cxx11::list<_Tp, _Alloc>::const_iterator = std::__cxx11::list<VoxelOctoTree*>::const_iterator][m[K’
[17.141s]  1554 |       [01;36m[Ksplice[m[K(const_iterator __position, list&& __x, const_iterator __i) noexcept
[17.141s]       |       [01;36m[K^~~~~~[m[K
[17.141s] [01m[K/usr/include/c++/11/bits/stl_list.h:1554:68:[m[K [01;36m[Knote: [m[K  no known conversion for argument 3 from ‘[01m[KVoxelOctoTree*[m[K’ to ‘[01m[Kstd::__cxx11::list<VoxelOctoTree*>::const_iterator[m[K’
[17.141s]  1554 |       splice(const_iterator __position, list&& __x, [01;36m[Kconst_iterator __i[m[K) noexcept
[17.141s]       |                                                     [01;36m[K~~~~~~~~~~~~~~~^~~[m[K
[17.141s] [01m[K/usr/include/c++/11/bits/stl_list.h:1596:7:[m[K [01;36m[Knote: [m[Kcandidate: ‘[01m[Kvoid std::__cxx11::list<_Tp, _Alloc>::splice(std::__cxx11::list<_Tp, _Alloc>::const_iterator, std::__cxx11::list<_Tp, _Alloc>&, std::__cxx11::list<_Tp, _Alloc>::const_iterator) [with _Tp = VoxelOctoTree*; _Alloc = std::allocator<VoxelOctoTree*>; std::__cxx11::list<_Tp, _Alloc>::const_iterator = std::__cxx11::list<VoxelOctoTree*>::const_iterator][m[K’
[17.141s]  1596 |       [01;36m[Ksplice[m[K(const_iterator __position, list& __x, const_iterator __i) noexcept
[17.141s]       |       [01;36m[K^~~~~~[m[K
[17.141s] [01m[K/usr/include/c++/11/bits/stl_list.h:1596:67:[m[K [01;36m[Knote: [m[K  no known conversion for argument 3 from ‘[01m[KVoxelOctoTree*[m[K’ to ‘[01m[Kstd::__cxx11::list<VoxelOctoTree*>::const_iterator[m[K’
[17.141s]  1596 |       splice(const_iterator __position, list& __x, [01;36m[Kconst_iterator __i[m[K) noexcept
[17.142s]       |                                                    [01;36m[K~~~~~~~~~~~~~~~^~~[m[K
[17.142s] [01m[K/usr/include/c++/11/bits/stl_list.h:1615:7:[m[K [01;36m[Knote: [m[Kcandidate: ‘[01m[Kvoid std::__cxx11::list<_Tp, _Alloc>::splice(std::__cxx11::list<_Tp, _Alloc>::const_iterator, std::__cxx11::list<_Tp, _Alloc>&&, std::__cxx11::list<_Tp, _Alloc>::const_iterator, std::__cxx11::list<_Tp, _Alloc>::const_iterator) [with _Tp = VoxelOctoTree*; _Alloc = std::allocator<VoxelOctoTree*>; std::__cxx11::list<_Tp, _Alloc>::const_iterator = std::__cxx11::list<VoxelOctoTree*>::const_iterator][m[K’
[17.142s]  1615 |       [01;36m[Ksplice[m[K(const_iterator __position, list&& __x, const_iterator __first,
[17.142s]       |       [01;36m[K^~~~~~[m[K
[17.142s] [01m[K/usr/include/c++/11/bits/stl_list.h:1615:7:[m[K [01;36m[Knote: [m[K  candidate expects 4 arguments, 3 provided
[17.142s] [01m[K/usr/include/c++/11/bits/stl_list.h:1665:7:[m[K [01;36m[Knote: [m[Kcandidate: ‘[01m[Kvoid std::__cxx11::list<_Tp, _Alloc>::splice(std::__cxx11::list<_Tp, _Alloc>::const_iterator, std::__cxx11::list<_Tp, _Alloc>&, std::__cxx11::list<_Tp, _Alloc>::const_iterator, std::__cxx11::list<_Tp, _Alloc>::const_iterator) [with _Tp = VoxelOctoTree*; _Alloc = std::allocator<VoxelOctoTree*>; std::__cxx11::list<_Tp, _Alloc>::const_iterator = std::__cxx11::list<VoxelOctoTree*>::const_iterator][m[K’
[17.142s]  1665 |       [01;36m[Ksplice[m[K(const_iterator __position, list& __x, const_iterator __first,
[17.142s]       |       [01;36m[K^~~~~~[m[K
[17.142s] [01m[K/usr/include/c++/11/bits/stl_list.h:1665:7:[m[K [01;36m[Knote: [m[K  candidate expects 4 arguments, 3 provided
[17.142s] [01m[K/home/bxi_nx/ht_ws/src/FAST-LIVO2/src/voxel_map.cpp:701:42:[m[K [01;31m[Kerror: [m[K‘[01m[Kclass VoxelOctoTree[m[K’ has no member named ‘[01m[Ksecond[m[K’
[17.143s]   701 |       VoxelOctoTree* voxel = it->second->[01;31m[Ksecond[m[K;
[17.143s]       |                                          [01;31m[K^~~~~~[m[K
[17.143s] [01m[K/home/bxi_nx/ht_ws/src/FAST-LIVO2/src/voxel_map.cpp:719:52:[m[K [01;31m[Kerror: [m[Kcannot convert ‘[01m[Kstd::__cxx11::list<VoxelOctoTree*>::iterator[m[K’ to ‘[01m[Kstd::unordered_map<VOXEL_LOCATION, VoxelOctoTree*>::mapped_type[m[K’ {aka ‘[01m[KVoxelOctoTree*[m[K’} in assignment
[17.143s]   719 |       voxel_map_[position] = [01;31m[Kvoxel_map_cache_.begin()[m[K;
[17.143s]       |                              [01;31m[K~~~~~~~~~~~~~~~~~~~~~~^~[m[K
[17.143s]       |                                                    [01;31m[K|[m[K
[17.143s]       |                                                    [01;31m[Kstd::__cxx11::list<VoxelOctoTree*>::iterator[m[K
[17.143s] [01m[K/home/bxi_nx/ht_ws/src/FAST-LIVO2/src/voxel_map.cpp:727:34:[m[K [01;31m[Kerror: [m[Krequest for member ‘[01m[Kfirst[m[K’ in ‘[01m[K* old_it.std::_List_iterator<VoxelOctoTree*>::operator->()[m[K’, which is of pointer type ‘[01m[KVoxelOctoTree*[m[K’ (maybe you meant to use ‘[01m[K->[m[K’ ?)
[17.143s]   727 |         voxel_map_.erase(old_it->[01;31m[Kfirst[m[K);
[17.143s]       |                                  [01;31m[K^~~~~[m[K
[17.144s] [01m[K/home/bxi_nx/ht_ws/src/FAST-LIVO2/src/voxel_map.cpp:728:24:[m[K [01;31m[Kerror: [m[Krequest for member ‘[01m[Ksecond[m[K’ in ‘[01m[K* old_it.std::_List_iterator<VoxelOctoTree*>::operator->()[m[K’, which is of pointer type ‘[01m[KVoxelOctoTree*[m[K’ (maybe you meant to use ‘[01m[K->[m[K’ ?)
[17.144s]   728 |         delete old_it->[01;31m[Ksecond[m[K;
[17.144s]       |                        [01;31m[K^~~~~~[m[K
[22.424s] In file included from [01m[K/usr/include/aarch64-linux-gnu/c++/11/bits/c++allocator.h:33[m[K,
[22.425s]                  from [01m[K/usr/include/c++/11/bits/allocator.h:46[m[K,
[22.425s]                  from [01m[K/usr/include/c++/11/string:41[m[K,
[22.425s]                  from [01m[K/usr/include/c++/11/bits/locale_classes.h:40[m[K,
[22.425s]                  from [01m[K/usr/include/c++/11/bits/ios_base.h:41[m[K,
[22.425s]                  from [01m[K/usr/include/c++/11/ios:42[m[K,
[22.425s]                  from [01m[K/usr/include/c++/11/istream:38[m[K,
[22.425s]                  from [01m[K/usr/include/c++/11/sstream:38[m[K,
[22.425s]                  from [01m[K/usr/include/c++/11/complex:45[m[K,
[22.425s]                  from [01m[K/usr/include/eigen3/Eigen/Core:50[m[K,
[22.426s]                  from [01m[K/home/bxi_nx/ht_ws/src/FAST-LIVO2/include/utils/so3_math.h:4[m[K,
[22.426s]                  from [01m[K/home/bxi_nx/ht_ws/src/FAST-LIVO2/include/common_lib.h:16[m[K,
[22.426s]                  from [01m[K/home/bxi_nx/ht_ws/src/FAST-LIVO2/include/voxel_map.h:16[m[K,
[22.426s]                  from [01m[K/home/bxi_nx/ht_ws/src/FAST-LIVO2/src/voxel_map.cpp:13[m[K:
[22.426s] /usr/include/c++/11/ext/new_allocator.h: In instantiation of ‘[01m[Kvoid __gnu_cxx::new_allocator<_Tp>::construct(_Up*, _Args&& ...) [with _Up = VoxelOctoTree*; _Args = {VOXEL_LOCATION&, VoxelOctoTree*&}; _Tp = std::_List_node<VoxelOctoTree*>][m[K’:
[22.426s] [01m[K/usr/include/c++/11/bits/alloc_traits.h:516:17:[m[K   required from ‘[01m[Kstatic void std::allocator_traits<std::allocator<_CharT> >::construct(std::allocator_traits<std::allocator<_CharT> >::allocator_type&, _Up*, _Args&& ...) [with _Up = VoxelOctoTree*; _Args = {VOXEL_LOCATION&, VoxelOctoTree*&}; _Tp = std::_List_node<VoxelOctoTree*>; std::allocator_traits<std::allocator<_CharT> >::allocator_type = std::allocator<std::_List_node<VoxelOctoTree*> >][m[K’
[22.426s] [01m[K/usr/include/c++/11/bits/stl_list.h:638:33:[m[K   required from ‘[01m[Kstd::__cxx11::list<_Tp, _Alloc>::_Node* std::__cxx11::list<_Tp, _Alloc>::_M_create_node(_Args&& ...) [with _Args = {VOXEL_LOCATION&, VoxelOctoTree*&}; _Tp = VoxelOctoTree*; _Alloc = std::allocator<VoxelOctoTree*>; std::__cxx11::list<_Tp, _Alloc>::_Node = std::__cxx11::list<VoxelOctoTree*>::_Node][m[K’
[22.426s] [01m[K/usr/include/c++/11/bits/stl_list.h:1912:32:[m[K   required from ‘[01m[Kvoid std::__cxx11::list<_Tp, _Alloc>::_M_insert(std::__cxx11::list<_Tp, _Alloc>::iterator, _Args&& ...) [with _Args = {VOXEL_LOCATION&, VoxelOctoTree*&}; _Tp = VoxelOctoTree*; _Alloc = std::allocator<VoxelOctoTree*>; std::__cxx11::list<_Tp, _Alloc>::iterator = std::__cxx11::list<VoxelOctoTree*>::iterator][m[K’
[22.426s] [01m[K/usr/include/c++/11/bits/stl_list.h:1178:19:[m[K   required from ‘[01m[Kstd::__cxx11::list<_Tp, _Alloc>::reference std::__cxx11::list<_Tp, _Alloc>::emplace_front(_Args&& ...) [with _Args = {VOXEL_LOCATION&, VoxelOctoTree*&}; _Tp = VoxelOctoTree*; _Alloc = std::allocator<VoxelOctoTree*>; std::__cxx11::list<_Tp, _Alloc>::reference = VoxelOctoTree*&][m[K’
[22.426s] [01m[K/home/bxi_nx/ht_ws/src/FAST-LIVO2/src/voxel_map.cpp:716:37:[m[K   required from here
[22.427s] [01m[K/usr/include/c++/11/ext/new_allocator.h:162:11:[m[K [01;31m[Kerror: [m[Knew initializer expression list treated as compound expression [[01;31m[K]8;;https://gcc.gnu.org/onlinedocs/gcc/Warning-Options.html#index-fpermissive-fpermissive]8;;[m[K]
[22.427s]   162 |         { [01;31m[K::new((void *)__p) _Up(std::forward<_Args>(__args)...)[m[K; }
[22.427s]       |           [01;31m[K^~~~~~~~~~~~~~~~~~~~~~~~~~~~~~~~~~~~~~~~~~~~~~~~~~~~~~[m[K
[56.547s] [ 62%] [32m[1mLinking CXX static library libvio.a[0m
[56.621s] [ 75%] Built target vio
[59.019s] gmake[2]: *** [CMakeFiles/lio.dir/build.make:76: CMakeFiles/lio.dir/src/voxel_map.cpp.o] Error 1
[59.019s] gmake[1]: *** [CMakeFiles/Makefile2:175: CMakeFiles/lio.dir/all] Error 2
[59.019s] gmake[1]: *** Waiting for unfinished jobs....
[95.617s] [ 81%] [32m[1mLinking CXX static library liblaser_mapping.a[0m
[95.798s] [ 81%] Built target laser_mapping
[95.801s] gmake: *** [Makefile:146: all] Error 2
[95.807s] Invoked command in '/home/bxi_nx/ht_ws/build/fast_livo' returned '2': AMENT_PREFIX_PATH=/home/bxi_nx/ht_ws/install/vikit_ros:${AMENT_PREFIX_PATH} CMAKE_PREFIX_PATH=/home/bxi_nx/ht_ws/install/vikit_ros:/opt/ros/humble:/home/bxi_nx/ht_ws/install/vikit_common:${CMAKE_PREFIX_PATH} LD_LIBRARY_PATH=/home/bxi_nx/ht_ws/install/vikit_ros/lib:/home/bxi_nx/ht_ws/install/vikit_common/lib:/home/bxi_nx/gtsam/build/gtsam/libgtsam.so.4:/usr/local/cuda-12.6/lib64:/home/bxi_nx/ws_livox/install/livox_ros_driver2/lib:/home/bxi_nx/ws_livox/install/interface/lib:/home/bxi_nx/ws_livox/install/communication/lib:/home/bxi_nx/gtsam/build/gtsam/libgtsam.so.4:/opt/ros/humble/opt/rviz_ogre_vendor/lib:/opt/ros/humble/lib/aarch64-linux-gnu:/opt/ros/humble/lib:/usr/local/cuda-12.6/lib64 PKG_CONFIG_PATH=/home/bxi_nx/ht_ws/install/vikit_common/lib/aarch64-linux-gnu/pkgconfig:/home/bxi_nx/ht_ws/install/vikit_common/lib/pkgconfig ROS_PACKAGE_PATH=/home/bxi_nx/ht_ws/install/vikit_common/share /usr/bin/cmake --build /home/bxi_nx/ht_ws/build/fast_livo -- -j8 -l8
