[0.010s] Invoking command in '/home/ht/ht_ws/build/bot_navigation2': CMAKE_PREFIX_PATH=/opt/ros/humble /usr/bin/cmake /home/ht/ht_ws/src/bot_navigation2 -DCMAKE_INSTALL_PREFIX=/home/ht/ht_ws/install/bot_navigation2
[0.045s] -- The C compiler identification is GNU 11.4.0
[0.084s] -- The CXX compiler identification is GNU 11.4.0
[0.088s] -- Detecting C compiler ABI info
[0.134s] -- Detecting C compiler ABI info - done
[0.139s] -- Check for working C compiler: /usr/bin/cc - skipped
[0.139s] -- Detecting C compile features
[0.139s] -- Detecting C compile features - done
[0.141s] -- Detecting CXX compiler ABI info
[0.194s] -- Detecting CXX compiler ABI info - done
[0.200s] -- Check for working CXX compiler: /usr/bin/c++ - skipped
[0.200s] -- Detecting CXX compile features
[0.200s] -- Detecting CXX compile features - done
[0.202s] -- Found ament_cmake: 1.3.12 (/opt/ros/humble/share/ament_cmake/cmake)
[0.295s] -- Found Python3: /usr/bin/python3 (found version "3.10.12") found components: Interpreter 
[0.372s] -- Found nav2_bringup: 1.1.20 (/opt/ros/humble/share/nav2_bringup/cmake)
[0.374s] -- Found ament_lint_auto: 0.12.14 (/opt/ros/humble/share/ament_lint_auto/cmake)
[0.418s] -- Added test 'flake8' to check Python code syntax and style conventions
[0.418s] -- Added test 'lint_cmake' to check CMake code style
[0.419s] -- Added test 'pep257' to check Python code against some of the docstring style conventions in PEP 257
[0.420s] -- Added test 'xmllint' to check XML markup files
[0.421s] -- Configuring done
[0.423s] -- Generating done
[0.425s] -- Build files have been written to: /home/ht/ht_ws/build/bot_navigation2
[0.428s] Invoked command in '/home/ht/ht_ws/build/bot_navigation2' returned '0': CMAKE_PREFIX_PATH=/opt/ros/humble /usr/bin/cmake /home/ht/ht_ws/src/bot_navigation2 -DCMAKE_INSTALL_PREFIX=/home/ht/ht_ws/install/bot_navigation2
[0.429s] Invoking command in '/home/ht/ht_ws/build/bot_navigation2': CMAKE_PREFIX_PATH=/opt/ros/humble /usr/bin/cmake --build /home/ht/ht_ws/build/bot_navigation2 -- -j16 -l16
[0.449s] Invoked command in '/home/ht/ht_ws/build/bot_navigation2' returned '0': CMAKE_PREFIX_PATH=/opt/ros/humble /usr/bin/cmake --build /home/ht/ht_ws/build/bot_navigation2 -- -j16 -l16
[0.451s] Invoking command in '/home/ht/ht_ws/build/bot_navigation2': CMAKE_PREFIX_PATH=/opt/ros/humble /usr/bin/cmake --install /home/ht/ht_ws/build/bot_navigation2
[0.454s] -- Install configuration: ""
[0.454s] -- Installing: /home/ht/ht_ws/install/bot_navigation2/share/bot_navigation2/launch
[0.454s] -- Installing: /home/ht/ht_ws/install/bot_navigation2/share/bot_navigation2/launch/bot.yaml
[0.454s] -- Installing: /home/ht/ht_ws/install/bot_navigation2/share/bot_navigation2/launch/gazebo.launch.py
[0.454s] -- Installing: /home/ht/ht_ws/install/bot_navigation2/share/bot_navigation2/param
[0.455s] -- Installing: /home/ht/ht_ws/install/bot_navigation2/share/bot_navigation2/maps
[0.455s] -- Installing: /home/ht/ht_ws/install/bot_navigation2/share/ament_index/resource_index/package_run_dependencies/bot_navigation2
[0.455s] -- Installing: /home/ht/ht_ws/install/bot_navigation2/share/ament_index/resource_index/parent_prefix_path/bot_navigation2
[0.455s] -- Installing: /home/ht/ht_ws/install/bot_navigation2/share/bot_navigation2/environment/ament_prefix_path.sh
[0.455s] -- Installing: /home/ht/ht_ws/install/bot_navigation2/share/bot_navigation2/environment/ament_prefix_path.dsv
[0.455s] -- Installing: /home/ht/ht_ws/install/bot_navigation2/share/bot_navigation2/environment/path.sh
[0.455s] -- Installing: /home/ht/ht_ws/install/bot_navigation2/share/bot_navigation2/environment/path.dsv
[0.455s] -- Installing: /home/ht/ht_ws/install/bot_navigation2/share/bot_navigation2/local_setup.bash
[0.455s] -- Installing: /home/ht/ht_ws/install/bot_navigation2/share/bot_navigation2/local_setup.sh
[0.455s] -- Installing: /home/ht/ht_ws/install/bot_navigation2/share/bot_navigation2/local_setup.zsh
[0.455s] -- Installing: /home/ht/ht_ws/install/bot_navigation2/share/bot_navigation2/local_setup.dsv
[0.455s] -- Installing: /home/ht/ht_ws/install/bot_navigation2/share/bot_navigation2/package.dsv
[0.455s] -- Installing: /home/ht/ht_ws/install/bot_navigation2/share/ament_index/resource_index/packages/bot_navigation2
[0.455s] -- Installing: /home/ht/ht_ws/install/bot_navigation2/share/bot_navigation2/cmake/bot_navigation2Config.cmake
[0.455s] -- Installing: /home/ht/ht_ws/install/bot_navigation2/share/bot_navigation2/cmake/bot_navigation2Config-version.cmake
[0.456s] -- Installing: /home/ht/ht_ws/install/bot_navigation2/share/bot_navigation2/package.xml
[0.456s] Invoked command in '/home/ht/ht_ws/build/bot_navigation2' returned '0': CMAKE_PREFIX_PATH=/opt/ros/humble /usr/bin/cmake --install /home/ht/ht_ws/build/bot_navigation2
