[0.102s] Invoking command in '/home/bxi_nx/ht_ws/build/ht_package': CMAKE_PREFIX_PATH=${CMAKE_PREFIX_PATH}:/opt/ros/humble /usr/bin/cmake --build /home/bxi_nx/ht_ws/build/ht_package -- -j8 -l8
[0.896s] Invoked command in '/home/bxi_nx/ht_ws/build/ht_package' returned '0': CMAKE_PREFIX_PATH=${CMAKE_PREFIX_PATH}:/opt/ros/humble /usr/bin/cmake --build /home/bxi_nx/ht_ws/build/ht_package -- -j8 -l8
[0.941s] Invoking command in '/home/bxi_nx/ht_ws/build/ht_package': CMAKE_PREFIX_PATH=${CMAKE_PREFIX_PATH}:/opt/ros/humble /usr/bin/cmake --install /home/bxi_nx/ht_ws/build/ht_package
[0.969s] -- Install configuration: ""
[0.969s] -- Up-to-date: /home/bxi_nx/ht_ws/install/ht_package/share/ament_index/resource_index/package_run_dependencies/ht_package
[0.969s] -- Up-to-date: /home/bxi_nx/ht_ws/install/ht_package/share/ament_index/resource_index/parent_prefix_path/ht_package
[0.969s] -- Up-to-date: /home/bxi_nx/ht_ws/install/ht_package/share/ht_package/environment/ament_prefix_path.sh
[0.969s] -- Up-to-date: /home/bxi_nx/ht_ws/install/ht_package/share/ht_package/environment/ament_prefix_path.dsv
[0.969s] -- Up-to-date: /home/bxi_nx/ht_ws/install/ht_package/share/ht_package/environment/path.sh
[0.969s] -- Up-to-date: /home/bxi_nx/ht_ws/install/ht_package/share/ht_package/environment/path.dsv
[0.970s] -- Up-to-date: /home/bxi_nx/ht_ws/install/ht_package/share/ht_package/local_setup.bash
[0.970s] -- Up-to-date: /home/bxi_nx/ht_ws/install/ht_package/share/ht_package/local_setup.sh
[0.972s] -- Up-to-date: /home/bxi_nx/ht_ws/install/ht_package/share/ht_package/local_setup.zsh
[0.972s] -- Up-to-date: /home/bxi_nx/ht_ws/install/ht_package/share/ht_package/local_setup.dsv
[0.972s] -- Installing: /home/bxi_nx/ht_ws/install/ht_package/share/ht_package/package.dsv
[0.972s] -- Up-to-date: /home/bxi_nx/ht_ws/install/ht_package/share/ament_index/resource_index/packages/ht_package
[0.972s] -- Up-to-date: /home/bxi_nx/ht_ws/install/ht_package/share/ht_package/cmake/ht_packageConfig.cmake
[0.973s] -- Up-to-date: /home/bxi_nx/ht_ws/install/ht_package/share/ht_package/cmake/ht_packageConfig-version.cmake
[0.973s] -- Up-to-date: /home/bxi_nx/ht_ws/install/ht_package/share/ht_package/package.xml
[1.023s] Invoked command in '/home/bxi_nx/ht_ws/build/ht_package' returned '0': CMAKE_PREFIX_PATH=${CMAKE_PREFIX_PATH}:/opt/ros/humble /usr/bin/cmake --install /home/bxi_nx/ht_ws/build/ht_package
