[0.120s] Invoking command in '/home/bxi_nx/ht_ws/build/realsense2_description': CMAKE_PREFIX_PATH=/home/bxi_nx/ht_ws/install/realsense2_camera_msgs:/home/bxi_nx/ht_ws/install/vikit_ros:/home/bxi_nx/ht_ws/install/my_nav2_bringup:/opt/ros/humble:/home/bxi_nx/ht_ws/install/vikit_common:/home/bxi_nx/ht_ws/install/realsense2_description:/home/bxi_nx/ht_ws/install/realsense2_camera:/home/bxi_nx/ht_ws/install/octomap_server2:/home/bxi_nx/ht_ws/install/ht_package:/home/bxi_nx/ht_ws/install/fishbot_navigation2:/home/bxi_nx/ht_ws/install/fast_livo:/home/bxi_nx/ws_livox/install/localizer:/home/bxi_nx/ws_livox/install/fastlio2:/home/bxi_nx/ws_livox/install/livox_ros_driver2:/home/bxi_nx/ws_livox/install/interface:/home/bxi_nx/ws_livox/install/communication LD_LIBRARY_PATH=/home/bxi_nx/ht_ws/install/realsense2_camera_msgs/lib:/home/bxi_nx/ht_ws/install/vikit_ros/lib:/home/bxi_nx/ht_ws/install/vikit_common/lib:/home/bxi_nx/ht_ws/install/realsense2_camera/lib:/home/bxi_nx/ht_ws/install/octomap_server2/lib:/home/bxi_nx/ht_ws/install/livox_sdk2/lib:/home/bxi_nx/gtsam/build/gtsam/libgtsam.so.4:/usr/local/cuda-12.6/lib64:/home/bxi_nx/ws_livox/install/livox_ros_driver2/lib:/home/bxi_nx/ws_livox/install/interface/lib:/home/bxi_nx/ws_livox/install/communication/lib:/opt/ros/humble/opt/rviz_ogre_vendor/lib:/opt/ros/humble/lib/aarch64-linux-gnu:/opt/ros/humble/lib:/home/bxi_nx/gtsam/build/gtsam/libgtsam.so.4:/usr/local/cuda-12.6/lib64 /usr/bin/cmake --build /home/bxi_nx/ht_ws/build/realsense2_description -- -j8 -l8
[0.259s] Invoked command in '/home/bxi_nx/ht_ws/build/realsense2_description' returned '0': CMAKE_PREFIX_PATH=/home/bxi_nx/ht_ws/install/realsense2_camera_msgs:/home/bxi_nx/ht_ws/install/vikit_ros:/home/bxi_nx/ht_ws/install/my_nav2_bringup:/opt/ros/humble:/home/bxi_nx/ht_ws/install/vikit_common:/home/bxi_nx/ht_ws/install/realsense2_description:/home/bxi_nx/ht_ws/install/realsense2_camera:/home/bxi_nx/ht_ws/install/octomap_server2:/home/bxi_nx/ht_ws/install/ht_package:/home/bxi_nx/ht_ws/install/fishbot_navigation2:/home/bxi_nx/ht_ws/install/fast_livo:/home/bxi_nx/ws_livox/install/localizer:/home/bxi_nx/ws_livox/install/fastlio2:/home/bxi_nx/ws_livox/install/livox_ros_driver2:/home/bxi_nx/ws_livox/install/interface:/home/bxi_nx/ws_livox/install/communication LD_LIBRARY_PATH=/home/bxi_nx/ht_ws/install/realsense2_camera_msgs/lib:/home/bxi_nx/ht_ws/install/vikit_ros/lib:/home/bxi_nx/ht_ws/install/vikit_common/lib:/home/bxi_nx/ht_ws/install/realsense2_camera/lib:/home/bxi_nx/ht_ws/install/octomap_server2/lib:/home/bxi_nx/ht_ws/install/livox_sdk2/lib:/home/bxi_nx/gtsam/build/gtsam/libgtsam.so.4:/usr/local/cuda-12.6/lib64:/home/bxi_nx/ws_livox/install/livox_ros_driver2/lib:/home/bxi_nx/ws_livox/install/interface/lib:/home/bxi_nx/ws_livox/install/communication/lib:/opt/ros/humble/opt/rviz_ogre_vendor/lib:/opt/ros/humble/lib/aarch64-linux-gnu:/opt/ros/humble/lib:/home/bxi_nx/gtsam/build/gtsam/libgtsam.so.4:/usr/local/cuda-12.6/lib64 /usr/bin/cmake --build /home/bxi_nx/ht_ws/build/realsense2_description -- -j8 -l8
[0.265s] Invoking command in '/home/bxi_nx/ht_ws/build/realsense2_description': CMAKE_PREFIX_PATH=/home/bxi_nx/ht_ws/install/realsense2_camera_msgs:/home/bxi_nx/ht_ws/install/vikit_ros:/home/bxi_nx/ht_ws/install/my_nav2_bringup:/opt/ros/humble:/home/bxi_nx/ht_ws/install/vikit_common:/home/bxi_nx/ht_ws/install/realsense2_description:/home/bxi_nx/ht_ws/install/realsense2_camera:/home/bxi_nx/ht_ws/install/octomap_server2:/home/bxi_nx/ht_ws/install/ht_package:/home/bxi_nx/ht_ws/install/fishbot_navigation2:/home/bxi_nx/ht_ws/install/fast_livo:/home/bxi_nx/ws_livox/install/localizer:/home/bxi_nx/ws_livox/install/fastlio2:/home/bxi_nx/ws_livox/install/livox_ros_driver2:/home/bxi_nx/ws_livox/install/interface:/home/bxi_nx/ws_livox/install/communication LD_LIBRARY_PATH=/home/bxi_nx/ht_ws/install/realsense2_camera_msgs/lib:/home/bxi_nx/ht_ws/install/vikit_ros/lib:/home/bxi_nx/ht_ws/install/vikit_common/lib:/home/bxi_nx/ht_ws/install/realsense2_camera/lib:/home/bxi_nx/ht_ws/install/octomap_server2/lib:/home/bxi_nx/ht_ws/install/livox_sdk2/lib:/home/bxi_nx/gtsam/build/gtsam/libgtsam.so.4:/usr/local/cuda-12.6/lib64:/home/bxi_nx/ws_livox/install/livox_ros_driver2/lib:/home/bxi_nx/ws_livox/install/interface/lib:/home/bxi_nx/ws_livox/install/communication/lib:/opt/ros/humble/opt/rviz_ogre_vendor/lib:/opt/ros/humble/lib/aarch64-linux-gnu:/opt/ros/humble/lib:/home/bxi_nx/gtsam/build/gtsam/libgtsam.so.4:/usr/local/cuda-12.6/lib64 /usr/bin/cmake --install /home/bxi_nx/ht_ws/build/realsense2_description
[0.292s] -- Install configuration: ""
[0.294s] -- Execute custom install script
[0.297s] -- Up-to-date symlink: /home/bxi_nx/ht_ws/install/realsense2_description/share/realsense2_description/launch/launch_utils.py
[0.297s] -- Up-to-date symlink: /home/bxi_nx/ht_ws/install/realsense2_description/share/realsense2_description/launch/view_model.launch.py
[0.299s] -- Up-to-date symlink: /home/bxi_nx/ht_ws/install/realsense2_description/share/realsense2_description/meshes/d415.stl
[0.300s] -- Up-to-date symlink: /home/bxi_nx/ht_ws/install/realsense2_description/share/realsense2_description/meshes/d435.dae
[0.301s] -- Up-to-date symlink: /home/bxi_nx/ht_ws/install/realsense2_description/share/realsense2_description/meshes/d455.stl
[0.303s] -- Up-to-date symlink: /home/bxi_nx/ht_ws/install/realsense2_description/share/realsense2_description/meshes/l515.dae
[0.306s] -- Up-to-date symlink: /home/bxi_nx/ht_ws/install/realsense2_description/share/realsense2_description/meshes/plug.stl
[0.307s] -- Up-to-date symlink: /home/bxi_nx/ht_ws/install/realsense2_description/share/realsense2_description/meshes/plug_collision.stl
[0.308s] -- Up-to-date symlink: /home/bxi_nx/ht_ws/install/realsense2_description/share/realsense2_description/rviz/urdf.rviz
[0.319s] -- Up-to-date symlink: /home/bxi_nx/ht_ws/install/realsense2_description/share/realsense2_description/urdf/_d415.urdf.xacro
[0.320s] -- Up-to-date symlink: /home/bxi_nx/ht_ws/install/realsense2_description/share/realsense2_description/urdf/_d435.urdf.xacro
[0.324s] -- Up-to-date symlink: /home/bxi_nx/ht_ws/install/realsense2_description/share/realsense2_description/urdf/_d435i.urdf.xacro
[0.326s] -- Up-to-date symlink: /home/bxi_nx/ht_ws/install/realsense2_description/share/realsense2_description/urdf/_d435i_imu_modules.urdf.xacro
[0.328s] -- Up-to-date symlink: /home/bxi_nx/ht_ws/install/realsense2_description/share/realsense2_description/urdf/_d455.urdf.xacro
[0.330s] -- Up-to-date symlink: /home/bxi_nx/ht_ws/install/realsense2_description/share/realsense2_description/urdf/_l515.urdf.xacro
[0.332s] -- Up-to-date symlink: /home/bxi_nx/ht_ws/install/realsense2_description/share/realsense2_description/urdf/_materials.urdf.xacro
[0.333s] -- Up-to-date symlink: /home/bxi_nx/ht_ws/install/realsense2_description/share/realsense2_description/urdf/_r410.urdf.xacro
[0.333s] -- Up-to-date symlink: /home/bxi_nx/ht_ws/install/realsense2_description/share/realsense2_description/urdf/_r430.urdf.xacro
[0.334s] -- Up-to-date symlink: /home/bxi_nx/ht_ws/install/realsense2_description/share/realsense2_description/urdf/_usb_plug.urdf.xacro
[0.334s] -- Up-to-date symlink: /home/bxi_nx/ht_ws/install/realsense2_description/share/realsense2_description/urdf/test_d415_camera.urdf.xacro
[0.335s] -- Up-to-date symlink: /home/bxi_nx/ht_ws/install/realsense2_description/share/realsense2_description/urdf/test_d435_camera.urdf.xacro
[0.335s] -- Up-to-date symlink: /home/bxi_nx/ht_ws/install/realsense2_description/share/realsense2_description/urdf/test_d435_multiple_cameras.urdf.xacro
[0.336s] -- Up-to-date symlink: /home/bxi_nx/ht_ws/install/realsense2_description/share/realsense2_description/urdf/test_d435i_camera.urdf.xacro
[0.337s] -- Up-to-date symlink: /home/bxi_nx/ht_ws/install/realsense2_description/share/realsense2_description/urdf/test_d455_camera.urdf.xacro
[0.337s] -- Up-to-date symlink: /home/bxi_nx/ht_ws/install/realsense2_description/share/realsense2_description/urdf/test_l515_camera.urdf.xacro
[0.338s] -- Up-to-date symlink: /home/bxi_nx/ht_ws/install/realsense2_description/share/realsense2_description/urdf/test_r410_camera.urdf.xacro
[0.338s] -- Up-to-date symlink: /home/bxi_nx/ht_ws/install/realsense2_description/share/realsense2_description/urdf/test_r430_camera.urdf.xacro
[0.339s] -- Up-to-date symlink: /home/bxi_nx/ht_ws/install/realsense2_description/share/ament_index/resource_index/package_run_dependencies/realsense2_description
[0.339s] -- Up-to-date symlink: /home/bxi_nx/ht_ws/install/realsense2_description/share/ament_index/resource_index/parent_prefix_path/realsense2_description
[0.340s] -- Up-to-date symlink: /home/bxi_nx/ht_ws/install/realsense2_description/share/realsense2_description/environment/ament_prefix_path.sh
[0.340s] -- Up-to-date symlink: /home/bxi_nx/ht_ws/install/realsense2_description/share/realsense2_description/environment/ament_prefix_path.dsv
[0.343s] -- Up-to-date symlink: /home/bxi_nx/ht_ws/install/realsense2_description/share/realsense2_description/environment/path.sh
[0.343s] -- Up-to-date symlink: /home/bxi_nx/ht_ws/install/realsense2_description/share/realsense2_description/environment/path.dsv
[0.345s] -- Up-to-date symlink: /home/bxi_nx/ht_ws/install/realsense2_description/share/realsense2_description/local_setup.bash
[0.346s] -- Up-to-date symlink: /home/bxi_nx/ht_ws/install/realsense2_description/share/realsense2_description/local_setup.sh
[0.348s] -- Up-to-date symlink: /home/bxi_nx/ht_ws/install/realsense2_description/share/realsense2_description/local_setup.zsh
[0.349s] -- Up-to-date symlink: /home/bxi_nx/ht_ws/install/realsense2_description/share/realsense2_description/local_setup.dsv
[0.349s] -- Symlinking: /home/bxi_nx/ht_ws/install/realsense2_description/share/realsense2_description/package.dsv
[0.390s] -- Up-to-date symlink: /home/bxi_nx/ht_ws/install/realsense2_description/share/ament_index/resource_index/packages/realsense2_description
[0.390s] -- Up-to-date symlink: /home/bxi_nx/ht_ws/install/realsense2_description/share/realsense2_description/cmake/realsense2_descriptionConfig.cmake
[0.391s] -- Up-to-date symlink: /home/bxi_nx/ht_ws/install/realsense2_description/share/realsense2_description/cmake/realsense2_descriptionConfig-version.cmake
[0.392s] -- Up-to-date symlink: /home/bxi_nx/ht_ws/install/realsense2_description/share/realsense2_description/package.xml
[0.402s] Invoked command in '/home/bxi_nx/ht_ws/build/realsense2_description' returned '0': CMAKE_PREFIX_PATH=/home/bxi_nx/ht_ws/install/realsense2_camera_msgs:/home/bxi_nx/ht_ws/install/vikit_ros:/home/bxi_nx/ht_ws/install/my_nav2_bringup:/opt/ros/humble:/home/bxi_nx/ht_ws/install/vikit_common:/home/bxi_nx/ht_ws/install/realsense2_description:/home/bxi_nx/ht_ws/install/realsense2_camera:/home/bxi_nx/ht_ws/install/octomap_server2:/home/bxi_nx/ht_ws/install/ht_package:/home/bxi_nx/ht_ws/install/fishbot_navigation2:/home/bxi_nx/ht_ws/install/fast_livo:/home/bxi_nx/ws_livox/install/localizer:/home/bxi_nx/ws_livox/install/fastlio2:/home/bxi_nx/ws_livox/install/livox_ros_driver2:/home/bxi_nx/ws_livox/install/interface:/home/bxi_nx/ws_livox/install/communication LD_LIBRARY_PATH=/home/bxi_nx/ht_ws/install/realsense2_camera_msgs/lib:/home/bxi_nx/ht_ws/install/vikit_ros/lib:/home/bxi_nx/ht_ws/install/vikit_common/lib:/home/bxi_nx/ht_ws/install/realsense2_camera/lib:/home/bxi_nx/ht_ws/install/octomap_server2/lib:/home/bxi_nx/ht_ws/install/livox_sdk2/lib:/home/bxi_nx/gtsam/build/gtsam/libgtsam.so.4:/usr/local/cuda-12.6/lib64:/home/bxi_nx/ws_livox/install/livox_ros_driver2/lib:/home/bxi_nx/ws_livox/install/interface/lib:/home/bxi_nx/ws_livox/install/communication/lib:/opt/ros/humble/opt/rviz_ogre_vendor/lib:/opt/ros/humble/lib/aarch64-linux-gnu:/opt/ros/humble/lib:/home/bxi_nx/gtsam/build/gtsam/libgtsam.so.4:/usr/local/cuda-12.6/lib64 /usr/bin/cmake --install /home/bxi_nx/ht_ws/build/realsense2_description
