[0.021s] Invoking command in '/home/ht/autonomous_exploration_development_environment/build/sensor_scan_generation': CMAKE_PREFIX_PATH=/opt/ros/humble /usr/bin/cmake /home/ht/autonomous_exploration_development_environment/src/sensor_scan_generation -DCMAKE_BUILD_TYPE=Release -DAMENT_CMAKE_SYMLINK_INSTALL=1 -DCMAKE_INSTALL_PREFIX=/home/ht/autonomous_exploration_development_environment/install/sensor_scan_generation
[0.069s] -- The C compiler identification is GNU 11.4.0
[0.133s] -- The CXX compiler identification is GNU 11.4.0
[0.139s] -- Detecting C compiler ABI info
[0.193s] -- Detecting C compiler ABI info - done
[0.198s] -- Check for working C compiler: /usr/bin/cc - skipped
[0.198s] -- Detecting C compile features
[0.199s] -- Detecting C compile features - done
[0.201s] -- Detecting CXX compiler ABI info
[0.265s] -- Detecting CXX compiler ABI info - done
[0.272s] -- Check for working CXX compiler: /usr/bin/c++ - skipped
[0.272s] -- Detecting CXX compile features
[0.272s] -- Detecting CXX compile features - done
[0.275s] -- Found ament_cmake: 1.3.12 (/opt/ros/humble/share/ament_cmake/cmake)
[0.408s] -- Found Python3: /usr/bin/python3 (found version "3.10.12") found components: Interpreter 
[0.490s] -- Override CMake install command with custom implementation using symlinks instead of copying resources
[0.520s] -- Found rclcpp: 16.0.17 (/opt/ros/humble/share/rclcpp/cmake)
[0.565s] -- Found rosidl_generator_c: 3.1.8 (/opt/ros/humble/share/rosidl_generator_c/cmake)
[0.571s] -- Found rosidl_adapter: 3.1.8 (/opt/ros/humble/share/rosidl_adapter/cmake)
[0.580s] -- Found rosidl_generator_cpp: 3.1.8 (/opt/ros/humble/share/rosidl_generator_cpp/cmake)
[0.593s] -- Using all available rosidl_typesupport_c: rosidl_typesupport_fastrtps_c;rosidl_typesupport_introspection_c
[0.610s] -- Using all available rosidl_typesupport_cpp: rosidl_typesupport_fastrtps_cpp;rosidl_typesupport_introspection_cpp
[0.657s] -- Found rmw_implementation_cmake: 6.1.2 (/opt/ros/humble/share/rmw_implementation_cmake/cmake)
[0.660s] -- Found rmw_fastrtps_cpp: 6.2.9 (/opt/ros/humble/share/rmw_fastrtps_cpp/cmake)
[0.731s] -- Found OpenSSL: /usr/lib/x86_64-linux-gnu/libcrypto.so (found version "3.0.2")  
[0.762s] -- Found FastRTPS: /opt/ros/humble/include  
[0.797s] -- Using RMW implementation 'rmw_fastrtps_cpp' as default
[0.804s] -- Looking for pthread.h
[0.868s] -- Looking for pthread.h - found
[0.868s] -- Performing Test CMAKE_HAVE_LIBC_PTHREAD
[0.921s] -- Performing Test CMAKE_HAVE_LIBC_PTHREAD - Success
[0.922s] -- Found Threads: TRUE  
[0.975s] -- Found nav_msgs: 4.9.0 (/opt/ros/humble/share/nav_msgs/cmake)
[1.006s] -- Found sensor_msgs: 4.9.0 (/opt/ros/humble/share/sensor_msgs/cmake)
[1.025s] -- Found tf2_ros: 0.25.18 (/opt/ros/humble/share/tf2_ros/cmake)
[1.110s] -- Found tf2_geometry_msgs: 0.25.18 (/opt/ros/humble/share/tf2_geometry_msgs/cmake)
[1.124s] -- Found eigen3_cmake_module: 0.1.1 (/opt/ros/humble/share/eigen3_cmake_module/cmake)
[1.125s] -- Found Eigen3: TRUE (found version "3.4.0") 
[1.125s] -- Ensuring Eigen3 include directory is part of orocos-kdl CMake target
[1.128s] -- Found pcl_conversions: 2.4.5 (/opt/ros/humble/share/pcl_conversions/cmake)
[1.151s] -- Checking for module 'eigen3'
[1.159s] --   Found eigen3, version 3.4.0
[1.180s] -- Found Eigen: /usr/include/eigen3 (Required is at least version "3.1") 
[1.180s] -- Eigen found (include: /usr/include/eigen3, version: 3.4.0)
[1.219s] -- Checking for module 'flann'
[1.230s] --   Found flann, version 1.9.1
[1.263s] -- Found FLANN: /usr/lib/x86_64-linux-gnu/libflann_cpp.so  
[1.263s] -- FLANN found (include: /usr/include, lib: /usr/lib/x86_64-linux-gnu/libflann_cpp.so)
[2.070s] -- Checking for module 'libusb-1.0'
[2.080s] --   Found libusb-1.0, version 1.0.25
[2.117s] -- Found libusb: /usr/lib/x86_64-linux-gnu/libusb-1.0.so  
[2.118s] -- OpenNI found (version: 1.5.4.0, include: /usr/include/ni, lib: /usr/lib/libOpenNI.so;libusb::libusb)
[2.185s] -- OpenNI2 found (version: 2.2.0.33, include: /usr/include/openni2, lib: /usr/lib/x86_64-linux-gnu/libOpenNI2.so;libusb::libusb)
[2.353s] -- Eigen found (include: /usr/include/eigen3, version: 3.4.0)
[2.364s] -- OpenNI found (version: 1.5.4.0, include: /usr/include/ni, lib: /usr/lib/libOpenNI.so;libusb::libusb)
[2.373s] -- OpenNI2 found (version: 2.2.0.33, include: /usr/include/openni2, lib: /usr/lib/x86_64-linux-gnu/libOpenNI2.so;libusb::libusb)
[2.505s] -- Found Qhull version 8.0.2
[2.627s] -- OpenNI found (version: 1.5.4.0, include: /usr/include/ni, lib: /usr/lib/libOpenNI.so;libusb::libusb)
[2.758s] -- Found PCL_COMMON: /usr/lib/x86_64-linux-gnu/libpcl_common.so  
[2.759s] -- Found PCL_KDTREE: /usr/lib/x86_64-linux-gnu/libpcl_kdtree.so  
[2.760s] -- Found PCL_OCTREE: /usr/lib/x86_64-linux-gnu/libpcl_octree.so  
[2.761s] -- Found PCL_SEARCH: /usr/lib/x86_64-linux-gnu/libpcl_search.so  
[2.762s] -- Found PCL_SAMPLE_CONSENSUS: /usr/lib/x86_64-linux-gnu/libpcl_sample_consensus.so  
[2.762s] -- Found PCL_FILTERS: /usr/lib/x86_64-linux-gnu/libpcl_filters.so  
[2.763s] -- Found PCL_2D: /usr/include/pcl-1.12  
[2.763s] -- Found PCL_GEOMETRY: /usr/include/pcl-1.12  
[2.764s] -- Found PCL_IO: /usr/lib/x86_64-linux-gnu/libpcl_io.so  
[2.764s] -- Found PCL_FEATURES: /usr/lib/x86_64-linux-gnu/libpcl_features.so  
[2.765s] -- Found PCL_ML: /usr/lib/x86_64-linux-gnu/libpcl_ml.so  
[2.766s] -- Found PCL_SEGMENTATION: /usr/lib/x86_64-linux-gnu/libpcl_segmentation.so  
[2.767s] -- Found PCL_VISUALIZATION: /usr/lib/x86_64-linux-gnu/libpcl_visualization.so  
[2.768s] -- Found PCL_SURFACE: /usr/lib/x86_64-linux-gnu/libpcl_surface.so  
[2.768s] -- Found PCL_REGISTRATION: /usr/lib/x86_64-linux-gnu/libpcl_registration.so  
[2.769s] -- Found PCL_KEYPOINTS: /usr/lib/x86_64-linux-gnu/libpcl_keypoints.so  
[2.770s] -- Found PCL_TRACKING: /usr/lib/x86_64-linux-gnu/libpcl_tracking.so  
[2.771s] -- Found PCL_RECOGNITION: /usr/lib/x86_64-linux-gnu/libpcl_recognition.so  
[2.772s] -- Found PCL_STEREO: /usr/lib/x86_64-linux-gnu/libpcl_stereo.so  
[2.773s] -- Found PCL_APPS: /usr/lib/x86_64-linux-gnu/libpcl_apps.so  
[2.773s] -- Found PCL_IN_HAND_SCANNER: /usr/include/pcl-1.12  
[2.774s] -- Found PCL_MODELER: /usr/include/pcl-1.12  
[2.774s] -- Found PCL_POINT_CLOUD_EDITOR: /usr/include/pcl-1.12  
[2.775s] -- Found PCL_OUTOFCORE: /usr/lib/x86_64-linux-gnu/libpcl_outofcore.so  
[2.776s] -- Found PCL_PEOPLE: /usr/lib/x86_64-linux-gnu/libpcl_people.so  
[2.778s] -- Found pcl_ros: 2.4.5 (/opt/ros/humble/share/pcl_ros/cmake)
[2.794s] -- Found ament_lint_auto: 0.12.14 (/opt/ros/humble/share/ament_lint_auto/cmake)
[2.868s] -- Added test 'copyright' to check source files copyright and LICENSE
[2.869s] -- Added test 'cppcheck' to perform static code analysis on C / C++ code
[2.869s] -- Configured cppcheck include dirs: 
[2.869s] -- Configured cppcheck exclude dirs and/or files: 
[2.870s] -- Added test 'cpplint' to check C / C++ code against the Google style
[2.870s] -- Configured cpplint exclude dirs and/or files: 
[2.870s] -- Added test 'lint_cmake' to check CMake code style
[2.871s] -- Added test 'uncrustify' to check C / C++ code style
[2.871s] -- Configured uncrustify additional arguments: 
[2.871s] -- Added test 'xmllint' to check XML markup files
[2.872s] -- Configuring done
[2.913s] -- Generating done
[2.927s] -- Build files have been written to: /home/ht/autonomous_exploration_development_environment/build/sensor_scan_generation
[2.956s] Invoked command in '/home/ht/autonomous_exploration_development_environment/build/sensor_scan_generation' returned '0': CMAKE_PREFIX_PATH=/opt/ros/humble /usr/bin/cmake /home/ht/autonomous_exploration_development_environment/src/sensor_scan_generation -DCMAKE_BUILD_TYPE=Release -DAMENT_CMAKE_SYMLINK_INSTALL=1 -DCMAKE_INSTALL_PREFIX=/home/ht/autonomous_exploration_development_environment/install/sensor_scan_generation
[2.957s] Invoking command in '/home/ht/autonomous_exploration_development_environment/build/sensor_scan_generation': CMAKE_PREFIX_PATH=/opt/ros/humble /usr/bin/cmake --build /home/ht/autonomous_exploration_development_environment/build/sensor_scan_generation -- -j16 -l16
[3.011s] [ 50%] [32mBuilding CXX object CMakeFiles/sensorScanGeneration.dir/src/sensorScanGeneration.cpp.o[0m
[30.810s] [100%] [32m[1mLinking CXX executable sensorScanGeneration[0m
[31.494s] [100%] Built target sensorScanGeneration
[31.506s] Invoked command in '/home/ht/autonomous_exploration_development_environment/build/sensor_scan_generation' returned '0': CMAKE_PREFIX_PATH=/opt/ros/humble /usr/bin/cmake --build /home/ht/autonomous_exploration_development_environment/build/sensor_scan_generation -- -j16 -l16
[31.512s] Invoking command in '/home/ht/autonomous_exploration_development_environment/build/sensor_scan_generation': CMAKE_PREFIX_PATH=/opt/ros/humble /usr/bin/cmake --install /home/ht/autonomous_exploration_development_environment/build/sensor_scan_generation
[31.519s] -- Install configuration: "Release"
[31.519s] -- Execute custom install script
[31.519s] -- Symlinking: /home/ht/autonomous_exploration_development_environment/install/sensor_scan_generation/lib/sensor_scan_generation/sensorScanGeneration
[31.532s] -- Symlinking: /home/ht/autonomous_exploration_development_environment/install/sensor_scan_generation/share/sensor_scan_generation/launch/sensor_scan_generation.launch
[31.546s] -- Symlinking: /home/ht/autonomous_exploration_development_environment/install/sensor_scan_generation/share/ament_index/resource_index/package_run_dependencies/sensor_scan_generation
[31.556s] -- Symlinking: /home/ht/autonomous_exploration_development_environment/install/sensor_scan_generation/share/ament_index/resource_index/parent_prefix_path/sensor_scan_generation
[31.567s] -- Symlinking: /home/ht/autonomous_exploration_development_environment/install/sensor_scan_generation/share/sensor_scan_generation/environment/ament_prefix_path.sh
[31.581s] -- Symlinking: /home/ht/autonomous_exploration_development_environment/install/sensor_scan_generation/share/sensor_scan_generation/environment/ament_prefix_path.dsv
[31.590s] -- Symlinking: /home/ht/autonomous_exploration_development_environment/install/sensor_scan_generation/share/sensor_scan_generation/environment/path.sh
[31.601s] -- Symlinking: /home/ht/autonomous_exploration_development_environment/install/sensor_scan_generation/share/sensor_scan_generation/environment/path.dsv
[31.614s] -- Symlinking: /home/ht/autonomous_exploration_development_environment/install/sensor_scan_generation/share/sensor_scan_generation/local_setup.bash
[31.626s] -- Symlinking: /home/ht/autonomous_exploration_development_environment/install/sensor_scan_generation/share/sensor_scan_generation/local_setup.sh
[31.635s] -- Symlinking: /home/ht/autonomous_exploration_development_environment/install/sensor_scan_generation/share/sensor_scan_generation/local_setup.zsh
[31.647s] -- Symlinking: /home/ht/autonomous_exploration_development_environment/install/sensor_scan_generation/share/sensor_scan_generation/local_setup.dsv
[31.654s] -- Symlinking: /home/ht/autonomous_exploration_development_environment/install/sensor_scan_generation/share/sensor_scan_generation/package.dsv
[31.664s] -- Symlinking: /home/ht/autonomous_exploration_development_environment/install/sensor_scan_generation/share/ament_index/resource_index/packages/sensor_scan_generation
[31.672s] -- Symlinking: /home/ht/autonomous_exploration_development_environment/install/sensor_scan_generation/share/sensor_scan_generation/cmake/sensor_scan_generationConfig.cmake
[31.681s] -- Symlinking: /home/ht/autonomous_exploration_development_environment/install/sensor_scan_generation/share/sensor_scan_generation/cmake/sensor_scan_generationConfig-version.cmake
[31.689s] -- Symlinking: /home/ht/autonomous_exploration_development_environment/install/sensor_scan_generation/share/sensor_scan_generation/package.xml
[31.701s] Invoked command in '/home/ht/autonomous_exploration_development_environment/build/sensor_scan_generation' returned '0': CMAKE_PREFIX_PATH=/opt/ros/humble /usr/bin/cmake --install /home/ht/autonomous_exploration_development_environment/build/sensor_scan_generation
