[0.053s] Invoking command in '/home/bxi_nx/ht_ws/build/realsense2_camera': AMENT_PREFIX_PATH=/home/bxi_nx/ht_ws/install/realsense2_camera_msgs:${AMENT_PREFIX_PATH} CMAKE_PREFIX_PATH=/home/bxi_nx/ht_ws/install/realsense2_camera_msgs:/home/bxi_nx/ws_livox/install/localizer:/home/bxi_nx/ws_livox/install/fastlio2:/home/bxi_nx/ws_livox/install/livox_ros_driver2:/home/bxi_nx/ws_livox/install/interface:/home/bxi_nx/ws_livox/install/communication:/opt/ros/humble LD_LIBRARY_PATH=/home/bxi_nx/ht_ws/install/realsense2_camera_msgs/lib:/home/bxi_nx/gtsam/build/gtsam/libgtsam.so.4:/usr/local/cuda-12.6/lib64:/home/bxi_nx/ws_livox/install/livox_ros_driver2/lib:/home/bxi_nx/ws_livox/install/interface/lib:/home/bxi_nx/ws_livox/install/communication/lib:/opt/ros/humble/opt/rviz_ogre_vendor/lib:/opt/ros/humble/lib/aarch64-linux-gnu:/opt/ros/humble/lib:/home/bxi_nx/gtsam/build/gtsam/libgtsam.so.4:/usr/local/cuda-12.6/lib64 PYTHONPATH=/home/bxi_nx/ht_ws/install/realsense2_camera_msgs/local/lib/python3.10/dist-packages:${PYTHONPATH} /usr/bin/cmake --build /home/bxi_nx/ht_ws/build/realsense2_camera -- -j8 -l8
[0.157s] [ 21%] Built target realsense2_camera_node
[0.157s] [ 21%] Built target realsense2_frame_latency_node
[0.195s] [100%] Built target realsense2_camera
[0.219s] Invoked command in '/home/bxi_nx/ht_ws/build/realsense2_camera' returned '0': AMENT_PREFIX_PATH=/home/bxi_nx/ht_ws/install/realsense2_camera_msgs:${AMENT_PREFIX_PATH} CMAKE_PREFIX_PATH=/home/bxi_nx/ht_ws/install/realsense2_camera_msgs:/home/bxi_nx/ws_livox/install/localizer:/home/bxi_nx/ws_livox/install/fastlio2:/home/bxi_nx/ws_livox/install/livox_ros_driver2:/home/bxi_nx/ws_livox/install/interface:/home/bxi_nx/ws_livox/install/communication:/opt/ros/humble LD_LIBRARY_PATH=/home/bxi_nx/ht_ws/install/realsense2_camera_msgs/lib:/home/bxi_nx/gtsam/build/gtsam/libgtsam.so.4:/usr/local/cuda-12.6/lib64:/home/bxi_nx/ws_livox/install/livox_ros_driver2/lib:/home/bxi_nx/ws_livox/install/interface/lib:/home/bxi_nx/ws_livox/install/communication/lib:/opt/ros/humble/opt/rviz_ogre_vendor/lib:/opt/ros/humble/lib/aarch64-linux-gnu:/opt/ros/humble/lib:/home/bxi_nx/gtsam/build/gtsam/libgtsam.so.4:/usr/local/cuda-12.6/lib64 PYTHONPATH=/home/bxi_nx/ht_ws/install/realsense2_camera_msgs/local/lib/python3.10/dist-packages:${PYTHONPATH} /usr/bin/cmake --build /home/bxi_nx/ht_ws/build/realsense2_camera -- -j8 -l8
[0.224s] Invoking command in '/home/bxi_nx/ht_ws/build/realsense2_camera': AMENT_PREFIX_PATH=/home/bxi_nx/ht_ws/install/realsense2_camera_msgs:${AMENT_PREFIX_PATH} CMAKE_PREFIX_PATH=/home/bxi_nx/ht_ws/install/realsense2_camera_msgs:/home/bxi_nx/ws_livox/install/localizer:/home/bxi_nx/ws_livox/install/fastlio2:/home/bxi_nx/ws_livox/install/livox_ros_driver2:/home/bxi_nx/ws_livox/install/interface:/home/bxi_nx/ws_livox/install/communication:/opt/ros/humble LD_LIBRARY_PATH=/home/bxi_nx/ht_ws/install/realsense2_camera_msgs/lib:/home/bxi_nx/gtsam/build/gtsam/libgtsam.so.4:/usr/local/cuda-12.6/lib64:/home/bxi_nx/ws_livox/install/livox_ros_driver2/lib:/home/bxi_nx/ws_livox/install/interface/lib:/home/bxi_nx/ws_livox/install/communication/lib:/opt/ros/humble/opt/rviz_ogre_vendor/lib:/opt/ros/humble/lib/aarch64-linux-gnu:/opt/ros/humble/lib:/home/bxi_nx/gtsam/build/gtsam/libgtsam.so.4:/usr/local/cuda-12.6/lib64 PYTHONPATH=/home/bxi_nx/ht_ws/install/realsense2_camera_msgs/local/lib/python3.10/dist-packages:${PYTHONPATH} /usr/bin/cmake --install /home/bxi_nx/ht_ws/build/realsense2_camera
[0.239s] -- Install configuration: "Release"
[0.239s] -- Execute custom install script
[0.240s] -- Up-to-date symlink: /home/bxi_nx/ht_ws/install/realsense2_camera/lib/realsense2_camera/realsense2_camera_node
[0.240s] -- Up-to-date symlink: /home/bxi_nx/ht_ws/install/realsense2_camera/lib/realsense2_camera/realsense2_frame_latency_node
[0.241s] -- Up-to-date symlink: /home/bxi_nx/ht_ws/install/realsense2_camera/lib/librealsense2_camera.so
[0.242s] -- Up-to-date symlink: /home/bxi_nx/ht_ws/install/realsense2_camera/include/base_realsense_node.h
[0.242s] -- Up-to-date symlink: /home/bxi_nx/ht_ws/install/realsense2_camera/include/constants.h
[0.242s] -- Up-to-date symlink: /home/bxi_nx/ht_ws/install/realsense2_camera/include/dynamic_params.h
[0.242s] -- Up-to-date symlink: /home/bxi_nx/ht_ws/install/realsense2_camera/include/image_publisher.h
[0.242s] -- Up-to-date symlink: /home/bxi_nx/ht_ws/install/realsense2_camera/include/named_filter.h
[0.242s] -- Up-to-date symlink: /home/bxi_nx/ht_ws/install/realsense2_camera/include/profile_manager.h
[0.243s] -- Up-to-date symlink: /home/bxi_nx/ht_ws/install/realsense2_camera/include/realsense_node_factory.h
[0.243s] -- Up-to-date symlink: /home/bxi_nx/ht_ws/install/realsense2_camera/include/ros_param_backend.h
[0.243s] -- Up-to-date symlink: /home/bxi_nx/ht_ws/install/realsense2_camera/include/ros_sensor.h
[0.243s] -- Up-to-date symlink: /home/bxi_nx/ht_ws/install/realsense2_camera/include/ros_utils.h
[0.243s] -- Up-to-date symlink: /home/bxi_nx/ht_ws/install/realsense2_camera/include/sensor_params.h
[0.244s] -- Up-to-date symlink: /home/bxi_nx/ht_ws/install/realsense2_camera/include/t265_realsense_node.h
[0.244s] -- Up-to-date symlink: /home/bxi_nx/ht_ws/install/realsense2_camera/share/realsense2_camera/launch/default.rviz
[0.244s] -- Up-to-date symlink: /home/bxi_nx/ht_ws/install/realsense2_camera/share/realsense2_camera/launch/rs_d400_and_t265_launch.py
[0.244s] -- Up-to-date symlink: /home/bxi_nx/ht_ws/install/realsense2_camera/share/realsense2_camera/launch/rs_intra_process_demo_launch.py
[0.245s] -- Up-to-date symlink: /home/bxi_nx/ht_ws/install/realsense2_camera/share/realsense2_camera/launch/rs_launch.py
[0.245s] -- Up-to-date symlink: /home/bxi_nx/ht_ws/install/realsense2_camera/share/realsense2_camera/launch/rs_multi_camera_launch.py
[0.245s] -- Up-to-date symlink: /home/bxi_nx/ht_ws/install/realsense2_camera/share/realsense2_camera/environment/library_path.sh
[0.245s] -- Up-to-date symlink: /home/bxi_nx/ht_ws/install/realsense2_camera/share/realsense2_camera/environment/library_path.dsv
[0.246s] -- Up-to-date symlink: /home/bxi_nx/ht_ws/install/realsense2_camera/share/ament_index/resource_index/package_run_dependencies/realsense2_camera
[0.246s] -- Up-to-date symlink: /home/bxi_nx/ht_ws/install/realsense2_camera/share/ament_index/resource_index/parent_prefix_path/realsense2_camera
[0.246s] -- Up-to-date symlink: /home/bxi_nx/ht_ws/install/realsense2_camera/share/realsense2_camera/environment/ament_prefix_path.sh
[0.246s] -- Up-to-date symlink: /home/bxi_nx/ht_ws/install/realsense2_camera/share/realsense2_camera/environment/ament_prefix_path.dsv
[0.247s] -- Up-to-date symlink: /home/bxi_nx/ht_ws/install/realsense2_camera/share/realsense2_camera/environment/path.sh
[0.247s] -- Up-to-date symlink: /home/bxi_nx/ht_ws/install/realsense2_camera/share/realsense2_camera/environment/path.dsv
[0.247s] -- Up-to-date symlink: /home/bxi_nx/ht_ws/install/realsense2_camera/share/realsense2_camera/local_setup.bash
[0.248s] -- Up-to-date symlink: /home/bxi_nx/ht_ws/install/realsense2_camera/share/realsense2_camera/local_setup.sh
[0.248s] -- Up-to-date symlink: /home/bxi_nx/ht_ws/install/realsense2_camera/share/realsense2_camera/local_setup.zsh
[0.248s] -- Up-to-date symlink: /home/bxi_nx/ht_ws/install/realsense2_camera/share/realsense2_camera/local_setup.dsv
[0.248s] -- Symlinking: /home/bxi_nx/ht_ws/install/realsense2_camera/share/realsense2_camera/package.dsv
[0.266s] -- Up-to-date symlink: /home/bxi_nx/ht_ws/install/realsense2_camera/share/ament_index/resource_index/packages/realsense2_camera
[0.266s] -- Up-to-date symlink: /home/bxi_nx/ht_ws/install/realsense2_camera/share/ament_index/resource_index/rclcpp_components/realsense2_camera
[0.266s] -- Up-to-date symlink: /home/bxi_nx/ht_ws/install/realsense2_camera/share/realsense2_camera/cmake/ament_cmake_export_include_directories-extras.cmake
[0.267s] -- Up-to-date symlink: /home/bxi_nx/ht_ws/install/realsense2_camera/share/realsense2_camera/cmake/ament_cmake_export_libraries-extras.cmake
[0.267s] -- Up-to-date symlink: /home/bxi_nx/ht_ws/install/realsense2_camera/share/realsense2_camera/cmake/ament_cmake_export_dependencies-extras.cmake
[0.267s] -- Up-to-date symlink: /home/bxi_nx/ht_ws/install/realsense2_camera/share/realsense2_camera/cmake/realsense2_cameraConfig.cmake
[0.267s] -- Up-to-date symlink: /home/bxi_nx/ht_ws/install/realsense2_camera/share/realsense2_camera/cmake/realsense2_cameraConfig-version.cmake
[0.267s] -- Up-to-date symlink: /home/bxi_nx/ht_ws/install/realsense2_camera/share/realsense2_camera/package.xml
[0.273s] Invoked command in '/home/bxi_nx/ht_ws/build/realsense2_camera' returned '0': AMENT_PREFIX_PATH=/home/bxi_nx/ht_ws/install/realsense2_camera_msgs:${AMENT_PREFIX_PATH} CMAKE_PREFIX_PATH=/home/bxi_nx/ht_ws/install/realsense2_camera_msgs:/home/bxi_nx/ws_livox/install/localizer:/home/bxi_nx/ws_livox/install/fastlio2:/home/bxi_nx/ws_livox/install/livox_ros_driver2:/home/bxi_nx/ws_livox/install/interface:/home/bxi_nx/ws_livox/install/communication:/opt/ros/humble LD_LIBRARY_PATH=/home/bxi_nx/ht_ws/install/realsense2_camera_msgs/lib:/home/bxi_nx/gtsam/build/gtsam/libgtsam.so.4:/usr/local/cuda-12.6/lib64:/home/bxi_nx/ws_livox/install/livox_ros_driver2/lib:/home/bxi_nx/ws_livox/install/interface/lib:/home/bxi_nx/ws_livox/install/communication/lib:/opt/ros/humble/opt/rviz_ogre_vendor/lib:/opt/ros/humble/lib/aarch64-linux-gnu:/opt/ros/humble/lib:/home/bxi_nx/gtsam/build/gtsam/libgtsam.so.4:/usr/local/cuda-12.6/lib64 PYTHONPATH=/home/bxi_nx/ht_ws/install/realsense2_camera_msgs/local/lib/python3.10/dist-packages:${PYTHONPATH} /usr/bin/cmake --install /home/bxi_nx/ht_ws/build/realsense2_camera
