[0.025s] Invoking command in '/home/ht/autonomous_exploration_development_environment/build/vehicle_simulator': CMAKE_PREFIX_PATH=/opt/ros/humble /usr/bin/cmake --build /home/ht/autonomous_exploration_development_environment/build/vehicle_simulator -- -j16 -l16
[0.068s] [35m[1mConsolidate compiler generated dependencies of target vehicleSimulator[0m
[0.084s] [100%] Built target vehicleSimulator
[0.112s] Invoked command in '/home/ht/autonomous_exploration_development_environment/build/vehicle_simulator' returned '0': CMAKE_PREFIX_PATH=/opt/ros/humble /usr/bin/cmake --build /home/ht/autonomous_exploration_development_environment/build/vehicle_simulator -- -j16 -l16
[0.113s] Invoking command in '/home/ht/autonomous_exploration_development_environment/build/vehicle_simulator': CMAKE_PREFIX_PATH=/opt/ros/humble /usr/bin/cmake --install /home/ht/autonomous_exploration_development_environment/build/vehicle_simulator
[0.122s] -- Install configuration: "Release"
[0.122s] -- Execute custom install script
[0.122s] -- Up-to-date symlink: /home/ht/autonomous_exploration_development_environment/install/vehicle_simulator/lib/vehicle_simulator/vehicleSimulator
[0.122s] -- Up-to-date symlink: /home/ht/autonomous_exploration_development_environment/install/vehicle_simulator/share/vehicle_simulator/launch/system_campus.launch
[0.122s] -- Up-to-date symlink: /home/ht/autonomous_exploration_development_environment/install/vehicle_simulator/share/vehicle_simulator/launch/system_forest.launch
[0.123s] -- Up-to-date symlink: /home/ht/autonomous_exploration_development_environment/install/vehicle_simulator/share/vehicle_simulator/launch/system_garage.launch
[0.123s] -- Up-to-date symlink: /home/ht/autonomous_exploration_development_environment/install/vehicle_simulator/share/vehicle_simulator/launch/system_indoor.launch
[0.123s] -- Up-to-date symlink: /home/ht/autonomous_exploration_development_environment/install/vehicle_simulator/share/vehicle_simulator/launch/system_real_robot.launch
[0.123s] -- Up-to-date symlink: /home/ht/autonomous_exploration_development_environment/install/vehicle_simulator/share/vehicle_simulator/launch/system_tunnel.launch
[0.123s] -- Up-to-date symlink: /home/ht/autonomous_exploration_development_environment/install/vehicle_simulator/share/vehicle_simulator/launch/vehicle_simulator.launch
[0.123s] -- Up-to-date symlink: /home/ht/autonomous_exploration_development_environment/install/vehicle_simulator/share/vehicle_simulator/log/readme.txt
[0.123s] -- Up-to-date symlink: /home/ht/autonomous_exploration_development_environment/install/vehicle_simulator/share/vehicle_simulator/mesh/download_environments.sh
[0.123s] -- Up-to-date symlink: /home/ht/autonomous_exploration_development_environment/install/vehicle_simulator/share/vehicle_simulator/rviz/vehicle_simulator.rviz
[0.123s] -- Up-to-date symlink: /home/ht/autonomous_exploration_development_environment/install/vehicle_simulator/share/vehicle_simulator/urdf/camera.urdf.xacro
[0.123s] -- Up-to-date symlink: /home/ht/autonomous_exploration_development_environment/install/vehicle_simulator/share/vehicle_simulator/urdf/lidar.urdf.xacro
[0.123s] -- Up-to-date symlink: /home/ht/autonomous_exploration_development_environment/install/vehicle_simulator/share/vehicle_simulator/urdf/robot.sdf
[0.123s] -- Up-to-date symlink: /home/ht/autonomous_exploration_development_environment/install/vehicle_simulator/share/vehicle_simulator/world/campus.world
[0.123s] -- Up-to-date symlink: /home/ht/autonomous_exploration_development_environment/install/vehicle_simulator/share/vehicle_simulator/world/forest.world
[0.123s] -- Up-to-date symlink: /home/ht/autonomous_exploration_development_environment/install/vehicle_simulator/share/vehicle_simulator/world/garage.world
[0.123s] -- Up-to-date symlink: /home/ht/autonomous_exploration_development_environment/install/vehicle_simulator/share/vehicle_simulator/world/indoor.world
[0.123s] -- Up-to-date symlink: /home/ht/autonomous_exploration_development_environment/install/vehicle_simulator/share/vehicle_simulator/world/tunnel.world
[0.123s] -- Up-to-date symlink: /home/ht/autonomous_exploration_development_environment/install/vehicle_simulator/share/ament_index/resource_index/package_run_dependencies/vehicle_simulator
[0.123s] -- Up-to-date symlink: /home/ht/autonomous_exploration_development_environment/install/vehicle_simulator/share/ament_index/resource_index/parent_prefix_path/vehicle_simulator
[0.123s] -- Up-to-date symlink: /home/ht/autonomous_exploration_development_environment/install/vehicle_simulator/share/vehicle_simulator/environment/ament_prefix_path.sh
[0.123s] -- Up-to-date symlink: /home/ht/autonomous_exploration_development_environment/install/vehicle_simulator/share/vehicle_simulator/environment/ament_prefix_path.dsv
[0.123s] -- Up-to-date symlink: /home/ht/autonomous_exploration_development_environment/install/vehicle_simulator/share/vehicle_simulator/environment/path.sh
[0.123s] -- Up-to-date symlink: /home/ht/autonomous_exploration_development_environment/install/vehicle_simulator/share/vehicle_simulator/environment/path.dsv
[0.123s] -- Up-to-date symlink: /home/ht/autonomous_exploration_development_environment/install/vehicle_simulator/share/vehicle_simulator/local_setup.bash
[0.123s] -- Up-to-date symlink: /home/ht/autonomous_exploration_development_environment/install/vehicle_simulator/share/vehicle_simulator/local_setup.sh
[0.123s] -- Up-to-date symlink: /home/ht/autonomous_exploration_development_environment/install/vehicle_simulator/share/vehicle_simulator/local_setup.zsh
[0.123s] -- Up-to-date symlink: /home/ht/autonomous_exploration_development_environment/install/vehicle_simulator/share/vehicle_simulator/local_setup.dsv
[0.123s] -- Symlinking: /home/ht/autonomous_exploration_development_environment/install/vehicle_simulator/share/vehicle_simulator/package.dsv
[0.128s] -- Up-to-date symlink: /home/ht/autonomous_exploration_development_environment/install/vehicle_simulator/share/ament_index/resource_index/packages/vehicle_simulator
[0.128s] -- Up-to-date symlink: /home/ht/autonomous_exploration_development_environment/install/vehicle_simulator/share/vehicle_simulator/cmake/vehicle_simulatorConfig.cmake
[0.128s] -- Up-to-date symlink: /home/ht/autonomous_exploration_development_environment/install/vehicle_simulator/share/vehicle_simulator/cmake/vehicle_simulatorConfig-version.cmake
[0.128s] -- Up-to-date symlink: /home/ht/autonomous_exploration_development_environment/install/vehicle_simulator/share/vehicle_simulator/package.xml
[0.166s] Invoked command in '/home/ht/autonomous_exploration_development_environment/build/vehicle_simulator' returned '0': CMAKE_PREFIX_PATH=/opt/ros/humble /usr/bin/cmake --install /home/ht/autonomous_exploration_development_environment/build/vehicle_simulator
