[0.026s] Invoking command in '/home/ht/autonomous_exploration_development_environment/build/vehicle_simulator': CMAKE_PREFIX_PATH=${CMAKE_PREFIX_PATH}:/opt/ros/humble /usr/bin/cmake /home/ht/autonomous_exploration_development_environment/src/vehicle_simulator -DCMAKE_INSTALL_PREFIX=/home/ht/autonomous_exploration_development_environment/install/vehicle_simulator
[0.037s] -- Found ament_cmake: 1.3.12 (/opt/ros/humble/share/ament_cmake/cmake)
[0.161s] -- Override CMake install command with custom implementation using symlinks instead of copying resources
[0.168s] -- Found rclcpp: 16.0.17 (/opt/ros/humble/share/rclcpp/cmake)
[0.195s] -- Found rosidl_generator_c: 3.1.8 (/opt/ros/humble/share/rosidl_generator_c/cmake)
[0.199s] -- Found rosidl_adapter: 3.1.8 (/opt/ros/humble/share/rosidl_adapter/cmake)
[0.203s] -- Found rosidl_generator_cpp: 3.1.8 (/opt/ros/humble/share/rosidl_generator_cpp/cmake)
[0.213s] -- Using all available rosidl_typesupport_c: rosidl_typesupport_fastrtps_c;rosidl_typesupport_introspection_c
[0.225s] -- Using all available rosidl_typesupport_cpp: rosidl_typesupport_fastrtps_cpp;rosidl_typesupport_introspection_cpp
[0.257s] -- Found rmw_implementation_cmake: 6.1.2 (/opt/ros/humble/share/rmw_implementation_cmake/cmake)
[0.258s] -- Found rmw_fastrtps_cpp: 6.2.9 (/opt/ros/humble/share/rmw_fastrtps_cpp/cmake)
[0.357s] -- Using RMW implementation 'rmw_fastrtps_cpp' as default
[0.389s] -- Found nav_msgs: 4.9.0 (/opt/ros/humble/share/nav_msgs/cmake)
[0.407s] -- Found sensor_msgs: 4.9.0 (/opt/ros/humble/share/sensor_msgs/cmake)
[0.417s] -- Found tf2_ros: 0.25.18 (/opt/ros/humble/share/tf2_ros/cmake)
[0.467s] -- Found tf2_geometry_msgs: 0.25.18 (/opt/ros/humble/share/tf2_geometry_msgs/cmake)
[0.469s] -- Found eigen3_cmake_module: 0.1.1 (/opt/ros/humble/share/eigen3_cmake_module/cmake)
[0.470s] -- Found Eigen3: TRUE (found version "3.4.0") 
[0.470s] -- Ensuring Eigen3 include directory is part of orocos-kdl CMake target
[0.471s] -- Found gazebo_msgs: 3.9.0 (/opt/ros/humble/share/gazebo_msgs/cmake)
[0.508s] -- Found gazebo_ros: 3.9.0 (/opt/ros/humble/share/gazebo_ros/cmake)
[0.535s] -- Found DART: /usr/include (Required is at least version "6.6") found components: dart 
[0.554s] -- Found Boost: /usr/lib/x86_64-linux-gnu/cmake/Boost-1.74.0/BoostConfig.cmake (found suitable version "1.74.0", minimum required is "1.40.0") found components: thread system filesystem program_options regex iostreams date_time 
[0.562s] -- Found Protobuf: /usr/lib/x86_64-linux-gnu/libprotobuf.so (found version "3.12.4") 
[0.564s] -- Looking for ignition-math6 -- found version 6.15.1
[0.568s] -- Searching for dependencies of ignition-math6
[0.569s] -- Looking for OGRE...
[0.573s] -- Found Ogre Ghadamon (1.9.0)
[0.574s] -- Found OGRE: optimized;/usr/lib/x86_64-linux-gnu/libOgreMain.so;debug;/usr/lib/x86_64-linux-gnu/libOgreMain.so
[0.582s] -- Looking for OGRE_Paging...
[0.582s] -- Found OGRE_Paging: optimized;/usr/lib/x86_64-linux-gnu/libOgrePaging.so;debug;/usr/lib/x86_64-linux-gnu/libOgrePaging.so
[0.582s] -- Looking for OGRE_Terrain...
[0.582s] -- Found OGRE_Terrain: optimized;/usr/lib/x86_64-linux-gnu/libOgreTerrain.so;debug;/usr/lib/x86_64-linux-gnu/libOgreTerrain.so
[0.582s] -- Looking for OGRE_Property...
[0.582s] -- Found OGRE_Property: optimized;/usr/lib/x86_64-linux-gnu/libOgreProperty.so;debug;/usr/lib/x86_64-linux-gnu/libOgreProperty.so
[0.582s] -- Looking for OGRE_RTShaderSystem...
[0.582s] -- Found OGRE_RTShaderSystem: optimized;/usr/lib/x86_64-linux-gnu/libOgreRTShaderSystem.so;debug;/usr/lib/x86_64-linux-gnu/libOgreRTShaderSystem.so
[0.582s] -- Looking for OGRE_Volume...
[0.582s] -- Found OGRE_Volume: optimized;/usr/lib/x86_64-linux-gnu/libOgreVolume.so;debug;/usr/lib/x86_64-linux-gnu/libOgreVolume.so
[0.582s] -- Looking for OGRE_Overlay...
[0.582s] -- Found OGRE_Overlay: optimized;/usr/lib/x86_64-linux-gnu/libOgreOverlay.so;debug;/usr/lib/x86_64-linux-gnu/libOgreOverlay.so
[0.672s] -- Looking for ignition-math6 -- found version 6.15.1
[0.672s] -- Looking for ignition-transport8 -- found version 8.2.1
[0.672s] -- Searching for dependencies of ignition-transport8
[0.683s] -- Found Protobuf: /usr/lib/x86_64-linux-gnu/libprotobuf.so (found suitable version "3.12.4", minimum required is "3") 
[0.690s] -- Config-file not installed for ZeroMQ -- checking for pkg-config
[0.695s] -- Checking for module 'libzmq >= 4'
[0.707s] --   Found libzmq , version 4.3.4
[0.731s] -- Checking for module 'uuid'
[0.739s] --   Found uuid, version 2.37.2
[0.756s] -- Looking for ignition-msgs5 -- found version 5.8.1
[0.756s] -- Searching for dependencies of ignition-msgs5
[0.768s] -- Looking for ignition-math6 -- found version 6.15.1
[0.771s] -- Checking for module 'tinyxml2'
[0.779s] --   Found tinyxml2, version 9.0.0
[0.802s] -- Looking for ignition-msgs5 -- found version 5.8.1
[0.803s] -- Looking for ignition-common3 -- found version 3.14.0
[0.803s] -- Searching for dependencies of ignition-common3
[0.803s] -- Looking for dlfcn.h - found
[0.803s] -- Looking for libdl - found
[0.814s] -- Searching for <ignition-common3> component [graphics]
[0.814s] -- Looking for ignition-common3-graphics -- found version 3.14.0
[0.814s] -- Searching for dependencies of ignition-common3-graphics
[0.815s] -- Looking for ignition-math6 -- found version 6.15.1
[0.816s] -- Looking for ignition-fuel_tools4 -- found version 4.4.0
[0.816s] -- Searching for dependencies of ignition-fuel_tools4
[0.851s] -- Checking for module 'jsoncpp'
[0.860s] --   Found jsoncpp, version 1.9.5
[0.880s] -- Checking for module 'libzip'
[0.889s] --   Found libzip, version 1.7.3
[0.912s] -- Looking for ignition-common3 -- found version 3.14.0
[0.913s] -- Looking for ignition-math6 -- found version 6.15.1
[0.913s] -- Looking for ignition-msgs5 -- found version 5.8.1
[0.914s] -- Gazebo version: 11.10
[0.927s] -- Eigen found (include: /usr/include/eigen3, version: 3.4.0)
[0.931s] -- Found Boost: /usr/lib/x86_64-linux-gnu/cmake/Boost-1.74.0/BoostConfig.cmake (found suitable version "1.74.0", minimum required is "1.65.0") found components: system filesystem date_time iostreams serialization 
[0.945s] -- FLANN found (include: /usr/include, lib: /usr/lib/x86_64-linux-gnu/libflann_cpp.so)
[1.051s] -- Found Eigen3: /usr/include/eigen3 (found version "3.4.0") 
[1.138s] -- OpenNI found (version: 1.5.4.0, include: /usr/include/ni, lib: /usr/lib/libOpenNI.so;libusb::libusb)
[1.145s] -- OpenNI2 found (version: 2.2.0.33, include: /usr/include/openni2, lib: /usr/lib/x86_64-linux-gnu/libOpenNI2.so;libusb::libusb)
[1.145s] [0m** WARNING ** io features related to pcap will be disabled[0m
[1.282s] -- Eigen found (include: /usr/include/eigen3, version: 3.4.0)
[1.289s] -- OpenNI found (version: 1.5.4.0, include: /usr/include/ni, lib: /usr/lib/libOpenNI.so;libusb::libusb)
[1.295s] -- OpenNI2 found (version: 2.2.0.33, include: /usr/include/openni2, lib: /usr/lib/x86_64-linux-gnu/libOpenNI2.so;libusb::libusb)
[1.392s] -- Found Qhull version 8.0.2
[1.489s] -- OpenNI found (version: 1.5.4.0, include: /usr/include/ni, lib: /usr/lib/libOpenNI.so;libusb::libusb)
[1.577s] -- looking for PCL_COMMON
[1.577s] -- looking for PCL_KDTREE
[1.577s] -- looking for PCL_OCTREE
[1.577s] -- looking for PCL_SEARCH
[1.578s] -- looking for PCL_SAMPLE_CONSENSUS
[1.578s] -- looking for PCL_FILTERS
[1.578s] -- looking for PCL_2D
[1.578s] -- looking for PCL_GEOMETRY
[1.578s] -- looking for PCL_IO
[1.578s] -- looking for PCL_FEATURES
[1.579s] -- looking for PCL_ML
[1.579s] -- looking for PCL_SEGMENTATION
[1.579s] -- looking for PCL_VISUALIZATION
[1.579s] -- looking for PCL_SURFACE
[1.580s] -- looking for PCL_REGISTRATION
[1.580s] -- looking for PCL_KEYPOINTS
[1.580s] -- looking for PCL_TRACKING
[1.580s] -- looking for PCL_RECOGNITION
[1.581s] -- looking for PCL_STEREO
[1.581s] -- looking for PCL_APPS
[1.581s] -- looking for PCL_IN_HAND_SCANNER
[1.581s] -- looking for PCL_MODELER
[1.581s] -- looking for PCL_POINT_CLOUD_EDITOR
[1.582s] -- looking for PCL_OUTOFCORE
[1.582s] -- looking for PCL_PEOPLE
[1.583s] -- Found pcl_conversions: 2.4.5 (/opt/ros/humble/share/pcl_conversions/cmake)
[1.594s] -- Found pcl_ros: 2.4.5 (/opt/ros/humble/share/pcl_ros/cmake)
[1.612s] -- Found ament_lint_auto: 0.12.14 (/opt/ros/humble/share/ament_lint_auto/cmake)
[1.651s] -- Added test 'copyright' to check source files copyright and LICENSE
[1.652s] -- Added test 'cppcheck' to perform static code analysis on C / C++ code
[1.652s] -- Configured cppcheck include dirs: /home/ht/autonomous_exploration_development_environment/src/vehicle_simulator/include
[1.652s] -- Configured cppcheck exclude dirs and/or files: 
[1.653s] -- Added test 'cpplint' to check C / C++ code against the Google style
[1.653s] -- Configured cpplint exclude dirs and/or files: 
[1.653s] -- Added test 'lint_cmake' to check CMake code style
[1.654s] -- Added test 'uncrustify' to check C / C++ code style
[1.654s] -- Configured uncrustify additional arguments: 
[1.654s] -- Added test 'xmllint' to check XML markup files
[1.654s] -- Configuring done
[1.683s] -- Generating done
[1.689s] -- Build files have been written to: /home/ht/autonomous_exploration_development_environment/build/vehicle_simulator
[1.700s] Invoked command in '/home/ht/autonomous_exploration_development_environment/build/vehicle_simulator' returned '0': CMAKE_PREFIX_PATH=${CMAKE_PREFIX_PATH}:/opt/ros/humble /usr/bin/cmake /home/ht/autonomous_exploration_development_environment/src/vehicle_simulator -DCMAKE_INSTALL_PREFIX=/home/ht/autonomous_exploration_development_environment/install/vehicle_simulator
[1.701s] Invoking command in '/home/ht/autonomous_exploration_development_environment/build/vehicle_simulator': CMAKE_PREFIX_PATH=${CMAKE_PREFIX_PATH}:/opt/ros/humble /usr/bin/cmake --build /home/ht/autonomous_exploration_development_environment/build/vehicle_simulator -- -j16 -l16
[1.732s] [35m[1mConsolidate compiler generated dependencies of target vehicleSimulator[0m
[1.748s] [100%] Built target vehicleSimulator
[1.755s] Invoked command in '/home/ht/autonomous_exploration_development_environment/build/vehicle_simulator' returned '0': CMAKE_PREFIX_PATH=${CMAKE_PREFIX_PATH}:/opt/ros/humble /usr/bin/cmake --build /home/ht/autonomous_exploration_development_environment/build/vehicle_simulator -- -j16 -l16
[1.757s] Invoking command in '/home/ht/autonomous_exploration_development_environment/build/vehicle_simulator': CMAKE_PREFIX_PATH=${CMAKE_PREFIX_PATH}:/opt/ros/humble /usr/bin/cmake --install /home/ht/autonomous_exploration_development_environment/build/vehicle_simulator
[1.761s] -- Install configuration: "Release"
[1.762s] -- Execute custom install script
[1.762s] -- Up-to-date symlink: /home/ht/autonomous_exploration_development_environment/install/vehicle_simulator/lib/vehicle_simulator/vehicleSimulator
[1.762s] -- Up-to-date symlink: /home/ht/autonomous_exploration_development_environment/install/vehicle_simulator/share/vehicle_simulator/launch/system_campus.launch
[1.762s] -- Up-to-date symlink: /home/ht/autonomous_exploration_development_environment/install/vehicle_simulator/share/vehicle_simulator/launch/system_forest.launch
[1.762s] -- Up-to-date symlink: /home/ht/autonomous_exploration_development_environment/install/vehicle_simulator/share/vehicle_simulator/launch/system_garage.launch
[1.762s] -- Up-to-date symlink: /home/ht/autonomous_exploration_development_environment/install/vehicle_simulator/share/vehicle_simulator/launch/system_indoor.launch
[1.762s] -- Up-to-date symlink: /home/ht/autonomous_exploration_development_environment/install/vehicle_simulator/share/vehicle_simulator/launch/system_real_robot.launch
[1.762s] -- Up-to-date symlink: /home/ht/autonomous_exploration_development_environment/install/vehicle_simulator/share/vehicle_simulator/launch/system_tunnel.launch
[1.762s] -- Up-to-date symlink: /home/ht/autonomous_exploration_development_environment/install/vehicle_simulator/share/vehicle_simulator/launch/vehicle_simulator.launch
[1.762s] -- Symlinking: /home/ht/autonomous_exploration_development_environment/install/vehicle_simulator/share/vehicle_simulator/log/metrics_2026-2-6-18-3-19.txt
[1.767s] -- Symlinking: /home/ht/autonomous_exploration_development_environment/install/vehicle_simulator/share/vehicle_simulator/log/metrics_2026-2-6-18-5-17.txt
[1.771s] -- Up-to-date symlink: /home/ht/autonomous_exploration_development_environment/install/vehicle_simulator/share/vehicle_simulator/log/readme.txt
[1.771s] -- Symlinking: /home/ht/autonomous_exploration_development_environment/install/vehicle_simulator/share/vehicle_simulator/log/trajectory_2026-2-6-18-3-19.txt
[1.777s] -- Symlinking: /home/ht/autonomous_exploration_development_environment/install/vehicle_simulator/share/vehicle_simulator/log/trajectory_2026-2-6-18-5-17.txt
[1.782s] -- Up-to-date symlink: /home/ht/autonomous_exploration_development_environment/install/vehicle_simulator/share/vehicle_simulator/mesh/download_environments.sh
[1.782s] -- Up-to-date symlink: /home/ht/autonomous_exploration_development_environment/install/vehicle_simulator/share/vehicle_simulator/rviz/vehicle_simulator.rviz
[1.782s] -- Up-to-date symlink: /home/ht/autonomous_exploration_development_environment/install/vehicle_simulator/share/vehicle_simulator/urdf/camera.urdf.xacro
[1.783s] -- Up-to-date symlink: /home/ht/autonomous_exploration_development_environment/install/vehicle_simulator/share/vehicle_simulator/urdf/lidar.urdf.xacro
[1.783s] -- Up-to-date symlink: /home/ht/autonomous_exploration_development_environment/install/vehicle_simulator/share/vehicle_simulator/urdf/robot.sdf
[1.783s] -- Up-to-date symlink: /home/ht/autonomous_exploration_development_environment/install/vehicle_simulator/share/vehicle_simulator/world/campus.world
[1.783s] -- Up-to-date symlink: /home/ht/autonomous_exploration_development_environment/install/vehicle_simulator/share/vehicle_simulator/world/forest.world
[1.783s] -- Up-to-date symlink: /home/ht/autonomous_exploration_development_environment/install/vehicle_simulator/share/vehicle_simulator/world/garage.world
[1.783s] -- Up-to-date symlink: /home/ht/autonomous_exploration_development_environment/install/vehicle_simulator/share/vehicle_simulator/world/indoor.world
[1.783s] -- Up-to-date symlink: /home/ht/autonomous_exploration_development_environment/install/vehicle_simulator/share/vehicle_simulator/world/tunnel.world
[1.783s] -- Up-to-date symlink: /home/ht/autonomous_exploration_development_environment/install/vehicle_simulator/share/ament_index/resource_index/package_run_dependencies/vehicle_simulator
[1.783s] -- Up-to-date symlink: /home/ht/autonomous_exploration_development_environment/install/vehicle_simulator/share/ament_index/resource_index/parent_prefix_path/vehicle_simulator
[1.783s] -- Up-to-date symlink: /home/ht/autonomous_exploration_development_environment/install/vehicle_simulator/share/vehicle_simulator/environment/ament_prefix_path.sh
[1.783s] -- Up-to-date symlink: /home/ht/autonomous_exploration_development_environment/install/vehicle_simulator/share/vehicle_simulator/environment/ament_prefix_path.dsv
[1.783s] -- Up-to-date symlink: /home/ht/autonomous_exploration_development_environment/install/vehicle_simulator/share/vehicle_simulator/environment/path.sh
[1.783s] -- Up-to-date symlink: /home/ht/autonomous_exploration_development_environment/install/vehicle_simulator/share/vehicle_simulator/environment/path.dsv
[1.783s] -- Up-to-date symlink: /home/ht/autonomous_exploration_development_environment/install/vehicle_simulator/share/vehicle_simulator/local_setup.bash
[1.783s] -- Up-to-date symlink: /home/ht/autonomous_exploration_development_environment/install/vehicle_simulator/share/vehicle_simulator/local_setup.sh
[1.783s] -- Up-to-date symlink: /home/ht/autonomous_exploration_development_environment/install/vehicle_simulator/share/vehicle_simulator/local_setup.zsh
[1.783s] -- Up-to-date symlink: /home/ht/autonomous_exploration_development_environment/install/vehicle_simulator/share/vehicle_simulator/local_setup.dsv
[1.784s] -- Symlinking: /home/ht/autonomous_exploration_development_environment/install/vehicle_simulator/share/vehicle_simulator/package.dsv
[1.788s] -- Up-to-date symlink: /home/ht/autonomous_exploration_development_environment/install/vehicle_simulator/share/ament_index/resource_index/packages/vehicle_simulator
[1.788s] -- Up-to-date symlink: /home/ht/autonomous_exploration_development_environment/install/vehicle_simulator/share/vehicle_simulator/cmake/vehicle_simulatorConfig.cmake
[1.788s] -- Up-to-date symlink: /home/ht/autonomous_exploration_development_environment/install/vehicle_simulator/share/vehicle_simulator/cmake/vehicle_simulatorConfig-version.cmake
[1.788s] -- Up-to-date symlink: /home/ht/autonomous_exploration_development_environment/install/vehicle_simulator/share/vehicle_simulator/package.xml
[1.789s] Invoked command in '/home/ht/autonomous_exploration_development_environment/build/vehicle_simulator' returned '0': CMAKE_PREFIX_PATH=${CMAKE_PREFIX_PATH}:/opt/ros/humble /usr/bin/cmake --install /home/ht/autonomous_exploration_development_environment/build/vehicle_simulator
