[0.004s] Invoking command in '/home/ht/ht_ws/build/vikit_ros': CMAKE_PREFIX_PATH=/opt/ros/humble:/home/ht/ht_ws/install/vikit_common LD_LIBRARY_PATH=/home/ht/ht_ws/install/vikit_common/lib:${LD_LIBRARY_PATH} PKG_CONFIG_PATH=/home/ht/ht_ws/install/vikit_common/lib/x86_64-linux-gnu/pkgconfig:/home/ht/ht_ws/install/vikit_common/lib/pkgconfig ROS_PACKAGE_PATH=/home/ht/ht_ws/install/vikit_common/share /usr/bin/cmake /home/ht/ht_ws/src/rpg_vikit/vikit_ros -DROS_EDITION=ROS2 -DHUMBLE_ROS=humble -DCMAKE_INSTALL_PREFIX=/home/ht/ht_ws/install/vikit_ros
[0.064s] -- The C compiler identification is GNU 11.4.0
[0.125s] -- The CXX compiler identification is GNU 11.4.0
[0.130s] -- Detecting C compiler ABI info
[0.199s] -- Detecting C compiler ABI info - done
[0.207s] -- Check for working C compiler: /usr/bin/cc - skipped
[0.207s] -- Detecting C compile features
[0.207s] -- Detecting C compile features - done
[0.209s] -- Detecting CXX compiler ABI info
[0.276s] -- Detecting CXX compiler ABI info - done
[0.282s] -- Check for working CXX compiler: /usr/bin/c++ - skipped
[0.282s] -- Detecting CXX compile features
[0.282s] -- Detecting CXX compile features - done
[0.283s] -- Found ament_cmake: 1.3.12 (/opt/ros/humble/share/ament_cmake/cmake)
[0.375s] -- Found Python3: /usr/bin/python3 (found version "3.10.12") found components: Interpreter 
[0.420s] -- Found rclcpp: 16.0.17 (/opt/ros/humble/share/rclcpp/cmake)
[0.441s] -- Found rosidl_generator_c: 3.1.8 (/opt/ros/humble/share/rosidl_generator_c/cmake)
[0.443s] -- Found rosidl_adapter: 3.1.8 (/opt/ros/humble/share/rosidl_adapter/cmake)
[0.447s] -- Found rosidl_generator_cpp: 3.1.8 (/opt/ros/humble/share/rosidl_generator_cpp/cmake)
[0.453s] -- Using all available rosidl_typesupport_c: rosidl_typesupport_fastrtps_c;rosidl_typesupport_introspection_c
[0.461s] -- Using all available rosidl_typesupport_cpp: rosidl_typesupport_fastrtps_cpp;rosidl_typesupport_introspection_cpp
[0.482s] -- Found rmw_implementation_cmake: 6.1.2 (/opt/ros/humble/share/rmw_implementation_cmake/cmake)
[0.483s] -- Found rmw_fastrtps_cpp: 6.2.9 (/opt/ros/humble/share/rmw_fastrtps_cpp/cmake)
[0.548s] -- Found OpenSSL: /usr/lib/x86_64-linux-gnu/libcrypto.so (found version "3.0.2")  
[0.564s] -- Found FastRTPS: /opt/ros/humble/include  
[0.597s] -- Using RMW implementation 'rmw_fastrtps_cpp' as default
[0.602s] -- Looking for pthread.h
[0.673s] -- Looking for pthread.h - found
[0.673s] -- Performing Test CMAKE_HAVE_LIBC_PTHREAD
[0.775s] -- Performing Test CMAKE_HAVE_LIBC_PTHREAD - Success
[0.778s] -- Found Threads: TRUE  
[0.809s] -- Found vikit_common: 0.0.0 (/home/ht/ht_ws/install/vikit_common/share/vikit_common/cmake)
[0.819s] -- Found visualization_msgs: 4.9.0 (/opt/ros/humble/share/visualization_msgs/cmake)
[0.846s] -- Found tf2_ros: 0.25.18 (/opt/ros/humble/share/tf2_ros/cmake)
[0.897s] -- Found OpenCV: /usr (found version "4.5.4") 
[0.898s] -- Found tf2_geometry_msgs: 0.25.18 (/opt/ros/humble/share/tf2_geometry_msgs/cmake)
[0.901s] -- Found eigen3_cmake_module: 0.1.1 (/opt/ros/humble/share/eigen3_cmake_module/cmake)
[0.902s] -- Found Eigen3: TRUE (found version "3.4.0") 
[0.902s] -- Ensuring Eigen3 include directory is part of orocos-kdl CMake target
[0.939s] -- Configuring done
[0.945s] -- Generating done
[0.946s] [33mCMake Warning:
[0.946s]   Manually-specified variables were not used by the project:
[0.946s] 
[0.946s]     HUMBLE_ROS
[0.946s]     ROS_EDITION
[0.946s] 
[0.946s] [0m
[0.948s] -- Build files have been written to: /home/ht/ht_ws/build/vikit_ros
[0.953s] Invoked command in '/home/ht/ht_ws/build/vikit_ros' returned '0': CMAKE_PREFIX_PATH=/opt/ros/humble:/home/ht/ht_ws/install/vikit_common LD_LIBRARY_PATH=/home/ht/ht_ws/install/vikit_common/lib:${LD_LIBRARY_PATH} PKG_CONFIG_PATH=/home/ht/ht_ws/install/vikit_common/lib/x86_64-linux-gnu/pkgconfig:/home/ht/ht_ws/install/vikit_common/lib/pkgconfig ROS_PACKAGE_PATH=/home/ht/ht_ws/install/vikit_common/share /usr/bin/cmake /home/ht/ht_ws/src/rpg_vikit/vikit_ros -DROS_EDITION=ROS2 -DHUMBLE_ROS=humble -DCMAKE_INSTALL_PREFIX=/home/ht/ht_ws/install/vikit_ros
[0.954s] Invoking command in '/home/ht/ht_ws/build/vikit_ros': CMAKE_PREFIX_PATH=/opt/ros/humble:/home/ht/ht_ws/install/vikit_common LD_LIBRARY_PATH=/home/ht/ht_ws/install/vikit_common/lib:${LD_LIBRARY_PATH} PKG_CONFIG_PATH=/home/ht/ht_ws/install/vikit_common/lib/x86_64-linux-gnu/pkgconfig:/home/ht/ht_ws/install/vikit_common/lib/pkgconfig ROS_PACKAGE_PATH=/home/ht/ht_ws/install/vikit_common/share /usr/bin/cmake --build /home/ht/ht_ws/build/vikit_ros -- -j16 -l16
[0.989s] [ 50%] [32mBuilding CXX object CMakeFiles/vikit_ros.dir/src/output_helper.cpp.o[0m
[3.419s] [100%] [32m[1mLinking CXX shared library libvikit_ros.so[0m
[3.500s] [100%] Built target vikit_ros
[3.505s] Invoked command in '/home/ht/ht_ws/build/vikit_ros' returned '0': CMAKE_PREFIX_PATH=/opt/ros/humble:/home/ht/ht_ws/install/vikit_common LD_LIBRARY_PATH=/home/ht/ht_ws/install/vikit_common/lib:${LD_LIBRARY_PATH} PKG_CONFIG_PATH=/home/ht/ht_ws/install/vikit_common/lib/x86_64-linux-gnu/pkgconfig:/home/ht/ht_ws/install/vikit_common/lib/pkgconfig ROS_PACKAGE_PATH=/home/ht/ht_ws/install/vikit_common/share /usr/bin/cmake --build /home/ht/ht_ws/build/vikit_ros -- -j16 -l16
[3.506s] Invoking command in '/home/ht/ht_ws/build/vikit_ros': CMAKE_PREFIX_PATH=/opt/ros/humble:/home/ht/ht_ws/install/vikit_common LD_LIBRARY_PATH=/home/ht/ht_ws/install/vikit_common/lib:${LD_LIBRARY_PATH} PKG_CONFIG_PATH=/home/ht/ht_ws/install/vikit_common/lib/x86_64-linux-gnu/pkgconfig:/home/ht/ht_ws/install/vikit_common/lib/pkgconfig ROS_PACKAGE_PATH=/home/ht/ht_ws/install/vikit_common/share /usr/bin/cmake --install /home/ht/ht_ws/build/vikit_ros
[3.512s] -- Install configuration: "Release"
[3.512s] -- Installing: /home/ht/ht_ws/install/vikit_ros/include/vikit_ros
[3.512s] -- Installing: /home/ht/ht_ws/install/vikit_ros/include/vikit_ros/vikit
[3.512s] -- Installing: /home/ht/ht_ws/install/vikit_ros/include/vikit_ros/vikit/params_helper.h
[3.512s] -- Installing: /home/ht/ht_ws/install/vikit_ros/include/vikit_ros/vikit/output_helper.h
[3.512s] -- Installing: /home/ht/ht_ws/install/vikit_ros/include/vikit_ros/vikit/camera_loader.h
[3.512s] -- Installing: /home/ht/ht_ws/install/vikit_ros/lib/libvikit_ros.so
[3.513s] -- Set runtime path of "/home/ht/ht_ws/install/vikit_ros/lib/libvikit_ros.so" to ""
[3.513s] -- Installing: /home/ht/ht_ws/install/vikit_ros/share/vikit_ros/environment/library_path.sh
[3.513s] -- Installing: /home/ht/ht_ws/install/vikit_ros/share/vikit_ros/environment/library_path.dsv
[3.513s] -- Installing: /home/ht/ht_ws/install/vikit_ros/share/ament_index/resource_index/package_run_dependencies/vikit_ros
[3.513s] -- Installing: /home/ht/ht_ws/install/vikit_ros/share/ament_index/resource_index/parent_prefix_path/vikit_ros
[3.513s] -- Installing: /home/ht/ht_ws/install/vikit_ros/share/vikit_ros/environment/ament_prefix_path.sh
[3.513s] -- Installing: /home/ht/ht_ws/install/vikit_ros/share/vikit_ros/environment/ament_prefix_path.dsv
[3.513s] -- Installing: /home/ht/ht_ws/install/vikit_ros/share/vikit_ros/environment/path.sh
[3.513s] -- Installing: /home/ht/ht_ws/install/vikit_ros/share/vikit_ros/environment/path.dsv
[3.513s] -- Installing: /home/ht/ht_ws/install/vikit_ros/share/vikit_ros/local_setup.bash
[3.513s] -- Installing: /home/ht/ht_ws/install/vikit_ros/share/vikit_ros/local_setup.sh
[3.513s] -- Installing: /home/ht/ht_ws/install/vikit_ros/share/vikit_ros/local_setup.zsh
[3.513s] -- Installing: /home/ht/ht_ws/install/vikit_ros/share/vikit_ros/local_setup.dsv
[3.513s] -- Installing: /home/ht/ht_ws/install/vikit_ros/share/vikit_ros/package.dsv
[3.513s] -- Installing: /home/ht/ht_ws/install/vikit_ros/share/ament_index/resource_index/packages/vikit_ros
[3.513s] -- Installing: /home/ht/ht_ws/install/vikit_ros/share/vikit_ros/cmake/vikit_rosExport.cmake
[3.513s] -- Installing: /home/ht/ht_ws/install/vikit_ros/share/vikit_ros/cmake/vikit_rosExport-release.cmake
[3.513s] -- Installing: /home/ht/ht_ws/install/vikit_ros/share/vikit_ros/cmake/ament_cmake_export_dependencies-extras.cmake
[3.513s] -- Installing: /home/ht/ht_ws/install/vikit_ros/share/vikit_ros/cmake/ament_cmake_export_include_directories-extras.cmake
[3.513s] -- Installing: /home/ht/ht_ws/install/vikit_ros/share/vikit_ros/cmake/ament_cmake_export_libraries-extras.cmake
[3.513s] -- Installing: /home/ht/ht_ws/install/vikit_ros/share/vikit_ros/cmake/ament_cmake_export_targets-extras.cmake
[3.514s] -- Installing: /home/ht/ht_ws/install/vikit_ros/share/vikit_ros/cmake/vikit_rosConfig.cmake
[3.514s] -- Installing: /home/ht/ht_ws/install/vikit_ros/share/vikit_ros/cmake/vikit_rosConfig-version.cmake
[3.514s] -- Installing: /home/ht/ht_ws/install/vikit_ros/share/vikit_ros/package.xml
[3.515s] Invoked command in '/home/ht/ht_ws/build/vikit_ros' returned '0': CMAKE_PREFIX_PATH=/opt/ros/humble:/home/ht/ht_ws/install/vikit_common LD_LIBRARY_PATH=/home/ht/ht_ws/install/vikit_common/lib:${LD_LIBRARY_PATH} PKG_CONFIG_PATH=/home/ht/ht_ws/install/vikit_common/lib/x86_64-linux-gnu/pkgconfig:/home/ht/ht_ws/install/vikit_common/lib/pkgconfig ROS_PACKAGE_PATH=/home/ht/ht_ws/install/vikit_common/share /usr/bin/cmake --install /home/ht/ht_ws/build/vikit_ros
