[0.174s] Invoking command in '/home/bxi_nx/ht_ws/build/vikit_ros': CMAKE_PREFIX_PATH=/home/bxi_nx/ht_ws/install/my_nav2_bringup:/opt/ros/humble:/home/bxi_nx/ht_ws/install/vikit_common:/home/bxi_nx/ht_ws/install/vikit_ros:/home/bxi_nx/ht_ws/install/realsense2_description:/home/bxi_nx/ht_ws/install/realsense2_camera:/home/bxi_nx/ht_ws/install/realsense2_camera_msgs:/home/bxi_nx/ht_ws/install/octomap_server2:/home/bxi_nx/ht_ws/install/ht_package:/home/bxi_nx/ht_ws/install/fishbot_navigation2:/home/bxi_nx/ht_ws/install/fast_livo:/home/bxi_nx/ws_livox/install/localizer:/home/bxi_nx/ws_livox/install/fastlio2:/home/bxi_nx/ws_livox/install/livox_ros_driver2:/home/bxi_nx/ws_livox/install/interface:/home/bxi_nx/ws_livox/install/communication LD_LIBRARY_PATH=/home/bxi_nx/ht_ws/install/vikit_common/lib:/home/bxi_nx/ht_ws/install/vikit_ros/lib:/home/bxi_nx/ht_ws/install/realsense2_camera/lib:/home/bxi_nx/ht_ws/install/realsense2_camera_msgs/lib:/home/bxi_nx/ht_ws/install/octomap_server2/lib:/home/bxi_nx/ht_ws/install/livox_sdk2/lib:/home/bxi_nx/gtsam/build/gtsam/libgtsam.so.4:/usr/local/cuda-12.6/lib64:/home/bxi_nx/ws_livox/install/livox_ros_driver2/lib:/home/bxi_nx/ws_livox/install/interface/lib:/home/bxi_nx/ws_livox/install/communication/lib:/opt/ros/humble/opt/rviz_ogre_vendor/lib:/opt/ros/humble/lib/aarch64-linux-gnu:/opt/ros/humble/lib:/home/bxi_nx/gtsam/build/gtsam/libgtsam.so.4:/usr/local/cuda-12.6/lib64 /usr/bin/cmake --build /home/bxi_nx/ht_ws/build/vikit_ros -- -j8 -l8
[0.475s] [100%] Built target vikit_ros
[0.544s] Invoked command in '/home/bxi_nx/ht_ws/build/vikit_ros' returned '0': CMAKE_PREFIX_PATH=/home/bxi_nx/ht_ws/install/my_nav2_bringup:/opt/ros/humble:/home/bxi_nx/ht_ws/install/vikit_common:/home/bxi_nx/ht_ws/install/vikit_ros:/home/bxi_nx/ht_ws/install/realsense2_description:/home/bxi_nx/ht_ws/install/realsense2_camera:/home/bxi_nx/ht_ws/install/realsense2_camera_msgs:/home/bxi_nx/ht_ws/install/octomap_server2:/home/bxi_nx/ht_ws/install/ht_package:/home/bxi_nx/ht_ws/install/fishbot_navigation2:/home/bxi_nx/ht_ws/install/fast_livo:/home/bxi_nx/ws_livox/install/localizer:/home/bxi_nx/ws_livox/install/fastlio2:/home/bxi_nx/ws_livox/install/livox_ros_driver2:/home/bxi_nx/ws_livox/install/interface:/home/bxi_nx/ws_livox/install/communication LD_LIBRARY_PATH=/home/bxi_nx/ht_ws/install/vikit_common/lib:/home/bxi_nx/ht_ws/install/vikit_ros/lib:/home/bxi_nx/ht_ws/install/realsense2_camera/lib:/home/bxi_nx/ht_ws/install/realsense2_camera_msgs/lib:/home/bxi_nx/ht_ws/install/octomap_server2/lib:/home/bxi_nx/ht_ws/install/livox_sdk2/lib:/home/bxi_nx/gtsam/build/gtsam/libgtsam.so.4:/usr/local/cuda-12.6/lib64:/home/bxi_nx/ws_livox/install/livox_ros_driver2/lib:/home/bxi_nx/ws_livox/install/interface/lib:/home/bxi_nx/ws_livox/install/communication/lib:/opt/ros/humble/opt/rviz_ogre_vendor/lib:/opt/ros/humble/lib/aarch64-linux-gnu:/opt/ros/humble/lib:/home/bxi_nx/gtsam/build/gtsam/libgtsam.so.4:/usr/local/cuda-12.6/lib64 /usr/bin/cmake --build /home/bxi_nx/ht_ws/build/vikit_ros -- -j8 -l8
[0.565s] Invoking command in '/home/bxi_nx/ht_ws/build/vikit_ros': CMAKE_PREFIX_PATH=/home/bxi_nx/ht_ws/install/my_nav2_bringup:/opt/ros/humble:/home/bxi_nx/ht_ws/install/vikit_common:/home/bxi_nx/ht_ws/install/vikit_ros:/home/bxi_nx/ht_ws/install/realsense2_description:/home/bxi_nx/ht_ws/install/realsense2_camera:/home/bxi_nx/ht_ws/install/realsense2_camera_msgs:/home/bxi_nx/ht_ws/install/octomap_server2:/home/bxi_nx/ht_ws/install/ht_package:/home/bxi_nx/ht_ws/install/fishbot_navigation2:/home/bxi_nx/ht_ws/install/fast_livo:/home/bxi_nx/ws_livox/install/localizer:/home/bxi_nx/ws_livox/install/fastlio2:/home/bxi_nx/ws_livox/install/livox_ros_driver2:/home/bxi_nx/ws_livox/install/interface:/home/bxi_nx/ws_livox/install/communication LD_LIBRARY_PATH=/home/bxi_nx/ht_ws/install/vikit_common/lib:/home/bxi_nx/ht_ws/install/vikit_ros/lib:/home/bxi_nx/ht_ws/install/realsense2_camera/lib:/home/bxi_nx/ht_ws/install/realsense2_camera_msgs/lib:/home/bxi_nx/ht_ws/install/octomap_server2/lib:/home/bxi_nx/ht_ws/install/livox_sdk2/lib:/home/bxi_nx/gtsam/build/gtsam/libgtsam.so.4:/usr/local/cuda-12.6/lib64:/home/bxi_nx/ws_livox/install/livox_ros_driver2/lib:/home/bxi_nx/ws_livox/install/interface/lib:/home/bxi_nx/ws_livox/install/communication/lib:/opt/ros/humble/opt/rviz_ogre_vendor/lib:/opt/ros/humble/lib/aarch64-linux-gnu:/opt/ros/humble/lib:/home/bxi_nx/gtsam/build/gtsam/libgtsam.so.4:/usr/local/cuda-12.6/lib64 /usr/bin/cmake --install /home/bxi_nx/ht_ws/build/vikit_ros
[0.610s] -- Install configuration: "Release"
[0.613s] -- Execute custom install script
[0.614s] -- Up-to-date symlink: /home/bxi_nx/ht_ws/install/vikit_ros/include/vikit_ros/vikit/camera_loader.h
[0.616s] -- Up-to-date symlink: /home/bxi_nx/ht_ws/install/vikit_ros/include/vikit_ros/vikit/output_helper.h
[0.616s] -- Up-to-date symlink: /home/bxi_nx/ht_ws/install/vikit_ros/include/vikit_ros/vikit/params_helper.h
[0.618s] -- Up-to-date symlink: /home/bxi_nx/ht_ws/install/vikit_ros/share/vikit_ros/environment/library_path.sh
[0.618s] -- Up-to-date symlink: /home/bxi_nx/ht_ws/install/vikit_ros/share/vikit_ros/environment/library_path.dsv
[0.619s] -- Up-to-date symlink: /home/bxi_nx/ht_ws/install/vikit_ros/share/ament_index/resource_index/package_run_dependencies/vikit_ros
[0.620s] -- Up-to-date symlink: /home/bxi_nx/ht_ws/install/vikit_ros/share/ament_index/resource_index/parent_prefix_path/vikit_ros
[0.621s] -- Up-to-date symlink: /home/bxi_nx/ht_ws/install/vikit_ros/share/vikit_ros/environment/ament_prefix_path.sh
[0.622s] -- Up-to-date symlink: /home/bxi_nx/ht_ws/install/vikit_ros/share/vikit_ros/environment/ament_prefix_path.dsv
[0.623s] -- Up-to-date symlink: /home/bxi_nx/ht_ws/install/vikit_ros/share/vikit_ros/environment/path.sh
[0.623s] -- Up-to-date symlink: /home/bxi_nx/ht_ws/install/vikit_ros/share/vikit_ros/environment/path.dsv
[0.624s] -- Up-to-date symlink: /home/bxi_nx/ht_ws/install/vikit_ros/share/vikit_ros/local_setup.bash
[0.624s] -- Up-to-date symlink: /home/bxi_nx/ht_ws/install/vikit_ros/share/vikit_ros/local_setup.sh
[0.625s] -- Up-to-date symlink: /home/bxi_nx/ht_ws/install/vikit_ros/share/vikit_ros/local_setup.zsh
[0.625s] -- Up-to-date symlink: /home/bxi_nx/ht_ws/install/vikit_ros/share/vikit_ros/local_setup.dsv
[0.625s] -- Symlinking: /home/bxi_nx/ht_ws/install/vikit_ros/share/vikit_ros/package.dsv
[0.690s] -- Up-to-date symlink: /home/bxi_nx/ht_ws/install/vikit_ros/share/ament_index/resource_index/packages/vikit_ros
[0.690s] -- Up-to-date symlink: /home/bxi_nx/ht_ws/install/vikit_ros/share/vikit_ros/cmake/ament_cmake_export_dependencies-extras.cmake
[0.691s] -- Up-to-date symlink: /home/bxi_nx/ht_ws/install/vikit_ros/share/vikit_ros/cmake/ament_cmake_export_include_directories-extras.cmake
[0.692s] -- Up-to-date symlink: /home/bxi_nx/ht_ws/install/vikit_ros/share/vikit_ros/cmake/ament_cmake_export_libraries-extras.cmake
[0.697s] -- Up-to-date symlink: /home/bxi_nx/ht_ws/install/vikit_ros/share/vikit_ros/cmake/ament_cmake_export_targets-extras.cmake
[0.698s] -- Up-to-date symlink: /home/bxi_nx/ht_ws/install/vikit_ros/share/vikit_ros/cmake/vikit_rosConfig.cmake
[0.698s] -- Up-to-date symlink: /home/bxi_nx/ht_ws/install/vikit_ros/share/vikit_ros/cmake/vikit_rosConfig-version.cmake
[0.699s] -- Up-to-date symlink: /home/bxi_nx/ht_ws/install/vikit_ros/share/vikit_ros/package.xml
[0.699s] -- Up-to-date: /home/bxi_nx/ht_ws/install/vikit_ros/lib/libvikit_ros.so
[0.699s] -- Up-to-date: /home/bxi_nx/ht_ws/install/vikit_ros/share/vikit_ros/cmake/vikit_rosExport.cmake
[0.699s] -- Up-to-date: /home/bxi_nx/ht_ws/install/vikit_ros/share/vikit_ros/cmake/vikit_rosExport-release.cmake
[0.705s] Invoked command in '/home/bxi_nx/ht_ws/build/vikit_ros' returned '0': CMAKE_PREFIX_PATH=/home/bxi_nx/ht_ws/install/my_nav2_bringup:/opt/ros/humble:/home/bxi_nx/ht_ws/install/vikit_common:/home/bxi_nx/ht_ws/install/vikit_ros:/home/bxi_nx/ht_ws/install/realsense2_description:/home/bxi_nx/ht_ws/install/realsense2_camera:/home/bxi_nx/ht_ws/install/realsense2_camera_msgs:/home/bxi_nx/ht_ws/install/octomap_server2:/home/bxi_nx/ht_ws/install/ht_package:/home/bxi_nx/ht_ws/install/fishbot_navigation2:/home/bxi_nx/ht_ws/install/fast_livo:/home/bxi_nx/ws_livox/install/localizer:/home/bxi_nx/ws_livox/install/fastlio2:/home/bxi_nx/ws_livox/install/livox_ros_driver2:/home/bxi_nx/ws_livox/install/interface:/home/bxi_nx/ws_livox/install/communication LD_LIBRARY_PATH=/home/bxi_nx/ht_ws/install/vikit_common/lib:/home/bxi_nx/ht_ws/install/vikit_ros/lib:/home/bxi_nx/ht_ws/install/realsense2_camera/lib:/home/bxi_nx/ht_ws/install/realsense2_camera_msgs/lib:/home/bxi_nx/ht_ws/install/octomap_server2/lib:/home/bxi_nx/ht_ws/install/livox_sdk2/lib:/home/bxi_nx/gtsam/build/gtsam/libgtsam.so.4:/usr/local/cuda-12.6/lib64:/home/bxi_nx/ws_livox/install/livox_ros_driver2/lib:/home/bxi_nx/ws_livox/install/interface/lib:/home/bxi_nx/ws_livox/install/communication/lib:/opt/ros/humble/opt/rviz_ogre_vendor/lib:/opt/ros/humble/lib/aarch64-linux-gnu:/opt/ros/humble/lib:/home/bxi_nx/gtsam/build/gtsam/libgtsam.so.4:/usr/local/cuda-12.6/lib64 /usr/bin/cmake --install /home/bxi_nx/ht_ws/build/vikit_ros
