[1.192s] Invoking command in '/home/bxi_nx/ht_ws/src/my_nav2_bringup': PYTHONPATH=/home/bxi_nx/ht_ws/build/my_nav2_bringup/prefix_override:/usr/lib/python3/dist-packages/colcon_core/task/python/colcon_distutils_commands:/home/bxi_nx/ht_ws/install/my_nav2_bringup/lib/python3.10/site-packages:${PYTHONPATH} /usr/bin/python3 -W ignore:setup.py install is deprecated -W ignore:easy_install command is deprecated setup.py egg_info --egg-base ../../build/my_nav2_bringup build --build-base /home/bxi_nx/ht_ws/build/my_nav2_bringup/build install --record /home/bxi_nx/ht_ws/build/my_nav2_bringup/install.log --single-version-externally-managed install_data
[1.604s] running egg_info
[1.605s] writing ../../build/my_nav2_bringup/my_nav2_bringup.egg-info/PKG-INFO
[1.606s] writing dependency_links to ../../build/my_nav2_bringup/my_nav2_bringup.egg-info/dependency_links.txt
[1.606s] writing entry points to ../../build/my_nav2_bringup/my_nav2_bringup.egg-info/entry_points.txt
[1.606s] writing requirements to ../../build/my_nav2_bringup/my_nav2_bringup.egg-info/requires.txt
[1.606s] writing top-level names to ../../build/my_nav2_bringup/my_nav2_bringup.egg-info/top_level.txt
[1.609s] reading manifest file '../../build/my_nav2_bringup/my_nav2_bringup.egg-info/SOURCES.txt'
[1.610s] writing manifest file '../../build/my_nav2_bringup/my_nav2_bringup.egg-info/SOURCES.txt'
[1.610s] running build
[1.611s] running build_py
[1.611s] running install
[1.611s] running install_lib
[1.613s] running install_data
[1.614s] copying launch/my_navigation_launch.py -> /home/bxi_nx/ht_ws/install/my_nav2_bringup/share/my_nav2_bringup/launch
[1.614s] copying config/my_nav2_params.yaml -> /home/bxi_nx/ht_ws/install/my_nav2_bringup/share/my_nav2_bringup/config
[1.614s] running install_egg_info
[1.617s] removing '/home/bxi_nx/ht_ws/install/my_nav2_bringup/lib/python3.10/site-packages/my_nav2_bringup-0.0.0-py3.10.egg-info' (and everything under it)
[1.618s] Copying ../../build/my_nav2_bringup/my_nav2_bringup.egg-info to /home/bxi_nx/ht_ws/install/my_nav2_bringup/lib/python3.10/site-packages/my_nav2_bringup-0.0.0-py3.10.egg-info
[1.619s] running install_scripts
[1.654s] writing list of installed files to '/home/bxi_nx/ht_ws/build/my_nav2_bringup/install.log'
[1.715s] Invoked command in '/home/bxi_nx/ht_ws/src/my_nav2_bringup' returned '0': PYTHONPATH=/home/bxi_nx/ht_ws/build/my_nav2_bringup/prefix_override:/usr/lib/python3/dist-packages/colcon_core/task/python/colcon_distutils_commands:/home/bxi_nx/ht_ws/install/my_nav2_bringup/lib/python3.10/site-packages:${PYTHONPATH} /usr/bin/python3 -W ignore:setup.py install is deprecated -W ignore:easy_install command is deprecated setup.py egg_info --egg-base ../../build/my_nav2_bringup build --build-base /home/bxi_nx/ht_ws/build/my_nav2_bringup/build install --record /home/bxi_nx/ht_ws/build/my_nav2_bringup/install.log --single-version-externally-managed install_data
