[0.064s] Invoking command in '/home/bxi_nx/ht_ws/build/vikit_ros': CMAKE_PREFIX_PATH=/opt/ros/humble:/home/bxi_nx/ht_ws/install/vikit_common:${CMAKE_PREFIX_PATH} LD_LIBRARY_PATH=/home/bxi_nx/ht_ws/install/vikit_common/lib:/home/bxi_nx/gtsam/build/gtsam/libgtsam.so.4:/usr/local/cuda-12.6/lib64:/home/bxi_nx/ws_livox/install/livox_ros_driver2/lib:/home/bxi_nx/ws_livox/install/interface/lib:/home/bxi_nx/ws_livox/install/communication/lib:/home/bxi_nx/gtsam/build/gtsam/libgtsam.so.4:/opt/ros/humble/opt/rviz_ogre_vendor/lib:/opt/ros/humble/lib/aarch64-linux-gnu:/opt/ros/humble/lib:/usr/local/cuda-12.6/lib64 PKG_CONFIG_PATH=/home/bxi_nx/ht_ws/install/vikit_common/lib/aarch64-linux-gnu/pkgconfig:/home/bxi_nx/ht_ws/install/vikit_common/lib/pkgconfig ROS_PACKAGE_PATH=/home/bxi_nx/ht_ws/install/vikit_common/share /usr/bin/cmake --build /home/bxi_nx/ht_ws/build/vikit_ros -- -j8 -l8
[0.216s] [100%] Built target vikit_ros
[0.243s] Invoked command in '/home/bxi_nx/ht_ws/build/vikit_ros' returned '0': CMAKE_PREFIX_PATH=/opt/ros/humble:/home/bxi_nx/ht_ws/install/vikit_common:${CMAKE_PREFIX_PATH} LD_LIBRARY_PATH=/home/bxi_nx/ht_ws/install/vikit_common/lib:/home/bxi_nx/gtsam/build/gtsam/libgtsam.so.4:/usr/local/cuda-12.6/lib64:/home/bxi_nx/ws_livox/install/livox_ros_driver2/lib:/home/bxi_nx/ws_livox/install/interface/lib:/home/bxi_nx/ws_livox/install/communication/lib:/home/bxi_nx/gtsam/build/gtsam/libgtsam.so.4:/opt/ros/humble/opt/rviz_ogre_vendor/lib:/opt/ros/humble/lib/aarch64-linux-gnu:/opt/ros/humble/lib:/usr/local/cuda-12.6/lib64 PKG_CONFIG_PATH=/home/bxi_nx/ht_ws/install/vikit_common/lib/aarch64-linux-gnu/pkgconfig:/home/bxi_nx/ht_ws/install/vikit_common/lib/pkgconfig ROS_PACKAGE_PATH=/home/bxi_nx/ht_ws/install/vikit_common/share /usr/bin/cmake --build /home/bxi_nx/ht_ws/build/vikit_ros -- -j8 -l8
[0.247s] Invoking command in '/home/bxi_nx/ht_ws/build/vikit_ros': CMAKE_PREFIX_PATH=/opt/ros/humble:/home/bxi_nx/ht_ws/install/vikit_common:${CMAKE_PREFIX_PATH} LD_LIBRARY_PATH=/home/bxi_nx/ht_ws/install/vikit_common/lib:/home/bxi_nx/gtsam/build/gtsam/libgtsam.so.4:/usr/local/cuda-12.6/lib64:/home/bxi_nx/ws_livox/install/livox_ros_driver2/lib:/home/bxi_nx/ws_livox/install/interface/lib:/home/bxi_nx/ws_livox/install/communication/lib:/home/bxi_nx/gtsam/build/gtsam/libgtsam.so.4:/opt/ros/humble/opt/rviz_ogre_vendor/lib:/opt/ros/humble/lib/aarch64-linux-gnu:/opt/ros/humble/lib:/usr/local/cuda-12.6/lib64 PKG_CONFIG_PATH=/home/bxi_nx/ht_ws/install/vikit_common/lib/aarch64-linux-gnu/pkgconfig:/home/bxi_nx/ht_ws/install/vikit_common/lib/pkgconfig ROS_PACKAGE_PATH=/home/bxi_nx/ht_ws/install/vikit_common/share /usr/bin/cmake --install /home/bxi_nx/ht_ws/build/vikit_ros
[0.262s] -- Install configuration: "Release"
[0.265s] -- Execute custom install script
[0.267s] -- Up-to-date symlink: /home/bxi_nx/ht_ws/install/vikit_ros/include/vikit_ros/vikit/camera_loader.h
[0.268s] -- Up-to-date symlink: /home/bxi_nx/ht_ws/install/vikit_ros/include/vikit_ros/vikit/output_helper.h
[0.270s] -- Up-to-date symlink: /home/bxi_nx/ht_ws/install/vikit_ros/include/vikit_ros/vikit/params_helper.h
[0.271s] -- Up-to-date symlink: /home/bxi_nx/ht_ws/install/vikit_ros/share/vikit_ros/environment/library_path.sh
[0.273s] -- Up-to-date symlink: /home/bxi_nx/ht_ws/install/vikit_ros/share/vikit_ros/environment/library_path.dsv
[0.275s] -- Up-to-date symlink: /home/bxi_nx/ht_ws/install/vikit_ros/share/ament_index/resource_index/package_run_dependencies/vikit_ros
[0.276s] -- Up-to-date symlink: /home/bxi_nx/ht_ws/install/vikit_ros/share/ament_index/resource_index/parent_prefix_path/vikit_ros
[0.278s] -- Up-to-date symlink: /home/bxi_nx/ht_ws/install/vikit_ros/share/vikit_ros/environment/ament_prefix_path.sh
[0.279s] -- Up-to-date symlink: /home/bxi_nx/ht_ws/install/vikit_ros/share/vikit_ros/environment/ament_prefix_path.dsv
[0.281s] -- Up-to-date symlink: /home/bxi_nx/ht_ws/install/vikit_ros/share/vikit_ros/environment/path.sh
[0.282s] -- Up-to-date symlink: /home/bxi_nx/ht_ws/install/vikit_ros/share/vikit_ros/environment/path.dsv
[0.283s] -- Up-to-date symlink: /home/bxi_nx/ht_ws/install/vikit_ros/share/vikit_ros/local_setup.bash
[0.284s] -- Up-to-date symlink: /home/bxi_nx/ht_ws/install/vikit_ros/share/vikit_ros/local_setup.sh
[0.286s] -- Up-to-date symlink: /home/bxi_nx/ht_ws/install/vikit_ros/share/vikit_ros/local_setup.zsh
[0.287s] -- Up-to-date symlink: /home/bxi_nx/ht_ws/install/vikit_ros/share/vikit_ros/local_setup.dsv
[0.288s] -- Symlinking: /home/bxi_nx/ht_ws/install/vikit_ros/share/vikit_ros/package.dsv
[0.315s] -- Up-to-date symlink: /home/bxi_nx/ht_ws/install/vikit_ros/share/ament_index/resource_index/packages/vikit_ros
[0.317s] -- Up-to-date symlink: /home/bxi_nx/ht_ws/install/vikit_ros/share/vikit_ros/cmake/ament_cmake_export_dependencies-extras.cmake
[0.317s] -- Up-to-date symlink: /home/bxi_nx/ht_ws/install/vikit_ros/share/vikit_ros/cmake/ament_cmake_export_include_directories-extras.cmake
[0.317s] -- Up-to-date symlink: /home/bxi_nx/ht_ws/install/vikit_ros/share/vikit_ros/cmake/ament_cmake_export_libraries-extras.cmake
[0.317s] -- Up-to-date symlink: /home/bxi_nx/ht_ws/install/vikit_ros/share/vikit_ros/cmake/ament_cmake_export_targets-extras.cmake
[0.318s] -- Up-to-date symlink: /home/bxi_nx/ht_ws/install/vikit_ros/share/vikit_ros/cmake/vikit_rosConfig.cmake
[0.318s] -- Up-to-date symlink: /home/bxi_nx/ht_ws/install/vikit_ros/share/vikit_ros/cmake/vikit_rosConfig-version.cmake
[0.318s] -- Up-to-date symlink: /home/bxi_nx/ht_ws/install/vikit_ros/share/vikit_ros/package.xml
[0.318s] -- Up-to-date: /home/bxi_nx/ht_ws/install/vikit_ros/lib/libvikit_ros.so
[0.319s] -- Up-to-date: /home/bxi_nx/ht_ws/install/vikit_ros/share/vikit_ros/cmake/vikit_rosExport.cmake
[0.320s] -- Up-to-date: /home/bxi_nx/ht_ws/install/vikit_ros/share/vikit_ros/cmake/vikit_rosExport-release.cmake
[0.330s] Invoked command in '/home/bxi_nx/ht_ws/build/vikit_ros' returned '0': CMAKE_PREFIX_PATH=/opt/ros/humble:/home/bxi_nx/ht_ws/install/vikit_common:${CMAKE_PREFIX_PATH} LD_LIBRARY_PATH=/home/bxi_nx/ht_ws/install/vikit_common/lib:/home/bxi_nx/gtsam/build/gtsam/libgtsam.so.4:/usr/local/cuda-12.6/lib64:/home/bxi_nx/ws_livox/install/livox_ros_driver2/lib:/home/bxi_nx/ws_livox/install/interface/lib:/home/bxi_nx/ws_livox/install/communication/lib:/home/bxi_nx/gtsam/build/gtsam/libgtsam.so.4:/opt/ros/humble/opt/rviz_ogre_vendor/lib:/opt/ros/humble/lib/aarch64-linux-gnu:/opt/ros/humble/lib:/usr/local/cuda-12.6/lib64 PKG_CONFIG_PATH=/home/bxi_nx/ht_ws/install/vikit_common/lib/aarch64-linux-gnu/pkgconfig:/home/bxi_nx/ht_ws/install/vikit_common/lib/pkgconfig ROS_PACKAGE_PATH=/home/bxi_nx/ht_ws/install/vikit_common/share /usr/bin/cmake --install /home/bxi_nx/ht_ws/build/vikit_ros
