[0.059s] Invoking command in '/home/bxi_nx/ht_ws/build/fast_livo': CMAKE_PREFIX_PATH=/home/bxi_nx/ht_ws/install/vikit_ros:/home/bxi_nx/ht_ws/install/my_nav2_bringup:/opt/ros/humble:/home/bxi_nx/ht_ws/install/vikit_common:/home/bxi_nx/ht_ws/install/realsense2_description:/home/bxi_nx/ht_ws/install/realsense2_camera:/home/bxi_nx/ht_ws/install/realsense2_camera_msgs:/home/bxi_nx/ht_ws/install/octomap_server2:/home/bxi_nx/ht_ws/install/ht_package:/home/bxi_nx/ht_ws/install/fishbot_navigation2:/home/bxi_nx/ht_ws/install/fast_livo:/home/bxi_nx/ws_livox/install/localizer:/home/bxi_nx/ws_livox/install/fastlio2:/home/bxi_nx/ws_livox/install/livox_ros_driver2:/home/bxi_nx/ws_livox/install/interface:/home/bxi_nx/ws_livox/install/communication LD_LIBRARY_PATH=/home/bxi_nx/ht_ws/install/vikit_ros/lib:/home/bxi_nx/ht_ws/install/vikit_common/lib:/home/bxi_nx/ht_ws/install/realsense2_camera/lib:/home/bxi_nx/ht_ws/install/realsense2_camera_msgs/lib:/home/bxi_nx/ht_ws/install/octomap_server2/lib:/home/bxi_nx/ht_ws/install/livox_sdk2/lib:/home/bxi_nx/gtsam/build/gtsam/libgtsam.so.4:/usr/local/cuda-12.6/lib64:/home/bxi_nx/ws_livox/install/livox_ros_driver2/lib:/home/bxi_nx/ws_livox/install/interface/lib:/home/bxi_nx/ws_livox/install/communication/lib:/opt/ros/humble/opt/rviz_ogre_vendor/lib:/opt/ros/humble/lib/aarch64-linux-gnu:/opt/ros/humble/lib:/home/bxi_nx/gtsam/build/gtsam/libgtsam.so.4:/usr/local/cuda-12.6/lib64 /usr/bin/cmake --build /home/bxi_nx/ht_ws/build/fast_livo -- -j8 -l8
[0.319s] [ 12%] Built target utils
[0.389s] [ 25%] Built target pre
[0.404s] [ 50%] Built target vio
[0.410s] [ 62%] Built target imu_proc
[0.422s] [ 75%] Built target laser_mapping
[0.451s] [ 87%] Built target lio
[0.562s] [100%] Built target fastlivo_mapping
[0.599s] Invoked command in '/home/bxi_nx/ht_ws/build/fast_livo' returned '0': CMAKE_PREFIX_PATH=/home/bxi_nx/ht_ws/install/vikit_ros:/home/bxi_nx/ht_ws/install/my_nav2_bringup:/opt/ros/humble:/home/bxi_nx/ht_ws/install/vikit_common:/home/bxi_nx/ht_ws/install/realsense2_description:/home/bxi_nx/ht_ws/install/realsense2_camera:/home/bxi_nx/ht_ws/install/realsense2_camera_msgs:/home/bxi_nx/ht_ws/install/octomap_server2:/home/bxi_nx/ht_ws/install/ht_package:/home/bxi_nx/ht_ws/install/fishbot_navigation2:/home/bxi_nx/ht_ws/install/fast_livo:/home/bxi_nx/ws_livox/install/localizer:/home/bxi_nx/ws_livox/install/fastlio2:/home/bxi_nx/ws_livox/install/livox_ros_driver2:/home/bxi_nx/ws_livox/install/interface:/home/bxi_nx/ws_livox/install/communication LD_LIBRARY_PATH=/home/bxi_nx/ht_ws/install/vikit_ros/lib:/home/bxi_nx/ht_ws/install/vikit_common/lib:/home/bxi_nx/ht_ws/install/realsense2_camera/lib:/home/bxi_nx/ht_ws/install/realsense2_camera_msgs/lib:/home/bxi_nx/ht_ws/install/octomap_server2/lib:/home/bxi_nx/ht_ws/install/livox_sdk2/lib:/home/bxi_nx/gtsam/build/gtsam/libgtsam.so.4:/usr/local/cuda-12.6/lib64:/home/bxi_nx/ws_livox/install/livox_ros_driver2/lib:/home/bxi_nx/ws_livox/install/interface/lib:/home/bxi_nx/ws_livox/install/communication/lib:/opt/ros/humble/opt/rviz_ogre_vendor/lib:/opt/ros/humble/lib/aarch64-linux-gnu:/opt/ros/humble/lib:/home/bxi_nx/gtsam/build/gtsam/libgtsam.so.4:/usr/local/cuda-12.6/lib64 /usr/bin/cmake --build /home/bxi_nx/ht_ws/build/fast_livo -- -j8 -l8
[0.604s] Invoking command in '/home/bxi_nx/ht_ws/build/fast_livo': CMAKE_PREFIX_PATH=/home/bxi_nx/ht_ws/install/vikit_ros:/home/bxi_nx/ht_ws/install/my_nav2_bringup:/opt/ros/humble:/home/bxi_nx/ht_ws/install/vikit_common:/home/bxi_nx/ht_ws/install/realsense2_description:/home/bxi_nx/ht_ws/install/realsense2_camera:/home/bxi_nx/ht_ws/install/realsense2_camera_msgs:/home/bxi_nx/ht_ws/install/octomap_server2:/home/bxi_nx/ht_ws/install/ht_package:/home/bxi_nx/ht_ws/install/fishbot_navigation2:/home/bxi_nx/ht_ws/install/fast_livo:/home/bxi_nx/ws_livox/install/localizer:/home/bxi_nx/ws_livox/install/fastlio2:/home/bxi_nx/ws_livox/install/livox_ros_driver2:/home/bxi_nx/ws_livox/install/interface:/home/bxi_nx/ws_livox/install/communication LD_LIBRARY_PATH=/home/bxi_nx/ht_ws/install/vikit_ros/lib:/home/bxi_nx/ht_ws/install/vikit_common/lib:/home/bxi_nx/ht_ws/install/realsense2_camera/lib:/home/bxi_nx/ht_ws/install/realsense2_camera_msgs/lib:/home/bxi_nx/ht_ws/install/octomap_server2/lib:/home/bxi_nx/ht_ws/install/livox_sdk2/lib:/home/bxi_nx/gtsam/build/gtsam/libgtsam.so.4:/usr/local/cuda-12.6/lib64:/home/bxi_nx/ws_livox/install/livox_ros_driver2/lib:/home/bxi_nx/ws_livox/install/interface/lib:/home/bxi_nx/ws_livox/install/communication/lib:/opt/ros/humble/opt/rviz_ogre_vendor/lib:/opt/ros/humble/lib/aarch64-linux-gnu:/opt/ros/humble/lib:/home/bxi_nx/gtsam/build/gtsam/libgtsam.so.4:/usr/local/cuda-12.6/lib64 /usr/bin/cmake --install /home/bxi_nx/ht_ws/build/fast_livo
[0.638s] -- Install configuration: "Release"
[0.639s] -- Execute custom install script
[0.640s] -- Up-to-date symlink: /home/bxi_nx/ht_ws/install/fast_livo/lib/fast_livo/fastlivo_mapping
[0.640s] -- Up-to-date symlink: /home/bxi_nx/ht_ws/install/fast_livo/share/fast_livo/config/MARS_LVIG.yaml
[0.642s] -- Up-to-date symlink: /home/bxi_nx/ht_ws/install/fast_livo/share/fast_livo/config/avia.yaml
[0.642s] -- Up-to-date symlink: /home/bxi_nx/ht_ws/install/fast_livo/share/fast_livo/config/camera_MARS_LVIG.yaml
[0.642s] -- Up-to-date symlink: /home/bxi_nx/ht_ws/install/fast_livo/share/fast_livo/config/camera_pinhole.yaml
[0.643s] -- Up-to-date symlink: /home/bxi_nx/ht_ws/install/fast_livo/share/fast_livo/launch/mapping_avia.launch.py
[0.644s] -- Up-to-date symlink: /home/bxi_nx/ht_ws/install/fast_livo/share/fast_livo/launch/mapping_avia_marslvig.launch.py
[0.646s] -- Up-to-date symlink: /home/bxi_nx/ht_ws/install/fast_livo/share/fast_livo/rviz_cfg/M300.rviz
[0.646s] -- Up-to-date symlink: /home/bxi_nx/ht_ws/install/fast_livo/share/fast_livo/rviz_cfg/fast_livo2.rviz
[0.647s] -- Up-to-date symlink: /home/bxi_nx/ht_ws/install/fast_livo/share/ament_index/resource_index/package_run_dependencies/fast_livo
[0.649s] -- Up-to-date symlink: /home/bxi_nx/ht_ws/install/fast_livo/share/ament_index/resource_index/parent_prefix_path/fast_livo
[0.649s] -- Up-to-date symlink: /home/bxi_nx/ht_ws/install/fast_livo/share/fast_livo/environment/ament_prefix_path.sh
[0.649s] -- Up-to-date symlink: /home/bxi_nx/ht_ws/install/fast_livo/share/fast_livo/environment/ament_prefix_path.dsv
[0.649s] -- Up-to-date symlink: /home/bxi_nx/ht_ws/install/fast_livo/share/fast_livo/environment/path.sh
[0.650s] -- Up-to-date symlink: /home/bxi_nx/ht_ws/install/fast_livo/share/fast_livo/environment/path.dsv
[0.650s] -- Up-to-date symlink: /home/bxi_nx/ht_ws/install/fast_livo/share/fast_livo/local_setup.bash
[0.650s] -- Up-to-date symlink: /home/bxi_nx/ht_ws/install/fast_livo/share/fast_livo/local_setup.sh
[0.650s] -- Up-to-date symlink: /home/bxi_nx/ht_ws/install/fast_livo/share/fast_livo/local_setup.zsh
[0.650s] -- Up-to-date symlink: /home/bxi_nx/ht_ws/install/fast_livo/share/fast_livo/local_setup.dsv
[0.650s] -- Symlinking: /home/bxi_nx/ht_ws/install/fast_livo/share/fast_livo/package.dsv
[0.681s] -- Up-to-date symlink: /home/bxi_nx/ht_ws/install/fast_livo/share/ament_index/resource_index/packages/fast_livo
[0.682s] -- Up-to-date symlink: /home/bxi_nx/ht_ws/install/fast_livo/share/fast_livo/cmake/ament_cmake_export_dependencies-extras.cmake
[0.682s] -- Up-to-date symlink: /home/bxi_nx/ht_ws/install/fast_livo/share/fast_livo/cmake/fast_livoConfig.cmake
[0.682s] -- Up-to-date symlink: /home/bxi_nx/ht_ws/install/fast_livo/share/fast_livo/cmake/fast_livoConfig-version.cmake
[0.682s] -- Up-to-date symlink: /home/bxi_nx/ht_ws/install/fast_livo/share/fast_livo/package.xml
[0.693s] Invoked command in '/home/bxi_nx/ht_ws/build/fast_livo' returned '0': CMAKE_PREFIX_PATH=/home/bxi_nx/ht_ws/install/vikit_ros:/home/bxi_nx/ht_ws/install/my_nav2_bringup:/opt/ros/humble:/home/bxi_nx/ht_ws/install/vikit_common:/home/bxi_nx/ht_ws/install/realsense2_description:/home/bxi_nx/ht_ws/install/realsense2_camera:/home/bxi_nx/ht_ws/install/realsense2_camera_msgs:/home/bxi_nx/ht_ws/install/octomap_server2:/home/bxi_nx/ht_ws/install/ht_package:/home/bxi_nx/ht_ws/install/fishbot_navigation2:/home/bxi_nx/ht_ws/install/fast_livo:/home/bxi_nx/ws_livox/install/localizer:/home/bxi_nx/ws_livox/install/fastlio2:/home/bxi_nx/ws_livox/install/livox_ros_driver2:/home/bxi_nx/ws_livox/install/interface:/home/bxi_nx/ws_livox/install/communication LD_LIBRARY_PATH=/home/bxi_nx/ht_ws/install/vikit_ros/lib:/home/bxi_nx/ht_ws/install/vikit_common/lib:/home/bxi_nx/ht_ws/install/realsense2_camera/lib:/home/bxi_nx/ht_ws/install/realsense2_camera_msgs/lib:/home/bxi_nx/ht_ws/install/octomap_server2/lib:/home/bxi_nx/ht_ws/install/livox_sdk2/lib:/home/bxi_nx/gtsam/build/gtsam/libgtsam.so.4:/usr/local/cuda-12.6/lib64:/home/bxi_nx/ws_livox/install/livox_ros_driver2/lib:/home/bxi_nx/ws_livox/install/interface/lib:/home/bxi_nx/ws_livox/install/communication/lib:/opt/ros/humble/opt/rviz_ogre_vendor/lib:/opt/ros/humble/lib/aarch64-linux-gnu:/opt/ros/humble/lib:/home/bxi_nx/gtsam/build/gtsam/libgtsam.so.4:/usr/local/cuda-12.6/lib64 /usr/bin/cmake --install /home/bxi_nx/ht_ws/build/fast_livo
