[1.858s] Invoking command in '/home/bxi_nx/ht_ws/src/my_nav2_bringup': PYTHONPATH=/home/bxi_nx/ht_ws/build/my_nav2_bringup/prefix_override:/usr/lib/python3/dist-packages/colcon_core/task/python/colcon_distutils_commands:/home/bxi_nx/ht_ws/install/my_nav2_bringup/lib/python3.10/site-packages:${PYTHONPATH} /usr/bin/python3 -W ignore:setup.py install is deprecated -W ignore:easy_install command is deprecated setup.py egg_info --egg-base ../../build/my_nav2_bringup build --build-base /home/bxi_nx/ht_ws/build/my_nav2_bringup/build install --record /home/bxi_nx/ht_ws/build/my_nav2_bringup/install.log --single-version-externally-managed install_data
[2.389s] running egg_info
[2.391s] writing ../../build/my_nav2_bringup/my_nav2_bringup.egg-info/PKG-INFO
[2.392s] writing dependency_links to ../../build/my_nav2_bringup/my_nav2_bringup.egg-info/dependency_links.txt
[2.393s] writing entry points to ../../build/my_nav2_bringup/my_nav2_bringup.egg-info/entry_points.txt
[2.394s] writing requirements to ../../build/my_nav2_bringup/my_nav2_bringup.egg-info/requires.txt
[2.394s] writing top-level names to ../../build/my_nav2_bringup/my_nav2_bringup.egg-info/top_level.txt
[2.396s] reading manifest file '../../build/my_nav2_bringup/my_nav2_bringup.egg-info/SOURCES.txt'
[2.397s] writing manifest file '../../build/my_nav2_bringup/my_nav2_bringup.egg-info/SOURCES.txt'
[2.397s] running build
[2.397s] running build_py
[2.398s] running install
[2.399s] running install_lib
[2.404s] running install_data
[2.405s] copying launch/my_navigation_launch.py -> /home/bxi_nx/ht_ws/install/my_nav2_bringup/share/my_nav2_bringup/launch
[2.405s] running install_egg_info
[2.408s] removing '/home/bxi_nx/ht_ws/install/my_nav2_bringup/lib/python3.10/site-packages/my_nav2_bringup-0.0.0-py3.10.egg-info' (and everything under it)
[2.409s] Copying ../../build/my_nav2_bringup/my_nav2_bringup.egg-info to /home/bxi_nx/ht_ws/install/my_nav2_bringup/lib/python3.10/site-packages/my_nav2_bringup-0.0.0-py3.10.egg-info
[2.411s] running install_scripts
[2.459s] writing list of installed files to '/home/bxi_nx/ht_ws/build/my_nav2_bringup/install.log'
[2.558s] Invoked command in '/home/bxi_nx/ht_ws/src/my_nav2_bringup' returned '0': PYTHONPATH=/home/bxi_nx/ht_ws/build/my_nav2_bringup/prefix_override:/usr/lib/python3/dist-packages/colcon_core/task/python/colcon_distutils_commands:/home/bxi_nx/ht_ws/install/my_nav2_bringup/lib/python3.10/site-packages:${PYTHONPATH} /usr/bin/python3 -W ignore:setup.py install is deprecated -W ignore:easy_install command is deprecated setup.py egg_info --egg-base ../../build/my_nav2_bringup build --build-base /home/bxi_nx/ht_ws/build/my_nav2_bringup/build install --record /home/bxi_nx/ht_ws/build/my_nav2_bringup/install.log --single-version-externally-managed install_data
