[0.020s] Invoking command in '/home/bxi_nx/ht_ws/build/realsense2_description': AMENT_PREFIX_PATH=/home/bxi_nx/ht_ws/install/realsense2_camera_msgs:${AMENT_PREFIX_PATH} CMAKE_PREFIX_PATH=/home/bxi_nx/ht_ws/install/realsense2_camera_msgs:/home/bxi_nx/ws_livox/install/localizer:/home/bxi_nx/ws_livox/install/fastlio2:/home/bxi_nx/ws_livox/install/livox_ros_driver2:/home/bxi_nx/ws_livox/install/interface:/home/bxi_nx/ws_livox/install/communication:/opt/ros/humble LD_LIBRARY_PATH=/home/bxi_nx/ht_ws/install/realsense2_camera_msgs/lib:/home/bxi_nx/gtsam/build/gtsam/libgtsam.so.4:/usr/local/cuda-12.6/lib64:/home/bxi_nx/ws_livox/install/livox_ros_driver2/lib:/home/bxi_nx/ws_livox/install/interface/lib:/home/bxi_nx/ws_livox/install/communication/lib:/home/bxi_nx/gtsam/build/gtsam/libgtsam.so.4:/opt/ros/humble/opt/rviz_ogre_vendor/lib:/opt/ros/humble/lib/aarch64-linux-gnu:/opt/ros/humble/lib:/usr/local/cuda-12.6/lib64 PYTHONPATH=/home/bxi_nx/ht_ws/install/realsense2_camera_msgs/local/lib/python3.10/dist-packages:${PYTHONPATH} /usr/bin/cmake /home/bxi_nx/ht_ws/src/realsense-ros/realsense2_description -DCMAKE_INSTALL_PREFIX=/home/bxi_nx/ht_ws/install/realsense2_description
[0.102s] -- The C compiler identification is GNU 11.4.0
[0.187s] -- The CXX compiler identification is GNU 11.4.0
[0.199s] -- Detecting C compiler ABI info
[0.308s] -- Detecting C compiler ABI info - done
[0.317s] -- Check for working C compiler: /usr/bin/cc - skipped
[0.317s] -- Detecting C compile features
[0.318s] -- Detecting C compile features - done
[0.322s] -- Detecting CXX compiler ABI info
[0.448s] -- Detecting CXX compiler ABI info - done
[0.458s] -- Check for working CXX compiler: /usr/bin/c++ - skipped
[0.458s] -- Detecting CXX compile features
[0.459s] -- Detecting CXX compile features - done
[0.463s] -- Found ament_cmake: 1.3.12 (/opt/ros/humble/share/ament_cmake/cmake)
[0.739s] -- Found Python3: /usr/bin/python3 (found version "3.10.12") found components: Interpreter 
[1.059s] -- Configuring done
[1.063s] -- Generating done
[1.066s] -- Build files have been written to: /home/bxi_nx/ht_ws/build/realsense2_description
[1.075s] Invoked command in '/home/bxi_nx/ht_ws/build/realsense2_description' returned '0': AMENT_PREFIX_PATH=/home/bxi_nx/ht_ws/install/realsense2_camera_msgs:${AMENT_PREFIX_PATH} CMAKE_PREFIX_PATH=/home/bxi_nx/ht_ws/install/realsense2_camera_msgs:/home/bxi_nx/ws_livox/install/localizer:/home/bxi_nx/ws_livox/install/fastlio2:/home/bxi_nx/ws_livox/install/livox_ros_driver2:/home/bxi_nx/ws_livox/install/interface:/home/bxi_nx/ws_livox/install/communication:/opt/ros/humble LD_LIBRARY_PATH=/home/bxi_nx/ht_ws/install/realsense2_camera_msgs/lib:/home/bxi_nx/gtsam/build/gtsam/libgtsam.so.4:/usr/local/cuda-12.6/lib64:/home/bxi_nx/ws_livox/install/livox_ros_driver2/lib:/home/bxi_nx/ws_livox/install/interface/lib:/home/bxi_nx/ws_livox/install/communication/lib:/home/bxi_nx/gtsam/build/gtsam/libgtsam.so.4:/opt/ros/humble/opt/rviz_ogre_vendor/lib:/opt/ros/humble/lib/aarch64-linux-gnu:/opt/ros/humble/lib:/usr/local/cuda-12.6/lib64 PYTHONPATH=/home/bxi_nx/ht_ws/install/realsense2_camera_msgs/local/lib/python3.10/dist-packages:${PYTHONPATH} /usr/bin/cmake /home/bxi_nx/ht_ws/src/realsense-ros/realsense2_description -DCMAKE_INSTALL_PREFIX=/home/bxi_nx/ht_ws/install/realsense2_description
[1.078s] Invoking command in '/home/bxi_nx/ht_ws/build/realsense2_description': AMENT_PREFIX_PATH=/home/bxi_nx/ht_ws/install/realsense2_camera_msgs:${AMENT_PREFIX_PATH} CMAKE_PREFIX_PATH=/home/bxi_nx/ht_ws/install/realsense2_camera_msgs:/home/bxi_nx/ws_livox/install/localizer:/home/bxi_nx/ws_livox/install/fastlio2:/home/bxi_nx/ws_livox/install/livox_ros_driver2:/home/bxi_nx/ws_livox/install/interface:/home/bxi_nx/ws_livox/install/communication:/opt/ros/humble LD_LIBRARY_PATH=/home/bxi_nx/ht_ws/install/realsense2_camera_msgs/lib:/home/bxi_nx/gtsam/build/gtsam/libgtsam.so.4:/usr/local/cuda-12.6/lib64:/home/bxi_nx/ws_livox/install/livox_ros_driver2/lib:/home/bxi_nx/ws_livox/install/interface/lib:/home/bxi_nx/ws_livox/install/communication/lib:/home/bxi_nx/gtsam/build/gtsam/libgtsam.so.4:/opt/ros/humble/opt/rviz_ogre_vendor/lib:/opt/ros/humble/lib/aarch64-linux-gnu:/opt/ros/humble/lib:/usr/local/cuda-12.6/lib64 PYTHONPATH=/home/bxi_nx/ht_ws/install/realsense2_camera_msgs/local/lib/python3.10/dist-packages:${PYTHONPATH} /usr/bin/cmake --build /home/bxi_nx/ht_ws/build/realsense2_description -- -j8 -l8
[1.149s] Invoked command in '/home/bxi_nx/ht_ws/build/realsense2_description' returned '0': AMENT_PREFIX_PATH=/home/bxi_nx/ht_ws/install/realsense2_camera_msgs:${AMENT_PREFIX_PATH} CMAKE_PREFIX_PATH=/home/bxi_nx/ht_ws/install/realsense2_camera_msgs:/home/bxi_nx/ws_livox/install/localizer:/home/bxi_nx/ws_livox/install/fastlio2:/home/bxi_nx/ws_livox/install/livox_ros_driver2:/home/bxi_nx/ws_livox/install/interface:/home/bxi_nx/ws_livox/install/communication:/opt/ros/humble LD_LIBRARY_PATH=/home/bxi_nx/ht_ws/install/realsense2_camera_msgs/lib:/home/bxi_nx/gtsam/build/gtsam/libgtsam.so.4:/usr/local/cuda-12.6/lib64:/home/bxi_nx/ws_livox/install/livox_ros_driver2/lib:/home/bxi_nx/ws_livox/install/interface/lib:/home/bxi_nx/ws_livox/install/communication/lib:/home/bxi_nx/gtsam/build/gtsam/libgtsam.so.4:/opt/ros/humble/opt/rviz_ogre_vendor/lib:/opt/ros/humble/lib/aarch64-linux-gnu:/opt/ros/humble/lib:/usr/local/cuda-12.6/lib64 PYTHONPATH=/home/bxi_nx/ht_ws/install/realsense2_camera_msgs/local/lib/python3.10/dist-packages:${PYTHONPATH} /usr/bin/cmake --build /home/bxi_nx/ht_ws/build/realsense2_description -- -j8 -l8
[1.151s] Invoking command in '/home/bxi_nx/ht_ws/build/realsense2_description': AMENT_PREFIX_PATH=/home/bxi_nx/ht_ws/install/realsense2_camera_msgs:${AMENT_PREFIX_PATH} CMAKE_PREFIX_PATH=/home/bxi_nx/ht_ws/install/realsense2_camera_msgs:/home/bxi_nx/ws_livox/install/localizer:/home/bxi_nx/ws_livox/install/fastlio2:/home/bxi_nx/ws_livox/install/livox_ros_driver2:/home/bxi_nx/ws_livox/install/interface:/home/bxi_nx/ws_livox/install/communication:/opt/ros/humble LD_LIBRARY_PATH=/home/bxi_nx/ht_ws/install/realsense2_camera_msgs/lib:/home/bxi_nx/gtsam/build/gtsam/libgtsam.so.4:/usr/local/cuda-12.6/lib64:/home/bxi_nx/ws_livox/install/livox_ros_driver2/lib:/home/bxi_nx/ws_livox/install/interface/lib:/home/bxi_nx/ws_livox/install/communication/lib:/home/bxi_nx/gtsam/build/gtsam/libgtsam.so.4:/opt/ros/humble/opt/rviz_ogre_vendor/lib:/opt/ros/humble/lib/aarch64-linux-gnu:/opt/ros/humble/lib:/usr/local/cuda-12.6/lib64 PYTHONPATH=/home/bxi_nx/ht_ws/install/realsense2_camera_msgs/local/lib/python3.10/dist-packages:${PYTHONPATH} /usr/bin/cmake --install /home/bxi_nx/ht_ws/build/realsense2_description
[1.167s] -- Install configuration: ""
[1.168s] -- Installing: /home/bxi_nx/ht_ws/install/realsense2_description/share/realsense2_description/launch
[1.168s] -- Installing: /home/bxi_nx/ht_ws/install/realsense2_description/share/realsense2_description/launch/view_model.launch.py
[1.168s] -- Installing: /home/bxi_nx/ht_ws/install/realsense2_description/share/realsense2_description/launch/launch_utils.py
[1.168s] -- Installing: /home/bxi_nx/ht_ws/install/realsense2_description/share/realsense2_description/meshes
[1.168s] -- Installing: /home/bxi_nx/ht_ws/install/realsense2_description/share/realsense2_description/meshes/plug.stl
[1.169s] -- Installing: /home/bxi_nx/ht_ws/install/realsense2_description/share/realsense2_description/meshes/plug_collision.stl
[1.170s] -- Installing: /home/bxi_nx/ht_ws/install/realsense2_description/share/realsense2_description/meshes/d435.dae
[1.199s] -- Installing: /home/bxi_nx/ht_ws/install/realsense2_description/share/realsense2_description/meshes/l515.dae
[1.251s] -- Installing: /home/bxi_nx/ht_ws/install/realsense2_description/share/realsense2_description/meshes/d455.stl
[1.255s] -- Installing: /home/bxi_nx/ht_ws/install/realsense2_description/share/realsense2_description/meshes/d415.stl
[1.288s] -- Installing: /home/bxi_nx/ht_ws/install/realsense2_description/share/realsense2_description/rviz
[1.289s] -- Installing: /home/bxi_nx/ht_ws/install/realsense2_description/share/realsense2_description/rviz/urdf.rviz
[1.289s] -- Installing: /home/bxi_nx/ht_ws/install/realsense2_description/share/realsense2_description/urdf
[1.289s] -- Installing: /home/bxi_nx/ht_ws/install/realsense2_description/share/realsense2_description/urdf/_d435i_imu_modules.urdf.xacro
[1.289s] -- Installing: /home/bxi_nx/ht_ws/install/realsense2_description/share/realsense2_description/urdf/test_d435i_camera.urdf.xacro
[1.289s] -- Installing: /home/bxi_nx/ht_ws/install/realsense2_description/share/realsense2_description/urdf/_usb_plug.urdf.xacro
[1.289s] -- Installing: /home/bxi_nx/ht_ws/install/realsense2_description/share/realsense2_description/urdf/test_d435_multiple_cameras.urdf.xacro
[1.290s] -- Installing: /home/bxi_nx/ht_ws/install/realsense2_description/share/realsense2_description/urdf/test_r430_camera.urdf.xacro
[1.290s] -- Installing: /home/bxi_nx/ht_ws/install/realsense2_description/share/realsense2_description/urdf/test_l515_camera.urdf.xacro
[1.290s] -- Installing: /home/bxi_nx/ht_ws/install/realsense2_description/share/realsense2_description/urdf/_d435i.urdf.xacro
[1.290s] -- Installing: /home/bxi_nx/ht_ws/install/realsense2_description/share/realsense2_description/urdf/_r410.urdf.xacro
[1.290s] -- Installing: /home/bxi_nx/ht_ws/install/realsense2_description/share/realsense2_description/urdf/_r430.urdf.xacro
[1.290s] -- Installing: /home/bxi_nx/ht_ws/install/realsense2_description/share/realsense2_description/urdf/_d435.urdf.xacro
[1.290s] -- Installing: /home/bxi_nx/ht_ws/install/realsense2_description/share/realsense2_description/urdf/test_d415_camera.urdf.xacro
[1.290s] -- Installing: /home/bxi_nx/ht_ws/install/realsense2_description/share/realsense2_description/urdf/_materials.urdf.xacro
[1.291s] -- Installing: /home/bxi_nx/ht_ws/install/realsense2_description/share/realsense2_description/urdf/test_d435_camera.urdf.xacro
[1.291s] -- Installing: /home/bxi_nx/ht_ws/install/realsense2_description/share/realsense2_description/urdf/test_d455_camera.urdf.xacro
[1.291s] -- Installing: /home/bxi_nx/ht_ws/install/realsense2_description/share/realsense2_description/urdf/test_r410_camera.urdf.xacro
[1.291s] -- Installing: /home/bxi_nx/ht_ws/install/realsense2_description/share/realsense2_description/urdf/_l515.urdf.xacro
[1.291s] -- Installing: /home/bxi_nx/ht_ws/install/realsense2_description/share/realsense2_description/urdf/_d455.urdf.xacro
[1.292s] -- Installing: /home/bxi_nx/ht_ws/install/realsense2_description/share/realsense2_description/urdf/_d415.urdf.xacro
[1.292s] -- Installing: /home/bxi_nx/ht_ws/install/realsense2_description/share/ament_index/resource_index/package_run_dependencies/realsense2_description
[1.292s] -- Installing: /home/bxi_nx/ht_ws/install/realsense2_description/share/ament_index/resource_index/parent_prefix_path/realsense2_description
[1.292s] -- Installing: /home/bxi_nx/ht_ws/install/realsense2_description/share/realsense2_description/environment/ament_prefix_path.sh
[1.292s] -- Installing: /home/bxi_nx/ht_ws/install/realsense2_description/share/realsense2_description/environment/ament_prefix_path.dsv
[1.293s] -- Installing: /home/bxi_nx/ht_ws/install/realsense2_description/share/realsense2_description/environment/path.sh
[1.293s] -- Installing: /home/bxi_nx/ht_ws/install/realsense2_description/share/realsense2_description/environment/path.dsv
[1.293s] -- Installing: /home/bxi_nx/ht_ws/install/realsense2_description/share/realsense2_description/local_setup.bash
[1.293s] -- Installing: /home/bxi_nx/ht_ws/install/realsense2_description/share/realsense2_description/local_setup.sh
[1.293s] -- Installing: /home/bxi_nx/ht_ws/install/realsense2_description/share/realsense2_description/local_setup.zsh
[1.294s] -- Installing: /home/bxi_nx/ht_ws/install/realsense2_description/share/realsense2_description/local_setup.dsv
[1.294s] -- Installing: /home/bxi_nx/ht_ws/install/realsense2_description/share/realsense2_description/package.dsv
[1.294s] -- Installing: /home/bxi_nx/ht_ws/install/realsense2_description/share/ament_index/resource_index/packages/realsense2_description
[1.294s] -- Installing: /home/bxi_nx/ht_ws/install/realsense2_description/share/realsense2_description/cmake/realsense2_descriptionConfig.cmake
[1.294s] -- Installing: /home/bxi_nx/ht_ws/install/realsense2_description/share/realsense2_description/cmake/realsense2_descriptionConfig-version.cmake
[1.295s] -- Installing: /home/bxi_nx/ht_ws/install/realsense2_description/share/realsense2_description/package.xml
[1.300s] Invoked command in '/home/bxi_nx/ht_ws/build/realsense2_description' returned '0': AMENT_PREFIX_PATH=/home/bxi_nx/ht_ws/install/realsense2_camera_msgs:${AMENT_PREFIX_PATH} CMAKE_PREFIX_PATH=/home/bxi_nx/ht_ws/install/realsense2_camera_msgs:/home/bxi_nx/ws_livox/install/localizer:/home/bxi_nx/ws_livox/install/fastlio2:/home/bxi_nx/ws_livox/install/livox_ros_driver2:/home/bxi_nx/ws_livox/install/interface:/home/bxi_nx/ws_livox/install/communication:/opt/ros/humble LD_LIBRARY_PATH=/home/bxi_nx/ht_ws/install/realsense2_camera_msgs/lib:/home/bxi_nx/gtsam/build/gtsam/libgtsam.so.4:/usr/local/cuda-12.6/lib64:/home/bxi_nx/ws_livox/install/livox_ros_driver2/lib:/home/bxi_nx/ws_livox/install/interface/lib:/home/bxi_nx/ws_livox/install/communication/lib:/home/bxi_nx/gtsam/build/gtsam/libgtsam.so.4:/opt/ros/humble/opt/rviz_ogre_vendor/lib:/opt/ros/humble/lib/aarch64-linux-gnu:/opt/ros/humble/lib:/usr/local/cuda-12.6/lib64 PYTHONPATH=/home/bxi_nx/ht_ws/install/realsense2_camera_msgs/local/lib/python3.10/dist-packages:${PYTHONPATH} /usr/bin/cmake --install /home/bxi_nx/ht_ws/build/realsense2_description
