[0.021s] Invoking command in '/home/bxi_nx/ht_ws/build/fast_livo': AMENT_PREFIX_PATH=/home/bxi_nx/ht_ws/install/vikit_ros:${AMENT_PREFIX_PATH} CMAKE_PREFIX_PATH=/home/bxi_nx/ht_ws/install/vikit_ros:/opt/ros/humble:/home/bxi_nx/ht_ws/install/vikit_common:${CMAKE_PREFIX_PATH} LD_LIBRARY_PATH=/home/bxi_nx/ht_ws/install/vikit_ros/lib:/home/bxi_nx/ht_ws/install/vikit_common/lib:/home/bxi_nx/gtsam/build/gtsam/libgtsam.so.4:/usr/local/cuda-12.6/lib64:/home/bxi_nx/ws_livox/install/livox_ros_driver2/lib:/home/bxi_nx/ws_livox/install/interface/lib:/home/bxi_nx/ws_livox/install/communication/lib:/home/bxi_nx/gtsam/build/gtsam/libgtsam.so.4:/opt/ros/humble/opt/rviz_ogre_vendor/lib:/opt/ros/humble/lib/aarch64-linux-gnu:/opt/ros/humble/lib:/usr/local/cuda-12.6/lib64 PKG_CONFIG_PATH=/home/bxi_nx/ht_ws/install/vikit_common/lib/aarch64-linux-gnu/pkgconfig:/home/bxi_nx/ht_ws/install/vikit_common/lib/pkgconfig ROS_PACKAGE_PATH=/home/bxi_nx/ht_ws/install/vikit_common/share /usr/bin/cmake --build /home/bxi_nx/ht_ws/build/fast_livo -- -j8 -l8
[0.105s] [35m[1mConsolidate compiler generated dependencies of target imu_proc[0m
[0.107s] [35m[1mConsolidate compiler generated dependencies of target laser_mapping[0m
[0.107s] [35m[1mConsolidate compiler generated dependencies of target vio[0m
[0.120s] [ 12%] Built target utils
[0.146s] [ 25%] Built target pre
[0.155s] [35m[1mConsolidate compiler generated dependencies of target lio[0m
[0.167s] [ 37%] Built target imu_proc
[0.178s] [ 62%] Built target vio
[0.180s] [ 75%] Built target laser_mapping
[0.204s] [ 87%] Built target lio
[0.236s] [35m[1mConsolidate compiler generated dependencies of target fastlivo_mapping[0m
[0.301s] [100%] Built target fastlivo_mapping
[0.353s] Invoked command in '/home/bxi_nx/ht_ws/build/fast_livo' returned '0': AMENT_PREFIX_PATH=/home/bxi_nx/ht_ws/install/vikit_ros:${AMENT_PREFIX_PATH} CMAKE_PREFIX_PATH=/home/bxi_nx/ht_ws/install/vikit_ros:/opt/ros/humble:/home/bxi_nx/ht_ws/install/vikit_common:${CMAKE_PREFIX_PATH} LD_LIBRARY_PATH=/home/bxi_nx/ht_ws/install/vikit_ros/lib:/home/bxi_nx/ht_ws/install/vikit_common/lib:/home/bxi_nx/gtsam/build/gtsam/libgtsam.so.4:/usr/local/cuda-12.6/lib64:/home/bxi_nx/ws_livox/install/livox_ros_driver2/lib:/home/bxi_nx/ws_livox/install/interface/lib:/home/bxi_nx/ws_livox/install/communication/lib:/home/bxi_nx/gtsam/build/gtsam/libgtsam.so.4:/opt/ros/humble/opt/rviz_ogre_vendor/lib:/opt/ros/humble/lib/aarch64-linux-gnu:/opt/ros/humble/lib:/usr/local/cuda-12.6/lib64 PKG_CONFIG_PATH=/home/bxi_nx/ht_ws/install/vikit_common/lib/aarch64-linux-gnu/pkgconfig:/home/bxi_nx/ht_ws/install/vikit_common/lib/pkgconfig ROS_PACKAGE_PATH=/home/bxi_nx/ht_ws/install/vikit_common/share /usr/bin/cmake --build /home/bxi_nx/ht_ws/build/fast_livo -- -j8 -l8
[0.358s] Invoking command in '/home/bxi_nx/ht_ws/build/fast_livo': AMENT_PREFIX_PATH=/home/bxi_nx/ht_ws/install/vikit_ros:${AMENT_PREFIX_PATH} CMAKE_PREFIX_PATH=/home/bxi_nx/ht_ws/install/vikit_ros:/opt/ros/humble:/home/bxi_nx/ht_ws/install/vikit_common:${CMAKE_PREFIX_PATH} LD_LIBRARY_PATH=/home/bxi_nx/ht_ws/install/vikit_ros/lib:/home/bxi_nx/ht_ws/install/vikit_common/lib:/home/bxi_nx/gtsam/build/gtsam/libgtsam.so.4:/usr/local/cuda-12.6/lib64:/home/bxi_nx/ws_livox/install/livox_ros_driver2/lib:/home/bxi_nx/ws_livox/install/interface/lib:/home/bxi_nx/ws_livox/install/communication/lib:/home/bxi_nx/gtsam/build/gtsam/libgtsam.so.4:/opt/ros/humble/opt/rviz_ogre_vendor/lib:/opt/ros/humble/lib/aarch64-linux-gnu:/opt/ros/humble/lib:/usr/local/cuda-12.6/lib64 PKG_CONFIG_PATH=/home/bxi_nx/ht_ws/install/vikit_common/lib/aarch64-linux-gnu/pkgconfig:/home/bxi_nx/ht_ws/install/vikit_common/lib/pkgconfig ROS_PACKAGE_PATH=/home/bxi_nx/ht_ws/install/vikit_common/share /usr/bin/cmake --install /home/bxi_nx/ht_ws/build/fast_livo
[0.375s] -- Install configuration: "Release"
[0.375s] -- Execute custom install script
[0.375s] -- Up-to-date symlink: /home/bxi_nx/ht_ws/install/fast_livo/lib/fast_livo/fastlivo_mapping
[0.376s] -- Up-to-date symlink: /home/bxi_nx/ht_ws/install/fast_livo/share/fast_livo/config/HILTI22.yaml
[0.376s] -- Up-to-date symlink: /home/bxi_nx/ht_ws/install/fast_livo/share/fast_livo/config/MARS_LVIG.yaml
[0.377s] -- Up-to-date symlink: /home/bxi_nx/ht_ws/install/fast_livo/share/fast_livo/config/NTU_VIRAL.yaml
[0.377s] -- Up-to-date symlink: /home/bxi_nx/ht_ws/install/fast_livo/share/fast_livo/config/avia.yaml
[0.377s] -- Up-to-date symlink: /home/bxi_nx/ht_ws/install/fast_livo/share/fast_livo/config/camera_MARS_LVIG.yaml
[0.377s] -- Up-to-date symlink: /home/bxi_nx/ht_ws/install/fast_livo/share/fast_livo/config/camera_NTU_VIRAL.yaml
[0.378s] -- Up-to-date symlink: /home/bxi_nx/ht_ws/install/fast_livo/share/fast_livo/config/camera_fisheye_HILTI22.yaml
[0.378s] -- Up-to-date symlink: /home/bxi_nx/ht_ws/install/fast_livo/share/fast_livo/config/camera_pinhole.yaml
[0.378s] -- Up-to-date symlink: /home/bxi_nx/ht_ws/install/fast_livo/share/fast_livo/launch/mapping_avia_marslvig.launch.py
[0.378s] -- Up-to-date symlink: /home/bxi_nx/ht_ws/install/fast_livo/share/fast_livo/launch/mapping_aviz.launch.py
[0.378s] -- Up-to-date symlink: /home/bxi_nx/ht_ws/install/fast_livo/share/fast_livo/launch/mapping_hesaixt32_hilti22.launch
[0.379s] -- Up-to-date symlink: /home/bxi_nx/ht_ws/install/fast_livo/share/fast_livo/launch/mapping_ouster_ntu.launch.py
[0.379s] -- Up-to-date symlink: /home/bxi_nx/ht_ws/install/fast_livo/share/fast_livo/rviz_cfg/M300.rviz
[0.379s] -- Up-to-date symlink: /home/bxi_nx/ht_ws/install/fast_livo/share/fast_livo/rviz_cfg/fast_livo2.rviz
[0.379s] -- Up-to-date symlink: /home/bxi_nx/ht_ws/install/fast_livo/share/fast_livo/rviz_cfg/hilti.rviz
[0.379s] -- Up-to-date symlink: /home/bxi_nx/ht_ws/install/fast_livo/share/fast_livo/rviz_cfg/ntu_viral.rviz
[0.380s] -- Up-to-date symlink: /home/bxi_nx/ht_ws/install/fast_livo/share/ament_index/resource_index/package_run_dependencies/fast_livo
[0.380s] -- Up-to-date symlink: /home/bxi_nx/ht_ws/install/fast_livo/share/ament_index/resource_index/parent_prefix_path/fast_livo
[0.380s] -- Up-to-date symlink: /home/bxi_nx/ht_ws/install/fast_livo/share/fast_livo/environment/ament_prefix_path.sh
[0.381s] -- Up-to-date symlink: /home/bxi_nx/ht_ws/install/fast_livo/share/fast_livo/environment/ament_prefix_path.dsv
[0.381s] -- Up-to-date symlink: /home/bxi_nx/ht_ws/install/fast_livo/share/fast_livo/environment/path.sh
[0.381s] -- Up-to-date symlink: /home/bxi_nx/ht_ws/install/fast_livo/share/fast_livo/environment/path.dsv
[0.382s] -- Up-to-date symlink: /home/bxi_nx/ht_ws/install/fast_livo/share/fast_livo/local_setup.bash
[0.382s] -- Up-to-date symlink: /home/bxi_nx/ht_ws/install/fast_livo/share/fast_livo/local_setup.sh
[0.382s] -- Up-to-date symlink: /home/bxi_nx/ht_ws/install/fast_livo/share/fast_livo/local_setup.zsh
[0.382s] -- Up-to-date symlink: /home/bxi_nx/ht_ws/install/fast_livo/share/fast_livo/local_setup.dsv
[0.385s] -- Symlinking: /home/bxi_nx/ht_ws/install/fast_livo/share/fast_livo/package.dsv
[0.400s] -- Up-to-date symlink: /home/bxi_nx/ht_ws/install/fast_livo/share/ament_index/resource_index/packages/fast_livo
[0.400s] -- Up-to-date symlink: /home/bxi_nx/ht_ws/install/fast_livo/share/fast_livo/cmake/ament_cmake_export_dependencies-extras.cmake
[0.400s] -- Up-to-date symlink: /home/bxi_nx/ht_ws/install/fast_livo/share/fast_livo/cmake/fast_livoConfig.cmake
[0.401s] -- Up-to-date symlink: /home/bxi_nx/ht_ws/install/fast_livo/share/fast_livo/cmake/fast_livoConfig-version.cmake
[0.401s] -- Up-to-date symlink: /home/bxi_nx/ht_ws/install/fast_livo/share/fast_livo/package.xml
[0.406s] Invoked command in '/home/bxi_nx/ht_ws/build/fast_livo' returned '0': AMENT_PREFIX_PATH=/home/bxi_nx/ht_ws/install/vikit_ros:${AMENT_PREFIX_PATH} CMAKE_PREFIX_PATH=/home/bxi_nx/ht_ws/install/vikit_ros:/opt/ros/humble:/home/bxi_nx/ht_ws/install/vikit_common:${CMAKE_PREFIX_PATH} LD_LIBRARY_PATH=/home/bxi_nx/ht_ws/install/vikit_ros/lib:/home/bxi_nx/ht_ws/install/vikit_common/lib:/home/bxi_nx/gtsam/build/gtsam/libgtsam.so.4:/usr/local/cuda-12.6/lib64:/home/bxi_nx/ws_livox/install/livox_ros_driver2/lib:/home/bxi_nx/ws_livox/install/interface/lib:/home/bxi_nx/ws_livox/install/communication/lib:/home/bxi_nx/gtsam/build/gtsam/libgtsam.so.4:/opt/ros/humble/opt/rviz_ogre_vendor/lib:/opt/ros/humble/lib/aarch64-linux-gnu:/opt/ros/humble/lib:/usr/local/cuda-12.6/lib64 PKG_CONFIG_PATH=/home/bxi_nx/ht_ws/install/vikit_common/lib/aarch64-linux-gnu/pkgconfig:/home/bxi_nx/ht_ws/install/vikit_common/lib/pkgconfig ROS_PACKAGE_PATH=/home/bxi_nx/ht_ws/install/vikit_common/share /usr/bin/cmake --install /home/bxi_nx/ht_ws/build/fast_livo
